

 __    __                 _       ____________ ______ 
|  \  /  |               | |     /       /    |      |
|   \/   | ___  _ __   __| | ___/   ____/   __|  |==='
|        |/ _ \| '_ \ / _  |/ _ \____  \   (__|  ____|
|  |\/|  | (_) | | | | (_| | (_) )     /\     |  |    
|__|  |__|\___/|_| |_|\____|\___/_____/  \____|__|    

 Version 1.0 alpha 4                                  
 A program suite for O(N) SCF theory and ab initio MD 
 Matt Challacombe, Eric Schwegler, C.J. Tymczak,      
 Chee Kwan Gan, Karoly Nemeth and Anders Niklasson    
 Los Alamos National Laboratory (LA-CC 01-2)          
 Copywrite 2001, University of California.            

 Compiled for AMDLinux.PG, executing on magnesium
 a i686 machine running Linux 2.4.18-5smp

Water Cluster Scaling                                                                                                           
  
<<Starting MondoSCF 08/19/02 @ 19:56:02>>
 ** Auto-Wraps at default value => (Off) **
 ** Atom-Wrap at default value => (AtomWrap-Off) **
 ** Lattice Vector Format at default value => (Vector Format) **
 ** Coodinate Format at default value => (Atomic Coord) **
========================================================================
 Internal representation of the geometry:
 Geometry originally in Angstroms has been converted to AU.
 Geometry has been reordered using the Hilbert curve.
 Number of electrons = 300
------------------------------------------------------------------------
  *** Periodic is Off *** 
------------------------------------------------------------------------
 1   h    -.33166581D+01   -.65777582D+01   -.59919432D+01
 2   h    -.46946463D+01   -.46902999D+01   -.76422409D+01
 3   o    -.35611886D+01   -.48023607D+01   -.62370406D+01
 4   h    -.59316609D+01   0.14265541D+01   -.62136080D+01
 5   o    -.51020712D+01   0.19057887D+01   -.95958396D+01
 6   h    -.48233366D+01   0.19740078D+01   -.11381820D+02
 7   h    -.16688170D+01   -.31787081D+01   -.89406716D+01
 8   h    -.14524434D+01   -.12474081D+01   -.11040346D+02
 9   o    -.51872978D+00   -.19974404D+01   -.96848457D+01
 10   h    0.30258293D+01   0.14305226D+00   -.10601552D+02
 11   o    0.36517065D+01   0.18330342D+01   -.10756887D+02
 12   h    0.23927710D+01   -.64511466D+01   -.47175120D+01
 13   h    0.59167321D+00   -.41745937D+01   -.15172610D+01
 14   o    0.21866019D+01   -.46738593D+01   -.44520055D+01
 15   h    0.95450060D+00   -.41721370D+01   -.56778707D+01
 16   o    -.59991241D+01   0.20286208D+01   -.45092642D+01
 17   h    -.53857191D+01   0.64723115D+00   -.35156462D+01
 18   h    -.37679246D+01   -.29508071D+01   -.16272430D+01
 19   o    -.52655325D+01   -.20152038D+01   -.12353139D+01
 20   o    -.43728259D+01   -.41403896D+01   0.43236931D+01
 21   h    -.49130986D+01   -.49217913D+01   0.27845112D+01
 22   o    -.12177394D+01   -.90697399D+01   0.15321898D+01
 23   h    -.27875348D+01   -.89418054D+01   0.24216839D+01
 24   h    -.88287998D+00   -.73871279D+01   0.95903594D+00
 25   o    -.58127971D+00   -.40457144D+01   -.14626479D+00
 26   h    0.44841308D+01   -.36449035D+01   0.61771363D+01
 27   h    -.65371291D+01   0.10433177D+01   0.76091707D+01
 28   o    -.50499148D+01   0.14804113D+01   0.66769688D+01
 29   o    0.22164596D+01   -.13961296D+01   0.36740053D+01
 30   h    0.19503862D+01   -.36433917D+00   0.51357083D+01
 31   h    0.28963830D+01   -.26437267D+00   0.24375576D+01
 32   h    0.31822986D+00   -.31418584D+01   0.11366702D+01
 33   h    -.47112759D+01   -.73207985D+00   -.87116368D-01
 34   h    -.47471807D+01   -.23852121D+01   0.40971149D+01
 35   o    -.42745602D+01   0.21557994D+01   0.15958736D+01
 36   h    -.28361008D+01   0.32482500D+01   0.15008204D+01
 37   h    -.48654775D+01   0.23309770D+01   0.32964380D+01
 38   h    -.46812292D+01   0.31781412D+01   0.71811477D+01
 39   h    -.16599353D+01   0.68134071D+01   0.68666973D+01
 40   h    0.50172225D+00   0.13400992D+02   0.11657720D+01
 41   o    0.65762464D+00   0.11618980D+02   0.89837573D+00
 42   h    0.40186913D+01   0.10539758D+02   0.14462073D+01
 43   h    0.22827890D+00   0.87040779D+01   0.58449225D+01
 44   o    -.15798109D+00   0.69371841D+01   0.58664654D+01
 45   h    0.27446380D+01   0.46109314D+01   0.75307470D+01
 46   o    0.36182584D+01   0.30294197D+01   0.76171075D+01
 47   h    -.33977273D+00   0.56298717D+01   0.27068435D+01
 48   o    -.29744287D+00   0.54800164D+01   0.90480080D+00
 49   h    0.14503647D+01   0.52307615D+01   0.51135985D+00
 50   h    0.29423034D+00   0.47483145D+01   -.51727469D+01
 51   h    0.24364237D+01   0.29045088D+01   -.56145649D+01
 52   h    -.69919862D-02   0.11349694D+02   -.76231546D+00
 53   h    -.31511181D+01   0.12067790D+02   -.46882212D+01
 54   o    -.19878028D+01   0.11107809D+02   -.36895010D+01
 55   h    -.25930820D+01   0.94066780D+01   -.37979713D+01
 56   h    -.47895105D+01   0.62948662D+01   -.97245299D+00
 57   o    -.64468002D+01   0.62789925D+01   -.16969739D+01
 58   h    -.64239345D+01   0.48864535D+01   -.28512186D+01
 59   h    -.38979378D+01   0.30651356D+01   -.89043889D+01
 60   h    0.46594974D+01   0.96963730D+01   -.63020472D+01
 61   h    0.41029731D+01   0.68905079D+01   -.63332277D+01
 62   o    0.16436837D+01   0.43709362D+01   -.63165981D+01
 63   h    0.29931370D+01   0.26955052D+01   -.93097351D+01
 64   o    0.54032935D+01   0.80948302D+01   -.66937874D+01
 65   h    0.91266206D+01   0.71391958D+01   -.14082238D+01
 66   h    0.52203680D+01   0.24379355D+01   -.82883382D+00
 67   o    0.47054177D+01   0.29551535D+01   0.82618820D+00
 68   h    0.60713117D+01   0.39773063D+01   0.14273100D+01
 69   o    0.85547896D+01   0.71265346D+01   0.30783636D+00
 70   h    0.99522419D+01   0.64647526D+01   0.12466522D+01
 71   h    0.91018652D+01   0.25369571D+01   0.46143329D+01
 72   o    0.81016333D+01   0.40241715D+01   0.48584855D+01
 73   h    0.92976408D+01   0.53074844D+01   0.52997365D+01
 74   h    0.50504817D+01   0.32427698D+01   0.65331607D+01
 75   o    0.53717351D+01   0.10412201D+02   0.26399472D+01
 76   h    0.67119288D+01   0.96153038D+01   0.17228632D+01
 77   h    0.11771859D+02   -.12196292D+01   0.43461808D+01
 78   o    0.10388769D+02   -.68294697D+00   0.53809948D+01
 79   h    0.52687450D+01   -.33389568D+01   0.33637123D+00
 80   h    0.53339406D+01   -.31832434D+01   0.88696179D+01
 81   h    0.10878775D+02   -.11338356D+01   0.70628509D+01
 82   o    0.54768039D+01   -.43645111D+01   0.75071255D+01
 83   h    0.77558134D+01   -.20507306D+01   -.24642027D+00
 84   o    0.62415760D+01   -.26577106D+01   -.10280109D+01
 85   h    0.50455684D+01   -.55368971D+00   -.35557084D+01
 86   o    0.49217913D+01   0.94032765D+00   -.45680346D+01
 87   h    0.63685656D+01   -.47666448D+01   -.92086347D+01
 88   h    0.59579281D+01   0.59790930D+00   -.60104625D+01
 89   h    0.52604302D+01   -.34349549D+01   -.69318929D+01
 90   o    0.63829275D+01   -.31864560D+01   -.83284004D+01
========================================================================
 ParseGeometry        :: Allocs=14,  DeAllocs=14, 0 bytes are presently allocated.
                         A max of 11928 bytes were allocated.
 Base(1)%BName   = 6-31Gss
 Opening BasFile = /scratch/mchalla/MONDO1/BasisSets/6-31Gss.bas
 ParseBaseSets        :: Allocs=65,  DeAllocs=64, 720 bytes are presently allocated.
                         A max of 50032 bytes were allocated.
 Current HDF file :: /n/scratch/mchalla/MagnesiumScratch1/h2o_30_460.hdf
 Restart HDF file :: /scratch/mchalla/WATER/h2o_30.hdf
 Restart using 6-31Gss/HFx density from previous geometry #1

 PROGRAM OF CALCULATIONS:

  A restricted Roothaan-Hall solution of the SCF using
  a tight accuracy level, 6-31Gss and the HFx model.
 

 Accuracy level 3 for the 6-31Gss basis set:
  TrixNeglect = 0.10D-05, CubeNeglect = 0.10D-06,
  TwoENeglect = 0.10D-09, DistNeglect = 0.10D-11
 MaxAtms = 91, MaxBlks = 8101, MaxNon0 = 562501, BndWdth = 90
<<Entering MakeS 08/19/02 @ 19:56:03>>
 MakeS                :: S CheckSum  = 0.3912726931776577D+02
 MakeS                :: CPU Sec = 0.73D+00, WALL Sec = 0.11D+01
 MakeS                :: Allocs=37,  DeAllocs=36, 24 bytes are presently allocated.
                         A max of 9300144 bytes were allocated.
>-Exiting MakeS 08/19/02 @ 19:56:04-<
<<Entering BlokAInv 08/19/02 @ 19:56:04>>
 BlokAInv             :: CPU (Sec,MFLOPS) = (0.64D+00, 364),
                         WALL(Sec,MFLOPS) = (0.65D+00, 358)
 BlokAInv             :: Max(Z^t.A.Z-I)=0.11D-05, TrixThrsh=0.10D-05
 BlokAInv             :: Z CheckSum  = 0.6577701525684695D+02
 BlokAInv             :: CPU (Sec,MFLOPS) = (0.21D+01, 409),
                         WALL(Sec,MFLOPS) = (0.28D+01, 303)
 BlokAInv             :: Allocs=75,  DeAllocs=41, 13711628 bytes are presently allocated.
                         A max of 22843080 bytes were allocated.
>-Exiting BlokAInv 08/19/02 @ 19:56:07-<
<<Entering MakeT 08/19/02 @ 19:56:07>>
 MakeT                :: T CheckSum  = 0.1769876527738373D+03
 MakeT                :: CPU Sec = 0.12D+01, WALL Sec = 0.16D+01
 MakeT                :: Allocs=33,  DeAllocs=32, 24 bytes are presently allocated.
                         A max of 9151272 bytes were allocated.
>-Exiting MakeT 08/19/02 @ 19:56:09-<
<<Entering P2Use 08/19/02 @ 19:56:09>>
 P2Use                :: P[0] CheckSum  = 0.8586831144197067D+01
 P2Use                :: CPU Sec = 0.15D+00, WALL Sec = 0.10D+01
 P2Use                :: Allocs=27,  DeAllocs=27, 0 bytes are presently allocated.
                         A max of 4581252 bytes were allocated.
>-Exiting P2Use 08/19/02 @ 19:56:10-<
<<Entering MakeRho 08/19/02 @ 19:56:10>>
 MakeRho : Pruned Rho :: dNel = 0.48D-09, kept 13% of distributions.
 MakeRho : Moments    :: <r> = (0.11D+01, 0.21D+00, -.19D-01), <r^2> = 0.19D+03
 MakeRho              :: Rho CheckSum  = 0.4620391578937452D+04
 MakeRho              :: CPU Sec = 0.17D+02, WALL Sec = 0.18D+02
 MakeRho              :: Allocs=65,  DeAllocs=59, 1204 bytes are presently allocated.
                         A max of 28777240 bytes were allocated.
>-Exiting MakeRho 08/19/02 @ 19:56:28-<
<<Entering QCTC 08/19/02 @ 19:56:28>>
 QCTC                 :: J[0] CheckSum  = 0.2545636722706552D+03
 QCTC                 :: CPU Sec = 0.71D+03, WALL Sec = 0.74D+03
 QCTC                 :: Allocs=260083,  DeAllocs=50, 27687952 bytes are presently allocated.
                         A max of 36834496 bytes were allocated.
>-Exiting QCTC 08/19/02 @ 20:08:44-<
<<Entering ONX 08/19/02 @ 20:08:44>>
 ONX                  :: Kx[0] CheckSum  = 0.4367256093123205D+02
 ONX                  :: CPU Sec = 0.10D+04, WALL Sec = 0.10D+04
 ONX                  :: Allocs=215,  DeAllocs=214, 12 bytes are presently allocated.
                         A max of 224465552 bytes were allocated.
>-Exiting ONX 08/19/02 @ 20:26:11-<
<<Entering FockNGrueven 08/19/02 @ 20:26:11>>
 FockNGrueven         :: F[0] CheckSum  = 0.1378844002806281D+03
 FockNGrueven         :: OrthoF[0] CheckSum  = 0.1282523368733825D+03
 FockNGrueven         :: CPU (Sec,MFLOPS) = (0.21D+01, 395),
                         WALL(Sec,MFLOPS) = (0.37D+01, 221)
 FockNGrueven         :: Allocs=41,  DeAllocs=37, 2309804 bytes are presently allocated.
                         A max of 13696620 bytes were allocated.
>-Exiting FockNGrueven 08/19/02 @ 20:26:15-<
<<Entering NT4 08/19/02 @ 20:26:15>>
 NT4                  :: Trix = 0.10D-03
 NT4 : Pure 1         :: dE=0.10D+01, dP=0.59D+00, ThrX=0.10D-03, %Non0=47
 NT4 : Pure 2         :: dE=0.18D+00, dP=0.60D+00, ThrX=0.10D-03, %Non0=47
 NT4 : Pure 3         :: dE=0.47D+00, dP=0.58D+00, ThrX=0.10D-03, %Non0=47
 NT4 : Pure 4         :: dE=0.35D+00, dP=0.57D+00, ThrX=0.10D-03, %Non0=47
 NT4 : Pure 5         :: dE=0.34D+00, dP=0.52D+00, ThrX=0.10D-03, %Non0=47
 NT4 : Pure 6         :: dE=0.23D+00, dP=0.60D+00, ThrX=0.10D-03, %Non0=47
 NT4 : Pure 7         :: dE=0.28D+00, dP=0.51D+00, ThrX=0.10D-03, %Non0=52
 NT4 : Pure 8         :: dE=0.87D-01, dP=0.32D+00, ThrX=0.10D-03, %Non0=65
 NT4 : Pure 9         :: dE=0.58D-01, dP=0.29D+00, ThrX=0.10D-03, %Non0=72
 NT4 : Pure 10        :: dE=0.30D-01, dP=0.22D+00, ThrX=0.10D-03, %Non0=73
 NT4 : Pure 11        :: dE=0.13D-01, dP=0.16D+00, ThrX=0.10D-03, %Non0=72
 NT4 : Pure 12        :: dE=0.67D-02, dP=0.13D+00, ThrX=0.10D-03, %Non0=72
 NT4 : Pure 13        :: dE=0.27D-02, dP=0.74D-01, ThrX=0.10D-03, %Non0=74
 NT4 : Pure 14        :: dE=0.50D-03, dP=0.26D-01, ThrX=0.10D-03, %Non0=73
 NT4 : Pure 15        :: dE=0.29D-04, dP=0.35D-02, ThrX=0.10D-03, %Non0=73
 NT4 : Pure 16        :: dE=0.20D-06, dP=0.17D-03, ThrX=0.10D-03, %Non0=74
 NT4 : Pure 17        :: dE=0.42D-08, dP=0.17D-03, ThrX=0.10D-03, %Non0=73
 NT4 : Pure 18        :: dE=0.23D-08, dP=0.19D-03, ThrX=0.10D-03, %Non0=73
 NT4 : Hit dP increase:: Tr{FP}=-.7099578008929634D+03, dNel = 0.28D-12
 NT4                  :: 18 purification steps, 36 matrix multiplies
 NT4                  :: Fractional occupation = 0.20D+00, %Non0s = 73
 NT4 : Max abs errors :: dE=0.17D-05, dP=0.19D-03, [F,P]=0.89D-02
 NT4                  :: Rel dE=0.23D-08, ||dP||_F=0.15D-02, ||[F,P]||_F=0.80D-01
 NT4                  :: OrthoP[1] CheckSum  = 0.1224744912769637D+02
 NT4                  :: P[1] CheckSum  = 0.8587371334161734D+01
 NT4                  :: CPU (Sec,MFLOPS) = (0.36D+02, 425),
                         WALL(Sec,MFLOPS) = (0.38D+02, 398)
 NT4                  :: Allocs=253,  DeAllocs=249, 4565180 bytes are presently allocated.
                         A max of 27392172 bytes were allocated.
>-Exiting NT4 08/19/02 @ 20:26:53-<
<<Entering SCFStatus 08/19/02 @ 20:26:53>>
 
= = = = = SCFCycle #0, Basis #1, Geometry #1 = = = = =

       MaxDelD = 0.70D-02
       <T>     = 0.22748485D+04
       <V>     = -.42866807D+04
       <HF>    = -.26910123D+03
       <SCF>   = -2280.93345162

 SCFStatus            :: CPU (Sec,MFLOPS) = (0.26D+00, 16),
                         WALL(Sec,MFLOPS) = (0.29D+00, 14)
 SCFStatus            :: Allocs=16,  DeAllocs=16, 0 bytes are presently allocated.
                         A max of 13696620 bytes were allocated.
>-Exiting SCFStatus 08/19/02 @ 20:26:54-<
<<Entering MakeRho 08/19/02 @ 20:26:54>>
 MakeRho : Pruned Rho :: dNel = 0.98D-08, kept 14% of distributions.
 MakeRho : Moments    :: <r> = (0.11D+01, 0.21D+00, -.19D-01), <r^2> = 0.19D+03
 MakeRho              :: Rho CheckSum  = 0.4620400671407421D+04
 MakeRho              :: CPU Sec = 0.17D+02, WALL Sec = 0.17D+02
 MakeRho              :: Allocs=64,  DeAllocs=59, 1192 bytes are presently allocated.
                         A max of 28000308 bytes were allocated.
>-Exiting MakeRho 08/19/02 @ 20:27:11-<
<<Entering QCTC 08/19/02 @ 20:27:11>>
 QCTC                 :: J[1] CheckSum  = 0.2545632835775247D+03
 QCTC                 :: CPU Sec = 0.73D+03, WALL Sec = 0.74D+03
 QCTC                 :: Allocs=266428,  DeAllocs=50, 28328768 bytes are presently allocated.
                         A max of 37475312 bytes were allocated.
>-Exiting QCTC 08/19/02 @ 20:39:36-<
<<Entering ONX 08/19/02 @ 20:39:37>>
 ONX                  :: Kx[1] CheckSum  = 0.4367258921602677D+02
 ONX                  :: CPU Sec = 0.11D+04, WALL Sec = 0.12D+04
 ONX                  :: Allocs=214,  DeAllocs=214, 0 bytes are presently allocated.
                         A max of 224221188 bytes were allocated.
>-Exiting ONX 08/19/02 @ 20:58:50-<
<<Entering FockNGrueven 08/19/02 @ 20:58:51>>
 FockNGrueven         :: F[1] CheckSum  = 0.1378840360700032D+03
 FockNGrueven         :: OrthoF[1] CheckSum  = 0.1282522450955288D+03
 FockNGrueven         :: CPU (Sec,MFLOPS) = (0.21D+01, 397),
                         WALL(Sec,MFLOPS) = (0.36D+01, 233)
 FockNGrueven         :: Allocs=41,  DeAllocs=37, 2309804 bytes are presently allocated.
                         A max of 13696620 bytes were allocated.
>-Exiting FockNGrueven 08/19/02 @ 20:58:54-<
<<Entering DIIS 08/19/02 @ 20:58:54>>
 DIIS : Damping       :: Co = 0.80D+00, 0.20D+00
 DIIS                 :: F_DIIS[1] CheckSum  = 0.1282523185081617D+03
 DIIS                 :: CPU (Sec,MFLOPS) = (0.29D+01, 430),
                         WALL(Sec,MFLOPS) = (0.45D+01, 276)
 DIIS                 :: Allocs=34,  DeAllocs=30, 144 bytes are presently allocated.
                         A max of 18327108 bytes were allocated.
>-Exiting DIIS 08/19/02 @ 20:58:59-<
<<Entering NT4 08/19/02 @ 20:58:59>>
 NT4                  :: Trix = 0.10D-03
 NT4 : Pure 1         :: dE=0.10D+01, dP=0.59D+00, ThrX=0.10D-03, %Non0=47
 NT4 : Pure 2         :: dE=0.18D+00, dP=0.60D+00, ThrX=0.10D-03, %Non0=47
 NT4 : Pure 3         :: dE=0.47D+00, dP=0.58D+00, ThrX=0.10D-03, %Non0=47
 NT4 : Pure 4         :: dE=0.35D+00, dP=0.57D+00, ThrX=0.10D-03, %Non0=47
 NT4 : Pure 5         :: dE=0.34D+00, dP=0.52D+00, ThrX=0.10D-03, %Non0=47
 NT4 : Pure 6         :: dE=0.23D+00, dP=0.60D+00, ThrX=0.10D-03, %Non0=47
 NT4 : Pure 7         :: dE=0.28D+00, dP=0.51D+00, ThrX=0.10D-03, %Non0=52
 NT4 : Pure 8         :: dE=0.87D-01, dP=0.32D+00, ThrX=0.10D-03, %Non0=65
 NT4 : Pure 9         :: dE=0.58D-01, dP=0.29D+00, ThrX=0.10D-03, %Non0=72
 NT4 : Pure 10        :: dE=0.30D-01, dP=0.22D+00, ThrX=0.10D-03, %Non0=73
 NT4 : Pure 11        :: dE=0.13D-01, dP=0.16D+00, ThrX=0.10D-03, %Non0=72
 NT4 : Pure 12        :: dE=0.67D-02, dP=0.13D+00, ThrX=0.10D-03, %Non0=72
 NT4 : Pure 13        :: dE=0.27D-02, dP=0.74D-01, ThrX=0.10D-03, %Non0=74
 NT4 : Pure 14        :: dE=0.50D-03, dP=0.26D-01, ThrX=0.10D-03, %Non0=73
 NT4 : Pure 15        :: dE=0.29D-04, dP=0.35D-02, ThrX=0.10D-03, %Non0=74
 NT4 : Pure 16        :: dE=0.20D-06, dP=0.17D-03, ThrX=0.10D-03, %Non0=74
 NT4 : Pure 17        :: dE=0.43D-08, dP=0.17D-03, ThrX=0.10D-03, %Non0=73
 NT4 : Hit dP increase:: Tr{FP}=-.7099570641295067D+03, dNel = 0.34D-12
 NT4                  :: 17 purification steps, 34 matrix multiplies
 NT4                  :: Fractional occupation = 0.20D+00, %Non0s = 73
 NT4 : Max abs errors :: dE=0.30D-05, dP=0.17D-03, [F,P]=0.89D-02
 NT4                  :: Rel dE=0.43D-08, ||dP||_F=0.14D-02, ||[F,P]||_F=0.81D-01
 NT4                  :: OrthoP[2] CheckSum  = 0.1224744921906527D+02
 NT4                  :: P[2] CheckSum  = 0.8587379477259548D+01
 NT4                  :: CPU (Sec,MFLOPS) = (0.33D+02, 426),
                         WALL(Sec,MFLOPS) = (0.36D+02, 390)
 NT4                  :: Allocs=243,  DeAllocs=239, 4565180 bytes are presently allocated.
                         A max of 27392172 bytes were allocated.
>-Exiting NT4 08/19/02 @ 20:59:36-<
<<Entering SCFStatus 08/19/02 @ 20:59:36>>
 
= = = = = SCFCycle #1, Basis #1, Geometry #1 = = = = =

       DIISErr = 0.10D-03
       MaxDelD = 0.21D-02
       <T>     = 0.22748562D+04
       <V>     = -.42866854D+04
       <HF>    = -.26910222D+03
       <SCF>   = -2280.93150105

 SCFStatus            :: CPU (Sec,MFLOPS) = (0.24D+00, 17),
                         WALL(Sec,MFLOPS) = (0.28D+00, 15)
 SCFStatus            :: Allocs=16,  DeAllocs=16, 0 bytes are presently allocated.
                         A max of 13696620 bytes were allocated.
>-Exiting SCFStatus 08/19/02 @ 20:59:36-<
<<Entering MakeRho 08/19/02 @ 20:59:36>>
 MakeRho : Pruned Rho :: dNel = 0.20D-07, kept 14% of distributions.
 MakeRho : Moments    :: <r> = (0.11D+01, 0.21D+00, -.19D-01), <r^2> = 0.19D+03
 MakeRho              :: Rho CheckSum  = 0.4620400544180488D+04
 MakeRho              :: CPU Sec = 0.17D+02, WALL Sec = 0.18D+02
 MakeRho              :: Allocs=64,  DeAllocs=59, 1192 bytes are presently allocated.
                         A max of 28034756 bytes were allocated.
>-Exiting MakeRho 08/19/02 @ 20:59:54-<
<<Entering QCTC 08/19/02 @ 20:59:54>>
 QCTC                 :: J[2] CheckSum  = 0.2545633169940661D+03
 QCTC                 :: CPU Sec = 0.73D+03, WALL Sec = 0.77D+03
 QCTC                 :: Allocs=266423,  DeAllocs=50, 28326096 bytes are presently allocated.
                         A max of 37472640 bytes were allocated.
>-Exiting QCTC 08/19/02 @ 21:12:42-<
<<Entering ONX 08/19/02 @ 21:12:42>>
 ONX                  :: Kx[2] CheckSum  = 0.4367258639213334D+02
 ONX                  :: CPU Sec = 0.11D+04, WALL Sec = 0.12D+04
 ONX                  :: Allocs=214,  DeAllocs=214, 0 bytes are presently allocated.
                         A max of 224232436 bytes were allocated.
>-Exiting ONX 08/19/02 @ 21:32:33-<
<<Entering FockNGrueven 08/19/02 @ 21:32:33>>
 FockNGrueven         :: F[2] CheckSum  = 0.1378840665259507D+03
 FockNGrueven         :: OrthoF[2] CheckSum  = 0.1282522614693721D+03
 FockNGrueven         :: CPU (Sec,MFLOPS) = (0.22D+01, 390),
                         WALL(Sec,MFLOPS) = (0.37D+01, 229)
 FockNGrueven         :: Allocs=41,  DeAllocs=37, 2309804 bytes are presently allocated.
                         A max of 13696620 bytes were allocated.
>-Exiting FockNGrueven 08/19/02 @ 21:32:37-<
<<Entering DIIS 08/19/02 @ 21:32:37>>
 DIIS                 :: Cond# = 0.57D+05, MIN(E) = 0.25D-04
 DIIS : Pulay C1      :: DIISCo = 0.30D+01, -.20D+01
 DIIS                 :: F_DIIS[2] CheckSum  = 0.1282522129587838D+03
 DIIS                 :: CPU (Sec,MFLOPS) = (0.31D+01, 408),
                         WALL(Sec,MFLOPS) = (0.47D+01, 263)
 DIIS                 :: Allocs=45,  DeAllocs=40, 216 bytes are presently allocated.
                         A max of 18327108 bytes were allocated.
>-Exiting DIIS 08/19/02 @ 21:32:41-<
<<Entering NT4 08/19/02 @ 21:32:42>>
 NT4                  :: Trix = 0.10D-03
 NT4 : Pure 1         :: dE=0.10D+01, dP=0.59D+00, ThrX=0.10D-03, %Non0=47
 NT4 : Pure 2         :: dE=0.18D+00, dP=0.60D+00, ThrX=0.10D-03, %Non0=47
 NT4 : Pure 3         :: dE=0.47D+00, dP=0.58D+00, ThrX=0.10D-03, %Non0=47
 NT4 : Pure 4         :: dE=0.35D+00, dP=0.57D+00, ThrX=0.10D-03, %Non0=47
 NT4 : Pure 5         :: dE=0.34D+00, dP=0.52D+00, ThrX=0.10D-03, %Non0=47
 NT4 : Pure 6         :: dE=0.23D+00, dP=0.60D+00, ThrX=0.10D-03, %Non0=47
 NT4 : Pure 7         :: dE=0.28D+00, dP=0.51D+00, ThrX=0.10D-03, %Non0=52
 NT4 : Pure 8         :: dE=0.87D-01, dP=0.32D+00, ThrX=0.10D-03, %Non0=65
 NT4 : Pure 9         :: dE=0.58D-01, dP=0.29D+00, ThrX=0.10D-03, %Non0=72
 NT4 : Pure 10        :: dE=0.30D-01, dP=0.22D+00, ThrX=0.10D-03, %Non0=73
 NT4 : Pure 11        :: dE=0.13D-01, dP=0.16D+00, ThrX=0.10D-03, %Non0=72
 NT4 : Pure 12        :: dE=0.67D-02, dP=0.13D+00, ThrX=0.10D-03, %Non0=72
 NT4 : Pure 13        :: dE=0.27D-02, dP=0.74D-01, ThrX=0.10D-03, %Non0=74
 NT4 : Pure 14        :: dE=0.50D-03, dP=0.26D-01, ThrX=0.10D-03, %Non0=73
 NT4 : Pure 15        :: dE=0.29D-04, dP=0.35D-02, ThrX=0.10D-03, %Non0=73
 NT4 : Pure 16        :: dE=0.20D-06, dP=0.17D-03, ThrX=0.10D-03, %Non0=74
 NT4 : Pure 17        :: dE=0.39D-08, dP=0.16D-03, ThrX=0.10D-03, %Non0=73
 NT4 : Pure 18        :: dE=0.26D-07, dP=0.18D-03, ThrX=0.10D-03, %Non0=73
 NT4 : Hit dP increase:: Tr{FP}=-.7099535990256337D+03, dNel = 0.57D-13
 NT4                  :: 18 purification steps, 36 matrix multiplies
 NT4                  :: Fractional occupation = 0.20D+00, %Non0s = 73
 NT4 : Max abs errors :: dE=0.19D-04, dP=0.18D-03, [F,P]=0.88D-02
 NT4                  :: Rel dE=0.26D-07, ||dP||_F=0.15D-02, ||[F,P]||_F=0.81D-01
 NT4                  :: OrthoP[3] CheckSum  = 0.1224744930626431D+02
 NT4                  :: P[3] CheckSum  = 0.8587450059438503D+01
 NT4                  :: CPU (Sec,MFLOPS) = (0.35D+02, 426),
                         WALL(Sec,MFLOPS) = (0.39D+02, 386)
 NT4                  :: Allocs=253,  DeAllocs=249, 4565180 bytes are presently allocated.
                         A max of 27392172 bytes were allocated.
>-Exiting NT4 08/19/02 @ 21:33:21-<
<<Entering SCFStatus 08/19/02 @ 21:33:21>>
 
= = = = = SCFCycle #2, Basis #1, Geometry #1 = = = = =

       DIISErr = 0.10D-03
       MaxDelD = 0.36D-02
       <T>     = 0.22748556D+04
       <V>     = -.42866849D+04
       <HF>    = -.26910216D+03
       <SCF>   = -2280.93147329

 SCFStatus            :: CPU (Sec,MFLOPS) = (0.25D+00, 17),
                         WALL(Sec,MFLOPS) = (0.28D+00, 15)
 SCFStatus            :: Allocs=16,  DeAllocs=16, 0 bytes are presently allocated.
                         A max of 13696620 bytes were allocated.
>-Exiting SCFStatus 08/19/02 @ 21:33:21-<
<<Entering MakeRho 08/19/02 @ 21:33:21>>
 MakeRho : Pruned Rho :: dNel = 0.65D-08, kept 14% of distributions.
 MakeRho : Moments    :: <r> = (0.11D+01, 0.21D+00, -.19D-01), <r^2> = 0.19D+03
 MakeRho              :: Rho CheckSum  = 0.4620398904071039D+04
 MakeRho              :: CPU Sec = 0.17D+02, WALL Sec = 0.18D+02
 MakeRho              :: Allocs=64,  DeAllocs=59, 1192 bytes are presently allocated.
                         A max of 28112764 bytes were allocated.
>-Exiting MakeRho 08/19/02 @ 21:33:39-<
<<Entering QCTC 08/19/02 @ 21:33:40>>
 QCTC                 :: J[3] CheckSum  = 0.2545634774811788D+03
 QCTC                 :: CPU Sec = 0.73D+03, WALL Sec = 0.77D+03
 QCTC                 :: Allocs=266988,  DeAllocs=50, 28384456 bytes are presently allocated.
                         A max of 37531000 bytes were allocated.
>-Exiting QCTC 08/19/02 @ 21:46:33-<
<<Entering ONX 08/19/02 @ 21:46:34>>
 ONX                  :: Kx[3] CheckSum  = 0.4367256874482332D+02
 ONX                  :: CPU Sec = 0.11D+04, WALL Sec = 0.12D+04
 ONX                  :: Allocs=214,  DeAllocs=214, 0 bytes are presently allocated.
                         A max of 224247268 bytes were allocated.
>-Exiting ONX 08/19/02 @ 22:06:09-<
<<Entering FockNGrueven 08/19/02 @ 22:06:09>>
 FockNGrueven         :: F[3] CheckSum  = 0.1378842113524508D+03
 FockNGrueven         :: OrthoF[3] CheckSum  = 0.1282523451200795D+03
 FockNGrueven         :: CPU (Sec,MFLOPS) = (0.89D+00, 957),
                         WALL(Sec,MFLOPS) = (0.36D+01, 235)
 FockNGrueven         :: Allocs=41,  DeAllocs=37, 2309804 bytes are presently allocated.
                         A max of 13696620 bytes were allocated.
>-Exiting FockNGrueven 08/19/02 @ 22:06:12-<
<<Entering DIIS 08/19/02 @ 22:06:13>>
 DIIS                 :: Cond# = 0.71D+05, MIN(E) = 0.25D-04
 DIIS : Pulay C1      :: DIISCo = 0.32D+01, -.15D+01, -.71D+00
 DIIS                 :: F_DIIS[3] CheckSum  = 0.1282521501955064D+03
 DIIS                 :: CPU (Sec,MFLOPS) = (0.32D+01, 395),
                         WALL(Sec,MFLOPS) = (0.48D+01, 265)
 DIIS                 :: Allocs=53,  DeAllocs=48, 272 bytes are presently allocated.
                         A max of 18327108 bytes were allocated.
>-Exiting DIIS 08/19/02 @ 22:06:18-<
<<Entering NT4 08/19/02 @ 22:06:18>>
 NT4                  :: Trix = 0.10D-03
 NT4 : Pure 1         :: dE=0.10D+01, dP=0.59D+00, ThrX=0.10D-03, %Non0=47
 NT4 : Pure 2         :: dE=0.18D+00, dP=0.60D+00, ThrX=0.10D-03, %Non0=47
 NT4 : Pure 3         :: dE=0.47D+00, dP=0.58D+00, ThrX=0.10D-03, %Non0=47
 NT4 : Pure 4         :: dE=0.35D+00, dP=0.57D+00, ThrX=0.10D-03, %Non0=47
 NT4 : Pure 5         :: dE=0.34D+00, dP=0.52D+00, ThrX=0.10D-03, %Non0=47
 NT4 : Pure 6         :: dE=0.23D+00, dP=0.60D+00, ThrX=0.10D-03, %Non0=47
 NT4 : Pure 7         :: dE=0.28D+00, dP=0.51D+00, ThrX=0.10D-03, %Non0=52
 NT4 : Pure 8         :: dE=0.87D-01, dP=0.32D+00, ThrX=0.10D-03, %Non0=65
 NT4 : Pure 9         :: dE=0.58D-01, dP=0.29D+00, ThrX=0.10D-03, %Non0=72
 NT4 : Pure 10        :: dE=0.30D-01, dP=0.22D+00, ThrX=0.10D-03, %Non0=73
 NT4 : Pure 11        :: dE=0.13D-01, dP=0.16D+00, ThrX=0.10D-03, %Non0=72
 NT4 : Pure 12        :: dE=0.67D-02, dP=0.13D+00, ThrX=0.10D-03, %Non0=72
 NT4 : Pure 13        :: dE=0.27D-02, dP=0.74D-01, ThrX=0.10D-03, %Non0=74
 NT4 : Pure 14        :: dE=0.50D-03, dP=0.26D-01, ThrX=0.10D-03, %Non0=73
 NT4 : Pure 15        :: dE=0.29D-04, dP=0.35D-02, ThrX=0.10D-03, %Non0=73
 NT4 : Pure 16        :: dE=0.20D-06, dP=0.17D-03, ThrX=0.10D-03, %Non0=74
 NT4 : Pure 17        :: dE=0.51D-08, dP=0.17D-03, ThrX=0.10D-03, %Non0=73
 NT4 : Hit dP increase:: Tr{FP}=-.7099526558916507D+03, dNel = 0.57D-13
 NT4                  :: 17 purification steps, 34 matrix multiplies
 NT4                  :: Fractional occupation = 0.20D+00, %Non0s = 73
 NT4 : Max abs errors :: dE=0.36D-05, dP=0.17D-03, [F,P]=0.89D-02
 NT4                  :: Rel dE=0.51D-08, ||dP||_F=0.14D-02, ||[F,P]||_F=0.80D-01
 NT4                  :: OrthoP[4] CheckSum  = 0.1224744923572626D+02
 NT4                  :: P[4] CheckSum  = 0.8587391045618265D+01
 NT4                  :: CPU (Sec,MFLOPS) = (0.32D+02, 449),
                         WALL(Sec,MFLOPS) = (0.35D+02, 409)
 NT4                  :: Allocs=243,  DeAllocs=239, 4565180 bytes are presently allocated.
                         A max of 27392172 bytes were allocated.
>-Exiting NT4 08/19/02 @ 22:06:53-<
<<Entering SCFStatus 08/19/02 @ 22:06:53>>
 
= = = = = SCFCycle #3, Basis #1, Geometry #1 = = = = =

       DIISErr = 0.11D-03
       MaxDelD = 0.37D-02
       <T>     = 0.22748527D+04
       <V>     = -.42866823D+04
       <HF>    = -.26910182D+03
       <SCF>   = -2280.93133995

 SCFStatus            :: CPU (Sec,MFLOPS) = (0.25D+00, 17),
                         WALL(Sec,MFLOPS) = (0.26D+00, 16)
 SCFStatus            :: Allocs=16,  DeAllocs=16, 0 bytes are presently allocated.
                         A max of 13696620 bytes were allocated.
>-Exiting SCFStatus 08/19/02 @ 22:06:53-<
 SCF hit DIIS/DMax increase.
 Convergence statistics for RHFx/6-31Gss:
========================================================================
SCF    Ink       Total             Delta       Max         DIIS   
Cycle  Fok       Energy            E_Tot       Delta P     Error  
  0,    F,           0.00000000, 0.0000D+00, 0.0000D+00, 0.0000D+00, 
  1,    F,       -2280.93150105, 0.8552D-06, 0.4890D-02, 0.0000D+00, 
  2,    F,       -2280.93147329, 0.1217D-07, 0.1505D-02, 0.1049D-03, 
  3,    F,       -2280.93133995, 0.5846D-07, 0.1304D-03, 0.1071D-03, 
========================================================================
>-Succesfull MondoSCF run 08/19/02 @ 22:06:54-<
<<Entering NT4 08/22/02 @ 16:38:56>>
 NT4                  :: Trix = 0.10D-03
 NT4 : Pure 1         :: dE=0.10D+01, dP=0.59D+00, ThrX=0.10D-03, %Non0=47
<<Entering NT4 08/22/02 @ 16:39:29>>
 NT4                  :: Trix = 0.10D-03
 NT4 : Pure 1         :: dE=0.10D+01, dP=0.59D+00, ThrX=0.10D-03, %Non0=47
 NT4 : Pure 2         :: dE=0.18D+00, dP=0.60D+00, ThrX=0.10D-03, %Non0=47
 NT4 : Pure 3         :: dE=0.47D+00, dP=0.58D+00, ThrX=0.10D-03, %Non0=47
 NT4 : Pure 4         :: dE=0.35D+00, dP=0.57D+00, ThrX=0.10D-03, %Non0=47
 NT4 : Pure 5         :: dE=0.34D+00, dP=0.52D+00, ThrX=0.10D-03, %Non0=47
 NT4 : Pure 6         :: dE=0.23D+00, dP=0.60D+00, ThrX=0.10D-03, %Non0=47
 NT4 : Pure 7         :: dE=0.28D+00, dP=0.51D+00, ThrX=0.10D-03, %Non0=52
 NT4 : Pure 8         :: dE=0.87D-01, dP=0.32D+00, ThrX=0.10D-03, %Non0=65
 NT4 : Pure 9         :: dE=0.58D-01, dP=0.29D+00, ThrX=0.10D-03, %Non0=72
 NT4 : Pure 10        :: dE=0.30D-01, dP=0.22D+00, ThrX=0.10D-03, %Non0=73
 NT4 : Pure 11        :: dE=0.13D-01, dP=0.16D+00, ThrX=0.10D-03, %Non0=72
 NT4 : Pure 12        :: dE=0.67D-02, dP=0.13D+00, ThrX=0.10D-03, %Non0=72
 NT4 : Pure 13        :: dE=0.27D-02, dP=0.74D-01, ThrX=0.10D-03, %Non0=74
 NT4 : Pure 14        :: dE=0.50D-03, dP=0.26D-01, ThrX=0.10D-03, %Non0=73
 NT4 : Pure 15        :: dE=0.29D-04, dP=0.35D-02, ThrX=0.10D-03, %Non0=73
 NT4 : Pure 16        :: dE=0.20D-06, dP=0.17D-03, ThrX=0.10D-03, %Non0=74
 NT4 : Pure 17        :: dE=0.51D-08, dP=0.17D-03, ThrX=0.10D-03, %Non0=73
 NT4 : Hit dP increase:: Tr{FP}=-.7099526558916507D+03, dNel = 0.57D-13
 NT4                  :: 17 purification steps, 34 matrix multiplies
 NT4                  :: Fractional occupation = 0.20D+00, %Non0s = 73
 NT4 : Max abs errors :: dE=0.36D-05, dP=0.17D-03, [F,P]=0.89D-02
 NT4                  :: Rel dE=0.51D-08, ||dP||_F=0.14D-02, ||[F,P]||_F=0.80D-01
 NT4                  :: OrthoP[4] CheckSum  = 0.1224744923572626D+02
 NT4                  :: P[4] CheckSum  = 0.8587391045618265D+01
 NT4                  :: CPU (Sec,MFLOPS) = (0.33D+02, 428),
                         WALL(Sec,MFLOPS) = (0.37D+02, 380)
 NT4                  :: Allocs=243,  DeAllocs=239, 4565180 bytes are presently allocated.
                         A max of 27392172 bytes were allocated.
>-Exiting NT4 08/22/02 @ 16:40:07-<
<<Entering NT4 08/22/02 @ 16:45:49>>
 NT4                  :: Trix = 0.10D-03
 NT4 : Pure 1         :: dE=0.10D+01, dP=0.59D+00, ThrX=0.10D-03, %Non0=47
 NT4 : Pure 2         :: dE=0.18D+00, dP=0.60D+00, ThrX=0.10D-03, %Non0=47
 NT4 : Pure 3         :: dE=0.47D+00, dP=0.58D+00, ThrX=0.10D-03, %Non0=47
 NT4 : Pure 4         :: dE=0.35D+00, dP=0.57D+00, ThrX=0.10D-03, %Non0=47
 NT4 : Pure 5         :: dE=0.34D+00, dP=0.52D+00, ThrX=0.10D-03, %Non0=47
 NT4 : Pure 6         :: dE=0.23D+00, dP=0.60D+00, ThrX=0.10D-03, %Non0=47
 NT4 : Pure 7         :: dE=0.28D+00, dP=0.51D+00, ThrX=0.10D-03, %Non0=52
 NT4 : Pure 8         :: dE=0.87D-01, dP=0.32D+00, ThrX=0.10D-03, %Non0=65
 NT4 : Pure 9         :: dE=0.58D-01, dP=0.29D+00, ThrX=0.10D-03, %Non0=72
 NT4 : Pure 10        :: dE=0.30D-01, dP=0.22D+00, ThrX=0.10D-03, %Non0=73
 NT4 : Pure 11        :: dE=0.13D-01, dP=0.16D+00, ThrX=0.10D-03, %Non0=72
 NT4 : Pure 12        :: dE=0.67D-02, dP=0.13D+00, ThrX=0.10D-03, %Non0=72
 NT4 : Pure 13        :: dE=0.27D-02, dP=0.74D-01, ThrX=0.10D-03, %Non0=74
 NT4 : Pure 14        :: dE=0.50D-03, dP=0.26D-01, ThrX=0.10D-03, %Non0=73
 NT4 : Pure 15        :: dE=0.29D-04, dP=0.35D-02, ThrX=0.10D-03, %Non0=73
 NT4 : Pure 16        :: dE=0.20D-06, dP=0.17D-03, ThrX=0.10D-03, %Non0=74
 NT4 : Pure 17        :: dE=0.51D-08, dP=0.17D-03, ThrX=0.10D-03, %Non0=73
 NT4 : Hit dP increase:: Tr{FP}=-.7099526558916507D+03, dNel = 0.57D-13
 NT4                  :: 17 purification steps, 34 matrix multiplies
 NT4                  :: Fractional occupation = 0.20D+00, %Non0s = 73
 NT4 : Max abs errors :: dE=0.36D-05, dP=0.17D-03, [F,P]=0.89D-02
 NT4                  :: Rel dE=0.51D-08, ||dP||_F=0.14D-02, ||[F,P]||_F=0.80D-01
 NT4                  :: OrthoP[4] CheckSum  = 0.1224744923572626D+02
 NT4                  :: P[4] CheckSum  = 0.8587391045618265D+01
 NT4                  :: CPU (Sec,MFLOPS) = (0.33D+02, 428),
                         WALL(Sec,MFLOPS) = (0.36D+02, 399)
 NT4                  :: Allocs=243,  DeAllocs=239, 4565180 bytes are presently allocated.
                         A max of 27392172 bytes were allocated.
>-Exiting NT4 08/22/02 @ 16:46:25-<
<<Entering NT4 08/22/02 @ 18:52:26>>
 NT4                  :: Trix = 0.10D-03
 NT4 : Pure 1         :: dE=0.10D+01, dP=0.59D+00, ThrX=0.10D-03, %Non0=47
 NT4 : Pure 2         :: dE=0.18D+00, dP=0.60D+00, ThrX=0.10D-03, %Non0=47
 NT4 : Pure 3         :: dE=0.47D+00, dP=0.58D+00, ThrX=0.10D-03, %Non0=47
 NT4 : Pure 4         :: dE=0.35D+00, dP=0.57D+00, ThrX=0.10D-03, %Non0=47
 NT4 : Pure 5         :: dE=0.34D+00, dP=0.52D+00, ThrX=0.10D-03, %Non0=47
 NT4 : Pure 6         :: dE=0.23D+00, dP=0.60D+00, ThrX=0.10D-03, %Non0=47
 NT4 : Pure 7         :: dE=0.28D+00, dP=0.51D+00, ThrX=0.10D-03, %Non0=52
 NT4 : Pure 8         :: dE=0.87D-01, dP=0.32D+00, ThrX=0.10D-03, %Non0=65
 NT4 : Pure 9         :: dE=0.58D-01, dP=0.29D+00, ThrX=0.10D-03, %Non0=72
 NT4 : Pure 10        :: dE=0.30D-01, dP=0.22D+00, ThrX=0.10D-03, %Non0=73
 NT4 : Pure 11        :: dE=0.13D-01, dP=0.16D+00, ThrX=0.10D-03, %Non0=72
 NT4 : Pure 12        :: dE=0.67D-02, dP=0.13D+00, ThrX=0.10D-03, %Non0=72
 NT4 : Pure 13        :: dE=0.27D-02, dP=0.74D-01, ThrX=0.10D-03, %Non0=74
 NT4 : Pure 14        :: dE=0.50D-03, dP=0.26D-01, ThrX=0.10D-03, %Non0=73
 NT4 : Pure 15        :: dE=0.29D-04, dP=0.35D-02, ThrX=0.10D-03, %Non0=73
 NT4 : Pure 16        :: dE=0.20D-06, dP=0.17D-03, ThrX=0.10D-03, %Non0=74
 NT4 : Pure 17        :: dE=0.51D-08, dP=0.17D-03, ThrX=0.10D-03, %Non0=73
 NT4 : Hit dP increase:: Tr{FP}=-.7099526558916507D+03, dNel = 0.57D-13
 NT4                  :: 17 purification steps, 34 matrix multiplies
 NT4                  :: Fractional occupation = 0.20D+00, %Non0s = 73
 NT4 : Max abs errors :: dE=0.36D-05, dP=0.17D-03, [F,P]=0.89D-02
 NT4                  :: Rel dE=0.51D-08, ||dP||_F=0.14D-02, ||[F,P]||_F=0.80D-01
 NT4                  :: OrthoP[4] CheckSum  = 0.1224744923572626D+02
 NT4                  :: P[4] CheckSum  = 0.8587391045618265D+01
 NT4                  :: CPU (Sec,MFLOPS) = (0.30990000D+02, 459),
                         WALL(Sec,MFLOPS) = (0.35410000D+02, 402)
 NT4                  :: Allocs=243,  DeAllocs=239, 4565180 bytes are presently allocated.
                         A max of 27392172 bytes were allocated.
>-Exiting NT4 08/22/02 @ 18:53:02-<
<<Entering NT4 08/22/02 @ 19:19:23>>
 NT4                  :: Trix = 0.10D-03
 NT4 : Pure 1         :: dE=0.10D+01, dP=0.59D+00, ThrX=0.10D-02, %Non0=18
 NT4 : Pure 2         :: dE=0.18D+00, dP=0.60D+00, ThrX=0.10D-02, %Non0=18
 NT4 : Pure 3         :: dE=0.47D+00, dP=0.58D+00, ThrX=0.10D-02, %Non0=18
 NT4 : Pure 4         :: dE=0.35D+00, dP=0.57D+00, ThrX=0.10D-02, %Non0=18
 NT4 : Pure 5         :: dE=0.34D+00, dP=0.52D+00, ThrX=0.10D-02, %Non0=18
 NT4 : Pure 6         :: dE=0.23D+00, dP=0.60D+00, ThrX=0.10D-02, %Non0=18
 NT4 : Pure 7         :: dE=0.28D+00, dP=0.51D+00, ThrX=0.10D-02, %Non0=19
 NT4 : Pure 8         :: dE=0.88D-01, dP=0.32D+00, ThrX=0.10D-02, %Non0=29
 NT4 : Pure 9         :: dE=0.58D-01, dP=0.29D+00, ThrX=0.10D-02, %Non0=34
 NT4 : Pure 10        :: dE=0.30D-01, dP=0.22D+00, ThrX=0.10D-02, %Non0=35
 NT4 : Pure 11        :: dE=0.14D-01, dP=0.16D+00, ThrX=0.10D-02, %Non0=35
 NT4 : Pure 12        :: dE=0.67D-02, dP=0.13D+00, ThrX=0.10D-02, %Non0=36
 NT4 : Pure 13        :: dE=0.26D-02, dP=0.73D-01, ThrX=0.10D-02, %Non0=37
 NT4 : Pure 14        :: dE=0.49D-03, dP=0.26D-01, ThrX=0.10D-02, %Non0=36
 NT4 : Pure 15        :: dE=0.28D-04, dP=0.33D-02, ThrX=0.10D-02, %Non0=37
 NT4 : Pure 16        :: dE=0.20D-05, dP=0.20D-02, ThrX=0.10D-02, %Non0=37
 NT4 : Pure 17        :: dE=0.27D-05, dP=0.16D-02, ThrX=0.10D-02, %Non0=37
 NT4 : Hit dE increase:: Tr{FP}=-.7098785933887515D+03, dNel = 0.00D+00
 NT4                  :: 17 purification steps, 34 matrix multiplies
 NT4                  :: Fractional occupation = 0.20D+00, %Non0s = 37
 NT4 : Max abs errors :: dE=0.19D-02, dP=0.16D-02, [F,P]=0.85D-01
 NT4                  :: Rel dE=0.27D-05, ||dP||_F=0.10D-01, ||[F,P]||_F=0.75D+00
 NT4                  :: OrthoP[4] CheckSum  = 0.1224754756595039D+02
 NT4                  :: P[4] CheckSum  = 0.8636590311980021D+01
 NT4                  :: CPU (Sec,MFLOPS) = (0.11460000D+02, 405),
                         WALL(Sec,MFLOPS) = (0.13090000D+02, 355)
 NT4                  :: Allocs=243,  DeAllocs=239, 4565180 bytes are presently allocated.
                         A max of 27392172 bytes were allocated.
>-Exiting NT4 08/22/02 @ 19:19:36-<
<<Entering RHEqs 08/24/02 @ 08:19:12>>
 RHEqs                :: HOMO = -.42282699D+00, LUMO = 0.12595026D+00
 RHEqs                :: OrthoP[4] CheckSum  = 0.1224744871391496D+02
 RHEqs                :: P[4] CheckSum  = 0.8586821837596430D+01
 RHEqs                :: CPU (Sec,MFLOPS) = (0.26060000D+02, 32),
                         WALL(Sec,MFLOPS) = (0.29910000D+02, 28)
 RHEqs                :: Allocs=31,  DeAllocs=29, 9000000 bytes are presently allocated.
                         A max of 22696632 bytes were allocated.
>-Exiting RHEqs 08/24/02 @ 08:19:42-<
