

 __    __                 _       ____________ ______ 
|  \  /  |               | |     /       /    |      |
|   \/   | ___  _ __   __| | ___/   ____/   __|  |==='
|        |/ _ \| '_ \ / _  |/ _ \____  \   (__|  ____|
|  |\/|  | (_) | | | | (_| | (_) )     /\     |  |    
|__|  |__|\___/|_| |_|\____|\___/_____/  \____|__|    

 Version 1.0 alpha 10 "Gyokuro"                       
 A program suite for O(N) SCF theory and ab initio MD 
 Matt Challacombe, C.J. Tymczak,                      
 Chee Kwan Gan, Karoly Nemeth, Valery Weber,          
 Eric Schwegler and Anders Niklasson                  
 Los Alamos National Laboratory                       
 LA-CC-04-086 (formerly 01-2)                         
 Compiled for IntelLinux.NAG, executing on zinc
 a i686 machine running Linux 2.4.21-15.0.3.ELsmp

 Current HDF :: /tmp/vweber/he_31683.hdf
<<Starting MondoSCF 12/23/04 @ 10:32:00>>
 MakeS                  :: S CheckSum  = 0.9999999999999998D+00
 BlokAInv               :: Z CheckSum  = 0.1000000000000000D+01
 MakeT                  :: T CheckSum  = 0.1411763182618483D+01
 P2Use                  :: P[0] CheckSum  = 0.0000000000000000D+00
 ... ning Warning  Warning  Warning Wa ...
MakeRho                :: relative error in density = 0.10D+01. Distribution threshold
 MakeRho                :: Rho CheckSum  = 0.0000000000000000D+00
 No explicit code for case LCode = 7 in HGTraX.Inc
 Unknown error: < /n/scratch/vweber/ScandiumExec1/QCTC he_31683 GuessEqCore 0 1 1 0 1 1>
