

 __    __                 _       ____________ ______ 
|  \  /  |               | |     /       /    |      |
|   \/   | ___  _ __   __| | ___/   ____/   __|  |==='
|        |/ _ \| '_ \ / _  |/ _ \____  \   (__|  ____|
|  |\/|  | (_) | | | | (_| | (_) )     /\     |  |    
|__|  |__|\___/|_| |_|\____|\___/_____/  \____|__|    

 Version 1.0 alpha 4                                  
 A program suite for O(N) SCF theory and ab initio MD 
 Matt Challacombe, Eric Schwegler, C.J. Tymczak,      
 Chee Kwan Gan, Karoly Nemeth and Anders Niklasson    
 Los Alamos National Laboratory (LA-CC 01-2)          
 Copywrite 2001, University of California.            

 Compiled for AMDLinux.PG, executing on magnesium
 a i686 machine running Linux 2.4.18-5smp

Water Cluster Scaling                                                                                                           
  
<<Starting MondoSCF 08/28/02 @ 12:03:03>>
 ** Auto-Wraps at default value => (Off) **
 ** Atom-Wrap at default value => (AtomWrap-Off) **
 ** Lattice Vector Format at default value => (Vector Format) **
 ** Coodinate Format at default value => (Atomic Coord) **
========================================================================
 Internal representation of the geometry:
 Geometry originally in Angstroms has been converted to AU.
 Geometry has been reordered using the Hilbert curve.
 Number of electrons = 900
------------------------------------------------------------------------
  *** Periodic is Off *** 
------------------------------------------------------------------------
 1   h    -.57640422D+01   0.63664869D+00   -.15534492D+02
 2   o    -.51020712D+01   0.19057887D+01   -.95958396D+01
 3   h    -.82477091D+01   -.20690610D+01   -.10089814D+02
 4   o    -.73463098D+01   -.35944478D+01   -.97256638D+01
 5   h    -.86386934D+01   -.48267381D+01   -.94371026D+01
 6   h    -.60835949D+01   -.21429493D+01   -.14937906D+02
 7   o    -.48953352D+01   -.78366937D+00   -.14827357D+02
 8   h    0.15433392D+01   -.35203705D+01   -.12766611D+02
 9   o    0.23689605D+01   -.38607102D+01   -.14339619D+02
 10   o    -.51872978D+00   -.19974404D+01   -.96848457D+01
 11   h    0.30258293D+01   0.14305226D+00   -.10601552D+02
 12   h    -.14524434D+01   -.12474081D+01   -.11040346D+02
 13   h    -.48233366D+01   0.19740078D+01   -.11381820D+02
 14   h    -.16688170D+01   -.31787081D+01   -.89406716D+01
 15   h    0.16782657D+01   -.12328761D+02   -.11232342D+02
 16   o    0.13700513D+01   -.11441535D+02   -.96863575D+01
 17   h    -.14702068D+01   -.98046543D+01   -.72484220D+01
 18   h    0.22493408D+01   -.12400760D+02   -.84298787D+01
 19   h    -.16291328D+01   -.10924695D+02   -.46207580D+01
 20   h    0.23927710D+01   -.64511466D+01   -.47175120D+01
 21   o    -.17088792D+01   -.93533878D+01   -.55130866D+01
 22   h    -.33166581D+01   -.65777582D+01   -.59919432D+01
 23   h    -.46946463D+01   -.46902999D+01   -.76422409D+01
 24   o    -.35611886D+01   -.48023607D+01   -.62370406D+01
 25   h    0.95450060D+00   -.41721370D+01   -.56778707D+01
 26   o    0.21866019D+01   -.46738593D+01   -.44520055D+01
 27   h    0.59167321D+00   -.41745937D+01   -.15172610D+01
 28   h    -.37679246D+01   -.29508071D+01   -.16272430D+01
 29   o    -.52655325D+01   -.20152038D+01   -.12353139D+01
 30   h    -.80366267D+01   -.31267406D+01   -.38465372D+01
 31   h    -.59316609D+01   0.14265541D+01   -.62136080D+01
 32   o    -.59991241D+01   0.20286208D+01   -.45092642D+01
 33   h    -.53857191D+01   0.64723115D+00   -.35156462D+01
 34   h    -.89748756D+01   0.18179164D+01   -.81598368D+00
 35   o    -.98358348D+01   -.29676257D+01   -.37520510D+01
 36   h    -.10114002D+02   -.17124697D+01   -.24795095D+01
 37   h    -.81604037D+01   -.10605520D+02   -.38971819D+01
 38   h    -.53188228D+01   -.10287479D+02   -.38032625D+01
 39   o    -.67189208D+01   -.10925262D+02   -.28521634D+01
 40   o    -.10137624D+02   -.65242790D+01   0.45629324D+01
 41   h    -.11447960D+02   -.65286253D+01   0.33160912D+01
 42   h    -.71306920D+01   -.94754641D+01   0.62720006D+00
 43   o    -.63931320D+01   -.90054892D+01   0.22104125D+01
 44   h    -.87348804D+01   -.73257118D+01   0.37492164D+01
 45   h    -.68205880D+01   -.10360234D+02   0.33300751D+01
 46   h    -.88287998D+00   -.73871279D+01   0.95903594D+00
 47   h    -.27875348D+01   -.89418054D+01   0.24216839D+01
 48   o    -.12177394D+01   -.90697399D+01   0.15321898D+01
 49   h    0.18610022D+01   -.10360423D+02   0.65303261D+01
 50   o    0.13747757D+01   -.11631263D+02   0.53384759D+01
 51   h    0.66197101D+00   -.10707754D+02   0.39561414D+01
 52   h    -.40812412D+01   -.61446330D+01   0.72869724D+01
 53   h    0.31129456D+01   -.69848052D+01   0.90601023D+01
 54   o    0.22329002D+01   -.85485535D+01   0.92898930D+01
 55   h    0.48301396D+00   -.80910508D+01   0.92719406D+01
 56   h    -.45640662D+01   -.81477426D+01   0.92719406D+01
 57   o    -.33501062D+01   -.69109169D+01   0.87533998D+01
 58   h    -.98777867D+01   -.23640472D+01   0.89818676D+01
 59   h    -.65371291D+01   0.10433177D+01   0.76091707D+01
 60   o    -.59369521D+01   -.20110464D+01   0.13413842D+02
 61   h    -.54497808D+01   -.29045088D+01   0.14909182D+02
 62   h    -.17846572D+01   -.27157252D+01   0.87874148D+01
 63   h    0.21242410D+01   -.30912138D+01   0.13654782D+02
 64   o    0.24413370D+01   -.18952062D+01   0.12335375D+02
 65   h    -.48108644D+01   -.26187823D+01   0.12135253D+02
 66   h    -.34939144D+01   0.13006984D+01   0.14018554D+02
 67   h    0.80388944D+00   -.15061116D+01   0.11672837D+02
 68   o    -.21157372D+01   -.14188063D+01   0.10004209D+02
 69   h    -.34345770D+01   -.42726705D+00   0.92628699D+01
 70   h    -.47471807D+01   -.23852121D+01   0.40971149D+01
 71   o    -.43728259D+01   -.41403896D+01   0.43236931D+01
 72   o    0.22164596D+01   -.13961296D+01   0.36740053D+01
 73   h    0.19503862D+01   -.36433917D+00   0.51357083D+01
 74   h    0.28963830D+01   -.26437267D+00   0.24375576D+01
 75   o    -.58127971D+00   -.40457144D+01   -.14626479D+00
 76   h    0.31822986D+00   -.31418584D+01   0.11366702D+01
 77   h    -.49130986D+01   -.49217913D+01   0.27845112D+01
 78   h    -.47112759D+01   -.73207985D+00   -.87116368D-01
 79   h    -.48654775D+01   0.23309770D+01   0.32964380D+01
 80   o    -.42745602D+01   0.21557994D+01   0.15958736D+01
 81   o    -.50499148D+01   0.14804113D+01   0.66769688D+01
 82   o    -.95756195D+01   -.18165936D+01   0.72845157D+01
 83   h    -.98879912D+01   -.32830210D+01   0.62725675D+01
 84   h    -.99902254D+01   0.12069680D+01   0.57821836D+01
 85   h    -.10733077D+02   0.16633368D+01   0.14354359D+01
 86   o    -.10518593D+02   0.10597583D+01   -.25605787D+00
 87   o    -.89557894D+01   0.76297687D+01   0.33387679D+01
 88   h    -.81649391D+01   0.72765789D+01   0.17508311D+01
 89   h    -.69411525D+01   0.73047358D+01   0.61916872D+01
 90   h    -.95348014D+01   0.60195332D+01   0.39251499D+01
 91   o    -.10519727D+02   0.28003849D+01   0.51094411D+01
 92   h    -.11981241D+02   0.32393683D+01   0.60805713D+01
 93   h    -.66883072D+01   0.75222433D+01   0.90328902D+01
 94   o    -.57532708D+01   0.71070705D+01   0.75413295D+01
 95   h    -.50523714D+01   0.10571505D+02   0.81033340D+01
 96   h    0.31656690D+01   0.17206522D+02   0.31399687D+01
 97   o    0.15227412D+01   0.16672674D+02   0.26040424D+01
 98   h    0.59488574D+00   0.18210156D+02   0.23865350D+01
 99   h    0.50172225D+00   0.13400992D+02   0.11657720D+01
 100   o    0.65762464D+00   0.11618980D+02   0.89837573D+00
 101   o    0.56672882D+00   0.12194969D+02   0.65904194D+01
 102   h    0.14813562D+01   0.12707273D+02   0.51164331D+01
 103   h    -.11408276D+01   0.12691967D+02   0.62600953D+01
 104   o    -.46774498D+01   0.12156607D+02   0.88900269D+01
 105   h    -.37403346D+01   0.11716490D+02   0.10373273D+02
 106   o    0.24806433D+01   0.69672307D+01   0.14018554D+02
 107   h    0.23632913D+01   0.55841403D+01   0.12858829D+02
 108   h    0.19415045D+01   0.62786146D+01   0.15601956D+02
 109   h    -.19057887D+01   0.32885012D+01   0.15326623D+02
 110   o    -.33782631D+01   0.30844108D+01   0.14296155D+02
 111   h    0.27446380D+01   0.46109314D+01   0.75307470D+01
 112   h    0.22827890D+00   0.87040779D+01   0.58449225D+01
 113   o    -.15798109D+00   0.69371841D+01   0.58664654D+01
 114   h    -.16599353D+01   0.68134071D+01   0.68666973D+01
 115   h    -.46812292D+01   0.31781412D+01   0.71811477D+01
 116   h    -.28361008D+01   0.32482500D+01   0.15008204D+01
 117   h    0.14503647D+01   0.52307615D+01   0.51135985D+00
 118   o    -.29744287D+00   0.54800164D+01   0.90480080D+00
 119   h    -.33977273D+00   0.56298717D+01   0.27068435D+01
 120   h    -.47895105D+01   0.62948662D+01   -.97245299D+00
 121   h    0.29423034D+00   0.47483145D+01   -.51727469D+01
 122   h    0.24364237D+01   0.29045088D+01   -.56145649D+01
 123   o    0.16436837D+01   0.43709362D+01   -.63165981D+01
 124   o    -.42401672D+01   0.69466327D+01   -.85525219D+01
 125   h    -.25930820D+01   0.94066780D+01   -.37979713D+01
 126   h    -.69919862D-02   0.11349694D+02   -.76231546D+00
 127   h    0.14756870D+01   0.12294935D+02   -.46181124D+01
 128   o    0.31658579D+01   0.12358052D+02   -.52594854D+01
 129   h    -.30042864D+01   0.17039848D+02   -.70326153D+01
 130   h    -.39338426D+01   0.14869120D+02   -.86477641D+01
 131   o    -.34965600D+01   0.15301300D+02   -.69466327D+01
 132   h    -.31511181D+01   0.12067790D+02   -.46882212D+01
 133   o    -.19878028D+01   0.11107809D+02   -.36895010D+01
 134   h    -.91474076D+01   0.10655598D+02   -.57364522D+01
 135   o    -.75400067D+01   0.11221382D+02   -.63430543D+01
 136   h    -.78419849D+01   0.11682853D+02   -.80657285D+01
 137   h    -.51899435D+01   0.83459748D+01   -.79111489D+01
 138   o    -.11710254D+02   0.92347130D+01   -.40241715D+01
 139   h    -.13011330D+02   0.79839033D+01   -.41470037D+01
 140   h    -.10348517D+02   0.83915172D+01   -.31836214D+01
 141   h    -.64239345D+01   0.48864535D+01   -.28512186D+01
 142   o    -.64468002D+01   0.62789925D+01   -.16969739D+01
 143   h    -.11616146D+02   0.25190047D+01   -.36124002D+01
 144   h    -.11485566D+02   0.40366437D+01   -.60340841D+01
 145   o    -.12646046D+02   0.34358998D+01   -.47832744D+01
 146   h    -.77397507D+01   0.48101085D+01   -.93418604D+01
 147   h    -.10152742D+02   0.33516180D+01   -.98263862D+01
 148   o    -.95317779D+01   0.48915557D+01   -.91086682D+01
 149   h    -.13031550D+01   0.10848161D+02   -.11157320D+02
 150   h    0.53082403D+00   0.11427929D+02   -.90396932D+01
 151   h    -.26987177D+01   0.76806023D+01   -.91502422D+01
 152   o    0.28723835D-01   0.10114569D+02   -.10177497D+02
 153   h    0.27879128D+01   0.79109599D+01   -.11545092D+02
 154   h    0.29931370D+01   0.26955052D+01   -.93097351D+01
 155   h    -.38979378D+01   0.30651356D+01   -.89043889D+01
 156   o    0.93957176D+01   0.34425138D+01   -.91128256D+01
 157   h    0.78281899D+01   0.25413035D+01   -.91562893D+01
 158   h    0.93993081D+01   0.44200691D+01   -.10634811D+02
 159   h    0.32079988D+01   0.51810617D+01   -.12290400D+02
 160   h    0.70205210D+01   0.69562703D+01   -.12658707D+02
 161   o    0.87940289D+01   0.66758350D+01   -.12878861D+02
 162   h    0.94395593D+01   0.82711417D+01   -.13435574D+02
 163   o    0.35475826D+01   0.68769018D+01   -.12820090D+02
 164   h    0.11952517D+02   0.31157802D+01   -.27920701D+01
 165   h    0.10502908D+02   0.12442901D+02   -.14412940D+01
 166   o    0.94403151D+01   0.12429484D+02   -.51738808D+01
 167   h    0.84380045D+01   0.11501817D+02   -.63600618D+01
 168   h    0.10704164D+02   0.13239231D+02   -.61833724D+01
 169   h    0.73880727D+01   0.15871809D+02   -.16338571D+01
 170   o    0.57731129D+01   0.15114406D+02   -.13330127D+01
 171   h    0.41857431D+01   0.12733352D+02   -.38136560D+01
 172   h    0.91266206D+01   0.71391958D+01   -.14082238D+01
 173   o    0.10360990D+02   0.66966220D+01   -.50232696D+01
 174   h    0.92645706D+01   0.80696969D+01   -.54522374D+01
 175   o    0.54032935D+01   0.80948302D+01   -.66937874D+01
 176   h    0.46594974D+01   0.96963730D+01   -.63020472D+01
 177   h    0.41029731D+01   0.68905079D+01   -.63332277D+01
 178   h    0.10182788D+02   0.55289603D+01   -.63931320D+01
 179   h    0.52203680D+01   0.24379355D+01   -.82883382D+00
 180   o    0.47054177D+01   0.29551535D+01   0.82618820D+00
 181   h    0.60713117D+01   0.39773063D+01   0.14273100D+01
 182   o    0.53717351D+01   0.10412201D+02   0.26399472D+01
 183   h    0.67119288D+01   0.96153038D+01   0.17228632D+01
 184   o    0.85547896D+01   0.71265346D+01   0.30783636D+00
 185   h    0.99522419D+01   0.64647526D+01   0.12466522D+01
 186   o    0.81016333D+01   0.40241715D+01   0.48584855D+01
 187   h    0.91018652D+01   0.25369571D+01   0.46143329D+01
 188   h    0.92976408D+01   0.53074844D+01   0.52997365D+01
 189   o    0.11152785D+02   0.82165286D+01   0.52562728D+01
 190   h    0.10459444D+02   0.88063121D+01   0.68194542D+01
 191   h    0.55852741D+01   0.10261401D+02   0.64770358D+01
 192   h    0.50504817D+01   0.32427698D+01   0.65331607D+01
 193   o    0.36182584D+01   0.30294197D+01   0.76171075D+01
 194   h    0.11227807D+02   0.49650661D+01   0.10221150D+02
 195   h    0.74396622D+01   0.78708977D+01   0.95671158D+01
 196   o    0.91606357D+01   0.79619825D+01   0.10116081D+02
 197   h    0.93622695D+01   0.96633028D+01   0.10696038D+02
 198   h    0.33697594D+01   0.11284877D+02   0.79697304D+01
 199   o    0.50484030D+01   0.10639346D+02   0.81624824D+01
 200   h    0.82913617D+01   0.15806613D+02   0.38633558D+01
 201   o    0.66057262D+01   0.15181681D+02   0.36630449D+01
 202   h    0.67576601D+01   0.13391543D+02   0.38741272D+01
 203   h    0.40186913D+01   0.10539758D+02   0.14462073D+01
 204   h    0.58496468D+01   0.14550134D+02   0.38380335D+00
 205   o    0.10825673D+02   0.12606551D+02   0.33089102D+00
 206   h    0.10445649D+02   0.10975340D+02   0.10138380D+01
 207   o    0.12247314D+02   0.35281184D+01   0.10630654D+02
 208   h    0.12757351D+02   0.90425278D+01   0.51315509D+01
 209   h    0.15017274D+02   0.42586865D+01   0.37093431D+01
 210   h    0.13979626D+02   0.38493718D+01   0.10748761D+01
 211   o    0.14636873D+02   0.51298502D+01   0.21705393D+01
 212   h    0.15496131D+02   -.21336896D+01   0.77951197D+00
 213   h    0.13016055D+02   -.34937254D+01   0.35073314D+00
 214   o    0.13997767D+02   -.26796315D+01   0.16334791D+01
 215   h    0.13569744D+02   -.49561844D+01   0.40553520D+01
 216   h    0.11771859D+02   -.12196292D+01   0.43461808D+01
 217   h    0.77558134D+01   -.20507306D+01   -.24642027D+00
 218   h    0.52687450D+01   -.33389568D+01   0.33637123D+00
 219   h    0.44841308D+01   -.36449035D+01   0.61771363D+01
 220   o    0.54768039D+01   -.43645111D+01   0.75071255D+01
 221   h    0.10878775D+02   -.11338356D+01   0.70628509D+01
 222   o    0.10388769D+02   -.68294697D+00   0.53809948D+01
 223   h    0.11057354D+02   0.22030426D+01   0.10946238D+02
 224   h    0.10075263D+02   -.15546776D+01   0.11096093D+02
 225   o    0.73139955D+01   0.10467192D+01   0.11283743D+02
 226   h    0.57572392D+01   0.16860135D+01   0.10620638D+02
 227   h    0.70711657D+01   0.10312235D+01   0.13076148D+02
 228   h    0.53339406D+01   -.31832434D+01   0.88696179D+01
 229   o    0.11689845D+02   -.22325223D+01   0.10642937D+02
 230   h    0.11357820D+02   -.39644562D+01   0.10240047D+02
 231   h    0.76152178D+01   -.71363612D+01   0.64265801D+01
 232   o    0.88040444D+01   -.80216978D+01   0.53898765D+01
 233   h    0.90209850D+01   -.96187053D+01   0.62111514D+01
 234   o    0.67085273D+01   -.10769359D+02   0.18819781D+01
 235   h    0.75352824D+01   -.97434272D+01   0.31212604D+01
 236   h    0.76246664D+01   -.12328950D+02   0.19001195D+01
 237   h    0.11847826D+02   -.68077379D+01   0.53936559D+01
 238   o    0.13586752D+02   -.63413535D+01   0.52184783D+01
 239   h    0.12003162D+02   -.72803583D+01   -.29039419D+01
 240   o    0.12484664D+02   0.21644921D+01   -.13485085D+01
 241   h    0.13206350D+02   0.65686875D+00   -.20397702D+01
 242   h    0.11277507D+02   -.14135150D+01   -.79512111D+01
 243   o    0.12293990D+02   -.27828105D+01   -.73480105D+01
 244   h    0.12258275D+02   -.47607867D+01   -.42348759D+01
 245   o    0.12312132D+02   -.55248029D+01   -.25961056D+01
 246   h    0.50455684D+01   -.55368971D+00   -.35557084D+01
 247   o    0.49217913D+01   0.94032765D+00   -.45680346D+01
 248   o    0.62415760D+01   -.26577106D+01   -.10280109D+01
 249   o    0.63829275D+01   -.31864560D+01   -.83284004D+01
 250   h    0.52604302D+01   -.34349549D+01   -.69318929D+01
 251   h    0.59579281D+01   0.59790930D+00   -.60104625D+01
 252   h    0.69352944D+01   -.69819706D+01   -.26206720D+01
 253   h    0.66061041D+01   -.94544881D+01   -.12200071D+01
 254   o    0.66875513D+01   -.87539667D+01   -.28856116D+01
 255   o    0.11130675D+02   -.10841547D+02   -.40782177D+01
 256   h    0.94354019D+01   -.10418248D+02   -.36106994D+01
 257   h    0.49325628D+01   -.11292625D+02   -.45292952D+01
 258   h    0.36176914D+01   -.13832983D+02   -.44746822D+01
 259   o    0.43442911D+01   -.12622236D+02   -.56053052D+01
 260   h    0.11178485D+02   -.10608166D+02   -.58711897D+01
 261   h    0.58010808D+01   -.74196311D+01   -.11955540D+02
 262   h    0.43129216D+01   -.93348684D+01   -.10438468D+02
 263   o    0.56859965D+01   -.81643722D+01   -.10311101D+02
 264   o    0.36517065D+01   0.18330342D+01   -.10756887D+02
 265   h    0.63685656D+01   -.47666448D+01   -.92086347D+01
 266   h    0.34419469D+01   -.24292428D+01   -.14607771D+02
 267   h    0.49121537D+01   0.20195502D+01   -.14387051D+02
 268   o    0.41180909D+01   0.15389928D+01   -.15939650D+02
 269   h    0.53420664D+01   0.49907663D+00   -.16771885D+02
 270   h    0.12772847D+02   -.36842098D+01   -.88414610D+01
========================================================================
 ParseGeometry        :: Allocs=14,  DeAllocs=14, 0 bytes are presently allocated.
                         A max of 35688 bytes were allocated.
 Base(1)%BName   = 6-31Gss
 Opening BasFile = /scratch/mchalla/MONDO1/BasisSets/6-31Gss.bas
 ParseBaseSets        :: Allocs=65,  DeAllocs=64, 2160 bytes are presently allocated.
                         A max of 75232 bytes were allocated.
 Current HDF file :: /n/scratch/mchalla/MagnesiumScratch1/h2o_90_13677.hdf
 Restart HDF file :: /scratch/mchalla/WATER/h2o_90.hdf
 Restart using 6-31Gss/HFx density from previous geometry #1

 PROGRAM OF CALCULATIONS:

  A restricted Roothaan-Hall solution of the SCF using
  a tight accuracy level, 6-31Gss and the HFx model.
 

 Accuracy level 3 for the 6-31Gss basis set:
  TrixNeglect = 0.10D-05, CubeNeglect = 0.10D-06,
  TwoENeglect = 0.10D-09, DistNeglect = 0.10D-11
 MaxAtms = 271, MaxBlks = 72901, MaxNon0 = 5062501, BndWdth = 270
<<Entering MakeS 08/28/02 @ 12:03:05>>
 MakeS                :: S CheckSum  = 0.6794432355561783D+02
 MakeS                :: CPU Sec = 0.34D+01, WALL Sec = 0.50D+01
 MakeS                :: Allocs=37,  DeAllocs=36, 24 bytes are presently allocated.
                         A max of 82361424 bytes were allocated.
>-Exiting MakeS 08/28/02 @ 12:03:10-<
<<Entering BlokAInv 08/28/02 @ 12:03:11>>
 BlokAInv             :: CPU (Sec,MFLOPS) = (0.10690000D+02, 397),
                         WALL(Sec,MFLOPS) = (0.10730000D+02, 396)
 BlokAInv             :: Max(Z^t.A.Z-I)=0.14D-05, TrixThrsh=0.10D-05
 BlokAInv             :: Z CheckSum  = 0.1176072230068623D+03
 BlokAInv             :: CPU (Sec,MFLOPS) = (0.40800000D+02, 421),
                         WALL(Sec,MFLOPS) = (0.47620000D+02, 361)
 BlokAInv             :: Allocs=75,  DeAllocs=41, 123292028 bytes are presently allocated.
                         A max of 205463880 bytes were allocated.
>-Exiting BlokAInv 08/28/02 @ 12:03:58-<
<<Entering MakeT 08/28/02 @ 12:03:58>>
 MakeT                :: T CheckSum  = 0.3065535392753669D+03
 MakeT                :: CPU Sec = 0.70D+01, WALL Sec = 0.90D+01
 MakeT                :: Allocs=33,  DeAllocs=32, 24 bytes are presently allocated.
                         A max of 82212552 bytes were allocated.
>-Exiting MakeT 08/28/02 @ 12:04:08-<
<<Entering P2Use 08/28/02 @ 12:04:08>>
 P2Use                :: P[0] CheckSum  = 0.1487042738554722D+02
 P2Use                :: CPU Sec = 0.10600000D+01, WALL Sec = 0.83800000D+01
 P2Use                :: Allocs=27,  DeAllocs=27, 0 bytes are presently allocated.
                         A max of 41123412 bytes were allocated.
>-Exiting P2Use 08/28/02 @ 12:04:16-<
<<Entering MakeRho 08/28/02 @ 12:04:16>>
 MakeRho : Pruned Rho :: dNel = -.11D-09, kept 9% of distributions.
 MakeRho : Moments    :: <r> = (-.36D+01, -.66D+00, -.27D+01), <r^2> = 0.59D+03
 MakeRho              :: Rho CheckSum  = 0.1385630376750750D+05
 MakeRho              :: CPU Sec = 0.87D+02, WALL Sec = 0.97D+02
 MakeRho              :: Allocs=65,  DeAllocs=59, 1204 bytes are presently allocated.
                         A max of 173288504 bytes were allocated.
>-Exiting MakeRho 08/28/02 @ 12:05:54-<
<<Entering QCTC 08/28/02 @ 12:05:54>>
 QCTC                 :: J[0] CheckSum  = 0.4409886416083031D+03
 QCTC                 :: CPU Sec = 0.23D+02, WALL Sec = 0.44D+04
 QCTC                 :: Allocs=991473,  DeAllocs=50, 105007520 bytes are presently allocated.
                         A max of 187215344 bytes were allocated.
>-Exiting QCTC 08/28/02 @ 13:18:45-<
<<Entering ONX 08/28/02 @ 13:18:46>>
 ONX                  :: Kx[0] CheckSum  = 0.7573426704139946D+02
 ONX                  :: CPU Sec = 0.25D+03, WALL Sec = 0.90D+04
 ONX                  :: Allocs=259,  DeAllocs=258, 12 bytes are presently allocated.
                         A max of 379498876 bytes were allocated.
>-Exiting ONX 08/28/02 @ 15:49:12-<
<<Entering FockNGrueven 08/28/02 @ 15:49:12>>
 FockNGrueven         :: F[0] CheckSum  = 0.2389564566856142D+03
 FockNGrueven         :: OrthoF[0] CheckSum  = 0.2224864889707362D+03
 FockNGrueven         :: CPU (Sec,MFLOPS) = (0.40990000D+02, 428),
                         WALL(Sec,MFLOPS) = (0.51380000D+02, 341)
 FockNGrueven         :: Allocs=41,  DeAllocs=37, 20201036 bytes are presently allocated.
                         A max of 123256140 bytes were allocated.
>-Exiting FockNGrueven 08/28/02 @ 15:50:03-<
<<Entering PM 08/28/02 @ 15:50:04>>
 PM                   :: Trix = 0.10D-03
 PM : Pure 1          :: dE=0.10D+01, dP=0.59D-01, ThrX=0.10D-03, %Non0=18
 PM : Pure 2          :: dE=0.45D+00, dP=0.79D-01, ThrX=0.10D-03, %Non0=15
 PM : Pure 3          :: dE=0.37D+00, dP=0.10D+00, ThrX=0.10D-03, %Non0=14
 PM : Pure 4          :: dE=0.31D+00, dP=0.13D+00, ThrX=0.10D-03, %Non0=13
 PM : Pure 5          :: dE=0.24D+00, dP=0.13D+00, ThrX=0.10D-03, %Non0=13
 PM : Pure 6          :: dE=0.15D+00, dP=0.89D-01, ThrX=0.10D-03, %Non0=13
 PM : Pure 7          :: dE=0.52D-01, dP=0.36D-01, ThrX=0.10D-03, %Non0=13
 PM : Pure 8          :: dE=0.20D-01, dP=0.33D-01, ThrX=0.10D-03, %Non0=13
 PM : Pure 9          :: dE=0.21D-01, dP=0.41D-01, ThrX=0.10D-03, %Non0=13
 PM : Pure 10         :: dE=0.24D-01, dP=0.51D-01, ThrX=0.10D-03, %Non0=14
 PM : Pure 11         :: dE=0.27D-01, dP=0.64D-01, ThrX=0.10D-03, %Non0=15
 PM : Pure 12         :: dE=0.32D-01, dP=0.82D-01, ThrX=0.10D-03, %Non0=16
 PM : Pure 13         :: dE=0.36D-01, dP=0.10D+00, ThrX=0.10D-03, %Non0=18
 PM : Pure 14         :: dE=0.41D-01, dP=0.13D+00, ThrX=0.10D-03, %Non0=21
 PM : Pure 15         :: dE=0.45D-01, dP=0.16D+00, ThrX=0.10D-03, %Non0=23
 PM : Pure 16         :: dE=0.46D-01, dP=0.18D+00, ThrX=0.10D-03, %Non0=25
 PM : Pure 17         :: dE=0.43D-01, dP=0.19D+00, ThrX=0.10D-03, %Non0=28
 PM : Pure 18         :: dE=0.35D-01, dP=0.19D+00, ThrX=0.10D-03, %Non0=31
 PM : Pure 19         :: dE=0.28D-01, dP=0.19D+00, ThrX=0.10D-03, %Non0=34
 PM : Pure 20         :: dE=0.19D-01, dP=0.17D+00, ThrX=0.10D-03, %Non0=38
 PM : Pure 21         :: dE=0.92D-02, dP=0.13D+00, ThrX=0.10D-03, %Non0=41
 PM : Pure 22         :: dE=0.26D-02, dP=0.93D-01, ThrX=0.10D-03, %Non0=42
 PM : Pure 23         :: dE=0.34D-03, dP=0.44D-01, ThrX=0.10D-03, %Non0=43
 PM : Pure 24         :: dE=0.15D-04, dP=0.76D-02, ThrX=0.10D-03, %Non0=43
 PM : Pure 25         :: dE=0.14D-06, dP=0.30D-03, ThrX=0.10D-03, %Non0=43
 PM : Pure 26         :: dE=0.13D-07, dP=0.22D-03, ThrX=0.10D-03, %Non0=43
 PM : Pure 27         :: dE=0.12D-07, dP=0.19D-03, ThrX=0.10D-03, %Non0=44
 PM : Pure 28         :: dE=0.93D-08, dP=0.25D-03, ThrX=0.10D-03, %Non0=44
 PM : Hit dP increase :: Tr{FP}=-.2131766665178541D+04, dNel = 0.11D-12
 PM                   :: 28 purification steps, 59 matrix multiplies
 PM                   :: Fractional occupation = 0.20D+00, %Non0s = 44
 PM : Max abs errors  :: dE=0.20D-04, dP=0.25D-03, [F,P]=0.22D-01
 PM                   :: Rel dE=0.93D-08, ||dP||_F=0.14D-02, ||[F,P]||_F=0.78D+00
 PM                   :: OrthoP[1] CheckSum  = 0.2121321073093212D+02
 PM                   :: P[1] CheckSum  = 0.1490593353089681D+02
 PM                   :: CPU (Sec,MFLOPS) = (0.41271000D+03, 437),
                         WALL(Sec,MFLOPS) = (0.43895000D+03, 411)
 PM                   :: Allocs=449,  DeAllocs=441, 82168600 bytes are presently allocated.
                         A max of 287593352 bytes were allocated.
>-Exiting PM 08/28/02 @ 15:57:24-<
<<Entering SCFStatus 08/28/02 @ 15:57:25>>
 
= = = = = SCFCycle #0, Basis #1, Geometry #1 = = = = =

       MaxDelD = 0.39D-01
       <T>     = 0.68247032D+04
       <V>     = -.12860362D+05
       <HF>    = -.80741239D+03
       <SCF>   = -6843.07142064

 SCFStatus            :: CPU (Sec,MFLOPS) = (0.19700000D+01, 14),
                         WALL(Sec,MFLOPS) = (0.20000000D+01, 14)
 SCFStatus            :: Allocs=16,  DeAllocs=16, 0 bytes are presently allocated.
                         A max of 123256140 bytes were allocated.
>-Exiting SCFStatus 08/28/02 @ 15:57:27-<
<<Entering MakeRho 08/28/02 @ 15:57:27>>
 MakeRho : Pruned Rho :: dNel = -.34D-07, kept 10% of distributions.
 MakeRho : Moments    :: <r> = (-.35D+01, -.64D+00, -.27D+01), <r^2> = 0.59D+03
 MakeRho              :: Rho CheckSum  = 0.1385585013081759D+05
 MakeRho              :: CPU Sec = 0.87D+02, WALL Sec = 0.97D+02
 MakeRho              :: Allocs=64,  DeAllocs=59, 1192 bytes are presently allocated.
                         A max of 160662036 bytes were allocated.
>-Exiting MakeRho 08/28/02 @ 15:59:04-<
<<Entering QCTC 08/28/02 @ 15:59:04>>
 QCTC                 :: J[1] CheckSum  = 0.4410290764276927D+03
 QCTC                 :: CPU Sec = 0.17D+03, WALL Sec = 0.46D+04
 QCTC                 :: Allocs=1068898,  DeAllocs=50, 112957144 bytes are presently allocated.
                         A max of 195164968 bytes were allocated.
>-Exiting QCTC 08/28/02 @ 17:15:53-<
<<Entering ONX 08/28/02 @ 17:15:53>>
 ONX                  :: Kx[1] CheckSum  = 0.7572127771706587D+02
 ONX                  :: WALL (Sec) = 0.11D+05
 ONX                  :: Allocs=258,  DeAllocs=258, 0 bytes are presently allocated.
                         A max of 368629856 bytes were allocated.
>-Exiting ONX 08/28/02 @ 20:24:18-<
<<Entering FockNGrueven 08/28/02 @ 20:24:18>>
 FockNGrueven         :: F[1] CheckSum  = 0.2389901598016870D+03
 FockNGrueven         :: OrthoF[1] CheckSum  = 0.2225003854494996D+03
 FockNGrueven         :: CPU (Sec,MFLOPS) = (0.49830000D+02, 416),
                         WALL(Sec,MFLOPS) = (0.62250000D+02, 333)
 FockNGrueven         :: Allocs=41,  DeAllocs=37, 20201036 bytes are presently allocated.
                         A max of 123256140 bytes were allocated.
>-Exiting FockNGrueven 08/28/02 @ 20:25:20-<
<<Entering DIIS 08/28/02 @ 20:25:20>>
 DIIS : Damping       :: Co = 0.80D+00, 0.20D+00
 DIIS                 :: F_DIIS[1] CheckSum  = 0.2224892653142109D+03
 DIIS                 :: CPU (Sec,MFLOPS) = (0.47790000D+02, 414),
                         WALL(Sec,MFLOPS) = (0.61020000D+02, 324)
 DIIS                 :: Allocs=34,  DeAllocs=30, 144 bytes are presently allocated.
                         A max of 164924868 bytes were allocated.
>-Exiting DIIS 08/28/02 @ 20:26:22-<
<<Entering PM 08/28/02 @ 20:26:22>>
 PM                   :: Trix = 0.10D-03
 PM : Pure 1          :: dE=0.10D+01, dP=0.59D-01, ThrX=0.10D-03, %Non0=18
 PM : Pure 2          :: dE=0.45D+00, dP=0.79D-01, ThrX=0.10D-03, %Non0=15
 PM : Pure 3          :: dE=0.37D+00, dP=0.10D+00, ThrX=0.10D-03, %Non0=13
 PM : Pure 4          :: dE=0.31D+00, dP=0.13D+00, ThrX=0.10D-03, %Non0=13
 PM : Pure 5          :: dE=0.24D+00, dP=0.13D+00, ThrX=0.10D-03, %Non0=13
 PM : Pure 6          :: dE=0.15D+00, dP=0.89D-01, ThrX=0.10D-03, %Non0=13
 PM : Pure 7          :: dE=0.52D-01, dP=0.36D-01, ThrX=0.10D-03, %Non0=13
 PM : Pure 8          :: dE=0.20D-01, dP=0.33D-01, ThrX=0.10D-03, %Non0=13
 PM : Pure 9          :: dE=0.21D-01, dP=0.41D-01, ThrX=0.10D-03, %Non0=13
 PM : Pure 10         :: dE=0.24D-01, dP=0.51D-01, ThrX=0.10D-03, %Non0=14
 PM : Pure 11         :: dE=0.27D-01, dP=0.64D-01, ThrX=0.10D-03, %Non0=15
 PM : Pure 12         :: dE=0.32D-01, dP=0.82D-01, ThrX=0.10D-03, %Non0=16
 PM : Pure 13         :: dE=0.36D-01, dP=0.10D+00, ThrX=0.10D-03, %Non0=18
 PM : Pure 14         :: dE=0.41D-01, dP=0.13D+00, ThrX=0.10D-03, %Non0=21
 PM : Pure 15         :: dE=0.45D-01, dP=0.16D+00, ThrX=0.10D-03, %Non0=23
 PM : Pure 16         :: dE=0.46D-01, dP=0.18D+00, ThrX=0.10D-03, %Non0=25
 PM : Pure 17         :: dE=0.43D-01, dP=0.19D+00, ThrX=0.10D-03, %Non0=28
 PM : Pure 18         :: dE=0.35D-01, dP=0.19D+00, ThrX=0.10D-03, %Non0=31
 PM : Pure 19         :: dE=0.28D-01, dP=0.19D+00, ThrX=0.10D-03, %Non0=34
 PM : Pure 20         :: dE=0.19D-01, dP=0.17D+00, ThrX=0.10D-03, %Non0=38
 PM : Pure 21         :: dE=0.92D-02, dP=0.13D+00, ThrX=0.10D-03, %Non0=41
 PM : Pure 22         :: dE=0.26D-02, dP=0.93D-01, ThrX=0.10D-03, %Non0=42
 PM : Pure 23         :: dE=0.34D-03, dP=0.44D-01, ThrX=0.10D-03, %Non0=43
 PM : Pure 24         :: dE=0.15D-04, dP=0.76D-02, ThrX=0.10D-03, %Non0=43
 PM : Pure 25         :: dE=0.14D-06, dP=0.29D-03, ThrX=0.10D-03, %Non0=43
 PM : Pure 26         :: dE=0.13D-07, dP=0.22D-03, ThrX=0.10D-03, %Non0=43
 PM : Pure 27         :: dE=0.12D-07, dP=0.21D-03, ThrX=0.10D-03, %Non0=44
 PM : Pure 28         :: dE=0.94D-08, dP=0.21D-03, ThrX=0.10D-03, %Non0=44
 PM : Pure 29         :: dE=0.89D-08, dP=0.16D-03, ThrX=0.10D-03, %Non0=44
 PM : Pure 30         :: dE=0.85D-08, dP=0.14D-03, ThrX=0.10D-03, %Non0=44
 PM : Pure 31         :: dE=0.79D-08, dP=0.13D-03, ThrX=0.10D-03, %Non0=44
 PM : Pure 32         :: dE=0.78D-08, dP=0.14D-03, ThrX=0.10D-03, %Non0=44
 PM : Hit dP increase :: Tr{FP}=-.2131879852316820D+04, dNel = 0.34D-12
 PM                   :: 32 purification steps, 67 matrix multiplies
 PM                   :: Fractional occupation = 0.20D+00, %Non0s = 44
 PM : Max abs errors  :: dE=0.17D-04, dP=0.14D-03, [F,P]=0.22D-01
 PM                   :: Rel dE=0.78D-08, ||dP||_F=0.20D-02, ||[F,P]||_F=0.78D+00
 PM                   :: OrthoP[2] CheckSum  = 0.2121321319638538D+02
 PM                   :: P[2] CheckSum  = 0.1490692001339470D+02
 PM                   :: CPU (Sec,MFLOPS) = (0.50807000D+03, 432),
                         WALL(Sec,MFLOPS) = (0.53951000D+03, 407)
 PM                   :: Allocs=505,  DeAllocs=497, 82168600 bytes are presently allocated.
                         A max of 287593352 bytes were allocated.
>-Exiting PM 08/28/02 @ 20:35:22-<
<<Entering SCFStatus 08/28/02 @ 20:35:22>>
 
= = = = = SCFCycle #1, Basis #1, Geometry #1 = = = = =

       DIISErr = 0.33D-03
       MaxDelD = 0.60D-02
       <T>     = 0.68237541D+04
       <V>     = -.12859449D+05
       <HF>    = -.80715156D+03
       <SCF>   = -6842.84652136

 SCFStatus            :: CPU (Sec,MFLOPS) = (0.20100000D+01, 13),
                         WALL(Sec,MFLOPS) = (0.20100000D+01, 13)
 SCFStatus            :: Allocs=16,  DeAllocs=16, 0 bytes are presently allocated.
                         A max of 123256140 bytes were allocated.
>-Exiting SCFStatus 08/28/02 @ 20:35:24-<
<<Entering MakeRho 08/28/02 @ 20:35:25>>
 MakeRho : Pruned Rho :: dNel = -.34D-07, kept 10% of distributions.
 MakeRho : Moments    :: <r> = (-.35D+01, -.64D+00, -.27D+01), <r^2> = 0.59D+03
 MakeRho              :: Rho CheckSum  = 0.1385598070451074D+05
 MakeRho              :: CPU Sec = 0.94D+02, WALL Sec = 0.96D+02
 MakeRho              :: Allocs=64,  DeAllocs=59, 1192 bytes are presently allocated.
                         A max of 160595868 bytes were allocated.
>-Exiting MakeRho 08/28/02 @ 20:37:01-<
<<Entering QCTC 08/28/02 @ 20:37:01>>
 QCTC                 :: J[2] CheckSum  = 0.4410241011843431D+03
 QCTC                 :: CPU Sec = 0.44D+03, WALL Sec = 0.48D+04
 QCTC                 :: Allocs=1069248,  DeAllocs=50, 112990536 bytes are presently allocated.
                         A max of 195198360 bytes were allocated.
>-Exiting QCTC 08/28/02 @ 21:57:05-<
<<Entering ONX 08/28/02 @ 21:57:05>>
 ONX                  :: Kx[2] CheckSum  = 0.7572171026968695D+02
 ONX                  :: WALL (Sec) = 0.11D+05
 ONX                  :: Allocs=258,  DeAllocs=258, 0 bytes are presently allocated.
                         A max of 368598224 bytes were allocated.
>-Exiting ONX 08/29/02 @ 01:05:21-<
<<Entering FockNGrueven 08/29/02 @ 01:05:21>>
 FockNGrueven         :: F[2] CheckSum  = 0.2389856580646082D+03
 FockNGrueven         :: OrthoF[2] CheckSum  = 0.2224983368229772D+03
 FockNGrueven         :: CPU (Sec,MFLOPS) = (0.49380000D+02, 420),
                         WALL(Sec,MFLOPS) = (0.68760000D+02, 301)
 FockNGrueven         :: Allocs=41,  DeAllocs=37, 20201036 bytes are presently allocated.
                         A max of 123256140 bytes were allocated.
>-Exiting FockNGrueven 08/29/02 @ 01:06:30-<
<<Entering DIIS 08/29/02 @ 01:06:30>>
 DIIS                 :: Cond# = 0.39D+04, MIN(E) = 0.53D-03
 DIIS : Pulay C1      :: DIISCo = 0.36D+01, -.26D+01
 DIIS                 :: F_DIIS[2] CheckSum  = 0.2225057725514666D+03
 DIIS                 :: CPU (Sec,MFLOPS) = (0.47880000D+02, 416),
                         WALL(Sec,MFLOPS) = (0.62640000D+02, 318)
 DIIS                 :: Allocs=45,  DeAllocs=40, 216 bytes are presently allocated.
                         A max of 164924868 bytes were allocated.
>-Exiting DIIS 08/29/02 @ 01:07:33-<
<<Entering PM 08/29/02 @ 01:07:33>>
 PM                   :: Trix = 0.10D-03
 PM : Pure 1          :: dE=0.10D+01, dP=0.59D-01, ThrX=0.10D-03, %Non0=18
 PM : Pure 2          :: dE=0.45D+00, dP=0.79D-01, ThrX=0.10D-03, %Non0=15
 PM : Pure 3          :: dE=0.37D+00, dP=0.10D+00, ThrX=0.10D-03, %Non0=13
 PM : Pure 4          :: dE=0.31D+00, dP=0.13D+00, ThrX=0.10D-03, %Non0=13
 PM : Pure 5          :: dE=0.24D+00, dP=0.13D+00, ThrX=0.10D-03, %Non0=13
 PM : Pure 6          :: dE=0.15D+00, dP=0.89D-01, ThrX=0.10D-03, %Non0=13
 PM : Pure 7          :: dE=0.52D-01, dP=0.36D-01, ThrX=0.10D-03, %Non0=13
 PM : Pure 8          :: dE=0.20D-01, dP=0.33D-01, ThrX=0.10D-03, %Non0=13
 PM : Pure 9          :: dE=0.21D-01, dP=0.41D-01, ThrX=0.10D-03, %Non0=13
 PM : Pure 10         :: dE=0.24D-01, dP=0.51D-01, ThrX=0.10D-03, %Non0=14
 PM : Pure 11         :: dE=0.27D-01, dP=0.64D-01, ThrX=0.10D-03, %Non0=15
 PM : Pure 12         :: dE=0.32D-01, dP=0.81D-01, ThrX=0.10D-03, %Non0=16
 PM : Pure 13         :: dE=0.36D-01, dP=0.10D+00, ThrX=0.10D-03, %Non0=18
 PM : Pure 14         :: dE=0.41D-01, dP=0.13D+00, ThrX=0.10D-03, %Non0=21
 PM : Pure 15         :: dE=0.45D-01, dP=0.16D+00, ThrX=0.10D-03, %Non0=23
 PM : Pure 16         :: dE=0.46D-01, dP=0.18D+00, ThrX=0.10D-03, %Non0=25
 PM : Pure 17         :: dE=0.43D-01, dP=0.19D+00, ThrX=0.10D-03, %Non0=28
 PM : Pure 18         :: dE=0.35D-01, dP=0.19D+00, ThrX=0.10D-03, %Non0=31
 PM : Pure 19         :: dE=0.28D-01, dP=0.19D+00, ThrX=0.10D-03, %Non0=34
 PM : Pure 20         :: dE=0.19D-01, dP=0.17D+00, ThrX=0.10D-03, %Non0=38
 PM : Pure 21         :: dE=0.92D-02, dP=0.13D+00, ThrX=0.10D-03, %Non0=41
 PM : Pure 22         :: dE=0.26D-02, dP=0.94D-01, ThrX=0.10D-03, %Non0=43
 PM : Pure 23         :: dE=0.34D-03, dP=0.44D-01, ThrX=0.10D-03, %Non0=43
 PM : Pure 24         :: dE=0.15D-04, dP=0.77D-02, ThrX=0.10D-03, %Non0=44
 PM : Pure 25         :: dE=0.14D-06, dP=0.30D-03, ThrX=0.10D-03, %Non0=44
 PM : Pure 26         :: dE=0.13D-07, dP=0.22D-03, ThrX=0.10D-03, %Non0=44
 PM : Pure 27         :: dE=0.11D-07, dP=0.19D-03, ThrX=0.10D-03, %Non0=44
 PM : Pure 28         :: dE=0.89D-08, dP=0.18D-03, ThrX=0.10D-03, %Non0=44
 PM : Pure 29         :: dE=0.83D-08, dP=0.13D-03, ThrX=0.10D-03, %Non0=44
 PM : Pure 30         :: dE=0.78D-08, dP=0.14D-03, ThrX=0.10D-03, %Non0=44
 PM : Hit dP increase :: Tr{FP}=-.2132524664748384D+04, dNel = 0.34D-12
 PM                   :: 30 purification steps, 63 matrix multiplies
 PM                   :: Fractional occupation = 0.20D+00, %Non0s = 44
 PM : Max abs errors  :: dE=0.17D-04, dP=0.14D-03, [F,P]=0.22D-01
 PM                   :: Rel dE=0.78D-08, ||dP||_F=0.17D-02, ||[F,P]||_F=0.77D+00
 PM                   :: OrthoP[3] CheckSum  = 0.2121321198778105D+02
 PM                   :: P[3] CheckSum  = 0.1491117911376308D+02
 PM                   :: CPU (Sec,MFLOPS) = (0.45675000D+03, 443),
                         WALL(Sec,MFLOPS) = (0.49260000D+03, 411)
 PM                   :: Allocs=479,  DeAllocs=471, 82168600 bytes are presently allocated.
                         A max of 287593352 bytes were allocated.
>-Exiting PM 08/29/02 @ 01:15:46-<
<<Entering SCFStatus 08/29/02 @ 01:15:46>>
 
= = = = = SCFCycle #2, Basis #1, Geometry #1 = = = = =

       DIISErr = 0.33D-03
       MaxDelD = 0.52D-02
       <T>     = 0.68239083D+04
       <V>     = -.12859582D+05
       <HF>    = -.80716859D+03
       <SCF>   = -6842.84234903

 SCFStatus            :: CPU (Sec,MFLOPS) = (0.18400000D+01, 14),
                         WALL(Sec,MFLOPS) = (0.18800000D+01, 14)
 SCFStatus            :: Allocs=16,  DeAllocs=16, 0 bytes are presently allocated.
                         A max of 123256140 bytes were allocated.
>-Exiting SCFStatus 08/29/02 @ 01:15:48-<
<<Entering MakeRho 08/29/02 @ 01:15:49>>
 MakeRho : Pruned Rho :: dNel = -.36D-07, kept 10% of distributions.
 MakeRho : Moments    :: <r> = (-.35D+01, -.64D+00, -.27D+01), <r^2> = 0.59D+03
 MakeRho              :: Rho CheckSum  = 0.1385665473458517D+05
 MakeRho              :: CPU Sec = 0.94D+02, WALL Sec = 0.97D+02
 MakeRho              :: Allocs=64,  DeAllocs=59, 1192 bytes are presently allocated.
                         A max of 160849684 bytes were allocated.
>-Exiting MakeRho 08/29/02 @ 01:17:26-<
<<Entering QCTC 08/29/02 @ 01:17:27>>
 QCTC                 :: J[3] CheckSum  = 0.4409975582190327D+03
 QCTC                 :: CPU Sec = 0.24D+03, WALL Sec = 0.47D+04
 QCTC                 :: Allocs=1070823,  DeAllocs=50, 113155688 bytes are presently allocated.
                         A max of 195363512 bytes were allocated.
>-Exiting QCTC 08/29/02 @ 02:35:14-<
<<Entering ONX 08/29/02 @ 02:35:14>>
 ONX                  :: Kx[3] CheckSum  = 0.7572421669416640D+02
 ONX                  :: WALL (Sec) = 0.11D+05
 ONX                  :: Allocs=258,  DeAllocs=258, 0 bytes are presently allocated.
                         A max of 368698000 bytes were allocated.
>-Exiting ONX 08/29/02 @ 05:41:54-<
<<Entering FockNGrueven 08/29/02 @ 05:41:54>>
 FockNGrueven         :: F[3] CheckSum  = 0.2389617084317580D+03
 FockNGrueven         :: OrthoF[3] CheckSum  = 0.2224875197802105D+03
 FockNGrueven         :: CPU (Sec,MFLOPS) = (0.48290000D+02, 429),
                         WALL(Sec,MFLOPS) = (0.60020000D+02, 345)
 FockNGrueven         :: Allocs=41,  DeAllocs=37, 20201036 bytes are presently allocated.
                         A max of 123256140 bytes were allocated.
>-Exiting FockNGrueven 08/29/02 @ 05:42:54-<
<<Entering DIIS 08/29/02 @ 05:42:54>>
 DIIS                 :: Cond# = 0.57D+04, MIN(E) = 0.49D-03
 DIIS : Pulay C1      :: DIISCo = 0.35D+01, 0.28D+00, -.28D+01
 DIIS                 :: F_DIIS[3] CheckSum  = 0.2225353859148096D+03
 DIIS                 :: CPU (Sec,MFLOPS) = (0.49150000D+02, 408),
                         WALL(Sec,MFLOPS) = (0.65680000D+02, 305)
 DIIS                 :: Allocs=53,  DeAllocs=48, 272 bytes are presently allocated.
                         A max of 164924868 bytes were allocated.
>-Exiting DIIS 08/29/02 @ 05:44:00-<
<<Entering PM 08/29/02 @ 05:44:00>>
 PM                   :: Trix = 0.10D-03
 PM : Pure 1          :: dE=0.10D+01, dP=0.59D-01, ThrX=0.10D-03, %Non0=18
 PM : Pure 2          :: dE=0.45D+00, dP=0.79D-01, ThrX=0.10D-03, %Non0=15
 PM : Pure 3          :: dE=0.37D+00, dP=0.10D+00, ThrX=0.10D-03, %Non0=13
 PM : Pure 4          :: dE=0.31D+00, dP=0.13D+00, ThrX=0.10D-03, %Non0=13
 PM : Pure 5          :: dE=0.24D+00, dP=0.13D+00, ThrX=0.10D-03, %Non0=13
 PM : Pure 6          :: dE=0.15D+00, dP=0.89D-01, ThrX=0.10D-03, %Non0=13
 PM : Pure 7          :: dE=0.52D-01, dP=0.36D-01, ThrX=0.10D-03, %Non0=13
 PM : Pure 8          :: dE=0.20D-01, dP=0.33D-01, ThrX=0.10D-03, %Non0=13
 PM : Pure 9          :: dE=0.21D-01, dP=0.41D-01, ThrX=0.10D-03, %Non0=13
 PM : Pure 10         :: dE=0.24D-01, dP=0.51D-01, ThrX=0.10D-03, %Non0=14
 PM : Pure 11         :: dE=0.27D-01, dP=0.64D-01, ThrX=0.10D-03, %Non0=15
 PM : Pure 12         :: dE=0.32D-01, dP=0.81D-01, ThrX=0.10D-03, %Non0=16
 PM : Pure 13         :: dE=0.36D-01, dP=0.10D+00, ThrX=0.10D-03, %Non0=18
 PM : Pure 14         :: dE=0.41D-01, dP=0.13D+00, ThrX=0.10D-03, %Non0=21
 PM : Pure 15         :: dE=0.45D-01, dP=0.16D+00, ThrX=0.10D-03, %Non0=23
 PM : Pure 16         :: dE=0.46D-01, dP=0.18D+00, ThrX=0.10D-03, %Non0=25
 PM : Pure 17         :: dE=0.43D-01, dP=0.19D+00, ThrX=0.10D-03, %Non0=28
 PM : Pure 18         :: dE=0.35D-01, dP=0.19D+00, ThrX=0.10D-03, %Non0=31
 PM : Pure 19         :: dE=0.28D-01, dP=0.19D+00, ThrX=0.10D-03, %Non0=34
 PM : Pure 20         :: dE=0.19D-01, dP=0.17D+00, ThrX=0.10D-03, %Non0=38
 PM : Pure 21         :: dE=0.91D-02, dP=0.13D+00, ThrX=0.10D-03, %Non0=41
 PM : Pure 22         :: dE=0.26D-02, dP=0.94D-01, ThrX=0.10D-03, %Non0=43
 PM : Pure 23         :: dE=0.34D-03, dP=0.44D-01, ThrX=0.10D-03, %Non0=43
 PM : Pure 24         :: dE=0.15D-04, dP=0.79D-02, ThrX=0.10D-03, %Non0=43
 PM : Pure 25         :: dE=0.14D-06, dP=0.30D-03, ThrX=0.10D-03, %Non0=43
 PM : Pure 26         :: dE=0.13D-07, dP=0.22D-03, ThrX=0.10D-03, %Non0=44
 PM : Pure 27         :: dE=0.11D-07, dP=0.18D-03, ThrX=0.10D-03, %Non0=44
 PM : Pure 28         :: dE=0.91D-08, dP=0.21D-03, ThrX=0.10D-03, %Non0=44
 PM : Hit dP increase :: Tr{FP}=-.2133590213160959D+04, dNel = 0.11D-12
 PM                   :: 28 purification steps, 59 matrix multiplies
 PM                   :: Fractional occupation = 0.20D+00, %Non0s = 44
 PM : Max abs errors  :: dE=0.19D-04, dP=0.21D-03, [F,P]=0.22D-01
 PM                   :: Rel dE=0.91D-08, ||dP||_F=0.15D-02, ||[F,P]||_F=0.77D+00
 PM                   :: OrthoP[4] CheckSum  = 0.2121321024507676D+02
 PM                   :: P[4] CheckSum  = 0.1491154119551217D+02
 PM                   :: CPU (Sec,MFLOPS) = (0.41331000D+03, 439),
                         WALL(Sec,MFLOPS) = (0.42933000D+03, 423)
 PM                   :: Allocs=449,  DeAllocs=441, 82168600 bytes are presently allocated.
                         A max of 287593352 bytes were allocated.
>-Exiting PM 08/29/02 @ 05:51:10-<
<<Entering SCFStatus 08/29/02 @ 05:51:10>>
 
= = = = = SCFCycle #3, Basis #1, Geometry #1 = = = = =

       DIISErr = 0.34D-03
       MaxDelD = 0.52D-02
       <T>     = 0.68247288D+04
       <V>     = -.12860290D+05
       <HF>    = -.80726277D+03
       <SCF>   = -6842.82395883

 SCFStatus            :: CPU (Sec,MFLOPS) = (0.17700000D+01, 15),
                         WALL(Sec,MFLOPS) = (0.18000000D+01, 15)
 SCFStatus            :: Allocs=16,  DeAllocs=16, 0 bytes are presently allocated.
                         A max of 123256140 bytes were allocated.
>-Exiting SCFStatus 08/29/02 @ 05:51:12-<
 SCF convergence stalled.
 Convergence statistics for RHFx/6-31Gss:
========================================================================
SCF    Ink       Total             Delta       Max         DIIS   
Cycle  Fok       Energy            E_Tot       Delta P     Error  
  0,    F,           0.00000000, 0.0000D+00, 0.0000D+00, 0.0000D+00, 
  1,    F,       -6842.84652136, 0.3287D-04, 0.3291D-01, 0.0000D+00, 
  2,    F,       -6842.84234903, 0.6097D-06, 0.7812D-03, 0.3334D-03, 
  3,    F,       -6842.82395883, 0.2688D-05, 0.1590D-04, 0.3416D-03, 
========================================================================
>-Succesfull MondoSCF run 08/29/02 @ 05:51:15-<
