

 __    __                 _       ____________ ______ 
|  \  /  |               | |     /       /    |      |
|   \/   | ___  _ __   __| | ___/   ____/   __|  |==='
|        |/ _ \| '_ \ / _  |/ _ \____  \   (__|  ____|
|  |\/|  | (_) | | | | (_| | (_) )     /\     |  |    
|__|  |__|\___/|_| |_|\____|\___/_____/  \____|__|    

 Version 1.0 alpha 4                                  
 A program suite for O(N) SCF theory and ab initio MD 
 Matt Challacombe, Eric Schwegler, C.J. Tymczak,      
 Chee Kwan Gan, Karoly Nemeth and Anders Niklasson    
 Los Alamos National Laboratory (LA-CC 01-2)          
 Copywrite 2001, University of California.            

 Compiled for AMDLinux.PG, executing on magnesium
 a i686 machine running Linux 2.4.18-5smp

Water Cluster Scaling                                                                                                           
  
<<Starting MondoSCF 08/27/02 @ 14:07:39>>
 ** Auto-Wraps at default value => (Off) **
 ** Atom-Wrap at default value => (AtomWrap-Off) **
 ** Lattice Vector Format at default value => (Vector Format) **
 ** Coodinate Format at default value => (Atomic Coord) **
========================================================================
 Internal representation of the geometry:
 Geometry originally in Angstroms has been converted to AU.
 Geometry has been reordered using the Hilbert curve.
 Number of electrons = 700
------------------------------------------------------------------------
  *** Periodic is Off *** 
------------------------------------------------------------------------
 1   h    -.59316609D+01   0.14265541D+01   -.62136080D+01
 2   o    -.73463098D+01   -.35944478D+01   -.97256638D+01
 3   h    -.82477091D+01   -.20690610D+01   -.10089814D+02
 4   h    -.86386934D+01   -.48267381D+01   -.94371026D+01
 5   h    -.14524434D+01   -.12474081D+01   -.11040346D+02
 6   o    -.51872978D+00   -.19974404D+01   -.96848457D+01
 7   h    -.16688170D+01   -.31787081D+01   -.89406716D+01
 8   h    -.46946463D+01   -.46902999D+01   -.76422409D+01
 9   o    -.35611886D+01   -.48023607D+01   -.62370406D+01
 10   h    -.33166581D+01   -.65777582D+01   -.59919432D+01
 11   h    -.14702068D+01   -.98046543D+01   -.72484220D+01
 12   h    -.53188228D+01   -.10287479D+02   -.38032625D+01
 13   h    -.16291328D+01   -.10924695D+02   -.46207580D+01
 14   o    -.17088792D+01   -.93533878D+01   -.55130866D+01
 15   h    -.88287998D+00   -.73871279D+01   0.95903594D+00
 16   h    -.53857191D+01   0.64723115D+00   -.35156462D+01
 17   h    0.95450060D+00   -.41721370D+01   -.56778707D+01
 18   h    0.59167321D+00   -.41745937D+01   -.15172610D+01
 19   o    -.58127971D+00   -.40457144D+01   -.14626479D+00
 20   h    0.31822986D+00   -.31418584D+01   0.11366702D+01
 21   h    -.47112759D+01   -.73207985D+00   -.87116368D-01
 22   h    -.37679246D+01   -.29508071D+01   -.16272430D+01
 23   o    -.52655325D+01   -.20152038D+01   -.12353139D+01
 24   h    -.80366267D+01   -.31267406D+01   -.38465372D+01
 25   o    -.10518593D+02   0.10597583D+01   -.25605787D+00
 26   h    -.10114002D+02   -.17124697D+01   -.24795095D+01
 27   o    -.98358348D+01   -.29676257D+01   -.37520510D+01
 28   o    -.67189208D+01   -.10925262D+02   -.28521634D+01
 29   h    -.81604037D+01   -.10605520D+02   -.38971819D+01
 30   h    -.71306920D+01   -.94754641D+01   0.62720006D+00
 31   o    -.10137624D+02   -.65242790D+01   0.45629324D+01
 32   h    -.11447960D+02   -.65286253D+01   0.33160912D+01
 33   h    -.87348804D+01   -.73257118D+01   0.37492164D+01
 34   h    -.68205880D+01   -.10360234D+02   0.33300751D+01
 35   o    -.63931320D+01   -.90054892D+01   0.22104125D+01
 36   h    -.27875348D+01   -.89418054D+01   0.24216839D+01
 37   o    -.12177394D+01   -.90697399D+01   0.15321898D+01
 38   h    0.66197101D+00   -.10707754D+02   0.39561414D+01
 39   o    0.13747757D+01   -.11631263D+02   0.53384759D+01
 40   h    -.40812412D+01   -.61446330D+01   0.72869724D+01
 41   h    0.48301396D+00   -.80910508D+01   0.92719406D+01
 42   o    -.33501062D+01   -.69109169D+01   0.87533998D+01
 43   h    -.45640662D+01   -.81477426D+01   0.92719406D+01
 44   h    -.98777867D+01   -.23640472D+01   0.89818676D+01
 45   h    -.17846572D+01   -.27157252D+01   0.87874148D+01
 46   h    0.80388944D+00   -.15061116D+01   0.11672837D+02
 47   h    -.34345770D+01   -.42726705D+00   0.92628699D+01
 48   o    -.21157372D+01   -.14188063D+01   0.10004209D+02
 49   o    -.50499148D+01   0.14804113D+01   0.66769688D+01
 50   h    -.49130986D+01   -.49217913D+01   0.27845112D+01
 51   o    -.43728259D+01   -.41403896D+01   0.43236931D+01
 52   h    -.47471807D+01   -.23852121D+01   0.40971149D+01
 53   h    -.65371291D+01   0.10433177D+01   0.76091707D+01
 54   h    -.98879912D+01   -.32830210D+01   0.62725675D+01
 55   o    -.95756195D+01   -.18165936D+01   0.72845157D+01
 56   h    -.99902254D+01   0.12069680D+01   0.57821836D+01
 57   h    -.10733077D+02   0.16633368D+01   0.14354359D+01
 58   h    -.95348014D+01   0.60195332D+01   0.39251499D+01
 59   h    -.81649391D+01   0.72765789D+01   0.17508311D+01
 60   o    -.89557894D+01   0.76297687D+01   0.33387679D+01
 61   h    -.69411525D+01   0.73047358D+01   0.61916872D+01
 62   o    -.57532708D+01   0.71070705D+01   0.75413295D+01
 63   h    -.11981241D+02   0.32393683D+01   0.60805713D+01
 64   o    -.10519727D+02   0.28003849D+01   0.51094411D+01
 65   h    -.66883072D+01   0.75222433D+01   0.90328902D+01
 66   o    0.56672882D+00   0.12194969D+02   0.65904194D+01
 67   h    -.11408276D+01   0.12691967D+02   0.62600953D+01
 68   o    -.15798109D+00   0.69371841D+01   0.58664654D+01
 69   h    0.22827890D+00   0.87040779D+01   0.58449225D+01
 70   h    -.16599353D+01   0.68134071D+01   0.68666973D+01
 71   h    -.46812292D+01   0.31781412D+01   0.71811477D+01
 72   h    -.48654775D+01   0.23309770D+01   0.32964380D+01
 73   o    -.42745602D+01   0.21557994D+01   0.15958736D+01
 74   h    -.28361008D+01   0.32482500D+01   0.15008204D+01
 75   h    -.33977273D+00   0.56298717D+01   0.27068435D+01
 76   h    0.14503647D+01   0.52307615D+01   0.51135985D+00
 77   h    0.29423034D+00   0.47483145D+01   -.51727469D+01
 78   h    -.47895105D+01   0.62948662D+01   -.97245299D+00
 79   o    -.29744287D+00   0.54800164D+01   0.90480080D+00
 80   o    0.65762464D+00   0.11618980D+02   0.89837573D+00
 81   h    -.69919862D-02   0.11349694D+02   -.76231546D+00
 82   o    -.19878028D+01   0.11107809D+02   -.36895010D+01
 83   h    0.50172225D+00   0.13400992D+02   0.11657720D+01
 84   h    -.31511181D+01   0.12067790D+02   -.46882212D+01
 85   h    -.25930820D+01   0.94066780D+01   -.37979713D+01
 86   h    -.91474076D+01   0.10655598D+02   -.57364522D+01
 87   o    -.64468002D+01   0.62789925D+01   -.16969739D+01
 88   h    -.89748756D+01   0.18179164D+01   -.81598368D+00
 89   h    -.11616146D+02   0.25190047D+01   -.36124002D+01
 90   o    -.12646046D+02   0.34358998D+01   -.47832744D+01
 91   h    -.64239345D+01   0.48864535D+01   -.28512186D+01
 92   o    -.59991241D+01   0.20286208D+01   -.45092642D+01
 93   h    -.11485566D+02   0.40366437D+01   -.60340841D+01
 94   o    -.95317779D+01   0.48915557D+01   -.91086682D+01
 95   h    -.10152742D+02   0.33516180D+01   -.98263862D+01
 96   h    -.77397507D+01   0.48101085D+01   -.93418604D+01
 97   h    -.78419849D+01   0.11682853D+02   -.80657285D+01
 98   o    -.75400067D+01   0.11221382D+02   -.63430543D+01
 99   h    0.53082403D+00   0.11427929D+02   -.90396932D+01
 100   o    0.28723835D-01   0.10114569D+02   -.10177497D+02
 101   h    -.13031550D+01   0.10848161D+02   -.11157320D+02
 102   h    -.26987177D+01   0.76806023D+01   -.91502422D+01
 103   h    -.51899435D+01   0.83459748D+01   -.79111489D+01
 104   o    -.42401672D+01   0.69466327D+01   -.85525219D+01
 105   h    -.38979378D+01   0.30651356D+01   -.89043889D+01
 106   o    -.51020712D+01   0.19057887D+01   -.95958396D+01
 107   h    -.48233366D+01   0.19740078D+01   -.11381820D+02
 108   h    0.29931370D+01   0.26955052D+01   -.93097351D+01
 109   h    0.32079988D+01   0.51810617D+01   -.12290400D+02
 110   o    0.36517065D+01   0.18330342D+01   -.10756887D+02
 111   h    0.78281899D+01   0.25413035D+01   -.91562893D+01
 112   o    0.16436837D+01   0.43709362D+01   -.63165981D+01
 113   h    0.41029731D+01   0.68905079D+01   -.63332277D+01
 114   o    0.54032935D+01   0.80948302D+01   -.66937874D+01
 115   o    0.35475826D+01   0.68769018D+01   -.12820090D+02
 116   h    0.27879128D+01   0.79109599D+01   -.11545092D+02
 117   h    0.46594974D+01   0.96963730D+01   -.63020472D+01
 118   h    0.84380045D+01   0.11501817D+02   -.63600618D+01
 119   h    0.10704164D+02   0.13239231D+02   -.61833724D+01
 120   h    0.10182788D+02   0.55289603D+01   -.63931320D+01
 121   h    0.93993081D+01   0.44200691D+01   -.10634811D+02
 122   o    0.93957176D+01   0.34425138D+01   -.91128256D+01
 123   h    0.11952517D+02   0.31157802D+01   -.27920701D+01
 124   o    0.12484664D+02   0.21644921D+01   -.13485085D+01
 125   h    0.13979626D+02   0.38493718D+01   0.10748761D+01
 126   h    0.99522419D+01   0.64647526D+01   0.12466522D+01
 127   o    0.85547896D+01   0.71265346D+01   0.30783636D+00
 128   h    0.91266206D+01   0.71391958D+01   -.14082238D+01
 129   o    0.10360990D+02   0.66966220D+01   -.50232696D+01
 130   h    0.92645706D+01   0.80696969D+01   -.54522374D+01
 131   o    0.94403151D+01   0.12429484D+02   -.51738808D+01
 132   o    0.57731129D+01   0.15114406D+02   -.13330127D+01
 133   h    0.73880727D+01   0.15871809D+02   -.16338571D+01
 134   h    0.58496468D+01   0.14550134D+02   0.38380335D+00
 135   h    0.41857431D+01   0.12733352D+02   -.38136560D+01
 136   o    0.31658579D+01   0.12358052D+02   -.52594854D+01
 137   h    0.14756870D+01   0.12294935D+02   -.46181124D+01
 138   h    0.24364237D+01   0.29045088D+01   -.56145649D+01
 139   h    0.52203680D+01   0.24379355D+01   -.82883382D+00
 140   o    0.47054177D+01   0.29551535D+01   0.82618820D+00
 141   h    0.60713117D+01   0.39773063D+01   0.14273100D+01
 142   h    0.50504817D+01   0.32427698D+01   0.65331607D+01
 143   o    0.81016333D+01   0.40241715D+01   0.48584855D+01
 144   h    0.27446380D+01   0.46109314D+01   0.75307470D+01
 145   o    0.36182584D+01   0.30294197D+01   0.76171075D+01
 146   h    0.55852741D+01   0.10261401D+02   0.64770358D+01
 147   o    0.50484030D+01   0.10639346D+02   0.81624824D+01
 148   h    0.14813562D+01   0.12707273D+02   0.51164331D+01
 149   h    0.33697594D+01   0.11284877D+02   0.79697304D+01
 150   h    0.40186913D+01   0.10539758D+02   0.14462073D+01
 151   o    0.53717351D+01   0.10412201D+02   0.26399472D+01
 152   h    0.67119288D+01   0.96153038D+01   0.17228632D+01
 153   h    0.12757351D+02   0.90425278D+01   0.51315509D+01
 154   h    0.10459444D+02   0.88063121D+01   0.68194542D+01
 155   h    0.92976408D+01   0.53074844D+01   0.52997365D+01
 156   o    0.11152785D+02   0.82165286D+01   0.52562728D+01
 157   h    0.91018652D+01   0.25369571D+01   0.46143329D+01
 158   o    0.14636873D+02   0.51298502D+01   0.21705393D+01
 159   h    0.15017274D+02   0.42586865D+01   0.37093431D+01
 160   o    0.13997767D+02   -.26796315D+01   0.16334791D+01
 161   o    0.10388769D+02   -.68294697D+00   0.53809948D+01
 162   h    0.10878775D+02   -.11338356D+01   0.70628509D+01
 163   h    0.11771859D+02   -.12196292D+01   0.43461808D+01
 164   o    0.22164596D+01   -.13961296D+01   0.36740053D+01
 165   h    0.28963830D+01   -.26437267D+00   0.24375576D+01
 166   h    0.19503862D+01   -.36433917D+00   0.51357083D+01
 167   h    0.44841308D+01   -.36449035D+01   0.61771363D+01
 168   o    0.54768039D+01   -.43645111D+01   0.75071255D+01
 169   o    0.73139955D+01   0.10467192D+01   0.11283743D+02
 170   h    0.57572392D+01   0.16860135D+01   0.10620638D+02
 171   h    0.70711657D+01   0.10312235D+01   0.13076148D+02
 172   o    0.24413370D+01   -.18952062D+01   0.12335375D+02
 173   h    0.21242410D+01   -.30912138D+01   0.13654782D+02
 174   h    0.53339406D+01   -.31832434D+01   0.88696179D+01
 175   o    0.22329002D+01   -.85485535D+01   0.92898930D+01
 176   h    0.31129456D+01   -.69848052D+01   0.90601023D+01
 177   h    0.76152178D+01   -.71363612D+01   0.64265801D+01
 178   h    0.18610022D+01   -.10360423D+02   0.65303261D+01
 179   h    0.75352824D+01   -.97434272D+01   0.31212604D+01
 180   o    0.67085273D+01   -.10769359D+02   0.18819781D+01
 181   h    0.76246664D+01   -.12328950D+02   0.19001195D+01
 182   h    0.90209850D+01   -.96187053D+01   0.62111514D+01
 183   o    0.88040444D+01   -.80216978D+01   0.53898765D+01
 184   o    0.12312132D+02   -.55248029D+01   -.25961056D+01
 185   h    0.12003162D+02   -.72803583D+01   -.29039419D+01
 186   h    0.15496131D+02   -.21336896D+01   0.77951197D+00
 187   h    0.13016055D+02   -.34937254D+01   0.35073314D+00
 188   h    0.12258275D+02   -.47607867D+01   -.42348759D+01
 189   h    0.13206350D+02   0.65686875D+00   -.20397702D+01
 190   o    0.62415760D+01   -.26577106D+01   -.10280109D+01
 191   h    0.52687450D+01   -.33389568D+01   0.33637123D+00
 192   h    0.77558134D+01   -.20507306D+01   -.24642027D+00
 193   o    0.21866019D+01   -.46738593D+01   -.44520055D+01
 194   o    0.49217913D+01   0.94032765D+00   -.45680346D+01
 195   h    0.50455684D+01   -.55368971D+00   -.35557084D+01
 196   h    0.69352944D+01   -.69819706D+01   -.26206720D+01
 197   o    0.66875513D+01   -.87539667D+01   -.28856116D+01
 198   h    0.23927710D+01   -.64511466D+01   -.47175120D+01
 199   h    0.66061041D+01   -.94544881D+01   -.12200071D+01
 200   h    0.43129216D+01   -.93348684D+01   -.10438468D+02
 201   h    0.58010808D+01   -.74196311D+01   -.11955540D+02
 202   o    0.56859965D+01   -.81643722D+01   -.10311101D+02
 203   h    0.63685656D+01   -.47666448D+01   -.92086347D+01
 204   o    0.63829275D+01   -.31864560D+01   -.83284004D+01
 205   h    0.52604302D+01   -.34349549D+01   -.69318929D+01
 206   h    0.59579281D+01   0.59790930D+00   -.60104625D+01
 207   h    0.30258293D+01   0.14305226D+00   -.10601552D+02
 208   h    0.11277507D+02   -.14135150D+01   -.79512111D+01
 209   o    0.12293990D+02   -.27828105D+01   -.73480105D+01
 210   h    0.12772847D+02   -.36842098D+01   -.88414610D+01
========================================================================
 ParseGeometry        :: Allocs=14,  DeAllocs=14, 0 bytes are presently allocated.
                         A max of 27768 bytes were allocated.
 Base(1)%BName   = 6-31Gss
 Opening BasFile = /scratch/mchalla/MONDO1/BasisSets/6-31Gss.bas
 ParseBaseSets        :: Allocs=65,  DeAllocs=64, 1680 bytes are presently allocated.
                         A max of 66832 bytes were allocated.
 Current HDF file :: /n/scratch/mchalla/MagnesiumScratch1/h2o_70_5563.hdf
 Restart HDF file :: /n/scratch/mchalla/MagnesiumScratch1/h2o_70_1708.hdf
 Restart using 6-31Gss/HFx density from previous geometry #1

 PROGRAM OF CALCULATIONS:

  A restricted Roothaan-Hall solution of the SCF using
  a tight accuracy level, 6-31Gss and the HFx model.
 

 Accuracy level 3 for the 6-31Gss basis set:
  TrixNeglect = 0.10D-05, CubeNeglect = 0.10D-06,
  TwoENeglect = 0.10D-09, DistNeglect = 0.10D-11
 MaxAtms = 211, MaxBlks = 44101, MaxNon0 = 3062501, BndWdth = 210
<<Entering MakeS 08/27/02 @ 14:07:42>>
 MakeS                :: S CheckSum  = 0.5987453848158297D+02
 MakeS                :: CPU Sec = 0.24D+01, WALL Sec = 0.35D+01
 MakeS                :: Allocs=37,  DeAllocs=36, 24 bytes are presently allocated.
                         A max of 49892464 bytes were allocated.
>-Exiting MakeS 08/27/02 @ 14:07:45-<
<<Entering BlokAInv 08/27/02 @ 14:07:46>>
 BlokAInv             :: CPU (Sec,MFLOPS) = (0.53900000D+01, 409),
                         WALL(Sec,MFLOPS) = (0.54500000D+01, 405)
 BlokAInv             :: Max(Z^t.A.Z-I)=0.12D-05, TrixThrsh=0.10D-05
 BlokAInv             :: Z CheckSum  = 0.1029763113692856D+03
 BlokAInv             :: CPU (Sec,MFLOPS) = (0.19820000D+02, 444),
                         WALL(Sec,MFLOPS) = (0.24240000D+02, 363)
 BlokAInv             :: Allocs=75,  DeAllocs=41, 74592428 bytes are presently allocated.
                         A max of 124302280 bytes were allocated.
>-Exiting BlokAInv 08/27/02 @ 14:08:10-<
<<Entering MakeT 08/27/02 @ 14:08:11>>
 MakeT                :: T CheckSum  = 0.2703565609078991D+03
 MakeT                :: CPU Sec = 0.48D+01, WALL Sec = 0.89D+01
 MakeT                :: Allocs=33,  DeAllocs=32, 24 bytes are presently allocated.
                         A max of 49743592 bytes were allocated.
>-Exiting MakeT 08/27/02 @ 14:08:20-<
<<Entering P2Use 08/27/02 @ 14:08:20>>
 P2Use                :: P[0] CheckSum  = 0.1313911025323984D+02
 P2Use                :: CPU Sec = 0.64000000D+00, WALL Sec = 0.38800000D+01
 P2Use                :: Allocs=27,  DeAllocs=27, 0 bytes are presently allocated.
                         A max of 19764516 bytes were allocated.
>-Exiting P2Use 08/27/02 @ 14:08:24-<
<<Entering MakeRho 08/27/02 @ 14:08:24>>
 MakeRho : Pruned Rho :: dNel = 0.76D-07, kept 10% of distributions.
 MakeRho : Moments    :: <r> = (-.20D+01, 0.25D+00, -.29D+01), <r^2> = 0.42D+03
 MakeRho              :: Rho CheckSum  = 0.1077751853156856D+05
 MakeRho              :: CPU Sec = 0.64D+02, WALL Sec = 0.70D+02
 MakeRho              :: Allocs=65,  DeAllocs=59, 1204 bytes are presently allocated.
                         A max of 110792128 bytes were allocated.
>-Exiting MakeRho 08/27/02 @ 14:09:34-<
<<Entering QCTC 08/27/02 @ 14:09:34>>
 QCTC                 :: J[0] CheckSum  = 0.3887758847438010D+03
 QCTC                 :: WALL (Sec) = 0.31D+04
 QCTC                 :: Allocs=788973,  DeAllocs=50, 83456568 bytes are presently allocated.
                         A max of 133195432 bytes were allocated.
>-Exiting QCTC 08/27/02 @ 15:01:15-<
<<Entering ONX 08/27/02 @ 15:01:16>>
 ONX                  :: Kx[0] CheckSum  = 0.6675993545072926D+02
 ONX                  :: WALL (Sec) = 0.69D+04
 ONX                  :: Allocs=259,  DeAllocs=258, 12 bytes are presently allocated.
                         A max of 341582940 bytes were allocated.
>-Exiting ONX 08/27/02 @ 16:56:31-<
<<Entering FockNGrueven 08/27/02 @ 16:56:31>>
 FockNGrueven         :: F[0] CheckSum  = 0.2106011499430398D+03
 FockNGrueven         :: OrthoF[0] CheckSum  = 0.1962093406943435D+03
 FockNGrueven         :: CPU (Sec,MFLOPS) = (0.23460000D+02, 433),
                         WALL(Sec,MFLOPS) = (0.31290000D+02, 324)
 FockNGrueven         :: Allocs=41,  DeAllocs=37, 12367004 bytes are presently allocated.
                         A max of 74563500 bytes were allocated.
>-Exiting FockNGrueven 08/27/02 @ 16:57:02-<
<<Entering PM 08/27/02 @ 16:57:02>>
 PM                   :: Trix = 0.10D-03
 PM : Pure 1          :: dE=0.10D+01, dP=0.61D-01, ThrX=0.10D-03, %Non0=21
 PM : Pure 2          :: dE=0.44D+00, dP=0.81D-01, ThrX=0.10D-03, %Non0=19
 PM : Pure 3          :: dE=0.37D+00, dP=0.11D+00, ThrX=0.10D-03, %Non0=16
 PM : Pure 4          :: dE=0.31D+00, dP=0.13D+00, ThrX=0.10D-03, %Non0=16
 PM : Pure 5          :: dE=0.23D+00, dP=0.13D+00, ThrX=0.10D-03, %Non0=16
 PM : Pure 6          :: dE=0.14D+00, dP=0.84D-01, ThrX=0.10D-03, %Non0=16
 PM : Pure 7          :: dE=0.46D-01, dP=0.34D-01, ThrX=0.10D-03, %Non0=16
 PM : Pure 8          :: dE=0.20D-01, dP=0.34D-01, ThrX=0.10D-03, %Non0=16
 PM : Pure 9          :: dE=0.21D-01, dP=0.42D-01, ThrX=0.10D-03, %Non0=16
 PM : Pure 10         :: dE=0.24D-01, dP=0.53D-01, ThrX=0.10D-03, %Non0=17
 PM : Pure 11         :: dE=0.28D-01, dP=0.67D-01, ThrX=0.10D-03, %Non0=18
 PM : Pure 12         :: dE=0.32D-01, dP=0.85D-01, ThrX=0.10D-03, %Non0=20
 PM : Pure 13         :: dE=0.37D-01, dP=0.11D+00, ThrX=0.10D-03, %Non0=23
 PM : Pure 14         :: dE=0.42D-01, dP=0.14D+00, ThrX=0.10D-03, %Non0=25
 PM : Pure 15         :: dE=0.45D-01, dP=0.17D+00, ThrX=0.10D-03, %Non0=27
 PM : Pure 16         :: dE=0.46D-01, dP=0.19D+00, ThrX=0.10D-03, %Non0=30
 PM : Pure 17         :: dE=0.42D-01, dP=0.19D+00, ThrX=0.10D-03, %Non0=33
 PM : Pure 18         :: dE=0.34D-01, dP=0.20D+00, ThrX=0.10D-03, %Non0=37
 PM : Pure 19         :: dE=0.27D-01, dP=0.19D+00, ThrX=0.10D-03, %Non0=40
 PM : Pure 20         :: dE=0.18D-01, dP=0.17D+00, ThrX=0.10D-03, %Non0=44
 PM : Pure 21         :: dE=0.81D-02, dP=0.13D+00, ThrX=0.10D-03, %Non0=47
 PM : Pure 22         :: dE=0.22D-02, dP=0.97D-01, ThrX=0.10D-03, %Non0=49
 PM : Pure 23         :: dE=0.27D-03, dP=0.50D-01, ThrX=0.10D-03, %Non0=50
 PM : Pure 24         :: dE=0.12D-04, dP=0.11D-01, ThrX=0.10D-03, %Non0=50
 PM : Pure 25         :: dE=0.17D-06, dP=0.35D-03, ThrX=0.10D-03, %Non0=50
 PM : Pure 26         :: dE=0.12D-07, dP=0.22D-03, ThrX=0.10D-03, %Non0=50
 PM : Pure 27         :: dE=0.10D-07, dP=0.18D-03, ThrX=0.10D-03, %Non0=50
 PM : Pure 28         :: dE=0.84D-08, dP=0.21D-03, ThrX=0.10D-03, %Non0=50
 PM : Hit dP increase :: Tr{FP}=-.1654979230555607D+04, dNel = 0.34D-12
 PM                   :: 28 purification steps, 59 matrix multiplies
 PM                   :: Fractional occupation = 0.20D+00, %Non0s = 50
 PM : Max abs errors  :: dE=0.14D-04, dP=0.21D-03, [F,P]=0.17D-01
 PM                   :: Rel dE=0.84D-08, ||dP||_F=0.12D-02, ||[F,P]||_F=0.63D+00
 PM                   :: OrthoP[1] CheckSum  = 0.1870829276899525D+02
 PM                   :: P[1] CheckSum  = 0.1314030154822226D+02
 PM                   :: CPU (Sec,MFLOPS) = (0.23378000D+03, 461),
                         WALL(Sec,MFLOPS) = (0.25296000D+03, 426)
 PM                   :: Allocs=449,  DeAllocs=441, 49707320 bytes are presently allocated.
                         A max of 173978152 bytes were allocated.
>-Exiting PM 08/27/02 @ 17:01:17-<
<<Entering SCFStatus 08/27/02 @ 17:01:17>>
 
= = = = = SCFCycle #0, Basis #1, Geometry #1 = = = = =

       MaxDelD = 0.58D-02
       <T>     = 0.53077940D+04
       <V>     = -.10002139D+05
       <HF>    = -.62784803D+03
       <SCF>   = -5322.19331025

 SCFStatus            :: CPU (Sec,MFLOPS) = (0.11500000D+01, 15),
                         WALL(Sec,MFLOPS) = (0.11900000D+01, 15)
 SCFStatus            :: Allocs=16,  DeAllocs=16, 0 bytes are presently allocated.
                         A max of 74563500 bytes were allocated.
>-Exiting SCFStatus 08/27/02 @ 17:01:18-<
<<Entering MakeRho 08/27/02 @ 17:01:18>>
 MakeRho : Pruned Rho :: dNel = 0.82D-07, kept 10% of distributions.
 MakeRho : Moments    :: <r> = (-.20D+01, 0.25D+00, -.29D+01), <r^2> = 0.42D+03
 MakeRho              :: Rho CheckSum  = 0.1077733522470640D+05
 MakeRho              :: CPU Sec = 0.66D+02, WALL Sec = 0.68D+02
 MakeRho              :: Allocs=64,  DeAllocs=59, 1192 bytes are presently allocated.
                         A max of 110955084 bytes were allocated.
>-Exiting MakeRho 08/27/02 @ 17:02:26-<
<<Entering QCTC 08/27/02 @ 17:02:26>>
 QCTC                 :: J[1] CheckSum  = 0.3887834998528145D+03
 QCTC                 :: WALL (Sec) = 0.31D+04
 QCTC                 :: Allocs=789593,  DeAllocs=50, 83521704 bytes are presently allocated.
                         A max of 133260568 bytes were allocated.
>-Exiting QCTC 08/27/02 @ 17:54:10-<
<<Entering ONX 08/27/02 @ 17:54:10>>
 ONX                  :: Kx[1] CheckSum  = 0.6675851414824366D+02
 ONX                  :: WALL (Sec) = 0.69D+04
 ONX                  :: Allocs=258,  DeAllocs=258, 0 bytes are presently allocated.
                         A max of 341656192 bytes were allocated.
>-Exiting ONX 08/27/02 @ 19:48:47-<
<<Entering FockNGrueven 08/27/02 @ 19:48:47>>
 FockNGrueven         :: F[1] CheckSum  = 0.2106078021467359D+03
 FockNGrueven         :: OrthoF[1] CheckSum  = 0.1962123394952143D+03
 FockNGrueven         :: CPU (Sec,MFLOPS) = (0.23440000D+02, 434),
                         WALL(Sec,MFLOPS) = (0.31060000D+02, 327)
 FockNGrueven         :: Allocs=41,  DeAllocs=37, 12367004 bytes are presently allocated.
                         A max of 74563500 bytes were allocated.
>-Exiting FockNGrueven 08/27/02 @ 19:49:18-<
<<Entering DIIS 08/27/02 @ 19:49:19>>
 DIIS : Damping       :: Co = 0.80D+00, 0.20D+00
 DIIS                 :: F_DIIS[1] CheckSum  = 0.1962099403992151D+03
 DIIS                 :: CPU (Sec,MFLOPS) = (0.24480000D+02, 442),
                         WALL(Sec,MFLOPS) = (0.32630000D+02, 332)
 DIIS                 :: Allocs=34,  DeAllocs=30, 144 bytes are presently allocated.
                         A max of 99770948 bytes were allocated.
>-Exiting DIIS 08/27/02 @ 19:49:51-<
<<Entering PM 08/27/02 @ 19:49:51>>
 PM                   :: Trix = 0.10D-03
 PM : Pure 1          :: dE=0.10D+01, dP=0.61D-01, ThrX=0.10D-03, %Non0=21
 PM : Pure 2          :: dE=0.44D+00, dP=0.81D-01, ThrX=0.10D-03, %Non0=19
 PM : Pure 3          :: dE=0.37D+00, dP=0.11D+00, ThrX=0.10D-03, %Non0=16
 PM : Pure 4          :: dE=0.31D+00, dP=0.13D+00, ThrX=0.10D-03, %Non0=16
 PM : Pure 5          :: dE=0.23D+00, dP=0.13D+00, ThrX=0.10D-03, %Non0=16
 PM : Pure 6          :: dE=0.14D+00, dP=0.84D-01, ThrX=0.10D-03, %Non0=16
 PM : Pure 7          :: dE=0.46D-01, dP=0.34D-01, ThrX=0.10D-03, %Non0=16
 PM : Pure 8          :: dE=0.20D-01, dP=0.34D-01, ThrX=0.10D-03, %Non0=16
 PM : Pure 9          :: dE=0.21D-01, dP=0.42D-01, ThrX=0.10D-03, %Non0=16
 PM : Pure 10         :: dE=0.24D-01, dP=0.53D-01, ThrX=0.10D-03, %Non0=17
 PM : Pure 11         :: dE=0.28D-01, dP=0.67D-01, ThrX=0.10D-03, %Non0=18
 PM : Pure 12         :: dE=0.32D-01, dP=0.85D-01, ThrX=0.10D-03, %Non0=20
 PM : Pure 13         :: dE=0.37D-01, dP=0.11D+00, ThrX=0.10D-03, %Non0=23
 PM : Pure 14         :: dE=0.42D-01, dP=0.14D+00, ThrX=0.10D-03, %Non0=25
 PM : Pure 15         :: dE=0.45D-01, dP=0.17D+00, ThrX=0.10D-03, %Non0=27
 PM : Pure 16         :: dE=0.46D-01, dP=0.19D+00, ThrX=0.10D-03, %Non0=30
 PM : Pure 17         :: dE=0.42D-01, dP=0.19D+00, ThrX=0.10D-03, %Non0=33
 PM : Pure 18         :: dE=0.34D-01, dP=0.20D+00, ThrX=0.10D-03, %Non0=37
 PM : Pure 19         :: dE=0.27D-01, dP=0.19D+00, ThrX=0.10D-03, %Non0=40
 PM : Pure 20         :: dE=0.18D-01, dP=0.17D+00, ThrX=0.10D-03, %Non0=44
 PM : Pure 21         :: dE=0.81D-02, dP=0.13D+00, ThrX=0.10D-03, %Non0=47
 PM : Pure 22         :: dE=0.22D-02, dP=0.97D-01, ThrX=0.10D-03, %Non0=49
 PM : Pure 23         :: dE=0.27D-03, dP=0.50D-01, ThrX=0.10D-03, %Non0=50
 PM : Pure 24         :: dE=0.12D-04, dP=0.11D-01, ThrX=0.10D-03, %Non0=50
 PM : Pure 25         :: dE=0.17D-06, dP=0.35D-03, ThrX=0.10D-03, %Non0=50
 PM : Pure 26         :: dE=0.12D-07, dP=0.22D-03, ThrX=0.10D-03, %Non0=50
 PM : Pure 27         :: dE=0.10D-07, dP=0.21D-03, ThrX=0.10D-03, %Non0=50
 PM : Pure 28         :: dE=0.82D-08, dP=0.13D-03, ThrX=0.10D-03, %Non0=50
 PM : Pure 29         :: dE=0.69D-08, dP=0.15D-03, ThrX=0.10D-03, %Non0=50
 PM : Hit dP increase :: Tr{FP}=-.1654998168787763D+04, dNel = 0.11D-12
 PM                   :: 29 purification steps, 61 matrix multiplies
 PM                   :: Fractional occupation = 0.20D+00, %Non0s = 50
 PM : Max abs errors  :: dE=0.11D-04, dP=0.15D-03, [F,P]=0.17D-01
 PM                   :: Rel dE=0.69D-08, ||dP||_F=0.12D-02, ||[F,P]||_F=0.62D+00
 PM                   :: OrthoP[2] CheckSum  = 0.1870829328000644D+02
 PM                   :: P[2] CheckSum  = 0.1314041004951698D+02
 PM                   :: CPU (Sec,MFLOPS) = (0.24626000D+03, 462),
                         WALL(Sec,MFLOPS) = (0.26670000D+03, 427)
 PM                   :: Allocs=460,  DeAllocs=452, 49707320 bytes are presently allocated.
                         A max of 173978152 bytes were allocated.
>-Exiting PM 08/27/02 @ 19:54:18-<
<<Entering SCFStatus 08/27/02 @ 19:54:19>>
 
= = = = = SCFCycle #1, Basis #1, Geometry #1 = = = = =

       DIISErr = 0.36D-03
       MaxDelD = 0.37D-02
       <T>     = 0.53075868D+04
       <V>     = -.10001959D+05
       <HF>    = -.62781307D+03
       <SCF>   = -5322.18537299

 SCFStatus            :: CPU (Sec,MFLOPS) = (0.11600000D+01, 15),
                         WALL(Sec,MFLOPS) = (0.11800000D+01, 15)
 SCFStatus            :: Allocs=16,  DeAllocs=16, 0 bytes are presently allocated.
                         A max of 74563500 bytes were allocated.
>-Exiting SCFStatus 08/27/02 @ 19:54:20-<
<<Entering MakeRho 08/27/02 @ 19:54:20>>
 MakeRho : Pruned Rho :: dNel = 0.84D-07, kept 10% of distributions.
 MakeRho : Moments    :: <r> = (-.20D+01, 0.25D+00, -.29D+01), <r^2> = 0.42D+03
 MakeRho              :: Rho CheckSum  = 0.1077735631543606D+05
 MakeRho              :: CPU Sec = 0.66D+02, WALL Sec = 0.68D+02
 MakeRho              :: Allocs=64,  DeAllocs=59, 1192 bytes are presently allocated.
                         A max of 110924780 bytes were allocated.
>-Exiting MakeRho 08/27/02 @ 19:55:28-<
<<Entering QCTC 08/27/02 @ 19:55:28>>
 QCTC                 :: J[2] CheckSum  = 0.3887825853814396D+03
 QCTC                 :: WALL (Sec) = 0.31D+04
 QCTC                 :: Allocs=789553,  DeAllocs=50, 83517768 bytes are presently allocated.
                         A max of 133256632 bytes were allocated.
>-Exiting QCTC 08/27/02 @ 20:46:41-<
<<Entering ONX 08/27/02 @ 20:46:42>>
 ONX                  :: Kx[2] CheckSum  = 0.6675860377022895D+02
 ONX                  :: WALL (Sec) = 0.67D+04
 ONX                  :: Allocs=258,  DeAllocs=258, 0 bytes are presently allocated.
                         A max of 341643200 bytes were allocated.
>-Exiting ONX 08/27/02 @ 22:38:56-<
<<Entering FockNGrueven 08/27/02 @ 22:38:57>>
 FockNGrueven         :: F[2] CheckSum  = 0.2106069864648604D+03
 FockNGrueven         :: OrthoF[2] CheckSum  = 0.1962120264642688D+03
 FockNGrueven         :: CPU (Sec,MFLOPS) = (0.23720000D+02, 429),
                         WALL(Sec,MFLOPS) = (0.32170000D+02, 316)
 FockNGrueven         :: Allocs=41,  DeAllocs=37, 12367004 bytes are presently allocated.
                         A max of 74563500 bytes were allocated.
>-Exiting FockNGrueven 08/27/02 @ 22:39:29-<
<<Entering DIIS 08/27/02 @ 22:39:29>>
 DIIS                 :: Cond# = 0.14D+05, MIN(E) = 0.13D-03
 DIIS : Pulay C1      :: DIISCo = 0.57D+00, 0.43D+00
 DIIS                 :: F_DIIS[2] CheckSum  = 0.1962122044525225D+03
 DIIS                 :: CPU (Sec,MFLOPS) = (0.20410000D+02, 532),
                         WALL(Sec,MFLOPS) = (0.34290000D+02, 316)
 DIIS                 :: Allocs=45,  DeAllocs=40, 216 bytes are presently allocated.
                         A max of 99770948 bytes were allocated.
>-Exiting DIIS 08/27/02 @ 22:40:03-<
<<Entering PM 08/27/02 @ 22:40:04>>
 PM                   :: Trix = 0.10D-03
 PM : Pure 1          :: dE=0.10D+01, dP=0.61D-01, ThrX=0.10D-03, %Non0=21
 PM : Pure 2          :: dE=0.44D+00, dP=0.81D-01, ThrX=0.10D-03, %Non0=19
 PM : Pure 3          :: dE=0.37D+00, dP=0.11D+00, ThrX=0.10D-03, %Non0=16
 PM : Pure 4          :: dE=0.31D+00, dP=0.13D+00, ThrX=0.10D-03, %Non0=16
 PM : Pure 5          :: dE=0.23D+00, dP=0.13D+00, ThrX=0.10D-03, %Non0=16
 PM : Pure 6          :: dE=0.14D+00, dP=0.84D-01, ThrX=0.10D-03, %Non0=16
 PM : Pure 7          :: dE=0.46D-01, dP=0.34D-01, ThrX=0.10D-03, %Non0=16
 PM : Pure 8          :: dE=0.20D-01, dP=0.34D-01, ThrX=0.10D-03, %Non0=16
 PM : Pure 9          :: dE=0.21D-01, dP=0.42D-01, ThrX=0.10D-03, %Non0=16
 PM : Pure 10         :: dE=0.24D-01, dP=0.53D-01, ThrX=0.10D-03, %Non0=17
 PM : Pure 11         :: dE=0.28D-01, dP=0.67D-01, ThrX=0.10D-03, %Non0=18
 PM : Pure 12         :: dE=0.32D-01, dP=0.85D-01, ThrX=0.10D-03, %Non0=20
 PM : Pure 13         :: dE=0.37D-01, dP=0.11D+00, ThrX=0.10D-03, %Non0=23
 PM : Pure 14         :: dE=0.42D-01, dP=0.14D+00, ThrX=0.10D-03, %Non0=25
 PM : Pure 15         :: dE=0.45D-01, dP=0.17D+00, ThrX=0.10D-03, %Non0=27
 PM : Pure 16         :: dE=0.46D-01, dP=0.19D+00, ThrX=0.10D-03, %Non0=30
 PM : Pure 17         :: dE=0.42D-01, dP=0.19D+00, ThrX=0.10D-03, %Non0=33
 PM : Pure 18         :: dE=0.34D-01, dP=0.20D+00, ThrX=0.10D-03, %Non0=37
 PM : Pure 19         :: dE=0.27D-01, dP=0.19D+00, ThrX=0.10D-03, %Non0=40
 PM : Pure 20         :: dE=0.18D-01, dP=0.17D+00, ThrX=0.10D-03, %Non0=44
 PM : Pure 21         :: dE=0.81D-02, dP=0.13D+00, ThrX=0.10D-03, %Non0=47
 PM : Pure 22         :: dE=0.22D-02, dP=0.97D-01, ThrX=0.10D-03, %Non0=49
 PM : Pure 23         :: dE=0.27D-03, dP=0.50D-01, ThrX=0.10D-03, %Non0=50
 PM : Pure 24         :: dE=0.12D-04, dP=0.11D-01, ThrX=0.10D-03, %Non0=50
 PM : Pure 25         :: dE=0.17D-06, dP=0.36D-03, ThrX=0.10D-03, %Non0=50
 PM : Pure 26         :: dE=0.13D-07, dP=0.22D-03, ThrX=0.10D-03, %Non0=50
 PM : Pure 27         :: dE=0.10D-07, dP=0.13D-03, ThrX=0.10D-03, %Non0=50
 PM : Pure 28         :: dE=0.79D-08, dP=0.15D-03, ThrX=0.10D-03, %Non0=50
 PM : Hit dP increase :: Tr{FP}=-.1655068232430775D+04, dNel = 0.00D+00
 PM                   :: 28 purification steps, 59 matrix multiplies
 PM                   :: Fractional occupation = 0.20D+00, %Non0s = 50
 PM : Max abs errors  :: dE=0.13D-04, dP=0.15D-03, [F,P]=0.17D-01
 PM                   :: Rel dE=0.79D-08, ||dP||_F=0.11D-02, ||[F,P]||_F=0.62D+00
 PM                   :: OrthoP[3] CheckSum  = 0.1870829250289251D+02
 PM                   :: P[3] CheckSum  = 0.1314074557432368D+02
 PM                   :: CPU (Sec,MFLOPS) = (0.25258000D+03, 427),
                         WALL(Sec,MFLOPS) = (0.26352000D+03, 409)
 PM                   :: Allocs=445,  DeAllocs=437, 49707320 bytes are presently allocated.
                         A max of 173978152 bytes were allocated.
>-Exiting PM 08/27/02 @ 22:44:27-<
<<Entering SCFStatus 08/27/02 @ 22:44:28>>
 
= = = = = SCFCycle #2, Basis #1, Geometry #1 = = = = =

       DIISErr = 0.36D-03
       MaxDelD = 0.40D-02
       <T>     = 0.53076096D+04
       <V>     = -.10001979D+05
       <HF>    = -.62781560D+03
       <SCF>   = -5322.18528917

 SCFStatus            :: CPU (Sec,MFLOPS) = (0.12600000D+01, 14),
                         WALL(Sec,MFLOPS) = (0.12800000D+01, 14)
 SCFStatus            :: Allocs=16,  DeAllocs=16, 0 bytes are presently allocated.
                         A max of 74563500 bytes were allocated.
>-Exiting SCFStatus 08/27/02 @ 22:44:29-<
<<Entering MakeRho 08/27/02 @ 22:44:29>>
 MakeRho : Pruned Rho :: dNel = 0.86D-07, kept 10% of distributions.
 MakeRho : Moments    :: <r> = (-.20D+01, 0.25D+00, -.29D+01), <r^2> = 0.42D+03
 MakeRho              :: Rho CheckSum  = 0.1077742581002427D+05
 MakeRho              :: CPU Sec = 0.64D+02, WALL Sec = 0.67D+02
 MakeRho              :: Allocs=64,  DeAllocs=59, 1192 bytes are presently allocated.
                         A max of 110960476 bytes were allocated.
>-Exiting MakeRho 08/27/02 @ 22:45:37-<
<<Entering QCTC 08/27/02 @ 22:45:37>>
 QCTC                 :: J[3] CheckSum  = 0.3887790448860821D+03
 QCTC                 :: WALL (Sec) = 0.33D+04
 QCTC                 :: Allocs=789553,  DeAllocs=50, 83517128 bytes are presently allocated.
                         A max of 133255992 bytes were allocated.
>-Exiting QCTC 08/27/02 @ 23:40:13-<
<<Entering ONX 08/27/02 @ 23:40:13>>
 ONX                  :: Kx[3] CheckSum  = 0.6675893655841296D+02
 ONX                  :: WALL (Sec) = 0.68D+04
 ONX                  :: Allocs=258,  DeAllocs=258, 0 bytes are presently allocated.
                         A max of 341666496 bytes were allocated.
>-Exiting ONX 08/28/02 @ 01:33:48-<
<<Entering FockNGrueven 08/28/02 @ 01:33:48>>
 FockNGrueven         :: F[3] CheckSum  = 0.2106038120058529D+03
 FockNGrueven         :: OrthoF[3] CheckSum  = 0.1962107638197089D+03
 FockNGrueven         :: CPU (Sec,MFLOPS) = (0.23530000D+02, 432),
                         WALL(Sec,MFLOPS) = (0.31230000D+02, 326)
 FockNGrueven         :: Allocs=41,  DeAllocs=37, 12367004 bytes are presently allocated.
                         A max of 74563500 bytes were allocated.
>-Exiting FockNGrueven 08/28/02 @ 01:34:20-<
<<Entering DIIS 08/28/02 @ 01:34:20>>
 DIIS                 :: Cond# = 0.21D+05, MIN(E) = 0.12D-03
 DIIS : Pulay C1      :: DIISCo = 0.59D+00, 0.69D+00, -.28D+00
 DIIS                 :: F_DIIS[3] CheckSum  = 0.1962125691632502D+03
 DIIS                 :: CPU (Sec,MFLOPS) = (0.26230000D+02, 414),
                         WALL(Sec,MFLOPS) = (0.34310000D+02, 317)
 DIIS                 :: Allocs=53,  DeAllocs=48, 272 bytes are presently allocated.
                         A max of 99770948 bytes were allocated.
>-Exiting DIIS 08/28/02 @ 01:34:55-<
<<Entering PM 08/28/02 @ 01:34:55>>
 PM                   :: Trix = 0.10D-03
 PM : Pure 1          :: dE=0.10D+01, dP=0.61D-01, ThrX=0.10D-03, %Non0=21
 PM : Pure 2          :: dE=0.44D+00, dP=0.81D-01, ThrX=0.10D-03, %Non0=19
 PM : Pure 3          :: dE=0.37D+00, dP=0.11D+00, ThrX=0.10D-03, %Non0=16
 PM : Pure 4          :: dE=0.31D+00, dP=0.13D+00, ThrX=0.10D-03, %Non0=16
 PM : Pure 5          :: dE=0.23D+00, dP=0.13D+00, ThrX=0.10D-03, %Non0=16
 PM : Pure 6          :: dE=0.14D+00, dP=0.84D-01, ThrX=0.10D-03, %Non0=16
 PM : Pure 7          :: dE=0.46D-01, dP=0.34D-01, ThrX=0.10D-03, %Non0=16
 PM : Pure 8          :: dE=0.20D-01, dP=0.34D-01, ThrX=0.10D-03, %Non0=16
 PM : Pure 9          :: dE=0.21D-01, dP=0.42D-01, ThrX=0.10D-03, %Non0=16
 PM : Pure 10         :: dE=0.24D-01, dP=0.53D-01, ThrX=0.10D-03, %Non0=17
 PM : Pure 11         :: dE=0.28D-01, dP=0.67D-01, ThrX=0.10D-03, %Non0=18
 PM : Pure 12         :: dE=0.32D-01, dP=0.85D-01, ThrX=0.10D-03, %Non0=20
 PM : Pure 13         :: dE=0.37D-01, dP=0.11D+00, ThrX=0.10D-03, %Non0=23
 PM : Pure 14         :: dE=0.42D-01, dP=0.14D+00, ThrX=0.10D-03, %Non0=25
 PM : Pure 15         :: dE=0.45D-01, dP=0.17D+00, ThrX=0.10D-03, %Non0=27
 PM : Pure 16         :: dE=0.46D-01, dP=0.19D+00, ThrX=0.10D-03, %Non0=30
 PM : Pure 17         :: dE=0.42D-01, dP=0.19D+00, ThrX=0.10D-03, %Non0=33
 PM : Pure 18         :: dE=0.34D-01, dP=0.20D+00, ThrX=0.10D-03, %Non0=37
 PM : Pure 19         :: dE=0.27D-01, dP=0.19D+00, ThrX=0.10D-03, %Non0=40
 PM : Pure 20         :: dE=0.18D-01, dP=0.17D+00, ThrX=0.10D-03, %Non0=44
 PM : Pure 21         :: dE=0.81D-02, dP=0.13D+00, ThrX=0.10D-03, %Non0=47
 PM : Pure 22         :: dE=0.22D-02, dP=0.97D-01, ThrX=0.10D-03, %Non0=49
 PM : Pure 23         :: dE=0.27D-03, dP=0.50D-01, ThrX=0.10D-03, %Non0=50
 PM : Pure 24         :: dE=0.12D-04, dP=0.11D-01, ThrX=0.10D-03, %Non0=50
 PM : Pure 25         :: dE=0.17D-06, dP=0.36D-03, ThrX=0.10D-03, %Non0=50
 PM : Pure 26         :: dE=0.12D-07, dP=0.24D-03, ThrX=0.10D-03, %Non0=50
 PM : Pure 27         :: dE=0.10D-07, dP=0.13D-03, ThrX=0.10D-03, %Non0=50
 PM : Pure 28         :: dE=0.80D-08, dP=0.15D-03, ThrX=0.10D-03, %Non0=50
 PM : Hit dP increase :: Tr{FP}=-.1655081974442575D+04, dNel = 0.11D-12
 PM                   :: 28 purification steps, 59 matrix multiplies
 PM                   :: Fractional occupation = 0.20D+00, %Non0s = 50
 PM : Max abs errors  :: dE=0.13D-04, dP=0.15D-03, [F,P]=0.17D-01
 PM                   :: Rel dE=0.80D-08, ||dP||_F=0.11D-02, ||[F,P]||_F=0.62D+00
 PM                   :: OrthoP[4] CheckSum  = 0.1870829247659674D+02
 PM                   :: P[4] CheckSum  = 0.1314075636631570D+02
 PM                   :: CPU (Sec,MFLOPS) = (0.23960000D+03, 450),
                         WALL(Sec,MFLOPS) = (0.25400000D+03, 425)
 PM                   :: Allocs=445,  DeAllocs=437, 49707320 bytes are presently allocated.
                         A max of 173978152 bytes were allocated.
>-Exiting PM 08/28/02 @ 01:39:10-<
<<Entering SCFStatus 08/28/02 @ 01:39:10>>
 
= = = = = SCFCycle #3, Basis #1, Geometry #1 = = = = =

       DIISErr = 0.36D-03
       MaxDelD = 0.28D-02
       <T>     = 0.53076988D+04
       <V>     = -.10002057D+05
       <HF>    = -.62782591D+03
       <SCF>   = -5322.18422080

 SCFStatus            :: CPU (Sec,MFLOPS) = (0.87000000D+00, 20),
                         WALL(Sec,MFLOPS) = (0.11800000D+01, 15)
 SCFStatus            :: Allocs=16,  DeAllocs=16, 0 bytes are presently allocated.
                         A max of 74563500 bytes were allocated.
>-Exiting SCFStatus 08/28/02 @ 01:39:11-<
<<Entering MakeRho 08/28/02 @ 01:39:12>>
 MakeRho : Pruned Rho :: dNel = 0.86D-07, kept 10% of distributions.
 MakeRho : Moments    :: <r> = (-.20D+01, 0.25D+00, -.29D+01), <r^2> = 0.42D+03
 MakeRho              :: Rho CheckSum  = 0.1077743868557431D+05
 MakeRho              :: CPU Sec = 0.61D+02, WALL Sec = 0.67D+02
 MakeRho              :: Allocs=64,  DeAllocs=59, 1192 bytes are presently allocated.
                         A max of 110951324 bytes were allocated.
>-Exiting MakeRho 08/28/02 @ 01:40:19-<
<<Entering QCTC 08/28/02 @ 01:40:20>>
 QCTC                 :: J[4] CheckSum  = 0.3887785029919374D+03
 QCTC                 :: WALL (Sec) = 0.31D+04
 QCTC                 :: Allocs=789573,  DeAllocs=50, 83520400 bytes are presently allocated.
                         A max of 133259264 bytes were allocated.
>-Exiting QCTC 08/28/02 @ 02:31:59-<
<<Entering ONX 08/28/02 @ 02:31:59>>
 ONX                  :: Kx[4] CheckSum  = 0.6675900808111713D+02
 ONX                  :: WALL (Sec) = 0.69D+04
 ONX                  :: Allocs=258,  DeAllocs=258, 0 bytes are presently allocated.
                         A max of 341663648 bytes were allocated.
>-Exiting ONX 08/28/02 @ 04:27:49-<
<<Entering FockNGrueven 08/28/02 @ 04:27:49>>
 FockNGrueven         :: F[4] CheckSum  = 0.2106033313019728D+03
 FockNGrueven         :: OrthoF[4] CheckSum  = 0.1962105515288633D+03
 FockNGrueven         :: CPU (Sec,MFLOPS) = (0.23850000D+02, 427),
                         WALL(Sec,MFLOPS) = (0.31660000D+02, 321)
 FockNGrueven         :: Allocs=41,  DeAllocs=37, 12367004 bytes are presently allocated.
                         A max of 74563500 bytes were allocated.
>-Exiting FockNGrueven 08/28/02 @ 04:28:21-<
<<Entering DIIS 08/28/02 @ 04:28:21>>
 DIIS                 :: Cond# = 0.36D+06, MIN(E) = 0.82D-05
 DIIS : Pulay C1      :: DIISCo = 0.57D+00, 0.66D+00, -.19D+01, 0.17D+01
 DIIS                 :: F_DIIS[4] CheckSum  = 0.1962121282814973D+03
 DIIS                 :: CPU (Sec,MFLOPS) = (0.27790000D+02, 392),
                         WALL(Sec,MFLOPS) = (0.36030000D+02, 303)
 DIIS                 :: Allocs=62,  DeAllocs=57, 344 bytes are presently allocated.
                         A max of 99770948 bytes were allocated.
>-Exiting DIIS 08/28/02 @ 04:28:57-<
<<Entering PM 08/28/02 @ 04:28:58>>
 PM                   :: Trix = 0.10D-03
 PM : Pure 1          :: dE=0.10D+01, dP=0.61D-01, ThrX=0.10D-03, %Non0=21
 PM : Pure 2          :: dE=0.44D+00, dP=0.81D-01, ThrX=0.10D-03, %Non0=19
 PM : Pure 3          :: dE=0.37D+00, dP=0.11D+00, ThrX=0.10D-03, %Non0=16
 PM : Pure 4          :: dE=0.31D+00, dP=0.13D+00, ThrX=0.10D-03, %Non0=16
 PM : Pure 5          :: dE=0.23D+00, dP=0.13D+00, ThrX=0.10D-03, %Non0=16
 PM : Pure 6          :: dE=0.14D+00, dP=0.84D-01, ThrX=0.10D-03, %Non0=16
 PM : Pure 7          :: dE=0.46D-01, dP=0.34D-01, ThrX=0.10D-03, %Non0=16
 PM : Pure 8          :: dE=0.20D-01, dP=0.34D-01, ThrX=0.10D-03, %Non0=16
 PM : Pure 9          :: dE=0.21D-01, dP=0.42D-01, ThrX=0.10D-03, %Non0=16
 PM : Pure 10         :: dE=0.24D-01, dP=0.53D-01, ThrX=0.10D-03, %Non0=17
 PM : Pure 11         :: dE=0.28D-01, dP=0.67D-01, ThrX=0.10D-03, %Non0=18
 PM : Pure 12         :: dE=0.32D-01, dP=0.85D-01, ThrX=0.10D-03, %Non0=20
 PM : Pure 13         :: dE=0.37D-01, dP=0.11D+00, ThrX=0.10D-03, %Non0=23
 PM : Pure 14         :: dE=0.42D-01, dP=0.14D+00, ThrX=0.10D-03, %Non0=25
 PM : Pure 15         :: dE=0.45D-01, dP=0.17D+00, ThrX=0.10D-03, %Non0=27
 PM : Pure 16         :: dE=0.46D-01, dP=0.19D+00, ThrX=0.10D-03, %Non0=30
 PM : Pure 17         :: dE=0.42D-01, dP=0.19D+00, ThrX=0.10D-03, %Non0=33
 PM : Pure 18         :: dE=0.34D-01, dP=0.20D+00, ThrX=0.10D-03, %Non0=37
 PM : Pure 19         :: dE=0.27D-01, dP=0.19D+00, ThrX=0.10D-03, %Non0=40
 PM : Pure 20         :: dE=0.18D-01, dP=0.17D+00, ThrX=0.10D-03, %Non0=44
 PM : Pure 21         :: dE=0.81D-02, dP=0.13D+00, ThrX=0.10D-03, %Non0=47
 PM : Pure 22         :: dE=0.22D-02, dP=0.97D-01, ThrX=0.10D-03, %Non0=49
 PM : Pure 23         :: dE=0.27D-03, dP=0.50D-01, ThrX=0.10D-03, %Non0=50
 PM : Pure 24         :: dE=0.12D-04, dP=0.11D-01, ThrX=0.10D-03, %Non0=50
 PM : Pure 25         :: dE=0.17D-06, dP=0.36D-03, ThrX=0.10D-03, %Non0=50
 PM : Pure 26         :: dE=0.12D-07, dP=0.24D-03, ThrX=0.10D-03, %Non0=50
 PM : Pure 27         :: dE=0.10D-07, dP=0.13D-03, ThrX=0.10D-03, %Non0=50
 PM : Pure 28         :: dE=0.80D-08, dP=0.15D-03, ThrX=0.10D-03, %Non0=50
 PM : Hit dP increase :: Tr{FP}=-.1655067188591311D+04, dNel = 0.11D-12
 PM                   :: 28 purification steps, 59 matrix multiplies
 PM                   :: Fractional occupation = 0.20D+00, %Non0s = 50
 PM : Max abs errors  :: dE=0.13D-04, dP=0.15D-03, [F,P]=0.17D-01
 PM                   :: Rel dE=0.80D-08, ||dP||_F=0.11D-02, ||[F,P]||_F=0.62D+00
 PM                   :: OrthoP[5] CheckSum  = 0.1870829247455513D+02
 PM                   :: P[5] CheckSum  = 0.1314073259707315D+02
 PM                   :: CPU (Sec,MFLOPS) = (0.23549000D+03, 458),
                         WALL(Sec,MFLOPS) = (0.25479000D+03, 423)
 PM                   :: Allocs=445,  DeAllocs=437, 49707320 bytes are presently allocated.
                         A max of 173978152 bytes were allocated.
>-Exiting PM 08/28/02 @ 04:33:13-<
<<Entering SCFStatus 08/28/02 @ 04:33:13>>
 
= = = = = SCFCycle #4, Basis #1, Geometry #1 = = = = =

       DIISErr = 0.36D-03
       MaxDelD = 0.16D-02
       <T>     = 0.53077135D+04
       <V>     = -.10002070D+05
       <HF>    = -.62782794D+03
       <SCF>   = -5322.18430573

 SCFStatus            :: CPU (Sec,MFLOPS) = (0.12000000D+01, 15),
                         WALL(Sec,MFLOPS) = (0.13600000D+01, 13)
 SCFStatus            :: Allocs=16,  DeAllocs=16, 0 bytes are presently allocated.
                         A max of 74563500 bytes were allocated.
>-Exiting SCFStatus 08/28/02 @ 04:33:14-<
<<Entering MakeRho 08/28/02 @ 04:33:15>>
 MakeRho : Pruned Rho :: dNel = 0.86D-07, kept 10% of distributions.
 MakeRho : Moments    :: <r> = (-.20D+01, 0.25D+00, -.29D+01), <r^2> = 0.42D+03
 MakeRho              :: Rho CheckSum  = 0.1077742535436907D+05
 MakeRho              :: CPU Sec = 0.66D+02, WALL Sec = 0.68D+02
 MakeRho              :: Allocs=64,  DeAllocs=59, 1192 bytes are presently allocated.
                         A max of 110945732 bytes were allocated.
>-Exiting MakeRho 08/28/02 @ 04:34:23-<
<<Entering QCTC 08/28/02 @ 04:34:23>>
 QCTC                 :: J[5] CheckSum  = 0.3887791616405956D+03
 QCTC                 :: WALL (Sec) = 0.32D+04
 QCTC                 :: Allocs=789563,  DeAllocs=50, 83519160 bytes are presently allocated.
                         A max of 133258024 bytes were allocated.
>-Exiting QCTC 08/28/02 @ 05:27:34-<
<<Entering ONX 08/28/02 @ 05:27:34>>
 ONX                  :: Kx[5] CheckSum  = 0.6675893026254654D+02
 ONX                  :: WALL (Sec) = 0.69D+04
 ONX                  :: Allocs=258,  DeAllocs=258, 0 bytes are presently allocated.
                         A max of 341660400 bytes were allocated.
>-Exiting ONX 08/28/02 @ 07:22:14-<
<<Entering FockNGrueven 08/28/02 @ 07:22:14>>
 FockNGrueven         :: F[5] CheckSum  = 0.2106039190029898D+03
 FockNGrueven         :: OrthoF[5] CheckSum  = 0.1962107968159793D+03
 FockNGrueven         :: CPU (Sec,MFLOPS) = (0.23300000D+02, 437),
                         WALL(Sec,MFLOPS) = (0.35950000D+02, 283)
 FockNGrueven         :: Allocs=41,  DeAllocs=37, 12367004 bytes are presently allocated.
                         A max of 74563500 bytes were allocated.
>-Exiting FockNGrueven 08/28/02 @ 07:22:50-<
<<Entering DIIS 08/28/02 @ 07:22:50>>
 DIIS                 :: Cond# = 0.75D+07, MIN(E) = 0.45D-06
 DIIS : Pulay C1      :: DIISCo = 0.58D+00, 0.69D+00, -.18D+01,
                                  0.12D+02, -.10D+02
 DIIS                 :: F_DIIS[5] CheckSum  = 0.1962097022814634D+03
 DIIS                 :: CPU (Sec,MFLOPS) = (0.26780000D+02, 409),
                         WALL(Sec,MFLOPS) = (0.43690000D+02, 250)
 DIIS                 :: Allocs=68,  DeAllocs=63, 432 bytes are presently allocated.
                         A max of 99770948 bytes were allocated.
>-Exiting DIIS 08/28/02 @ 07:23:34-<
<<Entering PM 08/28/02 @ 07:23:34>>
 PM                   :: Trix = 0.10D-03
 PM : Pure 1          :: dE=0.10D+01, dP=0.61D-01, ThrX=0.10D-03, %Non0=21
 PM : Pure 2          :: dE=0.44D+00, dP=0.81D-01, ThrX=0.10D-03, %Non0=19
 PM : Pure 3          :: dE=0.37D+00, dP=0.11D+00, ThrX=0.10D-03, %Non0=16
 PM : Pure 4          :: dE=0.31D+00, dP=0.13D+00, ThrX=0.10D-03, %Non0=16
 PM : Pure 5          :: dE=0.23D+00, dP=0.13D+00, ThrX=0.10D-03, %Non0=16
 PM : Pure 6          :: dE=0.14D+00, dP=0.84D-01, ThrX=0.10D-03, %Non0=16
 PM : Pure 7          :: dE=0.46D-01, dP=0.34D-01, ThrX=0.10D-03, %Non0=16
 PM : Pure 8          :: dE=0.20D-01, dP=0.34D-01, ThrX=0.10D-03, %Non0=16
 PM : Pure 9          :: dE=0.21D-01, dP=0.42D-01, ThrX=0.10D-03, %Non0=16
 PM : Pure 10         :: dE=0.24D-01, dP=0.53D-01, ThrX=0.10D-03, %Non0=17
 PM : Pure 11         :: dE=0.28D-01, dP=0.67D-01, ThrX=0.10D-03, %Non0=18
 PM : Pure 12         :: dE=0.32D-01, dP=0.85D-01, ThrX=0.10D-03, %Non0=20
 PM : Pure 13         :: dE=0.37D-01, dP=0.11D+00, ThrX=0.10D-03, %Non0=23
 PM : Pure 14         :: dE=0.42D-01, dP=0.14D+00, ThrX=0.10D-03, %Non0=25
 PM : Pure 15         :: dE=0.45D-01, dP=0.17D+00, ThrX=0.10D-03, %Non0=27
 PM : Pure 16         :: dE=0.46D-01, dP=0.19D+00, ThrX=0.10D-03, %Non0=30
 PM : Pure 17         :: dE=0.42D-01, dP=0.19D+00, ThrX=0.10D-03, %Non0=33
 PM : Pure 18         :: dE=0.34D-01, dP=0.20D+00, ThrX=0.10D-03, %Non0=37
 PM : Pure 19         :: dE=0.27D-01, dP=0.19D+00, ThrX=0.10D-03, %Non0=40
 PM : Pure 20         :: dE=0.18D-01, dP=0.17D+00, ThrX=0.10D-03, %Non0=44
 PM : Pure 21         :: dE=0.81D-02, dP=0.13D+00, ThrX=0.10D-03, %Non0=47
 PM : Pure 22         :: dE=0.22D-02, dP=0.97D-01, ThrX=0.10D-03, %Non0=49
 PM : Pure 23         :: dE=0.27D-03, dP=0.50D-01, ThrX=0.10D-03, %Non0=50
 PM : Pure 24         :: dE=0.12D-04, dP=0.11D-01, ThrX=0.10D-03, %Non0=50
 PM : Pure 25         :: dE=0.17D-06, dP=0.35D-03, ThrX=0.10D-03, %Non0=50
 PM : Pure 26         :: dE=0.13D-07, dP=0.22D-03, ThrX=0.10D-03, %Non0=50
 PM : Pure 27         :: dE=0.10D-07, dP=0.13D-03, ThrX=0.10D-03, %Non0=50
 PM : Pure 28         :: dE=0.80D-08, dP=0.15D-03, ThrX=0.10D-03, %Non0=50
 PM : Hit dP increase :: Tr{FP}=-.1654981842399019D+04, dNel = 0.45D-12
 PM                   :: 28 purification steps, 59 matrix multiplies
 PM                   :: Fractional occupation = 0.20D+00, %Non0s = 50
 PM : Max abs errors  :: dE=0.13D-04, dP=0.15D-03, [F,P]=0.17D-01
 PM                   :: Rel dE=0.80D-08, ||dP||_F=0.11D-02, ||[F,P]||_F=0.62D+00
 PM                   :: OrthoP[6] CheckSum  = 0.1870829247567013D+02
 PM                   :: P[6] CheckSum  = 0.1314059005211166D+02
 PM                   :: CPU (Sec,MFLOPS) = (0.24312000D+03, 444),
                         WALL(Sec,MFLOPS) = (0.25494000D+03, 423)
 PM                   :: Allocs=445,  DeAllocs=437, 49707320 bytes are presently allocated.
                         A max of 173978152 bytes were allocated.
>-Exiting PM 08/28/02 @ 07:27:49-<
<<Entering SCFStatus 08/28/02 @ 07:27:50>>
 
= = = = = SCFCycle #5, Basis #1, Geometry #1 = = = = =

       DIISErr = 0.36D-03
       MaxDelD = 0.28D-02
       <T>     = 0.53076965D+04
       <V>     = -.10002055D+05
       <HF>    = -.62782573D+03
       <SCF>   = -5322.18431340

 SCFStatus            :: CPU (Sec,MFLOPS) = (0.11600000D+01, 15),
                         WALL(Sec,MFLOPS) = (0.11700000D+01, 15)
 SCFStatus            :: Allocs=16,  DeAllocs=16, 0 bytes are presently allocated.
                         A max of 74563500 bytes were allocated.
>-Exiting SCFStatus 08/28/02 @ 07:27:51-<
<<Entering MakeRho 08/28/02 @ 07:27:51>>
 MakeRho : Pruned Rho :: dNel = 0.85D-07, kept 10% of distributions.
 MakeRho : Moments    :: <r> = (-.20D+01, 0.25D+00, -.29D+01), <r^2> = 0.42D+03
 MakeRho              :: Rho CheckSum  = 0.1077734252270109D+05
 MakeRho              :: CPU Sec = 0.65D+02, WALL Sec = 0.67D+02
 MakeRho              :: Allocs=64,  DeAllocs=59, 1192 bytes are presently allocated.
                         A max of 110972148 bytes were allocated.
>-Exiting MakeRho 08/28/02 @ 07:28:58-<
<<Entering QCTC 08/28/02 @ 07:28:58>>
 QCTC                 :: J[6] CheckSum  = 0.3887827807078922D+03
 QCTC                 :: WALL (Sec) = 0.31D+04
 QCTC                 :: Allocs=789603,  DeAllocs=50, 83523040 bytes are presently allocated.
                         A max of 133261904 bytes were allocated.
>-Exiting QCTC 08/28/02 @ 08:20:06-<
<<Entering ONX 08/28/02 @ 08:20:06>>
 Unknown error: < /n/scratch/mchalla/MagnesiumExec1/ONX h2o_70_5563 Direct 6 1 1 5 1 1>
