!--------------------------------------------------------------------------------------------------!
! INPUT FILE = /users/valeryw/Forsterite2/Forsterite2_2x1x2.inp                                    !
! <BeginTitle>                                                                                     !
!                                                                                                  !
! <EndTitle>                                                                                       !
!                                                                                                  !
! <BeginOptions>                                                                                   !
! LowdinO=(1.0D-4)                                                                                 !
! Grad=(Optimize,PrimInt,BiSect,NoGDIIS)                                                           !
! Charge=0                                                                                         !
! Multiplicity=1                                                                                   !
! DebugAll=(MaxDebug,CheckSums)                                                                    !
! Guess=Restart                                                                                    !
! H#DFFile=/scratch2/valeryw/MondoScratch/Forsterite2_2x1x2/Forsterite2_2x1x2_1072040.hdf          !
! H@DFFile=/scratch2/valeryw/MondoScratch/Forsterite2_2x1x2/Forsterite2_2x1x2_12060710.hdf         !
! H@DFFile=/scratch2/valeryw/MondoScratch/Forsterite2_2x1x2/Forsterite2_2x1x2_9968926.hdf          !
! H#DFFile=/scratch2/valeryw/MondoScratch/Forsterite2_2x1x2/Forsterite2_2x1x2_10493882.hdf         !
! H#DFFile=/scratch2/valeryw/MondoScratch/Forsterite2_2x1x2/Forsterite2_2x1x2_816055.hdf           !
! H@DFFile=/scratch2/valeryw/MondoScratch/Forsterite2_2x1x2/Forsterite2_2x1x2_1609883.hdf          !
! H#DFFile=/scratch2/valeryw/MondoScratch/Forsterite2_2x1x2/Forsterite2_2x1x2_945756.hdf           !
! H#DFFile=/scratch2/valeryw/MondoScratch/Forsterite2_2x1x2/Forsterite2_2x1x2_6828516.hdf          !
! H#DFFile=/scratch2/valeryw/MondoScratch/Forsterite2_2x1x2/Forsterite2_2x1x2_13643665.hdf         !
! H#DFFile=/scratch2/valeryw/MondoScratch/Forsterite2_2x1x2/Forsterite2_2x1x2_15217222.hdf         !
! H#DFFile=/scratch2/valeryw/MondoScratch/Forsterite2_2x1x2/Forsterite2_2x1x2_15742342.hdf         !
! H#DFFile=/scratch2/valeryw/MondoScratch/Forsterite2_2x1x2/Forsterite2_2x1x2_827175.hdf           !
! H&DFFile=/scratch2/valeryw/MondoScratch/Forsterite2_2x1x2/Forsterite2_2x1x2_739324.hdf           !
! H#DFFile=/scratch2/valeryw/MondoScratch/Forsterite2_2x1x2/Forsterite2_2x1x2_1007103.hdf          !
! H#DFFile=/scratch2/valeryw/MondoScratch/Forsterite2_2x1x2/Forsterite2_2x1x2_1028433.hdf          !
! H#DFFile=/scratch2/valeryw/MondoScratch/Forsterite2_2x1x2/Forsterite2_2x1x2_13130605.hdf         !
! H#DFFile=/scratch2/valeryw/MondoScratch/Forsterite2_2x1x2/Forsterite2_2x1x2_15751015.hdf         !
! H#DFFile=/scratch2/valeryw/MondoScratch/Forsterite2_2x1x2/Forsterite2_2x1x2_13131157.hdf         !
! H#DFFile=/scratch2/valeryw/MondoScratch/Forsterite2_2x1x2/Forsterite2_2x1x2_913351.hdf           !
! H#DFFile=/scratch2/valeryw/MondoScratch/Forsterite2_2x1x2/Forsterite2_2x1x2_4744310.hdf          !
! HDFFile=/scratch2/valeryw/MondoScratch/Forsterite2_2x1x2/Forsterite2_2x1x2_16797106.hdf          !
!                                                                                                  !
! SCFMethod=(RH)                                                                                   !
! BasisSets=(User4)                                                                                !
! ModelChem=(B3LYP)                                                                                !
! Accuracy=(tight)                                                                                 !
! PBC=(T,T,T)                                                                                      !
! Periodic=(AtomCoord)                                                                             !
! SCFConvergence=(diis)                                                                            !
! MPIInvoke="prun"                                                                                 !
! MPIProcFlag="-n"                                                                                 !
! MPIProcessors=64                                                                                 !
! MPISpatialProc=64                                                                                !
! R#atioABC 1.0 1.0 1.0                                                                            !
! <EndOptions>                                                                                     !
!                                                                                                  !
! <BEGIN_ADD_INTERNALS>                                                                            !
! ALPHA 90.0                                                                                       !
! BETA  90.0                                                                                       !
! GAMMA 90.0                                                                                       !
! <END_ADD_INTERNALS>                                                                              !
!                                                                                                  !
!  <BeginPeriodic>                                                                                 !
!  9.581385 10.272478 12.050157 90.0 90.0 90.0                                                     !
!  <EndPeriodic>                                                                                   !
!                                                                                                  !
!  <BeginGeometry>                                                                                 !
!   MG       4.77649        0.00927        6.01036                                                 !
!   MG       4.77563        0.01217        3.00076                                                 !
!   MG       2.38524        5.14390        6.01090                                                 !
!   MG       2.38472        5.14515        3.00207                                                 !
!   MG       4.81376        2.86366        4.50665                                                 !
!   MG       4.73491        7.43194        1.49968                                                 !
!   MG       2.42640        2.29007        1.49982                                                 !
!   MG       2.34380        7.99843        4.50609                                                 !
!   SI       0.33386        4.16939        1.49732                                                 !
!   SI       4.43940        6.12038        4.50865                                                 !
!   SI       2.72480        0.97829        4.50812                                                 !
!   SI       2.03937        9.30801        1.49853                                                 !
!   O        1.09502        0.94629        4.50670                                                 !
!   O        3.66831        9.34509        1.49645                                                 !
!   O        3.49519        4.20156        1.49625                                                 !
!   O        1.27748        6.08684        4.50827                                                 !
!   O        1.31998        0.54576        1.49721                                                 !
!   O        3.44942        9.74264        4.50665                                                 !
!   O        3.71641        4.61196        4.50768                                                 !
!   O        1.05438        5.67859        1.49530                                                 !
!   O        1.05886        3.47202        2.80786                                                 !
!   O        3.71129        6.81810        5.81677                                                 !
!   O        3.45410        1.67990        3.20096                                                 !
!   O        1.31396        8.60862        0.19048                                                 !
!   O        3.71136        6.81868        3.19969                                                 !
!   O        1.05938        3.46910        0.18962                                                 !
!   O        1.31356        8.60989        2.80772                                                 !
!   O        3.45325        1.67759        5.81528                                                 !
!   MG       4.77536        0.01290       12.03494                                                 !
!   MG       4.77540        0.01371        9.02411                                                 !
!   MG       2.38486        5.14570       12.03438                                                 !
!   MG       2.38568        5.14824        9.02555                                                 !
!   MG       4.81292        2.86394       10.53022                                                 !
!   MG       4.73668        7.43217        7.52418                                                 !
!   MG       2.42418        2.28987        7.52379                                                 !
!   MG       2.34405        7.99964       10.53004                                                 !
!   SI       0.33260        4.17127        7.52099                                                 !
!   SI       4.43913        6.12247       10.53195                                                 !
!   SI       2.72455        0.98005       10.53107                                                 !
!   SI       2.03839        9.30843        7.52217                                                 !
!   O        1.09610        0.94652       10.53107                                                 !
!   O        3.66783        9.34237        7.52031                                                 !
!   O        3.49327        4.20130        7.52052                                                 !
!   O        1.27706        6.08800       10.53204                                                 !
!   O        1.31860        0.54551        7.52175                                                 !
!   O        3.44965        9.74435       10.53115                                                 !
!   O        3.71625        4.61329       10.53261                                                 !
!   O        1.05402        5.68130        7.52093                                                 !
!   O        1.05818        3.47282        8.83037                                                 !
!   O        3.71078        6.82086       11.83899                                                 !
!   O        3.45373        1.67982        9.22338                                                 !
!   O        1.31347        8.60969        6.21316                                                 !
!   O        3.71085        6.81950        9.22240                                                 !
!   O        1.05774        3.47016        6.21224                                                 !
!   O        1.31244        8.60963        8.83136                                                 !
!   O        3.45382        1.68028       11.83785                                                 !
!   MG       9.56610        0.01375        6.00904                                                 !
!   MG       9.56693        0.01478        3.00090                                                 !
!   MG       7.17697        5.14678        6.01096                                                 !
!   MG       7.17652        5.14846        3.00201                                                 !
!   MG       0.01867        2.86081        4.50611                                                 !
!   MG       9.52675        7.43395        1.50081                                                 !
!   MG       7.21738        2.29442        1.50017                                                 !
!   MG       7.13657        8.00205        4.50656                                                 !
!   SI       5.12534        4.17315        1.49674                                                 !
!   SI       9.23041        6.12392        4.50925                                                 !
!   SI       7.51470        0.98286        4.50771                                                 !
!   SI       6.83100        9.31136        1.49894                                                 !
!   O        5.88647        0.95100        4.50741                                                 !
!   O        8.46005        9.34629        1.49719                                                 !
!   O        8.28531        4.20439        1.49653                                                 !
!   O        6.06828        6.08977        4.50836                                                 !
!   O        6.11071        0.54806        1.49741                                                 !
!   O        8.23936        9.74724        4.50594                                                 !
!   O        8.50672        4.61532        4.50796                                                 !
!   O        5.84436        5.68308        1.49464                                                 !
!   O        5.85081        3.47573        2.80802                                                 !
!   O        8.50254        6.82168        5.81726                                                 !
!   O        8.24484        1.68433        3.20023                                                 !
!   O        6.10563        8.61119        0.19101                                                 !
!   O        8.50248        6.82247        3.20096                                                 !
!   O        5.85159        3.47314        0.18979                                                 !
!   O        6.10498        8.61284        2.80773                                                 !
!   O        8.24443        1.68304        5.81549                                                 !
!   MG       9.56580        0.01488       12.03508                                                 !
!   MG       9.56597        0.01574        9.02540                                                 !
!   MG       7.17658        5.14736       12.03541                                                 !
!   MG       7.17668        5.14873        9.02651                                                 !
!   MG       0.01882        2.86175       10.52961                                                 !
!   MG       9.52746        7.43458        7.52513                                                 !
!   MG       7.21697        2.29561        7.52456                                                 !
!   MG       7.13635        8.00313       10.53068                                                 !
!   SI       5.12338        4.17460        7.52073                                                 !
!   SI       9.22977        6.12584       10.53221                                                 !
!   SI       7.51537        0.98423       10.53160                                                 !
!   SI       6.83091        9.31300        7.52191                                                 !
!   O        5.88809        0.95022       10.53152                                                 !
!   O        8.46043        9.34560        7.52072                                                 !
!   O        8.28443        4.20451        7.52104                                                 !
!   O        6.06804        6.09081       10.53183                                                 !
!   O        6.11034        0.54928        7.52159                                                 !
!   O        8.24005        9.74818       10.53153                                                 !
!   O        8.50717        4.61639       10.53331                                                 !
!   O        5.84308        5.68526        7.52033                                                 !
!   O        5.84942        3.47515        8.83053                                                 !
!   O        8.50250        6.82380       11.83919                                                 !
!   O        8.24509        1.68469        9.22355                                                 !
!   O        6.10643        8.61246        6.21352                                                 !
!   O        8.50098        6.82257        9.22336                                                 !
!   O        5.85035        3.47441        6.21248                                                 !
!   O        6.10509        8.61350        8.83033                                                 !
!   O        8.24545        1.68472       11.83823                                                 !
!  <EndGeometry>                                                                                   !
!                                                                                                  !
!                                                                                                  !
!                                                                                                  !
!                                                                                                  !
!                                                                                                  !
!                                                                                                  !
!                                                                                                  !
!--------------------------------------------------------------------------------------------------!


 __    __                 _       ____________ ______ 
|  \  /  |               | |     /       /    |      |
|   \/   | ___  _ __   __| | ___/   ____/   __|  |==='
|        |/ _ \| '_ \ / _  |/ _ \____  \   (__|  ____|
|  |\/|  | (_) | | | | (_| | (_) )     /\     |  |    
|__|  |__|\___/|_| |_|\____|\___/_____/  \____|__|    

 Version 1.0 alpha 11 "Gyokuro"                       
 A program suite for O(N) SCF theory and ab initio MD 
 Matt Challacombe, C.J. Tymczak, Karoly Nemeth,       
 Valery Weber, Chee Kwan Gan, Eric Schwegler,         
 Graeme Henkelman and Anders Niklasson                
 Los Alamos National Laboratory                       
 LA-CC-04-086 (formerly 01-2)                         
 Compiled for True64.COMPAQ, executing on qsc96
 a alpha machine running OSF1 V5
 .1
 
 Current HDF :: 
 /scratch2/valeryw/MondoScratch/Forsterite2_2x1x2/Forsterite2_2x1x2_1005451.hdf
<<Starting MondoSCF 03/03/06 @ 14:32:43>>
<< Entering MakePFFT 03/03/06 @ 14:32:49>>
 MakePFFT               :: TenC CheckSum  = 0.5232669223879879D-04
 MakePFFT               :: TenS CheckSum  = 0.1530036958014328D-18
 MakePFFT               :: WALL Sec = 0.41D+01, NProc = 1
>-Exiting MakePFFT 03/03/06 @ 14:32:53-<
<< Entering MakeS 03/03/06 @ 14:32:59>>
 MakeS                  :: S CheckSum  = 0.6014478735573631D+02                                                                  
 MakeS                  :: Parallel Statistics
                     Imblnce = 0.91D-02
                     MinTime = 0.18D+01

                      AvgTime = 0.18D+01
                     MaxTime = 0.18D+01
 MakeS                  :: WALL Sec = 0.18D+01, NProc = 64
>-Exiting MakeS 03/03/06 @ 14:33:00-<
<< Entering LowdinO 03/03/06 @ 14:33:08>>
 LowdinO                :: OverlapEigenThreshold  = 0.10D-03
 ... ning Warning  Warning  Warning Wa ...
Illconditioning detected in MakeS: Co
 nd(S)=0.21D+05
 LowdinO                :: X CheckSum  = 0.2838876597194605D+03
 LowdinO                :: WALL Sec = 0.74D+02, NProc = 1
>-Exiting LowdinO 03/03/06 @ 14:34:23-<
<< Entering MakeT 03/03/06 @ 14:34:29>>
 MakeT                  :: T CheckSum  = 0.5960011357589839D+03                                                                  
 MakeT                  :: Parallel Statistics
                     Imblnce = 0.65D-02
                     MinTime = 0.22D+01

                      AvgTime = 0.22D+01
                     MaxTime = 0.22D+01
 MakeT                  :: WALL Sec = 0.22D+01, NProc = 64
>-Exiting MakeT 03/03/06 @ 14:34:31-<
<< Entering P2Use 03/03/06 @ 14:34:36>>
 P2Use                  :: P[0] CheckSum  = 0.2134200450635200D+02                                                               
 P2Use                  :: Parallel Statistics
                     Imblnce = 0.37D+00
                     MinTime = 0.13D+02

                      AvgTime = 0.13D+02
                     MaxTime = 0.17D+02
 P2Use                  :: WALL (Sec,MFLOPS) = (0.17D+02, 540), NProc = 64
>-Exiting P2Use 03/03/06 @ 14:34:54-<
<< Entering MakeRho 03/03/06 @ 14:34:59>>
 MakeRho : Pruned Rho   :: dNel = -.14D-07, kept 50% of distributions.
 MakeRho : Moments      :: <r> = (0.34D+02, -.72D+02, 0.42D+02), <r^2> = 0.39D+0
 3
 MakeRho                :: Rho-Coef CheckSum  = 0.4405335006034764D+05
 MakeRho                :: Rho-Expt CheckSum  = 0.2587456950575019D+09
 MakeRho                :: Rho-LMNs CheckSum  = 0.4448454018257900D+05
 MakeRho                :: Parallel Statistics
                     Imblnce = 0.13D-02
                     MinTime = 0.46D+01

                      AvgTime = 0.46D+01
                     MaxTime = 0.46D+01
 MakeRho                :: WALL Sec = 0.46D+01, NProc = 64
>-Exiting MakeRho 03/03/06 @ 14:35:04-<
<< Entering QCTC 03/03/06 @ 14:35:09>>
 *** WARNING *** Ell > MaxEll *** WARNING *** : Ell ==>  35 PFFMaxEll ==>  10
 QCTC                   :: J[0] CheckSum  = 0.9531889798489481D+03
 QCTC : 3-D periodics   :: MxL = 10, PAC Cells = 73, MAC Cells = 163
 QCTC : FF Energy       :: <FF> = 0.2560985157122792D+00
 QCTC                   :: Parallel Statistics
                     Imblnce = 0.11D-03
                     MinTime = 0.15D+04

                      AvgTime = 0.15D+04
                     MaxTime = 0.15D+04
 QCTC                   :: WALL Sec = 0.15D+04, NProc = 64
>-Exiting QCTC 03/03/06 @ 14:59:23-<
<< Entering ONX2 03/03/06 @ 14:59:31>>
 ONX2                   :: Kx[0] CheckSum  = 0.9125611677750926D+02
 ONX2                   :: Parallel Statistics
                     Imblnce = 0.19D-02
                     MinTime = 0.17D+04

                      AvgTime = 0.17D+04
                     MaxTime = 0.17D+04
 ONX2                   :: WALL Sec = 0.17D+04, NProc = 64
>-Exiting ONX2 03/03/06 @ 15:27:45-<
<< Entering HiCu 03/03/06 @ 15:27:52>>
 LineLoc is not found.
 HiCu                   :: Kxc[0] CheckSum  = 0.4765477909063954D+02
 HiCu                   :: Parallel Statistics
                     Imblnce = 0.18D-02
                     MinTime = 0.20D+04

                      AvgTime = 0.20D+04
                     MaxTime = 0.20D+04
 HiCu                   :: WALL Sec = 0.20D+04, NProc = 64
>-Exiting HiCu 03/03/06 @ 16:01:06-<
<< Entering FockNGrueven 03/03/06 @ 16:01:13>>
 FockNGrueven           :: F[0] CheckSum  = 0.4442914463148160D+03                                                               
 FockNGrueven           :: OrthoF[0] CheckSum  = 0.4471051592388524D+03                                                          
 FockNGrueven           :: Parallel Statistics
                     Imblnce = 0.24D-02
                     MinTime = 0.17D+02

                      AvgTime = 0.17D+02
                     MaxTime = 0.17D+02
 FockNGrueven           :: WALL (Sec,MFLOPS) = (0.17D+02, 1232), NProc = 64
>-Exiting FockNGrueven 03/03/06 @ 16:01:30-<
<< Entering RHEqs 03/03/06 @ 16:01:39>>
 RHEqs                  :: HOMO = -.27072467D-01, LUMO = 0.26374822D+00
 RHEqs                  :: OrthoP[1] CheckSum  = 0.2366431913239196D+02
 RHEqs                  :: P[1] CheckSum  = 0.2134200037377314D+02
 RHEqs                  :: WALL (Sec,MFLOPS) = (0.77D+02, 276), NProc = 1
>-Exiting RHEqs 03/03/06 @ 16:02:56-<
<< Entering SCFStatus 03/03/06 @ 16:03:02>>
 
= = = = = SCFCycle #0, Basis #1, Geometry #15 = = = = =

       Gap     = 0.29
 D+00
       MaxDelD = 0.29D-02
       <T>     = 0.15803920D+05
       <V>     =
  -.30239003D+05
       <HF>    = -.27538209D+03
       <DFT>   = -.11498819D+04
 
       <SCF>   = -15860.34709730

 SCFStatus              :: Parallel Statistics
                     Imblnce = 0.90D-03
                     MinTime = 0.18D+02

                      AvgTime = 0.18D+02
                     MaxTime = 0.18D+02
 SCFStatus              :: WALL (Sec,MFLOPS) = (0.18D+02, 1629), NProc = 64
>-Exiting SCFStatus 03/03/06 @ 16:03:20-<
<< Entering MakeRho 03/03/06 @ 16:03:26>>
 MakeRho : Pruned Rho   :: dNel = -.12D-07, kept 50% of distributions.
 MakeRho : Moments      :: <r> = (0.34D+02, -.72D+02, 0.42D+02), <r^2> = 0.39D+0
 3
 MakeRho                :: Rho-Coef CheckSum  = 0.4405346269629371D+05
 MakeRho                :: Rho-Expt CheckSum  = 0.2587462548482388D+09
 MakeRho                :: Rho-LMNs CheckSum  = 0.4448465065597522D+05
 MakeRho                :: Parallel Statistics
                     Imblnce = 0.98D-02
                     MinTime = 0.67D+01

                      AvgTime = 0.67D+01
                     MaxTime = 0.68D+01
 MakeRho                :: WALL Sec = 0.68D+01, NProc = 64
>-Exiting MakeRho 03/03/06 @ 16:03:33-<
<< Entering QCTC 03/03/06 @ 16:03:39>>
 *** WARNING *** Ell > MaxEll *** WARNING *** : Ell ==>  35 PFFMaxEll ==>  10
 QCTC                   :: J[1] CheckSum  = 0.9531880885226038D+03
 QCTC : 3-D periodics   :: MxL = 10, PAC Cells = 73, MAC Cells = 163
 QCTC : FF Energy       :: <FF> = 0.2558876730628766D+00
 QCTC                   :: Parallel Statistics
                     Imblnce = 0.43D-04
                     MinTime = 0.15D+04

                      AvgTime = 0.15D+04
                     MaxTime = 0.15D+04
 QCTC                   :: WALL Sec = 0.15D+04, NProc = 64
>-Exiting QCTC 03/03/06 @ 16:28:18-<
<< Entering ONX2 03/03/06 @ 16:28:26>>
 ONX2                   :: Kx[1] CheckSum  = 0.9125632417692555D+02
 ONX2                   :: Parallel Statistics
                     Imblnce = 0.15D-02
                     MinTime = 0.15D+04

                      AvgTime = 0.15D+04
                     MaxTime = 0.15D+04
 ONX2                   :: WALL Sec = 0.15D+04, NProc = 64
>-Exiting ONX2 03/03/06 @ 16:53:13-<
<< Entering HiCu 03/03/06 @ 16:53:22>>
 HiCu                   :: Kxc[1] CheckSum  = 0.4765485043963795D+02
 HiCu                   :: Parallel Statistics
                     Imblnce = 0.19D-02
                     MinTime = 0.11D+04

                      AvgTime = 0.11D+04
                     MaxTime = 0.11D+04
 HiCu                   :: WALL Sec = 0.11D+04, NProc = 64
>-Exiting HiCu 03/03/06 @ 17:11:11-<
<< Entering FockNGrueven 03/03/06 @ 17:11:18>>
 FockNGrueven           :: F[1] CheckSum  = 0.4442905032238893D+03                                                               
 FockNGrueven           :: OrthoF[1] CheckSum  = 0.4471049611877770D+03                                                          
 FockNGrueven           :: Parallel Statistics
                     Imblnce = 0.59D-02
                     MinTime = 0.17D+02

                      AvgTime = 0.17D+02
                     MaxTime = 0.17D+02
 FockNGrueven           :: WALL (Sec,MFLOPS) = (0.17D+02, 1228), NProc = 64
>-Exiting FockNGrueven 03/03/06 @ 17:11:35-<
<< Entering DIIS 03/03/06 @ 17:11:41>>
 DIIS : Damping         :: Co = 0.90D+00, 0.10D+00
 DIIS                   :: F_DIIS[1] CheckSum  = 0.4471051394083515D+03                                                          
 DIIS                   :: Parallel Statistics
                     Imblnce = 0.98D-02
                     MinTime = 0.14D+02

                      AvgTime = 0.14D+02
                     MaxTime = 0.14D+02
 DIIS                   :: WALL (Sec,MFLOPS) = (0.14D+02, 1504), NProc = 64
>-Exiting DIIS 03/03/06 @ 17:11:55-<
<< Entering RHEqs 03/03/06 @ 17:12:00>>
 RHEqs                  :: HOMO = -.27068514D-01, LUMO = 0.26374990D+00
 RHEqs                  :: OrthoP[2] CheckSum  = 0.2366431913239282D+02
 RHEqs                  :: P[2] CheckSum  = 0.2134200670900055D+02
 RHEqs                  :: WALL (Sec,MFLOPS) = (0.74D+02, 288), NProc = 1
>-Exiting RHEqs 03/03/06 @ 17:13:14-<
<< Entering SCFStatus 03/03/06 @ 17:13:20>>
 
= = = = = SCFCycle #1, Basis #1, Geometry #15 = = = = =

       Gap     = 0.29
 D+00
       DIISErr = 0.19D-05
       MaxDelD = 0.91D-04
       <T>     = 0.158
 03907D+05
       <V>     = -.30238996D+05
       <HF>    = -.27538084D+03
     
   <DFT>   = -.11498773D+04
       <SCF>   = -15860.34713904

 SCFStatus              :: Parallel Statistics
                     Imblnce = 0.89D-02
                     MinTime = 0.18D+02

                      AvgTime = 0.18D+02
                     MaxTime = 0.18D+02
 SCFStatus              :: WALL (Sec,MFLOPS) = (0.18D+02, 1634), NProc = 64
>-Exiting SCFStatus 03/03/06 @ 17:13:38-<
<< Entering MakeRho 03/03/06 @ 17:13:45>>
 MakeRho : Pruned Rho   :: dNel = -.13D-07, kept 50% of distributions.
 MakeRho : Moments      :: <r> = (0.34D+02, -.72D+02, 0.42D+02), <r^2> = 0.39D+0
 3
 MakeRho                :: Rho-Coef CheckSum  = 0.4405346442825269D+05
 MakeRho                :: Rho-Expt CheckSum  = 0.2587462382323470D+09
 MakeRho                :: Rho-LMNs CheckSum  = 0.4448465107284435D+05
 MakeRho                :: Parallel Statistics
                     Imblnce = 0.11D-01
                     MinTime = 0.62D+01

                      AvgTime = 0.62D+01
                     MaxTime = 0.63D+01
 MakeRho                :: WALL Sec = 0.63D+01, NProc = 64
>-Exiting MakeRho 03/03/06 @ 17:13:51-<
<< Entering QCTC 03/03/06 @ 17:13:57>>
 *** WARNING *** Ell > MaxEll *** WARNING *** : Ell ==>  35 PFFMaxEll ==>  10
 QCTC                   :: J[2] CheckSum  = 0.9531881542996650D+03
 QCTC : 3-D periodics   :: MxL = 10, PAC Cells = 73, MAC Cells = 163
 QCTC : FF Energy       :: <FF> = 0.2559171288735131D+00
 QCTC                   :: Parallel Statistics
                     Imblnce = 0.36D-03
                     MinTime = 0.13D+04

                      AvgTime = 0.13D+04
                     MaxTime = 0.13D+04
 QCTC                   :: WALL Sec = 0.13D+04, NProc = 64
>-Exiting QCTC 03/03/06 @ 17:36:14-<
<< Entering ONX2 03/03/06 @ 17:36:21>>
 ONX2                   :: Kx[2] CheckSum  = 0.9125631545880420D+02
 ONX2                   :: Parallel Statistics
                     Imblnce = 0.15D-02
                     MinTime = 0.15D+04

                      AvgTime = 0.15D+04
                     MaxTime = 0.15D+04
 ONX2                   :: WALL Sec = 0.15D+04, NProc = 64
>-Exiting ONX2 03/03/06 @ 18:00:48-<
<< Entering HiCu 03/03/06 @ 18:00:55>>
 HiCu                   :: Kxc[2] CheckSum  = 0.4765484454306623D+02
 HiCu                   :: Parallel Statistics
                     Imblnce = 0.18D-02
                     MinTime = 0.10D+04

                      AvgTime = 0.10D+04
                     MaxTime = 0.10D+04
 HiCu                   :: WALL Sec = 0.10D+04, NProc = 64
>-Exiting HiCu 03/03/06 @ 18:18:06-<
<< Entering FockNGrueven 03/03/06 @ 18:18:13>>
 FockNGrueven           :: F[2] CheckSum  = 0.4442905787843254D+03                                                               
 FockNGrueven           :: OrthoF[2] CheckSum  = 0.4471049600593004D+03                                                          
 FockNGrueven           :: Parallel Statistics
                     Imblnce = 0.21D-01
                     MinTime = 0.16D+02

                      AvgTime = 0.16D+02
                     MaxTime = 0.16D+02
 FockNGrueven           :: WALL (Sec,MFLOPS) = (0.16D+02, 1314), NProc = 64
>-Exiting FockNGrueven 03/03/06 @ 18:18:29-<
<< Entering DIIS 03/03/06 @ 18:18:35>>
 DIIS                   :: Cond# = 0.34D+07, MIN(E) = 0.41D-06
 DIIS : Pulay C1        :: DIISCo = -.27D+01, 0.37D+01
 DIIS                   :: F_DIIS[2] CheckSum  = 0.4471049571045159D+03                                                          
 DIIS                   :: Parallel Statistics
                     Imblnce = 0.34D-02
                     MinTime = 0.30D+02

                      AvgTime = 0.30D+02
                     MaxTime = 0.30D+02
 DIIS                   :: WALL (Sec,MFLOPS) = (0.30D+02, 2097), NProc = 64
>-Exiting DIIS 03/03/06 @ 18:19:05-<
<< Entering RHEqs 03/03/06 @ 18:19:12>>
 RHEqs                  :: HOMO = -.27056726D-01, LUMO = 0.26375780D+00
 RHEqs                  :: OrthoP[3] CheckSum  = 0.2366431913239364D+02
 RHEqs                  :: P[3] CheckSum  = 0.2134201954762491D+02
 RHEqs                  :: WALL (Sec,MFLOPS) = (0.77D+02, 275), NProc = 1
>-Exiting RHEqs 03/03/06 @ 18:20:29-<
<< Entering SCFStatus 03/03/06 @ 18:20:35>>
 
= = = = = SCFCycle #2, Basis #1, Geometry #15 = = = = =

       Gap     = 0.29
 D+00
       DIISErr = 0.14D-05
       MaxDelD = 0.30D-03
       <T>     = 0.158
 03914D+05
       <V>     = -.30239002D+05
       <HF>    = -.27538107D+03
     
   <DFT>   = -.11498782D+04
       <SCF>   = -15860.34714099

 SCFStatus              :: Parallel Statistics
                     Imblnce = 0.11D-01
                     MinTime = 0.17D+02

                      AvgTime = 0.17D+02
                     MaxTime = 0.17D+02
 SCFStatus              :: WALL (Sec,MFLOPS) = (0.17D+02, 1724), NProc = 64
>-Exiting SCFStatus 03/03/06 @ 18:20:53-<
<< Entering MakeRho 03/03/06 @ 18:20:59>>
 MakeRho : Pruned Rho   :: dNel = -.13D-07, kept 50% of distributions.
 MakeRho : Moments      :: <r> = (0.34D+02, -.72D+02, 0.42D+02), <r^2> = 0.39D+0
 3
 MakeRho                :: Rho-Coef CheckSum  = 0.4405346886310210D+05
 MakeRho                :: Rho-Expt CheckSum  = 0.2587461758592724D+09
 MakeRho                :: Rho-LMNs CheckSum  = 0.4448464945513904D+05
 MakeRho                :: Parallel Statistics
                     Imblnce = 0.25D-01
                     MinTime = 0.67D+01

                      AvgTime = 0.67D+01
                     MaxTime = 0.69D+01
 MakeRho                :: WALL Sec = 0.69D+01, NProc = 64
>-Exiting MakeRho 03/03/06 @ 18:21:06-<
<< Entering QCTC 03/03/06 @ 18:21:11>>
 *** WARNING *** Ell > MaxEll *** WARNING *** : Ell ==>  35 PFFMaxEll ==>  10
 QCTC                   :: J[3] CheckSum  = 0.9531883755678439D+03
 QCTC : 3-D periodics   :: MxL = 10, PAC Cells = 73, MAC Cells = 163
 QCTC : FF Energy       :: <FF> = 0.2560106267256077D+00
 QCTC                   :: Parallel Statistics
                     Imblnce = 0.51D-04
                     MinTime = 0.13D+04

                      AvgTime = 0.13D+04
                     MaxTime = 0.13D+04
 QCTC                   :: WALL Sec = 0.13D+04, NProc = 64
>-Exiting QCTC 03/03/06 @ 18:43:16-<
<< Entering ONX2 03/03/06 @ 18:43:24>>
 ONX2                   :: Kx[3] CheckSum  = 0.9125627025457175D+02
 ONX2                   :: Parallel Statistics
                     Imblnce = 0.17D-02
                     MinTime = 0.15D+04

                      AvgTime = 0.15D+04
                     MaxTime = 0.15D+04
 ONX2                   :: WALL Sec = 0.15D+04, NProc = 64
>-Exiting ONX2 03/03/06 @ 19:08:50-<
<< Entering HiCu 03/03/06 @ 19:08:56>>
 HiCu                   :: Kxc[3] CheckSum  = 0.4765481497142981D+02
 HiCu                   :: Parallel Statistics
                     Imblnce = 0.22D-02
                     MinTime = 0.10D+04

                      AvgTime = 0.10D+04
                     MaxTime = 0.10D+04
 HiCu                   :: WALL Sec = 0.10D+04, NProc = 64
>-Exiting HiCu 03/03/06 @ 19:26:08-<
<< Entering FockNGrueven 03/03/06 @ 19:26:15>>
 FockNGrueven           :: F[3] CheckSum  = 0.4442908349248569D+03                                                               
 FockNGrueven           :: OrthoF[3] CheckSum  = 0.4471049558705809D+03                                                          
 FockNGrueven           :: Parallel Statistics
                     Imblnce = 0.35D-02
                     MinTime = 0.15D+02

                      AvgTime = 0.15D+02
                     MaxTime = 0.15D+02
 FockNGrueven           :: WALL (Sec,MFLOPS) = (0.15D+02, 1438), NProc = 64
>-Exiting FockNGrueven 03/03/06 @ 19:26:29-<
<< Entering DIIS 03/03/06 @ 19:26:36>>
 DIIS                   :: Cond# = 0.39D+08, MIN(E) = 0.45D-07
 DIIS : Pulay C1        :: DIISCo = -.12D+01, 0.16D+01, 0.59D+00
 DIIS                   :: F_DIIS[3] CheckSum  = 0.4471049562785567D+03                                                          
 DIIS                   :: Parallel Statistics
                     Imblnce = 0.52D-02
                     MinTime = 0.24D+02

                      AvgTime = 0.24D+02
                     MaxTime = 0.24D+02
 DIIS                   :: WALL (Sec,MFLOPS) = (0.24D+02, 1773), NProc = 64
>-Exiting DIIS 03/03/06 @ 19:27:00-<
<< Entering RHEqs 03/03/06 @ 19:27:05>>
 RHEqs                  :: HOMO = -.27049276D-01, LUMO = 0.26375884D+00
 RHEqs                  :: OrthoP[4] CheckSum  = 0.2366431913239315D+02
 RHEqs                  :: P[4] CheckSum  = 0.2134201788192242D+02
 RHEqs                  :: WALL (Sec,MFLOPS) = (0.72D+02, 294), NProc = 1
>-Exiting RHEqs 03/03/06 @ 19:28:17-<
<< Entering SCFStatus 03/03/06 @ 19:28:26>>
 
= = = = = SCFCycle #3, Basis #1, Geometry #15 = = = = =

       Gap     = 0.29
 D+00
       DIISErr = 0.26D-06
       MaxDelD = 0.62D-04
       <T>     = 0.158
 03935D+05
       <V>     = -.30239019D+05
       <HF>    = -.27538183D+03
     
   <DFT>   = -.11498812D+04
       <SCF>   = -15860.34714547

 SCFStatus              :: Parallel Statistics
                     Imblnce = 0.73D-02
                     MinTime = 0.17D+02

                      AvgTime = 0.17D+02
                     MaxTime = 0.17D+02
 SCFStatus              :: WALL (Sec,MFLOPS) = (0.17D+02, 1768), NProc = 64
>-Exiting SCFStatus 03/03/06 @ 19:28:43-<
 Normal SCF convergence.
<< Entering SForce 03/03/06 @ 19:28:49>>
 SForce                 :: dS/dR CheckSum  = 0.5598589492143553D+00
 SForce                 :: LFrcS CheckSum  = 0.1732050807568877D+09
 SForce                 :: Parallel Statistics
                     Imblnce = 0.70D-02
                     MinTime = 0.12D+02

                      AvgTime = 0.12D+02
                     MaxTime = 0.12D+02
 SForce                 :: WALL (Sec,MFLOPS) = (0.12D+02, 1798), NProc = 64
>-Exiting SForce 03/03/06 @ 19:29:01-<
<< Entering TForce 03/03/06 @ 19:29:07>>
 TForce                 :: dT/dR CheckSum  = 0.3098119539438353D+01
 TForce                 :: LFrcT CheckSum  = 0.2910838722119677D+01
 TForce                 :: Parallel Statistics
                     Imblnce = 0.40D-01
                     MinTime = 0.40D+01

                      AvgTime = 0.40D+01
                     MaxTime = 0.41D+01
 TForce                 :: WALL Sec = 0.41D+01, NProc = 64
>-Exiting TForce 03/03/06 @ 19:29:11-<
<< Entering MakeRho 03/03/06 @ 19:29:18>>
 MakeRho : Pruned Rho   :: dNel = -.13D-07, kept 50% of distributions.
 MakeRho : Moments      :: <r> = (0.34D+02, -.72D+02, 0.42D+02), <r^2> = 0.39D+0
 3
 MakeRho                :: Rho-Coef CheckSum  = 0.4405346911282976D+05
 MakeRho                :: Rho-Expt CheckSum  = 0.2587461965561223D+09
 MakeRho                :: Rho-LMNs CheckSum  = 0.4448465114403290D+05
 MakeRho                :: Parallel Statistics
                     Imblnce = 0.73D-02
                     MinTime = 0.49D+01

                      AvgTime = 0.49D+01
                     MaxTime = 0.50D+01
 MakeRho                :: WALL Sec = 0.50D+01, NProc = 64
>-Exiting MakeRho 03/03/06 @ 19:29:23-<
<< Entering JForce 03/03/06 @ 19:29:30>>
 *** WARNING *** Ell > MaxEll *** WARNING *** : Ell ==>  35 PFFMaxEll ==>  10
 JForce                 :: dJ/dR CheckSum  = 0.2329027292904294D+01
 JForce                 :: LFrcJ CheckSum  = 0.2491893967909123D+01
 JForce                 :: Parallel Statistics
                     Imblnce = 0.49D-04
                     MinTime = 0.16D+04

                      AvgTime = 0.16D+04
                     MaxTime = 0.16D+04
 JForce                 :: WALL Sec = 0.16D+04, NProc = 64
>-Exiting JForce 03/03/06 @ 19:55:54-<
<< Entering XCForce 03/03/06 @ 19:56:01>>
 XCForce                :: dXC/dR CheckSum  = 0.1011617631736300D+01
 XCForce                :: LFrcXC CheckSum  = 0.1160513515742227D+01
 XCForce                :: Parallel Statistics
                     Imblnce = 0.23D-03
                     MinTime = 0.40D+04

                      AvgTime = 0.40D+04
                     MaxTime = 0.40D+04
 XCForce                :: WALL Sec = 0.40D+04, NProc = 64
>-Exiting XCForce 03/03/06 @ 21:01:57-<
<< Entering GONX2 03/03/06 @ 21:02:04>>
 GONX2                  :: dKx/dR[15] CheckSum  = 0.1632007292578788D+01
 ComputeGK: TmMax=    5147.98429540000      , TmMin=   4061.60901080000     
 ComputeGK: Imbalance =   0.118558058979340     
 GONX2                  :: Parallel Statistics
                     Imblnce = 0.13D-04
                     MinTime = 0.52D+04

                      AvgTime = 0.52D+04
                     MaxTime = 0.52D+04
 GONX2                  :: WALL Sec = 0.52D+04, NProc = 64
>-Exiting GONX2 03/03/06 @ 22:28:24-<
Percentage of Constraint Force That is Projected Out=   0.0031
Percentage of Constraint Force That is Projected Out=   0.0031
     Geometry optimization of Clone # 1 converged in  15 steps.
       Clone =      1 GeOp step =     15 Total Energy =      -15860.34714547
     Max Unconstrained Cart Grad =     0.000360      on atom    17
     Max Unconstrained Latt Grad =     0.000285      on vect     A
Lattice Parameter        Old Value      Gradient    Displacement   New Value
          STRE_A          9.574460      0.000074      0.000000      9.574460
          STRE_B         10.258702     -0.000106      0.000000     10.258702
          STRE_C         11.991359      0.000031      0.000000     11.991359
          ALPHA          90.000000     -0.003371      0.000000     90.000000
          BETA           90.000000     -0.000177      0.000000     90.000000
          GAMMA          90.000000      0.000033      0.000000     90.000000
          VOLM_L       1177.809694      0.000000      0.000000   1177.809694
Energies of final structures:
 Clone #         Energy         
     1   -15860.3471454661
>-Successful MondoSCF run 03/03/06 @ 22:28:45-<
