!--------------------------------------------------------------------------------------------------!
! INPUT FILE = /users/valeryw/Forsterite2/Forsterite2_2x1x1.inp                                    !
! <BeginTitle>                                                                                     !
!                                                                                                  !
! <EndTitle>                                                                                       !
!                                                                                                  !
! <BeginOptions>                                                                                   !
! LowdinO=(1.0D-4)                                                                                 !
! Grad=(Optimize,PrimInt,BiSect,NoGDIIS)                                                           !
! Charge=0                                                                                         !
! Multiplicity=1                                                                                   !
! DebugAll=(MaxDebug,CheckSums,FrcDebug)                                                           !
! Guess=Restart                                                                                    !
! H#DFFile=/scratch2/valeryw/MondoScratch/Forsterite2_2x1x1/Forsterite2_2x1x1_8492975.hdf          !
! H#DFFile=/scratch2/valeryw/MondoScratch/Forsterite2_2x1x1/Forsterite2_2x1x1_2630293.hdf          !
! H#DFFile=/scratch2/valeryw/MondoScratch/Forsterite2_2x1x1/Forsterite2_2x1x1_3154047.hdf          !
! H@DFFile=/scratch2/valeryw/MondoScratch/Forsterite2_2x1x1/Forsterite2_2x1x1_5775618.hdf          !
! H@DFFile=/scratch2/valeryw/MondoScratch/Forsterite2_2x1x1/Forsterite2_2x1x1_5783398.hdf          !
! H#DFFile=/scratch2/valeryw/MondoScratch/Forsterite2_2x1x1/Forsterite2_2x1x1_779887.hdf           !
! HDFFile=/scratch2/valeryw/MondoScratch/Forsterite2_2x1x1/Forsterite2_2x1x1_1591008.hdf           !
!                                                                                                  !
! SCFMethod=(RH)                                                                                   !
! BasisSets=(User4)                                                                                !
! ModelChem=(B3LYP)                                                                                !
! Accuracy=(tight)                                                                                 !
! PBC=(T,T,T)                                                                                      !
! Periodic=(AtomCoord)                                                                             !
! SCFConvergence=(DIIS)                                                                            !
! MPIInvoke="prun"                                                                                 !
! MPIProcFlag="-n"                                                                                 !
! MPIProcessors=32                                                                                 !
! MPISpatialProc=32                                                                                !
! R#atioABC 1.0 1.0 1.0                                                                            !
! <EndOptions>                                                                                     !
!                                                                                                  !
! <BEGIN_ADD_INTERNALS>                                                                            !
! ALPHA 90.0                                                                                       !
! BETA  90.0                                                                                       !
! GAMMA 90.0                                                                                       !
! <END_ADD_INTERNALS>                                                                              !
!                                                                                                  !
!  <BeginPeriodic>                                                                                 !
!   9.540713 10.214295 6.143483 90.0 90.0 90.0                                                     !
!  <EndPeriodic>                                                                                   !
!                                                                                                  !
!  <BeginGeometry>                                                                                 !
!  MG       4.77049       10.21273        6.14304                                                  !
!  MG       4.76962       10.21246        3.07162                                                  !
!  MG       2.38495        5.10628        0.00030                                                  !
!  MG       2.38465        5.10573        3.07236                                                  !
!  MG       4.81642        2.84518        4.60881                                                  !
!  MG       4.72293        7.36781        1.53351                                                  !
!  MG       2.43219        2.26117        1.53374                                                  !
!  MG       2.33805        7.95127        4.60853                                                  !
!  SI       0.33949        4.13986        1.53585                                                  !
!  SI       4.43035        6.07339        4.60788                                                  !
!  SI       2.72408        0.96650        4.60773                                                  !
!  SI       2.04552        9.24644        1.53534                                                  !
!  O        1.09193        0.94322        4.60895                                                  !
!  O        3.67696        9.26950        1.53437                                                  !
!  O        3.47791        4.16319        1.53462                                                  !
!  O        1.29203        6.05045        4.60930                                                  !
!  O        1.32518        0.53856        1.53347                                                  !
!  O        3.44433        9.67434        4.60923                                                  !
!  O        3.71019        4.56826        4.60972                                                  !
!  O        1.05954        5.64507        1.53421                                                  !
!  O        1.04762        3.45474        2.85781                                                  !
!  O        3.72074        6.76169        5.92760                                                  !
!  O        3.43233        1.65240        3.28631                                                  !
!  O        1.33582        8.55769        0.21556                                                  !
!  O        3.72197        6.75939        3.28660                                                  !
!  O        1.04911        3.45162        0.21663                                                  !
!  O        1.33647        8.56055        2.85748                                                  !
!  O        3.43373        1.65495        5.92714                                                  !
!  MG       0.00019       10.21292        6.14306                                                  !
!  MG       0.00043        0.00023        3.07160                                                  !
!  MG       7.15543        5.10596        6.14323                                                  !
!  MG       7.15524        5.10629        3.07179                                                  !
!  MG       0.04628        2.84502        4.60891                                                  !
!  MG       9.49261        7.36767        1.53416                                                  !
!  MG       7.20107        2.26121        1.53386                                                  !
!  MG       7.10784        7.95141        4.60858                                                  !
!  SI       5.10949        4.14020        1.53590                                                  !
!  SI       9.20018        6.07303        4.60810                                                  !
!  SI       7.49402        0.96639        4.60744                                                  !
!  SI       6.81507        9.24635        1.53571                                                  !
!  O        5.86214        0.94358        4.60864                                                  !
!  O        8.44657        9.26969        1.53455                                                  !
!  O        8.24772        4.16299        1.53452                                                  !
!  O        6.06192        6.05008        4.60888                                                  !
!  O        6.09462        0.53864        1.53375                                                  !
!  O        8.21412        9.67454        4.60938                                                  !
!  O        8.48105        4.56875        4.60947                                                  !
!  O        5.82992        5.64551        1.53379                                                  !
!  O        5.81769        3.45464        2.85727                                                  !
!  O        8.49055        6.76134        5.92756                                                  !
!  O        8.20251        1.65267        3.28570                                                  !
!  O        6.10610        8.55748        0.21535                                                  !
!  O        8.49154        6.75893        3.28645                                                  !
!  O        5.81882        3.45169        0.21647                                                  !
!  O        6.10679        8.56020        2.85707                                                  !
!  O        8.20320        1.65476        5.92692                                                  !
!  <EndGeometry>                                                                                   !
!--------------------------------------------------------------------------------------------------!


 __    __                 _       ____________ ______ 
|  \  /  |               | |     /       /    |      |
|   \/   | ___  _ __   __| | ___/   ____/   __|  |==='
|        |/ _ \| '_ \ / _  |/ _ \____  \   (__|  ____|
|  |\/|  | (_) | | | | (_| | (_) )     /\     |  |    
|__|  |__|\___/|_| |_|\____|\___/_____/  \____|__|    

 Version 1.0 alpha 11 "Gyokuro"                       
 A program suite for O(N) SCF theory and ab initio MD 
 Matt Challacombe, C.J. Tymczak, Karoly Nemeth,       
 Valery Weber, Chee Kwan Gan, Eric Schwegler,         
 Graeme Henkelman and Anders Niklasson                
 Los Alamos National Laboratory                       
 LA-CC-04-086 (formerly 01-2)                         
 Compiled for True64.COMPAQ, executing on qsc112
 a alpha machine running OSF1 V
 5.1
 
 Current HDF :: 
 /scratch2/valeryw/MondoScratch/Forsterite2_2x1x1/Forsterite2_2x1x1_8925143.hdf
<<Starting MondoSCF 02/20/06 @ 20:28:43>>
<< Entering MakePFFT 02/20/06 @ 20:28:50>>
 MakePFFT               :: TenC CheckSum  = 0.3329699843196802D-04
 MakePFFT               :: TenS CheckSum  = 0.5081479438691723D-18
 MakePFFT               :: WALL Sec = 0.49D+01, NProc = 1
>-Exiting MakePFFT 02/20/06 @ 20:28:55-<
<< Entering MakeS 02/20/06 @ 20:29:02>>
 MakeS                  :: S CheckSum  = 0.4251092379034257D+02                                                                  
 MakeS                  :: Parallel Statistics
                     Imblnce = 0.13D-01
                     MinTime = 0.13D+01

                      AvgTime = 0.13D+01
                     MaxTime = 0.13D+01
 MakeS                  :: WALL Sec = 0.13D+01, NProc = 32
>-Exiting MakeS 02/20/06 @ 20:29:03-<
<< Entering LowdinO 02/20/06 @ 20:29:08>>
 LowdinO                :: OverlapEigenThreshold  = 0.10D-03
 ... ning Warning  Warning  Warning Wa ...
Illconditioning detected in MakeS: Co
 nd(S)=0.21D+05
 LowdinO                :: X CheckSum  = 0.2004020279952021D+03
 LowdinO                :: WALL Sec = 0.75D+01, NProc = 1
>-Exiting LowdinO 02/20/06 @ 20:29:15-<
<< Entering MakeT 02/20/06 @ 20:29:21>>
 MakeT                  :: T CheckSum  = 0.4214361607464550D+03                                                                  
 MakeT                  :: Parallel Statistics
                     Imblnce = 0.80D-01
                     MinTime = 0.25D+01

                      AvgTime = 0.25D+01
                     MaxTime = 0.27D+01
 MakeT                  :: WALL Sec = 0.27D+01, NProc = 32
>-Exiting MakeT 02/20/06 @ 20:29:23-<
<< Entering P2Use 02/20/06 @ 20:29:29>>
 P2Use                  :: P[0] CheckSum  = 0.1508805461040040D+02                                                               
 P2Use                  :: Parallel Statistics
                     Imblnce = 0.31D+00
                     MinTime = 0.52D+01

                      AvgTime = 0.52D+01
                     MaxTime = 0.69D+01
 P2Use                  :: WALL (Sec,MFLOPS) = (0.69D+01, 189), NProc = 32
>-Exiting P2Use 02/20/06 @ 20:29:36-<
<< Entering MakeRho 02/20/06 @ 20:29:42>>
 MakeRho : Pruned Rho   :: dNel = -.33D-08, kept 50% of distributions.
 MakeRho : Moments      :: <r> = (0.27D-02, 0.18D+02, 0.11D+02), <r^2> = 0.19D+0
 3
 MakeRho                :: Rho-Coef CheckSum  = 0.2202463503503097D+05
 MakeRho                :: Rho-Expt CheckSum  = 0.1293678357009961D+09
 MakeRho                :: Rho-LMNs CheckSum  = 0.2224035003766533D+05
 MakeRho                :: Parallel Statistics
                     Imblnce = 0.31D-01
                     MinTime = 0.35D+01

                      AvgTime = 0.35D+01
                     MaxTime = 0.36D+01
 MakeRho                :: WALL Sec = 0.36D+01, NProc = 32
>-Exiting MakeRho 02/20/06 @ 20:29:46-<
<< Entering QCTC 02/20/06 @ 20:29:52>>
 *** WARNING *** Ell > MaxEll *** WARNING *** : Ell ==>  34 PFFMaxEll ==>  10
 QCTC                   :: J[0] CheckSum  = 0.6739882836187487D+03
 QCTC : 3-D periodics   :: MxL = 10, PAC Cells = 107, MAC Cells = 263
 QCTC : FF Energy       :: <FF> = 0.3000739638665666D-02
 QCTC                   :: Parallel Statistics
                     Imblnce = 0.23D-03
                     MinTime = 0.11D+04

                      AvgTime = 0.11D+04
                     MaxTime = 0.11D+04
 QCTC                   :: WALL Sec = 0.11D+04, NProc = 32
>-Exiting QCTC 02/20/06 @ 20:48:48-<
<< Entering ONX2 02/20/06 @ 20:48:55>>
 ONX2                   :: Kx[0] CheckSum  = 0.6452144281702640D+02
 ONX2                   :: Parallel Statistics
                     Imblnce = 0.13D-02
                     MinTime = 0.86D+03

                      AvgTime = 0.86D+03
                     MaxTime = 0.86D+03
 ONX2                   :: WALL Sec = 0.86D+03, NProc = 32
>-Exiting ONX2 02/20/06 @ 21:03:17-<
<< Entering HiCu 02/20/06 @ 21:03:22>>
 LineLoc is not found.
 HiCu                   :: Kxc[0] CheckSum  = 0.3369339332431363D+02
 HiCu                   :: Parallel Statistics
                     Imblnce = 0.59D-03
                     MinTime = 0.18D+04

                      AvgTime = 0.18D+04
                     MaxTime = 0.18D+04
 HiCu                   :: WALL Sec = 0.18D+04, NProc = 32
>-Exiting HiCu 02/20/06 @ 21:33:09-<
<< Entering FockNGrueven 02/20/06 @ 21:33:15>>
 FockNGrueven           :: F[0] CheckSum  = 0.3141409830057790D+03                                                               
 FockNGrueven           :: OrthoF[0] CheckSum  = 0.3160369331493387D+03                                                          
 FockNGrueven           :: Parallel Statistics
                     Imblnce = 0.12D-01
                     MinTime = 0.56D+01

                      AvgTime = 0.56D+01
                     MaxTime = 0.57D+01
 FockNGrueven           :: WALL (Sec,MFLOPS) = (0.57D+01, 464), NProc = 32
>-Exiting FockNGrueven 02/20/06 @ 21:33:21-<
<< Entering RHEqs 02/20/06 @ 21:33:27>>
 RHEqs                  :: HOMO = -.22806923D-01, LUMO = 0.26670887D+00
 RHEqs                  :: OrthoP[1] CheckSum  = 0.1673320053068112D+02
 RHEqs                  :: P[1] CheckSum  = 0.1508805488482322D+02
 RHEqs                  :: WALL (Sec,MFLOPS) = (0.12D+02, 230), NProc = 1
>-Exiting RHEqs 02/20/06 @ 21:33:39-<
<< Entering SCFStatus 02/20/06 @ 21:33:45>>
 
= = = = = SCFCycle #0, Basis #1, Geometry #10 = = = = =

       Gap     = 0.29
 D+00
       MaxDelD = 0.59D-04
       <T>     = 0.79018931D+04
       <V>     =
  -.15119326D+05
       <HF>    = -.13769605D+03
       <DFT>   = -.57495728D+03
 
       <SCF>   = -7930.08612171

 SCFStatus              :: Parallel Statistics
                     Imblnce = 0.53D-01
                     MinTime = 0.56D+01

                      AvgTime = 0.56D+01
                     MaxTime = 0.59D+01
 SCFStatus              :: WALL (Sec,MFLOPS) = (0.59D+01, 662), NProc = 32
>-Exiting SCFStatus 02/20/06 @ 21:33:51-<
<< Entering MakeRho 02/20/06 @ 21:33:57>>
 MakeRho : Pruned Rho   :: dNel = -.30D-08, kept 50% of distributions.
 MakeRho : Moments      :: <r> = (0.27D-02, 0.18D+02, 0.11D+02), <r^2> = 0.19D+0
 3
 MakeRho                :: Rho-Coef CheckSum  = 0.2202463527618143D+05
 MakeRho                :: Rho-Expt CheckSum  = 0.1293678359881647D+09
 MakeRho                :: Rho-LMNs CheckSum  = 0.2224035033645315D+05
 MakeRho                :: Parallel Statistics
                     Imblnce = 0.43D-01
                     MinTime = 0.31D+01

                      AvgTime = 0.31D+01
                     MaxTime = 0.32D+01
 MakeRho                :: WALL Sec = 0.32D+01, NProc = 32
>-Exiting MakeRho 02/20/06 @ 21:34:00-<
<< Entering QCTC 02/20/06 @ 21:34:06>>
 *** WARNING *** Ell > MaxEll *** WARNING *** : Ell ==>  34 PFFMaxEll ==>  10
 QCTC                   :: J[1] CheckSum  = 0.6739882799305582D+03
 QCTC : 3-D periodics   :: MxL = 10, PAC Cells = 107, MAC Cells = 263
 QCTC : FF Energy       :: <FF> = 0.3000853388772847D-02
 QCTC                   :: Parallel Statistics
                     Imblnce = 0.73D-04
                     MinTime = 0.11D+04

                      AvgTime = 0.11D+04
                     MaxTime = 0.11D+04
 QCTC                   :: WALL Sec = 0.11D+04, NProc = 32
>-Exiting QCTC 02/20/06 @ 21:52:26-<
<< Entering ONX2 02/20/06 @ 21:52:33>>
 ONX2                   :: Kx[1] CheckSum  = 0.6452144301145967D+02
 ONX2                   :: Parallel Statistics
                     Imblnce = 0.85D-03
                     MinTime = 0.80D+03

                      AvgTime = 0.80D+03
                     MaxTime = 0.80D+03
 ONX2                   :: WALL Sec = 0.80D+03, NProc = 32
>-Exiting ONX2 02/20/06 @ 22:05:57-<
<< Entering HiCu 02/20/06 @ 22:06:04>>
 HiCu                   :: Kxc[1] CheckSum  = 0.3369339822801012D+02
 HiCu                   :: Parallel Statistics
                     Imblnce = 0.16D-02
                     MinTime = 0.10D+04

                      AvgTime = 0.10D+04
                     MaxTime = 0.10D+04
 HiCu                   :: WALL Sec = 0.10D+04, NProc = 32
>-Exiting HiCu 02/20/06 @ 22:23:05-<
<< Entering FockNGrueven 02/20/06 @ 22:23:11>>
 FockNGrueven           :: F[1] CheckSum  = 0.3141409788180948D+03                                                               
 FockNGrueven           :: OrthoF[1] CheckSum  = 0.3160369443371079D+03                                                          
 FockNGrueven           :: Parallel Statistics
                     Imblnce = 0.20D-01
                     MinTime = 0.56D+01

                      AvgTime = 0.57D+01
                     MaxTime = 0.58D+01
 FockNGrueven           :: WALL (Sec,MFLOPS) = (0.58D+01, 460), NProc = 32
>-Exiting FockNGrueven 02/20/06 @ 22:23:17-<
<< Entering DIIS 02/20/06 @ 22:23:22>>
 DIIS : Damping         :: Co = 0.90D+00, 0.10D+00
 DIIS                   :: F_DIIS[1] CheckSum  = 0.3160369342680164D+03                                                          
 DIIS                   :: Parallel Statistics
                     Imblnce = 0.10D-01
                     MinTime = 0.47D+01

                      AvgTime = 0.47D+01
                     MaxTime = 0.48D+01
 DIIS                   :: WALL (Sec,MFLOPS) = (0.48D+01, 555), NProc = 32
>-Exiting DIIS 02/20/06 @ 22:23:27-<
<< Entering RHEqs 02/20/06 @ 22:23:32>>
 RHEqs                  :: HOMO = -.22806962D-01, LUMO = 0.26670893D+00
 RHEqs                  :: OrthoP[2] CheckSum  = 0.1673320053068069D+02
 RHEqs                  :: P[2] CheckSum  = 0.1508805489519046D+02
 RHEqs                  :: WALL (Sec,MFLOPS) = (0.85D+01, 312), NProc = 1
>-Exiting RHEqs 02/20/06 @ 22:23:40-<
<< Entering SCFStatus 02/20/06 @ 22:23:45>>
 
= = = = = SCFCycle #1, Basis #1, Geometry #10 = = = = =

       Gap     = 0.29
 D+00
       DIISErr = 0.14D-06
       MaxDelD = 0.64D-05
       <T>     = 0.790
 18928D+04
       <V>     = -.15119326D+05
       <HF>    = -.13769604D+03
     
   <DFT>   = -.57495726D+03
       <SCF>   = -7930.08613661

 SCFStatus              :: Parallel Statistics
                     Imblnce = 0.16D-01
                     MinTime = 0.58D+01

                      AvgTime = 0.58D+01
                     MaxTime = 0.59D+01
 SCFStatus              :: WALL (Sec,MFLOPS) = (0.59D+01, 665), NProc = 32
>-Exiting SCFStatus 02/20/06 @ 22:23:51-<
<< Entering MakeRho 02/20/06 @ 22:23:56>>
 MakeRho : Pruned Rho   :: dNel = -.30D-08, kept 50% of distributions.
 MakeRho : Moments      :: <r> = (0.27D-02, 0.18D+02, 0.11D+02), <r^2> = 0.19D+0
 3
 MakeRho                :: Rho-Coef CheckSum  = 0.2202463525777962D+05
 MakeRho                :: Rho-Expt CheckSum  = 0.1293678358278628D+09
 MakeRho                :: Rho-LMNs CheckSum  = 0.2224035030690147D+05
 MakeRho                :: Parallel Statistics
                     Imblnce = 0.31D-01
                     MinTime = 0.31D+01

                      AvgTime = 0.31D+01
                     MaxTime = 0.32D+01
 MakeRho                :: WALL Sec = 0.32D+01, NProc = 32
>-Exiting MakeRho 02/20/06 @ 22:24:00-<
<< Entering QCTC 02/20/06 @ 22:24:05>>
 *** WARNING *** Ell > MaxEll *** WARNING *** : Ell ==>  34 PFFMaxEll ==>  10
 QCTC                   :: J[2] CheckSum  = 0.6739882795614474D+03
 QCTC : 3-D periodics   :: MxL = 10, PAC Cells = 107, MAC Cells = 263
 QCTC : FF Energy       :: <FF> = 0.3000848216814344D-02
 QCTC                   :: Parallel Statistics
                     Imblnce = 0.54D-04
                     MinTime = 0.11D+04

                      AvgTime = 0.11D+04
                     MaxTime = 0.11D+04
 QCTC                   :: WALL Sec = 0.11D+04, NProc = 32
>-Exiting QCTC 02/20/06 @ 22:42:38-<
<< Entering ONX2 02/20/06 @ 22:42:44>>
 ONX2                   :: Kx[2] CheckSum  = 0.6452144300803656D+02
 ONX2                   :: Parallel Statistics
                     Imblnce = 0.19D-02
                     MinTime = 0.81D+03

                      AvgTime = 0.81D+03
                     MaxTime = 0.81D+03
 ONX2                   :: WALL Sec = 0.81D+03, NProc = 32
>-Exiting ONX2 02/20/06 @ 22:56:17-<
<< Entering HiCu 02/20/06 @ 22:56:22>>
 HiCu                   :: Kxc[2] CheckSum  = 0.3369339628274017D+02
 HiCu                   :: Parallel Statistics
                     Imblnce = 0.11D-02
                     MinTime = 0.10D+04

                      AvgTime = 0.10D+04
                     MaxTime = 0.10D+04
 HiCu                   :: WALL Sec = 0.10D+04, NProc = 32
>-Exiting HiCu 02/20/06 @ 23:13:43-<
<< Entering FockNGrueven 02/20/06 @ 23:13:48>>
 FockNGrueven           :: F[2] CheckSum  = 0.3141409783583185D+03                                                               
 FockNGrueven           :: OrthoF[2] CheckSum  = 0.3160369436018611D+03                                                          
 FockNGrueven           :: Parallel Statistics
                     Imblnce = 0.67D-02
                     MinTime = 0.57D+01

                      AvgTime = 0.57D+01
                     MaxTime = 0.58D+01
 FockNGrueven           :: WALL (Sec,MFLOPS) = (0.58D+01, 462), NProc = 32
>-Exiting FockNGrueven 02/20/06 @ 23:13:54-<
<< Entering DIIS 02/20/06 @ 23:13:58>>
 DIIS                   :: Cond# = 0.65D+09, MIN(E) = 0.22D-08
 DIIS : Pulay C1        :: DIISCo = 0.20D+00, 0.80D+00
 DIIS                   :: F_DIIS[2] CheckSum  = 0.3160369437512311D+03                                                          
 DIIS                   :: Parallel Statistics
                     Imblnce = 0.32D-02
                     MinTime = 0.12D+02

                      AvgTime = 0.12D+02
                     MaxTime = 0.12D+02
 DIIS                   :: WALL (Sec,MFLOPS) = (0.12D+02, 689), NProc = 32
>-Exiting DIIS 02/20/06 @ 23:14:10-<
<< Entering RHEqs 02/20/06 @ 23:14:15>>
 RHEqs                  :: HOMO = -.22807107D-01, LUMO = 0.26670935D+00
 RHEqs                  :: OrthoP[3] CheckSum  = 0.1673320053068063D+02
 RHEqs                  :: P[3] CheckSum  = 0.1508805484501119D+02
 RHEqs                  :: WALL (Sec,MFLOPS) = (0.11D+02, 238), NProc = 1
>-Exiting RHEqs 02/20/06 @ 23:14:26-<
<< Entering SCFStatus 02/20/06 @ 23:14:31>>
 
= = = = = SCFCycle #2, Basis #1, Geometry #10 = = = = =

       Gap     = 0.29
 D+00
       DIISErr = 0.12D-06
       MaxDelD = 0.55D-04
       <T>     = 0.790
 18929D+04
       <V>     = -.15119326D+05
       <HF>    = -.13769604D+03
     
   <DFT>   = -.57495726D+03
       <SCF>   = -7930.08613458

 SCFStatus              :: Parallel Statistics
                     Imblnce = 0.81D-02
                     MinTime = 0.73D+01

                      AvgTime = 0.73D+01
                     MaxTime = 0.74D+01
 SCFStatus              :: WALL (Sec,MFLOPS) = (0.74D+01, 534), NProc = 32
>-Exiting SCFStatus 02/20/06 @ 23:14:38-<
<< Entering SForce 02/20/06 @ 23:14:44>>
 S Force
--------------------------------------------------------
   Atom   Z                Forces (au) 
--------------------------------------------------------
     1   12    0.0000100500 -0.0000013055  0.0000554770
     2   12   -0.0000001538  0.0000375376  0.0000172948
     3   12    0.0000114248  0.0000298796 -0.0000768182
     4   12   -0.0000088851  0.0000074070 -0.0000081137
     5   12    0.0024162457 -0.0019790250 -0.0000376032
     6   12   -0.0024129851  0.0019851906  0.0000972040
     7   12    0.0024088859  0.0019823937  0.0000857304
     8   12   -0.0024059602 -0.0019840558 -0.0000385755
     9   14    0.0093723740 -0.0006318759  0.0001131837
    10   14   -0.0094045203  0.0005697887 -0.0000474301
    11   14    0.0093258659  0.0006351104 -0.0000151421
    12   14   -0.0094313129 -0.0006138274 -0.0000556125
    13    8   -0.0774529440  0.0021895737  0.0002418757
    14    8    0.0775180180 -0.0021584199 -0.0002236262
    15    8   -0.0774800601 -0.0021792267 -0.0001447039
    16    8    0.0776871131  0.0021555266  0.0002417645
    17    8   -0.0214313859  0.0581007407 -0.0002013401
    18    8    0.0214083853 -0.0581492711  0.0001946543
    19    8   -0.0214945174 -0.0581058687  0.0002637756
    20    8    0.0215229163  0.0580811145 -0.0001733449
    21    8    0.0235791083 -0.0341308530  0.0577754647
    22    8   -0.0236415002  0.0343579192  0.0578141580
    23    8    0.0235586548  0.0341006434 -0.0579284270
    24    8   -0.0236131736 -0.0343946440 -0.0578150108
    25    8   -0.0234978189  0.0341512197 -0.0579159450
    26    8    0.0236348877 -0.0343461756 -0.0578089146
    27    8   -0.0235532652 -0.0341391557  0.0579001880
    28    8    0.0236341858  0.0343718915  0.0578490919
    29   12   -0.0000188355  0.0000074355  0.0000099775
    30   12   -0.0000412348 -0.0000142931 -0.0000250951
    31   12   -0.0000164029 -0.0000353691  0.0000704635
    32   12    0.0000087876  0.0000048617 -0.0000085458
    33   12    0.0023905371 -0.0020027408 -0.0000368572
    34   12   -0.0023601679  0.0020046457  0.0000824588
    35   12    0.0024222167  0.0019743487  0.0000766042
    36   12   -0.0024053786 -0.0019854571 -0.0000327470
    37   14    0.0093099193 -0.0005840751  0.0000479543
    38   14   -0.0093274621  0.0006247875 -0.0001040053
    39   14    0.0092817561  0.0006863735 -0.0000137171
    40   14   -0.0092864247 -0.0006866829  0.0000294474
    41    8   -0.0775510445  0.0021651195  0.0001785722
    42    8    0.0776422194 -0.0021436484 -0.0001717635
    43    8   -0.0777198739 -0.0021492599 -0.0002455709
    44    8    0.0775369110  0.0021985504  0.0001612512
    45    8   -0.0215963277  0.0581240271 -0.0001974992
    46    8    0.0215236559 -0.0581170461  0.0001658046
    47    8   -0.0214966990 -0.0580615645  0.0001708745
    48    8    0.0215503045  0.0581135169 -0.0002244103
    49    8    0.0235031297 -0.0341408399  0.0578854630
    50    8   -0.0236740779  0.0343443858  0.0577891534
    51    8    0.0235511124  0.0341416113 -0.0578746239
    52    8   -0.0236536912 -0.0343270096 -0.0577623116
    53    8   -0.0235730623  0.0341201458 -0.0578201107
    54    8    0.0236101822 -0.0343964322 -0.0578853593
    55    8   -0.0235338333 -0.0341340570  0.0577972427
    56    8    0.0236641571  0.0343264752  0.0577780864
--------------------------------------------------------
 S Lattice Force
----------------------------------------------------------
         div(a)            div(b)           div(c)
----------------------------------------------------------
  -0.3770943909E+00   0.3040428197E-04   0.6197267918E-05
   0.1000000000E+09  -0.2757347383E+00  -0.2358075632E-03
   0.1000000000E+09   0.1000000000E+09  -0.5386837686E+00
----------------------------------------------------------
 SForce                 :: dS/dR CheckSum  = 0.4010751860550127D+00
 SForce                 :: LFrcS CheckSum  = 0.1732050807568877D+09
 SForce                 :: Parallel Statistics
                     Imblnce = 0.20D-01
                     MinTime = 0.53D+01

                      AvgTime = 0.53D+01
                     MaxTime = 0.55D+01
 SForce                 :: WALL (Sec,MFLOPS) = (0.55D+01, 486), NProc = 32
>-Exiting SForce 02/20/06 @ 23:14:49-<
<< Entering TForce 02/20/06 @ 23:14:54>>
 T Force
--------------------------------------------------------
   Atom   Z                Forces (au) 
--------------------------------------------------------
     1   12   -0.0000219925 -0.0000080056  0.0000627888
     2   12   -0.0000208384  0.0000857206  0.0000485906
     3   12    0.0000305587  0.0000626981 -0.0001116288
     4   12   -0.0000061011  0.0000170086 -0.0000187777
     5   12    0.0027408946 -0.0011662170 -0.0000215216
     6   12   -0.0027211660  0.0011967209  0.0000860899
     7   12    0.0027107690  0.0011994478  0.0000612822
     8   12   -0.0027006233 -0.0011777680 -0.0000230969
     9   14   -0.0860003616  0.0054321453  0.0003185055
    10   14    0.0863103840 -0.0058021201 -0.0001211161
    11   14   -0.0865550911 -0.0058455221 -0.0001799727
    12   14    0.0860135073  0.0057201795 -0.0000974385
    13    8   -0.4237071158 -0.0013322570  0.0004720725
    14    8    0.4239981045  0.0013945017 -0.0004471960
    15    8   -0.4237198966  0.0013611562 -0.0001089800
    16    8    0.4243619417 -0.0015213542  0.0004270989
    17    8   -0.1501575685  0.3028382253 -0.0004752722
    18    8    0.1502193576 -0.3029447337  0.0004647446
    19    8   -0.1504890341 -0.3029849323  0.0004683150
    20    8    0.1504944335  0.3029687041 -0.0002902723
    21    8    0.1731250143 -0.1636226942  0.3191837844
    22    8   -0.1735564852  0.1639456992  0.3191481176
    23    8    0.1732744859  0.1636572201 -0.3198227484
    24    8   -0.1733334705 -0.1638657346 -0.3190638144
    25    8   -0.1730555324  0.1636968852 -0.3195637410
    26    8    0.1734007663 -0.1638570111 -0.3189482679
    27    8   -0.1731645148 -0.1636600167  0.3198499180
    28    8    0.1734875868  0.1639348096  0.3192478677
    29   12   -0.0000335775  0.0000329565 -0.0000001095
    30   12   -0.0001020787 -0.0000453781 -0.0000313663
    31   12   -0.0000333661 -0.0000560555  0.0001016863
    32   12    0.0000210994  0.0000148209  0.0000150879
    33   12    0.0026955193 -0.0011982164 -0.0000240908
    34   12   -0.0026294902  0.0011984071  0.0000576725
    35   12    0.0027439759  0.0011772494  0.0000547907
    36   12   -0.0027181519 -0.0012054690 -0.0000326181
    37   14   -0.0867108951  0.0057252655  0.0001596379
    38   14    0.0861578528 -0.0055758148 -0.0004086804
    39   14   -0.0864015723 -0.0054422619 -0.0000848797
    40   14    0.0860290047  0.0051712625  0.0000779020
    41    8   -0.4237461963 -0.0014825319  0.0002866173
    42    8    0.4241319692  0.0014140620 -0.0001868128
    43    8   -0.4245123325  0.0015378878 -0.0004468730
    44    8    0.4240870459 -0.0013177450  0.0001429117
    45    8   -0.1505734411  0.3031134022 -0.0003038190
    46    8    0.1503695845 -0.3030393986  0.0002994569
    47    8   -0.1503650045 -0.3028461557  0.0002351797
    48    8    0.1506194992  0.3030726132 -0.0004568992
    49    8    0.1730035693 -0.1636527041  0.3195213695
    50    8   -0.1735271503  0.1639004104  0.3191193957
    51    8    0.1729821485  0.1636436236 -0.3195428351
    52    8   -0.1732861713 -0.1637345861 -0.3187201883
    53    8   -0.1731738242  0.1635770815 -0.3192576656
    54    8    0.1734958346 -0.1640761754 -0.3192470107
    55    8   -0.1728746953 -0.1635125574  0.3190906428
    56    8    0.1733928319  0.1638832522  0.3190361666
--------------------------------------------------------
 T Lattice Force
----------------------------------------------------------
         div(a)            div(b)           div(c)
----------------------------------------------------------
  -0.1082824221E+01   0.7488477030E-04   0.1413900558E-03
   0.0000000000E+00  -0.6845529461E+00   0.3597511703E-03
   0.0000000000E+00   0.0000000000E+00  -0.1376372412E+01
----------------------------------------------------------
 TForce                 :: dT/dR CheckSum  = 0.2225761881079392D+01
 TForce                 :: LFrcT CheckSum  = 0.1880298433558184D+01
 TForce                 :: Parallel Statistics
                     Imblnce = 0.48D-01
                     MinTime = 0.32D+01

                      AvgTime = 0.32D+01
                     MaxTime = 0.33D+01
 TForce                 :: WALL Sec = 0.33D+01, NProc = 32
>-Exiting TForce 02/20/06 @ 23:14:58-<
<< Entering MakeRho 02/20/06 @ 23:15:03>>
 MakeRho : Pruned Rho   :: dNel = -.29D-08, kept 50% of distributions.
 MakeRho : Moments      :: <r> = (0.27D-02, 0.18D+02, 0.11D+02), <r^2> = 0.19D+0
 3
 MakeRho                :: Rho-Coef CheckSum  = 0.2202463516131505D+05
 MakeRho                :: Rho-Expt CheckSum  = 0.1293678350246485D+09
 MakeRho                :: Rho-LMNs CheckSum  = 0.2224035020038467D+05
 MakeRho                :: Parallel Statistics
                     Imblnce = 0.36D-01
                     MinTime = 0.31D+01

                      AvgTime = 0.31D+01
                     MaxTime = 0.32D+01
 MakeRho                :: WALL Sec = 0.32D+01, NProc = 32
>-Exiting MakeRho 02/20/06 @ 23:15:06-<
<< Entering JForce 02/20/06 @ 23:15:12>>
 *** WARNING *** Ell > MaxEll *** WARNING *** : Ell ==>  34 PFFMaxEll ==>  10
 J Lattice Force
----------------------------------------------------------
         div(a)            div(b)           div(c)
----------------------------------------------------------
   0.8582845813E+00  -0.5030830359E-04  -0.9910513802E-04
   0.0000000000E+00   0.5580895000E+00  -0.4487105521E-01
   0.0000000000E+00   0.0000000000E+00   0.1171837430E+01
----------------------------------------------------------
 J Dipole Lattice Force
----------------------------------------------------------
         div(a)            div(b)           div(c)
----------------------------------------------------------
   0.5079458619E-01   0.0000000000E+00   0.0000000000E+00
   0.0000000000E+00   0.4749989080E-01   0.0000000000E+00
   0.0000000000E+00   0.0000000000E+00   0.7905869214E-01
----------------------------------------------------------
 J  PFF   Lattice Force
----------------------------------------------------------
         div(a)            div(b)           div(c)
----------------------------------------------------------
  -0.1824742565E-01   0.3224370076E-05   0.3518059065E-04
   0.0000000000E+00   0.1870841546E-01   0.4451800603E-01
   0.0000000000E+00   0.0000000000E+00  -0.4649596187E-02
----------------------------------------------------------
 J Force
--------------------------------------------------------
   Atom   Z                Forces (au) 
--------------------------------------------------------
     1   12    0.0000194673  0.0000671978  0.0000679229
     2   12    0.0000014483  0.0001696953 -0.0000541394
     3   12   -0.0000270955  0.0000517336 -0.0000678109
     4   12   -0.0000273382  0.0000429291  0.0000160384
     5   12   -0.0022312202  0.0049884056  0.0000934584
     6   12    0.0022138288 -0.0050594777 -0.0001578076
     7   12   -0.0021566719 -0.0051316136 -0.0001222116
     8   12    0.0020668783  0.0050485092  0.0001189018
     9   14    0.0539842645 -0.0018494739 -0.0004038069
    10   14   -0.0542495159  0.0020253705  0.0002560578
    11   14    0.0543316137  0.0020408740  0.0003862947
    12   14   -0.0540395072 -0.0019820971 -0.0002684334
    13    8    0.2888759768 -0.0028677077 -0.0004112733
    14    8   -0.2889739961  0.0027890104  0.0003769023
    15    8    0.2888737172  0.0028644689  0.0001120531
    16    8   -0.2892108177 -0.0027946536 -0.0003453646
    17    8    0.1060633736 -0.2505934672  0.0004208021
    18    8   -0.1060218245  0.2505080185 -0.0004309914
    19    8    0.1063045108  0.2506427097 -0.0004119781
    20    8   -0.1062797005 -0.2506931886  0.0002592838
    21    8   -0.1203604268  0.1350146287 -0.2411610465
    22    8    0.1206991909 -0.1352788744 -0.2412168668
    23    8   -0.1205222414 -0.1349779341  0.2416143681
    24    8    0.1205580597  0.1352968250  0.2412600444
    25    8    0.1203404134 -0.1350207871  0.2414585800
    26    8   -0.1205347736  0.1352551950  0.2411498294
    27    8    0.1204288620  0.1350110435 -0.2415985941
    28    8   -0.1206445808 -0.1352767067 -0.2413460140
    29   12   -0.0000353502  0.0000188387  0.0000089705
    30   12   -0.0000883004 -0.0000565981 -0.0000116239
    31   12    0.0000241657 -0.0000081216  0.0001169805
    32   12    0.0000500907 -0.0000202621 -0.0000323850
    33   12   -0.0022654237  0.0050138706  0.0001409984
    34   12    0.0022630432 -0.0049881799 -0.0001310041
    35   12   -0.0020924203 -0.0051354292 -0.0001361895
    36   12    0.0022418517  0.0050892948  0.0001006209
    37   14    0.0544011478 -0.0020029287 -0.0002708077
    38   14   -0.0540314583  0.0019058744  0.0004234705
    39   14    0.0541956392  0.0017941768  0.0002595359
    40   14   -0.0540113738 -0.0016247508 -0.0002809005
    41    8    0.2889035772 -0.0028261666 -0.0002465734
    42    8   -0.2891541052  0.0028265232  0.0001688518
    43    8    0.2892699460  0.0027722636  0.0003488346
    44    8   -0.2890134431 -0.0029060118 -0.0001555836
    45    8    0.1063529219 -0.2507870771  0.0002529640
    46    8   -0.1061558773  0.2507221983 -0.0002378293
    47    8    0.1061670673  0.2506042990 -0.0002223103
    48    8   -0.1064208094 -0.2507042938  0.0003773680
    49    8   -0.1202990368  0.1350184742 -0.2414249993
    50    8    0.1206213494 -0.1352700575 -0.2412324560
    51    8   -0.1202589209 -0.1350026037  0.2414735553
    52    8    0.1205278389  0.1352035241  0.2410518169
    53    8    0.1203630178 -0.1349813294  0.2412238528
    54    8   -0.1206333304  0.1353936152  0.2412773213
    55    8    0.1202095311  0.1349355843 -0.2411822865
    56    8   -0.1206051882 -0.1352811088 -0.2412528867
--------------------------------------------------------
 JForce                 :: dJ/dR CheckSum  = 0.1655634017132361D+01
 JForce                 :: LFrcJ CheckSum  = 0.1654224736137266D+01
 JForce                 :: Parallel Statistics
                     Imblnce = 0.53D-04
                     MinTime = 0.13D+04

                      AvgTime = 0.13D+04
                     MaxTime = 0.13D+04
 JForce                 :: WALL Sec = 0.13D+04, NProc = 32
>-Exiting JForce 02/20/06 @ 23:36:30-<
<< Entering XCForce 02/20/06 @ 23:36:36>>
 XC Force
--------------------------------------------------------
   Atom   Z                Forces (au) 
--------------------------------------------------------
     1   12    0.0000058607  0.0000111281  0.0000053085
     2   12    0.0000059353  0.0000229684 -0.0000299888
     3   12   -0.0000186714 -0.0000144599  0.0000175687
     4   12    0.0000046786  0.0000103119 -0.0000059930
     5   12   -0.0023189873 -0.0012073565  0.0000141122
     6   12    0.0023048910  0.0011981292 -0.0000403463
     7   12   -0.0022945097  0.0011809960 -0.0000277286
     8   12    0.0022791213 -0.0012052742  0.0000145926
     9   14    0.0179908428 -0.0021500975 -0.0000197466
    10   14   -0.0180702310  0.0022926162 -0.0001152583
    11   14    0.0181039777  0.0023650485 -0.0001515473
    12   14   -0.0180216043 -0.0022746051  0.0002119690
    13    8    0.1582387472  0.0013033700 -0.0002957263
    14    8   -0.1583232810 -0.0013385756  0.0002827452
    15    8    0.1582903682 -0.0013396627  0.0001710842
    16    8   -0.1585955431  0.0013926436 -0.0003206017
    17    8    0.0494596122 -0.0853200259  0.0002640370
    18    8   -0.0494676967  0.0852654501 -0.0002636920
    19    8    0.0495904601  0.0853081287 -0.0003058102
    20    8   -0.0496267882 -0.0852485092  0.0002518695
    21    8   -0.0575015079  0.0484422170 -0.1033366240
    22    8    0.0576007245 -0.0486141534 -0.1032161169
    23    8   -0.0575097108 -0.0484977593  0.1036440707
    24    8    0.0575541013  0.0486530595  0.1032930540
    25    8    0.0574115074 -0.0485017083  0.1035168799
    26    8   -0.0575672281  0.0485812359  0.1031369417
    27    8    0.0574676294  0.0484950175 -0.1036804099
    28    8   -0.0575856126 -0.0486476325 -0.1032741416
    29   12    0.0000014287  0.0000034087 -0.0000051580
    30   12    0.0000107621 -0.0000120002  0.0000186114
    31   12    0.0000078792  0.0000182751 -0.0000042542
    32   12   -0.0000087002 -0.0000086016 -0.0000014423
    33   12   -0.0023044444 -0.0011989244  0.0000208047
    34   12    0.0022800604  0.0012019894 -0.0000292046
    35   12   -0.0023042009  0.0011891664 -0.0000288388
    36   12    0.0023066780 -0.0011909012  0.0000184998
    37   14    0.0181333457 -0.0022747071  0.0001144030
    38   14   -0.0179965955  0.0021981311  0.0000260574
    39   14    0.0181410640  0.0021721729 -0.0000728165
    40   14   -0.0180034772 -0.0020445467  0.0000744977
    41    8    0.1584192755  0.0013789207 -0.0002540525
    42    8   -0.1585461941 -0.0013437417  0.0002006055
    43    8    0.1586313292 -0.0014110142  0.0003165624
    44    8   -0.1583552093  0.0013021521 -0.0001878443
    45    8    0.0496692539 -0.0853847161  0.0002271687
    46    8   -0.0495707350  0.0853567371 -0.0002342732
    47    8    0.0495718002  0.0852006014 -0.0002216383
    48    8   -0.0496463272 -0.0853200942  0.0002941941
    49    8   -0.0574011794  0.0484790215 -0.1035027239
    50    8    0.0576111664 -0.0485908124 -0.1031883263
    51    8   -0.0574552255 -0.0484898008  0.1035496394
    52    8    0.0575877938  0.0485846332  0.1031419610
    53    8    0.0575219301 -0.0484211077  0.1033650247
    54    8   -0.0575634044  0.0486546858  0.1032475102
    55    8    0.0574225785  0.0484285865 -0.1033727882
    56    8   -0.0576175961 -0.0486480374 -0.1032472391
--------------------------------------------------------
 XC Lattice Force
----------------------------------------------------------
         div(a)            div(b)           div(c)
----------------------------------------------------------
   0.4393246750E+00  -0.4698268725E-06  -0.7949413899E-05
   0.0000000000E+00   0.2647148777E+00  -0.5507822863E-04
   0.0000000000E+00   0.0000000000E+00   0.5241942002E+00
----------------------------------------------------------
 XC Dipole Lattice Force: Surface Term
----------------------------------------------------------
         div(a)            div(b)           div(c)
----------------------------------------------------------
  -0.1483662292E+03   0.0000000000E+00   0.0000000000E+00
   0.0000000000E+00  -0.2172416240E+03   0.0000000000E+00
   0.0000000000E+00   0.0000000000E+00  -0.2290501004E+03
----------------------------------------------------------
 XCForce                :: dXC/dR CheckSum  = 0.7368520828791347D+00
 XCForce                :: LFrcXC CheckSum  = 0.7333891866935889D+00
 XCForce                :: Parallel Statistics
                     Imblnce = 0.67D-04
                     MinTime = 0.40D+04

                      AvgTime = 0.40D+04
                     MaxTime = 0.40D+04
 XCForce                :: WALL Sec = 0.40D+04, NProc = 32
>-Exiting XCForce 02/21/06 @ 00:42:40-<
<< Entering GONX2 02/21/06 @ 00:42:48>>
 GONX2                  :: dKx/dR[10] CheckSum  = 0.1189836964384231D+01
 X Force
--------------------------------------------------------
   Atom   Z                Forces (au) 
--------------------------------------------------------
     1   12    0.0000089225  0.0000332173  0.0000379108
     2   12    0.0000075204  0.0000965624 -0.0000468694
     3   12   -0.0000191407 -0.0000025035  0.0000033715
     4   12    0.0000064704  0.0000339224 -0.0000119782
     5   12   -0.0035934223 -0.0035830264  0.0000377458
     6   12    0.0035659118  0.0035626112 -0.0000596359
     7   12   -0.0035457351  0.0035351448 -0.0000415545
     8   12    0.0035251891 -0.0035707893  0.0000383033
     9   14    0.0230487321 -0.0041178457 -0.0001887741
    10   14   -0.0231501144  0.0043518815 -0.0000517683
    11   14    0.0232191382  0.0044982641 -0.0001697749
    12   14   -0.0231053950 -0.0043302058  0.0002379273
    13    8    0.2709099138  0.0034642950  0.0000689557
    14    8   -0.2710381969 -0.0035121410 -0.0000884286
    15    8    0.2710200077 -0.0035259837 -0.0002470720
    16    8   -0.2714996832  0.0036147750  0.0000008252
    17    8    0.0804053977 -0.1256961365 -0.0001247488
    18    8   -0.0804213401  0.1255808030  0.0001133693
    19    8    0.0805981240  0.1256526851  0.0000227808
    20    8   -0.0806754569 -0.1255271221 -0.0000955197
    21    8   -0.0940754017  0.0713104520 -0.1621018346
    22    8    0.0942082071 -0.0716668730 -0.1619161534
    23    8   -0.0940358288 -0.0714530471  0.1626121862
    24    8    0.0941376405  0.0717317547  0.1620988557
    25    8    0.0939041332 -0.0714477127  0.1623850970
    26    8   -0.0941891322  0.0716109721  0.1617769039
    27    8    0.0939751141  0.0714203809 -0.1627171520
    28    8   -0.0941671164 -0.0717396024 -0.1620162037
    29   12   -0.0000059681  0.0000174140 -0.0000077689
    30   12   -0.0000130894 -0.0000472434  0.0000164016
    31   12    0.0000156488  0.0000228266  0.0000187291
    32   12   -0.0000087548 -0.0000075094  0.0000072469
    33   12   -0.0035806719 -0.0035852839  0.0000490848
    34   12    0.0035684427  0.0035741052 -0.0000575599
    35   12   -0.0035537384  0.0035417272 -0.0000566454
    36   12    0.0035777925 -0.0035535473  0.0000481667
    37   14    0.0232491825 -0.0043302718  0.0000535007
    38   14   -0.0230516916  0.0041887343  0.0002154610
    39   14    0.0233068252  0.0041589700  0.0000419860
    40   14   -0.0230759146 -0.0039190922 -0.0000438557
    41    8    0.2712368891  0.0035957868  0.0000952154
    42    8   -0.2714337081 -0.0034966919 -0.0001887750
    43    8    0.2715593703 -0.0036451015 -0.0000149582
    44    8   -0.2710968208  0.0034641573  0.0002179772
    45    8    0.0807551515 -0.1257991138 -0.0001413851
    46    8   -0.0805866627  0.1257519900  0.0001286339
    47    8    0.0805963833  0.1254508485  0.0001508569
    48    8   -0.0806843087 -0.1256689481 -0.0000464012
    49    8   -0.0938979822  0.0713946017 -0.1623782457
    50    8    0.0942265897 -0.0716188683 -0.1618733826
    51    8   -0.0940016795 -0.0714156399  0.1624724126
    52    8    0.0942147122  0.0716276675  0.1618334312
    53    8    0.0941148082 -0.0712924097  0.1621352104
    54    8   -0.0941519536  0.0717320227  0.1619538871
    55    8    0.0939580787  0.0712841691 -0.1621868022
    56    8   -0.0942613888 -0.0717500317 -0.1619991860
--------------------------------------------------------
 X Lattice Force
----------------------------------------------------------
         div(a)            div(b)           div(c)
----------------------------------------------------------
   0.6491847703E+00  -0.3418086169E-04  -0.5139054105E-04
   0.1000000000E+09   0.3572745129E+00  -0.4036681650E-03
   0.1000000000E+09   0.1000000000E+09   0.7234763803E+00
----------------------------------------------------------
 ComputeGK: TmMax=    3578.89117960000      , TmMin=   2584.55019660000     
 ComputeGK: Imbalance =   0.137262163725499     
 GONX2                  :: Parallel Statistics
                     Imblnce = 0.15D-04
                     MinTime = 0.36D+04

                      AvgTime = 0.36D+04
                     MaxTime = 0.36D+04
 GONX2                  :: WALL Sec = 0.36D+04, NProc = 32
>-Exiting GONX2 02/21/06 @ 01:42:36-<
Percentage of Constraint Force That is Projected Out=   0.0370
Percentage of Constraint Force That is Projected Out=   0.0370
     Geometry optimization of Clone # 1 converged in  10 steps.
       Clone =      1 GeOp step =     10 Total Energy =       -7930.08613458
     Max Unconstrained Cart Grad =     0.000337      on atom     1
     Max Unconstrained Latt Grad =     0.000180      on vect     B
Lattice Parameter        Old Value      Gradient    Displacement   New Value
          STRE_A          9.523968     -0.000011      0.000000      9.523968
          STRE_B         10.184572      0.000100      0.000000     10.184572
          STRE_C          6.119075     -0.000053      0.000000      6.119075
          ALPHA          90.000000      0.004220      0.000000     90.000000
          BETA           90.000000     -0.000757      0.000000     90.000000
          GAMMA          90.000000     -0.000980      0.000000     90.000000
          VOLM_L        593.535171      0.000000      0.000000    593.535171
Energies of final structures:
 Clone #         Energy         
     1    -7930.0861345846
>-Successful MondoSCF run 02/21/06 @ 01:42:46-<
