!--------------------------------------------------------------------------------------------------!
! INPUT FILE = /users/valeryw/Forsterite2/Forsterite2_1x1x1.inp                                    !
! <BeginTitle>                                                                                     !
!                                                                                                  !
! <EndTitle>                                                                                       !
!                                                                                                  !
! <BeginOptions>                                                                                   !
! LowdinO=(1.0D-4)                                                                                 !
! Grad=(Optimize,PrimInt,BiSect,NoGDIIS)                                                           !
! Charge=0                                                                                         !
! Multiplicity=1                                                                                   !
! DebugAll=(MaxDebug,CheckSums,FrcDebug)                                                           !
! Guess=Restart                                                                                    !
! H#DFFile=/scratch2/valeryw/MondoScratch/Forsterite2_1x1x1/Forsterite2_1x1x1_7881695.hdf          !
! H#DFFile=/scratch2/valeryw/MondoScratch/Forsterite2_1x1x1/Forsterite2_1x1x1_1056601.hdf          !
! H@DFFile=/scratch2/valeryw/MondoScratch/Forsterite2_1x1x1/Forsterite2_1x1x1_3679697.hdf          !
! H#DFFile=/scratch2/valeryw/MondoScratch/Forsterite2_1x1x1/Forsterite2_1x1x1_3156945.hdf          !
! H#DFFile=/scratch2/valeryw/MondoScratch/Forsterite2_1x1x1/Forsterite2_1x1x1_9459198.hdf          !
! H#DFFile=/scratch2/valeryw/MondoScratch/Forsterite2_1x1x1/Forsterite2_1x1x1_8924072.hdf          !
! H#DFFile=/scratch2/valeryw/MondoScratch/Forsterite2_1x1x1/Forsterite2_1x1x1_924139.hdf           !
! HDFFile=/scratch2/valeryw/MondoScratch/Forsterite2_1x1x1/Forsterite2_1x1x1_630787.hdf            !
!                                                                                                  !
! SCFMethod=(RH)                                                                                   !
! BasisSets=(User4)                                                                                !
! ModelChem=(B3LYP)                                                                                !
! Accuracy=(tight)                                                                                 !
! PBC=(T,T,T)                                                                                      !
! Periodic=(AtomCoord)                                                                             !
! SCFConvergence=(DIIS)                                                                            !
! MPIInvoke="prun"                                                                                 !
! MPIProcFlag="-n"                                                                                 !
! MPIProcessors=16                                                                                 !
! MPISpatialProc=16                                                                                !
! R#atioABC 1.0 1.0 1.0                                                                            !
! <EndOptions>                                                                                     !
!                                                                                                  !
! <BeginPeriodic>                                                                                  !
!  4.738010 10.218107 6.129877 90.0 90.0 90.0                                                      !
! <EndPeriodic>                                                                                    !
!                                                                                                  !
! <BEGIN_ADD_INTERNALS>                                                                            !
! ALPHA 90.0                                                                                       !
! BETA  90.0                                                                                       !
! GAMMA 90.0                                                                                       !
! <END_ADD_INTERNALS>                                                                              !
!                                                                                                  !
! <BeginGeometry>                                                                                  !
!  MG       4.73319        0.00280        6.12932                                                  !
!  MG       4.73409        0.00292        3.05346                                                  !
!  MG       2.37706        5.11018        6.12922                                                  !
!  MG       2.37650        5.11122        3.05381                                                  !
!  MG       0.04058        2.83710        4.58317                                                  !
!  MG       4.70105        7.38632        1.52122                                                  !
!  MG       2.40890        2.27313        1.52332                                                  !
!  MG       2.33189        7.95596        4.58330                                                  !
!  SI       0.34485        4.13319        1.52652                                                  !
!  SI       4.40908        6.08972        4.58074                                                  !
!  SI       2.70387        0.97913        4.58061                                                  !
!  SI       2.02087        9.25480        1.52725                                                  !
!  O        1.08398        0.94652        4.58196                                                  !
!  O        3.64052        9.28395        1.52581                                                  !
!  O        3.46295        4.16777        1.52585                                                  !
!  O        1.29131        6.05514        4.58394                                                  !
!  O        1.30353        0.54396        1.52747                                                  !
!  O        3.42136        9.68794        4.58059                                                  !
!  O        3.69575        4.57813        4.58322                                                  !
!  O        1.06137        5.64424        1.52373                                                  !
!  O        1.05381        3.44420        2.84818                                                  !
!  O        3.70243        6.78318        5.90346                                                  !
!  O        3.41337        1.66840        3.25892                                                  !
!  O        1.31380        8.56398        0.20414                                                  !
!  O        3.69814        6.77758        3.25843                                                  !
!  O        1.05339        3.44062        0.20567                                                  !
!  O        1.31284        8.56143        2.84759                                                  !
!  O        3.40991        1.66795        5.90523                                                  !
! <EndGeometry>                                                                                    !
!                                                                                                  !
!                                                                                                  !
!--------------------------------------------------------------------------------------------------!


 __    __                 _       ____________ ______ 
|  \  /  |               | |     /       /    |      |
|   \/   | ___  _ __   __| | ___/   ____/   __|  |==='
|        |/ _ \| '_ \ / _  |/ _ \____  \   (__|  ____|
|  |\/|  | (_) | | | | (_| | (_) )     /\     |  |    
|__|  |__|\___/|_| |_|\____|\___/_____/  \____|__|    

 Version 1.0 alpha 11 "Gyokuro"                       
 A program suite for O(N) SCF theory and ab initio MD 
 Matt Challacombe, C.J. Tymczak, Karoly Nemeth,       
 Valery Weber, Chee Kwan Gan, Eric Schwegler,         
 Graeme Henkelman and Anders Niklasson                
 Los Alamos National Laboratory                       
 LA-CC-04-086 (formerly 01-2)                         
 Compiled for True64.COMPAQ, executing on qsc150
 a alpha machine running OSF1 V
 5.1
 
 Current HDF :: 
 /scratch2/valeryw/MondoScratch/Forsterite2_1x1x1/Forsterite2_1x1x1_12072210.hdf
<<Starting MondoSCF 02/22/06 @ 09:11:11>>
<< Entering MakePFFT 02/22/06 @ 09:11:16>>
 MakePFFT               :: TenC CheckSum  = 0.1267105233868501D-03
 MakePFFT               :: TenS CheckSum  = 0.2733914558550598D-18
 MakePFFT               :: WALL Sec = 0.51D+01, NProc = 1
>-Exiting MakePFFT 02/22/06 @ 09:11:21-<
<< Entering MakeS 02/22/06 @ 09:11:26>>
 MakeS                  :: S CheckSum  = 0.3004875006189943D+02                                                                  
 MakeS                  :: Parallel Statistics
                     Imblnce = 0.72D-01
                     MinTime = 0.43D+00

                      AvgTime = 0.44D+00
                     MaxTime = 0.47D+00
 MakeS                  :: WALL Sec = 0.47D+00, NProc = 16
>-Exiting MakeS 02/22/06 @ 09:11:26-<
<< Entering LowdinO 02/22/06 @ 09:11:31>>
 LowdinO                :: OverlapEigenThreshold  = 0.10D-03
 ... ning Warning  Warning  Warning Wa ...
Illconditioning detected in MakeS: Co
 nd(S)=0.21D+05
 LowdinO                :: X CheckSum  = 0.1421163756296726D+03
 LowdinO                :: WALL Sec = 0.10D+01, NProc = 1
>-Exiting LowdinO 02/22/06 @ 09:11:32-<
<< Entering MakeT 02/22/06 @ 09:11:36>>
 MakeT                  :: T CheckSum  = 0.2980021160273321D+03                                                                  
 MakeT                  :: Parallel Statistics
                     Imblnce = 0.35D-02
                     MinTime = 0.88D+00

                      AvgTime = 0.90D+00
                     MaxTime = 0.90D+00
 MakeT                  :: WALL Sec = 0.90D+00, NProc = 16
>-Exiting MakeT 02/22/06 @ 09:11:37-<
<< Entering P2Use 02/22/06 @ 09:11:42>>
 P2Use                  :: P[0] CheckSum  = 0.1066735571046123D+02                                                               
 P2Use                  :: Parallel Statistics
                     Imblnce = 0.19D+00
                     MinTime = 0.15D+01

                      AvgTime = 0.16D+01
                     MaxTime = 0.18D+01
 P2Use                  :: WALL (Sec,MFLOPS) = (0.18D+01, 89), NProc = 16
>-Exiting P2Use 02/22/06 @ 09:11:43-<
<< Entering MakeRho 02/22/06 @ 09:11:48>>
 MakeRho : Pruned Rho   :: dNel = -.16D-08, kept 52% of distributions.
 MakeRho : Moments      :: <r> = (0.83D+01, -.18D+02, 0.11D+02), <r^2> = 0.99D+0
 2
 MakeRho                :: Rho-Coef CheckSum  = 0.1101229831029247D+05
 MakeRho                :: Rho-Expt CheckSum  = 0.6468438870748383D+08
 MakeRho                :: Rho-LMNs CheckSum  = 0.1112064919397394D+05
 MakeRho                :: Parallel Statistics
                     Imblnce = 0.48D-01
                     MinTime = 0.23D+01

                      AvgTime = 0.23D+01
                     MaxTime = 0.24D+01
 MakeRho                :: WALL Sec = 0.24D+01, NProc = 16
>-Exiting MakeRho 02/22/06 @ 09:11:51-<
<< Entering QCTC 02/22/06 @ 09:11:56>>
 *** WARNING *** Ell > MaxEll *** WARNING *** : Ell ==>  30 PFFMaxEll ==>  10
 QCTC                   :: J[0] CheckSum  = 0.4765937917167684D+03
 QCTC : 3-D periodics   :: MxL = 10, PAC Cells = 147, MAC Cells = 389
 QCTC : FF Energy       :: <FF> = -.3831461263002525D-01
 QCTC                   :: Parallel Statistics
                     Imblnce = 0.15D-04
                     MinTime = 0.11D+04

                      AvgTime = 0.11D+04
                     MaxTime = 0.11D+04
 QCTC                   :: WALL Sec = 0.11D+04, NProc = 16
>-Exiting QCTC 02/22/06 @ 09:29:27-<
<< Entering ONX2 02/22/06 @ 09:29:34>>
 ONX2                   :: Kx[0] CheckSum  = 0.4562847947678164D+02
 ONX2                   :: Parallel Statistics
                     Imblnce = 0.16D-02
                     MinTime = 0.49D+03

                      AvgTime = 0.49D+03
                     MaxTime = 0.49D+03
 ONX2                   :: WALL Sec = 0.49D+03, NProc = 16
>-Exiting ONX2 02/22/06 @ 09:37:42-<
<< Entering HiCu 02/22/06 @ 09:37:47>>
 LineLoc is not found.
 HiCu                   :: Kxc[0] CheckSum  = 0.2382829229440031D+02
 HiCu                   :: Parallel Statistics
                     Imblnce = 0.20D-03
                     MinTime = 0.19D+04

                      AvgTime = 0.19D+04
                     MaxTime = 0.19D+04
 HiCu                   :: WALL Sec = 0.19D+04, NProc = 16
>-Exiting HiCu 02/22/06 @ 10:09:40-<
<< Entering FockNGrueven 02/22/06 @ 10:09:46>>
 FockNGrueven           :: F[0] CheckSum  = 0.2221442215835097D+03                                                               
 FockNGrueven           :: OrthoF[0] CheckSum  = 0.2233659680510889D+03                                                          
 FockNGrueven           :: Parallel Statistics
                     Imblnce = 0.31D-01
                     MinTime = 0.25D+01

                      AvgTime = 0.25D+01
                     MaxTime = 0.26D+01
 FockNGrueven           :: WALL (Sec,MFLOPS) = (0.26D+01, 127), NProc = 16
>-Exiting FockNGrueven 02/22/06 @ 10:09:49-<
<< Entering RHEqs 02/22/06 @ 10:09:54>>
 RHEqs                  :: HOMO = -.24904286D-01, LUMO = 0.26751245D+00
 RHEqs                  :: OrthoP[1] CheckSum  = 0.1183215956619919D+02
 RHEqs                  :: P[1] CheckSum  = 0.1066735802483337D+02
 RHEqs                  :: WALL (Sec,MFLOPS) = (0.19D+01, 171), NProc = 1
>-Exiting RHEqs 02/22/06 @ 10:09:56-<
<< Entering SCFStatus 02/22/06 @ 10:10:01>>
 
= = = = = SCFCycle #0, Basis #1, Geometry #13 = = = = =

       Gap     = 0.29
 D+00
       MaxDelD = 0.82D-03
       <T>     = 0.39509457D+04
       <V>     =
  -.75596492D+04
       <HF>    = -.68856195D+02
       <DFT>   = -.28749969D+03
 
       <SCF>   = -3965.05941931

 SCFStatus              :: Parallel Statistics
                     Imblnce = 0.46D-01
                     MinTime = 0.23D+01

                      AvgTime = 0.24D+01
                     MaxTime = 0.25D+01
 SCFStatus              :: WALL (Sec,MFLOPS) = (0.25D+01, 200), NProc = 16
>-Exiting SCFStatus 02/22/06 @ 10:10:03-<
<< Entering MakeRho 02/22/06 @ 10:10:10>>
 MakeRho : Pruned Rho   :: dNel = -.19D-08, kept 52% of distributions.
 MakeRho : Moments      :: <r> = (0.83D+01, -.18D+02, 0.11D+02), <r^2> = 0.99D+0
 2
 MakeRho                :: Rho-Coef CheckSum  = 0.1101229616317925D+05
 MakeRho                :: Rho-Expt CheckSum  = 0.6468439232544746D+08
 MakeRho                :: Rho-LMNs CheckSum  = 0.1112064824467016D+05
 MakeRho                :: Parallel Statistics
                     Imblnce = 0.50D-01
                     MinTime = 0.22D+01

                      AvgTime = 0.22D+01
                     MaxTime = 0.23D+01
 MakeRho                :: WALL Sec = 0.23D+01, NProc = 16
>-Exiting MakeRho 02/22/06 @ 10:10:12-<
<< Entering QCTC 02/22/06 @ 10:10:17>>
 *** WARNING *** Ell > MaxEll *** WARNING *** : Ell ==>  30 PFFMaxEll ==>  10
 QCTC                   :: J[1] CheckSum  = 0.4765941962555167D+03
 QCTC : 3-D periodics   :: MxL = 10, PAC Cells = 147, MAC Cells = 389
 QCTC : FF Energy       :: <FF> = -.3848805590995939D-01
 QCTC                   :: Parallel Statistics
                     Imblnce = 0.61D-04
                     MinTime = 0.10D+04

                      AvgTime = 0.10D+04
                     MaxTime = 0.10D+04
 QCTC                   :: WALL Sec = 0.10D+04, NProc = 16
>-Exiting QCTC 02/22/06 @ 10:27:27-<
<< Entering ONX2 02/22/06 @ 10:27:32>>
 ONX2                   :: Kx[1] CheckSum  = 0.4562847084284421D+02
 ONX2                   :: Parallel Statistics
                     Imblnce = 0.57D-03
                     MinTime = 0.48D+03

                      AvgTime = 0.48D+03
                     MaxTime = 0.48D+03
 ONX2                   :: WALL Sec = 0.48D+03, NProc = 16
>-Exiting ONX2 02/22/06 @ 10:35:35-<
<< Entering HiCu 02/22/06 @ 10:35:39>>
 HiCu                   :: Kxc[1] CheckSum  = 0.2382828894646350D+02
 HiCu                   :: Parallel Statistics
                     Imblnce = 0.34D-03
                     MinTime = 0.11D+04

                      AvgTime = 0.11D+04
                     MaxTime = 0.11D+04
 HiCu                   :: WALL Sec = 0.11D+04, NProc = 16
>-Exiting HiCu 02/22/06 @ 10:53:58-<
<< Entering FockNGrueven 02/22/06 @ 10:54:04>>
 FockNGrueven           :: F[1] CheckSum  = 0.2221446358645691D+03                                                               
 FockNGrueven           :: OrthoF[1] CheckSum  = 0.2233660932384156D+03                                                          
 FockNGrueven           :: Parallel Statistics
                     Imblnce = 0.21D-01
                     MinTime = 0.29D+01

                      AvgTime = 0.30D+01
                     MaxTime = 0.30D+01
 FockNGrueven           :: WALL (Sec,MFLOPS) = (0.30D+01, 110), NProc = 16
>-Exiting FockNGrueven 02/22/06 @ 10:54:07-<
<< Entering DIIS 02/22/06 @ 10:54:11>>
 DIIS : Damping         :: Co = 0.90D+00, 0.10D+00
 DIIS                   :: F_DIIS[1] CheckSum  = 0.2233659805614062D+03                                                          
 DIIS                   :: Parallel Statistics
                     Imblnce = 0.36D-01
                     MinTime = 0.26D+01

                      AvgTime = 0.26D+01
                     MaxTime = 0.27D+01
 DIIS                   :: WALL (Sec,MFLOPS) = (0.27D+01, 123), NProc = 16
>-Exiting DIIS 02/22/06 @ 10:54:14-<
<< Entering RHEqs 02/22/06 @ 10:54:19>>
 RHEqs                  :: HOMO = -.24916350D-01, LUMO = 0.26750721D+00
 RHEqs                  :: OrthoP[2] CheckSum  = 0.1183215956619918D+02
 RHEqs                  :: P[2] CheckSum  = 0.1066735809302495D+02
 RHEqs                  :: WALL (Sec,MFLOPS) = (0.20D+01, 168), NProc = 1
>-Exiting RHEqs 02/22/06 @ 10:54:21-<
<< Entering SCFStatus 02/22/06 @ 10:54:27>>
 
= = = = = SCFCycle #1, Basis #1, Geometry #13 = = = = =

       Gap     = 0.29
 D+00
       DIISErr = 0.45D-05
       MaxDelD = 0.11D-03
       <T>     = 0.395
 09416D+04
       <V>     = -.75596458D+04
       <HF>    = -.68856069D+02
     
   <DFT>   = -.28749918D+03
       <SCF>   = -3965.05942932

 SCFStatus              :: Parallel Statistics
                     Imblnce = 0.27D-01
                     MinTime = 0.22D+01

                      AvgTime = 0.22D+01
                     MaxTime = 0.22D+01
 SCFStatus              :: WALL (Sec,MFLOPS) = (0.22D+01, 221), NProc = 16
>-Exiting SCFStatus 02/22/06 @ 10:54:29-<
<< Entering MakeRho 02/22/06 @ 10:54:35>>
 MakeRho : Pruned Rho   :: dNel = -.17D-08, kept 52% of distributions.
 MakeRho : Moments      :: <r> = (0.83D+01, -.18D+02, 0.11D+02), <r^2> = 0.99D+0
 2
 MakeRho                :: Rho-Coef CheckSum  = 0.1101229639890476D+05
 MakeRho                :: Rho-Expt CheckSum  = 0.6468439179854897D+08
 MakeRho                :: Rho-LMNs CheckSum  = 0.1112064820295039D+05
 MakeRho                :: Parallel Statistics
                     Imblnce = 0.11D+00
                     MinTime = 0.19D+01

                      AvgTime = 0.20D+01
                     MaxTime = 0.22D+01
 MakeRho                :: WALL Sec = 0.22D+01, NProc = 16
>-Exiting MakeRho 02/22/06 @ 10:54:38-<
<< Entering QCTC 02/22/06 @ 10:54:43>>
 *** WARNING *** Ell > MaxEll *** WARNING *** : Ell ==>  30 PFFMaxEll ==>  10
 QCTC                   :: J[2] CheckSum  = 0.4765941380524532D+03
 QCTC : 3-D periodics   :: MxL = 10, PAC Cells = 147, MAC Cells = 389
 QCTC : FF Energy       :: <FF> = -.3848093926747495D-01
 QCTC                   :: Parallel Statistics
                     Imblnce = 0.66D-04
                     MinTime = 0.11D+04

                      AvgTime = 0.11D+04
                     MaxTime = 0.11D+04
 QCTC                   :: WALL Sec = 0.11D+04, NProc = 16
>-Exiting QCTC 02/22/06 @ 11:13:31-<
<< Entering ONX2 02/22/06 @ 11:13:37>>
 ONX2                   :: Kx[2] CheckSum  = 0.4562847173655751D+02
 ONX2                   :: Parallel Statistics
                     Imblnce = 0.78D-03
                     MinTime = 0.48D+03

                      AvgTime = 0.48D+03
                     MaxTime = 0.48D+03
 ONX2                   :: WALL Sec = 0.48D+03, NProc = 16
>-Exiting ONX2 02/22/06 @ 11:21:37-<
<< Entering HiCu 02/22/06 @ 11:21:43>>
 HiCu                   :: Kxc[2] CheckSum  = 0.2382828809701893D+02
 HiCu                   :: Parallel Statistics
                     Imblnce = 0.30D-03
                     MinTime = 0.11D+04

                      AvgTime = 0.11D+04
                     MaxTime = 0.11D+04
 HiCu                   :: WALL Sec = 0.11D+04, NProc = 16
>-Exiting HiCu 02/22/06 @ 11:39:39-<
<< Entering FockNGrueven 02/22/06 @ 11:39:44>>
 FockNGrueven           :: F[2] CheckSum  = 0.2221445764713661D+03                                                               
 FockNGrueven           :: OrthoF[2] CheckSum  = 0.2233660759777517D+03                                                          
 FockNGrueven           :: Parallel Statistics
                     Imblnce = 0.62D-01
                     MinTime = 0.39D+01

                      AvgTime = 0.39D+01
                     MaxTime = 0.42D+01
 FockNGrueven           :: WALL (Sec,MFLOPS) = (0.42D+01, 80), NProc = 16
>-Exiting FockNGrueven 02/22/06 @ 11:39:48-<
<< Entering DIIS 02/22/06 @ 11:39:53>>
 DIIS                   :: Cond# = 0.93D+07, MIN(E) = 0.15D-06
 DIIS : Pulay C1        :: DIISCo = -.25D+01, 0.35D+01
 DIIS                   :: F_DIIS[2] CheckSum  = 0.2233660321085768D+03                                                          
 DIIS                   :: Parallel Statistics
                     Imblnce = 0.10D-01
                     MinTime = 0.48D+01

                      AvgTime = 0.48D+01
                     MaxTime = 0.48D+01
 DIIS                   :: WALL (Sec,MFLOPS) = (0.48D+01, 207), NProc = 16
>-Exiting DIIS 02/22/06 @ 11:39:58-<
<< Entering RHEqs 02/22/06 @ 11:40:03>>
 RHEqs                  :: HOMO = -.24956720D-01, LUMO = 0.26748715D+00
 RHEqs                  :: OrthoP[3] CheckSum  = 0.1183215956619923D+02
 RHEqs                  :: P[3] CheckSum  = 0.1066736026526525D+02
 RHEqs                  :: WALL (Sec,MFLOPS) = (0.24D+01, 137), NProc = 1
>-Exiting RHEqs 02/22/06 @ 11:40:06-<
<< Entering SCFStatus 02/22/06 @ 11:40:11>>
 
= = = = = SCFCycle #2, Basis #1, Geometry #13 = = = = =

       Gap     = 0.29
 D+00
       DIISErr = 0.32D-05
       MaxDelD = 0.30D-03
       <T>     = 0.395
 09422D+04
       <V>     = -.75596463D+04
       <HF>    = -.68856088D+02
     
   <DFT>   = -.28749926D+03
       <SCF>   = -3965.05943094

 SCFStatus              :: Parallel Statistics
                     Imblnce = 0.35D-01
                     MinTime = 0.20D+01

                      AvgTime = 0.20D+01
                     MaxTime = 0.21D+01
 SCFStatus              :: WALL (Sec,MFLOPS) = (0.21D+01, 237), NProc = 16
>-Exiting SCFStatus 02/22/06 @ 11:40:13-<
<< Entering MakeRho 02/22/06 @ 11:40:18>>
 MakeRho : Pruned Rho   :: dNel = -.16D-08, kept 52% of distributions.
 MakeRho : Moments      :: <r> = (0.83D+01, -.18D+02, 0.11D+02), <r^2> = 0.99D+0
 2
 MakeRho                :: Rho-Coef CheckSum  = 0.1101229770341944D+05
 MakeRho                :: Rho-Expt CheckSum  = 0.6468438970739200D+08
 MakeRho                :: Rho-LMNs CheckSum  = 0.1112064901890946D+05
 MakeRho                :: Parallel Statistics
                     Imblnce = 0.43D-01
                     MinTime = 0.26D+01

                      AvgTime = 0.26D+01
                     MaxTime = 0.27D+01
 MakeRho                :: WALL Sec = 0.27D+01, NProc = 16
>-Exiting MakeRho 02/22/06 @ 11:40:21-<
<< Entering QCTC 02/22/06 @ 11:40:25>>
 *** WARNING *** Ell > MaxEll *** WARNING *** : Ell ==>  30 PFFMaxEll ==>  10
 QCTC                   :: J[3] CheckSum  = 0.4765938956375937D+03
 QCTC : 3-D periodics   :: MxL = 10, PAC Cells = 147, MAC Cells = 389
 QCTC : FF Energy       :: <FF> = -.3846083620639101D-01
 QCTC                   :: Parallel Statistics
                     Imblnce = 0.13D-03
                     MinTime = 0.11D+04

                      AvgTime = 0.11D+04
                     MaxTime = 0.11D+04
 QCTC                   :: WALL Sec = 0.11D+04, NProc = 16
>-Exiting QCTC 02/22/06 @ 11:59:02-<
<< Entering ONX2 02/22/06 @ 11:59:07>>
 ONX2                   :: Kx[3] CheckSum  = 0.4562847762029843D+02
 ONX2                   :: Parallel Statistics
                     Imblnce = 0.53D-03
                     MinTime = 0.49D+03

                      AvgTime = 0.49D+03
                     MaxTime = 0.49D+03
 ONX2                   :: WALL Sec = 0.49D+03, NProc = 16
>-Exiting ONX2 02/22/06 @ 12:07:14-<
<< Entering HiCu 02/22/06 @ 12:07:19>>
 HiCu                   :: Kxc[3] CheckSum  = 0.2382828646450975D+02
 HiCu                   :: Parallel Statistics
                     Imblnce = 0.37D-03
                     MinTime = 0.11D+04

                      AvgTime = 0.11D+04
                     MaxTime = 0.11D+04
 HiCu                   :: WALL Sec = 0.11D+04, NProc = 16
>-Exiting HiCu 02/22/06 @ 12:25:03-<
<< Entering FockNGrueven 02/22/06 @ 12:25:09>>
 FockNGrueven           :: F[3] CheckSum  = 0.2221443282036803D+03                                                               
 FockNGrueven           :: OrthoF[3] CheckSum  = 0.2233660139063655D+03                                                          
 FockNGrueven           :: Parallel Statistics
                     Imblnce = 0.26D-01
                     MinTime = 0.19D+01

                      AvgTime = 0.19D+01
                     MaxTime = 0.20D+01
 FockNGrueven           :: WALL (Sec,MFLOPS) = (0.20D+01, 166), NProc = 16
>-Exiting FockNGrueven 02/22/06 @ 12:25:11-<
<< Entering DIIS 02/22/06 @ 12:25:16>>
 DIIS                   :: Cond# = 0.25D+09, MIN(E) = 0.70D-08
 DIIS : Pulay C1        :: DIISCo = -.12D+01, 0.17D+01, 0.51D+00
 DIIS                   :: F_DIIS[3] CheckSum  = 0.2233660226461664D+03                                                          
 DIIS                   :: Parallel Statistics
                     Imblnce = 0.24D-01
                     MinTime = 0.30D+01

                      AvgTime = 0.30D+01
                     MaxTime = 0.31D+01
 DIIS                   :: WALL (Sec,MFLOPS) = (0.31D+01, 213), NProc = 16
>-Exiting DIIS 02/22/06 @ 12:25:19-<
<< Entering RHEqs 02/22/06 @ 12:25:24>>
 RHEqs                  :: HOMO = -.24949310D-01, LUMO = 0.26749306D+00
 RHEqs                  :: OrthoP[4] CheckSum  = 0.1183215956619917D+02
 RHEqs                  :: P[4] CheckSum  = 0.1066735801214228D+02
 RHEqs                  :: WALL (Sec,MFLOPS) = (0.19D+01, 174), NProc = 1
>-Exiting RHEqs 02/22/06 @ 12:25:26-<
<< Entering SCFStatus 02/22/06 @ 12:25:31>>
 
= = = = = SCFCycle #3, Basis #1, Geometry #13 = = = = =

       Gap     = 0.29
 D+00
       DIISErr = 0.44D-06
       MaxDelD = 0.39D-04
       <T>     = 0.395
 09448D+04
       <V>     = -.75596485D+04
       <HF>    = -.68856167D+02
     
   <DFT>   = -.28749958D+03
       <SCF>   = -3965.05943363

 SCFStatus              :: Parallel Statistics
                     Imblnce = 0.36D-01
                     MinTime = 0.17D+01

                      AvgTime = 0.17D+01
                     MaxTime = 0.18D+01
 SCFStatus              :: WALL (Sec,MFLOPS) = (0.18D+01, 274), NProc = 16
>-Exiting SCFStatus 02/22/06 @ 12:25:33-<
 Normal SCF convergence.
<< Entering SForce 02/22/06 @ 12:25:39>>
 S Force
--------------------------------------------------------
   Atom   Z                Forces (au) 
--------------------------------------------------------
     1   12    0.0000244267  0.0000056434 -0.0000405372
     2   12   -0.0000188792  0.0000169916 -0.0000071566
     3   12    0.0000028268  0.0000014326 -0.0000340912
     4   12   -0.0000153854  0.0000082264 -0.0000279307
     5   12    0.0023326367 -0.0019761614  0.0001509240
     6   12   -0.0024105686  0.0019286997 -0.0000329771
     7   12    0.0023917573  0.0019484469 -0.0000546725
     8   12   -0.0023332452 -0.0019869699  0.0001469647
     9   14    0.0135565246 -0.0020275589 -0.0000103139
    10   14   -0.0138903599  0.0019029624  0.0001214139
    11   14    0.0138622904  0.0020118050 -0.0001532334
    12   14   -0.0134632987 -0.0021172064 -0.0000074368
    13    8   -0.0772218768  0.0007214175 -0.0001308617
    14    8    0.0772490478 -0.0007566923  0.0001955657
    15    8   -0.0772828671 -0.0007387643  0.0002095503
    16    8    0.0771851102  0.0007491436 -0.0001401804
    17    8   -0.0191983914  0.0598335642  0.0002312248
    18    8    0.0191876366 -0.0597972688 -0.0001892447
    19    8   -0.0191552833 -0.0598115652 -0.0001719645
    20    8    0.0191385694  0.0597942215  0.0002509655
    21    8    0.0226792754 -0.0347372680  0.0591275574
    22    8   -0.0220288035  0.0345658872  0.0591628348
    23    8    0.0221844329  0.0347483792 -0.0590635263
    24    8   -0.0224616863 -0.0344934121 -0.0592895485
    25    8   -0.0222197543  0.0348722614 -0.0592555614
    26    8    0.0224850290 -0.0345292088 -0.0593365133
    27    8   -0.0226951104 -0.0347374919  0.0590972253
    28    8    0.0221159450  0.0346004761  0.0592515243
--------------------------------------------------------
 S Lattice Force
----------------------------------------------------------
         div(a)            div(b)           div(c)
----------------------------------------------------------
  -0.3636885538E+00   0.3595653791E-05  -0.1291208790E-04
   0.1000000000E+09  -0.1401258750E+00   0.1651563234E-03
   0.1000000000E+09   0.1000000000E+09  -0.2738769610E+00
----------------------------------------------------------
 SForce                 :: dS/dR CheckSum  = 0.2865172721837054D+00
 SForce                 :: LFrcS CheckSum  = 0.1732050807568877D+09
 SForce                 :: Parallel Statistics
                     Imblnce = 0.53D-01
                     MinTime = 0.24D+01

                      AvgTime = 0.24D+01
                     MaxTime = 0.25D+01
 SForce                 :: WALL (Sec,MFLOPS) = (0.25D+01, 132), NProc = 16
>-Exiting SForce 02/22/06 @ 12:25:42-<
<< Entering TForce 02/22/06 @ 12:25:47>>
 T Force
--------------------------------------------------------
   Atom   Z                Forces (au) 
--------------------------------------------------------
     1   12    0.0000305558  0.0000170175 -0.0000830207
     2   12   -0.0000030087 -0.0000180539 -0.0000230453
     3   12    0.0000011089 -0.0000295538 -0.0000470161
     4   12   -0.0000232439 -0.0000096933 -0.0000093073
     5   12    0.0030603813 -0.0013275141  0.0001528769
     6   12   -0.0031611047  0.0012690311  0.0000207234
     7   12    0.0031309167  0.0012994919 -0.0000159697
     8   12   -0.0030754218 -0.0013449747  0.0001463273
     9   14   -0.0242740796  0.0019500731  0.0001929929
    10   14    0.0252903448 -0.0018293932  0.0005370499
    11   14   -0.0253273703 -0.0013892168 -0.0008168200
    12   14    0.0248023746  0.0014408258  0.0000924970
    13    8   -0.4641596105 -0.0076613835 -0.0000736406
    14    8    0.4644926829  0.0072739710  0.0001743915
    15    8   -0.4649447553  0.0072921839  0.0003110853
    16    8    0.4643379278 -0.0075336856 -0.0000978848
    17    8   -0.1417801480  0.3010220046  0.0003616859
    18    8    0.1416100674 -0.3006306751 -0.0003024387
    19    8   -0.1416400531 -0.3007940975 -0.0002692357
    20    8    0.1415231581  0.3008256908  0.0003486763
    21    8    0.1658390529 -0.1643612580  0.3168886086
    22    8   -0.1655105091  0.1640920302  0.3173510113
    23    8    0.1657054532  0.1641794748 -0.3166900715
    24    8   -0.1654796854 -0.1640885870 -0.3173071236
    25    8   -0.1661296527  0.1647120112 -0.3176300707
    26    8    0.1657018357 -0.1642615643 -0.3177030728
    27    8   -0.1658978584 -0.1642540029  0.3167020947
    28    8    0.1658806414  0.1641598478  0.3177886962
--------------------------------------------------------
 T Lattice Force
----------------------------------------------------------
         div(a)            div(b)           div(c)
----------------------------------------------------------
  -0.1133313083E+01   0.3138435729E-04  -0.6176052680E-04
   0.0000000000E+00  -0.3404294355E+00  -0.1535189986E-03
   0.0000000000E+00   0.0000000000E+00  -0.6861104490E+00
----------------------------------------------------------
 TForce                 :: dT/dR CheckSum  = 0.1596518689015588D+01
 TForce                 :: LFrcT CheckSum  = 0.1367859027916450D+01
 TForce                 :: Parallel Statistics
                     Imblnce = 0.47D-01
                     MinTime = 0.24D+01

                      AvgTime = 0.24D+01
                     MaxTime = 0.25D+01
 TForce                 :: WALL Sec = 0.25D+01, NProc = 16
>-Exiting TForce 02/22/06 @ 12:25:50-<
<< Entering MakeRho 02/22/06 @ 12:25:55>>
 MakeRho : Pruned Rho   :: dNel = -.17D-08, kept 52% of distributions.
 MakeRho : Moments      :: <r> = (0.83D+01, -.18D+02, 0.11D+02), <r^2> = 0.99D+0
 2
 MakeRho                :: Rho-Coef CheckSum  = 0.1101229719438266D+05
 MakeRho                :: Rho-Expt CheckSum  = 0.6468439040538771D+08
 MakeRho                :: Rho-LMNs CheckSum  = 0.1112064843209054D+05
 MakeRho                :: Parallel Statistics
                     Imblnce = 0.72D-01
                     MinTime = 0.13D+01

                      AvgTime = 0.14D+01
                     MaxTime = 0.15D+01
 MakeRho                :: WALL Sec = 0.15D+01, NProc = 16
>-Exiting MakeRho 02/22/06 @ 12:25:56-<
<< Entering JForce 02/22/06 @ 12:26:02>>
 *** WARNING *** Ell > MaxEll *** WARNING *** : Ell ==>  30 PFFMaxEll ==>  10
 J Lattice Force
----------------------------------------------------------
         div(a)            div(b)           div(c)
----------------------------------------------------------
   0.7282147988E+00   0.3401443540E-01  -0.3806251952E-01
   0.0000000000E+00   0.1547492998E+00   0.8396817046E-01
   0.0000000000E+00   0.0000000000E+00   0.4645700082E+00
----------------------------------------------------------
 J Dipole Lattice Force
----------------------------------------------------------
         div(a)            div(b)           div(c)
----------------------------------------------------------
   0.2390717609E+00   0.0000000000E+00   0.0000000000E+00
   0.0000000000E+00   0.1109799228E+00   0.0000000000E+00
   0.0000000000E+00   0.0000000000E+00   0.1848479465E+00
----------------------------------------------------------
 J  PFF   Lattice Force
----------------------------------------------------------
         div(a)            div(b)           div(c)
----------------------------------------------------------
  -0.5706161306E-01  -0.3402636723E-01   0.3808407031E-01
   0.0000000000E+00   0.4673411181E-01  -0.8386522922E-01
   0.0000000000E+00   0.0000000000E+00  -0.2334337974E-01
----------------------------------------------------------
 J Force
--------------------------------------------------------
   Atom   Z                Forces (au) 
--------------------------------------------------------
     1   12    0.0000268013 -0.0000092753  0.0000018737
     2   12    0.0000157449 -0.0000097905 -0.0000483423
     3   12   -0.0000178739  0.0000064092  0.0000101511
     4   12   -0.0000063925 -0.0000263533  0.0000130904
     5   12   -0.0019729316  0.0055928199 -0.0001434527
     6   12    0.0020258263 -0.0055685502  0.0000485170
     7   12   -0.0020430623 -0.0055340833  0.0001142538
     8   12    0.0019639207  0.0055446290 -0.0000847264
     9   14    0.0246805261  0.0007324143  0.0001173458
    10   14   -0.0251375521 -0.0008361617 -0.0004124329
    11   14    0.0251488564 -0.0011639416  0.0002502782
    12   14   -0.0249245002  0.0009926633  0.0000988422
    13    8    0.3091583902  0.0010404255  0.0000775961
    14    8   -0.3093394142 -0.0007316204 -0.0001444865
    15    8    0.3094399452 -0.0007125556 -0.0002737932
    16    8   -0.3091306496  0.0009161797  0.0000922629
    17    8    0.1027196119 -0.2513926883 -0.0003320711
    18    8   -0.1026064057  0.2511236190  0.0002588164
    19    8    0.1025881063  0.2511207035  0.0002431654
    20    8   -0.1025188157 -0.2512137783 -0.0003164159
    21    8   -0.1181488657  0.1361082806 -0.2421533947
    22    8    0.1178358348 -0.1357869909 -0.2422588462
    23    8   -0.1180630529 -0.1359981857  0.2421307001
    24    8    0.1179063997  0.1358413339  0.2424158675
    25    8    0.1182267227 -0.1362240184  0.2424547724
    26    8   -0.1180014310  0.1359044740  0.2425221692
    27    8    0.1182421526  0.1360758054 -0.2421200695
    28    8   -0.1180708727 -0.1357929340 -0.2425559776
--------------------------------------------------------
 JForce                 :: dJ/dR CheckSum  = 0.1186993274722325D+01
 JForce                 :: LFrcJ CheckSum  = 0.1148090664356992D+01
 JForce                 :: Parallel Statistics
                     Imblnce = 0.65D-04
                     MinTime = 0.13D+04

                      AvgTime = 0.13D+04
                     MaxTime = 0.13D+04
 JForce                 :: WALL Sec = 0.13D+04, NProc = 16
>-Exiting JForce 02/22/06 @ 12:48:12-<
<< Entering XCForce 02/22/06 @ 12:48:18>>
 XC Force
--------------------------------------------------------
   Atom   Z                Forces (au) 
--------------------------------------------------------
     1   12   -0.0000052657 -0.0000054767  0.0000228885
     2   12    0.0000020067  0.0000179294 -0.0000149937
     3   12    0.0000094200  0.0000111272  0.0000063470
     4   12    0.0000097629  0.0000112509 -0.0000005788
     5   12   -0.0025156167 -0.0012580274 -0.0000463467
     6   12    0.0025723101  0.0012823226 -0.0000093075
     7   12   -0.0025574273  0.0012825592  0.0000076292
     8   12    0.0025202668 -0.0012565612 -0.0000361034
     9   14   -0.0093738403 -0.0004562352 -0.0003041747
    10   14    0.0093269675  0.0006459248  0.0001649368
    11   14   -0.0092138508  0.0004923137  0.0004420309
    12   14    0.0091780442 -0.0003282420 -0.0003074854
    13    8    0.1731753039  0.0042032068  0.0001767266
    14    8   -0.1733280273 -0.0040991356 -0.0002128651
    15    8    0.1733370019 -0.0040799636 -0.0003035672
    16    8   -0.1731383564  0.0041253281  0.0002003983
    17    8    0.0439508212 -0.0845307255 -0.0002655647
    18    8   -0.0439076634  0.0844077972  0.0002470710
    19    8    0.0438716548  0.0844149486  0.0002498502
    20    8   -0.0438259297 -0.0844871438 -0.0002563252
    21    8   -0.0530326552  0.0486609644 -0.1018181509
    22    8    0.0525940591 -0.0486277569 -0.1023141737
    23    8   -0.0527301383 -0.0487276754  0.1019484195
    24    8    0.0529702076  0.0485368366  0.1022680487
    25    8    0.0527319427 -0.0488143804  0.1020622841
    26    8   -0.0529717822  0.0485732146  0.1023421846
    27    8    0.0531377022  0.0486139464 -0.1017992206
    28    8   -0.0527582898 -0.0486112310 -0.1024508871
--------------------------------------------------------
 XC Lattice Force
----------------------------------------------------------
         div(a)            div(b)           div(c)
----------------------------------------------------------
   0.4519035920E+00  -0.2149174760E-04  -0.9296262645E-05
   0.0000000000E+00   0.1323364682E+00   0.5224557638E-04
   0.0000000000E+00   0.0000000000E+00   0.2616891445E+00
----------------------------------------------------------
 XC Dipole Lattice Force: Surface Term
----------------------------------------------------------
         div(a)            div(b)           div(c)
----------------------------------------------------------
  -0.1513181881E+03   0.0000000000E+00   0.0000000000E+00
   0.0000000000E+00  -0.1070413872E+03   0.0000000000E+00
   0.0000000000E+00   0.0000000000E+00  -0.1046649389E+03
----------------------------------------------------------
 XCForce                :: dXC/dR CheckSum  = 0.5305350676380254D+00
 XCForce                :: LFrcXC CheckSum  = 0.5387123619571613D+00
 XCForce                :: Parallel Statistics
                     Imblnce = 0.27D-04
                     MinTime = 0.41D+04

                      AvgTime = 0.41D+04
                     MaxTime = 0.41D+04
 XCForce                :: WALL Sec = 0.41D+04, NProc = 16
>-Exiting XCForce 02/22/06 @ 13:56:55-<
<< Entering GONX2 02/22/06 @ 13:57:00>>
 GONX2                  :: dKx/dR[13] CheckSum  = 0.8603459998341605D+00
 X Force
--------------------------------------------------------
   Atom   Z                Forces (au) 
--------------------------------------------------------
     1   12    0.0000099157  0.0000032096  0.0000159387
     2   12   -0.0000016712  0.0000350066 -0.0000472245
     3   12    0.0000062285  0.0000126223  0.0000185501
     4   12    0.0000145623  0.0000341169 -0.0000067164
     5   12   -0.0039459807 -0.0038395190 -0.0000420718
     6   12    0.0040099749  0.0038833187  0.0000119689
     7   12   -0.0040103587  0.0038786662  0.0000324108
     8   12    0.0039322411 -0.0038544258 -0.0000287674
     9   14   -0.0222459529 -0.0009439883 -0.0003546640
    10   14    0.0223705285  0.0013742884  0.0001831601
    11   14   -0.0221328130  0.0010960093  0.0005720991
    12   14    0.0219154661 -0.0007474014 -0.0004038855
    13    8    0.2959065098  0.0085616766 -0.0002734813
    14    8   -0.2961671764 -0.0084684550  0.0002438627
    15    8    0.2960928516 -0.0084132756  0.0000556307
    16    8   -0.2957806998  0.0084108542 -0.0002415545
    17    8    0.0714571470 -0.1243157503  0.0001303032
    18    8   -0.0714055946  0.1241387563 -0.0001558705
    19    8    0.0713150856  0.1241260916 -0.0001332576
    20    8   -0.0712464147 -0.1242635946  0.0001514975
    21    8   -0.0862995852  0.0718022097 -0.1593689438
    22    8    0.0859816291 -0.0717183104 -0.1602786998
    23    8   -0.0863581293 -0.0719511840  0.1596901034
    24    8    0.0861619969  0.0715560950  0.1601273562
    25    8    0.0862883757 -0.0720616555  0.1597709876
    26    8   -0.0861158034  0.0716040091  0.1602256746
    27    8    0.0865153860  0.0717214285 -0.1593699506
    28    8   -0.0862677188 -0.0716607993 -0.1605244557
--------------------------------------------------------
 X Lattice Force
----------------------------------------------------------
         div(a)            div(b)           div(c)
----------------------------------------------------------
   0.6746082238E+00  -0.7648023671E-05  -0.7564026886E-05
   0.1000000000E+09   0.1791447651E+00   0.2481106385E-03
   0.1000000000E+09   0.1000000000E+09   0.3614357120E+00
----------------------------------------------------------
 ComputeGK: TmMax=    2160.28837620000      , TmMin=   1620.75602360000     
 ComputeGK: Imbalance =   0.119087411539256     
 GONX2                  :: Parallel Statistics
                     Imblnce = 0.11D-03
                     MinTime = 0.22D+04

                      AvgTime = 0.22D+04
                     MaxTime = 0.22D+04
 GONX2                  :: WALL Sec = 0.22D+04, NProc = 16
>-Exiting GONX2 02/22/06 @ 14:33:06-<
Percentage of Constraint Force That is Projected Out=   0.0170
Percentage of Constraint Force That is Projected Out=   0.0170
     Geometry optimization of Clone # 1 converged in  13 steps.
       Clone =      1 GeOp step =     13 Total Energy =       -3965.05943363
     Max Unconstrained Cart Grad =     0.000479      on atom     4
     Max Unconstrained Latt Grad =     0.000073      on vect     B
Lattice Parameter        Old Value      Gradient    Displacement   New Value
          STRE_A          4.726164     -0.000024      0.000000      4.726164
          STRE_B         10.181053      0.000040      0.000000     10.181053
          STRE_C          6.112551      0.000007      0.000000      6.112551
          ALPHA          90.000000     -0.002500      0.000000     90.000000
          BETA           90.000000      0.000738      0.000000     90.000000
          GAMMA          90.000000     -0.000001      0.000000     90.000000
          VOLM_L        294.119630      0.000000      0.000000    294.119630
Energies of final structures:
 Clone #         Energy         
     1    -3965.0594336276
>-Successful MondoSCF run 02/22/06 @ 14:33:13-<
