

 __    __                 _       ____________ ______ 
|  \  /  |               | |     /       /    |      |
|   \/   | ___  _ __   __| | ___/   ____/   __|  |==='
|        |/ _ \| '_ \ / _  |/ _ \____  \   (__|  ____|
|  |\/|  | (_) | | | | (_| | (_) )     /\     |  |    
|__|  |__|\___/|_| |_|\____|\___/_____/  \____|__|    

 Version 1.0 alpha 4                                  
 A program suite for O(N) SCF theory and ab initio MD 
 Matt Challacombe, Eric Schwegler, C.J. Tymczak,      
 Chee Kwan Gan, Karoly Nemeth and Anders Niklasson    
 Los Alamos National Laboratory (LA-CC 01-2)          
 Copywrite 2001, University of California.            

 Compiled for AMDLinux.PG, executing on magnesium
 a i686 machine running Linux 2.4.18-5smp

Water Cluster Scaling                                                                                                           
  
<<Starting MondoSCF 08/18/02 @ 11:49:05>>
 ** Auto-Wraps at default value => (Off) **
 ** Atom-Wrap at default value => (AtomWrap-Off) **
 ** Lattice Vector Format at default value => (Vector Format) **
 ** Coodinate Format at default value => (Atomic Coord) **
========================================================================
 Internal representation of the geometry:
 Geometry originally in Angstroms has been converted to AU.
 Geometry has been reordered using the Hilbert curve.
 Number of electrons = 1500
------------------------------------------------------------------------
  *** Periodic is Off *** 
------------------------------------------------------------------------
 1   h    -.10278220D+02   -.23846452D+01   -.15692096D+02
 2   o    -.11246137D+02   0.72074149D+00   -.11724238D+02
 3   h    -.11451928D+02   -.17253198D+00   -.10164836D+02
 4   h    -.86386934D+01   -.48267381D+01   -.94371026D+01
 5   o    -.92341460D+01   -.38486159D+01   -.15495753D+02
 6   h    -.92101465D+01   -.46116873D+01   -.17135657D+02
 7   o    -.36830760D+01   -.50722135D+01   -.17771550D+02
 8   h    -.60835949D+01   -.21429493D+01   -.14937906D+02
 9   o    -.48953352D+01   -.78366937D+00   -.14827357D+02
 10   h    -.57640422D+01   0.63664869D+00   -.15534492D+02
 11   h    -.34474271D+01   -.35167801D+01   -.16878844D+02
 12   h    -.20456284D+01   -.54709457D+01   -.18428230D+02
 13   h    -.35581651D+01   -.69598608D+01   -.14513285D+02
 14   o    -.51872978D+00   -.19974404D+01   -.96848457D+01
 15   h    -.14524434D+01   -.12474081D+01   -.11040346D+02
 16   h    -.82477091D+01   -.20690610D+01   -.10089814D+02
 17   o    -.73463098D+01   -.35944478D+01   -.97256638D+01
 18   h    -.58694889D+01   -.60682881D+01   -.13082384D+02
 19   o    -.45776722D+01   -.73342155D+01   -.13066510D+02
 20   o    -.60458004D+01   -.10990835D+02   -.98320553D+01
 21   h    -.52759260D+01   -.98345120D+01   -.10990646D+02
 22   h    -.46285059D+01   -.14100568D+02   -.75409516D+01
 23   o    -.32580766D+01   -.15220987D+02   -.71686755D+01
 24   h    -.22612461D+01   -.15235349D+02   -.86778107D+01
 25   h    0.53554835D+00   -.16317784D+02   -.20082118D+01
 26   o    -.67189208D+01   -.10925262D+02   -.28521634D+01
 27   h    -.81604037D+01   -.10605520D+02   -.38971819D+01
 28   h    -.53188228D+01   -.10287479D+02   -.38032625D+01
 29   h    -.16291328D+01   -.10924695D+02   -.46207580D+01
 30   o    -.17088792D+01   -.93533878D+01   -.55130866D+01
 31   h    -.14702068D+01   -.98046543D+01   -.72484220D+01
 32   h    -.75842263D+01   -.10178820D+02   -.93358133D+01
 33   h    -.46946463D+01   -.46902999D+01   -.76422409D+01
 34   h    -.16688170D+01   -.31787081D+01   -.89406716D+01
 35   o    -.35611886D+01   -.48023607D+01   -.62370406D+01
 36   h    0.95450060D+00   -.41721370D+01   -.56778707D+01
 37   h    -.33166581D+01   -.65777582D+01   -.59919432D+01
 38   o    -.58127971D+00   -.40457144D+01   -.14626479D+00
 39   h    0.59167321D+00   -.41745937D+01   -.15172610D+01
 40   o    -.52655325D+01   -.20152038D+01   -.12353139D+01
 41   h    -.37679246D+01   -.29508071D+01   -.16272430D+01
 42   h    -.53857191D+01   0.64723115D+00   -.35156462D+01
 43   h    -.47112759D+01   -.73207985D+00   -.87116368D-01
 44   h    -.80366267D+01   -.31267406D+01   -.38465372D+01
 45   h    -.96738853D+01   -.69243340D+01   -.65140745D+01
 46   h    -.12046625D+02   -.82800234D+01   -.73608607D+01
 47   o    -.10308266D+02   -.80330362D+01   -.77949307D+01
 48   h    -.12336320D+02   -.25246739D+01   -.67004014D+01
 49   h    -.10114002D+02   -.17124697D+01   -.24795095D+01
 50   o    -.98358348D+01   -.29676257D+01   -.37520510D+01
 51   o    -.10518593D+02   0.10597583D+01   -.25605787D+00
 52   h    -.15925477D+02   -.99966505D+00   -.82051902D+00
 53   o    -.17676875D+02   -.55444561D+00   -.90291108D+00
 54   h    -.17705032D+02   0.10087357D+01   -.18126252D+01
 55   h    -.14901812D+02   -.17022652D+01   -.76630279D+01
 56   o    -.13308584D+02   -.23561104D+01   -.82163396D+01
 57   h    -.13683884D+02   -.99688715D+01   -.25263747D+01
 58   o    -.12538332D+02   -.10012524D+02   -.11270326D+01
 59   h    -.13113942D+02   -.11395237D+02   -.11281664D+00
 60   h    -.68205880D+01   -.10360234D+02   0.33300751D+01
 61   o    -.63931320D+01   -.90054892D+01   0.22104125D+01
 62   h    -.71306920D+01   -.94754641D+01   0.62720006D+00
 63   h    -.16287548D+01   -.12951048D+02   0.64893190D+00
 64   h    -.27875348D+01   -.89418054D+01   0.24216839D+01
 65   o    -.12177394D+01   -.90697399D+01   0.15321898D+01
 66   h    0.66197101D+00   -.10707754D+02   0.39561414D+01
 67   h    -.25052097D+01   -.14787106D+02   0.26601673D+01
 68   o    -.21482405D+01   -.14666730D+02   0.89100580D+00
 69   h    -.22172155D+01   -.16293217D+02   0.77197196D+01
 70   h    -.80653505D+00   -.14144788D+02   0.64632408D+01
 71   o    -.22463173D+01   -.15221176D+02   0.62629299D+01
 72   o    -.71836044D+01   -.12941410D+02   0.53500032D+01
 73   h    -.77276565D+01   -.12069680D+02   0.68387294D+01
 74   h    -.56808943D+01   -.13811062D+02   0.58573947D+01
 75   h    -.69963325D+01   -.11825149D+02   0.10938301D+02
 76   h    -.67937539D+01   -.93607577D+01   0.12376949D+02
 77   o    -.67878958D+01   -.10043894D+02   0.10702085D+02
 78   h    -.10318471D+02   -.21081783D+01   0.13291577D+02
 79   o    -.10959655D+02   -.34510176D+01   0.12263377D+02
 80   h    -.10098507D+02   -.49270826D+01   0.12856373D+02
 81   h    -.54497808D+01   -.29045088D+01   0.14909182D+02
 82   h    0.80388944D+00   -.15061116D+01   0.11672837D+02
 83   o    -.21157372D+01   -.14188063D+01   0.10004209D+02
 84   o    -.59369521D+01   -.20110464D+01   0.13413842D+02
 85   h    -.48108644D+01   -.26187823D+01   0.12135253D+02
 86   h    -.65371291D+01   0.10433177D+01   0.76091707D+01
 87   h    -.45640662D+01   -.81477426D+01   0.92719406D+01
 88   h    -.40812412D+01   -.61446330D+01   0.72869724D+01
 89   o    -.33501062D+01   -.69109169D+01   0.87533998D+01
 90   h    0.48301396D+00   -.80910508D+01   0.92719406D+01
 91   h    -.17846572D+01   -.27157252D+01   0.87874148D+01
 92   h    -.34345770D+01   -.42726705D+00   0.92628699D+01
 93   h    0.31822986D+00   -.31418584D+01   0.11366702D+01
 94   h    -.88287998D+00   -.73871279D+01   0.95903594D+00
 95   o    -.43728259D+01   -.41403896D+01   0.43236931D+01
 96   h    -.49130986D+01   -.49217913D+01   0.27845112D+01
 97   h    -.47471807D+01   -.23852121D+01   0.40971149D+01
 98   h    -.99902254D+01   0.12069680D+01   0.57821836D+01
 99   h    -.98777867D+01   -.23640472D+01   0.89818676D+01
 100   h    -.98879912D+01   -.32830210D+01   0.62725675D+01
 101   o    -.95756195D+01   -.18165936D+01   0.72845157D+01
 102   h    -.11447960D+02   -.65286253D+01   0.33160912D+01
 103   o    -.10137624D+02   -.65242790D+01   0.45629324D+01
 104   h    -.87348804D+01   -.73257118D+01   0.37492164D+01
 105   h    -.16057758D+02   -.66072379D+01   0.93390258D+00
 106   o    -.16248998D+02   -.62224897D+01   0.26909698D+01
 107   h    -.17949562D+02   -.67028581D+01   0.30779857D+01
 108   o    -.16750342D+02   -.20250304D+01   0.52292498D+01
 109   h    -.15059037D+02   -.13853581D+01   0.52706348D+01
 110   h    -.16690438D+02   -.33896015D+01   0.40432577D+01
 111   h    -.17012636D+02   0.10429209D+02   0.39714481D+01
 112   o    -.15236861D+02   0.10124396D+02   0.38102545D+01
 113   o    -.89557894D+01   0.76297687D+01   0.33387679D+01
 114   h    -.95348014D+01   0.60195332D+01   0.39251499D+01
 115   h    -.10733077D+02   0.16633368D+01   0.14354359D+01
 116   h    -.11981241D+02   0.32393683D+01   0.60805713D+01
 117   o    -.10519727D+02   0.28003849D+01   0.51094411D+01
 118   h    -.15083037D+02   0.64622960D+01   0.70360168D+01
 119   h    -.16254100D+02   0.39328977D+01   0.76802244D+01
 120   o    -.14716808D+02   0.48751151D+01   0.78228987D+01
 121   h    -.14635361D+02   0.11482164D+02   0.27777082D+01
 122   h    -.96421379D+01   0.11487644D+02   0.38624109D+01
 123   o    -.95865799D+01   0.13136997D+02   0.46031835D+01
 124   h    -.79085033D+01   0.13726025D+02   0.42726705D+01
 125   o    -.52940674D+01   0.15614806D+02   0.35978493D+01
 126   h    -.39345985D+01   0.16483702D+02   0.44155337D+01
 127   h    -.54522374D+01   0.16430034D+02   0.19908263D+01
 128   h    0.59488574D+00   0.18210156D+02   0.23865350D+01
 129   h    0.50172225D+00   0.13400992D+02   0.11657720D+01
 130   o    0.65762464D+00   0.11618980D+02   0.89837573D+00
 131   o    0.56672882D+00   0.12194969D+02   0.65904194D+01
 132   h    -.11408276D+01   0.12691967D+02   0.62600953D+01
 133   o    -.46774498D+01   0.12156607D+02   0.88900269D+01
 134   h    -.37403346D+01   0.11716490D+02   0.10373273D+02
 135   h    -.53989471D+00   0.85816237D+01   0.13219956D+02
 136   o    -.19774093D+01   0.95792100D+01   0.13678215D+02
 137   o    -.80782007D+01   0.63035590D+01   0.12896057D+02
 138   h    -.80150838D+01   0.74181194D+01   0.14319399D+02
 139   h    -.21854681D+01   0.92874363D+01   0.15451156D+02
 140   h    -.24131801D+00   0.52472022D+01   0.18854930D+02
 141   o    0.30424588D+00   0.41696804D+01   0.17508500D+02
 142   h    -.19057887D+01   0.32885012D+01   0.15326623D+02
 143   h    -.65267356D+01   0.53770263D+01   0.12976559D+02
 144   h    -.34939144D+01   0.13006984D+01   0.14018554D+02
 145   o    -.33782631D+01   0.30844108D+01   0.14296155D+02
 146   o    -.15798109D+00   0.69371841D+01   0.58664654D+01
 147   h    0.22827890D+00   0.87040779D+01   0.58449225D+01
 148   h    -.16599353D+01   0.68134071D+01   0.68666973D+01
 149   o    -.57532708D+01   0.71070705D+01   0.75413295D+01
 150   h    -.50523714D+01   0.10571505D+02   0.81033340D+01
 151   h    -.66883072D+01   0.75222433D+01   0.90328902D+01
 152   h    -.69411525D+01   0.73047358D+01   0.61916872D+01
 153   o    -.50499148D+01   0.14804113D+01   0.66769688D+01
 154   h    -.46812292D+01   0.31781412D+01   0.71811477D+01
 155   h    -.48654775D+01   0.23309770D+01   0.32964380D+01
 156   o    -.42745602D+01   0.21557994D+01   0.15958736D+01
 157   h    -.81649391D+01   0.72765789D+01   0.17508311D+01
 158   o    -.29744287D+00   0.54800164D+01   0.90480080D+00
 159   h    -.33977273D+00   0.56298717D+01   0.27068435D+01
 160   h    -.28361008D+01   0.32482500D+01   0.15008204D+01
 161   o    -.59991241D+01   0.20286208D+01   -.45092642D+01
 162   h    -.64239345D+01   0.48864535D+01   -.28512186D+01
 163   h    -.59316609D+01   0.14265541D+01   -.62136080D+01
 164   h    -.38979378D+01   0.30651356D+01   -.89043889D+01
 165   h    -.77397507D+01   0.48101085D+01   -.93418604D+01
 166   h    0.29423034D+00   0.47483145D+01   -.51727469D+01
 167   h    -.26987177D+01   0.76806023D+01   -.91502422D+01
 168   h    -.51899435D+01   0.83459748D+01   -.79111489D+01
 169   o    -.42401672D+01   0.69466327D+01   -.85525219D+01
 170   o    -.64468002D+01   0.62789925D+01   -.16969739D+01
 171   h    -.47895105D+01   0.62948662D+01   -.97245299D+00
 172   h    -.25930820D+01   0.94066780D+01   -.37979713D+01
 173   h    -.69919862D-02   0.11349694D+02   -.76231546D+00
 174   o    -.19878028D+01   0.11107809D+02   -.36895010D+01
 175   h    -.31511181D+01   0.12067790D+02   -.46882212D+01
 176   h    0.53082403D+00   0.11427929D+02   -.90396932D+01
 177   o    -.34965600D+01   0.15301300D+02   -.69466327D+01
 178   h    -.30042864D+01   0.17039848D+02   -.70326153D+01
 179   h    0.53554835D+00   0.19160499D+02   -.20082118D+01
 180   o    -.83312350D+01   0.15843463D+02   -.18328452D+01
 181   h    -.79984542D+01   0.16846529D+02   -.33007844D+01
 182   h    -.39338426D+01   0.14869120D+02   -.86477641D+01
 183   h    -.78419849D+01   0.11682853D+02   -.80657285D+01
 184   o    -.75400067D+01   0.11221382D+02   -.63430543D+01
 185   h    -.72314144D+01   0.14417098D+02   -.19989522D+01
 186   h    -.12414933D+02   0.12480884D+02   -.30169475D+01
 187   o    -.13029661D+02   0.14056349D+02   -.23748186D+01
 188   h    -.11540557D+02   0.15044298D+02   -.20953282D+01
 189   h    -.91474076D+01   0.10655598D+02   -.57364522D+01
 190   h    -.13011330D+02   0.79839033D+01   -.41470037D+01
 191   o    -.11710254D+02   0.92347130D+01   -.40241715D+01
 192   h    -.10348517D+02   0.83915172D+01   -.31836214D+01
 193   h    -.89748756D+01   0.18179164D+01   -.81598368D+00
 194   h    -.11616146D+02   0.25190047D+01   -.36124002D+01
 195   o    -.12646046D+02   0.34358998D+01   -.47832744D+01
 196   h    -.11485566D+02   0.40366437D+01   -.60340841D+01
 197   o    -.95317779D+01   0.48915557D+01   -.91086682D+01
 198   h    -.10152742D+02   0.33516180D+01   -.98263862D+01
 199   h    -.12897758D+02   0.13509651D+01   -.12107285D+02
 200   h    -.13739820D+02   0.91942728D+01   -.97829225D+01
 201   o    -.12114466D+02   0.90805113D+01   -.10568293D+02
 202   h    -.11418858D+02   0.75301801D+01   -.99484625D+01
 203   o    -.86502207D+01   0.12899837D+02   -.11025984D+02
 204   h    -.10034256D+02   0.11793402D+02   -.11389379D+02
 205   h    -.94304886D+01   0.14459616D+02   -.10545994D+02
 206   h    -.51701013D+01   0.13655160D+02   -.12042846D+02
 207   h    -.30328212D+01   0.15438494D+02   -.12703305D+02
 208   o    -.33754286D+01   0.13718844D+02   -.12259219D+02
 209   h    -.13031550D+01   0.10848161D+02   -.11157320D+02
 210   o    -.18330342D+01   0.89219633D+01   -.16603888D+02
 211   h    -.12188733D+01   0.10459822D+02   -.15876344D+02
 212   h    -.36235496D+01   0.89860250D+01   -.16355200D+02
 213   o    0.28723835D-01   0.10114569D+02   -.10177497D+02
 214   h    -.48233366D+01   0.19740078D+01   -.11381820D+02
 215   o    -.51020712D+01   0.19057887D+01   -.95958396D+01
 216   o    -.69005234D+01   0.37807748D+01   -.17423274D+02
 217   h    -.74092377D+01   0.55113858D+01   -.17289103D+02
 218   h    -.60675322D+01   0.36758950D+01   -.19025572D+02
 219   o    0.30424588D+00   0.41696804D+01   -.17969782D+02
 220   h    -.24131801D+00   0.52472022D+01   -.16623353D+02
 221   h    0.17113359D+01   0.32633678D+01   -.17283623D+02
 222   h    0.49121537D+01   0.20195502D+01   -.14387051D+02
 223   o    0.41180909D+01   0.15389928D+01   -.15939650D+02
 224   h    0.93993081D+01   0.44200691D+01   -.10634811D+02
 225   o    0.36517065D+01   0.18330342D+01   -.10756887D+02
 226   h    0.32079988D+01   0.51810617D+01   -.12290400D+02
 227   o    0.35475826D+01   0.68769018D+01   -.12820090D+02
 228   h    0.27879128D+01   0.79109599D+01   -.11545092D+02
 229   h    0.70205210D+01   0.69562703D+01   -.12658707D+02
 230   h    0.94395593D+01   0.82711417D+01   -.13435574D+02
 231   o    0.87940289D+01   0.66758350D+01   -.12878861D+02
 232   h    0.41211144D+01   0.10006477D+02   -.14819420D+02
 233   o    0.47167561D+01   0.11593847D+02   -.15450211D+02
 234   h    0.60036595D+01   0.12092357D+02   -.14280848D+02
 235   o    0.95296992D+01   0.12068924D+02   -.13592610D+02
 236   h    0.10501774D+02   0.12775304D+02   -.12240511D+02
 237   h    0.10571883D+02   0.12276038D+02   -.15056581D+02
 238   h    0.14391208D+02   0.32180144D+01   -.95022982D+01
 239   h    0.14741186D+02   0.40126442D+01   -.12228228D+02
 240   o    0.15588350D+02   0.39703143D+01   -.10630654D+02
 241   h    0.17551397D+02   0.12585575D+01   -.62786146D+01
 242   h    0.19624804D+02   0.38811192D+01   -.43754716D+01
 243   h    0.17732811D+02   0.52029826D+01   -.26849227D+01
 244   o    0.17848273D+02   0.40840758D+01   -.41014613D+01
 245   h    0.11952517D+02   0.31157802D+01   -.27920701D+01
 246   o    0.12484664D+02   0.21644921D+01   -.13485085D+01
 247   h    0.13115076D+02   0.90672832D+01   -.41704363D+01
 248   o    0.14660872D+02   0.99592339D+01   -.44650446D+01
 249   o    0.17827297D+02   0.82526224D+01   -.89289553D+00
 250   h    0.19231741D+02   0.87883597D+01   0.11319459D+00
 251   h    0.15775810D+02   0.93764424D+01   -.31654800D+01
 252   h    0.11843669D+02   0.16483324D+02   -.23215284D+01
 253   h    0.10502908D+02   0.12442901D+02   -.14412940D+01
 254   o    0.94403151D+01   0.12429484D+02   -.51738808D+01
 255   h    0.84380045D+01   0.11501817D+02   -.63600618D+01
 256   h    0.10704164D+02   0.13239231D+02   -.61833724D+01
 257   h    0.98195832D+01   0.17815959D+02   -.38420019D+01
 258   o    0.10386501D+02   0.17540626D+02   -.21465398D+01
 259   h    0.73880727D+01   0.15871809D+02   -.16338571D+01
 260   h    0.28848557D+01   0.17529098D+02   -.19441501D+01
 261   o    0.19326228D+01   0.18623817D+02   -.30243175D+01
 262   h    0.36594544D+01   0.17931799D+02   -.64864845D+01
 263   o    0.43369211D+01   0.16674375D+02   -.75963205D+01
 264   h    0.37802079D+01   0.15102690D+02   -.68946653D+01
 265   o    0.31658579D+01   0.12358052D+02   -.52594854D+01
 266   h    0.14756870D+01   0.12294935D+02   -.46181124D+01
 267   h    0.41857431D+01   0.12733352D+02   -.38136560D+01
 268   o    0.57731129D+01   0.15114406D+02   -.13330127D+01
 269   h    0.91266206D+01   0.71391958D+01   -.14082238D+01
 270   o    0.10360990D+02   0.66966220D+01   -.50232696D+01
 271   h    0.92645706D+01   0.80696969D+01   -.54522374D+01
 272   h    0.41029731D+01   0.68905079D+01   -.63332277D+01
 273   o    0.54032935D+01   0.80948302D+01   -.66937874D+01
 274   h    0.46594974D+01   0.96963730D+01   -.63020472D+01
 275   o    0.16436837D+01   0.43709362D+01   -.63165981D+01
 276   h    0.29931370D+01   0.26955052D+01   -.93097351D+01
 277   h    0.24364237D+01   0.29045088D+01   -.56145649D+01
 278   h    0.10182788D+02   0.55289603D+01   -.63931320D+01
 279   h    0.78281899D+01   0.25413035D+01   -.91562893D+01
 280   o    0.93957176D+01   0.34425138D+01   -.91128256D+01
 281   h    0.52203680D+01   0.24379355D+01   -.82883382D+00
 282   o    0.47054177D+01   0.29551535D+01   0.82618820D+00
 283   h    0.14503647D+01   0.52307615D+01   0.51135985D+00
 284   h    0.40186913D+01   0.10539758D+02   0.14462073D+01
 285   o    0.53717351D+01   0.10412201D+02   0.26399472D+01
 286   h    0.67119288D+01   0.96153038D+01   0.17228632D+01
 287   o    0.85547896D+01   0.71265346D+01   0.30783636D+00
 288   h    0.99522419D+01   0.64647526D+01   0.12466522D+01
 289   o    0.81016333D+01   0.40241715D+01   0.48584855D+01
 290   h    0.60713117D+01   0.39773063D+01   0.14273100D+01
 291   h    0.91018652D+01   0.25369571D+01   0.46143329D+01
 292   h    0.92976408D+01   0.53074844D+01   0.52997365D+01
 293   h    0.10459444D+02   0.88063121D+01   0.68194542D+01
 294   h    0.74396622D+01   0.78708977D+01   0.95671158D+01
 295   h    0.55852741D+01   0.10261401D+02   0.64770358D+01
 296   o    0.50484030D+01   0.10639346D+02   0.81624824D+01
 297   h    0.27446380D+01   0.46109314D+01   0.75307470D+01
 298   h    0.50504817D+01   0.32427698D+01   0.65331607D+01
 299   o    0.36182584D+01   0.30294197D+01   0.76171075D+01
 300   h    0.23632913D+01   0.55841403D+01   0.12858829D+02
 301   h    0.57572392D+01   0.16860135D+01   0.10620638D+02
 302   h    0.17113359D+01   0.32633678D+01   0.18194849D+02
 303   h    0.19415045D+01   0.62786146D+01   0.15601956D+02
 304   h    0.93622695D+01   0.96633028D+01   0.10696038D+02
 305   o    0.91606357D+01   0.79619825D+01   0.10116081D+02
 306   o    0.24806433D+01   0.69672307D+01   0.14018554D+02
 307   o    0.57268146D+01   0.16075521D+02   0.10019705D+02
 308   h    0.54996695D+01   0.17447840D+02   0.88635708D+01
 309   h    0.51411885D+01   0.14620999D+02   0.91179279D+01
 310   h    0.33697594D+01   0.11284877D+02   0.79697304D+01
 311   h    0.14813562D+01   0.12707273D+02   0.51164331D+01
 312   h    0.58496468D+01   0.14550134D+02   0.38380335D+00
 313   h    0.31656690D+01   0.17206522D+02   0.31399687D+01
 314   o    0.15227412D+01   0.16672674D+02   0.26040424D+01
 315   h    0.82913617D+01   0.15806613D+02   0.38633558D+01
 316   o    0.66057262D+01   0.15181681D+02   0.36630449D+01
 317   h    0.67576601D+01   0.13391543D+02   0.38741272D+01
 318   o    0.10825673D+02   0.12606551D+02   0.33089102D+00
 319   h    0.10445649D+02   0.10975340D+02   0.10138380D+01
 320   o    0.15514461D+02   0.11118392D+02   0.47868649D+01
 321   h    0.14786539D+02   0.12748092D+02   0.44933905D+01
 322   h    0.15743496D+02   0.11040157D+02   0.65794590D+01
 323   h    0.11057354D+02   0.22030426D+01   0.10946238D+02
 324   o    0.12247314D+02   0.35281184D+01   0.10630654D+02
 325   h    0.11227807D+02   0.49650661D+01   0.10221150D+02
 326   o    0.16275832D+02   0.27805428D+01   0.67372511D+01
 327   o    0.11152785D+02   0.82165286D+01   0.52562728D+01
 328   h    0.12757351D+02   0.90425278D+01   0.51315509D+01
 329   h    0.15095509D+02   0.27729839D+01   0.81078694D+01
 330   o    0.14636873D+02   0.51298502D+01   0.21705393D+01
 331   h    0.13979626D+02   0.38493718D+01   0.10748761D+01
 332   h    0.15017274D+02   0.42586865D+01   0.37093431D+01
 333   h    0.16523008D+02   0.78882832D+01   0.30632458D+00
 334   h    0.18788034D+02   -.33896015D+01   0.40432577D+01
 335   h    0.16111426D+02   0.11423394D+01   0.59881637D+01
 336   o    0.18727940D+02   -.20250304D+01   0.52292498D+01
 337   h    0.20419434D+02   -.13853581D+01   0.52706348D+01
 338   h    0.13569744D+02   -.49561844D+01   0.40553520D+01
 339   o    0.13586752D+02   -.63413535D+01   0.52184783D+01
 340   h    0.11847826D+02   -.68077379D+01   0.53936559D+01
 341   h    0.10878775D+02   -.11338356D+01   0.70628509D+01
 342   h    0.11771859D+02   -.12196292D+01   0.43461808D+01
 343   o    0.13997767D+02   -.26796315D+01   0.16334791D+01
 344   h    0.15496131D+02   -.21336896D+01   0.77951197D+00
 345   h    0.13016055D+02   -.34937254D+01   0.35073314D+00
 346   o    0.22164596D+01   -.13961296D+01   0.36740053D+01
 347   h    0.52687450D+01   -.33389568D+01   0.33637123D+00
 348   h    0.28963830D+01   -.26437267D+00   0.24375576D+01
 349   h    0.19503862D+01   -.36433917D+00   0.51357083D+01
 350   h    0.53339406D+01   -.31832434D+01   0.88696179D+01
 351   h    0.44841308D+01   -.36449035D+01   0.61771363D+01
 352   h    0.31129456D+01   -.69848052D+01   0.90601023D+01
 353   o    0.54768039D+01   -.43645111D+01   0.75071255D+01
 354   h    0.76152178D+01   -.71363612D+01   0.64265801D+01
 355   o    0.88040444D+01   -.80216978D+01   0.53898765D+01
 356   o    0.10388769D+02   -.68294697D+00   0.53809948D+01
 357   h    0.10075263D+02   -.15546776D+01   0.11096093D+02
 358   h    0.70711657D+01   0.10312235D+01   0.13076148D+02
 359   o    0.73139955D+01   0.10467192D+01   0.11283743D+02
 360   o    0.24413370D+01   -.18952062D+01   0.12335375D+02
 361   h    0.21242410D+01   -.30912138D+01   0.13654782D+02
 362   o    0.81203415D+01   -.11168281D+01   0.17086524D+02
 363   h    0.88461853D+01   0.51891876D+00   0.16823097D+02
 364   h    0.95115578D+01   -.21533428D+01   0.17598451D+02
 365   o    0.14448845D+01   -.54991026D+01   0.15964216D+02
 366   h    0.22557659D+01   -.51101970D+01   0.17533634D+02
 367   h    0.20690610D+01   -.71391958D+01   0.15525611D+02
 368   h    0.11357820D+02   -.39644562D+01   0.10240047D+02
 369   o    0.11689845D+02   -.22325223D+01   0.10642937D+02
 370   h    0.99297542D+01   -.10276897D+02   0.10770871D+02
 371   o    0.10130443D+02   -.86532443D+01   0.11542635D+02
 372   h    0.95627694D+01   -.88866254D+01   0.13244145D+02
 373   o    0.36165576D+01   -.10196961D+02   0.14210173D+02
 374   h    0.28472501D+01   -.99295652D+01   0.12595213D+02
 375   h    0.53008704D+01   -.10733644D+02   0.13826747D+02
 376   h    0.10386312D+02   -.13424991D+02   0.73054917D+01
 377   h    0.61705223D+01   -.15201334D+02   0.50644656D+01
 378   h    0.75456759D+01   -.13464487D+02   0.76420519D+01
 379   o    0.90079458D+01   -.12443468D+02   0.79445970D+01
 380   h    0.90209850D+01   -.96187053D+01   0.62111514D+01
 381   o    0.22329002D+01   -.85485535D+01   0.92898930D+01
 382   o    0.13747757D+01   -.11631263D+02   0.53384759D+01
 383   h    0.18610022D+01   -.10360423D+02   0.65303261D+01
 384   o    0.52730914D+01   -.15371409D+02   0.66257573D+01
 385   h    0.41256498D+01   -.13973201D+02   0.66437097D+01
 386   h    0.76246664D+01   -.12328950D+02   0.19001195D+01
 387   o    0.67085273D+01   -.10769359D+02   0.18819781D+01
 388   h    0.75352824D+01   -.97434272D+01   0.31212604D+01
 389   o    0.90723855D+01   -.15444919D+02   0.23717951D+01
 390   h    0.10520671D+02   -.15656191D+02   0.34347660D+01
 391   h    0.92188393D+01   -.16760547D+02   0.11389379D+01
 392   h    0.14777846D+02   -.12873569D+02   0.27489844D+01
 393   o    0.14976267D+02   -.11711955D+02   0.13768544D+01
 394   h    0.11178485D+02   -.10608166D+02   -.58711897D+01
 395   o    0.11130675D+02   -.10841547D+02   -.40782177D+01
 396   h    0.14659549D+02   -.12701037D+02   -.10412390D+00
 397   h    0.16682501D+02   -.92989636D+01   -.77781122D+00
 398   h    0.16013916D+02   -.66635518D+01   -.16676832D+01
 399   o    0.17287780D+02   -.79400617D+01   -.18067670D+01
 400   h    0.15986704D+02   -.10512546D+01   -.69118618D+01
 401   o    0.17691426D+02   -.44880992D+00   -.68593274D+01
 402   h    0.19552806D+02   -.99966505D+00   -.82051902D+00
 403   o    0.17801597D+02   -.55444561D+00   -.90291108D+00
 404   h    0.17773251D+02   0.10087357D+01   -.18126252D+01
 405   h    0.13206350D+02   0.65686875D+00   -.20397702D+01
 406   h    0.11277507D+02   -.14135150D+01   -.79512111D+01
 407   o    0.12293990D+02   -.27828105D+01   -.73480105D+01
 408   h    0.12772847D+02   -.36842098D+01   -.88414610D+01
 409   h    0.12003162D+02   -.72803583D+01   -.29039419D+01
 410   o    0.12312132D+02   -.55248029D+01   -.25961056D+01
 411   h    0.12258275D+02   -.47607867D+01   -.42348759D+01
 412   h    0.69352944D+01   -.69819706D+01   -.26206720D+01
 413   h    0.77558134D+01   -.20507306D+01   -.24642027D+00
 414   o    0.62415760D+01   -.26577106D+01   -.10280109D+01
 415   o    0.49217913D+01   0.94032765D+00   -.45680346D+01
 416   h    0.50455684D+01   -.55368971D+00   -.35557084D+01
 417   o    0.21866019D+01   -.46738593D+01   -.44520055D+01
 418   h    0.23927710D+01   -.64511466D+01   -.47175120D+01
 419   h    0.52604302D+01   -.34349549D+01   -.69318929D+01
 420   h    0.59579281D+01   0.59790930D+00   -.60104625D+01
 421   o    0.63829275D+01   -.31864560D+01   -.83284004D+01
 422   h    0.63685656D+01   -.47666448D+01   -.92086347D+01
 423   o    0.10269149D+02   -.10100585D+02   -.91273765D+01
 424   h    0.86426618D+01   -.93280654D+01   -.92999085D+01
 425   h    0.22493408D+01   -.12400760D+02   -.84298787D+01
 426   o    0.43442911D+01   -.12622236D+02   -.56053052D+01
 427   h    0.49325628D+01   -.11292625D+02   -.45292952D+01
 428   h    0.66061041D+01   -.94544881D+01   -.12200071D+01
 429   o    0.66875513D+01   -.87539667D+01   -.28856116D+01
 430   h    0.94354019D+01   -.10418248D+02   -.36106994D+01
 431   h    0.36176914D+01   -.13832983D+02   -.44746822D+01
 432   h    0.28848557D+01   -.17949184D+02   -.19441501D+01
 433   o    0.19326228D+01   -.16854655D+02   -.30243175D+01
 434   h    0.85891826D+01   -.93741747D+01   -.15538083D+02
 435   h    0.16782657D+01   -.12328761D+02   -.11232342D+02
 436   o    0.13700513D+01   -.11441535D+02   -.96863575D+01
 437   h    0.43129216D+01   -.93348684D+01   -.10438468D+02
 438   h    0.30258293D+01   0.14305226D+00   -.10601552D+02
 439   h    0.15433392D+01   -.35203705D+01   -.12766611D+02
 440   o    0.56859965D+01   -.81643722D+01   -.10311101D+02
 441   h    0.58010808D+01   -.74196311D+01   -.11955540D+02
 442   o    0.23689605D+01   -.38607102D+01   -.14339619D+02
 443   h    0.34419469D+01   -.24292428D+01   -.14607771D+02
 444   h    0.53420664D+01   0.49907663D+00   -.16771885D+02
 445   h    0.94236856D+01   -.66393633D+01   -.15630302D+02
 446   o    0.80169735D+01   -.76919407D+01   -.15199822D+02
 447   o    0.13680671D+02   -.58137420D+01   -.11198516D+02
 448   h    0.15457392D+02   -.54913548D+01   -.11094581D+02
 449   h    0.13225436D+02   -.53082403D+01   -.12874703D+02
 450   h    0.11435866D+02   -.88248314D+01   -.96595234D+01
========================================================================
 ParseGeometry        :: Allocs=14,  DeAllocs=14, 0 bytes are presently allocated.
                         A max of 59448 bytes were allocated.
 Base(1)%BName   = 6-31Gss
 Opening BasFile = /scratch/mchalla/MONDO/BasisSets/6-31Gss.bas
 ParseBaseSets        :: Allocs=65,  DeAllocs=64, 3600 bytes are presently allocated.
                         A max of 100432 bytes were allocated.
 Current HDF file :: /n/scratch/mchalla/Scratch/h2o_150_14885.hdf
 Restart HDF file :: /n/scratch/mchalla/Scratch/h2o_150_30327.hdf
 Restart using 6-31Gss/HFx density from previous geometry #1

 PROGRAM OF CALCULATIONS:

  A restricted Roothaan-Hall solution of the SCF using
  a tight accuracy level, 6-31Gss and the HFx model.
 

 Accuracy level 3 for the 6-31Gss basis set:
  TrixNeglect = 0.10D-05, CubeNeglect = 0.10D-06,
  TwoENeglect = 0.10D-09, DistNeglect = 0.10D-11
 MaxAtms = 451, MaxBlks = 202501, MaxNon0 = 14062501, BndWdth = 450
<<Entering MakeS 08/18/02 @ 11:49:09>>
 MakeS                :: S CheckSum  = 0.8773424067006577D+02
 MakeS                :: CPU Sec = 0.68D+01, WALL Sec = 0.97D+01
 MakeS                :: Allocs=37,  DeAllocs=36, 24 bytes are presently allocated.
                         A max of 228459504 bytes were allocated.
>-Exiting MakeS 08/18/02 @ 11:49:18-<
<<Entering BlokAInv 08/18/02 @ 11:49:19>>
 BlokAInv             :: CPU (Sec,MFLOPS) = (0.40D+02, 371),
                         WALL(Sec,MFLOPS) = (0.40D+02, 371)
 BlokAInv             :: Max(Z^t.A.Z-I)=0.16D-05, TrixThrsh=0.10D-05
 BlokAInv             :: Z CheckSum  = 0.1525873293175754D+03
 BlokAInv             :: CPU (Sec,MFLOPS) = (0.16D+03, 394),
                         WALL(Sec,MFLOPS) = (0.18D+03, 358)
 BlokAInv             :: Allocs=75,  DeAllocs=41, 342427628 bytes are presently allocated.
                         A max of 570676680 bytes were allocated.
>-Exiting BlokAInv 08/18/02 @ 11:52:15-<
<<Entering MakeT 08/18/02 @ 11:52:16>>
 MakeT                :: T CheckSum  = 0.3957583932850273D+03
 MakeT                :: CPU Sec = 0.15D+02, WALL Sec = 0.18D+02
 MakeT                :: Allocs=33,  DeAllocs=32, 24 bytes are presently allocated.
                         A max of 228310632 bytes were allocated.
>-Exiting MakeT 08/18/02 @ 11:52:34-<
<<Entering P2Use 08/18/02 @ 11:52:34>>
 P2Use                :: P[0] CheckSum  = 0.1938892124931999D+02
 P2Use                :: CPU Sec = 0.27D+01, WALL Sec = 0.12D+02
 P2Use                :: Allocs=39,  DeAllocs=39, 0 bytes are presently allocated.
                         A max of 456549448 bytes were allocated.
>-Exiting P2Use 08/18/02 @ 11:52:46-<
<<Entering MakeRho 08/18/02 @ 11:52:46>>
 MakeRho : Pruned Rho :: dNel = 0.73D-04, kept 13% of distributions.
 MakeRho : Moments    :: <r> = (-.21D+01, -.10D+01, -.37D+00), <r^2> = 0.92D+03
 ... ning Warning  Warning  Warning Wa ...
MakeRho              :: relative error in density = 0.49D-07
 MakeRho              :: Rho CheckSum  = 0.2309884009757629D+05
 MakeRho              :: CPU Sec = 0.12D+03, WALL Sec = 0.12D+03
 MakeRho              :: Allocs=65,  DeAllocs=59, 1204 bytes are presently allocated.
                         A max of 212906968 bytes were allocated.
>-Exiting MakeRho 08/18/02 @ 11:54:51-<
<<Entering QCTC 08/18/02 @ 11:54:51>>
 QCTC                 :: J[0] CheckSum  = 0.5690971598670259D+03
 QCTC                 :: CPU Sec = 0.13D+03, WALL Sec = 0.89D+04
 QCTC                 :: Allocs=1842783,  DeAllocs=50, 195377144 bytes are presently allocated.
                         A max of 423683048 bytes were allocated.
>-Exiting QCTC 08/18/02 @ 14:23:16-<
<<Entering ONX 08/18/02 @ 14:23:17>>
 ONX                  :: Kx[0] CheckSum  = 0.9779032942879579D+02
 ONX                  :: WALL (Sec) = 0.16D+05
 ONX                  :: Allocs=281,  DeAllocs=280, 12 bytes are presently allocated.
                         A max of 545708632 bytes were allocated.
>-Exiting ONX 08/18/02 @ 18:51:00-<
<<Entering FockNGrueven 08/18/02 @ 18:51:00>>
 FockNGrueven         :: F[0] CheckSum  = 0.3083121999169138D+03
 FockNGrueven         :: OrthoF[0] CheckSum  = 0.2873468895262944D+03
 FockNGrueven         :: CPU (Sec,MFLOPS) = (0.18D+03, 412),
                         WALL(Sec,MFLOPS) = (0.22D+03, 348)
 FockNGrueven         :: Allocs=41,  DeAllocs=37, 51040620 bytes are presently allocated.
                         A max of 342370860 bytes were allocated.
>-Exiting FockNGrueven 08/18/02 @ 18:54:36-<
<<Entering NT4 08/18/02 @ 18:54:36>>
 NT4                  :: Trix = 0.10D-02
 NT4 : Pure 1         :: dE=0.10D+01, dP=0.64D+00, ThrX=0.10D-02, %Non0=4
 NT4 : Pure 2         :: dE=0.17D+00, dP=0.61D+00, ThrX=0.10D-02, %Non0=4
 NT4 : Pure 3         :: dE=0.51D+00, dP=0.59D+00, ThrX=0.10D-02, %Non0=4
 NT4 : Pure 4         :: dE=0.36D+00, dP=0.58D+00, ThrX=0.10D-02, %Non0=4
 NT4 : Pure 5         :: dE=0.35D+00, dP=0.52D+00, ThrX=0.10D-02, %Non0=4
 NT4 : Pure 6         :: dE=0.26D+00, dP=0.61D+00, ThrX=0.10D-02, %Non0=4
 NT4 : Pure 7         :: dE=0.29D+00, dP=0.51D+00, ThrX=0.10D-02, %Non0=4
 NT4 : Pure 8         :: dE=0.92D-01, dP=0.33D+00, ThrX=0.10D-02, %Non0=8
 NT4 : Pure 9         :: dE=0.64D-01, dP=0.31D+00, ThrX=0.10D-02, %Non0=10
 NT4 : Pure 10        :: dE=0.35D-01, dP=0.24D+00, ThrX=0.10D-02, %Non0=10
 NT4 : Pure 11        :: dE=0.16D-01, dP=0.18D+00, ThrX=0.10D-02, %Non0=10
 NT4 : Pure 12        :: dE=0.75D-02, dP=0.13D+00, ThrX=0.10D-02, %Non0=10
 NT4 : Pure 13        :: dE=0.31D-02, dP=0.87D-01, ThrX=0.10D-02, %Non0=11
 NT4 : Pure 14        :: dE=0.64D-03, dP=0.45D-01, ThrX=0.10D-02, %Non0=10
 NT4 : Pure 15        :: dE=0.44D-04, dP=0.11D-01, ThrX=0.10D-02, %Non0=11
 NT4 : Pure 16        :: dE=0.28D-05, dP=0.21D-02, ThrX=0.10D-02, %Non0=11
 NT4 : Hit dE increase:: Tr{FP}=-.3546412108390636D+04, dNel = 0.68D-12
 NT4                  :: 16 purification steps, 32 matrix multiplies, %Non0s = 11
 NT4 : Max abs errors :: dE=0.98D-02, dP=0.21D-02, [F,P]=0.83D-01
 NT4                  :: Rel dE=0.28D-05, ||dP||_F=0.41D-01, ||[F,P]||_F=0.21D+01
 NT4                  :: OrthoP[1] CheckSum  = 0.2738622792104198D+02
 NT4                  :: P[1] CheckSum  = 0.1939310453822153D+02
 NT4                  :: CPU (Sec,MFLOPS) = (0.46D+03, 387),
                         WALL(Sec,MFLOPS) = (0.48D+03, 372)
 NT4                  :: Allocs=233,  DeAllocs=229, 114121820 bytes are presently allocated.
                         A max of 684736332 bytes were allocated.
>-Exiting NT4 08/18/02 @ 19:02:34-<
<<Entering SCFStatus 08/18/02 @ 19:02:34>>
 
= = = = = SCFCycle #0, Basis #1, Geometry #1 = = = = =

       MaxDelD = 0.78D-01
       <T>     = 0.11377885D+05
       <V>     = -.21435585D+05
       <HF>    = -.13460886D+04
       <SCF>   = -11403.78842819

 SCFStatus            :: CPU (Sec,MFLOPS) = (0.30D+01, 10),
                         WALL(Sec,MFLOPS) = (0.34D+01, 9)
 SCFStatus            :: Allocs=16,  DeAllocs=16, 0 bytes are presently allocated.
                         A max of 342370860 bytes were allocated.
>-Exiting SCFStatus 08/18/02 @ 19:02:38-<
<<Entering MakeRho 08/18/02 @ 19:02:39>>
 MakeRho : Pruned Rho :: dNel = 0.95D-04, kept 13% of distributions.
 MakeRho : Moments    :: <r> = (-.21D+01, -.99D+00, -.38D+00), <r^2> = 0.92D+03
 ... ning Warning  Warning  Warning Wa ...
MakeRho              :: relative error in density = 0.63D-07. Distribution threshold =
 MakeRho              :: Rho CheckSum  = 0.2310006033532123D+05
 MakeRho              :: CPU Sec = 0.12D+03, WALL Sec = 0.13D+03
 MakeRho              :: Allocs=64,  DeAllocs=59, 1192 bytes are presently allocated.
                         A max of 212555388 bytes were allocated.
>-Exiting MakeRho 08/18/02 @ 19:04:44-<
<<Entering QCTC 08/18/02 @ 19:04:44>>
 QCTC                 :: J[1] CheckSum  = 0.5690676449108252D+03
 QCTC                 :: CPU Sec = 0.14D+03, WALL Sec = 0.87D+04
 QCTC                 :: Allocs=1842533,  DeAllocs=50, 195355256 bytes are presently allocated.
                         A max of 423661160 bytes were allocated.
>-Exiting QCTC 08/18/02 @ 21:30:19-<
<<Entering ONX 08/18/02 @ 21:30:20>>
 ONX                  :: Kx[1] CheckSum  = 0.9779409258830626D+02
 ONX                  :: WALL (Sec) = 0.16D+05
 ONX                  :: Allocs=280,  DeAllocs=280, 0 bytes are presently allocated.
                         A max of 545634636 bytes were allocated.
>-Exiting ONX 08/19/02 @ 01:56:00-<
<<Entering FockNGrueven 08/19/02 @ 01:56:00>>
 FockNGrueven         :: F[1] CheckSum  = 0.3082859209165500D+03
 FockNGrueven         :: OrthoF[1] CheckSum  = 0.2873349966253981D+03
 FockNGrueven         :: CPU (Sec,MFLOPS) = (0.19D+03, 391),
                         WALL(Sec,MFLOPS) = (0.23D+03, 321)
 FockNGrueven         :: Allocs=41,  DeAllocs=37, 51040620 bytes are presently allocated.
                         A max of 342370860 bytes were allocated.
>-Exiting FockNGrueven 08/19/02 @ 01:59:55-<
<<Entering DIIS 08/19/02 @ 01:59:55>>
 DIIS : Damping       :: Co = 0.80D+00, 0.20D+00
 DIIS                 :: F_DIIS[1] CheckSum  = 0.2873445097515564D+03
 DIIS                 :: CPU (Sec,MFLOPS) = (0.57D+02, 383),
                         WALL(Sec,MFLOPS) = (0.92D+02, 236)
 DIIS                 :: Allocs=34,  DeAllocs=30, 144 bytes are presently allocated.
                         A max of 458110692 bytes were allocated.
>-Exiting DIIS 08/19/02 @ 02:01:27-<
<<Entering NT4 08/19/02 @ 02:01:28>>
 NT4                  :: Trix = 0.10D-02
 NT4 : Pure 1         :: dE=0.10D+01, dP=0.64D+00, ThrX=0.10D-02, %Non0=4
 NT4 : Pure 2         :: dE=0.17D+00, dP=0.61D+00, ThrX=0.10D-02, %Non0=4
 NT4 : Pure 3         :: dE=0.51D+00, dP=0.59D+00, ThrX=0.10D-02, %Non0=4
 NT4 : Pure 4         :: dE=0.36D+00, dP=0.58D+00, ThrX=0.10D-02, %Non0=4
 NT4 : Pure 5         :: dE=0.35D+00, dP=0.52D+00, ThrX=0.10D-02, %Non0=4
 NT4 : Pure 6         :: dE=0.26D+00, dP=0.61D+00, ThrX=0.10D-02, %Non0=4
 NT4 : Pure 7         :: dE=0.29D+00, dP=0.51D+00, ThrX=0.10D-02, %Non0=4
 NT4 : Pure 8         :: dE=0.92D-01, dP=0.33D+00, ThrX=0.10D-02, %Non0=8
 NT4 : Pure 9         :: dE=0.64D-01, dP=0.31D+00, ThrX=0.10D-02, %Non0=10
 NT4 : Pure 10        :: dE=0.35D-01, dP=0.24D+00, ThrX=0.10D-02, %Non0=10
 NT4 : Pure 11        :: dE=0.16D-01, dP=0.18D+00, ThrX=0.10D-02, %Non0=10
 NT4 : Pure 12        :: dE=0.75D-02, dP=0.13D+00, ThrX=0.10D-02, %Non0=10
 NT4 : Pure 13        :: dE=0.31D-02, dP=0.87D-01, ThrX=0.10D-02, %Non0=11
 NT4 : Pure 14        :: dE=0.64D-03, dP=0.45D-01, ThrX=0.10D-02, %Non0=11
 NT4 : Pure 15        :: dE=0.44D-04, dP=0.11D-01, ThrX=0.10D-02, %Non0=11
 NT4 : Pure 16        :: dE=0.29D-05, dP=0.21D-02, ThrX=0.10D-02, %Non0=11
 NT4 : Hit dE increase:: Tr{FP}=-.3546301418853066D+04, dNel = 0.11D-11
 NT4                  :: 16 purification steps, 32 matrix multiplies, %Non0s = 11
 NT4 : Max abs errors :: dE=0.10D-01, dP=0.21D-02, [F,P]=0.83D-01
 NT4                  :: Rel dE=0.29D-05, ||dP||_F=0.41D-01, ||[F,P]||_F=0.21D+01
 NT4                  :: OrthoP[2] CheckSum  = 0.2738622746814522D+02
 NT4                  :: P[2] CheckSum  = 0.1939301130817665D+02
 NT4                  :: CPU (Sec,MFLOPS) = (0.48D+03, 368),
                         WALL(Sec,MFLOPS) = (0.51D+03, 344)
 NT4                  :: Allocs=233,  DeAllocs=229, 114121820 bytes are presently allocated.
                         A max of 684736332 bytes were allocated.
>-Exiting NT4 08/19/02 @ 02:10:03-<
<<Entering SCFStatus 08/19/02 @ 02:10:03>>
 
= = = = = SCFCycle #1, Basis #1, Geometry #1 = = = = =

       DIISErr = 0.57D-03
       MaxDelD = 0.14D-01
       <T>     = 0.11379111D+05
       <V>     = -.21436635D+05
       <HF>    = -.13462510D+04
       <SCF>   = -11403.77487181

 SCFStatus            :: CPU (Sec,MFLOPS) = (0.33D+01, 9),
                         WALL(Sec,MFLOPS) = (0.59D+01, 5)
 SCFStatus            :: Allocs=16,  DeAllocs=16, 0 bytes are presently allocated.
                         A max of 342370860 bytes were allocated.
>-Exiting SCFStatus 08/19/02 @ 02:10:09-<
<<Entering MakeRho 08/19/02 @ 02:10:10>>
 MakeRho : Pruned Rho :: dNel = 0.11D-03, kept 13% of distributions.
 MakeRho : Moments    :: <r> = (-.21D+01, -.99D+00, -.38D+00), <r^2> = 0.92D+03
 ... ning Warning  Warning  Warning Wa ...
MakeRho              :: relative error in density = 0.75D-07. Distribution threshold =
 MakeRho              :: Rho CheckSum  = 0.2309996052214268D+05
 MakeRho              :: CPU Sec = 0.12D+03, WALL Sec = 0.13D+03
 MakeRho              :: Allocs=64,  DeAllocs=59, 1192 bytes are presently allocated.
                         A max of 212705340 bytes were allocated.
>-Exiting MakeRho 08/19/02 @ 02:12:16-<
<<Entering QCTC 08/19/02 @ 02:12:17>>
 QCTC                 :: J[2] CheckSum  = 0.5690709594789920D+03
 QCTC                 :: WALL (Sec) = 0.86D+04
 QCTC                 :: Allocs=1842493,  DeAllocs=50, 195353632 bytes are presently allocated.
                         A max of 423659536 bytes were allocated.
>-Exiting QCTC 08/19/02 @ 04:36:13-<
<<Entering ONX 08/19/02 @ 04:36:13>>
 ONX                  :: Kx[2] CheckSum  = 0.9779370642634311D+02
 ONX                  :: WALL (Sec) = 0.16D+05
 ONX                  :: Allocs=280,  DeAllocs=280, 0 bytes are presently allocated.
                         A max of 545660748 bytes were allocated.
>-Exiting ONX 08/19/02 @ 09:04:06-<
<<Entering FockNGrueven 08/19/02 @ 09:04:06>>
 FockNGrueven         :: F[2] CheckSum  = 0.3082888748076166D+03
 FockNGrueven         :: OrthoF[2] CheckSum  = 0.2873363040186846D+03
 FockNGrueven         :: CPU (Sec,MFLOPS) = (0.19D+03, 392),
                         WALL(Sec,MFLOPS) = (0.25D+03, 300)
 FockNGrueven         :: Allocs=41,  DeAllocs=37, 51040620 bytes are presently allocated.
                         A max of 342370860 bytes were allocated.
>-Exiting FockNGrueven 08/19/02 @ 09:08:16-<
<<Entering DIIS 08/19/02 @ 09:08:17>>
 DIIS                 :: Cond# = 0.14D+04, MIN(E) = 0.68D-02
 DIIS : Pulay C1      :: DIISCo = 0.81D+00, 0.19D+00
 DIIS                 :: F_DIIS[2] CheckSum  = 0.2873352411094082D+03
 DIIS                 :: CPU (Sec,MFLOPS) = (0.61D+02, 359),
                         WALL(Sec,MFLOPS) = (0.12D+03, 189)
 DIIS                 :: Allocs=45,  DeAllocs=40, 216 bytes are presently allocated.
                         A max of 458110788 bytes were allocated.
>-Exiting DIIS 08/19/02 @ 09:10:12-<
<<Entering NT4 08/19/02 @ 09:10:13>>
 NT4                  :: Trix = 0.10D-02
 NT4 : Pure 1         :: dE=0.10D+01, dP=0.64D+00, ThrX=0.10D-02, %Non0=4
 NT4 : Pure 2         :: dE=0.17D+00, dP=0.61D+00, ThrX=0.10D-02, %Non0=4
 NT4 : Pure 3         :: dE=0.51D+00, dP=0.59D+00, ThrX=0.10D-02, %Non0=4
 NT4 : Pure 4         :: dE=0.36D+00, dP=0.58D+00, ThrX=0.10D-02, %Non0=4
 NT4 : Pure 5         :: dE=0.35D+00, dP=0.52D+00, ThrX=0.10D-02, %Non0=4
 NT4 : Pure 6         :: dE=0.26D+00, dP=0.61D+00, ThrX=0.10D-02, %Non0=4
 NT4 : Pure 7         :: dE=0.29D+00, dP=0.51D+00, ThrX=0.10D-02, %Non0=4
 NT4 : Pure 8         :: dE=0.92D-01, dP=0.33D+00, ThrX=0.10D-02, %Non0=8
 NT4 : Pure 9         :: dE=0.64D-01, dP=0.31D+00, ThrX=0.10D-02, %Non0=10
 NT4 : Pure 10        :: dE=0.35D-01, dP=0.24D+00, ThrX=0.10D-02, %Non0=10
 NT4 : Pure 11        :: dE=0.16D-01, dP=0.18D+00, ThrX=0.10D-02, %Non0=10
 NT4 : Pure 12        :: dE=0.75D-02, dP=0.13D+00, ThrX=0.10D-02, %Non0=10
 NT4 : Pure 13        :: dE=0.31D-02, dP=0.87D-01, ThrX=0.10D-02, %Non0=11
 NT4 : Pure 14        :: dE=0.64D-03, dP=0.45D-01, ThrX=0.10D-02, %Non0=11
 NT4 : Pure 15        :: dE=0.44D-04, dP=0.11D-01, ThrX=0.10D-02, %Non0=11
 NT4 : Pure 16        :: dE=0.29D-05, dP=0.21D-02, ThrX=0.10D-02, %Non0=11
 NT4 : Hit dE increase:: Tr{FP}=-.3545872170761659D+04, dNel = 0.16D-11
 NT4                  :: 16 purification steps, 32 matrix multiplies, %Non0s = 11
 NT4 : Max abs errors :: dE=0.10D-01, dP=0.21D-02, [F,P]=0.83D-01
 NT4                  :: Rel dE=0.29D-05, ||dP||_F=0.41D-01, ||[F,P]||_F=0.21D+01
 NT4                  :: OrthoP[3] CheckSum  = 0.2738622757118079D+02
 NT4                  :: P[3] CheckSum  = 0.1939314441333768D+02
 NT4                  :: CPU (Sec,MFLOPS) = (0.47D+03, 378),
                         WALL(Sec,MFLOPS) = (0.52D+03, 337)
 NT4                  :: Allocs=233,  DeAllocs=229, 114121820 bytes are presently allocated.
                         A max of 684736332 bytes were allocated.
>-Exiting NT4 08/19/02 @ 09:18:58-<
<<Entering SCFStatus 08/19/02 @ 09:18:58>>
 
= = = = = SCFCycle #2, Basis #1, Geometry #1 = = = = =

       DIISErr = 0.57D-03
       MaxDelD = 0.22D-01
       <T>     = 0.11378982D+05
       <V>     = -.21436522D+05
       <HF>    = -.13462346D+04
       <SCF>   = -11403.77463872

 SCFStatus            :: CPU (Sec,MFLOPS) = (0.31D+01, 10),
                         WALL(Sec,MFLOPS) = (0.11D+02, 2)
 SCFStatus            :: Allocs=16,  DeAllocs=16, 0 bytes are presently allocated.
                         A max of 342370860 bytes were allocated.
>-Exiting SCFStatus 08/19/02 @ 09:19:10-<
<<Entering MakeRho 08/19/02 @ 09:19:11>>
 MakeRho : Pruned Rho :: dNel = 0.12D-03, kept 13% of distributions.
 MakeRho : Moments    :: <r> = (-.21D+01, -.99D+00, -.39D+00), <r^2> = 0.92D+03
 ... ning Warning  Warning  Warning Wa ...
MakeRho              :: relative error in density = 0.78D-07. Distribution threshold =
 MakeRho              :: Rho CheckSum  = 0.2309961784801520D+05
 MakeRho              :: CPU Sec = 0.12D+03, WALL Sec = 0.13D+03
 MakeRho              :: Allocs=64,  DeAllocs=59, 1192 bytes are presently allocated.
                         A max of 212603428 bytes were allocated.
>-Exiting MakeRho 08/19/02 @ 09:21:19-<
<<Entering QCTC 08/19/02 @ 09:21:20>>
 QCTC                 :: J[3] CheckSum  = 0.5690843090494719D+03
 QCTC                 :: WALL (Sec) = 0.86D+04
 QCTC                 :: Allocs=1842638,  DeAllocs=50, 195369144 bytes are presently allocated.
                         A max of 423675048 bytes were allocated.
>-Exiting QCTC 08/19/02 @ 11:43:56-<
<<Entering ONX 08/19/02 @ 11:43:56>>
 ONX                  :: Kx[3] CheckSum  = 0.9779216490050879D+02
 ONX                  :: WALL (Sec) = 0.16D+05
 ONX                  :: Allocs=280,  DeAllocs=280, 0 bytes are presently allocated.
                         A max of 545644748 bytes were allocated.
>-Exiting ONX 08/19/02 @ 16:14:04-<
<<Entering FockNGrueven 08/19/02 @ 16:14:04>>
 FockNGrueven         :: F[3] CheckSum  = 0.3083007835830146D+03
 FockNGrueven         :: OrthoF[3] CheckSum  = 0.2873412586121989D+03
 FockNGrueven         :: CPU (Sec,MFLOPS) = (0.19D+03, 397),
                         WALL(Sec,MFLOPS) = (0.24D+03, 306)
 FockNGrueven         :: Allocs=41,  DeAllocs=37, 51040620 bytes are presently allocated.
                         A max of 342370860 bytes were allocated.
>-Exiting FockNGrueven 08/19/02 @ 16:18:09-<
<<Entering DIIS 08/19/02 @ 16:18:09>>
 DIIS                 :: Cond# = 0.22D+04, MIN(E) = 0.62D-02
 DIIS : Pulay C1      :: DIISCo = 0.74D+00, -.51D-02, 0.26D+00
 DIIS                 :: F_DIIS[3] CheckSum  = 0.2873366222800206D+03
 DIIS                 :: CPU (Sec,MFLOPS) = (0.68D+02, 323),
                         WALL(Sec,MFLOPS) = (0.15D+03, 142)
 DIIS                 :: Allocs=53,  DeAllocs=48, 272 bytes are presently allocated.
                         A max of 458110556 bytes were allocated.
>-Exiting DIIS 08/19/02 @ 16:20:44-<
<<Entering NT4 08/19/02 @ 16:20:44>>
 NT4                  :: Trix = 0.10D-02
 NT4 : Pure 1         :: dE=0.10D+01, dP=0.64D+00, ThrX=0.10D-02, %Non0=4
 NT4 : Pure 2         :: dE=0.17D+00, dP=0.61D+00, ThrX=0.10D-02, %Non0=4
 NT4 : Pure 3         :: dE=0.51D+00, dP=0.59D+00, ThrX=0.10D-02, %Non0=4
 NT4 : Pure 4         :: dE=0.36D+00, dP=0.58D+00, ThrX=0.10D-02, %Non0=4
 NT4 : Pure 5         :: dE=0.35D+00, dP=0.52D+00, ThrX=0.10D-02, %Non0=4
 NT4 : Pure 6         :: dE=0.26D+00, dP=0.61D+00, ThrX=0.10D-02, %Non0=4
 NT4 : Pure 7         :: dE=0.29D+00, dP=0.51D+00, ThrX=0.10D-02, %Non0=4
 NT4 : Pure 8         :: dE=0.92D-01, dP=0.33D+00, ThrX=0.10D-02, %Non0=8
 NT4 : Pure 9         :: dE=0.64D-01, dP=0.31D+00, ThrX=0.10D-02, %Non0=10
 NT4 : Pure 10        :: dE=0.35D-01, dP=0.24D+00, ThrX=0.10D-02, %Non0=10
 NT4 : Pure 11        :: dE=0.16D-01, dP=0.18D+00, ThrX=0.10D-02, %Non0=10
 NT4 : Pure 12        :: dE=0.75D-02, dP=0.13D+00, ThrX=0.10D-02, %Non0=10
 NT4 : Pure 13        :: dE=0.31D-02, dP=0.87D-01, ThrX=0.10D-02, %Non0=11
 NT4 : Pure 14        :: dE=0.64D-03, dP=0.45D-01, ThrX=0.10D-02, %Non0=11
 NT4 : Pure 15        :: dE=0.44D-04, dP=0.11D-01, ThrX=0.10D-02, %Non0=11
 NT4 : Pure 16        :: dE=0.30D-05, dP=0.21D-02, ThrX=0.10D-02, %Non0=11
 NT4 : Hit dE increase:: Tr{FP}=-.3545943202257082D+04, dNel = 0.45D-12
 NT4                  :: 16 purification steps, 32 matrix multiplies, %Non0s = 11
 NT4 : Max abs errors :: dE=0.10D-01, dP=0.21D-02, [F,P]=0.84D-01
 NT4                  :: Rel dE=0.30D-05, ||dP||_F=0.41D-01, ||[F,P]||_F=0.21D+01
 NT4                  :: OrthoP[4] CheckSum  = 0.2738622837679124D+02
 NT4                  :: P[4] CheckSum  = 0.1939323395279673D+02
 NT4                  :: CPU (Sec,MFLOPS) = (0.48D+03, 369),
                         WALL(Sec,MFLOPS) = (0.53D+03, 332)
 NT4                  :: Allocs=233,  DeAllocs=229, 114121820 bytes are presently allocated.
                         A max of 684736332 bytes were allocated.
>-Exiting NT4 08/19/02 @ 16:29:38-<
<<Entering SCFStatus 08/19/02 @ 16:29:38>>
 
= = = = = SCFCycle #3, Basis #1, Geometry #1 = = = = =

       DIISErr = 0.57D-03
       MaxDelD = 0.22D-01
       <T>     = 0.11378486D+05
       <V>     = -.21436089D+05
       <HF>    = -.13461694D+04
       <SCF>   = -11403.77288841

 SCFStatus            :: CPU (Sec,MFLOPS) = (0.33D+01, 9),
                         WALL(Sec,MFLOPS) = (0.11D+02, 3)
 SCFStatus            :: Allocs=16,  DeAllocs=16, 0 bytes are presently allocated.
                         A max of 342370860 bytes were allocated.
>-Exiting SCFStatus 08/19/02 @ 16:29:49-<
 SCF convergence stalled.
 Convergence statistics for RHFx/6-31Gss:
========================================================================
SCF    Ink       Total             Delta       Max         DIIS   
Cycle  Fok       Energy            E_Tot       Delta P     Error  
  0,    F,           0.00000000, 0.0000D+00, 0.0000D+00, 0.0000D+00, 
  1,    F,      -11403.77487181, 0.1189D-05, 0.6397D-01, 0.0000D+00, 
  2,    F,      -11403.77463872, 0.2044D-07, 0.8137D-02, 0.5678D-03, 
  3,    F,      -11403.77288841, 0.1535D-06, 0.1534D-04, 0.5680D-03, 
========================================================================
>-Succesfull MondoSCF run 08/19/02 @ 16:29:51-<
