

 __    __                 _       ____________ ______ 
|  \  /  |               | |     /       /    |      |
|   \/   | ___  _ __   __| | ___/   ____/   __|  |==='
|        |/ _ \| '_ \ / _  |/ _ \____  \   (__|  ____|
|  |\/|  | (_) | | | | (_| | (_) )     /\     |  |    
|__|  |__|\___/|_| |_|\____|\___/_____/  \____|__|    

 Version 1.0 alpha 4                                  
 A program suite for O(N) SCF theory and ab initio MD 
 Matt Challacombe, Eric Schwegler, C.J. Tymczak,      
 Chee Kwan Gan, Karoly Nemeth and Anders Niklasson    
 Los Alamos National Laboratory (LA-CC 01-2)          
 Copywrite 2001, University of California.            

 Compiled for AMDLinux.PG, executing on magnesium
 a i686 machine running Linux 2.4.18-5smp

Water Cluster Scaling                                                                                                           
  
<<Starting MondoSCF 08/11/02 @ 13:57:16>>
 ** Auto-Wraps at default value => (Off) **
 ** Atom-Wrap at default value => (AtomWrap-Off) **
 ** Lattice Vector Format at default value => (Vector Format) **
 ** Coodinate Format at default value => (Atomic Coord) **
========================================================================
 Internal representation of the geometry:
 Geometry originally in Angstroms has been converted to AU.
 Geometry has been reordered using the Hilbert curve.
 Number of electrons = 700
------------------------------------------------------------------------
  *** Periodic is Off *** 
------------------------------------------------------------------------
 1   h    -.59316609D+01   0.14265541D+01   -.62136080D+01
 2   o    -.73463098D+01   -.35944478D+01   -.97256638D+01
 3   h    -.82477091D+01   -.20690610D+01   -.10089814D+02
 4   h    -.86386934D+01   -.48267381D+01   -.94371026D+01
 5   h    -.14524434D+01   -.12474081D+01   -.11040346D+02
 6   o    -.51872978D+00   -.19974404D+01   -.96848457D+01
 7   h    -.16688170D+01   -.31787081D+01   -.89406716D+01
 8   h    -.46946463D+01   -.46902999D+01   -.76422409D+01
 9   o    -.35611886D+01   -.48023607D+01   -.62370406D+01
 10   h    -.33166581D+01   -.65777582D+01   -.59919432D+01
 11   h    -.14702068D+01   -.98046543D+01   -.72484220D+01
 12   h    -.53188228D+01   -.10287479D+02   -.38032625D+01
 13   h    -.16291328D+01   -.10924695D+02   -.46207580D+01
 14   o    -.17088792D+01   -.93533878D+01   -.55130866D+01
 15   h    -.88287998D+00   -.73871279D+01   0.95903594D+00
 16   h    -.53857191D+01   0.64723115D+00   -.35156462D+01
 17   h    0.95450060D+00   -.41721370D+01   -.56778707D+01
 18   h    0.59167321D+00   -.41745937D+01   -.15172610D+01
 19   o    -.58127971D+00   -.40457144D+01   -.14626479D+00
 20   h    0.31822986D+00   -.31418584D+01   0.11366702D+01
 21   h    -.47112759D+01   -.73207985D+00   -.87116368D-01
 22   h    -.37679246D+01   -.29508071D+01   -.16272430D+01
 23   o    -.52655325D+01   -.20152038D+01   -.12353139D+01
 24   h    -.80366267D+01   -.31267406D+01   -.38465372D+01
 25   o    -.10518593D+02   0.10597583D+01   -.25605787D+00
 26   h    -.10114002D+02   -.17124697D+01   -.24795095D+01
 27   o    -.98358348D+01   -.29676257D+01   -.37520510D+01
 28   o    -.67189208D+01   -.10925262D+02   -.28521634D+01
 29   h    -.81604037D+01   -.10605520D+02   -.38971819D+01
 30   h    -.71306920D+01   -.94754641D+01   0.62720006D+00
 31   o    -.10137624D+02   -.65242790D+01   0.45629324D+01
 32   h    -.11447960D+02   -.65286253D+01   0.33160912D+01
 33   h    -.87348804D+01   -.73257118D+01   0.37492164D+01
 34   h    -.68205880D+01   -.10360234D+02   0.33300751D+01
 35   o    -.63931320D+01   -.90054892D+01   0.22104125D+01
 36   h    -.27875348D+01   -.89418054D+01   0.24216839D+01
 37   o    -.12177394D+01   -.90697399D+01   0.15321898D+01
 38   h    0.66197101D+00   -.10707754D+02   0.39561414D+01
 39   o    0.13747757D+01   -.11631263D+02   0.53384759D+01
 40   h    -.40812412D+01   -.61446330D+01   0.72869724D+01
 41   h    0.48301396D+00   -.80910508D+01   0.92719406D+01
 42   o    -.33501062D+01   -.69109169D+01   0.87533998D+01
 43   h    -.45640662D+01   -.81477426D+01   0.92719406D+01
 44   h    -.98777867D+01   -.23640472D+01   0.89818676D+01
 45   h    -.17846572D+01   -.27157252D+01   0.87874148D+01
 46   h    0.80388944D+00   -.15061116D+01   0.11672837D+02
 47   h    -.34345770D+01   -.42726705D+00   0.92628699D+01
 48   o    -.21157372D+01   -.14188063D+01   0.10004209D+02
 49   o    -.50499148D+01   0.14804113D+01   0.66769688D+01
 50   h    -.49130986D+01   -.49217913D+01   0.27845112D+01
 51   o    -.43728259D+01   -.41403896D+01   0.43236931D+01
 52   h    -.47471807D+01   -.23852121D+01   0.40971149D+01
 53   h    -.65371291D+01   0.10433177D+01   0.76091707D+01
 54   h    -.98879912D+01   -.32830210D+01   0.62725675D+01
 55   o    -.95756195D+01   -.18165936D+01   0.72845157D+01
 56   h    -.99902254D+01   0.12069680D+01   0.57821836D+01
 57   h    -.10733077D+02   0.16633368D+01   0.14354359D+01
 58   h    -.95348014D+01   0.60195332D+01   0.39251499D+01
 59   h    -.81649391D+01   0.72765789D+01   0.17508311D+01
 60   o    -.89557894D+01   0.76297687D+01   0.33387679D+01
 61   h    -.69411525D+01   0.73047358D+01   0.61916872D+01
 62   o    -.57532708D+01   0.71070705D+01   0.75413295D+01
 63   h    -.11981241D+02   0.32393683D+01   0.60805713D+01
 64   o    -.10519727D+02   0.28003849D+01   0.51094411D+01
 65   h    -.66883072D+01   0.75222433D+01   0.90328902D+01
 66   o    0.56672882D+00   0.12194969D+02   0.65904194D+01
 67   h    -.11408276D+01   0.12691967D+02   0.62600953D+01
 68   o    -.15798109D+00   0.69371841D+01   0.58664654D+01
 69   h    0.22827890D+00   0.87040779D+01   0.58449225D+01
 70   h    -.16599353D+01   0.68134071D+01   0.68666973D+01
 71   h    -.46812292D+01   0.31781412D+01   0.71811477D+01
 72   h    -.48654775D+01   0.23309770D+01   0.32964380D+01
 73   o    -.42745602D+01   0.21557994D+01   0.15958736D+01
 74   h    -.28361008D+01   0.32482500D+01   0.15008204D+01
 75   h    -.33977273D+00   0.56298717D+01   0.27068435D+01
 76   h    0.14503647D+01   0.52307615D+01   0.51135985D+00
 77   h    0.29423034D+00   0.47483145D+01   -.51727469D+01
 78   h    -.47895105D+01   0.62948662D+01   -.97245299D+00
 79   o    -.29744287D+00   0.54800164D+01   0.90480080D+00
 80   o    0.65762464D+00   0.11618980D+02   0.89837573D+00
 81   h    -.69919862D-02   0.11349694D+02   -.76231546D+00
 82   o    -.19878028D+01   0.11107809D+02   -.36895010D+01
 83   h    0.50172225D+00   0.13400992D+02   0.11657720D+01
 84   h    -.31511181D+01   0.12067790D+02   -.46882212D+01
 85   h    -.25930820D+01   0.94066780D+01   -.37979713D+01
 86   h    -.91474076D+01   0.10655598D+02   -.57364522D+01
 87   o    -.64468002D+01   0.62789925D+01   -.16969739D+01
 88   h    -.89748756D+01   0.18179164D+01   -.81598368D+00
 89   h    -.11616146D+02   0.25190047D+01   -.36124002D+01
 90   o    -.12646046D+02   0.34358998D+01   -.47832744D+01
 91   h    -.64239345D+01   0.48864535D+01   -.28512186D+01
 92   o    -.59991241D+01   0.20286208D+01   -.45092642D+01
 93   h    -.11485566D+02   0.40366437D+01   -.60340841D+01
 94   o    -.95317779D+01   0.48915557D+01   -.91086682D+01
 95   h    -.10152742D+02   0.33516180D+01   -.98263862D+01
 96   h    -.77397507D+01   0.48101085D+01   -.93418604D+01
 97   h    -.78419849D+01   0.11682853D+02   -.80657285D+01
 98   o    -.75400067D+01   0.11221382D+02   -.63430543D+01
 99   h    0.53082403D+00   0.11427929D+02   -.90396932D+01
 100   o    0.28723835D-01   0.10114569D+02   -.10177497D+02
 101   h    -.13031550D+01   0.10848161D+02   -.11157320D+02
 102   h    -.26987177D+01   0.76806023D+01   -.91502422D+01
 103   h    -.51899435D+01   0.83459748D+01   -.79111489D+01
 104   o    -.42401672D+01   0.69466327D+01   -.85525219D+01
 105   h    -.38979378D+01   0.30651356D+01   -.89043889D+01
 106   o    -.51020712D+01   0.19057887D+01   -.95958396D+01
 107   h    -.48233366D+01   0.19740078D+01   -.11381820D+02
 108   h    0.29931370D+01   0.26955052D+01   -.93097351D+01
 109   h    0.32079988D+01   0.51810617D+01   -.12290400D+02
 110   o    0.36517065D+01   0.18330342D+01   -.10756887D+02
 111   h    0.78281899D+01   0.25413035D+01   -.91562893D+01
 112   o    0.16436837D+01   0.43709362D+01   -.63165981D+01
 113   h    0.41029731D+01   0.68905079D+01   -.63332277D+01
 114   o    0.54032935D+01   0.80948302D+01   -.66937874D+01
 115   o    0.35475826D+01   0.68769018D+01   -.12820090D+02
 116   h    0.27879128D+01   0.79109599D+01   -.11545092D+02
 117   h    0.46594974D+01   0.96963730D+01   -.63020472D+01
 118   h    0.84380045D+01   0.11501817D+02   -.63600618D+01
 119   h    0.10704164D+02   0.13239231D+02   -.61833724D+01
 120   h    0.10182788D+02   0.55289603D+01   -.63931320D+01
 121   h    0.93993081D+01   0.44200691D+01   -.10634811D+02
 122   o    0.93957176D+01   0.34425138D+01   -.91128256D+01
 123   h    0.11952517D+02   0.31157802D+01   -.27920701D+01
 124   o    0.12484664D+02   0.21644921D+01   -.13485085D+01
 125   h    0.13979626D+02   0.38493718D+01   0.10748761D+01
 126   h    0.99522419D+01   0.64647526D+01   0.12466522D+01
 127   o    0.85547896D+01   0.71265346D+01   0.30783636D+00
 128   h    0.91266206D+01   0.71391958D+01   -.14082238D+01
 129   o    0.10360990D+02   0.66966220D+01   -.50232696D+01
 130   h    0.92645706D+01   0.80696969D+01   -.54522374D+01
 131   o    0.94403151D+01   0.12429484D+02   -.51738808D+01
 132   o    0.57731129D+01   0.15114406D+02   -.13330127D+01
 133   h    0.73880727D+01   0.15871809D+02   -.16338571D+01
 134   h    0.58496468D+01   0.14550134D+02   0.38380335D+00
 135   h    0.41857431D+01   0.12733352D+02   -.38136560D+01
 136   o    0.31658579D+01   0.12358052D+02   -.52594854D+01
 137   h    0.14756870D+01   0.12294935D+02   -.46181124D+01
 138   h    0.24364237D+01   0.29045088D+01   -.56145649D+01
 139   h    0.52203680D+01   0.24379355D+01   -.82883382D+00
 140   o    0.47054177D+01   0.29551535D+01   0.82618820D+00
 141   h    0.60713117D+01   0.39773063D+01   0.14273100D+01
 142   h    0.50504817D+01   0.32427698D+01   0.65331607D+01
 143   o    0.81016333D+01   0.40241715D+01   0.48584855D+01
 144   h    0.27446380D+01   0.46109314D+01   0.75307470D+01
 145   o    0.36182584D+01   0.30294197D+01   0.76171075D+01
 146   h    0.55852741D+01   0.10261401D+02   0.64770358D+01
 147   o    0.50484030D+01   0.10639346D+02   0.81624824D+01
 148   h    0.14813562D+01   0.12707273D+02   0.51164331D+01
 149   h    0.33697594D+01   0.11284877D+02   0.79697304D+01
 150   h    0.40186913D+01   0.10539758D+02   0.14462073D+01
 151   o    0.53717351D+01   0.10412201D+02   0.26399472D+01
 152   h    0.67119288D+01   0.96153038D+01   0.17228632D+01
 153   h    0.12757351D+02   0.90425278D+01   0.51315509D+01
 154   h    0.10459444D+02   0.88063121D+01   0.68194542D+01
 155   h    0.92976408D+01   0.53074844D+01   0.52997365D+01
 156   o    0.11152785D+02   0.82165286D+01   0.52562728D+01
 157   h    0.91018652D+01   0.25369571D+01   0.46143329D+01
 158   o    0.14636873D+02   0.51298502D+01   0.21705393D+01
 159   h    0.15017274D+02   0.42586865D+01   0.37093431D+01
 160   o    0.13997767D+02   -.26796315D+01   0.16334791D+01
 161   o    0.10388769D+02   -.68294697D+00   0.53809948D+01
 162   h    0.10878775D+02   -.11338356D+01   0.70628509D+01
 163   h    0.11771859D+02   -.12196292D+01   0.43461808D+01
 164   o    0.22164596D+01   -.13961296D+01   0.36740053D+01
 165   h    0.28963830D+01   -.26437267D+00   0.24375576D+01
 166   h    0.19503862D+01   -.36433917D+00   0.51357083D+01
 167   h    0.44841308D+01   -.36449035D+01   0.61771363D+01
 168   o    0.54768039D+01   -.43645111D+01   0.75071255D+01
 169   o    0.73139955D+01   0.10467192D+01   0.11283743D+02
 170   h    0.57572392D+01   0.16860135D+01   0.10620638D+02
 171   h    0.70711657D+01   0.10312235D+01   0.13076148D+02
 172   o    0.24413370D+01   -.18952062D+01   0.12335375D+02
 173   h    0.21242410D+01   -.30912138D+01   0.13654782D+02
 174   h    0.53339406D+01   -.31832434D+01   0.88696179D+01
 175   o    0.22329002D+01   -.85485535D+01   0.92898930D+01
 176   h    0.31129456D+01   -.69848052D+01   0.90601023D+01
 177   h    0.76152178D+01   -.71363612D+01   0.64265801D+01
 178   h    0.18610022D+01   -.10360423D+02   0.65303261D+01
 179   h    0.75352824D+01   -.97434272D+01   0.31212604D+01
 180   o    0.67085273D+01   -.10769359D+02   0.18819781D+01
 181   h    0.76246664D+01   -.12328950D+02   0.19001195D+01
 182   h    0.90209850D+01   -.96187053D+01   0.62111514D+01
 183   o    0.88040444D+01   -.80216978D+01   0.53898765D+01
 184   o    0.12312132D+02   -.55248029D+01   -.25961056D+01
 185   h    0.12003162D+02   -.72803583D+01   -.29039419D+01
 186   h    0.15496131D+02   -.21336896D+01   0.77951197D+00
 187   h    0.13016055D+02   -.34937254D+01   0.35073314D+00
 188   h    0.12258275D+02   -.47607867D+01   -.42348759D+01
 189   h    0.13206350D+02   0.65686875D+00   -.20397702D+01
 190   o    0.62415760D+01   -.26577106D+01   -.10280109D+01
 191   h    0.52687450D+01   -.33389568D+01   0.33637123D+00
 192   h    0.77558134D+01   -.20507306D+01   -.24642027D+00
 193   o    0.21866019D+01   -.46738593D+01   -.44520055D+01
 194   o    0.49217913D+01   0.94032765D+00   -.45680346D+01
 195   h    0.50455684D+01   -.55368971D+00   -.35557084D+01
 196   h    0.69352944D+01   -.69819706D+01   -.26206720D+01
 197   o    0.66875513D+01   -.87539667D+01   -.28856116D+01
 198   h    0.23927710D+01   -.64511466D+01   -.47175120D+01
 199   h    0.66061041D+01   -.94544881D+01   -.12200071D+01
 200   h    0.43129216D+01   -.93348684D+01   -.10438468D+02
 201   h    0.58010808D+01   -.74196311D+01   -.11955540D+02
 202   o    0.56859965D+01   -.81643722D+01   -.10311101D+02
 203   h    0.63685656D+01   -.47666448D+01   -.92086347D+01
 204   o    0.63829275D+01   -.31864560D+01   -.83284004D+01
 205   h    0.52604302D+01   -.34349549D+01   -.69318929D+01
 206   h    0.59579281D+01   0.59790930D+00   -.60104625D+01
 207   h    0.30258293D+01   0.14305226D+00   -.10601552D+02
 208   h    0.11277507D+02   -.14135150D+01   -.79512111D+01
 209   o    0.12293990D+02   -.27828105D+01   -.73480105D+01
 210   h    0.12772847D+02   -.36842098D+01   -.88414610D+01
========================================================================
 ParseGeometry        :: Allocs=14,  DeAllocs=14, 0 bytes are presently allocated.
                         A max of 27768 bytes were allocated.
 Base(1)%BName   = 6-31Gss
 Opening BasFile = /scratch/mchalla/MONDO/BasisSets/6-31Gss.bas
 ParseBaseSets        :: Allocs=65,  DeAllocs=64, 1680 bytes are presently allocated.
                         A max of 66832 bytes were allocated.
 Current HDF file :: /n/scratch/mchalla/Scratch/h2o_70_4324.hdf
 Restart HDF file :: /scratch/mchalla/MONDO/Benchmarks/WATER/h2o_70.hdf
 Restart using 6-31Gss/HFx density from previous geometry #1

 PROGRAM OF CALCULATIONS:

  A restricted Roothaan-Hall solution of the SCF using
  a tight accuracy level, 6-31Gss and the HFx model.
 

 Accuracy level 3 for the 6-31Gss basis set:
  TrixNeglect = 0.10D-05, CubeNeglect = 0.10D-06,
  TwoENeglect = 0.10D-09, DistNeglect = 0.10D-11
 MaxAtms = 211, MaxBlks = 44101, MaxNon0 = 3062501, BndWdth = 210
<<Entering MakeS 08/11/02 @ 13:57:20>>
 MakeS                :: S CheckSum  = 0.5987453848158297D+02
 MakeS                :: CPU Sec = 0.23D+01, WALL Sec = 0.78D+01
 MakeS                :: Allocs=37,  DeAllocs=36, 24 bytes are presently allocated.
                         A max of 49892464 bytes were allocated.
>-Exiting MakeS 08/11/02 @ 13:57:27-<
<<Entering BlokAInv 08/11/02 @ 13:57:28>>
 BlokAInv             :: CPU (Sec,MFLOPS) = (0.54D+01, 406),
                         WALL(Sec,MFLOPS) = (0.11D+02, 205)
 BlokAInv             :: Max(Z^t.A.Z-I)=0.12D-05, TrixThrsh=0.10D-05
 BlokAInv             :: Z CheckSum  = 0.1029763113692856D+03
 BlokAInv             :: CPU (Sec,MFLOPS) = (0.20D+02, 446),
                         WALL(Sec,MFLOPS) = (0.46D+02, 191)
 BlokAInv             :: Allocs=75,  DeAllocs=41, 74592428 bytes are presently allocated.
                         A max of 124302280 bytes were allocated.
>-Exiting BlokAInv 08/11/02 @ 13:58:14-<
<<Entering MakeT 08/11/02 @ 13:58:14>>
 MakeT                :: T CheckSum  = 0.2703565609078991D+03
 MakeT                :: CPU Sec = 0.47D+01, WALL Sec = 0.12D+02
 MakeT                :: Allocs=33,  DeAllocs=32, 24 bytes are presently allocated.
                         A max of 49743592 bytes were allocated.
>-Exiting MakeT 08/11/02 @ 13:58:27-<
<<Entering P2Use 08/11/02 @ 13:58:27>>
 P2Use                :: P[0] CheckSum  = 0.1311083395400689D+02
 P2Use                :: CPU Sec = 0.11D+01, WALL Sec = 0.65D+01
 P2Use                :: Allocs=39,  DeAllocs=39, 0 bytes are presently allocated.
                         A max of 99446088 bytes were allocated.
>-Exiting P2Use 08/11/02 @ 13:58:34-<
<<Entering MakeRho 08/11/02 @ 13:58:34>>
 MakeRho : Pruned Rho :: dNel = 0.25D-10, kept 9% of distributions.
 MakeRho : Moments    :: <r> = (-.20D+01, 0.23D+00, -.30D+01), <r^2> = 0.42D+03
 MakeRho              :: Rho CheckSum  = 0.1077752869662050D+05
 MakeRho              :: CPU Sec = 0.65D+02, WALL Sec = 0.93D+02
 MakeRho              :: Allocs=65,  DeAllocs=59, 1204 bytes are presently allocated.
                         A max of 117310248 bytes were allocated.
>-Exiting MakeRho 08/11/02 @ 14:00:08-<
<<Entering QCTC 08/11/02 @ 14:00:08>>
 QCTC                 :: J[0] CheckSum  = 0.3887599603084955D+03
 QCTC                 :: WALL (Sec) = 0.32D+04
 QCTC                 :: Allocs=734023,  DeAllocs=50, 77792960 bytes are presently allocated.
                         A max of 127531824 bytes were allocated.
>-Exiting QCTC 08/11/02 @ 14:54:08-<
<<Entering ONX 08/11/02 @ 14:54:08>>
 ONX                  :: Kx[0] CheckSum  = 0.6676863601582897D+02
 ONX                  :: CPU Sec = 0.12D+04, WALL Sec = 0.66D+04
 ONX                  :: Allocs=259,  DeAllocs=258, 12 bytes are presently allocated.
                         A max of 346703516 bytes were allocated.
>-Exiting ONX 08/11/02 @ 16:44:55-<
<<Entering FockNGrueven 08/11/02 @ 16:44:56>>
 FockNGrueven         :: F[0] CheckSum  = 0.2105890305140733D+03
 FockNGrueven         :: OrthoF[0] CheckSum  = 0.1962062276985685D+03
 FockNGrueven         :: CPU (Sec,MFLOPS) = (0.21D+02, 424),
                         WALL(Sec,MFLOPS) = (0.50D+02, 179)
 FockNGrueven         :: Allocs=41,  DeAllocs=37, 12367004 bytes are presently allocated.
                         A max of 74563500 bytes were allocated.
>-Exiting FockNGrueven 08/11/02 @ 16:45:45-<
<<Entering NT4 08/11/02 @ 16:45:45>>
 NT4                  :: Trix = 0.10D-02
 NT4 : Pure 1         :: dE=0.10D+01, dP=0.59D+00, ThrX=0.10D-02, %Non0=9
 NT4 : Pure 2         :: dE=0.16D+00, dP=0.61D+00, ThrX=0.10D-02, %Non0=9
 NT4 : Pure 3         :: dE=0.51D+00, dP=0.59D+00, ThrX=0.10D-02, %Non0=9
 NT4 : Pure 4         :: dE=0.36D+00, dP=0.58D+00, ThrX=0.10D-02, %Non0=9
 NT4 : Pure 5         :: dE=0.35D+00, dP=0.52D+00, ThrX=0.10D-02, %Non0=9
 NT4 : Pure 6         :: dE=0.26D+00, dP=0.61D+00, ThrX=0.10D-02, %Non0=9
 NT4 : Pure 7         :: dE=0.29D+00, dP=0.51D+00, ThrX=0.10D-02, %Non0=9
 NT4 : Pure 8         :: dE=0.92D-01, dP=0.33D+00, ThrX=0.10D-02, %Non0=15
 NT4 : Pure 9         :: dE=0.63D-01, dP=0.31D+00, ThrX=0.10D-02, %Non0=18
 NT4 : Pure 10        :: dE=0.35D-01, dP=0.24D+00, ThrX=0.10D-02, %Non0=20
 NT4 : Pure 11        :: dE=0.16D-01, dP=0.18D+00, ThrX=0.10D-02, %Non0=20
 NT4 : Pure 12        :: dE=0.75D-02, dP=0.13D+00, ThrX=0.10D-02, %Non0=20
 NT4 : Pure 13        :: dE=0.31D-02, dP=0.88D-01, ThrX=0.10D-02, %Non0=20
 NT4 : Pure 14        :: dE=0.65D-03, dP=0.49D-01, ThrX=0.10D-02, %Non0=20
 NT4 : Pure 15        :: dE=0.46D-04, dP=0.13D-01, ThrX=0.10D-02, %Non0=20
 NT4 : Pure 16        :: dE=0.10D-05, dP=0.19D-02, ThrX=0.10D-02, %Non0=21
 NT4 : Hit dE increase:: Tr{FP}=-.1654550945996719D+04, dNel = 0.68D-12
 NT4                  :: 16 purification steps, 32 matrix multiplies, %Non0s = 21
 NT4 : Max abs errors :: dE=0.17D-02, dP=0.19D-02, [F,P]=0.71D-01
 NT4                  :: Rel dE=0.10D-05, ||dP||_F=0.26D-01, ||[F,P]||_F=0.14D+01
 NT4                  :: OrthoP[1] CheckSum  = 0.1870834520515755D+02
 NT4                  :: P[1] CheckSum  = 0.1322172886192601D+02
 NT4                  :: CPU (Sec,MFLOPS) = (0.74D+02, 409),
                         WALL(Sec,MFLOPS) = (0.16D+03, 191)
 NT4                  :: Allocs=229,  DeAllocs=225, 24853660 bytes are presently allocated.
                         A max of 149124492 bytes were allocated.
>-Exiting NT4 08/11/02 @ 16:48:24-<
<<Entering SCFStatus 08/11/02 @ 16:48:25>>
 
= = = = = SCFCycle #0, Basis #1, Geometry #1 = = = = =

       MaxDelD = 0.90D-01
       <T>     = 0.53079930D+04
       <V>     = -.10002368D+05
       <HF>    = -.62797412D+03
       <SCF>   = -5322.34899638

 SCFStatus            :: CPU (Sec,MFLOPS) = (0.13D+01, 14),
                         WALL(Sec,MFLOPS) = (0.23D+01, 7)
 SCFStatus            :: Allocs=16,  DeAllocs=16, 0 bytes are presently allocated.
                         A max of 74563500 bytes were allocated.
>-Exiting SCFStatus 08/11/02 @ 16:48:27-<
<<Entering MakeRho 08/11/02 @ 16:48:27>>
 MakeRho : Pruned Rho :: dNel = 0.87D-04, kept 15% of distributions.
 MakeRho : Moments    :: <r> = (-.21D+01, 0.21D+00, -.30D+01), <r^2> = 0.43D+03
 ... ning Warning  Warning  Warning Wa ...
MakeRho              :: relative error in density = 0.12D-06. Distribution threshold =
 MakeRho              :: Rho CheckSum  = 0.1078042596074852D+05
 MakeRho              :: CPU Sec = 0.47D+02, WALL Sec = 0.97D+02
 MakeRho              :: Allocs=64,  DeAllocs=59, 1192 bytes are presently allocated.
                         A max of 78290980 bytes were allocated.
>-Exiting MakeRho 08/11/02 @ 16:50:04-<
<<Entering QCTC 08/11/02 @ 16:50:04>>
 QCTC                 :: J[1] CheckSum  = 0.3886962999952913D+03
 QCTC                 :: WALL (Sec) = 0.38D+04
 QCTC                 :: Allocs=772323,  DeAllocs=50, 82040800 bytes are presently allocated.
                         A max of 131779664 bytes were allocated.
>-Exiting QCTC 08/11/02 @ 17:54:11-<
<<Entering ONX 08/11/02 @ 17:54:12>>
 ONX                  :: Kx[1] CheckSum  = 0.6677598992593323D+02
 ONX                  :: CPU Sec = 0.72D+03, WALL Sec = 0.94D+04
 ONX                  :: Allocs=258,  DeAllocs=258, 0 bytes are presently allocated.
                         A max of 333702640 bytes were allocated.
>-Exiting ONX 08/11/02 @ 20:30:31-<
<<Entering FockNGrueven 08/11/02 @ 20:30:31>>
 FockNGrueven         :: F[1] CheckSum  = 0.2105282850802128D+03
 FockNGrueven         :: OrthoF[1] CheckSum  = 0.1961697501811501D+03
 FockNGrueven         :: CPU (Sec,MFLOPS) = (0.22D+02, 441),
                         WALL(Sec,MFLOPS) = (0.54D+02, 184)
 FockNGrueven         :: Allocs=41,  DeAllocs=37, 12367004 bytes are presently allocated.
                         A max of 74563500 bytes were allocated.
>-Exiting FockNGrueven 08/11/02 @ 20:31:25-<
<<Entering DIIS 08/11/02 @ 20:31:25>>
 DIIS : Damping       :: Co = 0.80D+00, 0.20D+00
 DIIS                 :: F_DIIS[1] CheckSum  = 0.1961989209334360D+03
 DIIS                 :: CPU (Sec,MFLOPS) = (0.11D+02, 421),
                         WALL(Sec,MFLOPS) = (0.30D+02, 152)
 DIIS                 :: Allocs=34,  DeAllocs=30, 144 bytes are presently allocated.
                         A max of 99770948 bytes were allocated.
>-Exiting DIIS 08/11/02 @ 20:31:55-<
<<Entering NT4 08/11/02 @ 20:31:55>>
 NT4                  :: Trix = 0.10D-02
 NT4 : Pure 1         :: dE=0.10D+01, dP=0.59D+00, ThrX=0.10D-02, %Non0=9
 NT4 : Pure 2         :: dE=0.16D+00, dP=0.61D+00, ThrX=0.10D-02, %Non0=9
 NT4 : Pure 3         :: dE=0.51D+00, dP=0.59D+00, ThrX=0.10D-02, %Non0=9
 NT4 : Pure 4         :: dE=0.36D+00, dP=0.58D+00, ThrX=0.10D-02, %Non0=9
 NT4 : Pure 5         :: dE=0.35D+00, dP=0.52D+00, ThrX=0.10D-02, %Non0=9
 NT4 : Pure 6         :: dE=0.26D+00, dP=0.61D+00, ThrX=0.10D-02, %Non0=9
 NT4 : Pure 7         :: dE=0.29D+00, dP=0.51D+00, ThrX=0.10D-02, %Non0=9
 NT4 : Pure 8         :: dE=0.92D-01, dP=0.33D+00, ThrX=0.10D-02, %Non0=15
 NT4 : Pure 9         :: dE=0.63D-01, dP=0.31D+00, ThrX=0.10D-02, %Non0=18
 NT4 : Pure 10        :: dE=0.35D-01, dP=0.24D+00, ThrX=0.10D-02, %Non0=20
 NT4 : Pure 11        :: dE=0.16D-01, dP=0.18D+00, ThrX=0.10D-02, %Non0=20
 NT4 : Pure 12        :: dE=0.75D-02, dP=0.13D+00, ThrX=0.10D-02, %Non0=20
 NT4 : Pure 13        :: dE=0.31D-02, dP=0.88D-01, ThrX=0.10D-02, %Non0=20
 NT4 : Pure 14        :: dE=0.65D-03, dP=0.49D-01, ThrX=0.10D-02, %Non0=20
 NT4 : Pure 15        :: dE=0.46D-04, dP=0.13D-01, ThrX=0.10D-02, %Non0=20
 NT4 : Pure 16        :: dE=0.11D-05, dP=0.19D-02, ThrX=0.10D-02, %Non0=21
 NT4 : Hit dE increase:: Tr{FP}=-.1654411158046277D+04, dNel = 0.80D-12
 NT4                  :: 16 purification steps, 32 matrix multiplies, %Non0s = 21
 NT4 : Max abs errors :: dE=0.17D-02, dP=0.19D-02, [F,P]=0.71D-01
 NT4                  :: Rel dE=0.11D-05, ||dP||_F=0.26D-01, ||[F,P]||_F=0.14D+01
 NT4                  :: OrthoP[2] CheckSum  = 0.1870834115477234D+02
 NT4                  :: P[2] CheckSum  = 0.1322290455340691D+02
 NT4                  :: CPU (Sec,MFLOPS) = (0.71D+02, 426),
                         WALL(Sec,MFLOPS) = (0.16D+03, 191)
 NT4                  :: Allocs=233,  DeAllocs=229, 24853660 bytes are presently allocated.
                         A max of 149124492 bytes were allocated.
>-Exiting NT4 08/11/02 @ 20:34:33-<
<<Entering SCFStatus 08/11/02 @ 20:34:34>>
 
= = = = = SCFCycle #1, Basis #1, Geometry #1 = = = = =

       DIISErr = 0.77D-03
       MaxDelD = 0.16D-01
       <T>     = 0.53107222D+04
       <V>     = -.10004207D+05
       <HF>    = -.62830814D+03
       <SCF>   = -5321.79321205

 SCFStatus            :: CPU (Sec,MFLOPS) = (0.87D+00, 13),
                         WALL(Sec,MFLOPS) = (0.13D+01, 9)
 SCFStatus            :: Allocs=16,  DeAllocs=16, 0 bytes are presently allocated.
                         A max of 74563500 bytes were allocated.
>-Exiting SCFStatus 08/11/02 @ 20:34:35-<
<<Entering MakeRho 08/11/02 @ 20:34:35>>
 MakeRho : Pruned Rho :: dNel = 0.11D-03, kept 15% of distributions.
 MakeRho : Moments    :: <r> = (-.21D+01, 0.22D+00, -.30D+01), <r^2> = 0.43D+03
 ... ning Warning  Warning  Warning Wa ...
MakeRho              :: relative error in density = 0.16D-06. Distribution threshold =
 MakeRho              :: Rho CheckSum  = 0.1078027982718343D+05
 MakeRho              :: CPU Sec = 0.46D+02, WALL Sec = 0.96D+02
 MakeRho              :: Allocs=64,  DeAllocs=59, 1192 bytes are presently allocated.
                         A max of 78221036 bytes were allocated.
>-Exiting MakeRho 08/11/02 @ 20:36:11-<
<<Entering QCTC 08/11/02 @ 20:36:12>>
 QCTC                 :: J[2] CheckSum  = 0.3887050563432075D+03
 QCTC                 :: WALL (Sec) = 0.31D+04
 QCTC                 :: Allocs=772683,  DeAllocs=50, 82077480 bytes are presently allocated.
                         A max of 131816344 bytes were allocated.
>-Exiting QCTC 08/11/02 @ 21:27:38-<
<<Entering ONX 08/11/02 @ 21:27:38>>
 ONX                  :: Kx[2] CheckSum  = 0.6677502968803358D+02
 ONX                  :: CPU Sec = 0.72D+03, WALL Sec = 0.71D+04
 ONX                  :: Allocs=258,  DeAllocs=258, 0 bytes are presently allocated.
                         A max of 333688656 bytes were allocated.
>-Exiting ONX 08/11/02 @ 23:26:01-<
<<Entering FockNGrueven 08/11/02 @ 23:26:01>>
 FockNGrueven         :: F[2] CheckSum  = 0.2105360841607008D+03
 FockNGrueven         :: OrthoF[2] CheckSum  = 0.1961734660549616D+03
 FockNGrueven         :: CPU (Sec,MFLOPS) = (0.23D+02, 439),
                         WALL(Sec,MFLOPS) = (0.30D+02, 330)
 FockNGrueven         :: Allocs=41,  DeAllocs=37, 12367004 bytes are presently allocated.
                         A max of 74563500 bytes were allocated.
>-Exiting FockNGrueven 08/11/02 @ 23:26:31-<
<<Entering DIIS 08/11/02 @ 23:26:31>>
 DIIS                 :: Cond# = 0.10D+04, MIN(E) = 0.41D-02
 DIIS : Pulay C1      :: DIISCo = 0.95D+00, 0.49D-01
 DIIS                 :: F_DIIS[2] CheckSum  = 0.1961699316862207D+03
 DIIS                 :: CPU (Sec,MFLOPS) = (0.11D+02, 395),
                         WALL(Sec,MFLOPS) = (0.19D+02, 233)
 DIIS                 :: Allocs=45,  DeAllocs=40, 216 bytes are presently allocated.
                         A max of 99770948 bytes were allocated.
>-Exiting DIIS 08/11/02 @ 23:26:51-<
<<Entering NT4 08/11/02 @ 23:26:51>>
 NT4                  :: Trix = 0.10D-02
 NT4 : Pure 1         :: dE=0.10D+01, dP=0.59D+00, ThrX=0.10D-02, %Non0=9
 NT4 : Pure 2         :: dE=0.16D+00, dP=0.61D+00, ThrX=0.10D-02, %Non0=9
 NT4 : Pure 3         :: dE=0.51D+00, dP=0.59D+00, ThrX=0.10D-02, %Non0=9
 NT4 : Pure 4         :: dE=0.36D+00, dP=0.58D+00, ThrX=0.10D-02, %Non0=9
 NT4 : Pure 5         :: dE=0.35D+00, dP=0.52D+00, ThrX=0.10D-02, %Non0=9
 NT4 : Pure 6         :: dE=0.26D+00, dP=0.61D+00, ThrX=0.10D-02, %Non0=9
 NT4 : Pure 7         :: dE=0.29D+00, dP=0.51D+00, ThrX=0.10D-02, %Non0=9
 NT4 : Pure 8         :: dE=0.92D-01, dP=0.33D+00, ThrX=0.10D-02, %Non0=15
 NT4 : Pure 9         :: dE=0.63D-01, dP=0.31D+00, ThrX=0.10D-02, %Non0=18
 NT4 : Pure 10        :: dE=0.34D-01, dP=0.24D+00, ThrX=0.10D-02, %Non0=20
 NT4 : Pure 11        :: dE=0.16D-01, dP=0.18D+00, ThrX=0.10D-02, %Non0=20
 NT4 : Pure 12        :: dE=0.75D-02, dP=0.13D+00, ThrX=0.10D-02, %Non0=20
 NT4 : Pure 13        :: dE=0.31D-02, dP=0.88D-01, ThrX=0.10D-02, %Non0=20
 NT4 : Pure 14        :: dE=0.65D-03, dP=0.49D-01, ThrX=0.10D-02, %Non0=20
 NT4 : Pure 15        :: dE=0.46D-04, dP=0.13D-01, ThrX=0.10D-02, %Non0=20
 NT4 : Pure 16        :: dE=0.11D-05, dP=0.18D-02, ThrX=0.10D-02, %Non0=21
 NT4 : Hit dE increase:: Tr{FP}=-.1653856144736951D+04, dNel = 0.91D-12
 NT4                  :: 16 purification steps, 32 matrix multiplies, %Non0s = 21
 NT4 : Max abs errors :: dE=0.18D-02, dP=0.18D-02, [F,P]=0.68D-01
 NT4                  :: Rel dE=0.11D-05, ||dP||_F=0.26D-01, ||[F,P]||_F=0.14D+01
 NT4                  :: OrthoP[3] CheckSum  = 0.1870833665232671D+02
 NT4                  :: P[3] CheckSum  = 0.1322819606696053D+02
 NT4                  :: CPU (Sec,MFLOPS) = (0.73D+02, 413),
                         WALL(Sec,MFLOPS) = (0.78D+02, 385)
 NT4                  :: Allocs=233,  DeAllocs=229, 24853660 bytes are presently allocated.
                         A max of 149124492 bytes were allocated.
>-Exiting NT4 08/11/02 @ 23:28:09-<
<<Entering SCFStatus 08/11/02 @ 23:28:10>>
 
= = = = = SCFCycle #2, Basis #1, Geometry #1 = = = = =

       DIISErr = 0.78D-03
       MaxDelD = 0.35D-01
       <T>     = 0.53104924D+04
       <V>     = -.10004000D+05
       <HF>    = -.62827976D+03
       <SCF>   = -5321.78723357

 SCFStatus            :: CPU (Sec,MFLOPS) = (0.88D+00, 13),
                         WALL(Sec,MFLOPS) = (0.89D+00, 13)
 SCFStatus            :: Allocs=16,  DeAllocs=16, 0 bytes are presently allocated.
                         A max of 74563500 bytes were allocated.
>-Exiting SCFStatus 08/11/02 @ 23:28:11-<
<<Entering MakeRho 08/11/02 @ 23:28:12>>
 MakeRho : Pruned Rho :: dNel = 0.12D-03, kept 15% of distributions.
 MakeRho : Moments    :: <r> = (-.21D+01, 0.21D+00, -.30D+01), <r^2> = 0.43D+03
 ... ning Warning  Warning  Warning Wa ...
MakeRho              :: relative error in density = 0.18D-06. Distribution threshold =
 MakeRho              :: Rho CheckSum  = 0.1077971240823275D+05
 MakeRho              :: CPU Sec = 0.47D+02, WALL Sec = 0.49D+02
 MakeRho              :: Allocs=64,  DeAllocs=59, 1192 bytes are presently allocated.
                         A max of 78499980 bytes were allocated.
>-Exiting MakeRho 08/11/02 @ 23:29:00-<
<<Entering QCTC 08/11/02 @ 23:29:00>>
 QCTC                 :: J[3] CheckSum  = 0.3887393648419800D+03
 QCTC                 :: WALL (Sec) = 0.29D+04
 QCTC                 :: Allocs=774258,  DeAllocs=50, 82234200 bytes are presently allocated.
                         A max of 131973064 bytes were allocated.
>-Exiting QCTC 08/12/02 @ 00:16:38-<
<<Entering ONX 08/12/02 @ 00:16:38>>
 ONX                  :: Kx[3] CheckSum  = 0.6677116210726767D+02
 ONX                  :: CPU Sec = 0.73D+03, WALL Sec = 0.51D+04
 ONX                  :: Allocs=258,  DeAllocs=258, 0 bytes are presently allocated.
                         A max of 333734432 bytes were allocated.
>-Exiting ONX 08/12/02 @ 01:41:14-<
<<Entering FockNGrueven 08/12/02 @ 01:41:14>>
 FockNGrueven         :: F[3] CheckSum  = 0.2105665554421763D+03
 FockNGrueven         :: OrthoF[3] CheckSum  = 0.1961877532811372D+03
 FockNGrueven         :: CPU (Sec,MFLOPS) = (0.23D+02, 437),
                         WALL(Sec,MFLOPS) = (0.30D+02, 329)
 FockNGrueven         :: Allocs=41,  DeAllocs=37, 12367004 bytes are presently allocated.
                         A max of 74563500 bytes were allocated.
>-Exiting FockNGrueven 08/12/02 @ 01:41:44-<
<<Entering DIIS 08/12/02 @ 01:41:44>>
 DIIS                 :: Cond# = 0.15D+04, MIN(E) = 0.39D-02
 DIIS : Pulay C1      :: DIISCo = 0.95D+00, -.85D-01, 0.14D+00
 DIIS                 :: F_DIIS[3] CheckSum  = 0.1961718736883243D+03
 DIIS                 :: CPU (Sec,MFLOPS) = (0.13D+02, 359),
                         WALL(Sec,MFLOPS) = (0.21D+02, 221)
 DIIS                 :: Allocs=53,  DeAllocs=48, 272 bytes are presently allocated.
                         A max of 99770948 bytes were allocated.
>-Exiting DIIS 08/12/02 @ 01:42:05-<
<<Entering NT4 08/12/02 @ 01:42:05>>
 NT4                  :: Trix = 0.10D-02
 NT4 : Pure 1         :: dE=0.10D+01, dP=0.59D+00, ThrX=0.10D-02, %Non0=9
 NT4 : Pure 2         :: dE=0.16D+00, dP=0.61D+00, ThrX=0.10D-02, %Non0=9
 NT4 : Pure 3         :: dE=0.51D+00, dP=0.59D+00, ThrX=0.10D-02, %Non0=9
 NT4 : Pure 4         :: dE=0.36D+00, dP=0.58D+00, ThrX=0.10D-02, %Non0=9
 NT4 : Pure 5         :: dE=0.35D+00, dP=0.52D+00, ThrX=0.10D-02, %Non0=9
 NT4 : Pure 6         :: dE=0.26D+00, dP=0.61D+00, ThrX=0.10D-02, %Non0=9
 NT4 : Pure 7         :: dE=0.29D+00, dP=0.51D+00, ThrX=0.10D-02, %Non0=9
 NT4 : Pure 8         :: dE=0.92D-01, dP=0.33D+00, ThrX=0.10D-02, %Non0=15
 NT4 : Pure 9         :: dE=0.63D-01, dP=0.31D+00, ThrX=0.10D-02, %Non0=18
 NT4 : Pure 10        :: dE=0.34D-01, dP=0.24D+00, ThrX=0.10D-02, %Non0=20
 NT4 : Pure 11        :: dE=0.16D-01, dP=0.18D+00, ThrX=0.10D-02, %Non0=20
 NT4 : Pure 12        :: dE=0.75D-02, dP=0.13D+00, ThrX=0.10D-02, %Non0=20
 NT4 : Pure 13        :: dE=0.31D-02, dP=0.88D-01, ThrX=0.10D-02, %Non0=20
 NT4 : Pure 14        :: dE=0.65D-03, dP=0.49D-01, ThrX=0.10D-02, %Non0=20
 NT4 : Pure 15        :: dE=0.46D-04, dP=0.13D-01, ThrX=0.10D-02, %Non0=20
 NT4 : Pure 16        :: dE=0.11D-05, dP=0.18D-02, ThrX=0.10D-02, %Non0=21
 NT4 : Hit dE increase:: Tr{FP}=-.1653915434976477D+04, dNel = 0.23D-12
 NT4                  :: 16 purification steps, 32 matrix multiplies, %Non0s = 21
 NT4 : Max abs errors :: dE=0.19D-02, dP=0.18D-02, [F,P]=0.68D-01
 NT4                  :: Rel dE=0.11D-05, ||dP||_F=0.26D-01, ||[F,P]||_F=0.14D+01
 NT4                  :: OrthoP[4] CheckSum  = 0.1870833501946757D+02
 NT4                  :: P[4] CheckSum  = 0.1322847430413842D+02
 NT4                  :: CPU (Sec,MFLOPS) = (0.73D+02, 412),
                         WALL(Sec,MFLOPS) = (0.79D+02, 384)
 NT4                  :: Allocs=233,  DeAllocs=229, 24853660 bytes are presently allocated.
                         A max of 149124492 bytes were allocated.
>-Exiting NT4 08/12/02 @ 01:43:24-<
<<Entering SCFStatus 08/12/02 @ 01:43:24>>
 
= = = = = SCFCycle #3, Basis #1, Geometry #1 = = = = =

       DIISErr = 0.78D-03
       MaxDelD = 0.10D-01
       <T>     = 0.53096106D+04
       <V>     = -.10003195D+05
       <HF>    = -.62816982D+03
       <SCF>   = -5321.75435266

 SCFStatus            :: CPU (Sec,MFLOPS) = (0.88D+00, 13),
                         WALL(Sec,MFLOPS) = (0.89D+00, 13)
 SCFStatus            :: Allocs=16,  DeAllocs=16, 0 bytes are presently allocated.
                         A max of 74563500 bytes were allocated.
>-Exiting SCFStatus 08/12/02 @ 01:43:25-<
<<Entering MakeRho 08/12/02 @ 01:43:26>>
 MakeRho : Pruned Rho :: dNel = 0.11D-03, kept 15% of distributions.
 MakeRho : Moments    :: <r> = (-.21D+01, 0.21D+00, -.30D+01), <r^2> = 0.43D+03
 ... ning Warning  Warning  Warning Wa ...
MakeRho              :: relative error in density = 0.16D-06. Distribution threshold =
 MakeRho              :: Rho CheckSum  = 0.1077978422991430D+05
 MakeRho              :: CPU Sec = 0.47D+02, WALL Sec = 0.49D+02
 MakeRho              :: Allocs=64,  DeAllocs=59, 1192 bytes are presently allocated.
                         A max of 78502092 bytes were allocated.
>-Exiting MakeRho 08/12/02 @ 01:44:14-<
<<Entering QCTC 08/12/02 @ 01:44:15>>
 QCTC                 :: J[4] CheckSum  = 0.3887367485091769D+03
 QCTC                 :: WALL (Sec) = 0.29D+04
 QCTC                 :: Allocs=774238,  DeAllocs=50, 82230496 bytes are presently allocated.
                         A max of 131969360 bytes were allocated.
>-Exiting QCTC 08/12/02 @ 02:31:56-<
<<Entering ONX 08/12/02 @ 02:31:56>>
 ONX                  :: Kx[4] CheckSum  = 0.6677151370490998D+02
 ONX                  :: CPU Sec = 0.74D+03, WALL Sec = 0.51D+04
 ONX                  :: Allocs=258,  DeAllocs=258, 0 bytes are presently allocated.
                         A max of 333733280 bytes were allocated.
>-Exiting ONX 08/12/02 @ 03:57:11-<
<<Entering FockNGrueven 08/12/02 @ 03:57:11>>
 FockNGrueven         :: F[4] CheckSum  = 0.2105642206640988D+03
 FockNGrueven         :: OrthoF[4] CheckSum  = 0.1961866556725081D+03
 FockNGrueven         :: CPU (Sec,MFLOPS) = (0.23D+02, 440),
                         WALL(Sec,MFLOPS) = (0.30D+02, 332)
 FockNGrueven         :: Allocs=41,  DeAllocs=37, 12367004 bytes are presently allocated.
                         A max of 74563500 bytes were allocated.
>-Exiting FockNGrueven 08/12/02 @ 03:57:41-<
<<Entering DIIS 08/12/02 @ 03:57:41>>
 DIIS                 :: Cond# = 0.79D+04, MIN(E) = 0.10D-02
 DIIS : Pulay C1      :: DIISCo = 0.94D+00, -.80D-01, -.14D+01, 0.15D+01
 DIIS                 :: F_DIIS[4] CheckSum  = 0.1961703200165226D+03
 DIIS                 :: CPU (Sec,MFLOPS) = (0.14D+02, 328),
                         WALL(Sec,MFLOPS) = (0.22D+02, 210)
 DIIS                 :: Allocs=62,  DeAllocs=57, 344 bytes are presently allocated.
                         A max of 99770948 bytes were allocated.
>-Exiting DIIS 08/12/02 @ 03:58:03-<
<<Entering NT4 08/12/02 @ 03:58:03>>
 NT4                  :: Trix = 0.10D-02
 NT4 : Pure 1         :: dE=0.10D+01, dP=0.59D+00, ThrX=0.10D-02, %Non0=9
 NT4 : Pure 2         :: dE=0.16D+00, dP=0.61D+00, ThrX=0.10D-02, %Non0=9
 NT4 : Pure 3         :: dE=0.51D+00, dP=0.59D+00, ThrX=0.10D-02, %Non0=9
 NT4 : Pure 4         :: dE=0.36D+00, dP=0.58D+00, ThrX=0.10D-02, %Non0=9
 NT4 : Pure 5         :: dE=0.35D+00, dP=0.52D+00, ThrX=0.10D-02, %Non0=9
 NT4 : Pure 6         :: dE=0.26D+00, dP=0.61D+00, ThrX=0.10D-02, %Non0=9
 NT4 : Pure 7         :: dE=0.29D+00, dP=0.51D+00, ThrX=0.10D-02, %Non0=9
 NT4 : Pure 8         :: dE=0.92D-01, dP=0.33D+00, ThrX=0.10D-02, %Non0=15
 NT4 : Pure 9         :: dE=0.63D-01, dP=0.31D+00, ThrX=0.10D-02, %Non0=18
 NT4 : Pure 10        :: dE=0.34D-01, dP=0.24D+00, ThrX=0.10D-02, %Non0=20
 NT4 : Pure 11        :: dE=0.16D-01, dP=0.18D+00, ThrX=0.10D-02, %Non0=20
 NT4 : Pure 12        :: dE=0.75D-02, dP=0.13D+00, ThrX=0.10D-02, %Non0=20
 NT4 : Pure 13        :: dE=0.31D-02, dP=0.88D-01, ThrX=0.10D-02, %Non0=20
 NT4 : Pure 14        :: dE=0.65D-03, dP=0.49D-01, ThrX=0.10D-02, %Non0=20
 NT4 : Pure 15        :: dE=0.46D-04, dP=0.13D-01, ThrX=0.10D-02, %Non0=20
 NT4 : Pure 16        :: dE=0.11D-05, dP=0.18D-02, ThrX=0.10D-02, %Non0=21
 NT4 : Hit dE increase:: Tr{FP}=-.1653868773220024D+04, dNel = 0.45D-12
 NT4                  :: 16 purification steps, 32 matrix multiplies, %Non0s = 21
 NT4 : Max abs errors :: dE=0.18D-02, dP=0.18D-02, [F,P]=0.68D-01
 NT4                  :: Rel dE=0.11D-05, ||dP||_F=0.26D-01, ||[F,P]||_F=0.14D+01
 NT4                  :: OrthoP[5] CheckSum  = 0.1870833594630364D+02
 NT4                  :: P[5] CheckSum  = 0.1322844324905629D+02
 NT4                  :: CPU (Sec,MFLOPS) = (0.73D+02, 412),
                         WALL(Sec,MFLOPS) = (0.79D+02, 383)
 NT4                  :: Allocs=233,  DeAllocs=229, 24853660 bytes are presently allocated.
                         A max of 149124492 bytes were allocated.
>-Exiting NT4 08/12/02 @ 03:59:22-<
<<Entering SCFStatus 08/12/02 @ 03:59:22>>
 
= = = = = SCFCycle #4, Basis #1, Geometry #1 = = = = =

       DIISErr = 0.78D-03
       MaxDelD = 0.93D-02
       <T>     = 0.53096853D+04
       <V>     = -.10003259D+05
       <HF>    = -.62817990D+03
       <SCF>   = -5321.75368859

 SCFStatus            :: CPU (Sec,MFLOPS) = (0.85D+00, 14),
                         WALL(Sec,MFLOPS) = (0.89D+00, 13)
 SCFStatus            :: Allocs=16,  DeAllocs=16, 0 bytes are presently allocated.
                         A max of 74563500 bytes were allocated.
>-Exiting SCFStatus 08/12/02 @ 03:59:23-<
<<Entering MakeRho 08/12/02 @ 03:59:24>>
 MakeRho : Pruned Rho :: dNel = 0.13D-03, kept 15% of distributions.
 MakeRho : Moments    :: <r> = (-.21D+01, 0.21D+00, -.30D+01), <r^2> = 0.43D+03
 ... ning Warning  Warning  Warning Wa ...
MakeRho              :: relative error in density = 0.18D-06. Distribution threshold =
 MakeRho              :: Rho CheckSum  = 0.1077974407687536D+05
 MakeRho              :: CPU Sec = 0.47D+02, WALL Sec = 0.48D+02
 MakeRho              :: Allocs=64,  DeAllocs=59, 1192 bytes are presently allocated.
                         A max of 78501116 bytes were allocated.
>-Exiting MakeRho 08/12/02 @ 04:00:12-<
<<Entering QCTC 08/12/02 @ 04:00:12>>
 QCTC                 :: J[5] CheckSum  = 0.3887389080392458D+03
 QCTC                 :: WALL (Sec) = 0.29D+04
 QCTC                 :: Allocs=774213,  DeAllocs=50, 82229104 bytes are presently allocated.
                         A max of 131967968 bytes were allocated.
>-Exiting QCTC 08/12/02 @ 04:47:54-<
<<Entering ONX 08/12/02 @ 04:47:55>>
 ONX                  :: Kx[5] CheckSum  = 0.6677126280569260D+02
 ONX                  :: CPU Sec = 0.73D+03, WALL Sec = 0.51D+04
 ONX                  :: Allocs=258,  DeAllocs=258, 0 bytes are presently allocated.
                         A max of 333734656 bytes were allocated.
>-Exiting ONX 08/12/02 @ 06:12:19-<
<<Entering FockNGrueven 08/12/02 @ 06:12:20>>
 FockNGrueven         :: F[5] CheckSum  = 0.2105661448820243D+03
 FockNGrueven         :: OrthoF[5] CheckSum  = 0.1961874892351375D+03
 FockNGrueven         :: CPU (Sec,MFLOPS) = (0.23D+02, 435),
                         WALL(Sec,MFLOPS) = (0.30D+02, 330)
 FockNGrueven         :: Allocs=41,  DeAllocs=37, 12367004 bytes are presently allocated.
                         A max of 74563500 bytes were allocated.
>-Exiting FockNGrueven 08/12/02 @ 06:12:50-<
<<Entering DIIS 08/12/02 @ 06:12:50>>
 DIIS                 :: Cond# = 0.25D+05, MIN(E) = 0.39D-03
 DIIS : Pulay C1      :: DIISCo = 0.94D+00, -.80D-01, -.11D+01,
                                  0.21D+01, -.90D+00
 DIIS                 :: F_DIIS[5] CheckSum  = 0.1961699405763229D+03
 DIIS                 :: CPU (Sec,MFLOPS) = (0.15D+02, 298),
                         WALL(Sec,MFLOPS) = (0.23D+02, 197)
 DIIS                 :: Allocs=72,  DeAllocs=67, 432 bytes are presently allocated.
                         A max of 99770948 bytes were allocated.
>-Exiting DIIS 08/12/02 @ 06:13:13-<
<<Entering NT4 08/12/02 @ 06:13:13>>
 NT4                  :: Trix = 0.10D-02
 NT4 : Pure 1         :: dE=0.10D+01, dP=0.59D+00, ThrX=0.10D-02, %Non0=9
 NT4 : Pure 2         :: dE=0.16D+00, dP=0.61D+00, ThrX=0.10D-02, %Non0=9
 NT4 : Pure 3         :: dE=0.51D+00, dP=0.59D+00, ThrX=0.10D-02, %Non0=9
 NT4 : Pure 4         :: dE=0.36D+00, dP=0.58D+00, ThrX=0.10D-02, %Non0=9
 NT4 : Pure 5         :: dE=0.35D+00, dP=0.52D+00, ThrX=0.10D-02, %Non0=9
 NT4 : Pure 6         :: dE=0.26D+00, dP=0.61D+00, ThrX=0.10D-02, %Non0=9
 NT4 : Pure 7         :: dE=0.29D+00, dP=0.51D+00, ThrX=0.10D-02, %Non0=9
 NT4 : Pure 8         :: dE=0.92D-01, dP=0.33D+00, ThrX=0.10D-02, %Non0=15
 NT4 : Pure 9         :: dE=0.63D-01, dP=0.31D+00, ThrX=0.10D-02, %Non0=18
 NT4 : Pure 10        :: dE=0.34D-01, dP=0.24D+00, ThrX=0.10D-02, %Non0=20
 NT4 : Pure 11        :: dE=0.16D-01, dP=0.18D+00, ThrX=0.10D-02, %Non0=20
 NT4 : Pure 12        :: dE=0.75D-02, dP=0.13D+00, ThrX=0.10D-02, %Non0=20
 NT4 : Pure 13        :: dE=0.31D-02, dP=0.88D-01, ThrX=0.10D-02, %Non0=20
 NT4 : Pure 14        :: dE=0.65D-03, dP=0.49D-01, ThrX=0.10D-02, %Non0=20
 NT4 : Pure 15        :: dE=0.46D-04, dP=0.13D-01, ThrX=0.10D-02, %Non0=20
 NT4 : Pure 16        :: dE=0.11D-05, dP=0.18D-02, ThrX=0.10D-02, %Non0=21
 NT4 : Hit dE increase:: Tr{FP}=-.1653854652939217D+04, dNel = 0.80D-12
 NT4                  :: 16 purification steps, 32 matrix multiplies, %Non0s = 21
 NT4 : Max abs errors :: dE=0.18D-02, dP=0.18D-02, [F,P]=0.68D-01
 NT4                  :: Rel dE=0.11D-05, ||dP||_F=0.26D-01, ||[F,P]||_F=0.14D+01
 NT4                  :: OrthoP[6] CheckSum  = 0.1870833572332726D+02
 NT4                  :: P[6] CheckSum  = 0.1322840424000816D+02
 NT4                  :: CPU (Sec,MFLOPS) = (0.73D+02, 411),
                         WALL(Sec,MFLOPS) = (0.79D+02, 383)
 NT4                  :: Allocs=233,  DeAllocs=229, 24853660 bytes are presently allocated.
                         A max of 149124492 bytes were allocated.
>-Exiting NT4 08/12/02 @ 06:14:33-<
<<Entering SCFStatus 08/12/02 @ 06:14:33>>
 
= = = = = SCFCycle #5, Basis #1, Geometry #1 = = = = =

       DIISErr = 0.78D-03
       MaxDelD = 0.92D-02
       <T>     = 0.53096290D+04
       <V>     = -.10003210D+05
       <HF>    = -.62817262D+03
       <SCF>   = -5321.75356899

 SCFStatus            :: CPU (Sec,MFLOPS) = (0.89D+00, 13),
                         WALL(Sec,MFLOPS) = (0.90D+00, 13)
 SCFStatus            :: Allocs=16,  DeAllocs=16, 0 bytes are presently allocated.
                         A max of 74563500 bytes were allocated.
>-Exiting SCFStatus 08/12/02 @ 06:14:34-<
 SCF convergence stalled.
 Convergence statistics for RHFx/6-31Gss:
========================================================================
SCF    Ink       Total             Delta       Max         DIIS   
Cycle  Fok       Energy            E_Tot       Delta P     Error  
  0,    F,           0.00000000, 0.0000D+00, 0.0000D+00, 0.0000D+00, 
  1,    F,       -5321.79321205, 0.1044D-03, 0.7452D-01, 0.0000D+00, 
  2,    F,       -5321.78723357, 0.1123D-05, 0.1946D-01, 0.7760D-03, 
  3,    F,       -5321.75435266, 0.6179D-05, 0.2512D-01, 0.7830D-03, 
  4,    F,       -5321.75368859, 0.1248D-06, 0.8336D-03, 0.7821D-03, 
  5,    F,       -5321.75356899, 0.2247D-07, 0.1021D-04, 0.7827D-03, 
========================================================================
>-Succesfull MondoSCF run 08/12/02 @ 06:14:35-<
