  prun -n 128 /scratch2/valeryw/MondoExec/MakePFFT MeOH_128_1435212 OneElectronM
 atrices 0 1 1 0 1 1
  prun -n 128 /scratch2/valeryw/MondoExec/MakeS MeOH_128_1435212 OneElectronMatr
 ices 0 1 1 0 1 1
  prun -n 128 /scratch2/valeryw/MondoExec/AInv MeOH_128_1435212 OneElectronMatri
 ces 0 1 1 0 1 1
  prun -n 128 /scratch2/valeryw/MondoExec/MakeT MeOH_128_1435212 OneElectronMatr
 ices 0 1 1 0 1 1
  prun -n 128 /scratch2/valeryw/MondoExec/P2Use MeOH_128_1435212 DensitySuperpos
 ition 0 1 1 0 1 1
  prun -n 128 /scratch2/valeryw/MondoExec/MakeRho MeOH_128_1435212 DensitySuperp
 osition 0 1 1 0 1 1
  prun -n 128 /scratch2/valeryw/MondoExec/QCTC MeOH_128_1435212 DensitySuperposi
 tion 0 1 1 0 1 1
  prun -n 128 /scratch2/valeryw/MondoExec/ONX MeOH_128_1435212 DensitySuperposit
 ion 0 1 1 0 1 1
  prun -n 128 /scratch2/valeryw/MondoExec/FBuild MeOH_128_1435212 DensitySuperpo
 sition 0 1 1 0 1 1
  prun -n 128 /scratch2/valeryw/MondoExec/TS4 MeOH_128_1435212 DensitySuperposit
 ion 0 1 1 0 1 1
  prun -n 128 /scratch2/valeryw/MondoExec/SCFstats MeOH_128_1435212 DensitySuper
 position 0 1 1 0 1 1
  prun -n 128 /scratch2/valeryw/MondoExec/MakeRho MeOH_128_1435212 DensityNormal
  1 1 1 0 1 1
  prun -n 128 /scratch2/valeryw/MondoExec/QCTC MeOH_128_1435212 DensityNormal 1 
 1 1 0 1 1
  prun -n 128 /scratch2/valeryw/MondoExec/ONX MeOH_128_1435212 DensityNormal 1 1
  1 0 1 1
  prun -n 128 /scratch2/valeryw/MondoExec/FBuild MeOH_128_1435212 DensityNormal 
 1 1 1 0 1 1
  prun -n 128 /scratch2/valeryw/MondoExec/DIIS MeOH_128_1435212 DensityNormal 1 
 1 1 0 1 1
  prun -n 128 /scratch2/valeryw/MondoExec/TS4 MeOH_128_1435212 DensityNormal 1 1
  1 0 1 1
  prun -n 128 /scratch2/valeryw/MondoExec/SCFstats MeOH_128_1435212 DensityNorma
 l 1 1 1 0 1 1
  prun -n 128 /scratch2/valeryw/MondoExec/MakeRho MeOH_128_1435212 DensityNormal
  2 1 1 1 1 1
  prun -n 128 /scratch2/valeryw/MondoExec/QCTC MeOH_128_1435212 DensityNormal 2 
 1 1 1 1 1
  prun -n 128 /scratch2/valeryw/MondoExec/ONX MeOH_128_1435212 DensityNormal 2 1
  1 1 1 1
  prun -n 128 /scratch2/valeryw/MondoExec/FBuild MeOH_128_1435212 DensityNormal 
 2 1 1 1 1 1
  prun -n 128 /scratch2/valeryw/MondoExec/DIIS MeOH_128_1435212 DensityNormal 2 
 1 1 1 1 1
  prun -n 128 /scratch2/valeryw/MondoExec/TS4 MeOH_128_1435212 DensityNormal 2 1
  1 1 1 1
  prun -n 128 /scratch2/valeryw/MondoExec/SCFstats MeOH_128_1435212 DensityNorma
 l 2 1 1 1 1 1
  prun -n 128 /scratch2/valeryw/MondoExec/MakeRho MeOH_128_1435212 DensityNormal
  3 1 1 2 1 1
  prun -n 128 /scratch2/valeryw/MondoExec/QCTC MeOH_128_1435212 DensityNormal 3 
 1 1 2 1 1
  prun -n 128 /scratch2/valeryw/MondoExec/ONX MeOH_128_1435212 DensityNormal 3 1
  1 2 1 1
  prun -n 128 /scratch2/valeryw/MondoExec/FBuild MeOH_128_1435212 DensityNormal 
 3 1 1 2 1 1
  prun -n 128 /scratch2/valeryw/MondoExec/DIIS MeOH_128_1435212 DensityNormal 3 
 1 1 2 1 1
  prun -n 128 /scratch2/valeryw/MondoExec/TS4 MeOH_128_1435212 DensityNormal 3 1
  1 2 1 1
  prun -n 128 /scratch2/valeryw/MondoExec/SCFstats MeOH_128_1435212 DensityNorma
 l 3 1 1 2 1 1
  prun -n 128 /scratch2/valeryw/MondoExec/MakeRho MeOH_128_1435212 DensityNormal
  4 1 1 3 1 1
  prun -n 128 /scratch2/valeryw/MondoExec/QCTC MeOH_128_1435212 DensityNormal 4 
 1 1 3 1 1
  prun -n 128 /scratch2/valeryw/MondoExec/ONX MeOH_128_1435212 DensityNormal 4 1
  1 3 1 1
  prun -n 128 /scratch2/valeryw/MondoExec/FBuild MeOH_128_1435212 DensityNormal 
 4 1 1 3 1 1
  prun -n 128 /scratch2/valeryw/MondoExec/DIIS MeOH_128_1435212 DensityNormal 4 
 1 1 3 1 1
  prun -n 128 /scratch2/valeryw/MondoExec/TS4 MeOH_128_1435212 DensityNormal 4 1
  1 3 1 1
  prun -n 128 /scratch2/valeryw/MondoExec/SCFstats MeOH_128_1435212 DensityNorma
 l 4 1 1 3 1 1
  prun -n 128 /scratch2/valeryw/MondoExec/MakePFFT MeOH_128_1435212 OneElectronM
 atrices 0 2 1 4 1 1
  prun -n 128 /scratch2/valeryw/MondoExec/MakeS MeOH_128_1435212 OneElectronMatr
 ices 0 2 1 4 1 1
  prun -n 128 /scratch2/valeryw/MondoExec/AInv MeOH_128_1435212 OneElectronMatri
 ces 0 2 1 4 1 1
  prun -n 128 /scratch2/valeryw/MondoExec/MakeT MeOH_128_1435212 OneElectronMatr
 ices 0 2 1 4 1 1
  prun -n 128 /scratch2/valeryw/MondoExec/MakeRho MeOH_128_1435212 BasisSetSwitc
 h 0 2 1 5 1 1
  prun -n 128 /scratch2/valeryw/MondoExec/QCTC MeOH_128_1435212 BasisSetSwitch 0
  2 1 5 1 1
  prun -n 128 /scratch2/valeryw/MondoExec/ONX MeOH_128_1435212 BasisSetSwitch 0 
 2 1 5 1 1
  prun -n 128 /scratch2/valeryw/MondoExec/FBuild MeOH_128_1435212 BasisSetSwitch
  0 2 1 5 1 1
  prun -n 128 /scratch2/valeryw/MondoExec/TS4 MeOH_128_1435212 BasisSetSwitch 0 
 2 1 5 1 1
  prun -n 128 /scratch2/valeryw/MondoExec/SCFstats MeOH_128_1435212 BasisSetSwit
 ch 0 2 1 5 1 1
  prun -n 128 /scratch2/valeryw/MondoExec/MakeRho MeOH_128_1435212 DensityNormal
  1 2 1 0 2 1
  prun -n 128 /scratch2/valeryw/MondoExec/QCTC MeOH_128_1435212 DensityNormal 1 
 2 1 0 2 1
 Unknown error: < prun -n 128 /scratch2/valeryw/MondoExec/QCTC MeOH_128_1435212 
 DensityNormal 1 2 1 0 2 1>
