

 __    __                 _       ____________ ______ 
|  \  /  |               | |     /       /    |      |
|   \/   | ___  _ __   __| | ___/   ____/   __|  |==='
|        |/ _ \| '_ \ / _  |/ _ \____  \   (__|  ____|
|  |\/|  | (_) | | | | (_| | (_) )     /\     |  |    
|__|  |__|\___/|_| |_|\____|\___/_____/  \____|__|    

 Version 1.0 alpha 10 "Gyokuro"                       
 A program suite for O(N) SCF theory and ab initio MD 
 Matt Challacombe, C.J. Tymczak,                      
 Chee Kwan Gan, Karoly Nemeth, Valery Weber,          
 Eric Schwegler and Anders Niklasson                  
 Los Alamos National Laboratory                       
 LA-CC-04-086 (formerly 01-2)                         
 Compiled for True64.COMPAQ, executing on qsc96
 a alpha machine running OSF1 V5
 .1
 
 Current HDF :: /scratch2/valeryw/MondoScratch/MeOH_64/MeOH_64_928695.hdf
<<Starting MondoSCF 12/22/04 @ 15:23:47>>
<< Entering MakePFFT 12/22/04 @ 15:23:54>>
 MakePFFT               :: WALL Sec = 0.40D+01, NProc = 1
>-Exiting MakePFFT 12/22/04 @ 15:23:59-<
<< Entering MakeS 12/22/04 @ 15:24:05>>
 MakeS                  :: S CheckSum  = 0.3475105358302544D+02                                                                  
 MakeS                  :: Parallel Statistics
                     Imblnce = 0.12D-01
                     MinTime = 0.13D+01

                      AvgTime = 0.13D+01
                     MaxTime = 0.13D+01
 MakeS                  :: WALL Sec = 0.13D+01, NProc = 64
>-Exiting MakeS 12/22/04 @ 15:24:06-<
<< Entering BlokAInv 12/22/04 @ 15:24:13>>
 BlokAInv               :: WALL (Sec,MFLOPS) = (0.19D+01, 58), NProc = 1
 BlokAInv               :: Max(Z^t.A.Z-I)=0.13D-03, TrixThrsh=0.10D-03
 BlokAInv               :: Z CheckSum  = 0.3747356762432822D+02
 BlokAInv               :: WALL (Sec,MFLOPS) = (0.30D+01, 79), NProc = 1
>-Exiting BlokAInv 12/22/04 @ 15:24:16-<
<< Entering MakeT 12/22/04 @ 15:24:22>>
 MakeT                  :: T CheckSum  = 0.2681483362191997D+03                                                                  
 MakeT                  :: Parallel Statistics
                     Imblnce = 0.15D-01
                     MinTime = 0.87D+00

                      AvgTime = 0.90D+00
                     MaxTime = 0.92D+00
 MakeT                  :: WALL Sec = 0.92D+00, NProc = 64
>-Exiting MakeT 12/22/04 @ 15:24:23-<
<< Entering P2Use 12/22/04 @ 15:24:30>>
 P2Use                  :: P[0] CheckSum  = 0.3477305440142202D+02                                                               
 P2Use                  :: Parallel Statistics
                     Imblnce = 0.33D-02
                     MinTime = 0.25D+01

                      AvgTime = 0.26D+01
                     MaxTime = 0.26D+01
 P2Use                  :: WALL (Sec,MFLOPS) = (0.25D+01, 8), NProc = 64
>-Exiting P2Use 12/22/04 @ 15:24:33-<
<< Entering MakeRho 12/22/04 @ 15:24:40>>
 MakeRho : Pruned Rho   :: dNel = 0.45D-04, kept 100% of distributions.
 MakeRho : Moments      :: <r> = (0.49D+02, 0.66D+02, 0.57D+02), <r^2> = 0.92D+0
 3
 MakeRho                :: Rho CheckSum  = 0.9927498085436244D+04
 MakeRho                :: Parallel Statistics
                     Imblnce = 0.43D-02
                     MinTime = 0.29D+01

                      AvgTime = 0.29D+01
                     MaxTime = 0.30D+01
 MakeRho                :: WALL Sec = 0.30D+01, NProc = 64
>-Exiting MakeRho 12/22/04 @ 15:24:43-<
<< Entering QCTC 12/22/04 @ 15:24:49>>
 QCTC                   :: J[0] CheckSum  = 0.4050312905952377D+03
 QCTC : 3-D periodics   :: MxL = 7, PAC Cells = 33, MAC Cells = 81
 QCTC : FF Energy       :: <FF> = 0.3649744225833323D-02
 QCTC                   :: Parallel Statistics
                     Imblnce = 0.51D-04
                     MinTime = 0.18D+03

                      AvgTime = 0.18D+03
                     MaxTime = 0.18D+03
 QCTC                   :: WALL Sec = 0.18D+03, NProc = 64
>-Exiting QCTC 12/22/04 @ 15:27:53-<
<< Entering ONX2 12/22/04 @ 15:28:01>>
 ONX2                   :: Kx[0] CheckSum  = 0.5589726267729833D+02
 TPara=   10.4339886000000     
 ONX2                   :: Parallel Statistics
                     Imblnce = 0.50D-03
                     MinTime = 0.10D+02

                      AvgTime = 0.10D+02
                     MaxTime = 0.10D+02
 ONX2                   :: WALL Sec = 0.10D+02, NProc = 64
>-Exiting ONX2 12/22/04 @ 15:28:11-<
<< Entering FockNGrueven 12/22/04 @ 15:28:17>>
 FockNGrueven           :: F[0] CheckSum  = 0.1987660563063561D+03                                                               
 FockNGrueven           :: OrthoF[0] CheckSum  = 0.1836276536860539D+03                                                          
 FockNGrueven           :: Parallel Statistics
                     Imblnce = 0.70D-10
                     MinTime = 0.63D+01

                      AvgTime = 0.63D+01
                     MaxTime = 0.63D+01
 FockNGrueven           :: WALL (Sec,MFLOPS) = (0.63D+01, 38), NProc = 64
>-Exiting FockNGrueven 12/22/04 @ 15:28:24-<
<< Entering TS4 12/22/04 @ 15:28:28>>
 TS4 : Pure 1           :: dE=0.10D+01, dP=0.31D+00, %Non0=0.75D+01
 TS4 : Pure 2           :: dE=0.81D-01, dP=0.36D+00, %Non0=0.75D+01
 TS4 : Pure 3           :: dE=0.27D-01, dP=0.48D+00, %Non0=0.75D+01
 TS4 : Pure 4           :: dE=0.88D-02, dP=0.83D-01, %Non0=0.76D+01
 TS4 : Pure 5           :: dE=0.11D-01, dP=0.94D-01, %Non0=0.84D+01
 TS4 : Pure 6           :: dE=0.13D-01, dP=0.11D+00, %Non0=0.10D+02
 TS4 : Pure 7           :: dE=0.14D-01, dP=0.12D+00, %Non0=0.14D+02
 TS4 : Pure 8           :: dE=0.12D-01, dP=0.13D+00, %Non0=0.18D+02
 TS4 : Pure 9           :: dE=0.85D-02, dP=0.11D+00, %Non0=0.24D+02
 TS4 : Pure 10          :: dE=0.40D-02, dP=0.86D-01, %Non0=0.30D+02
 TS4 : Pure 11          :: dE=0.11D-02, dP=0.49D-01, %Non0=0.33D+02
 TS4 : Pure 12          :: dE=0.13D-03, dP=0.12D-01, %Non0=0.33D+02
 TS4 : Pure 13          :: dE=0.34D-05, dP=0.50D-03, %Non0=0.35D+02
 TS4 : Pure 14          :: dE=0.28D-07, dP=0.20D-03, %Non0=0.35D+02
 TS4 : Met dE/dP goals  :: Tr{FP}=-.2196969018954464D+04, dNel = 0.45D-12
 TS4                    :: 14 purification steps, 26 matrix multiplies
 TS4                    :: Fractional occupation = 0.64D+00, ThrX=0.10D-03, %Non
 0s = 0.35D+02
 TS4 : Max abs errors   :: dE=0.61D-04, dP=0.20D-03
 TS4                    :: Rel dE=0.28D-07, ||dP||_F=0.51D-02
 TS4                    :: OrthoP[1] CheckSum  = 0.2400001444171399D+02
 TS4                    :: P[1] CheckSum  = 0.2184637112839307D+02
 TS4                    :: WALL (Sec,MFLOPS) = (0.13D+02, 168), NProc = 1
>-Exiting TS4 12/22/04 @ 15:28:41-<
<< Entering SCFStatus 12/22/04 @ 15:28:49>>
 
= = = = = SCFCycle #0, Basis #1, Geometry #1 = = = = =

       MaxDelD = 0.17D
 +01
       <T>     = 0.76864616D+04
       <V>     = -.13751014D+05
       <HF>
     = -.88529382D+03
       <SCF>   = -6949.84672855

 SCFStatus              :: Parallel Statistics
                     Imblnce = 0.20D-02
                     MinTime = 0.62D+01

                      AvgTime = 0.62D+01
                     MaxTime = 0.62D+01
 SCFStatus              :: WALL (Sec,MFLOPS) = (0.62D+01, 65), NProc = 64
>-Exiting SCFStatus 12/22/04 @ 15:28:55-<
<< Entering MakeRho 12/22/04 @ 15:29:01>>
 MakeRho : Pruned Rho   :: dNel = -.86D-04, kept 100% of distributions.
 MakeRho : Moments      :: <r> = (-.25D+02, -.62D+02, -.15D+01), <r^2> = 0.86D+0
 3
 MakeRho                :: Rho CheckSum  = 0.9417529470713447D+04
 MakeRho                :: Parallel Statistics
                     Imblnce = 0.55D-02
                     MinTime = 0.28D+01

                      AvgTime = 0.28D+01
                     MaxTime = 0.28D+01
 MakeRho                :: WALL Sec = 0.28D+01, NProc = 64
>-Exiting MakeRho 12/22/04 @ 15:29:04-<
<< Entering QCTC 12/22/04 @ 15:29:10>>
 QCTC                   :: J[1] CheckSum  = 0.4056586422686320D+03
 QCTC : 3-D periodics   :: MxL = 7, PAC Cells = 33, MAC Cells = 81
 QCTC : FF Energy       :: <FF> = 0.1082425676036685D-02
 QCTC                   :: Parallel Statistics
                     Imblnce = 0.50D-05
                     MinTime = 0.21D+03

                      AvgTime = 0.21D+03
                     MaxTime = 0.21D+03
 QCTC                   :: WALL Sec = 0.21D+03, NProc = 64
>-Exiting QCTC 12/22/04 @ 15:32:39-<
<< Entering ONX2 12/22/04 @ 15:32:47>>
 ONX2                   :: Kx[1] CheckSum  = 0.5791331257516409D+02
 TPara=   9.16932220000000     
 ONX2                   :: Parallel Statistics
                     Imblnce = 0.12D-02
                     MinTime = 0.92D+01

                      AvgTime = 0.92D+01
                     MaxTime = 0.92D+01
 ONX2                   :: WALL Sec = 0.92D+01, NProc = 64
>-Exiting ONX2 12/22/04 @ 15:32:56-<
<< Entering FockNGrueven 12/22/04 @ 15:33:03>>
 FockNGrueven           :: F[1] CheckSum  = 0.1999374916004795D+03                                                               
 FockNGrueven           :: OrthoF[1] CheckSum  = 0.1844674711759649D+03                                                          
 FockNGrueven           :: Parallel Statistics
                     Imblnce = 0.00D+00
                     MinTime = 0.66D+01

                      AvgTime = 0.66D+01
                     MaxTime = 0.66D+01
 FockNGrueven           :: WALL (Sec,MFLOPS) = (0.66D+01, 41), NProc = 64
>-Exiting FockNGrueven 12/22/04 @ 15:33:10-<
<< Entering DIIS 12/22/04 @ 15:33:16>>
 DIIS : Damping         :: Co = 0.90D+00, 0.10D+00
 DIIS                   :: F_DIIS[1] CheckSum  = 0.1836974908850398D+03                                                          
 DIIS                   :: Parallel Statistics
                     Imblnce = 0.16D-02
                     MinTime = 0.40D+01

                      AvgTime = 0.40D+01
                     MaxTime = 0.40D+01
 DIIS                   :: WALL (Sec,MFLOPS) = (0.40D+01, 69), NProc = 64
>-Exiting DIIS 12/22/04 @ 15:33:20-<
<< Entering TS4 12/22/04 @ 15:33:25>>
 TS4 : Pure 1           :: dE=0.10D+01, dP=0.32D+00, %Non0=0.75D+01
 TS4 : Pure 2           :: dE=0.81D-01, dP=0.37D+00, %Non0=0.75D+01
 TS4 : Pure 3           :: dE=0.27D-01, dP=0.48D+00, %Non0=0.75D+01
 TS4 : Pure 4           :: dE=0.90D-02, dP=0.70D-01, %Non0=0.76D+01
 TS4 : Pure 5           :: dE=0.11D-01, dP=0.92D-01, %Non0=0.85D+01
 TS4 : Pure 6           :: dE=0.13D-01, dP=0.11D+00, %Non0=0.11D+02
 TS4 : Pure 7           :: dE=0.14D-01, dP=0.11D+00, %Non0=0.14D+02
 TS4 : Pure 8           :: dE=0.12D-01, dP=0.12D+00, %Non0=0.18D+02
 TS4 : Pure 9           :: dE=0.86D-02, dP=0.11D+00, %Non0=0.25D+02
 TS4 : Pure 10          :: dE=0.38D-02, dP=0.78D-01, %Non0=0.30D+02
 TS4 : Pure 11          :: dE=0.91D-03, dP=0.41D-01, %Non0=0.32D+02
 TS4 : Pure 12          :: dE=0.90D-04, dP=0.84D-02, %Non0=0.32D+02
 TS4 : Pure 13          :: dE=0.16D-05, dP=0.25D-03, %Non0=0.34D+02
 TS4 : Pure 14          :: dE=0.12D-07, dP=0.21D-03, %Non0=0.34D+02
 TS4 : Met dE/dP goals  :: Tr{FP}=-.2205040657504151D+04, dNel = 0.57D-11
 TS4                    :: 14 purification steps, 26 matrix multiplies
 TS4                    :: Fractional occupation = 0.64D+00, ThrX=0.10D-03, %Non
 0s = 0.34D+02
 TS4 : Max abs errors   :: dE=0.26D-04, dP=0.21D-03
 TS4                    :: Rel dE=0.12D-07, ||dP||_F=0.56D-02
 TS4                    :: OrthoP[2] CheckSum  = 0.2400002972088716D+02
 TS4                    :: P[2] CheckSum  = 0.2177625318696358D+02
 TS4                    :: WALL (Sec,MFLOPS) = (0.13D+02, 170), NProc = 1
>-Exiting TS4 12/22/04 @ 15:33:38-<
<< Entering SCFStatus 12/22/04 @ 15:33:44>>
 
= = = = = SCFCycle #1, Basis #1, Geometry #1 = = = = =

       DIISErr = 0.33D
 -02
       MaxDelD = 0.40D-01
       <T>     = 0.72627774D+04
       <V>     = 
 -.13557687D+05
       <HF>    = -.96501254D+03
       <SCF>   = -7259.92247574

 SCFStatus              :: Parallel Statistics
                     Imblnce = 0.37D-03
                     MinTime = 0.56D+01

                      AvgTime = 0.56D+01
                     MaxTime = 0.56D+01
 SCFStatus              :: WALL (Sec,MFLOPS) = (0.56D+01, 177), NProc = 64
>-Exiting SCFStatus 12/22/04 @ 15:33:50-<
<< Entering MakeRho 12/22/04 @ 15:33:56>>
 MakeRho : Pruned Rho   :: dNel = -.77D-04, kept 100% of distributions.
 MakeRho : Moments      :: <r> = (-.23D+02, -.59D+02, -.36D+01), <r^2> = 0.85D+0
 3
 MakeRho                :: Rho CheckSum  = 0.9411581282466006D+04
 MakeRho                :: Parallel Statistics
                     Imblnce = 0.28D-03
                     MinTime = 0.37D+01

                      AvgTime = 0.37D+01
                     MaxTime = 0.37D+01
 MakeRho                :: WALL Sec = 0.37D+01, NProc = 64
>-Exiting MakeRho 12/22/04 @ 15:33:59-<
<< Entering QCTC 12/22/04 @ 15:34:06>>
 QCTC                   :: J[2] CheckSum  = 0.4058299257193809D+03
 QCTC : 3-D periodics   :: MxL = 7, PAC Cells = 33, MAC Cells = 81
 QCTC : FF Energy       :: <FF> = 0.9409331054183436D-03
 QCTC                   :: Parallel Statistics
                     Imblnce = 0.49D-04
                     MinTime = 0.21D+03

                      AvgTime = 0.21D+03
                     MaxTime = 0.21D+03
 QCTC                   :: WALL Sec = 0.21D+03, NProc = 64
>-Exiting QCTC 12/22/04 @ 15:37:37-<
<< Entering ONX2 12/22/04 @ 15:37:43>>
 ONX2                   :: Kx[2] CheckSum  = 0.5791124338576806D+02
 TPara=   9.21230720000000     
 ONX2                   :: Parallel Statistics
                     Imblnce = 0.68D-03
                     MinTime = 0.92D+01

                      AvgTime = 0.92D+01
                     MaxTime = 0.92D+01
 ONX2                   :: WALL Sec = 0.92D+01, NProc = 64
>-Exiting ONX2 12/22/04 @ 15:37:53-<
<< Entering FockNGrueven 12/22/04 @ 15:37:58>>
 FockNGrueven           :: F[2] CheckSum  = 0.2000870537316037D+03                                                               
 FockNGrueven           :: OrthoF[2] CheckSum  = 0.1846216313725059D+03                                                          
 FockNGrueven           :: Parallel Statistics
                     Imblnce = 0.24D-02
                     MinTime = 0.64D+01

                      AvgTime = 0.64D+01
                     MaxTime = 0.64D+01
 FockNGrueven           :: WALL (Sec,MFLOPS) = (0.64D+01, 44), NProc = 64
>-Exiting FockNGrueven 12/22/04 @ 15:38:05-<
<< Entering DIIS 12/22/04 @ 15:38:13>>
 DIIS                   :: Cond# = 0.25D+03, MIN(E) = 0.62D-01
 DIIS : Pulay C1        :: DIISCo = -.58D+01, 0.68D+01
 DIIS                   :: F_DIIS[2] CheckSum  = 0.1855497684220728D+03                                                          
 DIIS                   :: Parallel Statistics
                     Imblnce = 0.14D-02
                     MinTime = 0.88D+01

                      AvgTime = 0.88D+01
                     MaxTime = 0.88D+01
 DIIS                   :: WALL (Sec,MFLOPS) = (0.88D+01, 207), NProc = 64
>-Exiting DIIS 12/22/04 @ 15:38:22-<
<< Entering TS4 12/22/04 @ 15:38:27>>
 TS4 : Pure 1           :: dE=0.10D+01, dP=0.34D+00, %Non0=0.81D+01
 TS4 : Pure 2           :: dE=0.79D-01, dP=0.41D+00, %Non0=0.81D+01
 TS4 : Pure 3           :: dE=0.25D-01, dP=0.49D+00, %Non0=0.81D+01
 TS4 : Pure 4           :: dE=0.61D-03, dP=0.43D+00, %Non0=0.82D+01
 TS4 : Pure 5           :: dE=0.22D-01, dP=0.37D+00, %Non0=0.11D+02
 TS4 : Pure 6           :: dE=0.18D-01, dP=0.11D+00, %Non0=0.10D+02
 TS4 : Pure 7           :: dE=0.20D-01, dP=0.12D+00, %Non0=0.13D+02
 TS4 : Pure 8           :: dE=0.18D-01, dP=0.12D+00, %Non0=0.18D+02
 TS4 : Pure 9           :: dE=0.11D-01, dP=0.11D+00, %Non0=0.22D+02
 TS4 : Pure 10          :: dE=0.36D-02, dP=0.67D-01, %Non0=0.25D+02
 TS4 : Pure 11          :: dE=0.46D-03, dP=0.18D-01, %Non0=0.26D+02
 TS4 : Pure 12          :: dE=0.13D-04, dP=0.12D-02, %Non0=0.26D+02
 TS4 : Pure 13          :: dE=0.26D-07, dP=0.20D-03, %Non0=0.26D+02
 TS4 : Met dE/dP goals  :: Tr{FP}=-.2293925883084848D+04, dNel = 0.27D-11
 TS4                    :: 13 purification steps, 23 matrix multiplies
 TS4                    :: Fractional occupation = 0.64D+00, ThrX=0.10D-03, %Non
 0s = 0.26D+02
 TS4 : Max abs errors   :: dE=0.59D-04, dP=0.20D-03
 TS4                    :: Rel dE=0.26D-07, ||dP||_F=0.44D-02
 TS4                    :: OrthoP[3] CheckSum  = 0.2400000715589772D+02
 TS4                    :: P[3] CheckSum  = 0.2134795675560910D+02
 TS4                    :: WALL (Sec,MFLOPS) = (0.98D+01, 142), NProc = 1
>-Exiting TS4 12/22/04 @ 15:38:37-<
<< Entering SCFStatus 12/22/04 @ 15:38:43>>
 
= = = = = SCFCycle #2, Basis #1, Geometry #1 = = = = =

       DIISErr = 0.29D
 -02
       MaxDelD = 0.22D+00
       <T>     = 0.72559786D+04
       <V>     = 
 -.13553785D+05
       <HF>    = -.96388000D+03
       <SCF>   = -7261.68661286

 SCFStatus              :: Parallel Statistics
                     Imblnce = 0.12D-02
                     MinTime = 0.75D+01

                      AvgTime = 0.75D+01
                     MaxTime = 0.76D+01
 SCFStatus              :: WALL (Sec,MFLOPS) = (0.75D+01, 164), NProc = 64
>-Exiting SCFStatus 12/22/04 @ 15:38:51-<
<< Entering MakeRho 12/22/04 @ 15:38:57>>
 MakeRho : Pruned Rho   :: dNel = 0.11D-07, kept 100% of distributions.
 MakeRho : Moments      :: <r> = (-.18D+02, -.44D+02, -.15D+02), <r^2> = 0.82D+0
 3
 MakeRho                :: Rho CheckSum  = 0.9356446949487545D+04
 MakeRho                :: Parallel Statistics
                     Imblnce = 0.12D-02
                     MinTime = 0.27D+01

                      AvgTime = 0.27D+01
                     MaxTime = 0.27D+01
 MakeRho                :: WALL Sec = 0.27D+01, NProc = 64
>-Exiting MakeRho 12/22/04 @ 15:39:00-<
<< Entering QCTC 12/22/04 @ 15:39:06>>
 QCTC                   :: J[3] CheckSum  = 0.4068278985785938D+03
 QCTC : 3-D periodics   :: MxL = 7, PAC Cells = 33, MAC Cells = 81
 QCTC : FF Energy       :: <FF> = 0.5356768071467244D-03
 QCTC                   :: Parallel Statistics
                     Imblnce = 0.22D-11
                     MinTime = 0.20D+03

                      AvgTime = 0.20D+03
                     MaxTime = 0.20D+03
 QCTC                   :: WALL Sec = 0.20D+03, NProc = 64
>-Exiting QCTC 12/22/04 @ 15:42:23-<
<< Entering ONX2 12/22/04 @ 15:42:29>>
 ONX2                   :: Kx[3] CheckSum  = 0.5788109249200068D+02
 TPara=   7.91712700000000     
 ONX2                   :: Parallel Statistics
                     Imblnce = 0.16D-03
                     MinTime = 0.79D+01

                      AvgTime = 0.79D+01
                     MaxTime = 0.79D+01
 ONX2                   :: WALL Sec = 0.79D+01, NProc = 64
>-Exiting ONX2 12/22/04 @ 15:42:37-<
<< Entering FockNGrueven 12/22/04 @ 15:42:42>>
 FockNGrueven           :: F[3] CheckSum  = 0.2009710170664874D+03                                                               
 FockNGrueven           :: OrthoF[3] CheckSum  = 0.1855084015848316D+03                                                          
 FockNGrueven           :: Parallel Statistics
                     Imblnce = 0.63D-03
                     MinTime = 0.54D+01

                      AvgTime = 0.54D+01
                     MaxTime = 0.54D+01
 FockNGrueven           :: WALL (Sec,MFLOPS) = (0.54D+01, 49), NProc = 64
>-Exiting FockNGrueven 12/22/04 @ 15:42:47-<
<< Entering DIIS 12/22/04 @ 15:42:53>>
 DIIS                   :: Cond# = 0.29D+04, MIN(E) = 0.52D-02
 DIIS : Pulay C1        :: DIISCo = 0.54D+00, -.69D+00, 0.12D+01
 DIIS                   :: F_DIIS[3] CheckSum  = 0.1855592883480789D+03                                                          
 DIIS                   :: Parallel Statistics
                     Imblnce = 0.16D-02
                     MinTime = 0.80D+01

                      AvgTime = 0.80D+01
                     MaxTime = 0.81D+01
 DIIS                   :: WALL (Sec,MFLOPS) = (0.80D+01, 309), NProc = 64
>-Exiting DIIS 12/22/04 @ 15:43:01-<
<< Entering TS4 12/22/04 @ 15:43:06>>
 TS4 : Pure 1           :: dE=0.10D+01, dP=0.34D+00, %Non0=0.81D+01
 TS4 : Pure 2           :: dE=0.80D-01, dP=0.41D+00, %Non0=0.81D+01
 TS4 : Pure 3           :: dE=0.25D-01, dP=0.49D+00, %Non0=0.81D+01
 TS4 : Pure 4           :: dE=0.85D-03, dP=0.43D+00, %Non0=0.81D+01
 TS4 : Pure 5           :: dE=0.22D-01, dP=0.36D+00, %Non0=0.11D+02
 TS4 : Pure 6           :: dE=0.18D-01, dP=0.11D+00, %Non0=0.10D+02
 TS4 : Pure 7           :: dE=0.20D-01, dP=0.12D+00, %Non0=0.13D+02
 TS4 : Pure 8           :: dE=0.18D-01, dP=0.12D+00, %Non0=0.17D+02
 TS4 : Pure 9           :: dE=0.11D-01, dP=0.11D+00, %Non0=0.22D+02
 TS4 : Pure 10          :: dE=0.39D-02, dP=0.74D-01, %Non0=0.25D+02
 TS4 : Pure 11          :: dE=0.53D-03, dP=0.22D-01, %Non0=0.25D+02
 TS4 : Pure 12          :: dE=0.17D-04, dP=0.18D-02, %Non0=0.26D+02
 TS4 : Pure 13          :: dE=0.18D-06, dP=0.20D-03, %Non0=0.26D+02
 TS4 : Pure 14          :: dE=0.22D-06, dP=0.20D-03, %Non0=0.25D+02
 TS4 : Pure 15          :: dE=0.64D-07, dP=0.18D-03, %Non0=0.26D+02
 TS4 : Met dE/dP goals  :: Tr{FP}=-.2295200390786608D+04, dNel = 0.68D-12
 TS4                    :: 15 purification steps, 27 matrix multiplies
 TS4                    :: Fractional occupation = 0.64D+00, ThrX=0.10D-03, %Non
 0s = 0.26D+02
 TS4 : Max abs errors   :: dE=0.15D-03, dP=0.18D-03
 TS4                    :: Rel dE=0.64D-07, ||dP||_F=0.42D-02
 TS4                    :: OrthoP[4] CheckSum  = 0.2400000296567792D+02
 TS4                    :: P[4] CheckSum  = 0.2130960481580537D+02
 TS4                    :: WALL (Sec,MFLOPS) = (0.10D+02, 166), NProc = 1
>-Exiting TS4 12/22/04 @ 15:43:16-<
<< Entering SCFStatus 12/22/04 @ 15:43:23>>
 
= = = = = SCFCycle #3, Basis #1, Geometry #1 = = = = =

       DIISErr = 0.21D
 -03
       MaxDelD = 0.20D-01
       <T>     = 0.72157032D+04
       <V>     = 
 -.13524227D+05
       <HF>    = -.95842203D+03
       <SCF>   = -7266.94624447

 SCFStatus              :: Parallel Statistics
                     Imblnce = 0.18D-02
                     MinTime = 0.58D+01

                      AvgTime = 0.58D+01
                     MaxTime = 0.58D+01
 SCFStatus              :: WALL (Sec,MFLOPS) = (0.58D+01, 136), NProc = 64
>-Exiting SCFStatus 12/22/04 @ 15:43:28-<
<< Entering MakeRho 12/22/04 @ 15:43:34>>
 MakeRho : Pruned Rho   :: dNel = -.30D-04, kept 100% of distributions.
 MakeRho : Moments      :: <r> = (-.18D+02, -.43D+02, -.16D+02), <r^2> = 0.81D+0
 3
 MakeRho                :: Rho CheckSum  = 0.9350378680585705D+04
 MakeRho                :: Parallel Statistics
                     Imblnce = 0.53D-02
                     MinTime = 0.29D+01

                      AvgTime = 0.29D+01
                     MaxTime = 0.30D+01
 MakeRho                :: WALL Sec = 0.29D+01, NProc = 64
>-Exiting MakeRho 12/22/04 @ 15:43:37-<
<< Entering QCTC 12/22/04 @ 15:43:42>>
 QCTC                   :: J[4] CheckSum  = 0.4068722914487833D+03
 QCTC : 3-D periodics   :: MxL = 7, PAC Cells = 33, MAC Cells = 81
 QCTC : FF Energy       :: <FF> = 0.5427517482449516D-03
 QCTC                   :: Parallel Statistics
                     Imblnce = 0.11D-11
                     MinTime = 0.19D+03

                      AvgTime = 0.19D+03
                     MaxTime = 0.19D+03
 QCTC                   :: WALL Sec = 0.19D+03, NProc = 64
>-Exiting QCTC 12/22/04 @ 15:46:52-<
<< Entering ONX2 12/22/04 @ 15:46:59>>
 ONX2                   :: Kx[4] CheckSum  = 0.5787865710368650D+02
 TPara=   7.17189180000000     
 ONX2                   :: Parallel Statistics
                     Imblnce = 0.91D-02
                     MinTime = 0.72D+01

                      AvgTime = 0.72D+01
                     MaxTime = 0.73D+01
 ONX2                   :: WALL Sec = 0.72D+01, NProc = 64
>-Exiting ONX2 12/22/04 @ 15:47:07-<
<< Entering FockNGrueven 12/22/04 @ 15:47:16>>
 FockNGrueven           :: F[4] CheckSum  = 0.2010079985500169D+03                                                               
 FockNGrueven           :: OrthoF[4] CheckSum  = 0.1855465639486401D+03                                                          
 FockNGrueven           :: Parallel Statistics
                     Imblnce = 0.14D-02
                     MinTime = 0.76D+01

                      AvgTime = 0.77D+01
                     MaxTime = 0.77D+01
 FockNGrueven           :: WALL (Sec,MFLOPS) = (0.77D+01, 33), NProc = 64
>-Exiting FockNGrueven 12/22/04 @ 15:47:24-<
<< Entering DIIS 12/22/04 @ 15:47:30>>
 DIIS                   :: Cond# = 0.98D+04, MIN(E) = 0.16D-02
 DIIS : Pulay C1        :: DIISCo = 0.38D-01, -.40D-01, -.65D-01, 0.11D+01
 DIIS                   :: F_DIIS[4] CheckSum  = 0.1855452534741294D+03                                                          
 DIIS                   :: Parallel Statistics
                     Imblnce = 0.33D-10
                     MinTime = 0.88D+01

                      AvgTime = 0.88D+01
                     MaxTime = 0.88D+01
 DIIS                   :: WALL (Sec,MFLOPS) = (0.88D+01, 367), NProc = 64
>-Exiting DIIS 12/22/04 @ 15:47:39-<
<< Entering TS4 12/22/04 @ 15:47:44>>
 TS4 : Pure 1           :: dE=0.10D+01, dP=0.34D+00, %Non0=0.81D+01
 TS4 : Pure 2           :: dE=0.79D-01, dP=0.41D+00, %Non0=0.81D+01
 TS4 : Pure 3           :: dE=0.25D-01, dP=0.49D+00, %Non0=0.81D+01
 TS4 : Pure 4           :: dE=0.79D-03, dP=0.43D+00, %Non0=0.81D+01
 TS4 : Pure 5           :: dE=0.21D-01, dP=0.36D+00, %Non0=0.11D+02
 TS4 : Pure 6           :: dE=0.18D-01, dP=0.11D+00, %Non0=0.10D+02
 TS4 : Pure 7           :: dE=0.20D-01, dP=0.12D+00, %Non0=0.13D+02
 TS4 : Pure 8           :: dE=0.18D-01, dP=0.12D+00, %Non0=0.17D+02
 TS4 : Pure 9           :: dE=0.11D-01, dP=0.11D+00, %Non0=0.22D+02
 TS4 : Pure 10          :: dE=0.39D-02, dP=0.74D-01, %Non0=0.25D+02
 TS4 : Pure 11          :: dE=0.53D-03, dP=0.22D-01, %Non0=0.25D+02
 TS4 : Pure 12          :: dE=0.17D-04, dP=0.18D-02, %Non0=0.26D+02
 TS4 : Pure 13          :: dE=0.23D-06, dP=0.20D-03, %Non0=0.26D+02
 TS4 : Pure 14          :: dE=0.27D-06, dP=0.21D-03, %Non0=0.25D+02
 TS4 : Pure 15          :: dE=0.14D-06, dP=0.17D-03, %Non0=0.26D+02
 TS4 : Pure 16          :: dE=0.14D-06, dP=0.21D-03, %Non0=0.25D+02
 TS4 : Pure 17          :: dE=0.47D-08, dP=0.19D-03, %Non0=0.26D+02
 TS4 : Met dE/dP goals  :: Tr{FP}=-.2294796922834349D+04, dNel = 0.11D-11
 TS4                    :: 17 purification steps, 31 matrix multiplies
 TS4                    :: Fractional occupation = 0.64D+00, ThrX=0.10D-03, %Non
 0s = 0.26D+02
 TS4 : Max abs errors   :: dE=0.11D-04, dP=0.19D-03
 TS4                    :: Rel dE=0.47D-08, ||dP||_F=0.40D-02
 TS4                    :: OrthoP[5] CheckSum  = 0.2400000444555331D+02
 TS4                    :: P[5] CheckSum  = 0.2130574358671224D+02
 TS4                    :: WALL (Sec,MFLOPS) = (0.12D+02, 177), NProc = 1
>-Exiting TS4 12/22/04 @ 15:47:55-<
<< Entering SCFStatus 12/22/04 @ 15:48:01>>
 
= = = = = SCFCycle #4, Basis #1, Geometry #1 = = = = =

       DIISErr = 0.74D
 -04
       MaxDelD = 0.26D-02
       <T>     = 0.72131516D+04
       <V>     = 
 -.13521917D+05
       <HF>    = -.95821057D+03
       <SCF>   = -7266.97555586

 SCFStatus              :: Parallel Statistics
                     Imblnce = 0.65D-10
                     MinTime = 0.44D+01

                      AvgTime = 0.44D+01
                     MaxTime = 0.45D+01
 SCFStatus              :: WALL (Sec,MFLOPS) = (0.44D+01, 134), NProc = 64
>-Exiting SCFStatus 12/22/04 @ 15:48:06-<
 Normal SCF convergence.
<< Entering MakePFFT 12/22/04 @ 15:48:11>>
 MakePFFT               :: WALL Sec = 0.37D+01, NProc = 1
>-Exiting MakePFFT 12/22/04 @ 15:48:15-<
<< Entering MakeS 12/22/04 @ 15:48:19>>
 MakeS                  :: S CheckSum  = 0.8470628877876190D+02                                                                  
 MakeS                  :: Parallel Statistics
                     Imblnce = 0.22D-02
                     MinTime = 0.28D+01

                      AvgTime = 0.28D+01
                     MaxTime = 0.29D+01
 MakeS                  :: WALL Sec = 0.29D+01, NProc = 64
>-Exiting MakeS 12/22/04 @ 15:48:22-<
<< Entering BlokAInv 12/22/04 @ 15:48:27>>
 BlokAInv               :: WALL (Sec,MFLOPS) = (0.27D+02, 569), NProc = 1
 BlokAInv               :: Max(Z^t.A.Z-I)=0.14D-04, TrixThrsh=0.10D-04
 BlokAInv               :: Z CheckSum  = 0.1590962956083581D+03
 BlokAInv               :: WALL (Sec,MFLOPS) = (0.11D+03, 522), NProc = 1
>-Exiting BlokAInv 12/22/04 @ 15:50:21-<
<< Entering MakeT 12/22/04 @ 15:50:27>>
 MakeT                  :: T CheckSum  = 0.3016625026356900D+03                                                                  
 MakeT                  :: Parallel Statistics
                     Imblnce = 0.50D-02
                     MinTime = 0.23D+01

                      AvgTime = 0.23D+01
                     MaxTime = 0.23D+01
 MakeT                  :: WALL Sec = 0.23D+01, NProc = 64
>-Exiting MakeT 12/22/04 @ 15:50:29-<
<< Entering MakeRho 12/22/04 @ 15:50:36>>
 MakeRho : Pruned Rho   :: dNel = -.42D-04, kept 100% of distributions.
 MakeRho : Moments      :: <r> = (-.18D+02, -.43D+02, -.16D+02), <r^2> = 0.81D+0
 3
 MakeRho                :: Rho CheckSum  = 0.9349861348967945D+04
 MakeRho                :: Parallel Statistics
                     Imblnce = 0.18D-02
                     MinTime = 0.24D+01

                      AvgTime = 0.24D+01
                     MaxTime = 0.24D+01
 MakeRho                :: WALL Sec = 0.24D+01, NProc = 64
>-Exiting MakeRho 12/22/04 @ 15:50:38-<
<< Entering QCTC 12/22/04 @ 15:50:43>>
 QCTC                   :: J[0] CheckSum  = 0.4213774075800272D+03
 QCTC : 3-D periodics   :: MxL = 8, PAC Cells = 57, MAC Cells = 93
 QCTC : FF Energy       :: <FF> = -.1134620260812788D-02
 QCTC                   :: Parallel Statistics
                     Imblnce = 0.31D-04
                     MinTime = 0.31D+03

                      AvgTime = 0.31D+03
                     MaxTime = 0.31D+03
 QCTC                   :: WALL Sec = 0.31D+03, NProc = 64
>-Exiting QCTC 12/22/04 @ 15:55:49-<
<< Entering ONX2 12/22/04 @ 15:56:04>>
 ONX2                   :: Kx[0] CheckSum  = 0.8309511123697375D+02
 TPara=   66.5895246000000     
 ONX2                   :: Parallel Statistics
                     Imblnce = 0.43D-04
                     MinTime = 0.67D+02

                      AvgTime = 0.67D+02
                     MaxTime = 0.67D+02
 ONX2                   :: WALL Sec = 0.67D+02, NProc = 64
>-Exiting ONX2 12/22/04 @ 15:57:10-<
<< Entering FockNGrueven 12/22/04 @ 15:57:18>>
 FockNGrueven           :: F[0] CheckSum  = 0.2395365706952999D+03                                                               
 FockNGrueven           :: OrthoF[0] CheckSum  = 0.2272304674505314D+03                                                          
 FockNGrueven           :: Parallel Statistics
                     Imblnce = 0.14D-03
                     MinTime = 0.31D+02

                      AvgTime = 0.31D+02
                     MaxTime = 0.31D+02
 FockNGrueven           :: WALL (Sec,MFLOPS) = (0.31D+02, 2102), NProc = 64
>-Exiting FockNGrueven 12/22/04 @ 15:57:49-<
<< Entering TS4 12/22/04 @ 15:57:54>>
 TS4 : Pure 1           :: dE=0.10D+01, dP=0.93D+00, %Non0=0.66D+02
 TS4 : Pure 2           :: dE=0.10D+01, dP=0.58D+00, %Non0=0.66D+02
 TS4 : Pure 3           :: dE=0.83D+00, dP=0.52D+00, %Non0=0.66D+02
 TS4 : Pure 4           :: dE=0.48D+00, dP=0.57D+00, %Non0=0.66D+02
 TS4 : Pure 5           :: dE=0.54D+00, dP=0.52D+00, %Non0=0.67D+02
 TS4 : Pure 6           :: dE=0.39D+00, dP=0.55D+00, %Non0=0.67D+02
 TS4 : Pure 7           :: dE=0.38D+00, dP=0.47D+00, %Non0=0.72D+02
 TS4 : Pure 8           :: dE=0.22D+00, dP=0.59D+00, %Non0=0.72D+02
 TS4 : Pure 9           :: dE=0.28D+00, dP=0.47D+00, %Non0=0.84D+02
 TS4 : Pure 10          :: dE=0.81D-01, dP=0.33D+00, %Non0=0.92D+02
 TS4 : Pure 11          :: dE=0.46D-01, dP=0.26D+00, %Non0=0.95D+02
 TS4 : Pure 12          :: dE=0.24D-01, dP=0.20D+00, %Non0=0.96D+02
 TS4 : Pure 13          :: dE=0.12D-01, dP=0.15D+00, %Non0=0.97D+02
 TS4 : Pure 14          :: dE=0.54D-02, dP=0.11D+00, %Non0=0.98D+02
 TS4 : Pure 15          :: dE=0.14D-02, dP=0.58D-01, %Non0=0.98D+02
 TS4 : Pure 16          :: dE=0.15D-03, dP=0.15D-01, %Non0=0.97D+02
 TS4 : Pure 17          :: dE=0.32D-05, dP=0.93D-03, %Non0=0.96D+02
 TS4 : Pure 18          :: dE=0.41D-08, dP=0.12D-04, %Non0=0.96D+02
 TS4 : Pure 19          :: dE=0.14D-09, dP=0.11D-04, %Non0=0.96D+02
 TS4 : Met dE/dP goals  :: Tr{FP}=-.2341005612266728D+04, dNel = 0.45D-12
 TS4                    :: 19 purification steps, 34 matrix multiplies
 TS4                    :: Fractional occupation = 0.18D+00, ThrX=0.10D-04, %Non
 0s = 0.96D+02
 TS4 : Max abs errors   :: dE=0.34D-06, dP=0.11D-04
 TS4                    :: Rel dE=0.14D-09, ||dP||_F=0.21D-03
 TS4                    :: OrthoP[1] CheckSum  = 0.2400000002480418D+02
 TS4                    :: P[1] CheckSum  = 0.1649159108522871D+02
 TS4                    :: WALL (Sec,MFLOPS) = (0.31D+04, 571), NProc = 1
>-Exiting TS4 12/22/04 @ 16:48:48-<
<< Entering SCFStatus 12/22/04 @ 16:48:54>>
 
= = = = = SCFCycle #0, Basis #2, Geometry #1 = = = = =

       MaxDelD = 0.15D
 +01
       <T>     = 0.73494839D+04
       <V>     = -.13642506D+05
       <HF>
     = -.95183889D+03
       <SCF>   = -7244.86083016

 SCFStatus              :: Parallel Statistics
                     Imblnce = 0.39D-03
                     MinTime = 0.30D+02

                      AvgTime = 0.30D+02
                     MaxTime = 0.30D+02
 SCFStatus              :: WALL (Sec,MFLOPS) = (0.30D+02, 4195), NProc = 64
>-Exiting SCFStatus 12/22/04 @ 16:49:25-<
<< Entering MakeRho 12/22/04 @ 16:49:31>>
 MakeRho : Pruned Rho   :: dNel = -.26D-07, kept 100% of distributions.
 MakeRho : Moments      :: <r> = (-.17D+02, -.53D+02, -.93D+01), <r^2> = 0.90D+0
 3
 MakeRho                :: Rho CheckSum  = 0.1389941760854280D+05
 MakeRho                :: Parallel Statistics
                     Imblnce = 0.80D-03
                     MinTime = 0.78D+01

                      AvgTime = 0.78D+01
                     MaxTime = 0.78D+01
 MakeRho                :: WALL Sec = 0.78D+01, NProc = 64
>-Exiting MakeRho 12/22/04 @ 16:49:39-<
<< Entering QCTC 12/22/04 @ 16:49:45>>
 Unknown error: < prun -n 64 /scratch2/valeryw/MondoExec/QCTC MeOH_64_928695 Den
 sityNormal 1 2 1 0 2 1>
