

 __    __                 _       ____________ ______ 
|  \  /  |               | |     /       /    |      |
|   \/   | ___  _ __   __| | ___/   ____/   __|  |==='
|        |/ _ \| '_ \ / _  |/ _ \____  \   (__|  ____|
|  |\/|  | (_) | | | | (_| | (_) )     /\     |  |    
|__|  |__|\___/|_| |_|\____|\___/_____/  \____|__|    

 Version 1.0 alpha 4                                  
 A program suite for O(N) SCF theory and ab initio MD 
 Matt Challacombe, Eric Schwegler, C.J. Tymczak,      
 Chee Kwan Gan, Karoly Nemeth and Anders Niklasson    
 Los Alamos National Laboratory (LA-CC 01-2)          
 Copywrite 2001, University of California.            

 Compiled for AMDLinux.PG, executing on gold
 a i686 machine running Linux 2.4.18-10smp

6-311G(2df,2pd)                                                                                                                 
  
<<Starting MondoSCF 09/03/02 @ 07:12:01>>
 ** Auto-Wraps at default value => (Off) **
 ** Atom-Wrap at default value => (AtomWrap-Off) **
 ** Lattice Vector Format at default value => (Vector Format) **
 ** Coodinate Format at default value => (Atomic Coord) **
========================================================================
 Internal representation of the geometry:
 Geometry originally in Angstroms has been converted to AU.
 Geometry has not been reordered.
 Number of electrons = 360
------------------------------------------------------------------------
  *** Periodic is Off *** 
------------------------------------------------------------------------
 1   mg   0.00000000D+00   0.00000000D+00   0.00000000D+00
 2   n    0.17861879D+01   -.32896161D+01   -.10877263D+01
 3   n    0.91194397D+00   0.15996153D+01   -.35008686D+01
 4   n    -.27198637D+01   0.26785732D+01   0.14407271D+00
 5   n    -.20500503D+01   -.21629426D+01   0.28093422D+01
 6   o    -.92092584D+01   0.64001240D+01   0.47758856D+01
 7   o    -.45147444D+01   0.34771147D+01   0.90115174D+01
 8   o    -.86699306D+01   0.31222053D+01   0.95301527D+01
 9   o    -.10155992D+02   -.29941385D+01   0.10841188D+02
 10   o    -.69446485D+01   -.49185221D+01   0.12836531D+02
 11   o    0.23762548D+01   0.15008393D+01   0.26220515D+01
 12   o    0.52774378D+00   0.43342755D+01   0.66631927D+01
 13   c    0.18427285D+01   -.55103276D+01   0.26652695D+00
 14   c    -.16049443D+01   0.54952665D+01   -.33567959D+01
 15   c    -.30402668D+01   0.49612110D+01   -.11669625D+01
 16   c    -.49598315D+01   0.64528473D+01   -.36018177D-01
 17   c    -.58384218D+01   0.49829807D+01   0.19953617D+01
 18   c    -.44118110D+01   0.27195803D+01   0.20457796D+01
 19   c    -.50120258D+01   0.10438090D+01   0.39907044D+01
 20   c    -.39087092D+01   -.12472192D+01   0.44157038D+01
 21   c    -.44813907D+01   -.31096575D+01   0.65335197D+01
 22   c    -.23124577D+01   -.50750670D+01   0.62669928D+01
 23   c    -.12193079D+01   -.44070867D+01   0.36881593D+01
 24   c    0.35883062D+01   -.72296381D+01   -.96525314D+00
 25   c    0.51323068D+00   -.59497834D+01   0.24851786D+01
 26   c    0.42102717D+01   -.98203201D+01   -.21618465D-01
 27   c    0.63415047D+01   -.71869492D+01   -.48479219D+01
 28   c    0.80392534D+01   -.60778501D+01   -.61517384D+01
 29   c    0.47945561D+01   0.20198147D+01   -.94437167D+01
 30   c    0.10395194D+01   0.66202582D+01   -.84928632D+01
 31   c    -.11961021D+01   0.63775229D+01   -.10200079D+02
 32   c    -.57775349D+01   0.90092120D+01   -.87881707D+00
 33   c    -.75970575D+01   0.48900628D+01   0.40411223D+01
 34   c    -.71258732D+01   0.23462649D+01   0.54890304D+01
 35   c    0.45335849D+01   -.60929112D+01   -.30326512D+01
 36   c    -.70896283D+01   -.43476548D+01   0.62958111D+01
 37   c    -.77072474D+01   -.60150734D+01   0.85864992D+01
 38   c    -.35375671D+00   -.48766836D+01   0.83127723D+01
 39   c    -.65372425D+01   0.30058548D+01   0.81831182D+01
 40   c    -.84915971D+01   0.40706021D+01   0.12072968D+02
 41   c    -.83814072D+01   -.44422545D+01   0.10826769D+02
 42   c    -.75274778D+01   -.34804784D+01   0.15134437D+02
 43   c    -.55963101D+01   -.40295761D+01   0.17043344D+02
 44   c    0.34070815D+01   -.35440866D+01   -.31262871D+01
 45   c    0.37854802D+01   -.17502831D+01   -.49487577D+01
 46   c    0.26372260D+01   0.66210329D+00   -.51648668D+01
 47   c    0.30446320D+01   0.24274664D+01   -.72538644D+01
 48   c    0.14788240D+01   0.44229982D+01   -.68288650D+01
 49   c    0.17107689D+00   0.39341449D+01   -.44445221D+01
 50   h    -.18100173D+01   0.73530561D+01   -.41764834D+01
 51   h    0.37404291D+01   0.16599353D+00   0.33449284D+01
 52   h    0.18742113D+01   0.28532028D+01   0.40657644D+01
 53   h    0.13330316D+01   0.54001377D+01   0.82061729D+01
 54   h    -.14559016D+01   0.39221263D+01   0.69093295D+01
 55   h    -.45453390D+01   -.21556671D+01   0.83366207D+01
 56   h    -.28170901D+01   -.69600876D+01   0.56692536D+01
 57   h    0.94127251D+00   -.77310580D+01   0.33846882D+01
 58   h    0.62233779D+01   -.10145259D+02   0.62890081D-01
 59   h    0.34194781D+01   -.11262465D+02   -.12299849D+01
 60   h    0.34620158D+01   -.10147658D+02   0.18487567D+01
 61   h    0.61719963D+01   -.92156834D+01   -.49920513D+01
 62   h    0.93058989D+01   -.71005887D+01   -.73825169D+01
 63   h    0.82895098D+01   -.40621928D+01   -.59522022D+01
 64   h    0.61990760D+01   0.60565718D+00   -.90046577D+01
 65   h    0.56805352D+01   0.37560005D+01   -.10048656D+02
 66   h    0.37306970D+01   0.12721824D+01   -.11016800D+02
 67   h    0.26788189D+01   0.69577632D+01   -.96608273D+01
 68   h    0.74409851D+00   0.83019820D+01   -.73748824D+01
 69   h    -.77652620D+00   0.52065352D+01   -.11818120D+02
 70   h    -.18680697D+01   0.81549991D+01   -.10944556D+02
 71   h    -.27750815D+01   0.54871596D+01   -.92623408D+01
 72   h    -.76282947D+01   0.94282398D+01   -.12757540D+00
 73   h    -.59321333D+01   0.91038683D+01   -.29116331D+01
 74   h    -.45335660D+01   0.10490625D+02   -.22820331D+00
 75   h    -.86789068D+01   0.10321305D+01   0.53265140D+01
 76   h    -.71851162D+01   -.54439226D+01   0.45769919D+01
 77   h    -.85275019D+01   -.29021656D+01   0.62045373D+01
 78   h    -.60616174D+01   -.71519893D+01   0.89922800D+01
 79   h    -.92240549D+01   -.72921124D+01   0.81030128D+01
 80   h    0.36528403D-01   -.29220455D+01   0.87513966D+01
 81   h    0.13928792D+01   -.58072602D+01   0.78142248D+01
 82   h    -.10055610D+01   -.57297437D+01   0.10048523D+02
 83   h    -.76215673D+01   0.59136140D+01   0.11965291D+02
 84   h    -.73125026D+01   0.27982118D+01   0.13148165D+02
 85   h    -.10367150D+02   0.42318335D+01   0.12861381D+02
 86   h    -.93576207D+01   -.40001153D+01   0.15873226D+02
 87   h    -.74823512D+01   -.14800523D+01   0.14732493D+02
 88   h    -.38217251D+01   -.44928991D+01   0.16148105D+02
 89   h    -.61434992D+01   -.56255064D+01   0.18191787D+02
 90   h    -.52547233D+01   -.24095707D+01   0.18236744D+02
 91   h    0.51034885D+01   -.22490763D+01   -.64250306D+01
========================================================================
 ParseGeometry        :: Allocs=11,  DeAllocs=11, 0 bytes are presently allocated.
                         A max of 10968 bytes were allocated.
 Base(1)%BName   = User2
 Opening BasFile = /n/scratch/mchalla/MONDO/BasisSets/User2.bas
 ParseBaseSets        :: Allocs=121,  DeAllocs=120, 728 bytes are presently allocated.
                         A max of 133396 bytes were allocated.
 Current HDF file :: /n/scratch/mchalla/GoldScratch1/Chphyll_U2_6213.hdf
 Restart HDF file :: /n/scratch/mchalla/MONDO/Validate/Chphyll_U2.hdf
 Restart using User2/PBEx/PBEc density from previous geometry #1

 PROGRAM OF CALCULATIONS:

  A restricted Roothaan-Hall solution of the SCF using
  a tight accuracy level, User2 and the PBEx/PBEc model.
 

 Accuracy level 3 for the User2 basis set:
  TrixNeglect = 0.10D-05, CubeNeglect = 0.10D-06,
  TwoENeglect = 0.10D-09, DistNeglect = 0.10D-11
 MaxAtms = 92, MaxBlks = 8282, MaxNon0 = 4124962, BndWdth = 91
<<Entering MakeS 09/03/02 @ 07:12:02>>
 MakeS                :: S CheckSum  = 0.9090144334295141D+02
 MakeS                :: CPU Sec = 0.41D+01, WALL Sec = 0.61D+01
 MakeS                :: Allocs=37,  DeAllocs=36, 24 bytes are presently allocated.
                         A max of 67207464 bytes were allocated.
>-Exiting MakeS 09/03/02 @ 07:12:08-<
<<Entering LowdinO 09/03/02 @ 07:12:09>>
 ... ning Warning  Warning  Warning Wa ...
Illconditioning detected in MakeS: Cond(S)=0.18D+09
 LowdinO              :: X CheckSum  = 0.6850055638851678D+04
 LowdinO              :: CPU Sec = 0.49D+03, WALL Sec = 0.49D+03
 LowdinO              :: Allocs=20,  DeAllocs=20, 0 bytes are presently allocated.
                         A max of 99016040 bytes were allocated.
>-Exiting LowdinO 09/03/02 @ 07:20:22-<
<<Entering MakeT 09/03/02 @ 07:20:23>>
 MakeT                :: T CheckSum  = 0.3893425093425682D+03
 MakeT                :: CPU Sec = 0.36D+01, WALL Sec = 0.60D+01
 MakeT                :: Allocs=33,  DeAllocs=32, 24 bytes are presently allocated.
                         A max of 66187680 bytes were allocated.
>-Exiting MakeT 09/03/02 @ 07:20:29-<
<<Entering P2Use 09/03/02 @ 07:20:29>>
 P2Use                :: P[0] CheckSum  = 0.1802926896513819D+03
 P2Use                :: CPU Sec = 0.74D+00, WALL Sec = 0.44D+01
 P2Use                :: Allocs=27,  DeAllocs=27, 0 bytes are presently allocated.
                         A max of 33116520 bytes were allocated.
>-Exiting P2Use 09/03/02 @ 07:20:34-<
<<Entering MakeRho 09/03/02 @ 07:20:34>>
 MakeRho : Pruned Rho :: dNel = -.11D-05, kept 20% of distributions.
 MakeRho : Moments    :: <r> = (0.80D+00, -.51D+00, 0.80D+00), <r^2> = 0.31D+03
 MakeRho              :: Rho CheckSum  = 0.4624401695704050D+04
 MakeRho              :: CPU Sec = 0.73D+02, WALL Sec = 0.75D+02
 MakeRho              :: Allocs=65,  DeAllocs=59, 22916 bytes are presently allocated.
                         A max of 143075324 bytes were allocated.
>-Exiting MakeRho 09/03/02 @ 07:21:50-<
<<Entering QCTC 09/03/02 @ 07:21:50>>
 QCTC                 :: J[0] CheckSum  = 0.4752628767608917D+03
 QCTC                 :: WALL (Sec) = 0.15D+05
 QCTC                 :: Allocs=1075473,  DeAllocs=50, 132868760 bytes are presently allocated.
                         A max of 199051712 bytes were allocated.
>-Exiting QCTC 09/03/02 @ 11:38:17-<
<<Entering HiCu 09/03/02 @ 11:38:18>>
 HiCu.GridGen         :: Tau = 0.10D-01, <Rho> = 0.17973820D+03, <Exc> = -.31785024D+03, Pts/Atom = 943
 HiCu.GridGen         :: Tau = 0.10D-02, <Rho> = 0.17999048D+03, <Exc> = -.31862548D+03, Pts/Atom = 1891
 HiCu.GridGen         :: Tau = 0.10D-03, <Rho> = 0.17999997D+03, <Exc> = -.31865686D+03, Pts/Atom = 3684
 HiCu.GridGen         :: Tau = 0.10D-04, <Rho> = 0.18000018D+03, <Exc> = -.31865387D+03, Pts/Atom = 7076
 HiCu.GridGen         :: Tau = 0.10D-05, <Rho> = 0.18000001D+03, <Exc> = -.31865287D+03, Pts/Atom = 13431
 HiCu.GridGen         :: Tau = 0.10D-06, <Rho> = 0.18000000D+03, <Exc> = -.31865282D+03, Pts/Atom = 25417
 HiCu.GridGen         :: TauRel = 0.10D-06, RhoErr = 0.90D-08, <Exc> = -.31865282D+03
 HiCu.GridGen         :: CPU Sec = 0.19D+04, WALL Sec = 0.15D+05
 HiCu.MakeKxc         :: WALL (Sec) = 0.89D+04
 HiCu                 :: Kxc[0] CheckSum  = 0.6031701982503569D+02
 HiCu                 :: WALL (Sec) = 0.24D+05
 HiCu                 :: Allocs=611559,  DeAllocs=198308, 183223252 bytes are presently allocated.
                         A max of 249406108 bytes were allocated.
>-Exiting HiCu 09/03/02 @ 18:13:25-<
<<Entering FockNGrueven 09/03/02 @ 18:13:26>>
 FockNGrueven         :: F[0] CheckSum  = 0.2692160807460666D+03
 FockNGrueven         :: OrthoF[0] CheckSum  = 0.3563799626149317D+03
 FockNGrueven         :: CPU (Sec,MFLOPS) = (0.35D+02, 946),
                         WALL(Sec,MFLOPS) = (0.42D+02, 792)
 FockNGrueven         :: Allocs=41,  DeAllocs=37, 33066304 bytes are presently allocated.
                         A max of 111797780 bytes were allocated.
>-Exiting FockNGrueven 09/03/02 @ 18:14:08-<
<<Entering RHEqs 09/03/02 @ 18:14:08>>
 RHEqs                :: HOMO = -.16534504D+00, LUMO = -.10781475D+00
 RHEqs                :: OrthoP[1] CheckSum  = 0.1341640786499224D+02
 RHEqs                :: P[1] CheckSum  = 0.1803361867244114D+03
 RHEqs                :: CPU (Sec,MFLOPS) = (0.39D+03, 85),
                         WALL(Sec,MFLOPS) = (0.40D+03, 83)
 RHEqs                :: Allocs=31,  DeAllocs=29, 65999376 bytes are presently allocated.
                         A max of 165199440 bytes were allocated.
>-Exiting RHEqs 09/03/02 @ 18:20:49-<
<<Entering SCFStatus 09/03/02 @ 18:20:50>>
 
= = = = = SCFCycle #0, Basis #1, Geometry #1 = = = = =

       Gap     = 0.58D-01
       MaxDelD = 0.35D-01
       <T>     = 0.23696029D+04
       <V>     = -.44299199D+04
       <DFT>   = -.31865282D+03
       <SCF>   = -2378.96979606

 SCFStatus            :: CPU (Sec,MFLOPS) = (0.14D+01, 19),
                         WALL(Sec,MFLOPS) = (0.14D+01, 19)
 SCFStatus            :: Allocs=16,  DeAllocs=16, 0 bytes are presently allocated.
                         A max of 99200052 bytes were allocated.
>-Exiting SCFStatus 09/03/02 @ 18:20:51-<
<<Entering MakeRho 09/03/02 @ 18:20:52>>
 MakeRho : Pruned Rho :: dNel = -.11D-05, kept 20% of distributions.
 MakeRho : Moments    :: <r> = (0.80D+00, -.52D+00, 0.81D+00), <r^2> = 0.31D+03
 MakeRho              :: Rho CheckSum  = 0.4624416855589851D+04
 MakeRho              :: CPU Sec = 0.74D+02, WALL Sec = 0.76D+02
 MakeRho              :: Allocs=64,  DeAllocs=59, 22904 bytes are presently allocated.
                         A max of 143073904 bytes were allocated.
>-Exiting MakeRho 09/03/02 @ 18:22:08-<
<<Entering QCTC 09/03/02 @ 18:22:08>>
 QCTC                 :: J[1] CheckSum  = 0.4752642097588192D+03
 QCTC                 :: WALL (Sec) = 0.15D+05
 QCTC                 :: Allocs=1075433,  DeAllocs=50, 132862712 bytes are presently allocated.
                         A max of 199045664 bytes were allocated.
>-Exiting QCTC 09/03/02 @ 22:39:24-<
<<Entering HiCu 09/03/02 @ 22:39:24>>
 HiCu.GridGen         :: Tau = 0.10D-01, <Rho> = 0.17973766D+03, <Exc> = -.31784710D+03, Pts/Atom = 944
 HiCu.GridGen         :: Tau = 0.10D-02, <Rho> = 0.17999052D+03, <Exc> = -.31862556D+03, Pts/Atom = 1891
 HiCu.GridGen         :: Tau = 0.10D-03, <Rho> = 0.17999997D+03, <Exc> = -.31865669D+03, Pts/Atom = 3684
 HiCu.GridGen         :: Tau = 0.10D-04, <Rho> = 0.18000018D+03, <Exc> = -.31865370D+03, Pts/Atom = 7075
 HiCu.GridGen         :: Tau = 0.10D-05, <Rho> = 0.18000001D+03, <Exc> = -.31865270D+03, Pts/Atom = 13430
 HiCu.GridGen         :: Tau = 0.10D-06, <Rho> = 0.18000000D+03, <Exc> = -.31865265D+03, Pts/Atom = 25419
 HiCu.GridGen         :: TauRel = 0.10D-06, RhoErr = 0.84D-08, <Exc> = -.31865265D+03
 HiCu.GridGen         :: CPU Sec = 0.19D+04, WALL Sec = 0.15D+05
 HiCu.MakeKxc         :: WALL (Sec) = 0.89D+04
 HiCu                 :: Kxc[1] CheckSum  = 0.6031700460554404D+02
 HiCu                 :: WALL (Sec) = 0.24D+05
 HiCu                 :: Allocs=611581,  DeAllocs=198323, 183234636 bytes are presently allocated.
                         A max of 249417492 bytes were allocated.
>-Exiting HiCu 09/04/02 @ 05:14:49-<
<<Entering FockNGrueven 09/04/02 @ 05:14:49>>
 FockNGrueven         :: F[1] CheckSum  = 0.2692173765981711D+03
 FockNGrueven         :: OrthoF[1] CheckSum  = 0.3563791998939782D+03
 FockNGrueven         :: CPU (Sec,MFLOPS) = (0.35D+02, 949),
                         WALL(Sec,MFLOPS) = (0.42D+02, 804)
 FockNGrueven         :: Allocs=41,  DeAllocs=37, 33066304 bytes are presently allocated.
                         A max of 111797780 bytes were allocated.
>-Exiting FockNGrueven 09/04/02 @ 05:15:31-<
<<Entering DIIS 09/04/02 @ 05:15:31>>
 DIIS : Damping       :: Co = 0.80D+00, 0.20D+00
 DIIS                 :: F_DIIS[1] CheckSum  = 0.3563798100563948D+03
 DIIS                 :: CPU (Sec,MFLOPS) = (0.35D+02, 952),
                         WALL(Sec,MFLOPS) = (0.42D+02, 799)
 DIIS                 :: Allocs=34,  DeAllocs=30, 144 bytes are presently allocated.
                         A max of 132333132 bytes were allocated.
>-Exiting DIIS 09/04/02 @ 05:16:13-<
<<Entering RHEqs 09/04/02 @ 05:16:13>>
 RHEqs                :: HOMO = -.16535155D+00, LUMO = -.10782240D+00
 RHEqs                :: OrthoP[2] CheckSum  = 0.1341640786499231D+02
 RHEqs                :: P[2] CheckSum  = 0.1803310091350766D+03
 RHEqs                :: CPU (Sec,MFLOPS) = (0.39D+03, 86),
                         WALL(Sec,MFLOPS) = (0.40D+03, 84)
 RHEqs                :: Allocs=31,  DeAllocs=29, 65999376 bytes are presently allocated.
                         A max of 165199440 bytes were allocated.
>-Exiting RHEqs 09/04/02 @ 05:22:52-<
<<Entering SCFStatus 09/04/02 @ 05:22:53>>
 
= = = = = SCFCycle #1, Basis #1, Geometry #1 = = = = =

       Gap     = 0.58D-01
       DIISErr = 0.49D-06
       MaxDelD = 0.70D-02
       <T>     = 0.23696020D+04
       <V>     = -.44299192D+04
       <DFT>   = -.31865265D+03
       <SCF>   = -2378.96979557

 SCFStatus            :: CPU (Sec,MFLOPS) = (0.14D+01, 20),
                         WALL(Sec,MFLOPS) = (0.14D+01, 19)
 SCFStatus            :: Allocs=16,  DeAllocs=16, 0 bytes are presently allocated.
                         A max of 99200052 bytes were allocated.
>-Exiting SCFStatus 09/04/02 @ 05:22:54-<
<<Entering MakeRho 09/04/02 @ 05:22:55>>
 MakeRho : Pruned Rho :: dNel = -.11D-05, kept 20% of distributions.
 MakeRho : Moments    :: <r> = (0.80D+00, -.51D+00, 0.80D+00), <r^2> = 0.31D+03
 MakeRho              :: Rho CheckSum  = 0.4624420552132293D+04
 MakeRho              :: CPU Sec = 0.74D+02, WALL Sec = 0.76D+02
 MakeRho              :: Allocs=64,  DeAllocs=59, 22904 bytes are presently allocated.
                         A max of 143073968 bytes were allocated.
>-Exiting MakeRho 09/04/02 @ 05:24:11-<
<<Entering QCTC 09/04/02 @ 05:24:11>>
 QCTC                 :: J[2] CheckSum  = 0.4752634474810267D+03
 QCTC                 :: WALL (Sec) = 0.16D+05
 QCTC                 :: Allocs=1075443,  DeAllocs=50, 132863656 bytes are presently allocated.
                         A max of 199046608 bytes were allocated.
>-Exiting QCTC 09/04/02 @ 09:45:15-<
<<Entering HiCu 09/04/02 @ 09:45:15>>
 HiCu.GridGen         :: Tau = 0.10D-01, <Rho> = 0.17973817D+03, <Exc> = -.31784994D+03, Pts/Atom = 943
 HiCu.GridGen         :: Tau = 0.10D-02, <Rho> = 0.17999048D+03, <Exc> = -.31862535D+03, Pts/Atom = 1891
 HiCu.GridGen         :: Tau = 0.10D-03, <Rho> = 0.17999996D+03, <Exc> = -.31865669D+03, Pts/Atom = 3684
 HiCu.GridGen         :: Tau = 0.10D-04, <Rho> = 0.18000018D+03, <Exc> = -.31865374D+03, Pts/Atom = 7075
 HiCu.GridGen         :: Tau = 0.10D-05, <Rho> = 0.18000001D+03, <Exc> = -.31865274D+03, Pts/Atom = 13431
 HiCu.GridGen         :: Tau = 0.10D-06, <Rho> = 0.18000000D+03, <Exc> = -.31865268D+03, Pts/Atom = 25418
 HiCu.GridGen         :: TauRel = 0.10D-06, RhoErr = 0.93D-08, <Exc> = -.31865268D+03
 HiCu.GridGen         :: CPU Sec = 0.21D+04, WALL Sec = 0.15D+05
 HiCu.MakeKxc         :: WALL (Sec) = 0.91D+04
 HiCu                 :: Kxc[2] CheckSum  = 0.6031700936502471D+02
 HiCu                 :: WALL (Sec) = 0.24D+05
 HiCu                 :: Allocs=611559,  DeAllocs=198311, 183224572 bytes are presently allocated.
                         A max of 249407428 bytes were allocated.
>-Exiting HiCu 09/04/02 @ 16:26:25-<
<<Entering FockNGrueven 09/04/02 @ 16:26:26>>
 FockNGrueven         :: F[2] CheckSum  = 0.2692166204437956D+03
 FockNGrueven         :: OrthoF[2] CheckSum  = 0.3563796392247926D+03
 FockNGrueven         :: CPU (Sec,MFLOPS) = (0.38D+02, 882),
                         WALL(Sec,MFLOPS) = (0.45D+02, 745)
 FockNGrueven         :: Allocs=41,  DeAllocs=37, 33066304 bytes are presently allocated.
                         A max of 111797780 bytes were allocated.
>-Exiting FockNGrueven 09/04/02 @ 16:27:11-<
<<Entering DIIS 09/04/02 @ 16:27:11>>
 DIIS                 :: Cond# = 0.33D+07, MIN(E) = 0.42D-06
 DIIS : Pulay C1      :: DIISCo = -.67D-01, 0.11D+01
 DIIS                 :: F_DIIS[2] CheckSum  = 0.3563796685729423D+03
 DIIS                 :: CPU (Sec,MFLOPS) = (0.39D+02, 864),
                         WALL(Sec,MFLOPS) = (0.46D+02, 734)
 DIIS                 :: Allocs=45,  DeAllocs=40, 216 bytes are presently allocated.
                         A max of 132333132 bytes were allocated.
>-Exiting DIIS 09/04/02 @ 16:27:56-<
<<Entering RHEqs 09/04/02 @ 16:27:56>>
 RHEqs                :: HOMO = -.16536068D+00, LUMO = -.10783142D+00
 RHEqs                :: OrthoP[3] CheckSum  = 0.1341640786499213D+02
 RHEqs                :: P[3] CheckSum  = 0.1802252549912684D+03
 RHEqs                :: CPU (Sec,MFLOPS) = (0.42D+03, 80),
                         WALL(Sec,MFLOPS) = (0.43D+03, 78)
 RHEqs                :: Allocs=31,  DeAllocs=29, 65999376 bytes are presently allocated.
                         A max of 165199440 bytes were allocated.
>-Exiting RHEqs 09/04/02 @ 16:35:03-<
<<Entering SCFStatus 09/04/02 @ 16:35:04>>
 
= = = = = SCFCycle #2, Basis #1, Geometry #1 = = = = =

       Gap     = 0.58D-01
       DIISErr = 0.84D-07
       MaxDelD = 0.53D-01
       <T>     = 0.23696021D+04
       <V>     = -.44299192D+04
       <DFT>   = -.31865268D+03
       <SCF>   = -2378.96979622

 SCFStatus            :: CPU (Sec,MFLOPS) = (0.16D+01, 17),
                         WALL(Sec,MFLOPS) = (0.16D+01, 17)
 SCFStatus            :: Allocs=16,  DeAllocs=16, 0 bytes are presently allocated.
                         A max of 99200052 bytes were allocated.
>-Exiting SCFStatus 09/04/02 @ 16:35:05-<
<<Entering MakeRho 09/04/02 @ 16:35:06>>
 MakeRho : Pruned Rho :: dNel = -.11D-05, kept 20% of distributions.
 MakeRho : Moments    :: <r> = (0.80D+00, -.52D+00, 0.81D+00), <r^2> = 0.31D+03
 MakeRho              :: Rho CheckSum  = 0.4624369847862800D+04
 MakeRho              :: CPU Sec = 0.75D+02, WALL Sec = 0.77D+02
 MakeRho              :: Allocs=64,  DeAllocs=59, 22904 bytes are presently allocated.
                         A max of 143074640 bytes were allocated.
>-Exiting MakeRho 09/04/02 @ 16:36:23-<
<<Entering QCTC 09/04/02 @ 16:36:24>>
 QCTC                 :: J[3] CheckSum  = 0.4752630188401793D+03
 QCTC                 :: WALL (Sec) = 0.16D+05
 QCTC                 :: Allocs=1075463,  DeAllocs=50, 132866632 bytes are presently allocated.
                         A max of 199049584 bytes were allocated.
>-Exiting QCTC 09/04/02 @ 21:03:45-<
<<Entering HiCu 09/04/02 @ 21:03:45>>
 HiCu.GridGen         :: Tau = 0.10D-01, <Rho> = 0.17973819D+03, <Exc> = -.31785017D+03, Pts/Atom = 943
 HiCu.GridGen         :: Tau = 0.10D-02, <Rho> = 0.17999048D+03, <Exc> = -.31862545D+03, Pts/Atom = 1891
 HiCu.GridGen         :: Tau = 0.10D-03, <Rho> = 0.17999994D+03, <Exc> = -.31865654D+03, Pts/Atom = 3682
 HiCu.GridGen         :: Tau = 0.10D-04, <Rho> = 0.18000018D+03, <Exc> = -.31865385D+03, Pts/Atom = 7075
 HiCu.GridGen         :: Tau = 0.10D-05, <Rho> = 0.18000001D+03, <Exc> = -.31865285D+03, Pts/Atom = 13431
 HiCu.GridGen         :: Tau = 0.10D-06, <Rho> = 0.18000000D+03, <Exc> = -.31865280D+03, Pts/Atom = 25416
 HiCu.GridGen         :: TauRel = 0.10D-06, RhoErr = 0.84D-08, <Exc> = -.31865280D+03
 HiCu.GridGen         :: CPU Sec = 0.21D+04, WALL Sec = 0.15D+05
 HiCu.MakeKxc         :: WALL (Sec) = 0.92D+04
 HiCu                 :: Kxc[3] CheckSum  = 0.6031701570926755D+02
 HiCu                 :: WALL (Sec) = 0.24D+05
 HiCu                 :: Allocs=611545,  DeAllocs=198302, 183217588 bytes are presently allocated.
                         A max of 249400444 bytes were allocated.
>-Exiting HiCu 09/05/02 @ 03:49:23-<
<<Entering FockNGrueven 09/05/02 @ 03:49:23>>
 FockNGrueven         :: F[3] CheckSum  = 0.2692162236114629D+03
 FockNGrueven         :: OrthoF[3] CheckSum  = 0.3563798692297250D+03
 FockNGrueven         :: CPU (Sec,MFLOPS) = (0.38D+02, 890),
                         WALL(Sec,MFLOPS) = (0.46D+02, 735)
 FockNGrueven         :: Allocs=41,  DeAllocs=37, 33066304 bytes are presently allocated.
                         A max of 111797780 bytes were allocated.
>-Exiting FockNGrueven 09/05/02 @ 03:50:09-<
<<Entering DIIS 09/05/02 @ 03:50:09>>
 DIIS                 :: Cond# = 0.84D+07, MIN(E) = 0.21D-06
 DIIS : Pulay C1      :: DIISCo = -.77D-01, 0.85D+00, 0.23D+00
 DIIS                 :: F_DIIS[3] CheckSum  = 0.3563797248303458D+03
 DIIS                 :: CPU (Sec,MFLOPS) = (0.38D+02, 874),
                         WALL(Sec,MFLOPS) = (0.48D+02, 703)
 DIIS                 :: Allocs=49,  DeAllocs=44, 272 bytes are presently allocated.
                         A max of 132333132 bytes were allocated.
>-Exiting DIIS 09/05/02 @ 03:50:57-<
<<Entering RHEqs 09/05/02 @ 03:50:57>>
 RHEqs                :: HOMO = -.16535448D+00, LUMO = -.10782620D+00
 RHEqs                :: OrthoP[4] CheckSum  = 0.1341640786499159D+02
 RHEqs                :: P[4] CheckSum  = 0.1802208622766479D+03
 RHEqs                :: CPU (Sec,MFLOPS) = (0.42D+03, 79),
                         WALL(Sec,MFLOPS) = (0.43D+03, 77)
 RHEqs                :: Allocs=31,  DeAllocs=29, 65999376 bytes are presently allocated.
                         A max of 165199440 bytes were allocated.
>-Exiting RHEqs 09/05/02 @ 03:58:11-<
<<Entering SCFStatus 09/05/02 @ 03:58:11>>
 
= = = = = SCFCycle #3, Basis #1, Geometry #1 = = = = =

       Gap     = 0.58D-01
       DIISErr = 0.27D-06
       MaxDelD = 0.77D-02
       <T>     = 0.23696028D+04
       <V>     = -.44299197D+04
       <DFT>   = -.31865280D+03
       <SCF>   = -2378.96979583

 SCFStatus            :: CPU (Sec,MFLOPS) = (0.16D+01, 17),
                         WALL(Sec,MFLOPS) = (0.17D+01, 16)
 SCFStatus            :: Allocs=16,  DeAllocs=16, 0 bytes are presently allocated.
                         A max of 99200052 bytes were allocated.
>-Exiting SCFStatus 09/05/02 @ 03:58:13-<
<<Entering MakeRho 09/05/02 @ 03:58:13>>
 MakeRho : Pruned Rho :: dNel = -.11D-05, kept 20% of distributions.
 MakeRho : Moments    :: <r> = (0.80D+00, -.51D+00, 0.80D+00), <r^2> = 0.31D+03
 MakeRho              :: Rho CheckSum  = 0.4624369070603147D+04
 MakeRho              :: CPU Sec = 0.76D+02, WALL Sec = 0.78D+02
 MakeRho              :: Allocs=64,  DeAllocs=59, 22904 bytes are presently allocated.
                         A max of 143075104 bytes were allocated.
>-Exiting MakeRho 09/05/02 @ 03:59:31-<
<<Entering QCTC 09/05/02 @ 03:59:32>>
 QCTC                 :: J[4] CheckSum  = 0.4752632151685811D+03
 QCTC                 :: WALL (Sec) = 0.16D+05
 QCTC                 :: Allocs=1075473,  DeAllocs=50, 132868360 bytes are presently allocated.
                         A max of 199051312 bytes were allocated.
>-Exiting QCTC 09/05/02 @ 08:26:22-<
<<Entering HiCu 09/05/02 @ 08:26:23>>
 HiCu.GridGen         :: Tau = 0.10D-01, <Rho> = 0.17973819D+03, <Exc> = -.31785014D+03, Pts/Atom = 943
 HiCu.GridGen         :: Tau = 0.10D-02, <Rho> = 0.17999048D+03, <Exc> = -.31862544D+03, Pts/Atom = 1891
 HiCu.GridGen         :: Tau = 0.10D-03, <Rho> = 0.17999996D+03, <Exc> = -.31865680D+03, Pts/Atom = 3684
 HiCu.GridGen         :: Tau = 0.10D-04, <Rho> = 0.18000018D+03, <Exc> = -.31865384D+03, Pts/Atom = 7075
 HiCu.GridGen         :: Tau = 0.10D-05, <Rho> = 0.18000001D+03, <Exc> = -.31865283D+03, Pts/Atom = 13431
 HiCu.GridGen         :: Tau = 0.10D-06, <Rho> = 0.18000000D+03, <Exc> = -.31865278D+03, Pts/Atom = 25418
 HiCu.GridGen         :: TauRel = 0.10D-06, RhoErr = 0.91D-08, <Exc> = -.31865278D+03
 HiCu.GridGen         :: CPU Sec = 0.20D+04, WALL Sec = 0.15D+05
 HiCu.MakeKxc         :: WALL (Sec) = 0.89D+04
 HiCu                 :: Kxc[4] CheckSum  = 0.6031701620169436D+02
 HiCu                 :: WALL (Sec) = 0.24D+05
 HiCu                 :: Allocs=611571,  DeAllocs=198314, 183228084 bytes are presently allocated.
                         A max of 249410940 bytes were allocated.
>-Exiting HiCu 09/05/02 @ 15:02:57-<
<<Entering FockNGrueven 09/05/02 @ 15:02:57>>
 FockNGrueven         :: F[4] CheckSum  = 0.2692164162937133D+03
 FockNGrueven         :: OrthoF[4] CheckSum  = 0.3563797580577511D+03
 FockNGrueven         :: CPU (Sec,MFLOPS) = (0.35D+02, 947),
                         WALL(Sec,MFLOPS) = (0.42D+02, 795)
 FockNGrueven         :: Allocs=41,  DeAllocs=37, 33066304 bytes are presently allocated.
                         A max of 111797780 bytes were allocated.
>-Exiting FockNGrueven 09/05/02 @ 15:03:39-<
<<Entering DIIS 09/05/02 @ 15:03:39>>
 DIIS                 :: Cond# = 0.30D+09, MIN(E) = 0.67D-08
 DIIS : Pulay C1      :: DIISCo = -.54D-01, 0.57D+00, 0.16D+00, 0.32D+00
 DIIS                 :: F_DIIS[4] CheckSum  = 0.3563797384382622D+03
 DIIS                 :: CPU (Sec,MFLOPS) = (0.38D+02, 878),
                         WALL(Sec,MFLOPS) = (0.45D+02, 747)
 DIIS                 :: Allocs=54,  DeAllocs=49, 344 bytes are presently allocated.
                         A max of 132333132 bytes were allocated.
>-Exiting DIIS 09/05/02 @ 15:04:24-<
<<Entering RHEqs 09/05/02 @ 15:04:24>>
 RHEqs                :: HOMO = -.16535500D+00, LUMO = -.10782596D+00
 RHEqs                :: OrthoP[5] CheckSum  = 0.1341640786499203D+02
 RHEqs                :: P[5] CheckSum  = 0.1802449056119437D+03
 RHEqs                :: CPU (Sec,MFLOPS) = (0.39D+03, 86),
                         WALL(Sec,MFLOPS) = (0.40D+03, 84)
 RHEqs                :: Allocs=31,  DeAllocs=29, 65999376 bytes are presently allocated.
                         A max of 165199440 bytes were allocated.
>-Exiting RHEqs 09/05/02 @ 15:11:03-<
<<Entering SCFStatus 09/05/02 @ 15:11:03>>
 
= = = = = SCFCycle #4, Basis #1, Geometry #1 = = = = =

       Gap     = 0.58D-01
       DIISErr = 0.40D-07
       MaxDelD = 0.16D-01
       <T>     = 0.23696027D+04
       <V>     = -.44299197D+04
       <DFT>   = -.31865278D+03
       <SCF>   = -2378.96979610

 SCFStatus            :: CPU (Sec,MFLOPS) = (0.14D+01, 19),
                         WALL(Sec,MFLOPS) = (0.14D+01, 19)
 SCFStatus            :: Allocs=16,  DeAllocs=16, 0 bytes are presently allocated.
                         A max of 99200052 bytes were allocated.
>-Exiting SCFStatus 09/05/02 @ 15:11:05-<
<<Entering MakeRho 09/05/02 @ 15:11:06>>
 MakeRho : Pruned Rho :: dNel = -.11D-05, kept 20% of distributions.
 MakeRho : Moments    :: <r> = (0.80D+00, -.51D+00, 0.80D+00), <r^2> = 0.31D+03
 MakeRho              :: Rho CheckSum  = 0.4624383971980396D+04
 MakeRho              :: CPU Sec = 0.74D+02, WALL Sec = 0.76D+02
 MakeRho              :: Allocs=64,  DeAllocs=59, 22904 bytes are presently allocated.
                         A max of 143075104 bytes were allocated.
>-Exiting MakeRho 09/05/02 @ 15:12:22-<
<<Entering QCTC 09/05/02 @ 15:12:22>>
 QCTC                 :: J[5] CheckSum  = 0.4752632323169207D+03
 QCTC                 :: WALL (Sec) = 0.16D+05
 QCTC                 :: Allocs=1075473,  DeAllocs=50, 132868360 bytes are presently allocated.
                         A max of 199051312 bytes were allocated.
>-Exiting QCTC 09/05/02 @ 19:31:22-<
<<Entering HiCu 09/05/02 @ 19:31:22>>
 HiCu.GridGen         :: Tau = 0.10D-01, <Rho> = 0.17973818D+03, <Exc> = -.31785007D+03, Pts/Atom = 943
 HiCu.GridGen         :: Tau = 0.10D-02, <Rho> = 0.17999048D+03, <Exc> = -.31862541D+03, Pts/Atom = 1891
 HiCu.GridGen         :: Tau = 0.10D-03, <Rho> = 0.17999996D+03, <Exc> = -.31865677D+03, Pts/Atom = 3684
 HiCu.GridGen         :: Tau = 0.10D-04, <Rho> = 0.18000018D+03, <Exc> = -.31865380D+03, Pts/Atom = 7075
 HiCu.GridGen         :: Tau = 0.10D-05, <Rho> = 0.18000001D+03, <Exc> = -.31865280D+03, Pts/Atom = 13431
 HiCu.GridGen         :: Tau = 0.10D-06, <Rho> = 0.18000000D+03, <Exc> = -.31865275D+03, Pts/Atom = 25418
 HiCu.GridGen         :: TauRel = 0.10D-06, RhoErr = 0.91D-08, <Exc> = -.31865275D+03
 HiCu.GridGen         :: CPU Sec = 0.20D+04, WALL Sec = 0.15D+05
 HiCu.MakeKxc         :: WALL (Sec) = 0.91D+04
 HiCu                 :: Kxc[5] CheckSum  = 0.6031701426369750D+02
 HiCu                 :: WALL (Sec) = 0.24D+05
 HiCu                 :: Allocs=611571,  DeAllocs=198314, 183228084 bytes are presently allocated.
                         A max of 249410940 bytes were allocated.
>-Exiting HiCu 09/06/02 @ 02:12:00-<
<<Entering FockNGrueven 09/06/02 @ 02:12:00>>
 FockNGrueven         :: F[5] CheckSum  = 0.2692164202899730D+03
 FockNGrueven         :: OrthoF[5] CheckSum  = 0.3563797433881633D+03
 FockNGrueven         :: CPU (Sec,MFLOPS) = (0.35D+02, 950),
                         WALL(Sec,MFLOPS) = (0.41D+02, 808)
 FockNGrueven         :: Allocs=41,  DeAllocs=37, 33066304 bytes are presently allocated.
                         A max of 111797780 bytes were allocated.
>-Exiting FockNGrueven 09/06/02 @ 02:12:41-<
<<Entering DIIS 09/06/02 @ 02:12:42>>
 DIIS                 :: Cond# = 0.47D+10, MIN(E) = 0.48D-09
 Unknown error: < /n/scratch/mchalla/GoldExec1/DIIS Chphyll_U2_6213 Direct 5 1 1 4 1 1>
<<Entering DIIS 09/06/02 @ 07:31:10>>
 DIIS                 :: Cond# = 0.47D+10, MIN(E) = 0.48D-09
 DIIS : Pulay C1      :: DIISCo = -.35D-01, 0.37D+00, 0.11D+00,
                                  0.23D+00, 0.33D+00
 DIIS                 :: F_DIIS[5] CheckSum  = 0.3563797407774627D+03
 DIIS                 :: CPU (Sec,MFLOPS) = (0.41D+02, 829),
                         WALL(Sec,MFLOPS) = (0.79D+02, 427)
 DIIS                 :: Allocs=60,  DeAllocs=55, 432 bytes are presently allocated.
                         A max of 132333132 bytes were allocated.
>-Exiting DIIS 09/06/02 @ 07:32:29-<
<<Entering RHEqs 09/06/02 @ 07:36:15>>
 RHEqs                :: HOMO = -.16535455D+00, LUMO = -.10782569D+00
 RHEqs                :: OrthoP[6] CheckSum  = 0.1341640786499225D+02
 RHEqs                :: P[6] CheckSum  = 0.1802614608816251D+03
 RHEqs                :: CPU (Sec,MFLOPS) = (0.39D+03, 85),
                         WALL(Sec,MFLOPS) = (0.40D+03, 83)
 RHEqs                :: Allocs=31,  DeAllocs=29, 65999376 bytes are presently allocated.
                         A max of 165199440 bytes were allocated.
>-Exiting RHEqs 09/06/02 @ 07:42:58-<
<<Entering SCFStatus 09/06/02 @ 07:52:57>>
 
= = = = = SCFCycle #5, Basis #1, Geometry #1 = = = = =

       Gap     = 0.58D-01
       DIISErr = 0.96D-08
       MaxDelD = 0.11D-01
       <T>     = 0.23696025D+04
       <V>     = -.44299195D+04
       <DFT>   = -.31865275D+03
       <SCF>   = -2378.96979614

 SCFStatus            :: CPU (Sec,MFLOPS) = (0.16D+01, 17),
                         WALL(Sec,MFLOPS) = (0.83D+01, 3)
 SCFStatus            :: Allocs=16,  DeAllocs=16, 0 bytes are presently allocated.
                         A max of 99200052 bytes were allocated.
>-Exiting SCFStatus 09/06/02 @ 07:53:05-<
