

 __    __                 _       ____________ ______ 
|  \  /  |               | |     /       /    |      |
|   \/   | ___  _ __   __| | ___/   ____/   __|  |==='
|        |/ _ \| '_ \ / _  |/ _ \____  \   (__|  ____|
|  |\/|  | (_) | | | | (_| | (_) )     /\     |  |    
|__|  |__|\___/|_| |_|\____|\___/_____/  \____|__|    

 Version 1.0 alpha 4                                  
 A program suite for O(N) SCF theory and ab initio MD 
 Matt Challacombe, Eric Schwegler, C.J. Tymczak,      
 Chee Kwan Gan, Karoly Nemeth and Anders Niklasson    
 Los Alamos National Laboratory (LA-CC 01-2)          
 Copywrite 2001, University of California.            

 Compiled for AMDLinux.PG, executing on zinc20
 a i686 machine running Linux 2.4.2-2

               ** Chlorophyll **                                                                                                
  
<<Starting MondoSCF 08/16/02 @ 08:55:45>>
 ** Auto-Wraps at default value => (Off) **
 ** Atom-Wrap at default value => (AtomWrap-Off) **
 ** Lattice Vector Format at default value => (Vector Format) **
 ** Coodinate Format at default value => (Atomic Coord) **
========================================================================
 Internal representation of the geometry:
 Geometry originally in Angstroms has been converted to AU.
 Geometry has not been reordered.
 Number of electrons = 360
------------------------------------------------------------------------
  *** Periodic is Off *** 
------------------------------------------------------------------------
 1   mg   0.00000000D+00   0.00000000D+00   0.00000000D+00
 2   n    0.17861879D+01   -.32896161D+01   -.10877263D+01
 3   n    0.91194397D+00   0.15996153D+01   -.35008686D+01
 4   n    -.27198637D+01   0.26785732D+01   0.14407271D+00
 5   n    -.20500503D+01   -.21629426D+01   0.28093422D+01
 6   o    -.92092584D+01   0.64001240D+01   0.47758856D+01
 7   o    -.45147444D+01   0.34771147D+01   0.90115174D+01
 8   o    -.86699306D+01   0.31222053D+01   0.95301527D+01
 9   o    -.10155992D+02   -.29941385D+01   0.10841188D+02
 10   o    -.69446485D+01   -.49185221D+01   0.12836531D+02
 11   o    0.23762548D+01   0.15008393D+01   0.26220515D+01
 12   o    0.52774378D+00   0.43342755D+01   0.66631927D+01
 13   c    0.18427285D+01   -.55103276D+01   0.26652695D+00
 14   c    -.16049443D+01   0.54952665D+01   -.33567959D+01
 15   c    -.30402668D+01   0.49612110D+01   -.11669625D+01
 16   c    -.49598315D+01   0.64528473D+01   -.36018177D-01
 17   c    -.58384218D+01   0.49829807D+01   0.19953617D+01
 18   c    -.44118110D+01   0.27195803D+01   0.20457796D+01
 19   c    -.50120258D+01   0.10438090D+01   0.39907044D+01
 20   c    -.39087092D+01   -.12472192D+01   0.44157038D+01
 21   c    -.44813907D+01   -.31096575D+01   0.65335197D+01
 22   c    -.23124577D+01   -.50750670D+01   0.62669928D+01
 23   c    -.12193079D+01   -.44070867D+01   0.36881593D+01
 24   c    0.35883062D+01   -.72296381D+01   -.96525314D+00
 25   c    0.51323068D+00   -.59497834D+01   0.24851786D+01
 26   c    0.42102717D+01   -.98203201D+01   -.21618465D-01
 27   c    0.63415047D+01   -.71869492D+01   -.48479219D+01
 28   c    0.80392534D+01   -.60778501D+01   -.61517384D+01
 29   c    0.47945561D+01   0.20198147D+01   -.94437167D+01
 30   c    0.10395194D+01   0.66202582D+01   -.84928632D+01
 31   c    -.11961021D+01   0.63775229D+01   -.10200079D+02
 32   c    -.57775349D+01   0.90092120D+01   -.87881707D+00
 33   c    -.75970575D+01   0.48900628D+01   0.40411223D+01
 34   c    -.71258732D+01   0.23462649D+01   0.54890304D+01
 35   c    0.45335849D+01   -.60929112D+01   -.30326512D+01
 36   c    -.70896283D+01   -.43476548D+01   0.62958111D+01
 37   c    -.77072474D+01   -.60150734D+01   0.85864992D+01
 38   c    -.35375671D+00   -.48766836D+01   0.83127723D+01
 39   c    -.65372425D+01   0.30058548D+01   0.81831182D+01
 40   c    -.84915971D+01   0.40706021D+01   0.12072968D+02
 41   c    -.83814072D+01   -.44422545D+01   0.10826769D+02
 42   c    -.75274778D+01   -.34804784D+01   0.15134437D+02
 43   c    -.55963101D+01   -.40295761D+01   0.17043344D+02
 44   c    0.34070815D+01   -.35440866D+01   -.31262871D+01
 45   c    0.37854802D+01   -.17502831D+01   -.49487577D+01
 46   c    0.26372260D+01   0.66210329D+00   -.51648668D+01
 47   c    0.30446320D+01   0.24274664D+01   -.72538644D+01
 48   c    0.14788240D+01   0.44229982D+01   -.68288650D+01
 49   c    0.17107689D+00   0.39341449D+01   -.44445221D+01
 50   h    -.18100173D+01   0.73530561D+01   -.41764834D+01
 51   h    0.37404291D+01   0.16599353D+00   0.33449284D+01
 52   h    0.18742113D+01   0.28532028D+01   0.40657644D+01
 53   h    0.13330316D+01   0.54001377D+01   0.82061729D+01
 54   h    -.14559016D+01   0.39221263D+01   0.69093295D+01
 55   h    -.45453390D+01   -.21556671D+01   0.83366207D+01
 56   h    -.28170901D+01   -.69600876D+01   0.56692536D+01
 57   h    0.94127251D+00   -.77310580D+01   0.33846882D+01
 58   h    0.62233779D+01   -.10145259D+02   0.62890081D-01
 59   h    0.34194781D+01   -.11262465D+02   -.12299849D+01
 60   h    0.34620158D+01   -.10147658D+02   0.18487567D+01
 61   h    0.61719963D+01   -.92156834D+01   -.49920513D+01
 62   h    0.93058989D+01   -.71005887D+01   -.73825169D+01
 63   h    0.82895098D+01   -.40621928D+01   -.59522022D+01
 64   h    0.61990760D+01   0.60565718D+00   -.90046577D+01
 65   h    0.56805352D+01   0.37560005D+01   -.10048656D+02
 66   h    0.37306970D+01   0.12721824D+01   -.11016800D+02
 67   h    0.26788189D+01   0.69577632D+01   -.96608273D+01
 68   h    0.74409851D+00   0.83019820D+01   -.73748824D+01
 69   h    -.77652620D+00   0.52065352D+01   -.11818120D+02
 70   h    -.18680697D+01   0.81549991D+01   -.10944556D+02
 71   h    -.27750815D+01   0.54871596D+01   -.92623408D+01
 72   h    -.76282947D+01   0.94282398D+01   -.12757540D+00
 73   h    -.59321333D+01   0.91038683D+01   -.29116331D+01
 74   h    -.45335660D+01   0.10490625D+02   -.22820331D+00
 75   h    -.86789068D+01   0.10321305D+01   0.53265140D+01
 76   h    -.71851162D+01   -.54439226D+01   0.45769919D+01
 77   h    -.85275019D+01   -.29021656D+01   0.62045373D+01
 78   h    -.60616174D+01   -.71519893D+01   0.89922800D+01
 79   h    -.92240549D+01   -.72921124D+01   0.81030128D+01
 80   h    0.36528403D-01   -.29220455D+01   0.87513966D+01
 81   h    0.13928792D+01   -.58072602D+01   0.78142248D+01
 82   h    -.10055610D+01   -.57297437D+01   0.10048523D+02
 83   h    -.76215673D+01   0.59136140D+01   0.11965291D+02
 84   h    -.73125026D+01   0.27982118D+01   0.13148165D+02
 85   h    -.10367150D+02   0.42318335D+01   0.12861381D+02
 86   h    -.93576207D+01   -.40001153D+01   0.15873226D+02
 87   h    -.74823512D+01   -.14800523D+01   0.14732493D+02
 88   h    -.38217251D+01   -.44928991D+01   0.16148105D+02
 89   h    -.61434992D+01   -.56255064D+01   0.18191787D+02
 90   h    -.52547233D+01   -.24095707D+01   0.18236744D+02
 91   h    0.51034885D+01   -.22490763D+01   -.64250306D+01
========================================================================
 ParseGeometry        :: Allocs=11,  DeAllocs=11, 0 bytes are presently allocated.
                         A max of 10968 bytes were allocated.
 Base(1)%BName   = 6-311ppG3df,3pd
 Opening BasFile = /home/mchalla/MONDOf/BasisSets/6-311ppG3df,3pd.bas
 Base(2)%BName   = 6-311ppG3df,3pd
 Opening BasFile = /home/mchalla/MONDOf/BasisSets/6-311ppG3df,3pd.bas
 Base(3)%BName   = 6-311ppG3df,3pd
 Opening BasFile = /home/mchalla/MONDOf/BasisSets/6-311ppG3df,3pd.bas
 ParseBaseSets        :: Allocs=345,  DeAllocs=344, 728 bytes are presently allocated.
                         A max of 343164 bytes were allocated.
 Current HDF file :: /scratch/mchalla/Cp_6-311ppGbb_13986.hdf
 Restart HDF file :: /home/mchalla/Chlorphyll/Cphyll_6-311Gss.hdf
 Restart using 6-311Gss/PBEx/PBEc density from previous geometry #1

 PROGRAM OF CALCULATIONS:

  A restricted Roothaan-Hall solution of the SCF using
  a tight accuracy level, 6-311ppG3df,3pd and the PBEx/PBEc model.
 

  Followed by a  restricted Roothaan-Hall solution of the SCF using
  a tight accuracy level,6-311ppG3df,3pd and the PBEx/PBEc model.
 

  Followed by a  restricted Roothaan-Hall solution of the SCF using
  a tight accuracy level,6-311ppG3df,3pd and the PBEx/PBEc model.
 

 Accuracy level 3 for the 6-311ppG3df,3pd basis set:
  TrixNeglect = 0.10D-05, CubeNeglect = 0.10D-06,
  TwoENeglect = 0.10D-09, DistNeglect = 0.10D-11
 MaxAtms = 92, MaxBlks = 8282, MaxNon0 = 9066122, BndWdth = 91
 Accuracy level 3 for the 6-311ppG3df,3pd basis set:
  TrixNeglect = 0.10D-05, CubeNeglect = 0.10D-06,
  TwoENeglect = 0.10D-09, DistNeglect = 0.10D-11
 MaxAtms = 92, MaxBlks = 8282, MaxNon0 = 9066122, BndWdth = 91
 Accuracy level 3 for the 6-311ppG3df,3pd basis set:
  TrixNeglect = 0.10D-05, CubeNeglect = 0.10D-06,
  TwoENeglect = 0.10D-09, DistNeglect = 0.10D-11
 MaxAtms = 92, MaxBlks = 8282, MaxNon0 = 9066122, BndWdth = 91
<<Entering MakeS 08/16/02 @ 08:55:48>>
 MakeS                :: S CheckSum  = 0.1342482029926374D+03
 MakeS                :: CPU Sec = 0.15D+02, WALL Sec = 0.15D+02
 MakeS                :: Allocs=37,  DeAllocs=36, 24 bytes are presently allocated.
                         A max of 148998712 bytes were allocated.
>-Exiting MakeS 08/16/02 @ 08:56:03-<
<<Entering LowdinO 08/16/02 @ 08:56:03>>
 ... ning Warning  Warning  Warning Wa ...
Illconditioning detected in MakeS: Cond(S)=0.48D+11
 LowdinO              :: X CheckSum  = 0.6660017149052520D+05
 LowdinO              :: CPU Sec = 0.20D+04, WALL Sec = 0.20D+04
 LowdinO              :: Allocs=20,  DeAllocs=20, 0 bytes are presently allocated.
                         A max of 217611720 bytes were allocated.
>-Exiting LowdinO 08/16/02 @ 09:28:45-<
<<Entering MakeT 08/16/02 @ 09:28:45>>
 MakeT                :: T CheckSum  = 0.4014871563926996D+03
 MakeT                :: CPU Sec = 0.93D+01, WALL Sec = 0.96D+01
 MakeT                :: Allocs=33,  DeAllocs=32, 24 bytes are presently allocated.
                         A max of 145294080 bytes were allocated.
>-Exiting MakeT 08/16/02 @ 09:28:55-<
<<Entering P2Use 08/16/02 @ 09:28:55>>
 P2Use                :: P[0] CheckSum  = 0.6842825080476935D+01
 P2Use                :: CPU Sec = 0.17D+01, WALL Sec = 0.48D+01
 P2Use                :: Allocs=39,  DeAllocs=39, 0 bytes are presently allocated.
                         A max of 290476616 bytes were allocated.
>-Exiting P2Use 08/16/02 @ 09:29:00-<
<<Entering MakeRho 08/16/02 @ 09:29:01>>
 MakeRho : Pruned Rho :: dNel = 0.15D-08, kept 16% of distributions.
 MakeRho : Moments    :: <r> = (0.82D+00, -.48D+00, 0.88D+00), <r^2> = 0.31D+03
 MakeRho              :: Rho CheckSum  = 0.4400021928086547D+04
 MakeRho              :: CPU Sec = 0.48D+02, WALL Sec = 0.48D+02
 MakeRho              :: Allocs=65,  DeAllocs=59, 17276 bytes are presently allocated.
                         A max of 65704508 bytes were allocated.
>-Exiting MakeRho 08/16/02 @ 09:29:48-<
<<Entering QCTC 08/16/02 @ 09:29:49>>
 QCTC                 :: J[0] CheckSum  = 0.4802832924089785D+03
 QCTC                 :: WALL (Sec) = 0.22D+05
 QCTC                 :: Allocs=593483,  DeAllocs=50, 102237752 bytes are presently allocated.
                         A max of 247523264 bytes were allocated.
>-Exiting QCTC 08/16/02 @ 15:42:21-<
<<Entering HiCu 08/16/02 @ 15:42:21>>
 HiCu.GridGen         :: Tau = 0.10D-01, <Rho> = 0.17980256D+03, <Exc> = -.31804996D+03, Pts/Atom = 944
 HiCu.GridGen         :: Tau = 0.10D-02, <Rho> = 0.17998763D+03, <Exc> = -.31864613D+03, Pts/Atom = 1913
 HiCu.GridGen         :: Tau = 0.10D-03, <Rho> = 0.17999943D+03, <Exc> = -.31871344D+03, Pts/Atom = 3692
 HiCu.GridGen         :: Tau = 0.10D-04, <Rho> = 0.18000028D+03, <Exc> = -.31871568D+03, Pts/Atom = 7071
 HiCu.GridGen         :: Tau = 0.10D-05, <Rho> = 0.18000003D+03, <Exc> = -.31871490D+03, Pts/Atom = 13417
 HiCu.GridGen         :: Tau = 0.10D-06, <Rho> = 0.18000003D+03, <Exc> = -.31871486D+03, Pts/Atom = 25276
 HiCu.GridGen         :: TauRel = 0.10D-06, RhoErr = 0.15D-06, <Exc> = -.31871486D+03
 HiCu.GridGen         :: WALL (Sec) = 0.69D+04
 Increase HGEll in MondoMods/GlobalScalars.F90 and remake
