

 __    __                 _       ____________ ______ 
|  \  /  |               | |     /       /    |      |
|   \/   | ___  _ __   __| | ___/   ____/   __|  |==='
|        |/ _ \| '_ \ / _  |/ _ \____  \   (__|  ____|
|  |\/|  | (_) | | | | (_| | (_) )     /\     |  |    
|__|  |__|\___/|_| |_|\____|\___/_____/  \____|__|    

 Version 1.0 alpha 4                                  
 A program suite for O(N) SCF theory and ab initio MD 
 Matt Challacombe, Eric Schwegler, C.J. Tymczak,      
 Chee Kwan Gan, Karoly Nemeth and Anders Niklasson    
 Los Alamos National Laboratory (LA-CC 01-2)          
 Copywrite 2001, University of California.            

 Compiled for AMDLinux.PG, executing on zinc25
 a i686 machine running Linux 2.4.2-2

               ** Chlorophyll **                                                                                                
  
<<Starting MondoSCF 08/22/02 @ 09:49:50>>
 ** Auto-Wraps at default value => (Off) **
 ** Atom-Wrap at default value => (AtomWrap-Off) **
 ** Lattice Vector Format at default value => (Vector Format) **
 ** Coodinate Format at default value => (Atomic Coord) **
========================================================================
 Internal representation of the geometry:
 Geometry originally in Angstroms has been converted to AU.
 Geometry has not been reordered.
 Number of electrons = 360
------------------------------------------------------------------------
  *** Periodic is Off *** 
------------------------------------------------------------------------
 1   mg   0.00000000D+00   0.00000000D+00   0.00000000D+00
 2   n    0.17861879D+01   -.32896161D+01   -.10877263D+01
 3   n    0.91194397D+00   0.15996153D+01   -.35008686D+01
 4   n    -.27198637D+01   0.26785732D+01   0.14407271D+00
 5   n    -.20500503D+01   -.21629426D+01   0.28093422D+01
 6   o    -.92092584D+01   0.64001240D+01   0.47758856D+01
 7   o    -.45147444D+01   0.34771147D+01   0.90115174D+01
 8   o    -.86699306D+01   0.31222053D+01   0.95301527D+01
 9   o    -.10155992D+02   -.29941385D+01   0.10841188D+02
 10   o    -.69446485D+01   -.49185221D+01   0.12836531D+02
 11   o    0.23762548D+01   0.15008393D+01   0.26220515D+01
 12   o    0.52774378D+00   0.43342755D+01   0.66631927D+01
 13   c    0.18427285D+01   -.55103276D+01   0.26652695D+00
 14   c    -.16049443D+01   0.54952665D+01   -.33567959D+01
 15   c    -.30402668D+01   0.49612110D+01   -.11669625D+01
 16   c    -.49598315D+01   0.64528473D+01   -.36018177D-01
 17   c    -.58384218D+01   0.49829807D+01   0.19953617D+01
 18   c    -.44118110D+01   0.27195803D+01   0.20457796D+01
 19   c    -.50120258D+01   0.10438090D+01   0.39907044D+01
 20   c    -.39087092D+01   -.12472192D+01   0.44157038D+01
 21   c    -.44813907D+01   -.31096575D+01   0.65335197D+01
 22   c    -.23124577D+01   -.50750670D+01   0.62669928D+01
 23   c    -.12193079D+01   -.44070867D+01   0.36881593D+01
 24   c    0.35883062D+01   -.72296381D+01   -.96525314D+00
 25   c    0.51323068D+00   -.59497834D+01   0.24851786D+01
 26   c    0.42102717D+01   -.98203201D+01   -.21618465D-01
 27   c    0.63415047D+01   -.71869492D+01   -.48479219D+01
 28   c    0.80392534D+01   -.60778501D+01   -.61517384D+01
 29   c    0.47945561D+01   0.20198147D+01   -.94437167D+01
 30   c    0.10395194D+01   0.66202582D+01   -.84928632D+01
 31   c    -.11961021D+01   0.63775229D+01   -.10200079D+02
 32   c    -.57775349D+01   0.90092120D+01   -.87881707D+00
 33   c    -.75970575D+01   0.48900628D+01   0.40411223D+01
 34   c    -.71258732D+01   0.23462649D+01   0.54890304D+01
 35   c    0.45335849D+01   -.60929112D+01   -.30326512D+01
 36   c    -.70896283D+01   -.43476548D+01   0.62958111D+01
 37   c    -.77072474D+01   -.60150734D+01   0.85864992D+01
 38   c    -.35375671D+00   -.48766836D+01   0.83127723D+01
 39   c    -.65372425D+01   0.30058548D+01   0.81831182D+01
 40   c    -.84915971D+01   0.40706021D+01   0.12072968D+02
 41   c    -.83814072D+01   -.44422545D+01   0.10826769D+02
 42   c    -.75274778D+01   -.34804784D+01   0.15134437D+02
 43   c    -.55963101D+01   -.40295761D+01   0.17043344D+02
 44   c    0.34070815D+01   -.35440866D+01   -.31262871D+01
 45   c    0.37854802D+01   -.17502831D+01   -.49487577D+01
 46   c    0.26372260D+01   0.66210329D+00   -.51648668D+01
 47   c    0.30446320D+01   0.24274664D+01   -.72538644D+01
 48   c    0.14788240D+01   0.44229982D+01   -.68288650D+01
 49   c    0.17107689D+00   0.39341449D+01   -.44445221D+01
 50   h    -.18100173D+01   0.73530561D+01   -.41764834D+01
 51   h    0.37404291D+01   0.16599353D+00   0.33449284D+01
 52   h    0.18742113D+01   0.28532028D+01   0.40657644D+01
 53   h    0.13330316D+01   0.54001377D+01   0.82061729D+01
 54   h    -.14559016D+01   0.39221263D+01   0.69093295D+01
 55   h    -.45453390D+01   -.21556671D+01   0.83366207D+01
 56   h    -.28170901D+01   -.69600876D+01   0.56692536D+01
 57   h    0.94127251D+00   -.77310580D+01   0.33846882D+01
 58   h    0.62233779D+01   -.10145259D+02   0.62890081D-01
 59   h    0.34194781D+01   -.11262465D+02   -.12299849D+01
 60   h    0.34620158D+01   -.10147658D+02   0.18487567D+01
 61   h    0.61719963D+01   -.92156834D+01   -.49920513D+01
 62   h    0.93058989D+01   -.71005887D+01   -.73825169D+01
 63   h    0.82895098D+01   -.40621928D+01   -.59522022D+01
 64   h    0.61990760D+01   0.60565718D+00   -.90046577D+01
 65   h    0.56805352D+01   0.37560005D+01   -.10048656D+02
 66   h    0.37306970D+01   0.12721824D+01   -.11016800D+02
 67   h    0.26788189D+01   0.69577632D+01   -.96608273D+01
 68   h    0.74409851D+00   0.83019820D+01   -.73748824D+01
 69   h    -.77652620D+00   0.52065352D+01   -.11818120D+02
 70   h    -.18680697D+01   0.81549991D+01   -.10944556D+02
 71   h    -.27750815D+01   0.54871596D+01   -.92623408D+01
 72   h    -.76282947D+01   0.94282398D+01   -.12757540D+00
 73   h    -.59321333D+01   0.91038683D+01   -.29116331D+01
 74   h    -.45335660D+01   0.10490625D+02   -.22820331D+00
 75   h    -.86789068D+01   0.10321305D+01   0.53265140D+01
 76   h    -.71851162D+01   -.54439226D+01   0.45769919D+01
 77   h    -.85275019D+01   -.29021656D+01   0.62045373D+01
 78   h    -.60616174D+01   -.71519893D+01   0.89922800D+01
 79   h    -.92240549D+01   -.72921124D+01   0.81030128D+01
 80   h    0.36528403D-01   -.29220455D+01   0.87513966D+01
 81   h    0.13928792D+01   -.58072602D+01   0.78142248D+01
 82   h    -.10055610D+01   -.57297437D+01   0.10048523D+02
 83   h    -.76215673D+01   0.59136140D+01   0.11965291D+02
 84   h    -.73125026D+01   0.27982118D+01   0.13148165D+02
 85   h    -.10367150D+02   0.42318335D+01   0.12861381D+02
 86   h    -.93576207D+01   -.40001153D+01   0.15873226D+02
 87   h    -.74823512D+01   -.14800523D+01   0.14732493D+02
 88   h    -.38217251D+01   -.44928991D+01   0.16148105D+02
 89   h    -.61434992D+01   -.56255064D+01   0.18191787D+02
 90   h    -.52547233D+01   -.24095707D+01   0.18236744D+02
 91   h    0.51034885D+01   -.22490763D+01   -.64250306D+01
========================================================================
 ParseGeometry        :: Allocs=11,  DeAllocs=11, 0 bytes are presently allocated.
                         A max of 10968 bytes were allocated.
 Base(1)%BName   = Ahlrichs_VTZ
 Opening BasFile = /home/mchalla/MONDOf/BasisSets/Ahlrichs_VTZ.bas
 Base(2)%BName   = Ahlrichs_VTZ
 Opening BasFile = /home/mchalla/MONDOf/BasisSets/Ahlrichs_VTZ.bas
 ParseBaseSets        :: Allocs=210,  DeAllocs=209, 728 bytes are presently allocated.
                         A max of 115216 bytes were allocated.
 Current HDF file :: /scratch/mchalla/Cphyll_AVTZ_9082.hdf
 Restart HDF file :: /home/mchalla/Chlorphyll/Cphyll_AVTZ.hdf
 Restart using Ahlrichs_VTZ/PBEx/PBEc density from previous geometry #1

 PROGRAM OF CALCULATIONS:

  A restricted Roothaan-Hall solution of the SCF using
  a tight accuracy level, Ahlrichs_VTZ and the PBEx/PBEc model.
 

  Followed by a  restricted Roothaan-Hall solution of the SCF using
  a tight accuracy level,Ahlrichs_VTZ and the PBEx/PBEc model.
 

 Accuracy level 3 for the Ahlrichs_VTZ basis set:
  TrixNeglect = 0.10D-05, CubeNeglect = 0.10D-06,
  TwoENeglect = 0.10D-09, DistNeglect = 0.10D-11
 MaxAtms = 92, MaxBlks = 8282, MaxNon0 = 737882, BndWdth = 91
 Accuracy level 3 for the Ahlrichs_VTZ basis set:
  TrixNeglect = 0.10D-05, CubeNeglect = 0.10D-06,
  TwoENeglect = 0.10D-09, DistNeglect = 0.10D-11
 MaxAtms = 92, MaxBlks = 8282, MaxNon0 = 737882, BndWdth = 91
<<Entering MakeS 08/22/02 @ 09:49:54>>
 MakeS                :: S CheckSum  = 0.5561750444478383D+02
 MakeS                :: CPU Sec = 0.21D+01, WALL Sec = 0.21D+01
 MakeS                :: Allocs=37,  DeAllocs=36, 24 bytes are presently allocated.
                         A max of 12024948 bytes were allocated.
>-Exiting MakeS 08/22/02 @ 09:49:56-<
<<Entering BlokAInv 08/22/02 @ 09:49:57>>
 BlokAInv             :: CPU (Sec,MFLOPS) = (0.15D+01, 291),
                         WALL(Sec,MFLOPS) = (0.15D+01, 286)
 BlokAInv             :: Max(Z^t.A.Z-I)=0.40D-10, TrixThrsh=0.10D-05
 BlokAInv             :: Z CheckSum  = 0.4102420237225857D+03
 BlokAInv             :: CPU (Sec,MFLOPS) = (0.44D+01, 361),
                         WALL(Sec,MFLOPS) = (0.45D+01, 358)
 BlokAInv             :: Allocs=75,  DeAllocs=41, 17930724 bytes are presently allocated.
                         A max of 29871188 bytes were allocated.
>-Exiting BlokAInv 08/22/02 @ 09:50:01-<
<<Entering MakeT 08/22/02 @ 09:50:02>>
 MakeT                :: T CheckSum  = 0.7107267203931725D+03
 MakeT                :: CPU Sec = 0.33D+01, WALL Sec = 0.33D+01
 MakeT                :: Allocs=33,  DeAllocs=32, 24 bytes are presently allocated.
                         A max of 11963372 bytes were allocated.
>-Exiting MakeT 08/22/02 @ 09:50:05-<
<<Entering P2Use 08/22/02 @ 09:50:06>>
 P2Use                :: P[0] CheckSum  = 0.7373301684913540D+01
 P2Use                :: CPU Sec = 0.38D+00, WALL Sec = 0.41D+00
 P2Use                :: Allocs=39,  DeAllocs=39, 0 bytes are presently allocated.
                         A max of 23900404 bytes were allocated.
>-Exiting P2Use 08/22/02 @ 09:50:06-<
<<Entering MakeRho 08/22/02 @ 09:50:07>>
 MakeRho : Pruned Rho :: dNel = 0.30D-07, kept 21% of distributions.
 MakeRho : Moments    :: <r> = (0.86D+00, -.53D+00, 0.90D+00), <r^2> = 0.31D+03
 MakeRho              :: Rho CheckSum  = 0.4495493741194851D+04
 MakeRho              :: CPU Sec = 0.67D+02, WALL Sec = 0.67D+02
 MakeRho              :: Allocs=65,  DeAllocs=59, 20564 bytes are presently allocated.
                         A max of 65160688 bytes were allocated.
>-Exiting MakeRho 08/22/02 @ 09:51:14-<
<<Entering QCTC 08/22/02 @ 09:51:14>>
 QCTC                 :: J[0] CheckSum  = 0.7519994597569989D+03
 QCTC                 :: WALL (Sec) = 0.16D+05
 QCTC                 :: Allocs=1046188,  DeAllocs=50, 165521432 bytes are presently allocated.
                         A max of 184221184 bytes were allocated.
>-Exiting QCTC 08/22/02 @ 14:25:34-<
<<Entering HiCu 08/22/02 @ 14:25:35>>
 HiCu.GridGen         :: Tau = 0.10D-01, <Rho> = 0.17977459D+03, <Exc> = -.31767850D+03, Pts/Atom = 954
 HiCu.GridGen         :: Tau = 0.10D-02, <Rho> = 0.17999032D+03, <Exc> = -.31835658D+03, Pts/Atom = 1891
 HiCu.GridGen         :: Tau = 0.10D-03, <Rho> = 0.17999955D+03, <Exc> = -.31839023D+03, Pts/Atom = 3672
 HiCu.GridGen         :: Tau = 0.10D-04, <Rho> = 0.18000022D+03, <Exc> = -.31839141D+03, Pts/Atom = 7089
 HiCu.GridGen         :: Tau = 0.10D-05, <Rho> = 0.18000001D+03, <Exc> = -.31839117D+03, Pts/Atom = 13449
 HiCu.GridGen         :: Tau = 0.10D-06, <Rho> = 0.18000001D+03, <Exc> = -.31839111D+03, Pts/Atom = 25560
 HiCu.GridGen         :: TauRel = 0.10D-06, RhoErr = 0.42D-07, <Exc> = -.31839111D+03
 HiCu.GridGen         :: WALL (Sec) = 0.16D+05
 HiCu.MakeKxc         :: WALL (Sec) = 0.13D+05
 HiCu                 :: Kxc[0] CheckSum  = 0.5679146018054335D+02
 HiCu                 :: WALL (Sec) = 0.28D+05
 HiCu                 :: Allocs=607922,  DeAllocs=199418, 173534672 bytes are presently allocated.
                         A max of 185495716 bytes were allocated.
>-Exiting HiCu 08/22/02 @ 22:19:50-<
<<Entering FockNGrueven 08/22/02 @ 22:19:50>>
 FockNGrueven         :: F[0] CheckSum  = 0.3124183117654555D+03
 FockNGrueven         :: OrthoF[0] CheckSum  = 0.7023990163123816D+03
 FockNGrueven         :: CPU (Sec,MFLOPS) = (0.37D+01, 344),
                         WALL(Sec,MFLOPS) = (0.44D+01, 291)
 FockNGrueven         :: Allocs=41,  DeAllocs=37, 3030768 bytes are presently allocated.
                         A max of 21293700 bytes were allocated.
>-Exiting FockNGrueven 08/22/02 @ 22:19:55-<
<<Entering NT4 08/22/02 @ 22:19:55>>
 NT4 : Pure 1         :: dE=0.10D+01, dP=0.85D+00, ThrX=0.10D-05, %Non0=99
 NT4 : Pure 2         :: dE=0.17D+01, dP=0.96D+00, ThrX=0.10D-05, %Non0=99
 NT4 : Pure 3         :: dE=0.46D+00, dP=0.65D+00, ThrX=0.10D-05, %Non0=99
 NT4 : Pure 4         :: dE=0.18D+01, dP=0.65D+00, ThrX=0.10D-05, %Non0=99
 NT4 : Pure 5         :: dE=0.48D+00, dP=0.64D+00, ThrX=0.10D-05, %Non0=99
 NT4 : Pure 6         :: dE=0.33D+01, dP=0.64D+00, ThrX=0.10D-05, %Non0=99
 NT4 : Pure 7         :: dE=0.51D+00, dP=0.65D+00, ThrX=0.10D-05, %Non0=99
 NT4 : Pure 8         :: dE=0.39D+02, dP=0.64D+00, ThrX=0.10D-05, %Non0=99
 NT4 : Pure 9         :: dE=0.12D+01, dP=0.65D+00, ThrX=0.10D-05, %Non0=99
 NT4 : Pure 10        :: dE=0.13D+01, dP=0.65D+00, ThrX=0.10D-05, %Non0=99
 NT4 : Pure 11        :: dE=0.37D-02, dP=0.65D+00, ThrX=0.10D-05, %Non0=99
 NT4 : Pure 12        :: dE=0.53D+00, dP=0.64D+00, ThrX=0.10D-05, %Non0=100
 NT4 : Pure 13        :: dE=0.11D-01, dP=0.63D+00, ThrX=0.10D-05, %Non0=100
 NT4 : Pure 14        :: dE=0.30D+00, dP=0.62D+00, ThrX=0.10D-05, %Non0=100
 NT4 : Pure 15        :: dE=0.91D-01, dP=0.59D+00, ThrX=0.10D-05, %Non0=100
 NT4 : Pure 16        :: dE=0.17D+00, dP=0.54D+00, ThrX=0.10D-05, %Non0=100
 NT4 : Pure 17        :: dE=0.76D-01, dP=0.60D+00, ThrX=0.10D-05, %Non0=100
 NT4 : Pure 18        :: dE=0.13D+00, dP=0.53D+00, ThrX=0.10D-05, %Non0=100
 NT4 : Pure 19        :: dE=0.39D-01, dP=0.32D+00, ThrX=0.10D-05, %Non0=100
 NT4 : Pure 20        :: dE=0.28D-01, dP=0.24D+00, ThrX=0.10D-05, %Non0=100
 NT4 : Pure 21        :: dE=0.20D-01, dP=0.24D+00, ThrX=0.10D-05, %Non0=100
 NT4 : Pure 22        :: dE=0.12D-01, dP=0.21D+00, ThrX=0.10D-05, %Non0=100
 NT4 : Pure 23        :: dE=0.61D-02, dP=0.16D+00, ThrX=0.10D-05, %Non0=100
 NT4 : Pure 24        :: dE=0.25D-02, dP=0.12D+00, ThrX=0.10D-05, %Non0=100
 NT4 : Pure 25        :: dE=0.80D-03, dP=0.73D-01, ThrX=0.10D-05, %Non0=100
 NT4 : Pure 26        :: dE=0.21D-03, dP=0.54D-01, ThrX=0.10D-05, %Non0=100
 NT4 : Pure 27        :: dE=0.60D-04, dP=0.32D-01, ThrX=0.10D-05, %Non0=100
 NT4 : Pure 28        :: dE=0.19D-04, dP=0.16D-01, ThrX=0.10D-05, %Non0=100
 NT4 : Pure 29        :: dE=0.58D-05, dP=0.77D-02, ThrX=0.10D-05, %Non0=100
 NT4 : Pure 30        :: dE=0.84D-06, dP=0.12D-02, ThrX=0.10D-05, %Non0=100
 NT4 : Pure 31        :: dE=0.17D-07, dP=0.24D-04, ThrX=0.10D-05, %Non0=100
 NT4 : Pure 32        :: dE=0.65D-11, dP=0.11D-07, ThrX=0.10D-05, %Non0=100
 NT4 : Met dE/dP goals:: Tr{FP}=-.6676514847632154D+03, dNel = 0.57D-13
 NT4                  :: 32 purification steps, 57 matrix multiplies
 NT4                  :: Fractional occupation = 0.21D+00, %Non0s = 100
 NT4 : Max abs errors :: dE=0.44D-08, dP=0.11D-07, [F,P]=0.91D-04
 NT4                  :: Rel dE=0.65D-11, ||dP||_F=0.94D-07, ||[F,P]||_F=0.27D-03
 NT4                  :: OrthoP[1] CheckSum  = 0.1341640786499858D+02
 NT4                  :: P[1] CheckSum  = 0.7373309032557260D+01
 NT4                  :: CPU (Sec,MFLOPS) = (0.20D+03, 375),
                         WALL(Sec,MFLOPS) = (0.20D+03, 375)
 NT4                  :: Allocs=335,  DeAllocs=331, 5969680 bytes are presently allocated.
                         A max of 35819184 bytes were allocated.
>-Exiting NT4 08/22/02 @ 22:23:12-<
<<Entering SCFStatus 08/22/02 @ 22:23:13>>
  
= = = = = SCFCycle #0, Basis #1, Geometry #1 = = = = =

       MaxDelD = 0.81D-04
       <T>     = 0.23703563D+04
       <V>     = -.44303653D+04
       <DFT>   = -.31839111D+03
       <SCF>   = -2378.40005752

 SCFStatus            :: CPU (Sec,MFLOPS) = (0.43D+00, 12),
                         WALL(Sec,MFLOPS) = (0.67D+00, 7)
 SCFStatus            :: Allocs=16,  DeAllocs=16, 0 bytes are presently allocated.
                         A max of 17910132 bytes were allocated.
>-Exiting SCFStatus 08/22/02 @ 22:23:13-<
<<Entering MakeRho 08/22/02 @ 22:23:14>>
 MakeRho : Pruned Rho :: dNel = 0.30D-07, kept 21% of distributions.
 MakeRho : Moments    :: <r> = (0.86D+00, -.53D+00, 0.90D+00), <r^2> = 0.31D+03
 MakeRho              :: Rho CheckSum  = 0.4495493629504876D+04
 MakeRho              :: CPU Sec = 0.69D+02, WALL Sec = 0.69D+02
 MakeRho              :: Allocs=64,  DeAllocs=59, 20552 bytes are presently allocated.
                         A max of 65160564 bytes were allocated.
>-Exiting MakeRho 08/22/02 @ 22:24:23-<
<<Entering QCTC 08/22/02 @ 22:24:23>>
 QCTC                 :: J[1] CheckSum  = 0.7519993712990074D+03
 QCTC                 :: WALL (Sec) = 0.16D+05
 QCTC                 :: Allocs=1046178,  DeAllocs=50, 165519832 bytes are presently allocated.
                         A max of 184219400 bytes were allocated.
>-Exiting QCTC 08/23/02 @ 02:50:32-<
<<Entering HiCu 08/23/02 @ 02:50:33>>
 HiCu.GridGen         :: Tau = 0.10D-01, <Rho> = 0.17977461D+03, <Exc> = -.31767852D+03, Pts/Atom = 954
 HiCu.GridGen         :: Tau = 0.10D-02, <Rho> = 0.17999032D+03, <Exc> = -.31835655D+03, Pts/Atom = 1891
 HiCu.GridGen         :: Tau = 0.10D-03, <Rho> = 0.17999954D+03, <Exc> = -.31839014D+03, Pts/Atom = 3671
 HiCu.GridGen         :: Tau = 0.10D-04, <Rho> = 0.18000021D+03, <Exc> = -.31839135D+03, Pts/Atom = 7089
 HiCu.GridGen         :: Tau = 0.10D-05, <Rho> = 0.18000001D+03, <Exc> = -.31839112D+03, Pts/Atom = 13451
 HiCu.GridGen         :: Tau = 0.10D-06, <Rho> = 0.18000001D+03, <Exc> = -.31839106D+03, Pts/Atom = 25560
 HiCu.GridGen         :: TauRel = 0.10D-06, RhoErr = 0.41D-07, <Exc> = -.31839106D+03
 HiCu.GridGen         :: WALL (Sec) = 0.16D+05
 HiCu.MakeKxc         :: WALL (Sec) = 0.13D+05
 HiCu                 :: Kxc[1] CheckSum  = 0.5679145928420604D+02
 HiCu                 :: WALL (Sec) = 0.28D+05
 HiCu                 :: Allocs=607932,  DeAllocs=199424, 173539648 bytes are presently allocated.
                         A max of 185500692 bytes were allocated.
>-Exiting HiCu 08/23/02 @ 10:45:12-<
<<Entering FockNGrueven 08/23/02 @ 10:45:13>>
 FockNGrueven         :: F[1] CheckSum  = 0.3124182019004277D+03
 FockNGrueven         :: OrthoF[1] CheckSum  = 0.7023990534956243D+03
 FockNGrueven         :: CPU (Sec,MFLOPS) = (0.37D+01, 345),
                         WALL(Sec,MFLOPS) = (0.39D+01, 331)
 FockNGrueven         :: Allocs=41,  DeAllocs=37, 3030768 bytes are presently allocated.
                         A max of 21293700 bytes were allocated.
>-Exiting FockNGrueven 08/23/02 @ 10:45:17-<
<<Entering DIIS 08/23/02 @ 10:45:17>>
 DIIS : Damping       :: Co = 0.95D+00, 0.50D-01
 DIIS                 :: F_DIIS[1] CheckSum  = 0.7023990181713907D+03
 DIIS                 :: CPU (Sec,MFLOPS) = (0.67D+01, 377),
                         WALL(Sec,MFLOPS) = (0.70D+01, 365)
 DIIS                 :: Allocs=34,  DeAllocs=30, 144 bytes are presently allocated.
                         A max of 23946572 bytes were allocated.
>-Exiting DIIS 08/23/02 @ 10:45:24-<
<<Entering NT4 08/23/02 @ 10:45:24>>
 NT4 : Pure 1         :: dE=0.10D+01, dP=0.85D+00, ThrX=0.10D-05, %Non0=99
 NT4 : Pure 2         :: dE=0.17D+01, dP=0.96D+00, ThrX=0.10D-05, %Non0=99
 NT4 : Pure 3         :: dE=0.46D+00, dP=0.65D+00, ThrX=0.10D-05, %Non0=99
 NT4 : Pure 4         :: dE=0.18D+01, dP=0.65D+00, ThrX=0.10D-05, %Non0=99
 NT4 : Pure 5         :: dE=0.48D+00, dP=0.64D+00, ThrX=0.10D-05, %Non0=99
 NT4 : Pure 6         :: dE=0.33D+01, dP=0.64D+00, ThrX=0.10D-05, %Non0=99
 NT4 : Pure 7         :: dE=0.51D+00, dP=0.65D+00, ThrX=0.10D-05, %Non0=99
 NT4 : Pure 8         :: dE=0.39D+02, dP=0.64D+00, ThrX=0.10D-05, %Non0=99
 NT4 : Pure 9         :: dE=0.12D+01, dP=0.65D+00, ThrX=0.10D-05, %Non0=99
 NT4 : Pure 10        :: dE=0.13D+01, dP=0.65D+00, ThrX=0.10D-05, %Non0=99
 NT4 : Pure 11        :: dE=0.37D-02, dP=0.65D+00, ThrX=0.10D-05, %Non0=99
 NT4 : Pure 12        :: dE=0.53D+00, dP=0.64D+00, ThrX=0.10D-05, %Non0=100
 NT4 : Pure 13        :: dE=0.11D-01, dP=0.63D+00, ThrX=0.10D-05, %Non0=100
 NT4 : Pure 14        :: dE=0.30D+00, dP=0.62D+00, ThrX=0.10D-05, %Non0=100
 NT4 : Pure 15        :: dE=0.91D-01, dP=0.59D+00, ThrX=0.10D-05, %Non0=100
 NT4 : Pure 16        :: dE=0.17D+00, dP=0.54D+00, ThrX=0.10D-05, %Non0=100
 NT4 : Pure 17        :: dE=0.76D-01, dP=0.60D+00, ThrX=0.10D-05, %Non0=100
 NT4 : Pure 18        :: dE=0.13D+00, dP=0.53D+00, ThrX=0.10D-05, %Non0=100
 NT4 : Pure 19        :: dE=0.39D-01, dP=0.32D+00, ThrX=0.10D-05, %Non0=100
 NT4 : Pure 20        :: dE=0.28D-01, dP=0.24D+00, ThrX=0.10D-05, %Non0=100
 NT4 : Pure 21        :: dE=0.20D-01, dP=0.24D+00, ThrX=0.10D-05, %Non0=100
 NT4 : Pure 22        :: dE=0.12D-01, dP=0.21D+00, ThrX=0.10D-05, %Non0=100
 NT4 : Pure 23        :: dE=0.61D-02, dP=0.16D+00, ThrX=0.10D-05, %Non0=100
 NT4 : Pure 24        :: dE=0.25D-02, dP=0.12D+00, ThrX=0.10D-05, %Non0=100
 NT4 : Pure 25        :: dE=0.80D-03, dP=0.73D-01, ThrX=0.10D-05, %Non0=100
 NT4 : Pure 26        :: dE=0.21D-03, dP=0.54D-01, ThrX=0.10D-05, %Non0=100
 NT4 : Pure 27        :: dE=0.60D-04, dP=0.32D-01, ThrX=0.10D-05, %Non0=100
 NT4 : Pure 28        :: dE=0.19D-04, dP=0.16D-01, ThrX=0.10D-05, %Non0=100
 NT4 : Pure 29        :: dE=0.58D-05, dP=0.77D-02, ThrX=0.10D-05, %Non0=100
 NT4 : Pure 30        :: dE=0.84D-06, dP=0.12D-02, ThrX=0.10D-05, %Non0=100
 NT4 : Pure 31        :: dE=0.17D-07, dP=0.24D-04, ThrX=0.10D-05, %Non0=100
 NT4 : Pure 32        :: dE=0.65D-11, dP=0.11D-07, ThrX=0.10D-05, %Non0=100
 NT4 : Met dE/dP goals:: Tr{FP}=-.6676514304742186D+03, dNel = 0.00D+00
 NT4                  :: 32 purification steps, 57 matrix multiplies
 NT4                  :: Fractional occupation = 0.21D+00, %Non0s = 100
 NT4 : Max abs errors :: dE=0.44D-08, dP=0.11D-07, [F,P]=0.91D-04
 NT4                  :: Rel dE=0.65D-11, ||dP||_F=0.94D-07, ||[F,P]||_F=0.27D-03
 NT4                  :: OrthoP[2] CheckSum  = 0.1341640786499859D+02
 NT4                  :: P[2] CheckSum  = 0.7373307255565206D+01
 NT4                  :: CPU (Sec,MFLOPS) = (0.20D+03, 374),
                         WALL(Sec,MFLOPS) = (0.20D+03, 372)
 NT4                  :: Allocs=335,  DeAllocs=331, 5969680 bytes are presently allocated.
                         A max of 35819184 bytes were allocated.
>-Exiting NT4 08/23/02 @ 10:48:43-<
<<Entering SCFStatus 08/23/02 @ 10:48:43>>
  
= = = = = SCFCycle #1, Basis #1, Geometry #1 = = = = =

       DIISErr = 0.65D-06
       MaxDelD = 0.13D-04
       <T>     = 0.23703560D+04
       <V>     = -.44303650D+04
       <DFT>   = -.31839106D+03
       <SCF>   = -2378.40005731

 SCFStatus            :: CPU (Sec,MFLOPS) = (0.45D+00, 11),
                         WALL(Sec,MFLOPS) = (0.45D+00, 11)
 SCFStatus            :: Allocs=16,  DeAllocs=16, 0 bytes are presently allocated.
                         A max of 17910132 bytes were allocated.
>-Exiting SCFStatus 08/23/02 @ 10:48:44-<
 Normal SCF convergence.
 Convergence statistics for RPBEx/PBEc/Ahlrichs_VTZ:
========================================================================
SCF    Ink       Total             Delta       Max         DIIS   
Cycle  Fok       Energy            E_Tot       Delta P     Error  
  0,    F,           0.00000000, 0.0000D+00, 0.0000D+00, 0.0000D+00, 
  1,    F,       -2378.40005731, 0.8786D-10, 0.6829D-04, 0.0000D+00, 
========================================================================
<<Entering MakeS 08/23/02 @ 10:48:45>>
 MakeS                :: S CheckSum  = 0.5561750444478383D+02
 MakeS                :: CPU Sec = 0.22D+01, WALL Sec = 0.22D+01
 MakeS                :: Allocs=37,  DeAllocs=36, 24 bytes are presently allocated.
                         A max of 12024948 bytes were allocated.
>-Exiting MakeS 08/23/02 @ 10:48:47-<
<<Entering BlokAInv 08/23/02 @ 10:48:47>>
 BlokAInv             :: CPU (Sec,MFLOPS) = (0.15D+01, 287),
                         WALL(Sec,MFLOPS) = (0.15D+01, 284)
 BlokAInv             :: Max(Z^t.A.Z-I)=0.40D-10, TrixThrsh=0.10D-05
 BlokAInv             :: Z CheckSum  = 0.4102420237225857D+03
 BlokAInv             :: CPU (Sec,MFLOPS) = (0.44D+01, 361),
                         WALL(Sec,MFLOPS) = (0.45D+01, 359)
 BlokAInv             :: Allocs=75,  DeAllocs=41, 17930724 bytes are presently allocated.
                         A max of 29871188 bytes were allocated.
>-Exiting BlokAInv 08/23/02 @ 10:48:52-<
<<Entering MakeT 08/23/02 @ 10:48:52>>
 MakeT                :: T CheckSum  = 0.7107267203931725D+03
 MakeT                :: CPU Sec = 0.33D+01, WALL Sec = 0.33D+01
 MakeT                :: Allocs=33,  DeAllocs=32, 24 bytes are presently allocated.
                         A max of 11963372 bytes were allocated.
>-Exiting MakeT 08/23/02 @ 10:48:55-<
<<Entering MakeRho 08/23/02 @ 10:48:56>>
 MakeRho : Pruned Rho :: dNel = 0.30D-07, kept 21% of distributions.
 MakeRho : Moments    :: <r> = (0.86D+00, -.53D+00, 0.90D+00), <r^2> = 0.31D+03
 MakeRho              :: Rho CheckSum  = 0.4495493659129927D+04
 MakeRho              :: CPU Sec = 0.69D+02, WALL Sec = 0.69D+02
 MakeRho              :: Allocs=65,  DeAllocs=60, 20552 bytes are presently allocated.
                         A max of 65160564 bytes were allocated.
>-Exiting MakeRho 08/23/02 @ 10:50:05-<
<<Entering QCTC 08/23/02 @ 10:50:06>>
 QCTC                 :: J[0] CheckSum  = 0.7519993870088190D+03
 QCTC                 :: WALL (Sec) = 0.17D+05
 QCTC                 :: Allocs=1046178,  DeAllocs=50, 165519832 bytes are presently allocated.
                         A max of 184219400 bytes were allocated.
>-Exiting QCTC 08/23/02 @ 15:30:49-<
<<Entering HiCu 08/23/02 @ 15:30:49>>
 HiCu.GridGen         :: Tau = 0.10D-01, <Rho> = 0.17977460D+03, <Exc> = -.31767852D+03, Pts/Atom = 954
 HiCu.GridGen         :: Tau = 0.10D-02, <Rho> = 0.17999032D+03, <Exc> = -.31835655D+03, Pts/Atom = 1891
 HiCu.GridGen         :: Tau = 0.10D-03, <Rho> = 0.17999954D+03, <Exc> = -.31839014D+03, Pts/Atom = 3671
 HiCu.GridGen         :: Tau = 0.10D-04, <Rho> = 0.18000021D+03, <Exc> = -.31839136D+03, Pts/Atom = 7089
 HiCu.GridGen         :: Tau = 0.10D-05, <Rho> = 0.18000001D+03, <Exc> = -.31839113D+03, Pts/Atom = 13450
 HiCu.GridGen         :: Tau = 0.10D-06, <Rho> = 0.18000001D+03, <Exc> = -.31839107D+03, Pts/Atom = 25560
 HiCu.GridGen         :: TauRel = 0.10D-06, RhoErr = 0.42D-07, <Exc> = -.31839107D+03
 HiCu.GridGen         :: WALL (Sec) = 0.16D+05
 HiCu.MakeKxc         :: WALL (Sec) = 0.13D+05
 HiCu                 :: Kxc[0] CheckSum  = 0.5679145945146370D+02
 HiCu                 :: WALL (Sec) = 0.28D+05
 HiCu                 :: Allocs=607926,  DeAllocs=199421, 173537128 bytes are presently allocated.
                         A max of 185498172 bytes were allocated.
>-Exiting HiCu 08/23/02 @ 23:25:27-<
<<Entering FockNGrueven 08/23/02 @ 23:25:27>>
 FockNGrueven         :: F[0] CheckSum  = 0.3124182210463096D+03
 FockNGrueven         :: OrthoF[0] CheckSum  = 0.7023990468818421D+03
 FockNGrueven         :: CPU (Sec,MFLOPS) = (0.37D+01, 346),
                         WALL(Sec,MFLOPS) = (0.44D+01, 294)
 FockNGrueven         :: Allocs=41,  DeAllocs=37, 3030768 bytes are presently allocated.
                         A max of 21293700 bytes were allocated.
>-Exiting FockNGrueven 08/23/02 @ 23:25:32-<
<<Entering PM 08/23/02 @ 23:25:33>>
 PM : Pure 1          :: dE=0.10D+01, dP=0.12D-01, ThrX=0.10D-05, %Non0=99
 PM : Pure 2          :: dE=0.32D-01, dP=0.12D-01, ThrX=0.10D-05, %Non0=98
 PM : Pure 3          :: dE=0.37D-01, dP=0.12D-01, ThrX=0.10D-05, %Non0=97
 PM : Pure 4          :: dE=0.43D-01, dP=0.12D-01, ThrX=0.10D-05, %Non0=97
 PM : Pure 5          :: dE=0.50D-01, dP=0.13D-01, ThrX=0.10D-05, %Non0=97
 PM : Pure 6          :: dE=0.58D-01, dP=0.14D-01, ThrX=0.10D-05, %Non0=97
 PM : Pure 7          :: dE=0.68D-01, dP=0.17D-01, ThrX=0.10D-05, %Non0=97
 PM : Pure 8          :: dE=0.80D-01, dP=0.21D-01, ThrX=0.10D-05, %Non0=97
 PM : Pure 9          :: dE=0.95D-01, dP=0.26D-01, ThrX=0.10D-05, %Non0=97
 PM : Pure 10         :: dE=0.11D+00, dP=0.33D-01, ThrX=0.10D-05, %Non0=98
 PM : Pure 11         :: dE=0.13D+00, dP=0.42D-01, ThrX=0.10D-05, %Non0=98
 PM : Pure 12         :: dE=0.16D+00, dP=0.56D-01, ThrX=0.10D-05, %Non0=98
 PM : Pure 13         :: dE=0.20D+00, dP=0.74D-01, ThrX=0.10D-05, %Non0=98
 PM : Pure 14         :: dE=0.26D+00, dP=0.98D-01, ThrX=0.10D-05, %Non0=98
 PM : Pure 15         :: dE=0.37D+00, dP=0.12D+00, ThrX=0.10D-05, %Non0=98
 PM : Pure 16         :: dE=0.59D+00, dP=0.13D+00, ThrX=0.10D-05, %Non0=98
 PM : Pure 17         :: dE=0.14D+01, dP=0.98D-01, ThrX=0.10D-05, %Non0=99
 PM : Pure 18         :: dE=0.34D+01, dP=0.88D-01, ThrX=0.10D-05, %Non0=99
 PM : Pure 19         :: dE=0.78D+00, dP=0.11D+00, ThrX=0.10D-05, %Non0=99
 PM : Pure 20         :: dE=0.46D+00, dP=0.13D+00, ThrX=0.10D-05, %Non0=99
 PM : Pure 21         :: dE=0.33D+00, dP=0.12D+00, ThrX=0.10D-05, %Non0=99
 PM : Pure 22         :: dE=0.25D+00, dP=0.13D+00, ThrX=0.10D-05, %Non0=99
 PM : Pure 23         :: dE=0.19D+00, dP=0.13D+00, ThrX=0.10D-05, %Non0=99
 PM : Pure 24         :: dE=0.14D+00, dP=0.12D+00, ThrX=0.10D-05, %Non0=99
 PM : Pure 25         :: dE=0.83D-01, dP=0.76D-01, ThrX=0.10D-05, %Non0=99
 PM : Pure 26         :: dE=0.33D-01, dP=0.78D-01, ThrX=0.10D-05, %Non0=99
 PM : Pure 27         :: dE=0.20D-01, dP=0.11D+00, ThrX=0.10D-05, %Non0=99
 PM : Pure 28         :: dE=0.20D-01, dP=0.14D+00, ThrX=0.10D-05, %Non0=99
 PM : Pure 29         :: dE=0.20D-01, dP=0.17D+00, ThrX=0.10D-05, %Non0=100
 PM : Pure 30         :: dE=0.21D-01, dP=0.20D+00, ThrX=0.10D-05, %Non0=100
 PM : Pure 31         :: dE=0.21D-01, dP=0.21D+00, ThrX=0.10D-05, %Non0=100
 PM : Pure 32         :: dE=0.22D-01, dP=0.23D+00, ThrX=0.10D-05, %Non0=100
 PM : Pure 33         :: dE=0.22D-01, dP=0.20D+00, ThrX=0.10D-05, %Non0=100
 PM : Pure 34         :: dE=0.23D-01, dP=0.14D+00, ThrX=0.10D-05, %Non0=100
 PM : Pure 35         :: dE=0.23D-01, dP=0.15D+00, ThrX=0.10D-05, %Non0=100
 PM : Pure 36         :: dE=0.21D-01, dP=0.16D+00, ThrX=0.10D-05, %Non0=100
 PM : Pure 37         :: dE=0.19D-01, dP=0.17D+00, ThrX=0.10D-05, %Non0=100
 PM : Pure 38         :: dE=0.16D-01, dP=0.17D+00, ThrX=0.10D-05, %Non0=100
 PM : Pure 39         :: dE=0.12D-01, dP=0.17D+00, ThrX=0.10D-05, %Non0=100
 PM : Pure 40         :: dE=0.86D-02, dP=0.16D+00, ThrX=0.10D-05, %Non0=100
 PM : Pure 41         :: dE=0.53D-02, dP=0.13D+00, ThrX=0.10D-05, %Non0=100
 PM : Pure 42         :: dE=0.27D-02, dP=0.12D+00, ThrX=0.10D-05, %Non0=100
 PM : Pure 43         :: dE=0.13D-02, dP=0.82D-01, ThrX=0.10D-05, %Non0=100
 PM : Pure 44         :: dE=0.61D-03, dP=0.78D-01, ThrX=0.10D-05, %Non0=100
 PM : Pure 45         :: dE=0.32D-03, dP=0.69D-01, ThrX=0.10D-05, %Non0=100
 PM : Pure 46         :: dE=0.16D-03, dP=0.36D-01, ThrX=0.10D-05, %Non0=100
 PM : Pure 47         :: dE=0.77D-04, dP=0.15D-01, ThrX=0.10D-05, %Non0=100
 PM : Pure 48         :: dE=0.33D-04, dP=0.94D-02, ThrX=0.10D-05, %Non0=100
 PM : Pure 49         :: dE=0.60D-05, dP=0.27D-02, ThrX=0.10D-05, %Non0=100
 PM : Pure 50         :: dE=0.18D-06, dP=0.15D-03, ThrX=0.10D-05, %Non0=100
 PM : Pure 51         :: dE=0.26D-09, dP=0.44D-06, ThrX=0.10D-05, %Non0=100
 PM : Pure 52         :: dE=0.34D-15, dP=0.34D-11, ThrX=0.10D-05, %Non0=100
 PM : Met dE/dP goals :: Tr{FP}=-.6676499822107281D+03, dNel = 0.17D-12
 PM                   :: 52 purification steps, 107 matrix multiplies
 PM                   :: Fractional occupation = 0.21D+00, %Non0s = 100
 PM : Max abs errors  :: dE=0.23D-12, dP=0.34D-11, [F,P]=0.40D-02
 PM                   :: Rel dE=0.34D-15, ||dP||_F=0.30D-10, ||[F,P]||_F=0.40D-01
 PM                   :: OrthoP[1] CheckSum  = 0.1341640786502311D+02
 PM                   :: P[1] CheckSum  = 0.7416542461871393D+01
 PM                   :: CPU (Sec,MFLOPS) = (0.36D+03, 377),
                         WALL(Sec,MFLOPS) = (0.36D+03, 376)
 PM                   :: Allocs=704,  DeAllocs=696, 11939360 bytes are presently allocated.
                         A max of 41788864 bytes were allocated.
>-Exiting PM 08/23/02 @ 23:31:34-<
<<Entering SCFStatus 08/23/02 @ 23:31:35>>
  
= = = = = SCFCycle #0, Basis #2, Geometry #1 = = = = =

       MaxDelD = 0.17D+01
       <T>     = 0.23703532D+04
       <V>     = -.44303635D+04
       <DFT>   = -.31839107D+03
       <SCF>   = -2378.40132952

 SCFStatus            :: CPU (Sec,MFLOPS) = (0.28D+00, 13),
                         WALL(Sec,MFLOPS) = (0.28D+00, 13)
 SCFStatus            :: Allocs=15,  DeAllocs=15, 0 bytes are presently allocated.
                         A max of 17909768 bytes were allocated.
>-Exiting SCFStatus 08/23/02 @ 23:31:35-<
<<Entering MakeRho 08/23/02 @ 23:31:35>>
 MakeRho : Pruned Rho :: dNel = 0.51D-07, kept 21% of distributions.
 MakeRho : Moments    :: <r> = (0.86D+00, -.53D+00, 0.90D+00), <r^2> = 0.31D+03
 MakeRho              :: Rho CheckSum  = 0.4495570662843385D+04
 MakeRho              :: CPU Sec = 0.69D+02, WALL Sec = 0.69D+02
 MakeRho              :: Allocs=64,  DeAllocs=59, 20552 bytes are presently allocated.
                         A max of 65208604 bytes were allocated.
>-Exiting MakeRho 08/23/02 @ 23:32:44-<
<<Entering QCTC 08/23/02 @ 23:32:44>>
 QCTC                 :: J[1] CheckSum  = 0.7520015563892705D+03
 QCTC                 :: WALL (Sec) = 0.16D+05
 QCTC                 :: Allocs=1050493,  DeAllocs=50, 166207320 bytes are presently allocated.
                         A max of 184985996 bytes were allocated.
>-Exiting QCTC 08/24/02 @ 03:59:52-<
<<Entering HiCu 08/24/02 @ 03:59:52>>
 HiCu.GridGen         :: Tau = 0.10D-01, <Rho> = 0.17977487D+03, <Exc> = -.31765134D+03, Pts/Atom = 950
 HiCu.GridGen         :: Tau = 0.10D-02, <Rho> = 0.17998908D+03, <Exc> = -.31835151D+03, Pts/Atom = 1897
 HiCu.GridGen         :: Tau = 0.10D-03, <Rho> = 0.17999944D+03, <Exc> = -.31838851D+03, Pts/Atom = 3695
 HiCu.GridGen         :: Tau = 0.10D-04, <Rho> = 0.18000020D+03, <Exc> = -.31839041D+03, Pts/Atom = 7105
 HiCu.GridGen         :: Tau = 0.10D-05, <Rho> = 0.18000001D+03, <Exc> = -.31839022D+03, Pts/Atom = 13460
 HiCu.GridGen         :: Tau = 0.10D-06, <Rho> = 0.18000001D+03, <Exc> = -.31839016D+03, Pts/Atom = 25545
 HiCu.GridGen         :: TauRel = 0.10D-06, RhoErr = 0.78D-07, <Exc> = -.31839016D+03
 HiCu.GridGen         :: WALL (Sec) = 0.16D+05
 HiCu.MakeKxc         :: WALL (Sec) = 0.13D+05
 HiCu                 :: Kxc[1] CheckSum  = 0.5679142216475517D+02
 HiCu                 :: WALL (Sec) = 0.28D+05
 HiCu                 :: Allocs=608555,  DeAllocs=199304, 173466176 bytes are presently allocated.
                         A max of 185427220 bytes were allocated.
>-Exiting HiCu 08/24/02 @ 11:53:40-<
<<Entering FockNGrueven 08/24/02 @ 11:53:40>>
 FockNGrueven         :: F[1] CheckSum  = 0.3124206395219713D+03
 FockNGrueven         :: OrthoF[1] CheckSum  = 0.7023982537074942D+03
 FockNGrueven         :: CPU (Sec,MFLOPS) = (0.37D+01, 347),
                         WALL(Sec,MFLOPS) = (0.39D+01, 330)
 FockNGrueven         :: Allocs=41,  DeAllocs=37, 3030768 bytes are presently allocated.
                         A max of 21293700 bytes were allocated.
>-Exiting FockNGrueven 08/24/02 @ 11:53:44-<
<<Entering DIIS 08/24/02 @ 11:53:44>>
 DIIS : Damping       :: Co = 0.95D+00, 0.50D-01
 DIIS                 :: F_DIIS[1] CheckSum  = 0.7023990072216291D+03
 DIIS                 :: CPU (Sec,MFLOPS) = (0.67D+01, 378),
                         WALL(Sec,MFLOPS) = (0.70D+01, 364)
 DIIS                 :: Allocs=34,  DeAllocs=30, 144 bytes are presently allocated.
                         A max of 23946572 bytes were allocated.
>-Exiting DIIS 08/24/02 @ 11:53:51-<
<<Entering PM 08/24/02 @ 11:53:52>>
 PM : Pure 1          :: dE=0.10D+01, dP=0.12D-01, ThrX=0.10D-05, %Non0=99
 PM : Pure 2          :: dE=0.32D-01, dP=0.12D-01, ThrX=0.10D-05, %Non0=98
 PM : Pure 3          :: dE=0.37D-01, dP=0.12D-01, ThrX=0.10D-05, %Non0=97
 PM : Pure 4          :: dE=0.43D-01, dP=0.12D-01, ThrX=0.10D-05, %Non0=97
 PM : Pure 5          :: dE=0.50D-01, dP=0.13D-01, ThrX=0.10D-05, %Non0=97
 PM : Pure 6          :: dE=0.58D-01, dP=0.14D-01, ThrX=0.10D-05, %Non0=97
 PM : Pure 7          :: dE=0.68D-01, dP=0.17D-01, ThrX=0.10D-05, %Non0=97
 PM : Pure 8          :: dE=0.80D-01, dP=0.21D-01, ThrX=0.10D-05, %Non0=97
 PM : Pure 9          :: dE=0.95D-01, dP=0.26D-01, ThrX=0.10D-05, %Non0=97
 PM : Pure 10         :: dE=0.11D+00, dP=0.33D-01, ThrX=0.10D-05, %Non0=98
 PM : Pure 11         :: dE=0.13D+00, dP=0.42D-01, ThrX=0.10D-05, %Non0=98
 PM : Pure 12         :: dE=0.16D+00, dP=0.56D-01, ThrX=0.10D-05, %Non0=98
 PM : Pure 13         :: dE=0.20D+00, dP=0.74D-01, ThrX=0.10D-05, %Non0=98
 PM : Pure 14         :: dE=0.26D+00, dP=0.98D-01, ThrX=0.10D-05, %Non0=98
 PM : Pure 15         :: dE=0.37D+00, dP=0.12D+00, ThrX=0.10D-05, %Non0=98
 PM : Pure 16         :: dE=0.59D+00, dP=0.13D+00, ThrX=0.10D-05, %Non0=98
 PM : Pure 17         :: dE=0.14D+01, dP=0.98D-01, ThrX=0.10D-05, %Non0=99
 PM : Pure 18         :: dE=0.34D+01, dP=0.88D-01, ThrX=0.10D-05, %Non0=99
 PM : Pure 19         :: dE=0.78D+00, dP=0.11D+00, ThrX=0.10D-05, %Non0=99
 PM : Pure 20         :: dE=0.46D+00, dP=0.13D+00, ThrX=0.10D-05, %Non0=99
 PM : Pure 21         :: dE=0.33D+00, dP=0.12D+00, ThrX=0.10D-05, %Non0=99
 PM : Pure 22         :: dE=0.25D+00, dP=0.13D+00, ThrX=0.10D-05, %Non0=99
 PM : Pure 23         :: dE=0.19D+00, dP=0.13D+00, ThrX=0.10D-05, %Non0=99
 PM : Pure 24         :: dE=0.14D+00, dP=0.12D+00, ThrX=0.10D-05, %Non0=99
 PM : Pure 25         :: dE=0.83D-01, dP=0.76D-01, ThrX=0.10D-05, %Non0=99
 PM : Pure 26         :: dE=0.33D-01, dP=0.78D-01, ThrX=0.10D-05, %Non0=99
 PM : Pure 27         :: dE=0.20D-01, dP=0.11D+00, ThrX=0.10D-05, %Non0=99
 PM : Pure 28         :: dE=0.20D-01, dP=0.14D+00, ThrX=0.10D-05, %Non0=99
 PM : Pure 29         :: dE=0.20D-01, dP=0.17D+00, ThrX=0.10D-05, %Non0=100
 PM : Pure 30         :: dE=0.21D-01, dP=0.20D+00, ThrX=0.10D-05, %Non0=100
 PM : Pure 31         :: dE=0.21D-01, dP=0.21D+00, ThrX=0.10D-05, %Non0=100
 PM : Pure 32         :: dE=0.22D-01, dP=0.23D+00, ThrX=0.10D-05, %Non0=100
 PM : Pure 33         :: dE=0.22D-01, dP=0.20D+00, ThrX=0.10D-05, %Non0=100
 PM : Pure 34         :: dE=0.23D-01, dP=0.14D+00, ThrX=0.10D-05, %Non0=100
 PM : Pure 35         :: dE=0.23D-01, dP=0.15D+00, ThrX=0.10D-05, %Non0=100
 PM : Pure 36         :: dE=0.21D-01, dP=0.16D+00, ThrX=0.10D-05, %Non0=100
 PM : Pure 37         :: dE=0.19D-01, dP=0.17D+00, ThrX=0.10D-05, %Non0=100
 PM : Pure 38         :: dE=0.16D-01, dP=0.17D+00, ThrX=0.10D-05, %Non0=100
 PM : Pure 39         :: dE=0.12D-01, dP=0.17D+00, ThrX=0.10D-05, %Non0=100
 PM : Pure 40         :: dE=0.86D-02, dP=0.16D+00, ThrX=0.10D-05, %Non0=100
 PM : Pure 41         :: dE=0.53D-02, dP=0.13D+00, ThrX=0.10D-05, %Non0=100
 PM : Pure 42         :: dE=0.27D-02, dP=0.12D+00, ThrX=0.10D-05, %Non0=100
 PM : Pure 43         :: dE=0.13D-02, dP=0.82D-01, ThrX=0.10D-05, %Non0=100
 PM : Pure 44         :: dE=0.61D-03, dP=0.78D-01, ThrX=0.10D-05, %Non0=100
 PM : Pure 45         :: dE=0.32D-03, dP=0.69D-01, ThrX=0.10D-05, %Non0=100
 PM : Pure 46         :: dE=0.16D-03, dP=0.36D-01, ThrX=0.10D-05, %Non0=100
 PM : Pure 47         :: dE=0.77D-04, dP=0.15D-01, ThrX=0.10D-05, %Non0=100
 PM : Pure 48         :: dE=0.33D-04, dP=0.94D-02, ThrX=0.10D-05, %Non0=100
 PM : Pure 49         :: dE=0.60D-05, dP=0.27D-02, ThrX=0.10D-05, %Non0=100
 PM : Pure 50         :: dE=0.18D-06, dP=0.15D-03, ThrX=0.10D-05, %Non0=100
 PM : Pure 51         :: dE=0.26D-09, dP=0.44D-06, ThrX=0.10D-05, %Non0=100
 PM : Pure 52         :: dE=0.17D-14, dP=0.34D-11, ThrX=0.10D-05, %Non0=100
 PM : Met dE/dP goals :: Tr{FP}=-.6676509450902541D+03, dNel = 0.00D+00
 PM                   :: 52 purification steps, 107 matrix multiplies
 PM                   :: Fractional occupation = 0.21D+00, %Non0s = 100
 PM : Max abs errors  :: dE=0.11D-11, dP=0.34D-11, [F,P]=0.40D-02
 PM                   :: Rel dE=0.17D-14, ||dP||_F=0.30D-10, ||[F,P]||_F=0.40D-01
 PM                   :: OrthoP[2] CheckSum  = 0.1341640786502320D+02
 PM                   :: P[2] CheckSum  = 0.7416545047302593D+01
 PM                   :: CPU (Sec,MFLOPS) = (0.36D+03, 378),
                         WALL(Sec,MFLOPS) = (0.36D+03, 376)
 PM                   :: Allocs=704,  DeAllocs=696, 11939360 bytes are presently allocated.
                         A max of 41788864 bytes were allocated.
>-Exiting PM 08/24/02 @ 11:59:53-<
<<Entering SCFStatus 08/24/02 @ 11:59:53>>
  
= = = = = SCFCycle #1, Basis #2, Geometry #1 = = = = =

       DIISErr = 0.47D-04
       MaxDelD = 0.30D-04
       <T>     = 0.23703532D+04
       <V>     = -.44303619D+04
       <DFT>   = -.31839016D+03
       <SCF>   = -2378.39884803

 SCFStatus            :: CPU (Sec,MFLOPS) = (0.45D+00, 11),
                         WALL(Sec,MFLOPS) = (0.45D+00, 11)
 SCFStatus            :: Allocs=16,  DeAllocs=16, 0 bytes are presently allocated.
                         A max of 17910132 bytes were allocated.
>-Exiting SCFStatus 08/24/02 @ 11:59:54-<
<<Entering MakeRho 08/24/02 @ 11:59:54>>
 MakeRho : Pruned Rho :: dNel = 0.51D-07, kept 21% of distributions.
 MakeRho : Moments    :: <r> = (0.86D+00, -.53D+00, 0.90D+00), <r^2> = 0.31D+03
 MakeRho              :: Rho CheckSum  = 0.4495571006210133D+04
 MakeRho              :: CPU Sec = 0.69D+02, WALL Sec = 0.69D+02
 MakeRho              :: Allocs=64,  DeAllocs=59, 20552 bytes are presently allocated.
                         A max of 65208636 bytes were allocated.
>-Exiting MakeRho 08/24/02 @ 12:01:03-<
<<Entering QCTC 08/24/02 @ 12:01:03>>
 QCTC                 :: J[2] CheckSum  = 0.7520013892080843D+03
 QCTC                 :: WALL (Sec) = 0.17D+05
 QCTC                 :: Allocs=1050498,  DeAllocs=50, 166208064 bytes are presently allocated.
                         A max of 184986808 bytes were allocated.
>-Exiting QCTC 08/24/02 @ 16:40:49-<
<<Entering HiCu 08/24/02 @ 16:40:49>>
 HiCu.GridGen         :: Tau = 0.10D-01, <Rho> = 0.17977442D+03, <Exc> = -.31765088D+03, Pts/Atom = 950
 HiCu.GridGen         :: Tau = 0.10D-02, <Rho> = 0.17998917D+03, <Exc> = -.31835219D+03, Pts/Atom = 1897
 HiCu.GridGen         :: Tau = 0.10D-03, <Rho> = 0.17999944D+03, <Exc> = -.31838859D+03, Pts/Atom = 3695
 HiCu.GridGen         :: Tau = 0.10D-04, <Rho> = 0.18000020D+03, <Exc> = -.31839048D+03, Pts/Atom = 7103
 HiCu.GridGen         :: Tau = 0.10D-05, <Rho> = 0.18000002D+03, <Exc> = -.31839030D+03, Pts/Atom = 13460
 HiCu.GridGen         :: Tau = 0.10D-06, <Rho> = 0.18000001D+03, <Exc> = -.31839023D+03, Pts/Atom = 25544
 HiCu.GridGen         :: TauRel = 0.10D-06, RhoErr = 0.78D-07, <Exc> = -.31839023D+03
 HiCu.GridGen         :: WALL (Sec) = 0.16D+05
 HiCu.MakeKxc         :: WALL (Sec) = 0.13D+05
 HiCu                 :: Kxc[2] CheckSum  = 0.5679142480201756D+02
 HiCu                 :: WALL (Sec) = 0.28D+05
 HiCu                 :: Allocs=608544,  DeAllocs=199298, 173461144 bytes are presently allocated.
                         A max of 185422188 bytes were allocated.
>-Exiting HiCu 08/25/02 @ 00:33:59-<
<<Entering FockNGrueven 08/25/02 @ 00:34:00>>
 FockNGrueven         :: F[2] CheckSum  = 0.3124204548723016D+03
 FockNGrueven         :: OrthoF[2] CheckSum  = 0.7023983160111729D+03
 FockNGrueven         :: CPU (Sec,MFLOPS) = (0.37D+01, 347),
                         WALL(Sec,MFLOPS) = (0.44D+01, 293)
 FockNGrueven         :: Allocs=41,  DeAllocs=37, 3030768 bytes are presently allocated.
                         A max of 21293700 bytes were allocated.
>-Exiting FockNGrueven 08/25/02 @ 00:34:04-<
<<Entering DIIS 08/25/02 @ 00:34:04>>
 DIIS                 :: Cond# = 0.33D+08, MIN(E) = 0.42D-07
 DIIS : Pulay C1      :: DIISCo = -.38D+01, 0.48D+01
 DIIS                 :: F_DIIS[2] CheckSum  = 0.7023985539704333D+03
 DIIS                 :: CPU (Sec,MFLOPS) = (0.70D+01, 363),
                         WALL(Sec,MFLOPS) = (0.78D+01, 328)
 DIIS                 :: Allocs=45,  DeAllocs=40, 216 bytes are presently allocated.
                         A max of 23946572 bytes were allocated.
>-Exiting DIIS 08/25/02 @ 00:34:12-<
<<Entering PM 08/25/02 @ 00:34:12>>
 PM : Pure 1          :: dE=0.10D+01, dP=0.12D-01, ThrX=0.10D-05, %Non0=99
 PM : Pure 2          :: dE=0.32D-01, dP=0.12D-01, ThrX=0.10D-05, %Non0=98
 PM : Pure 3          :: dE=0.37D-01, dP=0.12D-01, ThrX=0.10D-05, %Non0=97
 PM : Pure 4          :: dE=0.43D-01, dP=0.12D-01, ThrX=0.10D-05, %Non0=97
 PM : Pure 5          :: dE=0.50D-01, dP=0.13D-01, ThrX=0.10D-05, %Non0=97
 PM : Pure 6          :: dE=0.58D-01, dP=0.14D-01, ThrX=0.10D-05, %Non0=97
 PM : Pure 7          :: dE=0.68D-01, dP=0.17D-01, ThrX=0.10D-05, %Non0=97
 PM : Pure 8          :: dE=0.80D-01, dP=0.21D-01, ThrX=0.10D-05, %Non0=97
 PM : Pure 9          :: dE=0.95D-01, dP=0.26D-01, ThrX=0.10D-05, %Non0=97
 PM : Pure 10         :: dE=0.11D+00, dP=0.33D-01, ThrX=0.10D-05, %Non0=98
 PM : Pure 11         :: dE=0.13D+00, dP=0.42D-01, ThrX=0.10D-05, %Non0=98
 PM : Pure 12         :: dE=0.16D+00, dP=0.56D-01, ThrX=0.10D-05, %Non0=98
 PM : Pure 13         :: dE=0.20D+00, dP=0.74D-01, ThrX=0.10D-05, %Non0=98
 PM : Pure 14         :: dE=0.26D+00, dP=0.98D-01, ThrX=0.10D-05, %Non0=98
 PM : Pure 15         :: dE=0.37D+00, dP=0.12D+00, ThrX=0.10D-05, %Non0=98
 PM : Pure 16         :: dE=0.59D+00, dP=0.13D+00, ThrX=0.10D-05, %Non0=98
 PM : Pure 17         :: dE=0.14D+01, dP=0.98D-01, ThrX=0.10D-05, %Non0=99
 PM : Pure 18         :: dE=0.34D+01, dP=0.88D-01, ThrX=0.10D-05, %Non0=99
 PM : Pure 19         :: dE=0.78D+00, dP=0.11D+00, ThrX=0.10D-05, %Non0=99
 PM : Pure 20         :: dE=0.46D+00, dP=0.13D+00, ThrX=0.10D-05, %Non0=99
 PM : Pure 21         :: dE=0.33D+00, dP=0.12D+00, ThrX=0.10D-05, %Non0=99
 PM : Pure 22         :: dE=0.25D+00, dP=0.13D+00, ThrX=0.10D-05, %Non0=99
 PM : Pure 23         :: dE=0.19D+00, dP=0.13D+00, ThrX=0.10D-05, %Non0=99
 PM : Pure 24         :: dE=0.14D+00, dP=0.12D+00, ThrX=0.10D-05, %Non0=99
 PM : Pure 25         :: dE=0.83D-01, dP=0.76D-01, ThrX=0.10D-05, %Non0=99
 PM : Pure 26         :: dE=0.33D-01, dP=0.78D-01, ThrX=0.10D-05, %Non0=99
 PM : Pure 27         :: dE=0.20D-01, dP=0.11D+00, ThrX=0.10D-05, %Non0=99
 PM : Pure 28         :: dE=0.20D-01, dP=0.14D+00, ThrX=0.10D-05, %Non0=99
 PM : Pure 29         :: dE=0.20D-01, dP=0.17D+00, ThrX=0.10D-05, %Non0=100
 PM : Pure 30         :: dE=0.21D-01, dP=0.20D+00, ThrX=0.10D-05, %Non0=100
 PM : Pure 31         :: dE=0.21D-01, dP=0.21D+00, ThrX=0.10D-05, %Non0=100
 PM : Pure 32         :: dE=0.22D-01, dP=0.23D+00, ThrX=0.10D-05, %Non0=100
 PM : Pure 33         :: dE=0.22D-01, dP=0.20D+00, ThrX=0.10D-05, %Non0=100
 PM : Pure 34         :: dE=0.23D-01, dP=0.14D+00, ThrX=0.10D-05, %Non0=100
 PM : Pure 35         :: dE=0.23D-01, dP=0.15D+00, ThrX=0.10D-05, %Non0=100
 PM : Pure 36         :: dE=0.21D-01, dP=0.16D+00, ThrX=0.10D-05, %Non0=100
 PM : Pure 37         :: dE=0.19D-01, dP=0.17D+00, ThrX=0.10D-05, %Non0=100
 PM : Pure 38         :: dE=0.16D-01, dP=0.17D+00, ThrX=0.10D-05, %Non0=100
 PM : Pure 39         :: dE=0.12D-01, dP=0.17D+00, ThrX=0.10D-05, %Non0=100
 PM : Pure 40         :: dE=0.86D-02, dP=0.16D+00, ThrX=0.10D-05, %Non0=100
 PM : Pure 41         :: dE=0.53D-02, dP=0.13D+00, ThrX=0.10D-05, %Non0=100
 PM : Pure 42         :: dE=0.27D-02, dP=0.12D+00, ThrX=0.10D-05, %Non0=100
 PM : Pure 43         :: dE=0.13D-02, dP=0.82D-01, ThrX=0.10D-05, %Non0=100
 PM : Pure 44         :: dE=0.61D-03, dP=0.78D-01, ThrX=0.10D-05, %Non0=100
 PM : Pure 45         :: dE=0.32D-03, dP=0.69D-01, ThrX=0.10D-05, %Non0=100
 PM : Pure 46         :: dE=0.16D-03, dP=0.36D-01, ThrX=0.10D-05, %Non0=100
 PM : Pure 47         :: dE=0.77D-04, dP=0.15D-01, ThrX=0.10D-05, %Non0=100
 PM : Pure 48         :: dE=0.33D-04, dP=0.94D-02, ThrX=0.10D-05, %Non0=100
 PM : Pure 49         :: dE=0.60D-05, dP=0.27D-02, ThrX=0.10D-05, %Non0=100
 PM : Pure 50         :: dE=0.18D-06, dP=0.15D-03, ThrX=0.10D-05, %Non0=100
 PM : Pure 51         :: dE=0.26D-09, dP=0.44D-06, ThrX=0.10D-05, %Non0=100
 PM : Pure 52         :: dE=0.51D-15, dP=0.33D-11, ThrX=0.10D-05, %Non0=100
 PM : Hit dE increase :: Tr{FP}=-.6676619875499579D+03, dNel = 0.28D-12
 PM                   :: 52 purification steps, 107 matrix multiplies
 PM                   :: Fractional occupation = 0.21D+00, %Non0s = 100
 PM : Max abs errors  :: dE=0.34D-12, dP=0.33D-11, [F,P]=0.40D-02
 PM                   :: Rel dE=0.51D-15, ||dP||_F=0.29D-10, ||[F,P]||_F=0.40D-01
 PM                   :: OrthoP[3] CheckSum  = 0.1341640786502279D+02
 PM                   :: P[3] CheckSum  = 0.7416526133836712D+01
 PM                   :: CPU (Sec,MFLOPS) = (0.36D+03, 378),
                         WALL(Sec,MFLOPS) = (0.36D+03, 376)
 PM                   :: Allocs=704,  DeAllocs=696, 11939360 bytes are presently allocated.
                         A max of 41788864 bytes were allocated.
>-Exiting PM 08/25/02 @ 00:40:14-<
<<Entering SCFStatus 08/25/02 @ 00:40:14>>
  
= = = = = SCFCycle #2, Basis #2, Geometry #1 = = = = =

       DIISErr = 0.47D-04
       MaxDelD = 0.13D-03
       <T>     = 0.23703537D+04
       <V>     = -.44303623D+04
       <DFT>   = -.31839023D+03
       <SCF>   = -2378.39884861

 SCFStatus            :: CPU (Sec,MFLOPS) = (0.48D+00, 10),
                         WALL(Sec,MFLOPS) = (0.69D+00, 7)
 SCFStatus            :: Allocs=16,  DeAllocs=16, 0 bytes are presently allocated.
                         A max of 17910132 bytes were allocated.
>-Exiting SCFStatus 08/25/02 @ 00:40:14-<
<<Entering MakeRho 08/25/02 @ 00:40:15>>
 MakeRho : Pruned Rho :: dNel = 0.51D-07, kept 21% of distributions.
 MakeRho : Moments    :: <r> = (0.86D+00, -.53D+00, 0.90D+00), <r^2> = 0.31D+03
 MakeRho              :: Rho CheckSum  = 0.4495575951404357D+04
 MakeRho              :: CPU Sec = 0.68D+02, WALL Sec = 0.69D+02
 MakeRho              :: Allocs=64,  DeAllocs=59, 20552 bytes are presently allocated.
                         A max of 65208556 bytes were allocated.
>-Exiting MakeRho 08/25/02 @ 00:41:23-<
<<Entering QCTC 08/25/02 @ 00:41:24>>
 QCTC                 :: J[3] CheckSum  = 0.7519998764316090D+03
 QCTC                 :: WALL (Sec) = 0.17D+05
 QCTC                 :: Allocs=1050493,  DeAllocs=50, 166207208 bytes are presently allocated.
                         A max of 184985836 bytes were allocated.
>-Exiting QCTC 08/25/02 @ 05:33:04-<
<<Entering HiCu 08/25/02 @ 05:33:04>>
 HiCu.GridGen         :: Tau = 0.10D-01, <Rho> = 0.17977394D+03, <Exc> = -.31764034D+03, Pts/Atom = 949
 HiCu.GridGen         :: Tau = 0.10D-02, <Rho> = 0.17998909D+03, <Exc> = -.31835278D+03, Pts/Atom = 1897
 HiCu.GridGen         :: Tau = 0.10D-03, <Rho> = 0.17999943D+03, <Exc> = -.31838965D+03, Pts/Atom = 3696
 HiCu.GridGen         :: Tau = 0.10D-04, <Rho> = 0.18000020D+03, <Exc> = -.31839165D+03, Pts/Atom = 7103
 HiCu.GridGen         :: Tau = 0.10D-05, <Rho> = 0.18000001D+03, <Exc> = -.31839147D+03, Pts/Atom = 13461
 HiCu.GridGen         :: Tau = 0.10D-06, <Rho> = 0.18000001D+03, <Exc> = -.31839141D+03, Pts/Atom = 25543
 HiCu.GridGen         :: TauRel = 0.10D-06, RhoErr = 0.81D-07, <Exc> = -.31839141D+03
 HiCu.GridGen         :: WALL (Sec) = 0.16D+05
