

 __    __                 _       ____________ ______ 
|  \  /  |               | |     /       /    |      |
|   \/   | ___  _ __   __| | ___/   ____/   __|  |==='
|        |/ _ \| '_ \ / _  |/ _ \____  \   (__|  ____|
|  |\/|  | (_) | | | | (_| | (_) )     /\     |  |    
|__|  |__|\___/|_| |_|\____|\___/_____/  \____|__|    

 Version 1.0 alpha 4                                  
 A program suite for O(N) SCF theory and ab initio MD 
 Matt Challacombe, Eric Schwegler, C.J. Tymczak,      
 Chee Kwan Gan, Karoly Nemeth and Anders Niklasson    
 Los Alamos National Laboratory (LA-CC 01-2)          
 Copywrite 2001, University of California.            

 Compiled for AMDLinux.PG, executing on zinc25
 a i686 machine running Linux 2.4.2-2

               ** Chlorophyll **                                                                                                
  
<<Starting MondoSCF 08/13/02 @ 07:45:35>>
 ** Auto-Wraps at default value => (Off) **
 ** Atom-Wrap at default value => (AtomWrap-Off) **
 ** Lattice Vector Format at default value => (Vector Format) **
 ** Coodinate Format at default value => (Atomic Coord) **
========================================================================
 Internal representation of the geometry:
 Geometry originally in Angstroms has been converted to AU.
 Geometry has not been reordered.
 Number of electrons = 360
------------------------------------------------------------------------
  *** Periodic is Off *** 
------------------------------------------------------------------------
 1   mg   0.00000000D+00   0.00000000D+00   0.00000000D+00
 2   n    0.17861879D+01   -.32896161D+01   -.10877263D+01
 3   n    0.91194397D+00   0.15996153D+01   -.35008686D+01
 4   n    -.27198637D+01   0.26785732D+01   0.14407271D+00
 5   n    -.20500503D+01   -.21629426D+01   0.28093422D+01
 6   o    -.92092584D+01   0.64001240D+01   0.47758856D+01
 7   o    -.45147444D+01   0.34771147D+01   0.90115174D+01
 8   o    -.86699306D+01   0.31222053D+01   0.95301527D+01
 9   o    -.10155992D+02   -.29941385D+01   0.10841188D+02
 10   o    -.69446485D+01   -.49185221D+01   0.12836531D+02
 11   o    0.23762548D+01   0.15008393D+01   0.26220515D+01
 12   o    0.52774378D+00   0.43342755D+01   0.66631927D+01
 13   c    0.18427285D+01   -.55103276D+01   0.26652695D+00
 14   c    -.16049443D+01   0.54952665D+01   -.33567959D+01
 15   c    -.30402668D+01   0.49612110D+01   -.11669625D+01
 16   c    -.49598315D+01   0.64528473D+01   -.36018177D-01
 17   c    -.58384218D+01   0.49829807D+01   0.19953617D+01
 18   c    -.44118110D+01   0.27195803D+01   0.20457796D+01
 19   c    -.50120258D+01   0.10438090D+01   0.39907044D+01
 20   c    -.39087092D+01   -.12472192D+01   0.44157038D+01
 21   c    -.44813907D+01   -.31096575D+01   0.65335197D+01
 22   c    -.23124577D+01   -.50750670D+01   0.62669928D+01
 23   c    -.12193079D+01   -.44070867D+01   0.36881593D+01
 24   c    0.35883062D+01   -.72296381D+01   -.96525314D+00
 25   c    0.51323068D+00   -.59497834D+01   0.24851786D+01
 26   c    0.42102717D+01   -.98203201D+01   -.21618465D-01
 27   c    0.63415047D+01   -.71869492D+01   -.48479219D+01
 28   c    0.80392534D+01   -.60778501D+01   -.61517384D+01
 29   c    0.47945561D+01   0.20198147D+01   -.94437167D+01
 30   c    0.10395194D+01   0.66202582D+01   -.84928632D+01
 31   c    -.11961021D+01   0.63775229D+01   -.10200079D+02
 32   c    -.57775349D+01   0.90092120D+01   -.87881707D+00
 33   c    -.75970575D+01   0.48900628D+01   0.40411223D+01
 34   c    -.71258732D+01   0.23462649D+01   0.54890304D+01
 35   c    0.45335849D+01   -.60929112D+01   -.30326512D+01
 36   c    -.70896283D+01   -.43476548D+01   0.62958111D+01
 37   c    -.77072474D+01   -.60150734D+01   0.85864992D+01
 38   c    -.35375671D+00   -.48766836D+01   0.83127723D+01
 39   c    -.65372425D+01   0.30058548D+01   0.81831182D+01
 40   c    -.84915971D+01   0.40706021D+01   0.12072968D+02
 41   c    -.83814072D+01   -.44422545D+01   0.10826769D+02
 42   c    -.75274778D+01   -.34804784D+01   0.15134437D+02
 43   c    -.55963101D+01   -.40295761D+01   0.17043344D+02
 44   c    0.34070815D+01   -.35440866D+01   -.31262871D+01
 45   c    0.37854802D+01   -.17502831D+01   -.49487577D+01
 46   c    0.26372260D+01   0.66210329D+00   -.51648668D+01
 47   c    0.30446320D+01   0.24274664D+01   -.72538644D+01
 48   c    0.14788240D+01   0.44229982D+01   -.68288650D+01
 49   c    0.17107689D+00   0.39341449D+01   -.44445221D+01
 50   h    -.18100173D+01   0.73530561D+01   -.41764834D+01
 51   h    0.37404291D+01   0.16599353D+00   0.33449284D+01
 52   h    0.18742113D+01   0.28532028D+01   0.40657644D+01
 53   h    0.13330316D+01   0.54001377D+01   0.82061729D+01
 54   h    -.14559016D+01   0.39221263D+01   0.69093295D+01
 55   h    -.45453390D+01   -.21556671D+01   0.83366207D+01
 56   h    -.28170901D+01   -.69600876D+01   0.56692536D+01
 57   h    0.94127251D+00   -.77310580D+01   0.33846882D+01
 58   h    0.62233779D+01   -.10145259D+02   0.62890081D-01
 59   h    0.34194781D+01   -.11262465D+02   -.12299849D+01
 60   h    0.34620158D+01   -.10147658D+02   0.18487567D+01
 61   h    0.61719963D+01   -.92156834D+01   -.49920513D+01
 62   h    0.93058989D+01   -.71005887D+01   -.73825169D+01
 63   h    0.82895098D+01   -.40621928D+01   -.59522022D+01
 64   h    0.61990760D+01   0.60565718D+00   -.90046577D+01
 65   h    0.56805352D+01   0.37560005D+01   -.10048656D+02
 66   h    0.37306970D+01   0.12721824D+01   -.11016800D+02
 67   h    0.26788189D+01   0.69577632D+01   -.96608273D+01
 68   h    0.74409851D+00   0.83019820D+01   -.73748824D+01
 69   h    -.77652620D+00   0.52065352D+01   -.11818120D+02
 70   h    -.18680697D+01   0.81549991D+01   -.10944556D+02
 71   h    -.27750815D+01   0.54871596D+01   -.92623408D+01
 72   h    -.76282947D+01   0.94282398D+01   -.12757540D+00
 73   h    -.59321333D+01   0.91038683D+01   -.29116331D+01
 74   h    -.45335660D+01   0.10490625D+02   -.22820331D+00
 75   h    -.86789068D+01   0.10321305D+01   0.53265140D+01
 76   h    -.71851162D+01   -.54439226D+01   0.45769919D+01
 77   h    -.85275019D+01   -.29021656D+01   0.62045373D+01
 78   h    -.60616174D+01   -.71519893D+01   0.89922800D+01
 79   h    -.92240549D+01   -.72921124D+01   0.81030128D+01
 80   h    0.36528403D-01   -.29220455D+01   0.87513966D+01
 81   h    0.13928792D+01   -.58072602D+01   0.78142248D+01
 82   h    -.10055610D+01   -.57297437D+01   0.10048523D+02
 83   h    -.76215673D+01   0.59136140D+01   0.11965291D+02
 84   h    -.73125026D+01   0.27982118D+01   0.13148165D+02
 85   h    -.10367150D+02   0.42318335D+01   0.12861381D+02
 86   h    -.93576207D+01   -.40001153D+01   0.15873226D+02
 87   h    -.74823512D+01   -.14800523D+01   0.14732493D+02
 88   h    -.38217251D+01   -.44928991D+01   0.16148105D+02
 89   h    -.61434992D+01   -.56255064D+01   0.18191787D+02
 90   h    -.52547233D+01   -.24095707D+01   0.18236744D+02
 91   h    0.51034885D+01   -.22490763D+01   -.64250306D+01
========================================================================
 ParseGeometry        :: Allocs=11,  DeAllocs=11, 0 bytes are presently allocated.
                         A max of 10968 bytes were allocated.
 Base(1)%BName   = STO-3G
 Opening BasFile = /home/mchalla/MONDO/BasisSets/STO-3G.bas
 Base(2)%BName   = Ahlrichs_pVDZ
 Opening BasFile = /home/mchalla/MONDO/BasisSets/Ahlrichs_pVDZ.bas
 Base(3)%BName   = Ahlrichs_pVDZ
 Opening BasFile = /home/mchalla/MONDO/BasisSets/Ahlrichs_pVDZ.bas
 Base(4)%BName   = Ahlrichs_pVDZ
 Opening BasFile = /home/mchalla/MONDO/BasisSets/Ahlrichs_pVDZ.bas
 ParseBaseSets        :: Allocs=313,  DeAllocs=312, 728 bytes are presently allocated.
                         A max of 140036 bytes were allocated.
 Current HDF file :: /scratch/mchalla/Cphyll_ApVDZ_22265.hdf

 PROGRAM OF CALCULATIONS:

  A restricted Roothaan-Hall solution of the SCF using
  a tight accuracy level, STO-3G and the HFx model.
 

  Followed by a  restricted Roothaan-Hall solution of the SCF using
  a tight accuracy level,Ahlrichs_pVDZ and the PBEx/PBEc model.
 

  Followed by a  restricted Roothaan-Hall solution of the SCF using
  a tight accuracy level,Ahlrichs_pVDZ and the PBEx/PBEc model.
 

  Followed by a  restricted Roothaan-Hall solution of the SCF using
  a tight accuracy level,Ahlrichs_pVDZ and the PBEx/PBEc model.
 

 Accuracy level 3 for the STO-3G basis set:
  TrixNeglect = 0.10D-05, CubeNeglect = 0.10D-06,
  TwoENeglect = 0.10D-09, DistNeglect = 0.10D-11
 MaxAtms = 92, MaxBlks = 8282, MaxNon0 = 84682, BndWdth = 91
 Accuracy level 3 for the Ahlrichs_pVDZ basis set:
  TrixNeglect = 0.10D-05, CubeNeglect = 0.10D-06,
  TwoENeglect = 0.10D-09, DistNeglect = 0.10D-11
 MaxAtms = 92, MaxBlks = 8282, MaxNon0 = 883601, BndWdth = 91
 Accuracy level 3 for the Ahlrichs_pVDZ basis set:
  TrixNeglect = 0.10D-05, CubeNeglect = 0.10D-06,
  TwoENeglect = 0.10D-09, DistNeglect = 0.10D-11
 MaxAtms = 92, MaxBlks = 8282, MaxNon0 = 883601, BndWdth = 91
 Accuracy level 3 for the Ahlrichs_pVDZ basis set:
  TrixNeglect = 0.10D-05, CubeNeglect = 0.10D-06,
  TwoENeglect = 0.10D-09, DistNeglect = 0.10D-11
 MaxAtms = 92, MaxBlks = 8282, MaxNon0 = 883601, BndWdth = 91
<<Entering MakeS 08/13/02 @ 07:45:39>>
 MakeS                :: S CheckSum  = 0.2014591647255814D+02
 MakeS                :: CPU Sec = 0.46D+00, WALL Sec = 0.46D+00
 MakeS                :: Allocs=37,  DeAllocs=36, 24 bytes are presently allocated.
                         A max of 1525628 bytes were allocated.
>-Exiting MakeS 08/13/02 @ 07:45:40-<
<<Entering LowdinO 08/13/02 @ 07:45:40>>
 LowdinO              :: X CheckSum  = 0.2219698922856122D+02
 LowdinO              :: CPU Sec = 0.29D+01, WALL Sec = 0.29D+01
 LowdinO              :: Allocs=20,  DeAllocs=20, 0 bytes are presently allocated.
                         A max of 2035400 bytes were allocated.
>-Exiting LowdinO 08/13/02 @ 07:45:43-<
<<Entering MakeT 08/13/02 @ 07:45:43>>
 MakeT                :: T CheckSum  = 0.1491222025195473D+03
 MakeT                :: CPU Sec = 0.57D+00, WALL Sec = 0.57D+00
 MakeT                :: Allocs=33,  DeAllocs=32, 24 bytes are presently allocated.
                         A max of 1504372 bytes were allocated.
>-Exiting MakeT 08/13/02 @ 07:45:44-<
<<Entering P2Use 08/13/02 @ 07:45:44>>
 P2Use                :: P[0] CheckSum  = 0.2669684671414914D+02
 P2Use                :: CPU (Sec,MFLOPS) = (0.26D+00, 110),
                         WALL(Sec,MFLOPS) = (0.26D+00, 110)
 P2Use                :: Allocs=52,  DeAllocs=48, 744080 bytes are presently allocated.
                         A max of 3793252 bytes were allocated.
>-Exiting P2Use 08/13/02 @ 07:45:44-<
<<Entering MakeRho 08/13/02 @ 07:45:45>>
 MakeRho : Pruned Rho :: dNel = 0.10D-07, kept 22% of distributions.
 MakeRho : Moments    :: <r> = (-.57D-01, 0.90D-01, -.36D-01), <r^2> = 0.32D+03
 MakeRho              :: Rho CheckSum  = 0.3194332798064331D+04
 MakeRho              :: CPU Sec = 0.72D+01, WALL Sec = 0.72D+01
 MakeRho              :: Allocs=64,  DeAllocs=59, 3824 bytes are presently allocated.
                         A max of 9491684 bytes were allocated.
>-Exiting MakeRho 08/13/02 @ 07:45:52-<
<<Entering QCTC 08/13/02 @ 07:45:52>>
 QCTC                 :: J[0] CheckSum  = 0.2244262109223899D+03
 QCTC                 :: CPU Sec = 0.33D+03, WALL Sec = 0.33D+03
 QCTC                 :: Allocs=149913,  DeAllocs=50, 16054496 bytes are presently allocated.
                         A max of 18972156 bytes were allocated.
>-Exiting QCTC 08/13/02 @ 07:51:18-<
<<Entering ONX 08/13/02 @ 07:51:19>>
 ONX                  :: Kx[0] CheckSum  = 0.3185462502688428D+02
 ONX                  :: CPU Sec = 0.23D+03, WALL Sec = 0.23D+03
 ONX                  :: Allocs=159,  DeAllocs=159, 0 bytes are presently allocated.
                         A max of 33671328 bytes were allocated.
>-Exiting ONX 08/13/02 @ 07:55:08-<
<<Entering FockNGrueven 08/13/02 @ 07:55:09>>
 FockNGrueven         :: F[0] CheckSum  = 0.1107664721860777D+03
 FockNGrueven         :: OrthoF[0] CheckSum  = 0.1014059516283250D+03
 FockNGrueven         :: CPU (Sec,MFLOPS) = (0.55D+00, 108),
                         WALL(Sec,MFLOPS) = (0.55D+00, 108)
 FockNGrueven         :: Allocs=41,  DeAllocs=37, 538848 bytes are presently allocated.
                         A max of 2233332 bytes were allocated.
>-Exiting FockNGrueven 08/13/02 @ 07:55:09-<
<<Entering RHEqs 08/13/02 @ 07:55:09>>
 RHEqs                :: HOMO = 0.88838679D-01, LUMO = 0.15379885D+00
 RHEqs                :: OrthoP[1] CheckSum  = 0.1341640786499883D+02
 RHEqs                :: P[1] CheckSum  = 0.1264076331991207D+02
 RHEqs                :: CPU (Sec,MFLOPS) = (0.37D+01, 19),
                         WALL(Sec,MFLOPS) = (0.37D+01, 19)
 RHEqs                :: Allocs=31,  DeAllocs=29, 1354896 bytes are presently allocated.
                         A max of 3588240 bytes were allocated.
>-Exiting RHEqs 08/13/02 @ 07:55:13-<
<<Entering SCFStatus 08/13/02 @ 07:55:13>>
 
= = = = = SCFCycle #0, Basis #1, Geometry #1 = = = = =

       Gap     = 0.65D-01
       MaxDelD = 0.25D+01
       <T>     = 0.25330564D+04
       <V>     = -.44622159D+04
       <HF>    = -.29401320D+03
       <SCF>   = -2223.17274674

 SCFStatus            :: CPU (Sec,MFLOPS) = (0.70D-01, 8),
                         WALL(Sec,MFLOPS) = (0.70D-01, 8)
 SCFStatus            :: Allocs=16,  DeAllocs=16, 0 bytes are presently allocated.
                         A max of 2233332 bytes were allocated.
>-Exiting SCFStatus 08/13/02 @ 07:55:14-<
<<Entering MakeRho 08/13/02 @ 07:55:14>>
 MakeRho : Pruned Rho :: dNel = -.60D-06, kept 22% of distributions.
 MakeRho : Moments    :: <r> = (0.17D+01, -.20D+01, 0.73D+00), <r^2> = 0.33D+03
 MakeRho              :: Rho CheckSum  = 0.2943135504182614D+04
 MakeRho              :: CPU Sec = 0.79D+01, WALL Sec = 0.79D+01
 MakeRho              :: Allocs=64,  DeAllocs=59, 3824 bytes are presently allocated.
                         A max of 10630068 bytes were allocated.
>-Exiting MakeRho 08/13/02 @ 07:55:22-<
<<Entering QCTC 08/13/02 @ 07:55:22>>
 QCTC                 :: J[1] CheckSum  = 0.2272470702597015D+03
 QCTC                 :: CPU Sec = 0.36D+03, WALL Sec = 0.36D+03
 QCTC                 :: Allocs=166643,  DeAllocs=50, 17843696 bytes are presently allocated.
                         A max of 21083732 bytes were allocated.
>-Exiting QCTC 08/13/02 @ 08:01:25-<
<<Entering ONX 08/13/02 @ 08:01:26>>
 ONX                  :: Kx[1] CheckSum  = 0.3313687539662745D+02
 ONX                  :: CPU Sec = 0.34D+03, WALL Sec = 0.34D+03
 ONX                  :: Allocs=159,  DeAllocs=159, 0 bytes are presently allocated.
                         A max of 33836672 bytes were allocated.
>-Exiting ONX 08/13/02 @ 08:07:01-<
<<Entering FockNGrueven 08/13/02 @ 08:07:01>>
 FockNGrueven         :: F[1] CheckSum  = 0.1139911183347204D+03
 FockNGrueven         :: OrthoF[1] CheckSum  = 0.1039787072090679D+03
 FockNGrueven         :: CPU (Sec,MFLOPS) = (0.69D+00, 104),
                         WALL(Sec,MFLOPS) = (0.70D+00, 103)
 FockNGrueven         :: Allocs=41,  DeAllocs=37, 538848 bytes are presently allocated.
                         A max of 2233332 bytes were allocated.
>-Exiting FockNGrueven 08/13/02 @ 08:07:02-<
<<Entering DIIS 08/13/02 @ 08:07:02>>
 DIIS : Damping       :: Co = 0.95D+00, 0.50D-01
 DIIS                 :: F_DIIS[1] CheckSum  = 0.1015288897889839D+03
 DIIS                 :: CPU (Sec,MFLOPS) = (0.10D+01, 96),
                         WALL(Sec,MFLOPS) = (0.10D+01, 96)
 DIIS                 :: Allocs=34,  DeAllocs=30, 144 bytes are presently allocated.
                         A max of 3044172 bytes were allocated.
>-Exiting DIIS 08/13/02 @ 08:07:03-<
<<Entering RHEqs 08/13/02 @ 08:07:03>>
 RHEqs                :: HOMO = 0.75541780D-01, LUMO = 0.14892712D+00
 RHEqs                :: OrthoP[2] CheckSum  = 0.1341640786499844D+02
 RHEqs                :: P[2] CheckSum  = 0.1256305205455294D+02
 RHEqs                :: CPU (Sec,MFLOPS) = (0.37D+01, 19),
                         WALL(Sec,MFLOPS) = (0.37D+01, 19)
 RHEqs                :: Allocs=31,  DeAllocs=29, 1354896 bytes are presently allocated.
                         A max of 3588240 bytes were allocated.
>-Exiting RHEqs 08/13/02 @ 08:07:07-<
<<Entering SCFStatus 08/13/02 @ 08:07:07>>
 
= = = = = SCFCycle #1, Basis #1, Geometry #1 = = = = =

       Gap     = 0.73D-01
       DIISErr = 0.72D-02
       MaxDelD = 0.35D-01
       <T>     = 0.23355316D+04
       <V>     = -.43595258D+04
       <HF>    = -.30992023D+03
       <SCF>   = -2333.91437949

 SCFStatus            :: CPU (Sec,MFLOPS) = (0.90D-01, 7),
                         WALL(Sec,MFLOPS) = (0.90D-01, 7)
 SCFStatus            :: Allocs=16,  DeAllocs=16, 0 bytes are presently allocated.
                         A max of 2233332 bytes were allocated.
>-Exiting SCFStatus 08/13/02 @ 08:07:07-<
<<Entering MakeRho 08/13/02 @ 08:07:08>>
 MakeRho : Pruned Rho :: dNel = -.54D-06, kept 22% of distributions.
 MakeRho : Moments    :: <r> = (0.17D+01, -.18D+01, 0.67D+00), <r^2> = 0.32D+03
 MakeRho              :: Rho CheckSum  = 0.2940728173578164D+04
 MakeRho              :: CPU Sec = 0.80D+01, WALL Sec = 0.80D+01
 MakeRho              :: Allocs=64,  DeAllocs=59, 3824 bytes are presently allocated.
                         A max of 10627748 bytes were allocated.
>-Exiting MakeRho 08/13/02 @ 08:07:16-<
<<Entering QCTC 08/13/02 @ 08:07:16>>
 QCTC                 :: J[2] CheckSum  = 0.2272559858997007D+03
 QCTC                 :: CPU Sec = 0.36D+03, WALL Sec = 0.36D+03
 QCTC                 :: Allocs=166323,  DeAllocs=50, 17810592 bytes are presently allocated.
                         A max of 21044980 bytes were allocated.
>-Exiting QCTC 08/13/02 @ 08:13:19-<
<<Entering ONX 08/13/02 @ 08:13:19>>
 ONX                  :: Kx[2] CheckSum  = 0.3314105107832720D+02
 ONX                  :: CPU Sec = 0.33D+03, WALL Sec = 0.33D+03
 ONX                  :: Allocs=159,  DeAllocs=159, 0 bytes are presently allocated.
                         A max of 33836544 bytes were allocated.
>-Exiting ONX 08/13/02 @ 08:18:53-<
<<Entering FockNGrueven 08/13/02 @ 08:18:54>>
 FockNGrueven         :: F[2] CheckSum  = 0.1139897676555880D+03
 FockNGrueven         :: OrthoF[2] CheckSum  = 0.1039891945167091D+03
 FockNGrueven         :: CPU (Sec,MFLOPS) = (0.69D+00, 104),
                         WALL(Sec,MFLOPS) = (0.69D+00, 104)
 FockNGrueven         :: Allocs=41,  DeAllocs=37, 538848 bytes are presently allocated.
                         A max of 2233332 bytes were allocated.
>-Exiting FockNGrueven 08/13/02 @ 08:18:54-<
<<Entering DIIS 08/13/02 @ 08:18:55>>
 DIIS                 :: Cond# = 0.68D+03, MIN(E) = 0.12D-01
 DIIS : Pulay C1      :: DIISCo = -.11D+02, 0.12D+02
 DIIS                 :: F_DIIS[2] CheckSum  = 0.1041373401469205D+03
 DIIS                 :: CPU (Sec,MFLOPS) = (0.11D+01, 91),
                         WALL(Sec,MFLOPS) = (0.11D+01, 91)
 DIIS                 :: Allocs=45,  DeAllocs=40, 216 bytes are presently allocated.
                         A max of 3044172 bytes were allocated.
>-Exiting DIIS 08/13/02 @ 08:18:56-<
<<Entering RHEqs 08/13/02 @ 08:18:56>>
 RHEqs                :: HOMO = -.12611555D+00, LUMO = 0.94891365D-01
 RHEqs                :: OrthoP[3] CheckSum  = 0.1341640786499678D+02
 RHEqs                :: P[3] CheckSum  = 0.1174575195590174D+02
 RHEqs                :: CPU (Sec,MFLOPS) = (0.36D+01, 20),
                         WALL(Sec,MFLOPS) = (0.36D+01, 20)
 RHEqs                :: Allocs=31,  DeAllocs=29, 1354896 bytes are presently allocated.
                         A max of 3588240 bytes were allocated.
>-Exiting RHEqs 08/13/02 @ 08:18:59-<
<<Entering SCFStatus 08/13/02 @ 08:19:00>>
 
= = = = = SCFCycle #2, Basis #1, Geometry #1 = = = = =

       Gap     = 0.22D+00
       DIISErr = 0.67D-02
       MaxDelD = 0.40D+00
       <T>     = 0.23340879D+04
       <V>     = -.43586809D+04
       <HF>    = -.30980080D+03
       <SCF>   = -2334.39379650

 SCFStatus            :: CPU (Sec,MFLOPS) = (0.90D-01, 7),
                         WALL(Sec,MFLOPS) = (0.90D-01, 7)
 SCFStatus            :: Allocs=16,  DeAllocs=16, 0 bytes are presently allocated.
                         A max of 2233332 bytes were allocated.
>-Exiting SCFStatus 08/13/02 @ 08:19:00-<
<<Entering MakeRho 08/13/02 @ 08:19:00>>
 MakeRho : Pruned Rho :: dNel = -.51D-07, kept 21% of distributions.
 MakeRho : Moments    :: <r> = (0.44D+00, -.56D+00, 0.14D+01), <r^2> = 0.30D+03
 MakeRho              :: Rho CheckSum  = 0.2903392437613565D+04
 MakeRho              :: CPU Sec = 0.80D+01, WALL Sec = 0.80D+01
 MakeRho              :: Allocs=64,  DeAllocs=59, 3824 bytes are presently allocated.
                         A max of 10565860 bytes were allocated.
>-Exiting MakeRho 08/13/02 @ 08:19:08-<
<<Entering QCTC 08/13/02 @ 08:19:08>>
 QCTC                 :: J[3] CheckSum  = 0.2272688956478465D+03
 QCTC                 :: CPU Sec = 0.35D+03, WALL Sec = 0.35D+03
 QCTC                 :: Allocs=161963,  DeAllocs=50, 17360336 bytes are presently allocated.
                         A max of 20518100 bytes were allocated.
>-Exiting QCTC 08/13/02 @ 08:24:59-<
<<Entering ONX 08/13/02 @ 08:24:59>>
 ONX                  :: Kx[3] CheckSum  = 0.3318054698303923D+02
 ONX                  :: CPU Sec = 0.32D+03, WALL Sec = 0.32D+03
 ONX                  :: Allocs=159,  DeAllocs=159, 0 bytes are presently allocated.
                         A max of 33831552 bytes were allocated.
>-Exiting ONX 08/13/02 @ 08:30:20-<
<<Entering FockNGrueven 08/13/02 @ 08:30:20>>
 FockNGrueven         :: F[3] CheckSum  = 0.1139210549047263D+03
 FockNGrueven         :: OrthoF[3] CheckSum  = 0.1040214818240120D+03
 FockNGrueven         :: CPU (Sec,MFLOPS) = (0.67D+00, 105),
                         WALL(Sec,MFLOPS) = (0.67D+00, 105)
 FockNGrueven         :: Allocs=41,  DeAllocs=37, 538848 bytes are presently allocated.
                         A max of 2233332 bytes were allocated.
>-Exiting FockNGrueven 08/13/02 @ 08:30:21-<
<<Entering DIIS 08/13/02 @ 08:30:21>>
 DIIS                 :: Cond# = 0.26D+04, MIN(E) = 0.33D-02
 DIIS : Pulay C1      :: DIISCo = -.25D+01, 0.26D+01, 0.91D+00
 DIIS                 :: F_DIIS[3] CheckSum  = 0.1040524748257107D+03
 DIIS                 :: CPU (Sec,MFLOPS) = (0.11D+01, 88),
                         WALL(Sec,MFLOPS) = (0.11D+01, 88)
 DIIS                 :: Allocs=53,  DeAllocs=48, 272 bytes are presently allocated.
                         A max of 3044172 bytes were allocated.
>-Exiting DIIS 08/13/02 @ 08:30:22-<
<<Entering RHEqs 08/13/02 @ 08:30:23>>
 RHEqs                :: HOMO = -.11810725D+00, LUMO = 0.12598216D+00
 RHEqs                :: OrthoP[4] CheckSum  = 0.1341640786499593D+02
 RHEqs                :: P[4] CheckSum  = 0.1169147501709902D+02
 RHEqs                :: CPU (Sec,MFLOPS) = (0.36D+01, 20),
                         WALL(Sec,MFLOPS) = (0.36D+01, 20)
 RHEqs                :: Allocs=31,  DeAllocs=29, 1354896 bytes are presently allocated.
                         A max of 3588240 bytes were allocated.
>-Exiting RHEqs 08/13/02 @ 08:30:26-<
<<Entering SCFStatus 08/13/02 @ 08:30:26>>
 
= = = = = SCFCycle #3, Basis #1, Geometry #1 = = = = =

       Gap     = 0.24D+00
       DIISErr = 0.13D-02
       MaxDelD = 0.10D+00
       <T>     = 0.23180585D+04
       <V>     = -.43466932D+04
       <HF>    = -.30884315D+03
       <SCF>   = -2337.47783461

 SCFStatus            :: CPU (Sec,MFLOPS) = (0.90D-01, 7),
                         WALL(Sec,MFLOPS) = (0.90D-01, 7)
 SCFStatus            :: Allocs=16,  DeAllocs=16, 0 bytes are presently allocated.
                         A max of 2233332 bytes were allocated.
>-Exiting SCFStatus 08/13/02 @ 08:30:27-<
<<Entering MakeRho 08/13/02 @ 08:30:27>>
 MakeRho : Pruned Rho :: dNel = -.52D-07, kept 21% of distributions.
 MakeRho : Moments    :: <r> = (0.12D+01, -.47D+00, 0.56D+00), <r^2> = 0.29D+03
 MakeRho              :: Rho CheckSum  = 0.2899259481240810D+04
 MakeRho              :: CPU Sec = 0.79D+01, WALL Sec = 0.79D+01
 MakeRho              :: Allocs=64,  DeAllocs=59, 3824 bytes are presently allocated.
                         A max of 10557396 bytes were allocated.
>-Exiting MakeRho 08/13/02 @ 08:30:35-<
<<Entering QCTC 08/13/02 @ 08:30:35>>
 QCTC                 :: J[4] CheckSum  = 0.2273366236848432D+03
 QCTC                 :: CPU Sec = 0.35D+03, WALL Sec = 0.35D+03
 QCTC                 :: Allocs=161723,  DeAllocs=50, 17331184 bytes are presently allocated.
                         A max of 20482708 bytes were allocated.
>-Exiting QCTC 08/13/02 @ 08:36:25-<
<<Entering ONX 08/13/02 @ 08:36:26>>
 ONX                  :: Kx[4] CheckSum  = 0.3317888713881282D+02
 ONX                  :: CPU Sec = 0.31D+03, WALL Sec = 0.31D+03
 ONX                  :: Allocs=159,  DeAllocs=159, 0 bytes are presently allocated.
                         A max of 33828896 bytes were allocated.
>-Exiting ONX 08/13/02 @ 08:41:34-<
<<Entering FockNGrueven 08/13/02 @ 08:41:34>>
 FockNGrueven         :: F[4] CheckSum  = 0.1139737698800921D+03
 FockNGrueven         :: OrthoF[4] CheckSum  = 0.1040806058609156D+03
 FockNGrueven         :: CPU (Sec,MFLOPS) = (0.66D+00, 107),
                         WALL(Sec,MFLOPS) = (0.66D+00, 107)
 FockNGrueven         :: Allocs=41,  DeAllocs=37, 538848 bytes are presently allocated.
                         A max of 2233332 bytes were allocated.
>-Exiting FockNGrueven 08/13/02 @ 08:41:35-<
<<Entering DIIS 08/13/02 @ 08:41:35>>
 DIIS                 :: Cond# = 0.50D+04, MIN(E) = 0.17D-02
 DIIS : Pulay C1      :: DIISCo = 0.33D+00, -.38D+00, 0.22D+00, 0.83D+00
 DIIS                 :: F_DIIS[4] CheckSum  = 0.1040675797301032D+03
 DIIS                 :: CPU (Sec,MFLOPS) = (0.11D+01, 84),
                         WALL(Sec,MFLOPS) = (0.11D+01, 83)
 DIIS                 :: Allocs=62,  DeAllocs=57, 344 bytes are presently allocated.
                         A max of 3044172 bytes were allocated.
>-Exiting DIIS 08/13/02 @ 08:41:36-<
<<Entering RHEqs 08/13/02 @ 08:41:36>>
 RHEqs                :: HOMO = -.13075902D+00, LUMO = 0.11496346D+00
 RHEqs                :: OrthoP[5] CheckSum  = 0.1341640786499619D+02
 RHEqs                :: P[5] CheckSum  = 0.1168245101808715D+02
 RHEqs                :: CPU (Sec,MFLOPS) = (0.36D+01, 20),
                         WALL(Sec,MFLOPS) = (0.36D+01, 20)
 RHEqs                :: Allocs=31,  DeAllocs=29, 1354896 bytes are presently allocated.
                         A max of 3588240 bytes were allocated.
>-Exiting RHEqs 08/13/02 @ 08:41:40-<
<<Entering SCFStatus 08/13/02 @ 08:41:40>>
 
= = = = = SCFCycle #4, Basis #1, Geometry #1 = = = = =

       Gap     = 0.25D+00
       DIISErr = 0.40D-03
       MaxDelD = 0.29D-01
       <T>     = 0.23160815D+04
       <V>     = -.43450452D+04
       <HF>    = -.30861484D+03
       <SCF>   = -2337.57854623

 SCFStatus            :: CPU (Sec,MFLOPS) = (0.90D-01, 7),
                         WALL(Sec,MFLOPS) = (0.90D-01, 7)
 SCFStatus            :: Allocs=16,  DeAllocs=16, 0 bytes are presently allocated.
                         A max of 2233332 bytes were allocated.
>-Exiting SCFStatus 08/13/02 @ 08:41:40-<
<<Entering MakeRho 08/13/02 @ 08:41:41>>
 MakeRho : Pruned Rho :: dNel = -.52D-07, kept 21% of distributions.
 MakeRho : Moments    :: <r> = (0.91D+00, -.41D+00, 0.83D+00), <r^2> = 0.29D+03
 MakeRho              :: Rho CheckSum  = 0.2898655882140184D+04
 MakeRho              :: CPU Sec = 0.79D+01, WALL Sec = 0.79D+01
 MakeRho              :: Allocs=64,  DeAllocs=59, 3824 bytes are presently allocated.
                         A max of 10556036 bytes were allocated.
>-Exiting MakeRho 08/13/02 @ 08:41:49-<
<<Entering QCTC 08/13/02 @ 08:41:49>>
 QCTC                 :: J[5] CheckSum  = 0.2273329828381839D+03
 QCTC                 :: CPU Sec = 0.35D+03, WALL Sec = 0.35D+03
 QCTC                 :: Allocs=161723,  DeAllocs=50, 17332288 bytes are presently allocated.
                         A max of 20484340 bytes were allocated.
>-Exiting QCTC 08/13/02 @ 08:47:40-<
<<Entering ONX 08/13/02 @ 08:47:40>>
 ONX                  :: Kx[5] CheckSum  = 0.3317876880667703D+02
 ONX                  :: CPU Sec = 0.31D+03, WALL Sec = 0.31D+03
 ONX                  :: Allocs=159,  DeAllocs=159, 0 bytes are presently allocated.
                         A max of 33829024 bytes were allocated.
>-Exiting ONX 08/13/02 @ 08:52:49-<
<<Entering FockNGrueven 08/13/02 @ 08:52:50>>
 FockNGrueven         :: F[5] CheckSum  = 0.1139680303127460D+03
 FockNGrueven         :: OrthoF[5] CheckSum  = 0.1040777665168219D+03
 FockNGrueven         :: CPU (Sec,MFLOPS) = (0.67D+00, 105),
                         WALL(Sec,MFLOPS) = (0.67D+00, 105)
 FockNGrueven         :: Allocs=41,  DeAllocs=37, 538848 bytes are presently allocated.
                         A max of 2233332 bytes were allocated.
>-Exiting FockNGrueven 08/13/02 @ 08:52:50-<
<<Entering DIIS 08/13/02 @ 08:52:50>>
 DIIS                 :: Cond# = 0.50D+04, MIN(E) = 0.17D-02
 DIIS : Pulay C1      :: DIISCo = 0.36D+00, -.38D+00, -.16D-01,
                                  0.15D+00, 0.89D+00
 DIIS                 :: F_DIIS[5] CheckSum  = 0.1040757763321635D+03
 DIIS                 :: CPU (Sec,MFLOPS) = (0.12D+01, 78),
                         WALL(Sec,MFLOPS) = (0.12D+01, 77)
 DIIS                 :: Allocs=72,  DeAllocs=67, 432 bytes are presently allocated.
                         A max of 3044172 bytes were allocated.
>-Exiting DIIS 08/13/02 @ 08:52:52-<
<<Entering RHEqs 08/13/02 @ 08:52:52>>
 RHEqs                :: HOMO = -.13220609D+00, LUMO = 0.11556719D+00
 RHEqs                :: OrthoP[6] CheckSum  = 0.1341640786499586D+02
 RHEqs                :: P[6] CheckSum  = 0.1168013397571804D+02
 RHEqs                :: CPU (Sec,MFLOPS) = (0.36D+01, 20),
                         WALL(Sec,MFLOPS) = (0.36D+01, 20)
 RHEqs                :: Allocs=31,  DeAllocs=29, 1354896 bytes are presently allocated.
                         A max of 3588240 bytes were allocated.
>-Exiting RHEqs 08/13/02 @ 08:52:56-<
<<Entering SCFStatus 08/13/02 @ 08:52:56>>
 
= = = = = SCFCycle #5, Basis #1, Geometry #1 = = = = =

       Gap     = 0.25D+00
       DIISErr = 0.14D-03
       MaxDelD = 0.16D-01
       <T>     = 0.23158928D+04
       <V>     = -.43448835D+04
       <HF>    = -.30859859D+03
       <SCF>   = -2337.58931488

 SCFStatus            :: CPU (Sec,MFLOPS) = (0.90D-01, 7),
                         WALL(Sec,MFLOPS) = (0.90D-01, 7)
 SCFStatus            :: Allocs=16,  DeAllocs=16, 0 bytes are presently allocated.
                         A max of 2233332 bytes were allocated.
>-Exiting SCFStatus 08/13/02 @ 08:52:56-<
<<Entering MakeRho 08/13/02 @ 08:52:56>>
 MakeRho : Pruned Rho :: dNel = -.54D-07, kept 21% of distributions.
 MakeRho : Moments    :: <r> = (0.93D+00, -.39D+00, 0.80D+00), <r^2> = 0.29D+03
 MakeRho              :: Rho CheckSum  = 0.2898563266199344D+04
 MakeRho              :: CPU Sec = 0.79D+01, WALL Sec = 0.79D+01
 MakeRho              :: Allocs=64,  DeAllocs=59, 3824 bytes are presently allocated.
                         A max of 10554820 bytes were allocated.
>-Exiting MakeRho 08/13/02 @ 08:53:04-<
<<Entering QCTC 08/13/02 @ 08:53:04>>
 QCTC                 :: J[6] CheckSum  = 0.2273315664086282D+03
 QCTC                 :: CPU Sec = 0.35D+03, WALL Sec = 0.35D+03
 QCTC                 :: Allocs=161663,  DeAllocs=50, 17325312 bytes are presently allocated.
                         A max of 20475972 bytes were allocated.
>-Exiting QCTC 08/13/02 @ 08:58:56-<
<<Entering ONX 08/13/02 @ 08:58:56>>
 ONX                  :: Kx[6] CheckSum  = 0.3317866992804347D+02
 ONX                  :: CPU Sec = 0.31D+03, WALL Sec = 0.31D+03
 ONX                  :: Allocs=159,  DeAllocs=159, 0 bytes are presently allocated.
                         A max of 33828768 bytes were allocated.
>-Exiting ONX 08/13/02 @ 09:04:04-<
<<Entering FockNGrueven 08/13/02 @ 09:04:05>>
 FockNGrueven         :: F[6] CheckSum  = 0.1139665724203619D+03
 FockNGrueven         :: OrthoF[6] CheckSum  = 0.1040765244578762D+03
 FockNGrueven         :: CPU (Sec,MFLOPS) = (0.67D+00, 105),
                         WALL(Sec,MFLOPS) = (0.67D+00, 105)
 FockNGrueven         :: Allocs=41,  DeAllocs=37, 538848 bytes are presently allocated.
                         A max of 2233332 bytes were allocated.
>-Exiting FockNGrueven 08/13/02 @ 09:04:05-<
<<Entering DIIS 08/13/02 @ 09:04:06>>
 DIIS                 :: Cond# = 0.38D+05, MIN(E) = 0.22D-03
 DIIS : Pulay C1      :: DIISCo = 0.27D-01, -.25D-01, -.19D-01,
                                  -.12D+00, -.14D+00, 0.13D+01
 DIIS                 :: F_DIIS[6] CheckSum  = 0.1040763911459025D+03
 DIIS                 :: CPU (Sec,MFLOPS) = (0.13D+01, 72),
                         WALL(Sec,MFLOPS) = (0.13D+01, 72)
 DIIS                 :: Allocs=83,  DeAllocs=78, 536 bytes are presently allocated.
                         A max of 3044172 bytes were allocated.
>-Exiting DIIS 08/13/02 @ 09:04:07-<
<<Entering RHEqs 08/13/02 @ 09:04:07>>
 RHEqs                :: HOMO = -.13198980D+00, LUMO = 0.11815594D+00
 RHEqs                :: OrthoP[7] CheckSum  = 0.1341640786499572D+02
 RHEqs                :: P[7] CheckSum  = 0.1167833880393976D+02
 RHEqs                :: CPU (Sec,MFLOPS) = (0.36D+01, 20),
                         WALL(Sec,MFLOPS) = (0.36D+01, 20)
 RHEqs                :: Allocs=31,  DeAllocs=29, 1354896 bytes are presently allocated.
                         A max of 3588240 bytes were allocated.
>-Exiting RHEqs 08/13/02 @ 09:04:11-<
<<Entering SCFStatus 08/13/02 @ 09:04:11>>
 
= = = = = SCFCycle #6, Basis #1, Geometry #1 = = = = =

       Gap     = 0.25D+00
       DIISErr = 0.64D-04
       MaxDelD = 0.13D-01
       <T>     = 0.23158678D+04
       <V>     = -.43448573D+04
       <HF>    = -.30860155D+03
       <SCF>   = -2337.59095427

 SCFStatus            :: CPU (Sec,MFLOPS) = (0.90D-01, 7),
                         WALL(Sec,MFLOPS) = (0.90D-01, 7)
 SCFStatus            :: Allocs=16,  DeAllocs=16, 0 bytes are presently allocated.
                         A max of 2233332 bytes were allocated.
>-Exiting SCFStatus 08/13/02 @ 09:04:11-<
<<Entering MakeRho 08/13/02 @ 09:04:11>>
 MakeRho : Pruned Rho :: dNel = -.55D-07, kept 21% of distributions.
 MakeRho : Moments    :: <r> = (0.91D+00, -.39D+00, 0.81D+00), <r^2> = 0.29D+03
 MakeRho              :: Rho CheckSum  = 0.2898483250792130D+04
 MakeRho              :: CPU Sec = 0.79D+01, WALL Sec = 0.79D+01
 MakeRho              :: Allocs=64,  DeAllocs=59, 3824 bytes are presently allocated.
                         A max of 10554212 bytes were allocated.
>-Exiting MakeRho 08/13/02 @ 09:04:19-<
<<Entering QCTC 08/13/02 @ 09:04:20>>
 QCTC                 :: J[7] CheckSum  = 0.2273345844396851D+03
 QCTC                 :: CPU Sec = 0.35D+03, WALL Sec = 0.35D+03
 QCTC                 :: Allocs=161663,  DeAllocs=50, 17325472 bytes are presently allocated.
                         A max of 20476228 bytes were allocated.
>-Exiting QCTC 08/13/02 @ 09:10:10-<
<<Entering ONX 08/13/02 @ 09:10:10>>
 ONX                  :: Kx[7] CheckSum  = 0.3317855485558251D+02
 ONX                  :: CPU Sec = 0.31D+03, WALL Sec = 0.31D+03
 ONX                  :: Allocs=159,  DeAllocs=159, 0 bytes are presently allocated.
                         A max of 33828640 bytes were allocated.
>-Exiting ONX 08/13/02 @ 09:15:18-<
<<Entering FockNGrueven 08/13/02 @ 09:15:19>>
 FockNGrueven         :: F[7] CheckSum  = 0.1139698410415090D+03
 FockNGrueven         :: OrthoF[7] CheckSum  = 0.1040789114824845D+03
 FockNGrueven         :: CPU (Sec,MFLOPS) = (0.67D+00, 105),
                         WALL(Sec,MFLOPS) = (0.67D+00, 105)
 FockNGrueven         :: Allocs=41,  DeAllocs=37, 538848 bytes are presently allocated.
                         A max of 2233332 bytes were allocated.
>-Exiting FockNGrueven 08/13/02 @ 09:15:19-<
<<Entering DIIS 08/13/02 @ 09:15:20>>
 DIIS                 :: Cond# = 0.13D+06, MIN(E) = 0.67D-04
 DIIS : Pulay C1      :: DIISCo = -.37D-01, 0.38D-01, 0.29D-02,
                                  -.35D-01, -.19D+00, 0.15D+00, 0.11D+01
 DIIS                 :: F_DIIS[7] CheckSum  = 0.1040789279700749D+03
 DIIS                 :: CPU (Sec,MFLOPS) = (0.14D+01, 67),
                         WALL(Sec,MFLOPS) = (0.14D+01, 67)
 DIIS                 :: Allocs=95,  DeAllocs=90, 656 bytes are presently allocated.
                         A max of 3044172 bytes were allocated.
>-Exiting DIIS 08/13/02 @ 09:15:21-<
<<Entering RHEqs 08/13/02 @ 09:15:21>>
 RHEqs                :: HOMO = -.13265091D+00, LUMO = 0.11862393D+00
 RHEqs                :: OrthoP[8] CheckSum  = 0.1341640786499566D+02
 RHEqs                :: P[8] CheckSum  = 0.1167769078049654D+02
 RHEqs                :: CPU (Sec,MFLOPS) = (0.36D+01, 20),
                         WALL(Sec,MFLOPS) = (0.36D+01, 20)
 RHEqs                :: Allocs=31,  DeAllocs=29, 1354896 bytes are presently allocated.
                         A max of 3588240 bytes were allocated.
>-Exiting RHEqs 08/13/02 @ 09:15:25-<
<<Entering SCFStatus 08/13/02 @ 09:15:25>>
 
= = = = = SCFCycle #7, Basis #1, Geometry #1 = = = = =

       Gap     = 0.25D+00
       DIISErr = 0.24D-04
       MaxDelD = 0.57D-02
       <T>     = 0.23158477D+04
       <V>     = -.43448363D+04
       <HF>    = -.30860292D+03
       <SCF>   = -2337.59152729

 SCFStatus            :: CPU (Sec,MFLOPS) = (0.80D-01, 8),
                         WALL(Sec,MFLOPS) = (0.80D-01, 8)
 SCFStatus            :: Allocs=16,  DeAllocs=16, 0 bytes are presently allocated.
                         A max of 2233332 bytes were allocated.
>-Exiting SCFStatus 08/13/02 @ 09:15:25-<
<<Entering MakeRho 08/13/02 @ 09:15:26>>
 MakeRho : Pruned Rho :: dNel = -.54D-07, kept 21% of distributions.
 MakeRho : Moments    :: <r> = (0.91D+00, -.38D+00, 0.81D+00), <r^2> = 0.29D+03
 MakeRho              :: Rho CheckSum  = 0.2898449507633181D+04
 MakeRho              :: CPU Sec = 0.80D+01, WALL Sec = 0.80D+01
 MakeRho              :: Allocs=64,  DeAllocs=59, 3824 bytes are presently allocated.
                         A max of 10554468 bytes were allocated.
>-Exiting MakeRho 08/13/02 @ 09:15:34-<
<<Entering QCTC 08/13/02 @ 09:15:34>>
 QCTC                 :: J[8] CheckSum  = 0.2273335156453398D+03
 QCTC                 :: CPU Sec = 0.35D+03, WALL Sec = 0.35D+03
 QCTC                 :: Allocs=161673,  DeAllocs=50, 17325840 bytes are presently allocated.
                         A max of 20476444 bytes were allocated.
>-Exiting QCTC 08/13/02 @ 09:21:24-<
<<Entering ONX 08/13/02 @ 09:21:24>>
 ONX                  :: Kx[8] CheckSum  = 0.3317849442063611D+02
 ONX                  :: CPU Sec = 0.31D+03, WALL Sec = 0.31D+03
 ONX                  :: Allocs=159,  DeAllocs=159, 0 bytes are presently allocated.
                         A max of 33828544 bytes were allocated.
>-Exiting ONX 08/13/02 @ 09:26:32-<
<<Entering FockNGrueven 08/13/02 @ 09:26:32>>
 FockNGrueven         :: F[8] CheckSum  = 0.1139684978545319D+03
 FockNGrueven         :: OrthoF[8] CheckSum  = 0.1040780943186811D+03
 FockNGrueven         :: CPU (Sec,MFLOPS) = (0.67D+00, 105),
                         WALL(Sec,MFLOPS) = (0.67D+00, 105)
 FockNGrueven         :: Allocs=41,  DeAllocs=37, 538848 bytes are presently allocated.
                         A max of 2233332 bytes were allocated.
>-Exiting FockNGrueven 08/13/02 @ 09:26:33-<
<<Entering DIIS 08/13/02 @ 09:26:33>>
 DIIS                 :: Cond# = 0.92D+06, MIN(E) = 0.92D-05
 DIIS : Pulay C1      :: DIISCo = -.11D-01, 0.12D-01, 0.24D-02,
                                  0.78D-02, 0.52D-03, -.14D+00, 0.11D+00, 0.10D+01
 DIIS                 :: F_DIIS[8] CheckSum  = 0.1040784143349289D+03
 DIIS                 :: CPU (Sec,MFLOPS) = (0.16D+01, 63),
                         WALL(Sec,MFLOPS) = (0.16D+01, 63)
 DIIS                 :: Allocs=108,  DeAllocs=103, 792 bytes are presently allocated.
                         A max of 3044172 bytes were allocated.
>-Exiting DIIS 08/13/02 @ 09:26:35-<
<<Entering RHEqs 08/13/02 @ 09:26:35>>
 RHEqs                :: HOMO = -.13284936D+00, LUMO = 0.11882701D+00
 RHEqs                :: OrthoP[9] CheckSum  = 0.1341640786499569D+02
 RHEqs                :: P[9] CheckSum  = 0.1167767984819004D+02
 RHEqs                :: CPU (Sec,MFLOPS) = (0.36D+01, 20),
                         WALL(Sec,MFLOPS) = (0.36D+01, 20)
 RHEqs                :: Allocs=31,  DeAllocs=29, 1354896 bytes are presently allocated.
                         A max of 3588240 bytes were allocated.
>-Exiting RHEqs 08/13/02 @ 09:26:39-<
<<Entering SCFStatus 08/13/02 @ 09:26:39>>
 
= = = = = SCFCycle #8, Basis #1, Geometry #1 = = = = =

       Gap     = 0.25D+00
       DIISErr = 0.89D-05
       MaxDelD = 0.13D-02
       <T>     = 0.23158361D+04
       <V>     = -.43448246D+04
       <HF>    = -.30860317D+03
       <SCF>   = -2337.59163041

 SCFStatus            :: CPU (Sec,MFLOPS) = (0.80D-01, 8),
                         WALL(Sec,MFLOPS) = (0.80D-01, 8)
 SCFStatus            :: Allocs=16,  DeAllocs=16, 0 bytes are presently allocated.
                         A max of 2233332 bytes were allocated.
>-Exiting SCFStatus 08/13/02 @ 09:26:39-<
<<Entering MakeRho 08/13/02 @ 09:26:39>>
 MakeRho : Pruned Rho :: dNel = -.55D-07, kept 21% of distributions.
 MakeRho : Moments    :: <r> = (0.91D+00, -.38D+00, 0.81D+00), <r^2> = 0.29D+03
 MakeRho              :: Rho CheckSum  = 0.2898451017692683D+04
 MakeRho              :: CPU Sec = 0.80D+01, WALL Sec = 0.80D+01
 MakeRho              :: Allocs=64,  DeAllocs=59, 3824 bytes are presently allocated.
                         A max of 10554836 bytes were allocated.
>-Exiting MakeRho 08/13/02 @ 09:26:47-<
<<Entering QCTC 08/13/02 @ 09:26:48>>
 QCTC                 :: J[9] CheckSum  = 0.2273339614034860D+03
 QCTC                 :: CPU Sec = 0.35D+03, WALL Sec = 0.35D+03
 QCTC                 :: Allocs=161663,  DeAllocs=50, 17324592 bytes are presently allocated.
                         A max of 20474916 bytes were allocated.
>-Exiting QCTC 08/13/02 @ 09:32:38-<
<<Entering ONX 08/13/02 @ 09:32:38>>
 ONX                  :: Kx[9] CheckSum  = 0.3317848822956930D+02
 ONX                  :: CPU Sec = 0.31D+03, WALL Sec = 0.31D+03
 ONX                  :: Allocs=159,  DeAllocs=159, 0 bytes are presently allocated.
                         A max of 33828544 bytes were allocated.
>-Exiting ONX 08/13/02 @ 09:37:46-<
<<Entering FockNGrueven 08/13/02 @ 09:37:47>>
 FockNGrueven         :: F[9] CheckSum  = 0.1139689732752689D+03
 FockNGrueven         :: OrthoF[9] CheckSum  = 0.1040784634392565D+03
 FockNGrueven         :: CPU (Sec,MFLOPS) = (0.67D+00, 105),
                         WALL(Sec,MFLOPS) = (0.67D+00, 105)
 FockNGrueven         :: Allocs=41,  DeAllocs=37, 538848 bytes are presently allocated.
                         A max of 2233332 bytes were allocated.
>-Exiting FockNGrueven 08/13/02 @ 09:37:47-<
<<Entering DIIS 08/13/02 @ 09:37:48>>
 DIIS                 :: Cond# = 0.91D+07, MIN(E) = 0.94D-06
 DIIS : Pulay C1      :: DIISCo = 0.70D-02, -.72D-02, -.97D-03,
                                  0.49D-02, 0.42D-01, -.23D-01, -.17D+00,
                                  -.46D-01, 0.12D+01
 DIIS                 :: F_DIIS[9] CheckSum  = 0.1040784098522775D+03
 DIIS                 :: CPU (Sec,MFLOPS) = (0.17D+01, 58),
                         WALL(Sec,MFLOPS) = (0.17D+01, 58)
 DIIS                 :: Allocs=122,  DeAllocs=117, 944 bytes are presently allocated.
                         A max of 3044172 bytes were allocated.
>-Exiting DIIS 08/13/02 @ 09:37:49-<
<<Entering RHEqs 08/13/02 @ 09:37:50>>
 RHEqs                :: HOMO = -.13304231D+00, LUMO = 0.11894027D+00
 RHEqs                :: OrthoP[10] CheckSum  = 0.1341640786499566D+02
 RHEqs                :: P[10] CheckSum  = 0.1167778487030357D+02
 RHEqs                :: CPU (Sec,MFLOPS) = (0.36D+01, 20),
                         WALL(Sec,MFLOPS) = (0.36D+01, 20)
 RHEqs                :: Allocs=31,  DeAllocs=29, 1354896 bytes are presently allocated.
                         A max of 3588240 bytes were allocated.
>-Exiting RHEqs 08/13/02 @ 09:37:53-<
<<Entering SCFStatus 08/13/02 @ 09:37:53>>
 
= = = = = SCFCycle #9, Basis #1, Geometry #1 = = = = =

       Gap     = 0.25D+00
       DIISErr = 0.46D-05
       MaxDelD = 0.83D-03
       <T>     = 0.23158372D+04
       <V>     = -.43448252D+04
       <HF>    = -.30860367D+03
       <SCF>   = -2337.59164680

 SCFStatus            :: CPU (Sec,MFLOPS) = (0.80D-01, 8),
                         WALL(Sec,MFLOPS) = (0.90D-01, 7)
 SCFStatus            :: Allocs=16,  DeAllocs=16, 0 bytes are presently allocated.
                         A max of 2233332 bytes were allocated.
>-Exiting SCFStatus 08/13/02 @ 09:37:53-<
<<Entering MakeRho 08/13/02 @ 09:37:54>>
 MakeRho : Pruned Rho :: dNel = -.55D-07, kept 21% of distributions.
 MakeRho : Moments    :: <r> = (0.91D+00, -.38D+00, 0.81D+00), <r^2> = 0.29D+03
 MakeRho              :: Rho CheckSum  = 0.2898455465379077D+04
 MakeRho              :: CPU Sec = 0.79D+01, WALL Sec = 0.79D+01
 MakeRho              :: Allocs=64,  DeAllocs=59, 3824 bytes are presently allocated.
                         A max of 10554772 bytes were allocated.
>-Exiting MakeRho 08/13/02 @ 09:38:02-<
<<Entering QCTC 08/13/02 @ 09:38:02>>
 QCTC                 :: J[10] CheckSum  = 0.2273337515995091D+03
 QCTC                 :: CPU Sec = 0.35D+03, WALL Sec = 0.35D+03
 QCTC                 :: Allocs=161653,  DeAllocs=50, 17323648 bytes are presently allocated.
                         A max of 20473836 bytes were allocated.
>-Exiting QCTC 08/13/02 @ 09:43:52-<
<<Entering ONX 08/13/02 @ 09:43:52>>
 ONX                  :: Kx[10] CheckSum  = 0.3317848704706266D+02
 ONX                  :: CPU Sec = 0.31D+03, WALL Sec = 0.31D+03
 ONX                  :: Allocs=159,  DeAllocs=159, 0 bytes are presently allocated.
                         A max of 33828544 bytes were allocated.
>-Exiting ONX 08/13/02 @ 09:49:01-<
<<Entering FockNGrueven 08/13/02 @ 09:49:02>>
 FockNGrueven         :: F[10] CheckSum  = 0.1139687355869923D+03
 FockNGrueven         :: OrthoF[10] CheckSum  = 0.1040783000783514D+03
 FockNGrueven         :: CPU (Sec,MFLOPS) = (0.67D+00, 105),
                         WALL(Sec,MFLOPS) = (0.67D+00, 105)
 FockNGrueven         :: Allocs=41,  DeAllocs=37, 538848 bytes are presently allocated.
                         A max of 2233332 bytes were allocated.
>-Exiting FockNGrueven 08/13/02 @ 09:49:02-<
<<Entering DIIS 08/13/02 @ 09:49:03>>
 DIIS                 :: Cond# = 0.34D+08, MIN(E) = 0.25D-06
 DIIS : Pulay C1      :: DIISCo = 0.22D-02, -.22D-02, -.57D-03,
                                  -.39D-02, -.25D-02, 0.30D-01, -.36D-03,
                                  -.32D+00, -.12D+00, 0.14D+01
 DIIS                 :: F_DIIS[10] CheckSum  = 0.1040782898079113D+03
 DIIS                 :: CPU (Sec,MFLOPS) = (0.18D+01, 55),
                         WALL(Sec,MFLOPS) = (0.18D+01, 55)
 DIIS                 :: Allocs=137,  DeAllocs=132, 1112 bytes are presently allocated.
                         A max of 3044172 bytes were allocated.
>-Exiting DIIS 08/13/02 @ 09:49:04-<
<<Entering RHEqs 08/13/02 @ 09:49:05>>
 RHEqs                :: HOMO = -.13312614D+00, LUMO = 0.11909959D+00
 RHEqs                :: OrthoP[11] CheckSum  = 0.1341640786499569D+02
 RHEqs                :: P[11] CheckSum  = 0.1167781879916437D+02
 RHEqs                :: CPU (Sec,MFLOPS) = (0.36D+01, 20),
                         WALL(Sec,MFLOPS) = (0.36D+01, 20)
 RHEqs                :: Allocs=31,  DeAllocs=29, 1354896 bytes are presently allocated.
                         A max of 3588240 bytes were allocated.
>-Exiting RHEqs 08/13/02 @ 09:49:08-<
<<Entering SCFStatus 08/13/02 @ 09:49:08>>
 
= = = = = SCFCycle #10, Basis #1, Geometry #1 = = = = =

       Gap     = 0.25D+00
       DIISErr = 0.26D-05
       MaxDelD = 0.78D-03
       <T>     = 0.23158385D+04
       <V>     = -.43448261D+04
       <HF>    = -.30860402D+03
       <SCF>   = -2337.59165263

 SCFStatus            :: CPU (Sec,MFLOPS) = (0.90D-01, 7),
                         WALL(Sec,MFLOPS) = (0.90D-01, 7)
 SCFStatus            :: Allocs=16,  DeAllocs=16, 0 bytes are presently allocated.
                         A max of 2233332 bytes were allocated.
>-Exiting SCFStatus 08/13/02 @ 09:49:09-<
<<Entering MakeRho 08/13/02 @ 09:49:09>>
 MakeRho : Pruned Rho :: dNel = -.55D-07, kept 21% of distributions.
 MakeRho : Moments    :: <r> = (0.91D+00, -.38D+00, 0.81D+00), <r^2> = 0.29D+03
 MakeRho              :: Rho CheckSum  = 0.2898456614681262D+04
 MakeRho              :: CPU Sec = 0.79D+01, WALL Sec = 0.79D+01
 MakeRho              :: Allocs=64,  DeAllocs=59, 3824 bytes are presently allocated.
                         A max of 10554100 bytes were allocated.
>-Exiting MakeRho 08/13/02 @ 09:49:17-<
<<Entering QCTC 08/13/02 @ 09:49:17>>
 QCTC                 :: J[11] CheckSum  = 0.2273337519670752D+03
 QCTC                 :: CPU Sec = 0.35D+03, WALL Sec = 0.35D+03
 QCTC                 :: Allocs=161643,  DeAllocs=50, 17322704 bytes are presently allocated.
                         A max of 20472756 bytes were allocated.
>-Exiting QCTC 08/13/02 @ 09:55:07-<
<<Entering ONX 08/13/02 @ 09:55:08>>
 ONX                  :: Kx[11] CheckSum  = 0.3317848856085373D+02
 ONX                  :: CPU Sec = 0.31D+03, WALL Sec = 0.31D+03
 ONX                  :: Allocs=159,  DeAllocs=159, 0 bytes are presently allocated.
                         A max of 33828512 bytes were allocated.
>-Exiting ONX 08/13/02 @ 10:00:17-<
<<Entering FockNGrueven 08/13/02 @ 10:00:17>>
 FockNGrueven         :: F[11] CheckSum  = 0.1139687450603296D+03
 FockNGrueven         :: OrthoF[11] CheckSum  = 0.1040782957532315D+03
 FockNGrueven         :: CPU (Sec,MFLOPS) = (0.67D+00, 105),
                         WALL(Sec,MFLOPS) = (0.67D+00, 105)
 FockNGrueven         :: Allocs=41,  DeAllocs=37, 538848 bytes are presently allocated.
                         A max of 2233332 bytes were allocated.
>-Exiting FockNGrueven 08/13/02 @ 10:00:18-<
<<Entering DIIS 08/13/02 @ 10:00:18>>
 DIIS                 :: Cond# = 0.13D+09, MIN(E) = 0.67D-07
 DIIS : Pulay C1      :: DIISCo = -.19D-02, 0.20D-02, 0.27D-03,
                                  -.17D-02, -.94D-02, 0.33D-02, 0.51D-01,
                                  0.88D-02, -.34D+00, 0.29D-01, 0.13D+01
 DIIS                 :: F_DIIS[11] CheckSum  = 0.1040782715177528D+03
 DIIS                 :: CPU (Sec,MFLOPS) = (0.20D+01, 52),
                         WALL(Sec,MFLOPS) = (0.20D+01, 52)
 DIIS                 :: Allocs=153,  DeAllocs=148, 1296 bytes are presently allocated.
                         A max of 3044172 bytes were allocated.
>-Exiting DIIS 08/13/02 @ 10:00:20-<
<<Entering RHEqs 08/13/02 @ 10:00:21>>
 RHEqs                :: HOMO = -.13319384D+00, LUMO = 0.11915096D+00
 RHEqs                :: OrthoP[12] CheckSum  = 0.1341640786499570D+02
 RHEqs                :: P[12] CheckSum  = 0.1167782449393492D+02
 RHEqs                :: CPU (Sec,MFLOPS) = (0.36D+01, 20),
                         WALL(Sec,MFLOPS) = (0.36D+01, 20)
 RHEqs                :: Allocs=31,  DeAllocs=29, 1354896 bytes are presently allocated.
                         A max of 3588240 bytes were allocated.
>-Exiting RHEqs 08/13/02 @ 10:00:24-<
<<Entering SCFStatus 08/13/02 @ 10:00:24>>
 
= = = = = SCFCycle #11, Basis #1, Geometry #1 = = = = =

       Gap     = 0.25D+00
       DIISErr = 0.12D-05
       MaxDelD = 0.38D-03
       <T>     = 0.23158395D+04
       <V>     = -.43448266D+04
       <HF>    = -.30860449D+03
       <SCF>   = -2337.59165553

 SCFStatus            :: CPU (Sec,MFLOPS) = (0.80D-01, 8),
                         WALL(Sec,MFLOPS) = (0.80D-01, 8)
 SCFStatus            :: Allocs=16,  DeAllocs=16, 0 bytes are presently allocated.
                         A max of 2233332 bytes were allocated.
>-Exiting SCFStatus 08/13/02 @ 10:00:25-<
<<Entering MakeRho 08/13/02 @ 10:00:25>>
 MakeRho : Pruned Rho :: dNel = -.55D-07, kept 21% of distributions.
 MakeRho : Moments    :: <r> = (0.91D+00, -.38D+00, 0.81D+00), <r^2> = 0.29D+03
 MakeRho              :: Rho CheckSum  = 0.2898456350563914D+04
 MakeRho              :: CPU Sec = 0.80D+01, WALL Sec = 0.80D+01
 MakeRho              :: Allocs=64,  DeAllocs=59, 3824 bytes are presently allocated.
                         A max of 10554820 bytes were allocated.
>-Exiting MakeRho 08/13/02 @ 10:00:33-<
<<Entering QCTC 08/13/02 @ 10:00:33>>
 QCTC                 :: J[12] CheckSum  = 0.2273336885921162D+03
 QCTC                 :: CPU Sec = 0.35D+03, WALL Sec = 0.35D+03
 QCTC                 :: Allocs=161653,  DeAllocs=50, 17323760 bytes are presently allocated.
                         A max of 20473996 bytes were allocated.
>-Exiting QCTC 08/13/02 @ 10:06:23-<
<<Entering ONX 08/13/02 @ 10:06:24>>
 ONX                  :: Kx[12] CheckSum  = 0.3317849119691940D+02
 ONX                  :: CPU Sec = 0.31D+03, WALL Sec = 0.31D+03
 ONX                  :: Allocs=159,  DeAllocs=159, 0 bytes are presently allocated.
                         A max of 33828544 bytes were allocated.
>-Exiting ONX 08/13/02 @ 10:11:32-<
<<Entering FockNGrueven 08/13/02 @ 10:11:32>>
 FockNGrueven         :: F[12] CheckSum  = 0.1139686823897191D+03
 FockNGrueven         :: OrthoF[12] CheckSum  = 0.1040782407924488D+03
 FockNGrueven         :: CPU (Sec,MFLOPS) = (0.66D+00, 107),
                         WALL(Sec,MFLOPS) = (0.67D+00, 105)
 FockNGrueven         :: Allocs=41,  DeAllocs=37, 538848 bytes are presently allocated.
                         A max of 2233332 bytes were allocated.
>-Exiting FockNGrueven 08/13/02 @ 10:11:33-<
<<Entering DIIS 08/13/02 @ 10:11:33>>
 DIIS                 :: Cond# = 0.47D+09, MIN(E) = 0.18D-07
 DIIS : Pulay C1      :: DIISCo = -.98D-03, 0.10D-02, 0.11D-03,
                                  0.24D-03, -.59D-03, -.40D-02, 0.90D-02,
                                  0.58D-01, -.40D-01, -.25D+00, 0.19D+00, 0.10D+01
 DIIS                 :: F_DIIS[12] CheckSum  = 0.1040782372988447D+03
 DIIS                 :: CPU (Sec,MFLOPS) = (0.22D+01, 48),
                         WALL(Sec,MFLOPS) = (0.22D+01, 48)
 DIIS                 :: Allocs=166,  DeAllocs=161, 1496 bytes are presently allocated.
                         A max of 3044172 bytes were allocated.
>-Exiting DIIS 08/13/02 @ 10:11:35-<
<<Entering RHEqs 08/13/02 @ 10:11:35>>
 RHEqs                :: HOMO = -.13320637D+00, LUMO = 0.11915688D+00
 RHEqs                :: OrthoP[13] CheckSum  = 0.1341640786499579D+02
 RHEqs                :: P[13] CheckSum  = 0.1167782812910969D+02
 RHEqs                :: CPU (Sec,MFLOPS) = (0.36D+01, 20),
                         WALL(Sec,MFLOPS) = (0.36D+01, 20)
 RHEqs                :: Allocs=31,  DeAllocs=29, 1354896 bytes are presently allocated.
                         A max of 3588240 bytes were allocated.
>-Exiting RHEqs 08/13/02 @ 10:11:39-<
<<Entering SCFStatus 08/13/02 @ 10:11:39>>
 
= = = = = SCFCycle #12, Basis #1, Geometry #1 = = = = =

       Gap     = 0.25D+00
       DIISErr = 0.51D-06
       MaxDelD = 0.13D-03
       <T>     = 0.23158399D+04
       <V>     = -.43448268D+04
       <HF>    = -.30860475D+03
       <SCF>   = -2337.59165611

 SCFStatus            :: CPU (Sec,MFLOPS) = (0.90D-01, 7),
                         WALL(Sec,MFLOPS) = (0.90D-01, 7)
 SCFStatus            :: Allocs=16,  DeAllocs=16, 0 bytes are presently allocated.
                         A max of 2233332 bytes were allocated.
>-Exiting SCFStatus 08/13/02 @ 10:11:39-<
<<Entering MakeRho 08/13/02 @ 10:11:40>>
 MakeRho : Pruned Rho :: dNel = -.55D-07, kept 21% of distributions.
 MakeRho : Moments    :: <r> = (0.91D+00, -.38D+00, 0.81D+00), <r^2> = 0.29D+03
 MakeRho              :: Rho CheckSum  = 0.2898456329255364D+04
 MakeRho              :: CPU Sec = 0.79D+01, WALL Sec = 0.79D+01
 MakeRho              :: Allocs=64,  DeAllocs=59, 3824 bytes are presently allocated.
                         A max of 10554820 bytes were allocated.
>-Exiting MakeRho 08/13/02 @ 10:11:48-<
<<Entering QCTC 08/13/02 @ 10:11:48>>
 QCTC                 :: J[13] CheckSum  = 0.2273336651853388D+03
 QCTC                 :: CPU Sec = 0.35D+03, WALL Sec = 0.35D+03
 QCTC                 :: Allocs=161653,  DeAllocs=50, 17323760 bytes are presently allocated.
                         A max of 20473996 bytes were allocated.
>-Exiting QCTC 08/13/02 @ 10:17:38-<
<<Entering ONX 08/13/02 @ 10:17:39>>
 ONX                  :: Kx[13] CheckSum  = 0.3317849206329110D+02
 ONX                  :: CPU Sec = 0.31D+03, WALL Sec = 0.31D+03
 ONX                  :: Allocs=159,  DeAllocs=159, 0 bytes are presently allocated.
                         A max of 33828544 bytes were allocated.
>-Exiting ONX 08/13/02 @ 10:22:52-<
<<Entering FockNGrueven 08/13/02 @ 10:22:53>>
 FockNGrueven         :: F[13] CheckSum  = 0.1139686571586485D+03
 FockNGrueven         :: OrthoF[13] CheckSum  = 0.1040782213204366D+03
 FockNGrueven         :: CPU (Sec,MFLOPS) = (0.67D+00, 105),
                         WALL(Sec,MFLOPS) = (0.67D+00, 105)
 FockNGrueven         :: Allocs=41,  DeAllocs=37, 538848 bytes are presently allocated.
                         A max of 2233332 bytes were allocated.
>-Exiting FockNGrueven 08/13/02 @ 10:22:53-<
<<Entering DIIS 08/13/02 @ 10:22:54>>
 DIIS                 :: Cond# = 0.33D+10, MIN(E) = 0.26D-08
 DIIS : Pulay C1      :: DIISCo = 0.24D-03, -.24D-03, -.80D-04,
                                  0.18D-03, 0.17D-02, 0.10D-03, -.10D-01,
                                  -.83D-02, 0.70D-01, 0.21D-01, -.25D+00,
                                  -.10D+00, 0.13D+01
 DIIS                 :: F_DIIS[13] CheckSum  = 0.1040782131656111D+03
 DIIS                 :: CPU (Sec,MFLOPS) = (0.24D+01, 46),
                         WALL(Sec,MFLOPS) = (0.24D+01, 46)
 DIIS                 :: Allocs=180,  DeAllocs=175, 1712 bytes are presently allocated.
                         A max of 3044172 bytes were allocated.
>-Exiting DIIS 08/13/02 @ 10:22:56-<
<<Entering RHEqs 08/13/02 @ 10:22:56>>
 RHEqs                :: HOMO = -.13320591D+00, LUMO = 0.11915483D+00
 RHEqs                :: OrthoP[14] CheckSum  = 0.1341640786499581D+02
 RHEqs                :: P[14] CheckSum  = 0.1167782880902918D+02
 RHEqs                :: CPU (Sec,MFLOPS) = (0.36D+01, 20),
                         WALL(Sec,MFLOPS) = (0.36D+01, 20)
 RHEqs                :: Allocs=31,  DeAllocs=29, 1354896 bytes are presently allocated.
                         A max of 3588240 bytes were allocated.
>-Exiting RHEqs 08/13/02 @ 10:23:00-<
<<Entering SCFStatus 08/13/02 @ 10:23:00>>
 
= = = = = SCFCycle #13, Basis #1, Geometry #1 = = = = =

       Gap     = 0.25D+00
       DIISErr = 0.22D-06
       MaxDelD = 0.51D-04
       <T>     = 0.23158400D+04
       <V>     = -.43448269D+04
       <HF>    = -.30860481D+03
       <SCF>   = -2337.59165618

 SCFStatus            :: CPU (Sec,MFLOPS) = (0.90D-01, 7),
                         WALL(Sec,MFLOPS) = (0.90D-01, 7)
 SCFStatus            :: Allocs=16,  DeAllocs=16, 0 bytes are presently allocated.
                         A max of 2233332 bytes were allocated.
>-Exiting SCFStatus 08/13/02 @ 10:23:00-<
 Normal SCF convergence.
 Convergence statistics for RHFx/STO-3G:
========================================================================
SCF    Ink       Total             Delta       Max         DIIS   
Cycle  Fok       Energy            E_Tot       Delta P     Error  
  0,    F,           0.00000000, 0.0000D+00, 0.0000D+00, 0.0000D+00, 
  1,    F,       -2333.91437949, 0.4745D-01, 0.2463D+01, 0.0000D+00, 
  2,    F,       -2334.39379650, 0.2054D-03, 0.3597D+00, 0.6704D-02, 
  3,    F,       -2337.47783461, 0.1319D-02, 0.2922D+00, 0.1330D-02, 
  4,    F,       -2337.57854623, 0.4308D-04, 0.7409D-01, 0.4032D-03, 
  5,    F,       -2337.58931488, 0.4607D-05, 0.1315D-01, 0.1393D-03, 
  6,    F,       -2337.59095427, 0.7013D-06, 0.2919D-02, 0.6375D-04, 
  7,    F,       -2337.59152729, 0.2451D-06, 0.6999D-02, 0.2401D-04, 
  8,    F,       -2337.59163041, 0.4412D-07, 0.4389D-02, 0.8873D-05, 
  9,    F,       -2337.59164680, 0.7009D-08, 0.4830D-03, 0.4634D-05, 
 10,    F,       -2337.59165263, 0.2496D-08, 0.4454D-04, 0.2625D-05, 
 11,    F,       -2337.59165553, 0.1240D-08, 0.4055D-03, 0.1218D-05, 
 12,    F,       -2337.59165611, 0.2478D-09, 0.2529D-03, 0.5134D-06, 
 13,    F,       -2337.59165618, 0.2801D-10, 0.7530D-04, 0.2211D-06, 
========================================================================
<<Entering MakeS 08/13/02 @ 10:23:01>>
 MakeS                :: S CheckSum  = 0.5092902752952591D+02
 MakeS                :: CPU Sec = 0.19D+01, WALL Sec = 0.19D+01
 MakeS                :: Allocs=37,  DeAllocs=36, 24 bytes are presently allocated.
                         A max of 14450216 bytes were allocated.
>-Exiting MakeS 08/13/02 @ 10:23:03-<
<<Entering LowdinO 08/13/02 @ 10:23:03>>
 ... ning Warning  Warning  Warning Wa ...
Illconditioning detected in MakeS: Cond(S)=0.40D+05
 LowdinO              :: X CheckSum  = 0.2170000196228533D+03
 LowdinO              :: CPU Sec = 0.10D+03, WALL Sec = 0.10D+03
 LowdinO              :: Allocs=20,  DeAllocs=20, 0 bytes are presently allocated.
                         A max of 21214648 bytes were allocated.
>-Exiting LowdinO 08/13/02 @ 10:24:44-<
<<Entering MakeT 08/13/02 @ 10:24:44>>
 MakeT                :: T CheckSum  = 0.1631213573843937D+03
 MakeT                :: CPU Sec = 0.26D+01, WALL Sec = 0.26D+01
 MakeT                :: Allocs=33,  DeAllocs=32, 24 bytes are presently allocated.
                         A max of 14301344 bytes were allocated.
>-Exiting MakeT 08/13/02 @ 10:24:47-<
<<Entering MakeRho 08/13/02 @ 10:24:47>>
 MakeRho : Pruned Rho :: dNel = -.55D-07, kept 21% of distributions.
 MakeRho : Moments    :: <r> = (0.91D+00, -.38D+00, 0.81D+00), <r^2> = 0.29D+03
 MakeRho              :: Rho CheckSum  = 0.2898456361883202D+04
 MakeRho              :: CPU Sec = 0.79D+01, WALL Sec = 0.79D+01
 MakeRho              :: Allocs=65,  DeAllocs=60, 3824 bytes are presently allocated.
                         A max of 10554212 bytes were allocated.
>-Exiting MakeRho 08/13/02 @ 10:24:55-<
<<Entering QCTC 08/13/02 @ 10:24:55>>
 QCTC                 :: J[0] CheckSum  = 0.2384881987745452D+03
 QCTC                 :: CPU Sec = 0.15D+04, WALL Sec = 0.15D+04
 QCTC                 :: Allocs=161653,  DeAllocs=50, 17453872 bytes are presently allocated.
                         A max of 31750488 bytes were allocated.
>-Exiting QCTC 08/13/02 @ 10:50:07-<
<<Entering HiCu 08/13/02 @ 10:50:08>>
 HiCu.GridGen         :: Tau = 0.10D-01, <Rho> = 0.17993640D+03, <Exc> = -.31881556D+03, Pts/Atom = 895
 HiCu.GridGen         :: Tau = 0.10D-02, <Rho> = 0.18000353D+03, <Exc> = -.31915135D+03, Pts/Atom = 1708
 HiCu.GridGen         :: Tau = 0.10D-03, <Rho> = 0.17999966D+03, <Exc> = -.31912998D+03, Pts/Atom = 3260
 HiCu.GridGen         :: Tau = 0.10D-04, <Rho> = 0.18000008D+03, <Exc> = -.31912746D+03, Pts/Atom = 6151
 HiCu.GridGen         :: Tau = 0.10D-05, <Rho> = 0.18000003D+03, <Exc> = -.31912745D+03, Pts/Atom = 11670
 HiCu.GridGen         :: Tau = 0.10D-06, <Rho> = 0.18000000D+03, <Exc> = -.31912729D+03, Pts/Atom = 21958
 HiCu.GridGen         :: TauRel = 0.10D-06, RhoErr = 0.14D-08, <Exc> = -.31912729D+03
 HiCu.GridGen         :: CPU Sec = 0.19D+04, WALL Sec = 0.19D+04
 HiCu.MakeKxc         :: WALL (Sec) = 0.76D+04
 HiCu                 :: Kxc[0] CheckSum  = 0.3386929006250285D+02
 HiCu                 :: CPU Sec = 0.95D+03, WALL Sec = 0.95D+04
 HiCu                 :: Allocs=374825,  DeAllocs=171323, 145057760 bytes are presently allocated.
                         A max of 159354280 bytes were allocated.
>-Exiting HiCu 08/13/02 @ 13:29:06-<
<<Entering FockNGrueven 08/13/02 @ 13:29:06>>
 FockNGrueven         :: F[0] CheckSum  = 0.1237141349399604D+03
 FockNGrueven         :: OrthoF[0] CheckSum  = 0.1123776049064246D+03
 FockNGrueven         :: CPU (Sec,MFLOPS) = (0.78D+01, 423),
                         WALL(Sec,MFLOPS) = (0.78D+01, 423)
 FockNGrueven         :: Allocs=41,  DeAllocs=37, 7135416 bytes are presently allocated.
                         A max of 23245540 bytes were allocated.
>-Exiting FockNGrueven 08/13/02 @ 13:29:14-<
<<Entering RHEqs 08/13/02 @ 13:29:14>>
 RHEqs                :: HOMO = -.12493025D+00, LUMO = -.71415961D-01
 RHEqs                :: OrthoP[1] CheckSum  = 0.1341640786499846D+02
 RHEqs                :: P[1] CheckSum  = 0.1060606291886573D+02
 RHEqs                :: CPU (Sec,MFLOPS) = (0.94D+02, 35),
                         WALL(Sec,MFLOPS) = (0.94D+02, 35)
 RHEqs                :: Allocs=31,  DeAllocs=29, 14137600 bytes are presently allocated.
                         A max of 35545000 bytes were allocated.
>-Exiting RHEqs 08/13/02 @ 13:30:48-<
<<Entering SCFStatus 08/13/02 @ 13:30:49>>
 
= = = = = SCFCycle #0, Basis #2, Geometry #1 = = = = =

       Gap     = 0.54D-01
       MaxDelD = 0.24D+01
       <T>     = 0.23447376D+04
       <V>     = -.43748235D+04
       <DFT>   = -.31912729D+03
       <SCF>   = -2349.21319827

 SCFStatus            :: CPU (Sec,MFLOPS) = (0.29D+00, 13),
                         WALL(Sec,MFLOPS) = (0.29D+00, 13)
 SCFStatus            :: Allocs=15,  DeAllocs=15, 0 bytes are presently allocated.
                         A max of 21407024 bytes were allocated.
>-Exiting SCFStatus 08/13/02 @ 13:30:49-<
<<Entering MakeRho 08/13/02 @ 13:30:49>>
 MakeRho : Pruned Rho :: dNel = 0.55D+00, kept 22% of distributions.
 MakeRho : Moments    :: <r> = (0.59D-01, -.34D+00, 0.18D+01), <r^2> = 0.34D+03
 MakeRho              :: relative error in density = 0.15D-02. Distribution threshold = 0.10D-11. Total charge lost = 0.55D+00
 Unknown error: < /home/mchalla/MONDO/Exec/MakeRho Cphyll_ApVDZ_22265 Direct 1 2 1 0 2 1>
