

 __    __                 _       ____________ ______ 
|  \  /  |               | |     /       /    |      |
|   \/   | ___  _ __   __| | ___/   ____/   __|  |==='
|        |/ _ \| '_ \ / _  |/ _ \____  \   (__|  ____|
|  |\/|  | (_) | | | | (_| | (_) )     /\     |  |    
|__|  |__|\___/|_| |_|\____|\___/_____/  \____|__|    

 Version 1.0 alpha 10 "Gyokuro"                       
 A program suite for O(N) SCF theory and ab initio MD 
 Matt Challacombe, C.J. Tymczak,                      
 Chee Kwan Gan, Karoly Nemeth, Valery Weber,          
 Eric Schwegler and Anders Niklasson                  
 Los Alamos National Laboratory                       
 LA-CC-04-086 (formerly 01-2)                         
 Compiled for True64.COMPAQ, executing on qsc92
 a alpha machine running OSF1 V5
 .1
 
 Current HDF :: /scratch2/valeryw/MondoScratch/ZnO/ZnO_15394188.hdf
<<Starting MondoSCF 01/26/05 @ 07:46:50>>
<< Entering MakePFFT 01/26/05 @ 07:47:00>>
 MakePFFT               :: WALL Sec = 0.48D+01, NProc = 1
>-Exiting MakePFFT 01/26/05 @ 07:47:05-<
<< Entering MakeS 01/26/05 @ 07:47:12>>
 MakeS                  :: S CheckSum  = 0.3256200672546822D+02                                                                  
 MakeS                  :: Parallel Statistics
                     Imblnce = 0.59D-02
                     MinTime = 0.21D+01

                      AvgTime = 0.21D+01
                     MaxTime = 0.21D+01
 MakeS                  :: WALL Sec = 0.21D+01, NProc = 64
>-Exiting MakeS 01/26/05 @ 07:47:14-<
<< Entering LowdinO 01/26/05 @ 07:47:20>>
 LowdinO                :: X CheckSum  = 0.1248873865448485D+03
 LowdinO                :: WALL Sec = 0.18D+02, NProc = 1
>-Exiting LowdinO 01/26/05 @ 07:47:38-<
<< Entering MakeT 01/26/05 @ 07:47:44>>
 MakeT                  :: T CheckSum  = 0.2555693526286235D+04                                                                  
 MakeT                  :: Parallel Statistics
                     Imblnce = 0.55D-02
                     MinTime = 0.23D+01

                      AvgTime = 0.23D+01
                     MaxTime = 0.23D+01
 MakeT                  :: WALL Sec = 0.23D+01, NProc = 64
>-Exiting MakeT 01/26/05 @ 07:47:47-<
<< Entering P2Use 01/26/05 @ 07:47:53>>
 P2Use                  :: P[0] CheckSum  = 0.0000000000000000D+00                                                               
 P2Use                  :: Parallel Statistics
                     Imblnce = 0.80D-02
                     MinTime = 0.16D+01

                      AvgTime = 0.16D+01
                     MaxTime = 0.16D+01
 P2Use                  :: WALL Sec = 0.16D+01, NProc = 64
>-Exiting P2Use 01/26/05 @ 07:47:55-<
<< Entering MakeRho 01/26/05 @ 07:48:03>>
 MakeRho : Pruned Rho   :: dNel = -.12D+04, kept 0% of distributions.
 MakeRho : Moments      :: <r> = (-.12D+04, -.12D+04, -.12D+04), <r^2> = -.45D+0
 5
 ... ning Warning  Warning  Warning Wa ...
MakeRho                :: relative er
 ror in density = 0.10D+01. Distribution threshold
 MakeRho                :: Rho CheckSum  = 0.0000000000000000D+00
 MakeRho                :: Parallel Statistics
                     Imblnce = 0.14D-02
                     MinTime = 0.29D+01

                      AvgTime = 0.29D+01
                     MaxTime = 0.29D+01
 MakeRho                :: WALL Sec = 0.29D+01, NProc = 64
>-Exiting MakeRho 01/26/05 @ 07:48:06-<
<< Entering QCTC 01/26/05 @ 07:48:13>>
 Unknown error: < prun -n 64 /scratch2/valeryw/MondoExec/QCTC ZnO_15394188 Guess
 EqCore 0 1 1 0 1 1>
