

 __    __                 _       ____________ ______ 
|  \  /  |               | |     /       /    |      |
|   \/   | ___  _ __   __| | ___/   ____/   __|  |==='
|        |/ _ \| '_ \ / _  |/ _ \____  \   (__|  ____|
|  |\/|  | (_) | | | | (_| | (_) )     /\     |  |    
|__|  |__|\___/|_| |_|\____|\___/_____/  \____|__|    

 Version 1.0 alpha 4                                  
 A program suite for O(N) SCF theory and ab initio MD 
 Matt Challacombe, Eric Schwegler, C.J. Tymczak,      
 Chee Kwan Gan, Karoly Nemeth and Anders Niklasson    
 Los Alamos National Laboratory (LA-CC 01-2)          
 Copywrite 2001, University of California.            

 Compiled for AMDLinux.PG, executing on zinc24
 a i686 machine running Linux 2.4.2-2

Water Cluster Scaling                                                                                                           
  
<<Starting MondoSCF 07/22/02 @ 11:31:23>>
 ** Auto-Wraps at default value => (Off) **
 ** Atom-Wrap at default value => (AtomWrap-Off) **
 ** Lattice Vector Format at default value => (Vector Format) **
 ** Coodinate Format at default value => (Atomic Coord) **
========================================================================
 Internal representation of the geometry:
 Geometry originally in Angstroms has been converted to AU.
 Geometry has been reordered using the Hilbert curve.
 Number of electrons = 700
------------------------------------------------------------------------
  *** Periodic is Off *** 
------------------------------------------------------------------------
 1   h    -.59316609D+01   0.14265541D+01   -.62136080D+01
 2   o    -.73463098D+01   -.35944478D+01   -.97256638D+01
 3   h    -.82477091D+01   -.20690610D+01   -.10089814D+02
 4   h    -.86386934D+01   -.48267381D+01   -.94371026D+01
 5   h    -.14524434D+01   -.12474081D+01   -.11040346D+02
 6   o    -.51872978D+00   -.19974404D+01   -.96848457D+01
 7   h    -.16688170D+01   -.31787081D+01   -.89406716D+01
 8   h    -.46946463D+01   -.46902999D+01   -.76422409D+01
 9   o    -.35611886D+01   -.48023607D+01   -.62370406D+01
 10   h    -.33166581D+01   -.65777582D+01   -.59919432D+01
 11   h    -.14702068D+01   -.98046543D+01   -.72484220D+01
 12   h    -.53188228D+01   -.10287479D+02   -.38032625D+01
 13   h    -.16291328D+01   -.10924695D+02   -.46207580D+01
 14   o    -.17088792D+01   -.93533878D+01   -.55130866D+01
 15   h    -.88287998D+00   -.73871279D+01   0.95903594D+00
 16   h    -.53857191D+01   0.64723115D+00   -.35156462D+01
 17   h    0.95450060D+00   -.41721370D+01   -.56778707D+01
 18   h    0.59167321D+00   -.41745937D+01   -.15172610D+01
 19   o    -.58127971D+00   -.40457144D+01   -.14626479D+00
 20   h    0.31822986D+00   -.31418584D+01   0.11366702D+01
 21   h    -.47112759D+01   -.73207985D+00   -.87116368D-01
 22   h    -.37679246D+01   -.29508071D+01   -.16272430D+01
 23   o    -.52655325D+01   -.20152038D+01   -.12353139D+01
 24   h    -.80366267D+01   -.31267406D+01   -.38465372D+01
 25   o    -.10518593D+02   0.10597583D+01   -.25605787D+00
 26   h    -.10114002D+02   -.17124697D+01   -.24795095D+01
 27   o    -.98358348D+01   -.29676257D+01   -.37520510D+01
 28   o    -.67189208D+01   -.10925262D+02   -.28521634D+01
 29   h    -.81604037D+01   -.10605520D+02   -.38971819D+01
 30   h    -.71306920D+01   -.94754641D+01   0.62720006D+00
 31   o    -.10137624D+02   -.65242790D+01   0.45629324D+01
 32   h    -.11447960D+02   -.65286253D+01   0.33160912D+01
 33   h    -.87348804D+01   -.73257118D+01   0.37492164D+01
 34   h    -.68205880D+01   -.10360234D+02   0.33300751D+01
 35   o    -.63931320D+01   -.90054892D+01   0.22104125D+01
 36   h    -.27875348D+01   -.89418054D+01   0.24216839D+01
 37   o    -.12177394D+01   -.90697399D+01   0.15321898D+01
 38   h    0.66197101D+00   -.10707754D+02   0.39561414D+01
 39   o    0.13747757D+01   -.11631263D+02   0.53384759D+01
 40   h    -.40812412D+01   -.61446330D+01   0.72869724D+01
 41   h    0.48301396D+00   -.80910508D+01   0.92719406D+01
 42   o    -.33501062D+01   -.69109169D+01   0.87533998D+01
 43   h    -.45640662D+01   -.81477426D+01   0.92719406D+01
 44   h    -.98777867D+01   -.23640472D+01   0.89818676D+01
 45   h    -.17846572D+01   -.27157252D+01   0.87874148D+01
 46   h    0.80388944D+00   -.15061116D+01   0.11672837D+02
 47   h    -.34345770D+01   -.42726705D+00   0.92628699D+01
 48   o    -.21157372D+01   -.14188063D+01   0.10004209D+02
 49   o    -.50499148D+01   0.14804113D+01   0.66769688D+01
 50   h    -.49130986D+01   -.49217913D+01   0.27845112D+01
 51   o    -.43728259D+01   -.41403896D+01   0.43236931D+01
 52   h    -.47471807D+01   -.23852121D+01   0.40971149D+01
 53   h    -.65371291D+01   0.10433177D+01   0.76091707D+01
 54   h    -.98879912D+01   -.32830210D+01   0.62725675D+01
 55   o    -.95756195D+01   -.18165936D+01   0.72845157D+01
 56   h    -.99902254D+01   0.12069680D+01   0.57821836D+01
 57   h    -.10733077D+02   0.16633368D+01   0.14354359D+01
 58   h    -.95348014D+01   0.60195332D+01   0.39251499D+01
 59   h    -.81649391D+01   0.72765789D+01   0.17508311D+01
 60   o    -.89557894D+01   0.76297687D+01   0.33387679D+01
 61   h    -.69411525D+01   0.73047358D+01   0.61916872D+01
 62   o    -.57532708D+01   0.71070705D+01   0.75413295D+01
 63   h    -.11981241D+02   0.32393683D+01   0.60805713D+01
 64   o    -.10519727D+02   0.28003849D+01   0.51094411D+01
 65   h    -.66883072D+01   0.75222433D+01   0.90328902D+01
 66   o    0.56672882D+00   0.12194969D+02   0.65904194D+01
 67   h    -.11408276D+01   0.12691967D+02   0.62600953D+01
 68   o    -.15798109D+00   0.69371841D+01   0.58664654D+01
 69   h    0.22827890D+00   0.87040779D+01   0.58449225D+01
 70   h    -.16599353D+01   0.68134071D+01   0.68666973D+01
 71   h    -.46812292D+01   0.31781412D+01   0.71811477D+01
 72   h    -.48654775D+01   0.23309770D+01   0.32964380D+01
 73   o    -.42745602D+01   0.21557994D+01   0.15958736D+01
 74   h    -.28361008D+01   0.32482500D+01   0.15008204D+01
 75   h    -.33977273D+00   0.56298717D+01   0.27068435D+01
 76   h    0.14503647D+01   0.52307615D+01   0.51135985D+00
 77   h    0.29423034D+00   0.47483145D+01   -.51727469D+01
 78   h    -.47895105D+01   0.62948662D+01   -.97245299D+00
 79   o    -.29744287D+00   0.54800164D+01   0.90480080D+00
 80   o    0.65762464D+00   0.11618980D+02   0.89837573D+00
 81   h    -.69919862D-02   0.11349694D+02   -.76231546D+00
 82   o    -.19878028D+01   0.11107809D+02   -.36895010D+01
 83   h    0.50172225D+00   0.13400992D+02   0.11657720D+01
 84   h    -.31511181D+01   0.12067790D+02   -.46882212D+01
 85   h    -.25930820D+01   0.94066780D+01   -.37979713D+01
 86   h    -.91474076D+01   0.10655598D+02   -.57364522D+01
 87   o    -.64468002D+01   0.62789925D+01   -.16969739D+01
 88   h    -.89748756D+01   0.18179164D+01   -.81598368D+00
 89   h    -.11616146D+02   0.25190047D+01   -.36124002D+01
 90   o    -.12646046D+02   0.34358998D+01   -.47832744D+01
 91   h    -.64239345D+01   0.48864535D+01   -.28512186D+01
 92   o    -.59991241D+01   0.20286208D+01   -.45092642D+01
 93   h    -.11485566D+02   0.40366437D+01   -.60340841D+01
 94   o    -.95317779D+01   0.48915557D+01   -.91086682D+01
 95   h    -.10152742D+02   0.33516180D+01   -.98263862D+01
 96   h    -.77397507D+01   0.48101085D+01   -.93418604D+01
 97   h    -.78419849D+01   0.11682853D+02   -.80657285D+01
 98   o    -.75400067D+01   0.11221382D+02   -.63430543D+01
 99   h    0.53082403D+00   0.11427929D+02   -.90396932D+01
 100   o    0.28723835D-01   0.10114569D+02   -.10177497D+02
 101   h    -.13031550D+01   0.10848161D+02   -.11157320D+02
 102   h    -.26987177D+01   0.76806023D+01   -.91502422D+01
 103   h    -.51899435D+01   0.83459748D+01   -.79111489D+01
 104   o    -.42401672D+01   0.69466327D+01   -.85525219D+01
 105   h    -.38979378D+01   0.30651356D+01   -.89043889D+01
 106   o    -.51020712D+01   0.19057887D+01   -.95958396D+01
 107   h    -.48233366D+01   0.19740078D+01   -.11381820D+02
 108   h    0.29931370D+01   0.26955052D+01   -.93097351D+01
 109   h    0.32079988D+01   0.51810617D+01   -.12290400D+02
 110   o    0.36517065D+01   0.18330342D+01   -.10756887D+02
 111   h    0.78281899D+01   0.25413035D+01   -.91562893D+01
 112   o    0.16436837D+01   0.43709362D+01   -.63165981D+01
 113   h    0.41029731D+01   0.68905079D+01   -.63332277D+01
 114   o    0.54032935D+01   0.80948302D+01   -.66937874D+01
 115   o    0.35475826D+01   0.68769018D+01   -.12820090D+02
 116   h    0.27879128D+01   0.79109599D+01   -.11545092D+02
 117   h    0.46594974D+01   0.96963730D+01   -.63020472D+01
 118   h    0.84380045D+01   0.11501817D+02   -.63600618D+01
 119   h    0.10704164D+02   0.13239231D+02   -.61833724D+01
 120   h    0.10182788D+02   0.55289603D+01   -.63931320D+01
 121   h    0.93993081D+01   0.44200691D+01   -.10634811D+02
 122   o    0.93957176D+01   0.34425138D+01   -.91128256D+01
 123   h    0.11952517D+02   0.31157802D+01   -.27920701D+01
 124   o    0.12484664D+02   0.21644921D+01   -.13485085D+01
 125   h    0.13979626D+02   0.38493718D+01   0.10748761D+01
 126   h    0.99522419D+01   0.64647526D+01   0.12466522D+01
 127   o    0.85547896D+01   0.71265346D+01   0.30783636D+00
 128   h    0.91266206D+01   0.71391958D+01   -.14082238D+01
 129   o    0.10360990D+02   0.66966220D+01   -.50232696D+01
 130   h    0.92645706D+01   0.80696969D+01   -.54522374D+01
 131   o    0.94403151D+01   0.12429484D+02   -.51738808D+01
 132   o    0.57731129D+01   0.15114406D+02   -.13330127D+01
 133   h    0.73880727D+01   0.15871809D+02   -.16338571D+01
 134   h    0.58496468D+01   0.14550134D+02   0.38380335D+00
 135   h    0.41857431D+01   0.12733352D+02   -.38136560D+01
 136   o    0.31658579D+01   0.12358052D+02   -.52594854D+01
 137   h    0.14756870D+01   0.12294935D+02   -.46181124D+01
 138   h    0.24364237D+01   0.29045088D+01   -.56145649D+01
 139   h    0.52203680D+01   0.24379355D+01   -.82883382D+00
 140   o    0.47054177D+01   0.29551535D+01   0.82618820D+00
 141   h    0.60713117D+01   0.39773063D+01   0.14273100D+01
 142   h    0.50504817D+01   0.32427698D+01   0.65331607D+01
 143   o    0.81016333D+01   0.40241715D+01   0.48584855D+01
 144   h    0.27446380D+01   0.46109314D+01   0.75307470D+01
 145   o    0.36182584D+01   0.30294197D+01   0.76171075D+01
 146   h    0.55852741D+01   0.10261401D+02   0.64770358D+01
 147   o    0.50484030D+01   0.10639346D+02   0.81624824D+01
 148   h    0.14813562D+01   0.12707273D+02   0.51164331D+01
 149   h    0.33697594D+01   0.11284877D+02   0.79697304D+01
 150   h    0.40186913D+01   0.10539758D+02   0.14462073D+01
 151   o    0.53717351D+01   0.10412201D+02   0.26399472D+01
 152   h    0.67119288D+01   0.96153038D+01   0.17228632D+01
 153   h    0.12757351D+02   0.90425278D+01   0.51315509D+01
 154   h    0.10459444D+02   0.88063121D+01   0.68194542D+01
 155   h    0.92976408D+01   0.53074844D+01   0.52997365D+01
 156   o    0.11152785D+02   0.82165286D+01   0.52562728D+01
 157   h    0.91018652D+01   0.25369571D+01   0.46143329D+01
 158   o    0.14636873D+02   0.51298502D+01   0.21705393D+01
 159   h    0.15017274D+02   0.42586865D+01   0.37093431D+01
 160   o    0.13997767D+02   -.26796315D+01   0.16334791D+01
 161   o    0.10388769D+02   -.68294697D+00   0.53809948D+01
 162   h    0.10878775D+02   -.11338356D+01   0.70628509D+01
 163   h    0.11771859D+02   -.12196292D+01   0.43461808D+01
 164   o    0.22164596D+01   -.13961296D+01   0.36740053D+01
 165   h    0.28963830D+01   -.26437267D+00   0.24375576D+01
 166   h    0.19503862D+01   -.36433917D+00   0.51357083D+01
 167   h    0.44841308D+01   -.36449035D+01   0.61771363D+01
 168   o    0.54768039D+01   -.43645111D+01   0.75071255D+01
 169   o    0.73139955D+01   0.10467192D+01   0.11283743D+02
 170   h    0.57572392D+01   0.16860135D+01   0.10620638D+02
 171   h    0.70711657D+01   0.10312235D+01   0.13076148D+02
 172   o    0.24413370D+01   -.18952062D+01   0.12335375D+02
 173   h    0.21242410D+01   -.30912138D+01   0.13654782D+02
 174   h    0.53339406D+01   -.31832434D+01   0.88696179D+01
 175   o    0.22329002D+01   -.85485535D+01   0.92898930D+01
 176   h    0.31129456D+01   -.69848052D+01   0.90601023D+01
 177   h    0.76152178D+01   -.71363612D+01   0.64265801D+01
 178   h    0.18610022D+01   -.10360423D+02   0.65303261D+01
 179   h    0.75352824D+01   -.97434272D+01   0.31212604D+01
 180   o    0.67085273D+01   -.10769359D+02   0.18819781D+01
 181   h    0.76246664D+01   -.12328950D+02   0.19001195D+01
 182   h    0.90209850D+01   -.96187053D+01   0.62111514D+01
 183   o    0.88040444D+01   -.80216978D+01   0.53898765D+01
 184   o    0.12312132D+02   -.55248029D+01   -.25961056D+01
 185   h    0.12003162D+02   -.72803583D+01   -.29039419D+01
 186   h    0.15496131D+02   -.21336896D+01   0.77951197D+00
 187   h    0.13016055D+02   -.34937254D+01   0.35073314D+00
 188   h    0.12258275D+02   -.47607867D+01   -.42348759D+01
 189   h    0.13206350D+02   0.65686875D+00   -.20397702D+01
 190   o    0.62415760D+01   -.26577106D+01   -.10280109D+01
 191   h    0.52687450D+01   -.33389568D+01   0.33637123D+00
 192   h    0.77558134D+01   -.20507306D+01   -.24642027D+00
 193   o    0.21866019D+01   -.46738593D+01   -.44520055D+01
 194   o    0.49217913D+01   0.94032765D+00   -.45680346D+01
 195   h    0.50455684D+01   -.55368971D+00   -.35557084D+01
 196   h    0.69352944D+01   -.69819706D+01   -.26206720D+01
 197   o    0.66875513D+01   -.87539667D+01   -.28856116D+01
 198   h    0.23927710D+01   -.64511466D+01   -.47175120D+01
 199   h    0.66061041D+01   -.94544881D+01   -.12200071D+01
 200   h    0.43129216D+01   -.93348684D+01   -.10438468D+02
 201   h    0.58010808D+01   -.74196311D+01   -.11955540D+02
 202   o    0.56859965D+01   -.81643722D+01   -.10311101D+02
 203   h    0.63685656D+01   -.47666448D+01   -.92086347D+01
 204   o    0.63829275D+01   -.31864560D+01   -.83284004D+01
 205   h    0.52604302D+01   -.34349549D+01   -.69318929D+01
 206   h    0.59579281D+01   0.59790930D+00   -.60104625D+01
 207   h    0.30258293D+01   0.14305226D+00   -.10601552D+02
 208   h    0.11277507D+02   -.14135150D+01   -.79512111D+01
 209   o    0.12293990D+02   -.27828105D+01   -.73480105D+01
 210   h    0.12772847D+02   -.36842098D+01   -.88414610D+01
========================================================================
 ParseGeometry        :: Allocs=14,  DeAllocs=14, 0 bytes are presently allocated.
                         A max of 27768 bytes were allocated.
 Base(1)%BName   = STO-2G
 Opening BasFile = /home/mchalla/MONDO/BasisSets/STO-2G.bas
 Base(2)%BName   = 6-31Gss
 Opening BasFile = /home/mchalla/MONDO/BasisSets/6-31Gss.bas
 Base(3)%BName   = 6-31Gss
 Opening BasFile = /home/mchalla/MONDO/BasisSets/6-31Gss.bas
 ParseBaseSets        :: Allocs=131,  DeAllocs=130, 1680 bytes are presently allocated.
                         A max of 73496 bytes were allocated.
 Current HDF file :: /scratch/mchalla/h2o_70_28798.hdf

 PROGRAM OF CALCULATIONS:

  A restricted Roothaan-Hall solution of the SCF using
  a loose accuracy level, STO-2G and the HFx model.
 

  Followed by a  restricted Roothaan-Hall solution of the SCF using
  a loose accuracy level,6-31Gss and the HFx model.
 

  Followed by a  restricted Roothaan-Hall solution of the SCF using
  a tight accuracy level,6-31Gss and the HFx model.
 

 Accuracy level 1 for the STO-2G basis set:
  TrixNeglect = 0.10D-03, CubeNeglect = 0.10D-02,
  TwoENeglect = 0.10D-05, DistNeglect = 0.10D-07
 MaxAtms = 211, MaxBlks = 44101, MaxNon0 = 240101, BndWdth = 210
 Accuracy level 1 for the 6-31Gss basis set:
  TrixNeglect = 0.10D-03, CubeNeglect = 0.10D-02,
  TwoENeglect = 0.10D-05, DistNeglect = 0.10D-07
 MaxAtms = 211, MaxBlks = 44101, MaxNon0 = 3062501, BndWdth = 210
 Accuracy level 3 for the 6-31Gss basis set:
  TrixNeglect = 0.10D-09, CubeNeglect = 0.10D-06,
  TwoENeglect = 0.10D-09, DistNeglect = 0.10D-11
 MaxAtms = 211, MaxBlks = 44101, MaxNon0 = 3062501, BndWdth = 210
<<Entering MakeS 07/22/02 @ 11:31:25>>
 MakeS                :: S CheckSum  = 0.2483373860727098D+02
 MakeS                :: CPU Sec = 0.28D+00, WALL Sec = 0.28D+00
 MakeS                :: Allocs=37,  DeAllocs=36, 24 bytes are presently allocated.
                         A max of 4584216 bytes were allocated.
>-Exiting MakeS 07/22/02 @ 11:31:25-<
<<Entering BlokAInv 07/22/02 @ 11:31:26>>
 BlokAInv             :: CPU (Sec,MFLOPS) = (0.26D+00, 52),
                         WALL(Sec,MFLOPS) = (0.26D+00, 52)
 BlokAInv             :: Max(Z^t.A.Z-I)=0.11D-03, TrixThrsh=0.10D-03
 BlokAInv             :: Z CheckSum  = 0.2608797837657051D+02
 BlokAInv             :: CPU (Sec,MFLOPS) = (0.51D+00, 55),
                         WALL(Sec,MFLOPS) = (0.52D+00, 54)
 BlokAInv             :: Allocs=75,  DeAllocs=41, 6850772 bytes are presently allocated.
                         A max of 11402224 bytes were allocated.
>-Exiting BlokAInv 07/22/02 @ 11:31:26-<
<<Entering MakeT 07/22/02 @ 11:31:27>>
 MakeT                :: T CheckSum  = 0.2376628794822662D+03
 MakeT                :: CPU Sec = 0.42D+00, WALL Sec = 0.43D+00
 MakeT                :: Allocs=33,  DeAllocs=32, 24 bytes are presently allocated.
                         A max of 4578640 bytes were allocated.
>-Exiting MakeT 07/22/02 @ 11:31:27-<
<<Entering P2Use 07/22/02 @ 11:31:27>>
 P2Use                :: P[0] CheckSum  = 0.2627823306417146D+02
 P2Use                :: CPU (Sec,MFLOPS) = (0.13D+00, 31),
                         WALL(Sec,MFLOPS) = (0.13D+00, 31)
 P2Use                :: Allocs=52,  DeAllocs=48, 2274460 bytes are presently allocated.
                         A max of 11441692 bytes were allocated.
>-Exiting P2Use 07/22/02 @ 11:31:27-<
<<Entering MakeRho 07/22/02 @ 11:31:28>>
 MakeRho : Pruned Rho :: dNel = 0.27D-04, kept 22% of distributions.
 MakeRho : Moments    :: <r> = (0.11D+01, -.80D-01, 0.14D+01), <r^2> = 0.53D+03
 MakeRho              :: Rho CheckSum  = 0.5639923293971669D+04
 MakeRho              :: CPU Sec = 0.30D+01, WALL Sec = 0.30D+01
 MakeRho              :: Allocs=64,  DeAllocs=59, 272 bytes are presently allocated.
                         A max of 4327876 bytes were allocated.
>-Exiting MakeRho 07/22/02 @ 11:31:31-<
<<Entering QCTC 07/22/02 @ 11:31:31>>
 QCTC                 :: J[0] CheckSum  = 0.3647477619557058D+03
 QCTC                 :: CPU Sec = 0.32D+02, WALL Sec = 0.32D+02
 QCTC                 :: Allocs=75263,  DeAllocs=50, 7581584 bytes are presently allocated.
                         A max of 12157992 bytes were allocated.
>-Exiting QCTC 07/22/02 @ 11:32:03-<
<<Entering ONX 07/22/02 @ 11:32:03>>
 ONX                  :: Kx[0] CheckSum  = 0.4657526511012782D+02
 ONX                  :: CPU Sec = 0.78D+01, WALL Sec = 0.78D+01
 ONX                  :: Allocs=170,  DeAllocs=170, 0 bytes are presently allocated.
                         A max of 30303516 bytes were allocated.
>-Exiting ONX 07/22/02 @ 11:32:11-<
<<Entering FockNGrueven 07/22/02 @ 11:32:11>>
 FockNGrueven         :: F[0] CheckSum  = 0.1804308198438539D+03
 FockNGrueven         :: OrthoF[0] CheckSum  = 0.1639058612825511D+03
 FockNGrueven         :: CPU (Sec,MFLOPS) = (0.31D+00, 52),
                         WALL(Sec,MFLOPS) = (0.31D+00, 52)
 FockNGrueven         :: Allocs=41,  DeAllocs=37, 246172 bytes are presently allocated.
                         A max of 6825900 bytes were allocated.
>-Exiting FockNGrueven 07/22/02 @ 11:32:12-<
<<Entering NT4 07/22/02 @ 11:32:12>>
 NT4 : Pure 1         :: dE=0.10D+01, dP=0.32D+00, ThrX=0.10D-03, %Non0=10
 NT4 : Pure 2         :: dE=0.44D-01, dP=0.43D+00, ThrX=0.10D-03, %Non0=10
 NT4 : Pure 3         :: dE=0.15D-01, dP=0.36D+00, ThrX=0.10D-03, %Non0=10
 NT4 : Pure 4         :: dE=0.55D-02, dP=0.55D-01, ThrX=0.10D-03, %Non0=10
 NT4 : Pure 5         :: dE=0.75D-02, dP=0.70D-01, ThrX=0.10D-03, %Non0=10
 NT4 : Pure 6         :: dE=0.92D-02, dP=0.81D-01, ThrX=0.10D-03, %Non0=11
 NT4 : Pure 7         :: dE=0.93D-02, dP=0.93D-01, ThrX=0.10D-03, %Non0=15
 NT4 : Pure 8         :: dE=0.83D-02, dP=0.12D+00, ThrX=0.10D-03, %Non0=20
 NT4 : Pure 9         :: dE=0.63D-02, dP=0.12D+00, ThrX=0.10D-03, %Non0=25
 NT4 : Pure 10        :: dE=0.31D-02, dP=0.98D-01, ThrX=0.10D-03, %Non0=32
 NT4 : Pure 11        :: dE=0.90D-03, dP=0.49D-01, ThrX=0.10D-03, %Non0=35
 NT4 : Pure 12        :: dE=0.13D-03, dP=0.15D-01, ThrX=0.10D-03, %Non0=38
 NT4 : Pure 13        :: dE=0.43D-05, dP=0.13D-02, ThrX=0.10D-03, %Non0=39
 NT4 : Pure 14        :: dE=0.85D-07, dP=0.22D-03, ThrX=0.10D-03, %Non0=38
 NT4 : Hit dE increase:: Tr{FP}=-.1518688122190012D+04, dNel = 0.23D-12
 NT4                  :: 14 purification steps, 29 matrix multiplies, %Non0s = 38
 NT4 : Max abs errors :: dE=0.13D-03, dP=0.22D-03, [F,P]=0.43D-02
 NT4 : Rel L2  errors :: dE=0.85D-07, dP=0.18D-03, [F,P]=0.26D-03
 NT4                  :: OrthoP[1] CheckSum  = 0.1870828764642572D+02
 NT4                  :: P[1] CheckSum  = 0.1839426434079287D+02
 NT4                  :: CPU (Sec,MFLOPS) = (0.80D+01, 68),
                         WALL(Sec,MFLOPS) = (0.80D+01, 68)
 NT4                  :: Allocs=221,  DeAllocs=217, 2274460 bytes are presently allocated.
                         A max of 13649292 bytes were allocated.
>-Exiting NT4 07/22/02 @ 11:32:20-<
<<Entering SCFStatus 07/22/02 @ 11:32:20>>
 
= = = = = SCFCycle #0, Basis #1, Geometry #1 = = = = =

       MaxDelD = 0.11D+01
       <T>     = 0.52753620D+04
       <V>     = -.96012482D+04
       <HF>    = -.57787549D+03
       <SCF>   = -4903.76167698

 SCFStatus            :: CPU (Sec,MFLOPS) = (0.90D-01, 4),
                         WALL(Sec,MFLOPS) = (0.90D-01, 4)
 SCFStatus            :: Allocs=16,  DeAllocs=16, 0 bytes are presently allocated.
                         A max of 6825900 bytes were allocated.
>-Exiting SCFStatus 07/22/02 @ 11:32:20-<
<<Entering MakeRho 07/22/02 @ 11:32:21>>
 MakeRho : Pruned Rho :: dNel = 0.70D-04, kept 17% of distributions.
 MakeRho : Moments    :: <r> = (-.25D+01, 0.25D+00, -.31D+01), <r^2> = 0.33D+03
 MakeRho              :: Rho CheckSum  = 0.5412776105774376D+04
 MakeRho              :: CPU Sec = 0.38D+01, WALL Sec = 0.38D+01
 MakeRho              :: Allocs=64,  DeAllocs=59, 272 bytes are presently allocated.
                         A max of 5750356 bytes were allocated.
>-Exiting MakeRho 07/22/02 @ 11:32:24-<
<<Entering QCTC 07/22/02 @ 11:32:25>>
 QCTC                 :: J[1] CheckSum  = 0.3629080864728287D+03
 QCTC                 :: CPU Sec = 0.31D+02, WALL Sec = 0.31D+02
 QCTC                 :: Allocs=76733,  DeAllocs=50, 7761840 bytes are presently allocated.
                         A max of 12338248 bytes were allocated.
>-Exiting QCTC 07/22/02 @ 11:32:56-<
<<Entering ONX 07/22/02 @ 11:32:56>>
 ONX                  :: Kx[1] CheckSum  = 0.4837201401884918D+02
 ONX                  :: CPU Sec = 0.10D+02, WALL Sec = 0.10D+02
 ONX                  :: Allocs=170,  DeAllocs=170, 0 bytes are presently allocated.
                         A max of 30668764 bytes were allocated.
>-Exiting ONX 07/22/02 @ 11:33:07-<
<<Entering FockNGrueven 07/22/02 @ 11:33:07>>
 FockNGrueven         :: F[1] CheckSum  = 0.1790157445983180D+03
 FockNGrueven         :: OrthoF[1] CheckSum  = 0.1625832297378098D+03
 FockNGrueven         :: CPU (Sec,MFLOPS) = (0.36D+00, 60),
                         WALL(Sec,MFLOPS) = (0.36D+00, 60)
 FockNGrueven         :: Allocs=41,  DeAllocs=37, 246172 bytes are presently allocated.
                         A max of 6825900 bytes were allocated.
>-Exiting FockNGrueven 07/22/02 @ 11:33:07-<
<<Entering DIIS 07/22/02 @ 11:33:08>>
 DIIS : Damping       :: Co = 0.80D+00, 0.20D+00
 DIIS                 :: F_DIIS[1] CheckSum  = 0.1636266625075544D+03
 DIIS                 :: CPU (Sec,MFLOPS) = (0.70D+00, 69),
                         WALL(Sec,MFLOPS) = (0.71D+00, 68)
 DIIS                 :: Allocs=34,  DeAllocs=30, 144 bytes are presently allocated.
                         A max of 9407236 bytes were allocated.
>-Exiting DIIS 07/22/02 @ 11:33:08-<
<<Entering NT4 07/22/02 @ 11:33:09>>
 NT4 : Pure 1         :: dE=0.10D+01, dP=0.32D+00, ThrX=0.10D-03, %Non0=10
 NT4 : Pure 2         :: dE=0.42D-01, dP=0.43D+00, ThrX=0.10D-03, %Non0=10
 NT4 : Pure 3         :: dE=0.13D-01, dP=0.33D+00, ThrX=0.10D-03, %Non0=10
 NT4 : Pure 4         :: dE=0.59D-02, dP=0.53D-01, ThrX=0.10D-03, %Non0=10
 NT4 : Pure 5         :: dE=0.82D-02, dP=0.68D-01, ThrX=0.10D-03, %Non0=10
 NT4 : Pure 6         :: dE=0.10D-01, dP=0.82D-01, ThrX=0.10D-03, %Non0=11
 NT4 : Pure 7         :: dE=0.10D-01, dP=0.10D+00, ThrX=0.10D-03, %Non0=15
 NT4 : Pure 8         :: dE=0.93D-02, dP=0.13D+00, ThrX=0.10D-03, %Non0=20
 NT4 : Pure 9         :: dE=0.67D-02, dP=0.13D+00, ThrX=0.10D-03, %Non0=25
 NT4 : Pure 10        :: dE=0.31D-02, dP=0.89D-01, ThrX=0.10D-03, %Non0=31
 NT4 : Pure 11        :: dE=0.74D-03, dP=0.36D-01, ThrX=0.10D-03, %Non0=33
 NT4 : Pure 12        :: dE=0.69D-04, dP=0.51D-02, ThrX=0.10D-03, %Non0=35
 NT4 : Pure 13        :: dE=0.93D-06, dP=0.18D-03, ThrX=0.10D-03, %Non0=35
 NT4 : Pure 14        :: dE=0.20D-08, dP=0.20D-03, ThrX=0.10D-03, %Non0=34
 NT4 : Hit dE increase:: Tr{FP}=-.1517161864523263D+04, dNel = 0.11D-12
 NT4                  :: 14 purification steps, 29 matrix multiplies, %Non0s = 34
 NT4 : Max abs errors :: dE=0.31D-05, dP=0.20D-03, [F,P]=0.33D-02
 NT4 : Rel L2  errors :: dE=0.20D-08, dP=0.11D-03, [F,P]=0.25D-03
 NT4                  :: OrthoP[2] CheckSum  = 0.1870828769225891D+02
 NT4                  :: P[2] CheckSum  = 0.1833217512373912D+02
 NT4                  :: CPU (Sec,MFLOPS) = (0.73D+01, 69),
                         WALL(Sec,MFLOPS) = (0.73D+01, 68)
 NT4                  :: Allocs=217,  DeAllocs=213, 2274460 bytes are presently allocated.
                         A max of 13649292 bytes were allocated.
>-Exiting NT4 07/22/02 @ 11:33:16-<
<<Entering SCFStatus 07/22/02 @ 11:33:16>>
 
= = = = = SCFCycle #1, Basis #1, Geometry #1 = = = = =

       DIISErr = 0.47D-02
       MaxDelD = 0.65D-01
       <T>     = 0.50841089D+04
       <V>     = -.95354727D+04
       <HF>    = -.63748261D+03
       <SCF>   = -5088.84641286

 SCFStatus            :: CPU (Sec,MFLOPS) = (0.10D+00, 5),
                         WALL(Sec,MFLOPS) = (0.10D+00, 5)
 SCFStatus            :: Allocs=16,  DeAllocs=16, 0 bytes are presently allocated.
                         A max of 6825900 bytes were allocated.
>-Exiting SCFStatus 07/22/02 @ 11:33:16-<
<<Entering MakeRho 07/22/02 @ 11:33:17>>
 MakeRho : Pruned Rho :: dNel = 0.64D-04, kept 17% of distributions.
 MakeRho : Moments    :: <r> = (-.21D+01, 0.21D+00, -.27D+01), <r^2> = 0.35D+03
 MakeRho              :: Rho CheckSum  = 0.5405732187387299D+04
 MakeRho              :: CPU Sec = 0.38D+01, WALL Sec = 0.38D+01
 MakeRho              :: Allocs=64,  DeAllocs=59, 272 bytes are presently allocated.
                         A max of 5553348 bytes were allocated.
>-Exiting MakeRho 07/22/02 @ 11:33:20-<
<<Entering QCTC 07/22/02 @ 11:33:21>>
 QCTC                 :: J[2] CheckSum  = 0.3634990443818944D+03
 QCTC                 :: CPU Sec = 0.31D+02, WALL Sec = 0.31D+02
 QCTC                 :: Allocs=76203,  DeAllocs=50, 7708576 bytes are presently allocated.
                         A max of 12284984 bytes were allocated.
>-Exiting QCTC 07/22/02 @ 11:33:52-<
<<Entering ONX 07/22/02 @ 11:33:52>>
 ONX                  :: Kx[2] CheckSum  = 0.4833100220992253D+02
 ONX                  :: CPU Sec = 0.99D+01, WALL Sec = 0.99D+01
 ONX                  :: Allocs=170,  DeAllocs=170, 0 bytes are presently allocated.
                         A max of 30599580 bytes were allocated.
>-Exiting ONX 07/22/02 @ 11:34:02-<
<<Entering FockNGrueven 07/22/02 @ 11:34:02>>
 FockNGrueven         :: F[2] CheckSum  = 0.1795994316046196D+03
 FockNGrueven         :: OrthoF[2] CheckSum  = 0.1630937065108558D+03
 FockNGrueven         :: CPU (Sec,MFLOPS) = (0.37D+00, 57),
                         WALL(Sec,MFLOPS) = (0.37D+00, 57)
 FockNGrueven         :: Allocs=41,  DeAllocs=37, 246172 bytes are presently allocated.
                         A max of 6825900 bytes were allocated.
>-Exiting FockNGrueven 07/22/02 @ 11:34:03-<
<<Entering DIIS 07/22/02 @ 11:34:03>>
 DIIS                 :: Cond# = 0.73D+02, MIN(E) = 0.12D+00
 DIIS : Pulay C1      :: DIISCo = -.29D+01, 0.39D+01
 DIIS                 :: F_DIIS[2] CheckSum  = 0.1645772134642972D+03
 DIIS                 :: CPU (Sec,MFLOPS) = (0.77D+00, 58),
                         WALL(Sec,MFLOPS) = (0.79D+00, 57)
 DIIS                 :: Allocs=45,  DeAllocs=40, 216 bytes are presently allocated.
                         A max of 9398652 bytes were allocated.
>-Exiting DIIS 07/22/02 @ 11:34:04-<
<<Entering NT4 07/22/02 @ 11:34:04>>
 NT4 : Pure 1         :: dE=0.10D+01, dP=0.35D+00, ThrX=0.10D-03, %Non0=10
 NT4 : Pure 2         :: dE=0.41D-01, dP=0.46D+00, ThrX=0.10D-03, %Non0=10
 NT4 : Pure 3         :: dE=0.11D-01, dP=0.24D+00, ThrX=0.10D-03, %Non0=10
 NT4 : Pure 4         :: dE=0.83D-02, dP=0.55D-01, ThrX=0.10D-03, %Non0=10
 NT4 : Pure 5         :: dE=0.12D-01, dP=0.81D-01, ThrX=0.10D-03, %Non0=10
 NT4 : Pure 6         :: dE=0.15D-01, dP=0.11D+00, ThrX=0.10D-03, %Non0=12
 NT4 : Pure 7         :: dE=0.15D-01, dP=0.14D+00, ThrX=0.10D-03, %Non0=15
 NT4 : Pure 8         :: dE=0.13D-01, dP=0.15D+00, ThrX=0.10D-03, %Non0=19
 NT4 : Pure 9         :: dE=0.72D-02, dP=0.11D+00, ThrX=0.10D-03, %Non0=23
 NT4 : Pure 10        :: dE=0.20D-02, dP=0.52D-01, ThrX=0.10D-03, %Non0=26
 NT4 : Pure 11        :: dE=0.19D-03, dP=0.12D-01, ThrX=0.10D-03, %Non0=26
 NT4 : Pure 12        :: dE=0.28D-05, dP=0.56D-03, ThrX=0.10D-03, %Non0=27
 NT4 : Pure 13        :: dE=0.15D-08, dP=0.18D-03, ThrX=0.10D-03, %Non0=26
 NT4 : Met dE/dP goals:: Tr{FP}=-.1553518053246862D+04, dNel = 0.11D-12
 NT4                  :: 13 purification steps, 27 matrix multiplies, %Non0s = 26
 NT4 : Max abs errors :: dE=0.23D-05, dP=0.18D-03, [F,P]=0.27D-02
 NT4 : Rel L2  errors :: dE=0.15D-08, dP=0.12D-03, [F,P]=0.25D-03
 NT4                  :: OrthoP[3] CheckSum  = 0.1870828719613362D+02
 NT4                  :: P[3] CheckSum  = 0.1810353947366297D+02
 NT4                  :: CPU (Sec,MFLOPS) = (0.49D+01, 67),
                         WALL(Sec,MFLOPS) = (0.50D+01, 67)
 NT4                  :: Allocs=207,  DeAllocs=203, 2274460 bytes are presently allocated.
                         A max of 13649292 bytes were allocated.
>-Exiting NT4 07/22/02 @ 11:34:09-<
<<Entering SCFStatus 07/22/02 @ 11:34:09>>
 
= = = = = SCFCycle #2, Basis #1, Geometry #1 = = = = =

       DIISErr = 0.35D-02
       MaxDelD = 0.18D+00
       <T>     = 0.50692012D+04
       <V>     = -.95243711D+04
       <HF>    = -.63523620D+03
       <SCF>   = -5090.40616638

 SCFStatus            :: CPU (Sec,MFLOPS) = (0.90D-01, 5),
                         WALL(Sec,MFLOPS) = (0.90D-01, 5)
 SCFStatus            :: Allocs=16,  DeAllocs=16, 0 bytes are presently allocated.
                         A max of 6825900 bytes were allocated.
>-Exiting SCFStatus 07/22/02 @ 11:34:09-<
<<Entering MakeRho 07/22/02 @ 11:34:10>>
 MakeRho : Pruned Rho :: dNel = -.42D-05, kept 19% of distributions.
 MakeRho : Moments    :: <r> = (-.13D+01, 0.91D-01, -.21D+01), <r^2> = 0.41D+03
 MakeRho              :: Rho CheckSum  = 0.5376900221649255D+04
 MakeRho              :: CPU Sec = 0.34D+01, WALL Sec = 0.34D+01
 MakeRho              :: Allocs=64,  DeAllocs=59, 272 bytes are presently allocated.
                         A max of 4941900 bytes were allocated.
>-Exiting MakeRho 07/22/02 @ 11:34:13-<
<<Entering QCTC 07/22/02 @ 11:34:13>>
 QCTC                 :: J[3] CheckSum  = 0.3650842371019747D+03
 QCTC                 :: CPU Sec = 0.30D+02, WALL Sec = 0.30D+02
 QCTC                 :: Allocs=73713,  DeAllocs=50, 7457272 bytes are presently allocated.
                         A max of 12033680 bytes were allocated.
>-Exiting QCTC 07/22/02 @ 11:34:44-<
<<Entering ONX 07/22/02 @ 11:34:44>>
 ONX                  :: Kx[3] CheckSum  = 0.4820913417485940D+02
 ONX                  :: CPU Sec = 0.84D+01, WALL Sec = 0.84D+01
 ONX                  :: Allocs=170,  DeAllocs=170, 0 bytes are presently allocated.
                         A max of 30443532 bytes were allocated.
>-Exiting ONX 07/22/02 @ 11:34:53-<
<<Entering FockNGrueven 07/22/02 @ 11:34:53>>
 FockNGrueven         :: F[3] CheckSum  = 0.1811556152752015D+03
 FockNGrueven         :: OrthoF[3] CheckSum  = 0.1644524992261935D+03
 FockNGrueven         :: CPU (Sec,MFLOPS) = (0.34D+00, 56),
                         WALL(Sec,MFLOPS) = (0.34D+00, 56)
 FockNGrueven         :: Allocs=41,  DeAllocs=37, 246172 bytes are presently allocated.
                         A max of 6825900 bytes were allocated.
>-Exiting FockNGrueven 07/22/02 @ 11:34:53-<
<<Entering DIIS 07/22/02 @ 11:34:53>>
 DIIS                 :: Cond# = 0.19D+04, MIN(E) = 0.44D-02
 DIIS : Pulay C1      :: DIISCo = 0.49D+00, -.69D+00, 0.12D+01
 DIIS                 :: F_DIIS[3] CheckSum  = 0.1644721288218507D+03
 DIIS                 :: CPU (Sec,MFLOPS) = (0.79D+00, 45),
                         WALL(Sec,MFLOPS) = (0.80D+00, 44)
 DIIS                 :: Allocs=53,  DeAllocs=48, 272 bytes are presently allocated.
                         A max of 9372484 bytes were allocated.
>-Exiting DIIS 07/22/02 @ 11:34:54-<
<<Entering NT4 07/22/02 @ 11:34:54>>
 NT4 : Pure 1         :: dE=0.10D+01, dP=0.35D+00, ThrX=0.10D-03, %Non0=10
 NT4 : Pure 2         :: dE=0.41D-01, dP=0.46D+00, ThrX=0.10D-03, %Non0=10
 NT4 : Pure 3         :: dE=0.11D-01, dP=0.24D+00, ThrX=0.10D-03, %Non0=10
 NT4 : Pure 4         :: dE=0.82D-02, dP=0.54D-01, ThrX=0.10D-03, %Non0=10
 NT4 : Pure 5         :: dE=0.12D-01, dP=0.81D-01, ThrX=0.10D-03, %Non0=10
 NT4 : Pure 6         :: dE=0.15D-01, dP=0.11D+00, ThrX=0.10D-03, %Non0=12
 NT4 : Pure 7         :: dE=0.15D-01, dP=0.14D+00, ThrX=0.10D-03, %Non0=15
 NT4 : Pure 8         :: dE=0.13D-01, dP=0.15D+00, ThrX=0.10D-03, %Non0=19
 NT4 : Pure 9         :: dE=0.72D-02, dP=0.11D+00, ThrX=0.10D-03, %Non0=23
 NT4 : Pure 10        :: dE=0.21D-02, dP=0.54D-01, ThrX=0.10D-03, %Non0=26
 NT4 : Pure 11        :: dE=0.20D-03, dP=0.13D-01, ThrX=0.10D-03, %Non0=26
 NT4 : Pure 12        :: dE=0.31D-05, dP=0.66D-03, ThrX=0.10D-03, %Non0=27
 NT4 : Pure 13        :: dE=0.45D-09, dP=0.17D-03, ThrX=0.10D-03, %Non0=26
 NT4 : Met dE/dP goals:: Tr{FP}=-.1551247082830837D+04, dNel = 0.23D-12
 NT4                  :: 13 purification steps, 27 matrix multiplies, %Non0s = 26
 NT4 : Max abs errors :: dE=0.69D-06, dP=0.17D-03, [F,P]=0.61D-02
 NT4 : Rel L2  errors :: dE=0.45D-09, dP=0.12D-03, [F,P]=0.25D-03
 NT4                  :: OrthoP[4] CheckSum  = 0.1870828717367222D+02
 NT4                  :: P[4] CheckSum  = 0.1805856502916200D+02
 NT4                  :: CPU (Sec,MFLOPS) = (0.49D+01, 67),
                         WALL(Sec,MFLOPS) = (0.49D+01, 67)
 NT4                  :: Allocs=211,  DeAllocs=207, 2274460 bytes are presently allocated.
                         A max of 13649292 bytes were allocated.
>-Exiting NT4 07/22/02 @ 11:34:59-<
<<Entering SCFStatus 07/22/02 @ 11:35:00>>
 
= = = = = SCFCycle #3, Basis #1, Geometry #1 = = = = =

       DIISErr = 0.24D-03
       MaxDelD = 0.22D-01
       <T>     = 0.50278280D+04
       <V>     = -.94904209D+04
       <HF>    = -.62982995D+03
       <SCF>   = -5092.42287455

 SCFStatus            :: CPU (Sec,MFLOPS) = (0.90D-01, 4),
                         WALL(Sec,MFLOPS) = (0.90D-01, 4)
 SCFStatus            :: Allocs=16,  DeAllocs=16, 0 bytes are presently allocated.
                         A max of 6825900 bytes were allocated.
>-Exiting SCFStatus 07/22/02 @ 11:35:00-<
<<Entering MakeRho 07/22/02 @ 11:35:00>>
 MakeRho : Pruned Rho :: dNel = 0.21D-04, kept 19% of distributions.
 MakeRho : Moments    :: <r> = (-.14D+01, 0.99D-01, -.21D+01), <r^2> = 0.41D+03
 MakeRho              :: Rho CheckSum  = 0.5373271827891815D+04
 MakeRho              :: CPU Sec = 0.34D+01, WALL Sec = 0.34D+01
 MakeRho              :: Allocs=64,  DeAllocs=59, 272 bytes are presently allocated.
                         A max of 4937756 bytes were allocated.
>-Exiting MakeRho 07/22/02 @ 11:35:03-<
<<Entering QCTC 07/22/02 @ 11:35:04>>
 QCTC                 :: J[4] CheckSum  = 0.3650903824704730D+03
 QCTC                 :: CPU Sec = 0.30D+02, WALL Sec = 0.30D+02
 QCTC                 :: Allocs=73763,  DeAllocs=50, 7461432 bytes are presently allocated.
                         A max of 12037840 bytes were allocated.
>-Exiting QCTC 07/22/02 @ 11:35:34-<
<<Entering ONX 07/22/02 @ 11:35:34>>
 ONX                  :: Kx[4] CheckSum  = 0.4820854209989387D+02
 ONX                  :: CPU Sec = 0.85D+01, WALL Sec = 0.85D+01
 ONX                  :: Allocs=170,  DeAllocs=170, 0 bytes are presently allocated.
                         A max of 30441772 bytes were allocated.
>-Exiting ONX 07/22/02 @ 11:35:43-<
<<Entering FockNGrueven 07/22/02 @ 11:35:43>>
 FockNGrueven         :: F[4] CheckSum  = 0.1811589130251149D+03
 FockNGrueven         :: OrthoF[4] CheckSum  = 0.1644551430113139D+03
 FockNGrueven         :: CPU (Sec,MFLOPS) = (0.33D+00, 58),
                         WALL(Sec,MFLOPS) = (0.33D+00, 58)
 FockNGrueven         :: Allocs=41,  DeAllocs=37, 246172 bytes are presently allocated.
                         A max of 6825900 bytes were allocated.
>-Exiting FockNGrueven 07/22/02 @ 11:35:43-<
<<Entering DIIS 07/22/02 @ 11:35:43>>
 DIIS                 :: Cond# = 0.64D+04, MIN(E) = 0.13D-02
 DIIS : Pulay C1      :: DIISCo = 0.41D-01, -.55D-01, -.11D+00, 0.11D+01
 DIIS                 :: F_DIIS[4] CheckSum  = 0.1644527701647540D+03
 DIIS                 :: CPU (Sec,MFLOPS) = (0.96D+00, 38),
                         WALL(Sec,MFLOPS) = (0.96D+00, 38)
 DIIS                 :: Allocs=62,  DeAllocs=57, 344 bytes are presently allocated.
                         A max of 9371812 bytes were allocated.
>-Exiting DIIS 07/22/02 @ 11:35:44-<
<<Entering NT4 07/22/02 @ 11:35:45>>
 NT4 : Pure 1         :: dE=0.10D+01, dP=0.35D+00, ThrX=0.10D-03, %Non0=10
 NT4 : Pure 2         :: dE=0.41D-01, dP=0.46D+00, ThrX=0.10D-03, %Non0=10
 NT4 : Pure 3         :: dE=0.11D-01, dP=0.24D+00, ThrX=0.10D-03, %Non0=10
 NT4 : Pure 4         :: dE=0.82D-02, dP=0.54D-01, ThrX=0.10D-03, %Non0=10
 NT4 : Pure 5         :: dE=0.12D-01, dP=0.81D-01, ThrX=0.10D-03, %Non0=10
 NT4 : Pure 6         :: dE=0.15D-01, dP=0.11D+00, ThrX=0.10D-03, %Non0=12
 NT4 : Pure 7         :: dE=0.15D-01, dP=0.14D+00, ThrX=0.10D-03, %Non0=15
 NT4 : Pure 8         :: dE=0.13D-01, dP=0.15D+00, ThrX=0.10D-03, %Non0=19
 NT4 : Pure 9         :: dE=0.72D-02, dP=0.11D+00, ThrX=0.10D-03, %Non0=23
 NT4 : Pure 10        :: dE=0.21D-02, dP=0.55D-01, ThrX=0.10D-03, %Non0=26
 NT4 : Pure 11        :: dE=0.20D-03, dP=0.13D-01, ThrX=0.10D-03, %Non0=26
 NT4 : Pure 12        :: dE=0.32D-05, dP=0.69D-03, ThrX=0.10D-03, %Non0=27
 NT4 : Pure 13        :: dE=0.85D-09, dP=0.18D-03, ThrX=0.10D-03, %Non0=26
 NT4 : Hit dE increase:: Tr{FP}=-.1550812224823081D+04, dNel = 0.11D-12
 NT4                  :: 13 purification steps, 27 matrix multiplies, %Non0s = 26
 NT4 : Max abs errors :: dE=0.13D-05, dP=0.18D-03, [F,P]=0.61D-02
 NT4 : Rel L2  errors :: dE=0.85D-09, dP=0.13D-03, [F,P]=0.25D-03
 NT4                  :: OrthoP[5] CheckSum  = 0.1870828716042110D+02
 NT4                  :: P[5] CheckSum  = 0.1804879205438275D+02
 NT4                  :: CPU (Sec,MFLOPS) = (0.48D+01, 67),
                         WALL(Sec,MFLOPS) = (0.49D+01, 67)
 NT4                  :: Allocs=211,  DeAllocs=207, 2274460 bytes are presently allocated.
                         A max of 13649292 bytes were allocated.
>-Exiting NT4 07/22/02 @ 11:35:50-<
<<Entering SCFStatus 07/22/02 @ 11:35:50>>
 
= = = = = SCFCycle #4, Basis #1, Geometry #1 = = = = =

       DIISErr = 0.97D-04
       MaxDelD = 0.59D-02
       <T>     = 0.50264513D+04
       <V>     = -.94890441D+04
       <HF>    = -.62984287D+03
       <SCF>   = -5092.43562057

 SCFStatus            :: CPU (Sec,MFLOPS) = (0.80D-01, 5),
                         WALL(Sec,MFLOPS) = (0.80D-01, 5)
 SCFStatus            :: Allocs=16,  DeAllocs=16, 0 bytes are presently allocated.
                         A max of 6825900 bytes were allocated.
>-Exiting SCFStatus 07/22/02 @ 11:35:50-<
 Normal SCF convergence.
 Convergence statistics for RHFx/STO-2G:
========================================================================
SCF    Ink       Total             Delta       Max         DIIS   
Cycle  Fok       Energy            E_Tot       Delta P     Error  
  0,    F,           0.00000000, 0.0000D+00, 0.0000D+00, 0.0000D+00, 
  1,    F,       -5088.84641286, 0.3637D-01, 0.1081D+01, 0.0000D+00, 
  2,    F,       -5090.40616638, 0.3064D-03, 0.1175D+00, 0.3532D-02, 
  3,    F,       -5092.42287455, 0.3960D-03, 0.1608D+00, 0.2367D-03, 
  4,    F,       -5092.43562057, 0.2503D-05, 0.1614D-01, 0.9659D-04, 
========================================================================
<<Entering MakeS 07/22/02 @ 11:35:50>>
 MakeS                :: S CheckSum  = 0.5987453843634287D+02
 MakeS                :: CPU Sec = 0.19D+01, WALL Sec = 0.19D+01
 MakeS                :: Allocs=37,  DeAllocs=36, 24 bytes are presently allocated.
                         A max of 49892464 bytes were allocated.
>-Exiting MakeS 07/22/02 @ 11:35:52-<
<<Entering BlokAInv 07/22/02 @ 11:35:52>>
 BlokAInv             :: CPU (Sec,MFLOPS) = (0.49D+01, 331),
                         WALL(Sec,MFLOPS) = (0.49D+01, 331)
 BlokAInv             :: Max(Z^t.A.Z-I)=0.15D-03, TrixThrsh=0.10D-03
 BlokAInv             :: Z CheckSum  = 0.1029766486646023D+03
 BlokAInv             :: CPU (Sec,MFLOPS) = (0.17D+02, 366),
                         WALL(Sec,MFLOPS) = (0.17D+02, 365)
 BlokAInv             :: Allocs=75,  DeAllocs=41, 74592428 bytes are presently allocated.
                         A max of 124302280 bytes were allocated.
>-Exiting BlokAInv 07/22/02 @ 11:36:10-<
<<Entering MakeT 07/22/02 @ 11:36:10>>
 MakeT                :: T CheckSum  = 0.2703565608970762D+03
 MakeT                :: CPU Sec = 0.42D+01, WALL Sec = 0.42D+01
 MakeT                :: Allocs=33,  DeAllocs=32, 24 bytes are presently allocated.
                         A max of 49743592 bytes were allocated.
>-Exiting MakeT 07/22/02 @ 11:36:14-<
<<Entering MakeRho 07/22/02 @ 11:36:14>>
 MakeRho : Pruned Rho :: dNel = 0.34D-05, kept 19% of distributions.
 MakeRho : Moments    :: <r> = (-.14D+01, 0.99D-01, -.21D+01), <r^2> = 0.41D+03
 MakeRho              :: Rho CheckSum  = 0.5372524596167711D+04
 MakeRho              :: CPU Sec = 0.34D+01, WALL Sec = 0.34D+01
 MakeRho              :: Allocs=65,  DeAllocs=60, 272 bytes are presently allocated.
                         A max of 4939340 bytes were allocated.
>-Exiting MakeRho 07/22/02 @ 11:36:18-<
<<Entering QCTC 07/22/02 @ 11:36:18>>
 QCTC                 :: J[0] CheckSum  = 0.3907817598059655D+03
 QCTC                 :: CPU Sec = 0.15D+03, WALL Sec = 0.15D+03
 QCTC                 :: Allocs=73768,  DeAllocs=50, 7607920 bytes are presently allocated.
                         A max of 57346784 bytes were allocated.
>-Exiting QCTC 07/22/02 @ 11:38:47-<
<<Entering ONX 07/22/02 @ 11:38:47>>
 ONX                  :: Kx[0] CheckSum  = 0.6628924196746797D+02
 ONX                  :: CPU Sec = 0.79D+02, WALL Sec = 0.79D+02
 ONX                  :: Allocs=192,  DeAllocs=192, 0 bytes are presently allocated.
                         A max of 240775908 bytes were allocated.
>-Exiting ONX 07/22/02 @ 11:40:06-<
<<Entering FockNGrueven 07/22/02 @ 11:40:06>>
 FockNGrueven         :: F[0] CheckSum  = 0.2118917277092375D+03
 FockNGrueven         :: OrthoF[0] CheckSum  = 0.1978893673982361D+03
 FockNGrueven         :: CPU (Sec,MFLOPS) = (0.14D+02, 365),
                         WALL(Sec,MFLOPS) = (0.14D+02, 365)
 FockNGrueven         :: Allocs=41,  DeAllocs=37, 10156444 bytes are presently allocated.
                         A max of 74563500 bytes were allocated.
>-Exiting FockNGrueven 07/22/02 @ 11:40:20-<
<<Entering NT4 07/22/02 @ 11:40:20>>
 NT4 : Pure 1         :: dE=0.10D+01, dP=0.58D+00, ThrX=0.10D-03, %Non0=25
 NT4 : Pure 2         :: dE=0.17D+00, dP=0.61D+00, ThrX=0.10D-03, %Non0=25
 NT4 : Pure 3         :: dE=0.51D+00, dP=0.59D+00, ThrX=0.10D-03, %Non0=25
 NT4 : Pure 4         :: dE=0.36D+00, dP=0.58D+00, ThrX=0.10D-03, %Non0=25
 NT4 : Pure 5         :: dE=0.35D+00, dP=0.52D+00, ThrX=0.10D-03, %Non0=26
 NT4 : Pure 6         :: dE=0.26D+00, dP=0.61D+00, ThrX=0.10D-03, %Non0=26
 NT4 : Pure 7         :: dE=0.29D+00, dP=0.51D+00, ThrX=0.10D-03, %Non0=29
 NT4 : Pure 8         :: dE=0.91D-01, dP=0.32D+00, ThrX=0.10D-03, %Non0=39
 NT4 : Pure 9         :: dE=0.63D-01, dP=0.31D+00, ThrX=0.10D-03, %Non0=45
 NT4 : Pure 10        :: dE=0.34D-01, dP=0.24D+00, ThrX=0.10D-03, %Non0=47
 NT4 : Pure 11        :: dE=0.16D-01, dP=0.18D+00, ThrX=0.10D-03, %Non0=46
 NT4 : Pure 12        :: dE=0.76D-02, dP=0.13D+00, ThrX=0.10D-03, %Non0=46
 NT4 : Pure 13        :: dE=0.32D-02, dP=0.84D-01, ThrX=0.10D-03, %Non0=46
 NT4 : Pure 14        :: dE=0.64D-03, dP=0.40D-01, ThrX=0.10D-03, %Non0=47
 NT4 : Pure 15        :: dE=0.38D-04, dP=0.75D-02, ThrX=0.10D-03, %Non0=48
 NT4 : Pure 16        :: dE=0.28D-06, dP=0.24D-03, ThrX=0.10D-03, %Non0=48
 NT4 : Pure 17        :: dE=0.13D-07, dP=0.19D-03, ThrX=0.10D-03, %Non0=47
 NT4 : Met dE/dP goals:: Tr{FP}=-.1662430942403188D+04, dNel = 0.11D-12
 NT4                  :: 17 purification steps, 34 matrix multiplies, %Non0s = 47
 NT4 : Max abs errors :: dE=0.21D-04, dP=0.19D-03, [F,P]=0.78D-02
 NT4 : Rel L2  errors :: dE=0.13D-07, dP=0.13D-03, [F,P]=0.87D-03
 NT4                  :: OrthoP[1] CheckSum  = 0.1870828876888696D+02
 NT4                  :: P[1] CheckSum  = 0.1321893886506535D+02
 NT4                  :: CPU (Sec,MFLOPS) = (0.22D+03, 359),
                         WALL(Sec,MFLOPS) = (0.22D+03, 359)
 NT4                  :: Allocs=243,  DeAllocs=239, 24853660 bytes are presently allocated.
                         A max of 149124492 bytes were allocated.
>-Exiting NT4 07/22/02 @ 11:44:01-<
<<Entering SCFStatus 07/22/02 @ 11:44:01>>
 
= = = = = SCFCycle #0, Basis #2, Geometry #1 = = = = =

       MaxDelD = 0.15D+01
       <T>     = 0.53395258D+04
       <V>     = -.97607511D+04
       <HF>    = -.62614744D+03
       <SCF>   = -5047.37268132

 SCFStatus            :: CPU (Sec,MFLOPS) = (0.65D+00, 12),
                         WALL(Sec,MFLOPS) = (0.65D+00, 12)
 SCFStatus            :: Allocs=15,  DeAllocs=15, 0 bytes are presently allocated.
                         A max of 74562660 bytes were allocated.
>-Exiting SCFStatus 07/22/02 @ 11:44:02-<
<<Entering MakeRho 07/22/02 @ 11:44:02>>
 MakeRho : Pruned Rho :: dNel = 0.25D-05, kept 6% of distributions.
 MakeRho : Moments    :: <r> = (-.15D+01, 0.96D-01, -.23D+01), <r^2> = 0.43D+03
 MakeRho              :: Rho CheckSum  = 0.1082877622637861D+05
 MakeRho              :: CPU Sec = 0.56D+02, WALL Sec = 0.56D+02
 MakeRho              :: Allocs=64,  DeAllocs=59, 1192 bytes are presently allocated.
                         A max of 80369564 bytes were allocated.
>-Exiting MakeRho 07/22/02 @ 11:44:58-<
<<Entering QCTC 07/22/02 @ 11:44:58>>
 QCTC                 :: J[1] CheckSum  = 0.3882148283683299D+03
 QCTC                 :: CPU Sec = 0.55D+03, WALL Sec = 0.55D+03
 QCTC                 :: Allocs=347338,  DeAllocs=50, 36990336 bytes are presently allocated.
                         A max of 86729200 bytes were allocated.
>-Exiting QCTC 07/22/02 @ 11:54:13-<
<<Entering ONX 07/22/02 @ 11:54:14>>
 ONX                  :: Kx[1] CheckSum  = 0.6676736544312577D+02
 ONX                  :: CPU Sec = 0.11D+04, WALL Sec = 0.11D+04
 ONX                  :: Allocs=214,  DeAllocs=214, 0 bytes are presently allocated.
                         A max of 279309448 bytes were allocated.
>-Exiting ONX 07/22/02 @ 12:11:50-<
<<Entering FockNGrueven 07/22/02 @ 12:11:50>>
 FockNGrueven         :: F[1] CheckSum  = 0.2101579537660834D+03
 FockNGrueven         :: OrthoF[1] CheckSum  = 0.1959986748265303D+03
 FockNGrueven         :: CPU (Sec,MFLOPS) = (0.14D+02, 367),
                         WALL(Sec,MFLOPS) = (0.14D+02, 367)
 FockNGrueven         :: Allocs=41,  DeAllocs=37, 10156444 bytes are presently allocated.
                         A max of 74563500 bytes were allocated.
>-Exiting FockNGrueven 07/22/02 @ 12:12:04-<
<<Entering DIIS 07/22/02 @ 12:12:05>>
 DIIS : Damping       :: Co = 0.80D+00, 0.20D+00
 DIIS                 :: F_DIIS[1] CheckSum  = 0.1975100877353061D+03
 DIIS                 :: CPU (Sec,MFLOPS) = (0.22D+02, 372),
                         WALL(Sec,MFLOPS) = (0.22D+02, 372)
 DIIS                 :: Allocs=34,  DeAllocs=30, 144 bytes are presently allocated.
                         A max of 99770940 bytes were allocated.
>-Exiting DIIS 07/22/02 @ 12:12:27-<
<<Entering NT4 07/22/02 @ 12:12:27>>
 NT4 : Pure 1         :: dE=0.10D+01, dP=0.59D+00, ThrX=0.10D-03, %Non0=25
 NT4 : Pure 2         :: dE=0.17D+00, dP=0.61D+00, ThrX=0.10D-03, %Non0=25
 NT4 : Pure 3         :: dE=0.51D+00, dP=0.59D+00, ThrX=0.10D-03, %Non0=25
 NT4 : Pure 4         :: dE=0.36D+00, dP=0.58D+00, ThrX=0.10D-03, %Non0=25
 NT4 : Pure 5         :: dE=0.35D+00, dP=0.52D+00, ThrX=0.10D-03, %Non0=26
 NT4 : Pure 6         :: dE=0.26D+00, dP=0.61D+00, ThrX=0.10D-03, %Non0=26
 NT4 : Pure 7         :: dE=0.29D+00, dP=0.51D+00, ThrX=0.10D-03, %Non0=29
 NT4 : Pure 8         :: dE=0.91D-01, dP=0.32D+00, ThrX=0.10D-03, %Non0=39
 NT4 : Pure 9         :: dE=0.63D-01, dP=0.31D+00, ThrX=0.10D-03, %Non0=45
 NT4 : Pure 10        :: dE=0.34D-01, dP=0.24D+00, ThrX=0.10D-03, %Non0=47
 NT4 : Pure 11        :: dE=0.16D-01, dP=0.18D+00, ThrX=0.10D-03, %Non0=46
 NT4 : Pure 12        :: dE=0.76D-02, dP=0.13D+00, ThrX=0.10D-03, %Non0=46
 NT4 : Pure 13        :: dE=0.32D-02, dP=0.83D-01, ThrX=0.10D-03, %Non0=47
 NT4 : Pure 14        :: dE=0.64D-03, dP=0.39D-01, ThrX=0.10D-03, %Non0=47
 NT4 : Pure 15        :: dE=0.37D-04, dP=0.73D-02, ThrX=0.10D-03, %Non0=48
 NT4 : Pure 16        :: dE=0.27D-06, dP=0.24D-03, ThrX=0.10D-03, %Non0=48
 NT4 : Pure 17        :: dE=0.12D-07, dP=0.20D-03, ThrX=0.10D-03, %Non0=47
 NT4 : Met dE/dP goals:: Tr{FP}=-.1659715831174037D+04, dNel = 0.11D-12
 NT4                  :: 17 purification steps, 34 matrix multiplies, %Non0s = 47
 NT4 : Max abs errors :: dE=0.19D-04, dP=0.20D-03, [F,P]=0.78D-02
 NT4 : Rel L2  errors :: dE=0.12D-07, dP=0.13D-03, [F,P]=0.87D-03
 NT4                  :: OrthoP[2] CheckSum  = 0.1870828873955616D+02
 NT4                  :: P[2] CheckSum  = 0.1319514946516036D+02
 NT4                  :: CPU (Sec,MFLOPS) = (0.22D+03, 359),
                         WALL(Sec,MFLOPS) = (0.22D+03, 359)
 NT4                  :: Allocs=243,  DeAllocs=239, 24853660 bytes are presently allocated.
                         A max of 149124492 bytes were allocated.
>-Exiting NT4 07/22/02 @ 12:16:08-<
<<Entering SCFStatus 07/22/02 @ 12:16:08>>
 
= = = = = SCFCycle #1, Basis #2, Geometry #1 = = = = =

       DIISErr = 0.71D-03
       MaxDelD = 0.17D-01
       <T>     = 0.53395258D+04
       <V>     = -.10029517D+05
       <HF>    = -.63128848D+03
       <SCF>   = -5321.27966683

 SCFStatus            :: CPU (Sec,MFLOPS) = (0.11D+01, 11),
                         WALL(Sec,MFLOPS) = (0.11D+01, 11)
 SCFStatus            :: Allocs=16,  DeAllocs=16, 0 bytes are presently allocated.
                         A max of 74563500 bytes were allocated.
>-Exiting SCFStatus 07/22/02 @ 12:16:09-<
<<Entering MakeRho 07/22/02 @ 12:16:10>>
 MakeRho : Pruned Rho :: dNel = 0.36D-05, kept 6% of distributions.
 MakeRho : Moments    :: <r> = (-.16D+01, 0.11D+00, -.24D+01), <r^2> = 0.43D+03
 MakeRho              :: Rho CheckSum  = 0.1081924406186603D+05
 MakeRho              :: CPU Sec = 0.56D+02, WALL Sec = 0.56D+02
 MakeRho              :: Allocs=64,  DeAllocs=59, 1192 bytes are presently allocated.
                         A max of 80465716 bytes were allocated.
>-Exiting MakeRho 07/22/02 @ 12:17:06-<
<<Entering QCTC 07/22/02 @ 12:17:06>>
 QCTC                 :: J[2] CheckSum  = 0.3883842483104246D+03
 QCTC                 :: CPU Sec = 0.56D+03, WALL Sec = 0.72D+03
 QCTC                 :: Allocs=348658,  DeAllocs=50, 37140976 bytes are presently allocated.
                         A max of 86879840 bytes were allocated.
>-Exiting QCTC 07/22/02 @ 12:29:03-<
<<Entering ONX 07/22/02 @ 12:29:03>>
 ONX                  :: Kx[2] CheckSum  = 0.6675506826132060D+02
 ONX                  :: CPU Sec = 0.11D+04, WALL Sec = 0.24D+04
 ONX                  :: Allocs=214,  DeAllocs=214, 0 bytes are presently allocated.
                         A max of 279363016 bytes were allocated.
>-Exiting ONX 07/22/02 @ 13:08:44-<
<<Entering FockNGrueven 07/22/02 @ 13:08:44>>
 FockNGrueven         :: F[2] CheckSum  = 0.2103010288710883D+03
 FockNGrueven         :: OrthoF[2] CheckSum  = 0.1960624130697764D+03
 FockNGrueven         :: CPU (Sec,MFLOPS) = (0.14D+02, 367),
                         WALL(Sec,MFLOPS) = (0.14D+02, 367)
 FockNGrueven         :: Allocs=41,  DeAllocs=37, 10156444 bytes are presently allocated.
                         A max of 74563500 bytes were allocated.
>-Exiting FockNGrueven 07/22/02 @ 13:08:58-<
<<Entering DIIS 07/22/02 @ 13:08:58>>
 DIIS                 :: Cond# = 0.13D+03, MIN(E) = 0.25D-01
 DIIS : Pulay C1      :: DIISCo = -.42D+01, 0.52D+01
 DIIS                 :: F_DIIS[2] CheckSum  = 0.1963298433861562D+03
 DIIS                 :: CPU (Sec,MFLOPS) = (0.23D+02, 357),
                         WALL(Sec,MFLOPS) = (0.24D+02, 347)
 DIIS                 :: Allocs=45,  DeAllocs=40, 216 bytes are presently allocated.
                         A max of 99770940 bytes were allocated.
>-Exiting DIIS 07/22/02 @ 13:09:22-<
<<Entering NT4 07/22/02 @ 13:09:22>>
 NT4 : Pure 1         :: dE=0.10D+01, dP=0.59D+00, ThrX=0.10D-03, %Non0=25
 NT4 : Pure 2         :: dE=0.15D+00, dP=0.61D+00, ThrX=0.10D-03, %Non0=25
 NT4 : Pure 3         :: dE=0.51D+00, dP=0.59D+00, ThrX=0.10D-03, %Non0=25
 NT4 : Pure 4         :: dE=0.35D+00, dP=0.58D+00, ThrX=0.10D-03, %Non0=25
 NT4 : Pure 5         :: dE=0.35D+00, dP=0.52D+00, ThrX=0.10D-03, %Non0=26
 NT4 : Pure 6         :: dE=0.26D+00, dP=0.61D+00, ThrX=0.10D-03, %Non0=26
 NT4 : Pure 7         :: dE=0.29D+00, dP=0.51D+00, ThrX=0.10D-03, %Non0=29
 NT4 : Pure 8         :: dE=0.92D-01, dP=0.33D+00, ThrX=0.10D-03, %Non0=39
 NT4 : Pure 9         :: dE=0.63D-01, dP=0.31D+00, ThrX=0.10D-03, %Non0=45
 NT4 : Pure 10        :: dE=0.34D-01, dP=0.24D+00, ThrX=0.10D-03, %Non0=47
 NT4 : Pure 11        :: dE=0.16D-01, dP=0.17D+00, ThrX=0.10D-03, %Non0=46
 NT4 : Pure 12        :: dE=0.75D-02, dP=0.13D+00, ThrX=0.10D-03, %Non0=46
 NT4 : Pure 13        :: dE=0.31D-02, dP=0.86D-01, ThrX=0.10D-03, %Non0=47
 NT4 : Pure 14        :: dE=0.61D-03, dP=0.45D-01, ThrX=0.10D-03, %Non0=48
 NT4 : Pure 15        :: dE=0.38D-04, dP=0.11D-01, ThrX=0.10D-03, %Non0=48
 NT4 : Pure 16        :: dE=0.38D-06, dP=0.50D-03, ThrX=0.10D-03, %Non0=48
 NT4 : Pure 17        :: dE=0.11D-07, dP=0.20D-03, ThrX=0.10D-03, %Non0=47
 NT4 : Met dE/dP goals:: Tr{FP}=-.1659651859894802D+04, dNel = 0.11D-12
 NT4                  :: 17 purification steps, 34 matrix multiplies, %Non0s = 47
 NT4 : Max abs errors :: dE=0.18D-04, dP=0.20D-03, [F,P]=0.77D-02
 NT4 : Rel L2  errors :: dE=0.11D-07, dP=0.18D-03, [F,P]=0.84D-03
 NT4                  :: OrthoP[3] CheckSum  = 0.1870828779105299D+02
 NT4                  :: P[3] CheckSum  = 0.1312843030171834D+02
 NT4                  :: CPU (Sec,MFLOPS) = (0.22D+03, 358),
                         WALL(Sec,MFLOPS) = (0.22D+03, 358)
 NT4                  :: Allocs=247,  DeAllocs=243, 24853660 bytes are presently allocated.
                         A max of 149124492 bytes were allocated.
>-Exiting NT4 07/22/02 @ 13:13:04-<
<<Entering SCFStatus 07/22/02 @ 13:13:04>>
 
= = = = = SCFCycle #2, Basis #2, Geometry #1 = = = = =

       DIISErr = 0.59D-03
       MaxDelD = 0.87D-01
       <T>     = 0.53324887D+04
       <V>     = -.10023526D+05
       <HF>    = -.63050348D+03
       <SCF>   = -5321.54101036

 SCFStatus            :: CPU (Sec,MFLOPS) = (0.11D+01, 11),
                         WALL(Sec,MFLOPS) = (0.11D+01, 11)
 SCFStatus            :: Allocs=16,  DeAllocs=16, 0 bytes are presently allocated.
                         A max of 74563500 bytes were allocated.
>-Exiting SCFStatus 07/22/02 @ 13:13:05-<
<<Entering MakeRho 07/22/02 @ 13:13:05>>
 MakeRho : Pruned Rho :: dNel = 0.25D-04, kept 7% of distributions.
 MakeRho : Moments    :: <r> = (-.20D+01, 0.20D+00, -.29D+01), <r^2> = 0.42D+03
 MakeRho              :: Rho CheckSum  = 0.1078581405758830D+05
 MakeRho              :: CPU Sec = 0.57D+02, WALL Sec = 0.57D+02
 MakeRho              :: Allocs=64,  DeAllocs=59, 1192 bytes are presently allocated.
                         A max of 80642796 bytes were allocated.
>-Exiting MakeRho 07/22/02 @ 13:14:02-<
<<Entering QCTC 07/22/02 @ 13:14:02>>
 QCTC                 :: J[3] CheckSum  = 0.3886000693774356D+03
 QCTC                 :: CPU Sec = 0.58D+03, WALL Sec = 0.58D+03
 QCTC                 :: Allocs=356293,  DeAllocs=50, 37968752 bytes are presently allocated.
                         A max of 87707616 bytes were allocated.
>-Exiting QCTC 07/22/02 @ 13:23:43-<
<<Entering ONX 07/22/02 @ 13:23:43>>
 ONX                  :: Kx[3] CheckSum  = 0.6677489027300516D+02
 ONX                  :: CPU Sec = 0.11D+04, WALL Sec = 0.11D+04
 ONX                  :: Allocs=214,  DeAllocs=214, 0 bytes are presently allocated.
                         A max of 279421800 bytes were allocated.
>-Exiting ONX 07/22/02 @ 13:41:53-<
<<Entering FockNGrueven 07/22/02 @ 13:41:54>>
 FockNGrueven         :: F[3] CheckSum  = 0.2104520718813198D+03
 FockNGrueven         :: OrthoF[3] CheckSum  = 0.1961447191309897D+03
 FockNGrueven         :: CPU (Sec,MFLOPS) = (0.14D+02, 366),
                         WALL(Sec,MFLOPS) = (0.14D+02, 366)
 FockNGrueven         :: Allocs=41,  DeAllocs=37, 10156444 bytes are presently allocated.
                         A max of 74563500 bytes were allocated.
>-Exiting FockNGrueven 07/22/02 @ 13:42:08-<
<<Entering DIIS 07/22/02 @ 13:42:08>>
 DIIS                 :: Cond# = 0.82D+03, MIN(E) = 0.41D-02
 DIIS : Pulay C1      :: DIISCo = -.68D+00, 0.69D+00, 0.99D+00
 DIIS                 :: F_DIIS[3] CheckSum  = 0.1961871760897665D+03
 DIIS                 :: CPU (Sec,MFLOPS) = (0.24D+02, 338),
                         WALL(Sec,MFLOPS) = (0.24D+02, 338)
 DIIS                 :: Allocs=53,  DeAllocs=48, 272 bytes are presently allocated.
                         A max of 99770940 bytes were allocated.
>-Exiting DIIS 07/22/02 @ 13:42:33-<
<<Entering NT4 07/22/02 @ 13:42:33>>
 NT4 : Pure 1         :: dE=0.10D+01, dP=0.59D+00, ThrX=0.10D-03, %Non0=25
 NT4 : Pure 2         :: dE=0.16D+00, dP=0.61D+00, ThrX=0.10D-03, %Non0=25
 NT4 : Pure 3         :: dE=0.51D+00, dP=0.59D+00, ThrX=0.10D-03, %Non0=25
 NT4 : Pure 4         :: dE=0.36D+00, dP=0.58D+00, ThrX=0.10D-03, %Non0=25
 NT4 : Pure 5         :: dE=0.35D+00, dP=0.52D+00, ThrX=0.10D-03, %Non0=26
 NT4 : Pure 6         :: dE=0.26D+00, dP=0.61D+00, ThrX=0.10D-03, %Non0=26
 NT4 : Pure 7         :: dE=0.29D+00, dP=0.51D+00, ThrX=0.10D-03, %Non0=29
 NT4 : Pure 8         :: dE=0.92D-01, dP=0.33D+00, ThrX=0.10D-03, %Non0=39
 NT4 : Pure 9         :: dE=0.63D-01, dP=0.31D+00, ThrX=0.10D-03, %Non0=45
 NT4 : Pure 10        :: dE=0.34D-01, dP=0.24D+00, ThrX=0.10D-03, %Non0=47
 NT4 : Pure 11        :: dE=0.16D-01, dP=0.17D+00, ThrX=0.10D-03, %Non0=46
 NT4 : Pure 12        :: dE=0.75D-02, dP=0.13D+00, ThrX=0.10D-03, %Non0=46
 NT4 : Pure 13        :: dE=0.32D-02, dP=0.88D-01, ThrX=0.10D-03, %Non0=48
 NT4 : Pure 14        :: dE=0.66D-03, dP=0.48D-01, ThrX=0.10D-03, %Non0=48
 NT4 : Pure 15        :: dE=0.46D-04, dP=0.13D-01, ThrX=0.10D-03, %Non0=48
 NT4 : Pure 16        :: dE=0.58D-06, dP=0.76D-03, ThrX=0.10D-03, %Non0=48
 NT4 : Pure 17        :: dE=0.98D-08, dP=0.19D-03, ThrX=0.10D-03, %Non0=48
 NT4 : Hit dE increase:: Tr{FP}=-.1654316035942258D+04, dNel = 0.34D-12
 NT4                  :: 17 purification steps, 34 matrix multiplies, %Non0s = 48
 NT4 : Max abs errors :: dE=0.16D-04, dP=0.19D-03, [F,P]=0.72D-02
 NT4 : Rel L2  errors :: dE=0.98D-08, dP=0.18D-03, [F,P]=0.84D-03
 NT4                  :: OrthoP[4] CheckSum  = 0.1870828781674272D+02
 NT4                  :: P[4] CheckSum  = 0.1311424508884526D+02
 NT4                  :: CPU (Sec,MFLOPS) = (0.22D+03, 357),
                         WALL(Sec,MFLOPS) = (0.22D+03, 356)
 NT4                  :: Allocs=251,  DeAllocs=247, 24853660 bytes are presently allocated.
                         A max of 149124492 bytes were allocated.
>-Exiting NT4 07/22/02 @ 13:46:14-<
<<Entering SCFStatus 07/22/02 @ 13:46:14>>
 
= = = = = SCFCycle #3, Basis #2, Geometry #1 = = = = =

       DIISErr = 0.15D-03
       MaxDelD = 0.17D-01
       <T>     = 0.53140587D+04
       <V>     = -.10007662D+05
       <HF>    = -.62869850D+03
       <SCF>   = -5322.30225476

 SCFStatus            :: CPU (Sec,MFLOPS) = (0.11D+01, 11),
                         WALL(Sec,MFLOPS) = (0.11D+01, 11)
 SCFStatus            :: Allocs=16,  DeAllocs=16, 0 bytes are presently allocated.
                         A max of 74563500 bytes were allocated.
>-Exiting SCFStatus 07/22/02 @ 13:46:15-<
<<Entering MakeRho 07/22/02 @ 13:46:16>>
 MakeRho : Pruned Rho :: dNel = 0.34D-04, kept 7% of distributions.
 MakeRho : Moments    :: <r> = (-.20D+01, 0.22D+00, -.29D+01), <r^2> = 0.42D+03
 MakeRho              :: Rho CheckSum  = 0.1077829349867594D+05
 MakeRho              :: CPU Sec = 0.56D+02, WALL Sec = 0.56D+02
 MakeRho              :: Allocs=64,  DeAllocs=59, 1192 bytes are presently allocated.
                         A max of 80706548 bytes were allocated.
>-Exiting MakeRho 07/22/02 @ 13:47:12-<
<<Entering QCTC 07/22/02 @ 13:47:12>>
 QCTC                 :: J[4] CheckSum  = 0.3887967805628405D+03
 QCTC                 :: CPU Sec = 0.58D+03, WALL Sec = 0.58D+03
 QCTC                 :: Allocs=357278,  DeAllocs=50, 38073928 bytes are presently allocated.
                         A max of 87812792 bytes were allocated.
>-Exiting QCTC 07/22/02 @ 13:56:53-<
<<Entering ONX 07/22/02 @ 13:56:53>>
 ONX                  :: Kx[4] CheckSum  = 0.6676114230744246D+02
 ONX                  :: CPU Sec = 0.11D+04, WALL Sec = 0.11D+04
 ONX                  :: Allocs=214,  DeAllocs=214, 0 bytes are presently allocated.
                         A max of 279466152 bytes were allocated.
>-Exiting ONX 07/22/02 @ 14:15:08-<
<<Entering FockNGrueven 07/22/02 @ 14:15:09>>
 FockNGrueven         :: F[4] CheckSum  = 0.2106230051524962D+03
 FockNGrueven         :: OrthoF[4] CheckSum  = 0.1962193364903318D+03
 FockNGrueven         :: CPU (Sec,MFLOPS) = (0.14D+02, 366),
                         WALL(Sec,MFLOPS) = (0.14D+02, 366)
 FockNGrueven         :: Allocs=41,  DeAllocs=37, 10156444 bytes are presently allocated.
                         A max of 74563500 bytes were allocated.
>-Exiting FockNGrueven 07/22/02 @ 14:15:23-<
<<Entering DIIS 07/22/02 @ 14:15:23>>
 DIIS                 :: Cond# = 0.16D+04, MIN(E) = 0.22D-02
 DIIS : Pulay C1      :: DIISCo = 0.46D+00, -.56D+00, -.12D-01, 0.11D+01
 DIIS                 :: F_DIIS[4] CheckSum  = 0.1962067548328072D+03
 DIIS                 :: CPU (Sec,MFLOPS) = (0.26D+02, 318),
                         WALL(Sec,MFLOPS) = (0.26D+02, 318)
 DIIS                 :: Allocs=62,  DeAllocs=57, 344 bytes are presently allocated.
                         A max of 99770940 bytes were allocated.
>-Exiting DIIS 07/22/02 @ 14:15:49-<
<<Entering NT4 07/22/02 @ 14:15:50>>
 NT4 : Pure 1         :: dE=0.10D+01, dP=0.59D+00, ThrX=0.10D-03, %Non0=25
 NT4 : Pure 2         :: dE=0.16D+00, dP=0.61D+00, ThrX=0.10D-03, %Non0=25
 NT4 : Pure 3         :: dE=0.51D+00, dP=0.59D+00, ThrX=0.10D-03, %Non0=25
 NT4 : Pure 4         :: dE=0.36D+00, dP=0.58D+00, ThrX=0.10D-03, %Non0=25
 NT4 : Pure 5         :: dE=0.35D+00, dP=0.52D+00, ThrX=0.10D-03, %Non0=26
 NT4 : Pure 6         :: dE=0.26D+00, dP=0.61D+00, ThrX=0.10D-03, %Non0=26
 NT4 : Pure 7         :: dE=0.29D+00, dP=0.51D+00, ThrX=0.10D-03, %Non0=29
 NT4 : Pure 8         :: dE=0.92D-01, dP=0.33D+00, ThrX=0.10D-03, %Non0=39
 NT4 : Pure 9         :: dE=0.63D-01, dP=0.31D+00, ThrX=0.10D-03, %Non0=45
 NT4 : Pure 10        :: dE=0.34D-01, dP=0.24D+00, ThrX=0.10D-03, %Non0=47
 NT4 : Pure 11        :: dE=0.16D-01, dP=0.17D+00, ThrX=0.10D-03, %Non0=46
 NT4 : Pure 12        :: dE=0.75D-02, dP=0.13D+00, ThrX=0.10D-03, %Non0=46
 NT4 : Pure 13        :: dE=0.32D-02, dP=0.89D-01, ThrX=0.10D-03, %Non0=48
 NT4 : Pure 14        :: dE=0.66D-03, dP=0.50D-01, ThrX=0.10D-03, %Non0=48
 NT4 : Pure 15        :: dE=0.47D-04, dP=0.14D-01, ThrX=0.10D-03, %Non0=48
 NT4 : Pure 16        :: dE=0.63D-06, dP=0.88D-03, ThrX=0.10D-03, %Non0=48
 NT4 : Pure 17        :: dE=0.44D-08, dP=0.19D-03, ThrX=0.10D-03, %Non0=48
 NT4 : Hit dE increase:: Tr{FP}=-.1654911767585692D+04, dNel = 0.11D-12
 NT4                  :: 17 purification steps, 34 matrix multiplies, %Non0s = 48
 NT4 : Max abs errors :: dE=0.74D-05, dP=0.19D-03, [F,P]=0.72D-02
 NT4 : Rel L2  errors :: dE=0.44D-08, dP=0.18D-03, [F,P]=0.84D-03
 NT4                  :: OrthoP[5] CheckSum  = 0.1870828780038851D+02
 NT4                  :: P[5] CheckSum  = 0.1311290267751139D+02
 NT4                  :: CPU (Sec,MFLOPS) = (0.22D+03, 357),
                         WALL(Sec,MFLOPS) = (0.22D+03, 355)
 NT4                  :: Allocs=247,  DeAllocs=243, 24853660 bytes are presently allocated.
                         A max of 149124492 bytes were allocated.
>-Exiting NT4 07/22/02 @ 14:19:32-<
<<Entering SCFStatus 07/22/02 @ 14:19:32>>
 
= = = = = SCFCycle #4, Basis #2, Geometry #1 = = = = =

       DIISErr = 0.97D-04
       MaxDelD = 0.52D-02
       <T>     = 0.53075483D+04
       <V>     = -.10001983D+05
       <HF>    = -.62789664D+03
       <SCF>   = -5322.33168256

 SCFStatus            :: CPU (Sec,MFLOPS) = (0.11D+01, 11),
                         WALL(Sec,MFLOPS) = (0.11D+01, 11)
 SCFStatus            :: Allocs=16,  DeAllocs=16, 0 bytes are presently allocated.
                         A max of 74563500 bytes were allocated.
>-Exiting SCFStatus 07/22/02 @ 14:19:33-<
 Normal SCF convergence.
 Convergence statistics for RHFx/6-31Gss:
========================================================================
SCF    Ink       Total             Delta       Max         DIIS   
Cycle  Fok       Energy            E_Tot       Delta P     Error  
  0,    F,           0.00000000, 0.0000D+00, 0.0000D+00, 0.0000D+00, 
  1,    F,       -5321.27966683, 0.5147D-01, 0.1489D+01, 0.2367D-03, 
  2,    F,       -5321.54101036, 0.4911D-04, 0.7062D-01, 0.5940D-03, 
  3,    F,       -5322.30225476, 0.1430D-03, 0.7043D-01, 0.1453D-03, 
  4,    F,       -5322.33168256, 0.5529D-05, 0.1185D-01, 0.9731D-04, 
========================================================================
<<Entering MakeS 07/22/02 @ 14:19:34>>
 MakeS                :: S CheckSum  = 0.5987453848158639D+02
 MakeS                :: CPU Sec = 0.29D+01, WALL Sec = 0.29D+01
 MakeS                :: Allocs=37,  DeAllocs=36, 24 bytes are presently allocated.
                         A max of 49892464 bytes were allocated.
>-Exiting MakeS 07/22/02 @ 14:19:37-<
<<Entering LowdinO 07/22/02 @ 14:19:37>>
 LowdinO              :: X CheckSum  = 0.1029763106896881D+03
 LowdinO              :: CPU Sec = 0.57D+03, WALL Sec = 0.57D+03
 LowdinO              :: Allocs=20,  DeAllocs=20, 0 bytes are presently allocated.
                         A max of 73515680 bytes were allocated.
>-Exiting LowdinO 07/22/02 @ 14:29:06-<
<<Entering MakeT 07/22/02 @ 14:29:06>>
 MakeT                :: T CheckSum  = 0.2703565609078992D+03
 MakeT                :: CPU Sec = 0.60D+01, WALL Sec = 0.60D+01
 MakeT                :: Allocs=33,  DeAllocs=32, 24 bytes are presently allocated.
                         A max of 49743592 bytes were allocated.
>-Exiting MakeT 07/22/02 @ 14:29:12-<
<<Entering MakeRho 07/22/02 @ 14:29:13>>
 MakeRho : Pruned Rho :: dNel = 0.34D-04, kept 7% of distributions.
 MakeRho : Moments    :: <r> = (-.20D+01, 0.23D+00, -.29D+01), <r^2> = 0.42D+03
 MakeRho              :: Rho CheckSum  = 0.1077780690746566D+05
 MakeRho              :: CPU Sec = 0.56D+02, WALL Sec = 0.56D+02
 MakeRho              :: Allocs=65,  DeAllocs=60, 1192 bytes are presently allocated.
                         A max of 80669788 bytes were allocated.
>-Exiting MakeRho 07/22/02 @ 14:30:09-<
<<Entering QCTC 07/22/02 @ 14:30:09>>
 QCTC                 :: J[0] CheckSum  = 0.3887559760282269D+03
 QCTC                 :: CPU Sec = 0.18D+04, WALL Sec = 0.18D+04
 QCTC                 :: Allocs=357428,  DeAllocs=50, 38090376 bytes are presently allocated.
                         A max of 87829240 bytes were allocated.
>-Exiting QCTC 07/22/02 @ 15:00:07-<
<<Entering ONX 07/22/02 @ 15:00:07>>
 ONX                  :: Kx[0] CheckSum  = 0.6676881372963227D+02
 ONX                  :: WALL (Sec) = 0.75D+04
 ONX                  :: Allocs=258,  DeAllocs=258, 0 bytes are presently allocated.
                         A max of 340564048 bytes were allocated.
>-Exiting ONX 07/22/02 @ 17:05:41-<
<<Entering FockNGrueven 07/22/02 @ 17:05:41>>
 FockNGrueven         :: F[0] CheckSum  = 0.2105855517851531D+03
 FockNGrueven         :: OrthoF[0] CheckSum  = 0.1962051279037992D+03
 FockNGrueven         :: CPU (Sec,MFLOPS) = (0.61D+02, 352),
                         WALL(Sec,MFLOPS) = (0.61D+02, 352)
 FockNGrueven         :: Allocs=41,  DeAllocs=37, 24853644 bytes are presently allocated.
                         A max of 74563500 bytes were allocated.
>-Exiting FockNGrueven 07/22/02 @ 17:06:42-<
<<Entering RHEqs 07/22/02 @ 17:06:43>>
 RHEqs                :: HOMO = -.37440927D+00, LUMO = 0.11711485D+00
 RHEqs                :: OrthoP[1] CheckSum  = 0.1870828693383259D+02
 RHEqs                :: P[1] CheckSum  = 0.1311100945482506D+02
 RHEqs                :: CPU (Sec,MFLOPS) = (0.55D+03, 38),
                         WALL(Sec,MFLOPS) = (0.55D+03, 38)
 RHEqs                :: Allocs=31,  DeAllocs=29, 49000000 bytes are presently allocated.
                         A max of 123563512 bytes were allocated.
>-Exiting RHEqs 07/22/02 @ 17:15:57-<
<<Entering SCFStatus 07/22/02 @ 17:15:57>>
 
= = = = = SCFCycle #0, Basis #3, Geometry #1 = = = = =

       Gap     = 0.49D+00
       MaxDelD = 0.15D+01
       <T>     = 0.53079677D+04
       <V>     = -.10002416D+05
       <HF>    = -.62798217D+03
       <SCF>   = -5322.43061425

 SCFStatus            :: CPU (Sec,MFLOPS) = (0.13D+01, 14),
                         WALL(Sec,MFLOPS) = (0.13D+01, 14)
 SCFStatus            :: Allocs=15,  DeAllocs=15, 0 bytes are presently allocated.
                         A max of 74562660 bytes were allocated.
>-Exiting SCFStatus 07/22/02 @ 17:15:59-<
<<Entering MakeRho 07/22/02 @ 17:15:59>>
 MakeRho : Pruned Rho :: dNel = 0.12D-08, kept 9% of distributions.
 MakeRho : Moments    :: <r> = (-.20D+01, 0.23D+00, -.29D+01), <r^2> = 0.42D+03
 MakeRho              :: Rho CheckSum  = 0.1077759254654803D+05
 MakeRho              :: CPU Sec = 0.82D+02, WALL Sec = 0.82D+02
 MakeRho              :: Allocs=64,  DeAllocs=59, 1192 bytes are presently allocated.
                         A max of 117307692 bytes were allocated.
>-Exiting MakeRho 07/22/02 @ 17:17:21-<
<<Entering QCTC 07/22/02 @ 17:17:22>>
 QCTC                 :: J[1] CheckSum  = 0.3887619861929576D+03
 QCTC                 :: WALL (Sec) = 0.31D+04
 QCTC                 :: Allocs=733733,  DeAllocs=50, 77763968 bytes are presently allocated.
                         A max of 127502832 bytes were allocated.
>-Exiting QCTC 07/22/02 @ 18:08:38-<
<<Entering ONX 07/22/02 @ 18:08:38>>
 ONX                  :: Kx[1] CheckSum  = 0.6676834092995343D+02
 ONX                  :: WALL (Sec) = 0.68D+04
 ONX                  :: Allocs=258,  DeAllocs=258, 0 bytes are presently allocated.
                         A max of 346703504 bytes were allocated.
>-Exiting ONX 07/22/02 @ 20:01:31-<
<<Entering FockNGrueven 07/22/02 @ 20:01:31>>
 FockNGrueven         :: F[1] CheckSum  = 0.2105909373568196D+03
 FockNGrueven         :: OrthoF[1] CheckSum  = 0.1962070179146502D+03
 FockNGrueven         :: CPU (Sec,MFLOPS) = (0.61D+02, 350),
                         WALL(Sec,MFLOPS) = (0.61D+02, 349)
 FockNGrueven         :: Allocs=41,  DeAllocs=37, 24853644 bytes are presently allocated.
                         A max of 74563500 bytes were allocated.
>-Exiting FockNGrueven 07/22/02 @ 20:02:32-<
<<Entering DIIS 07/22/02 @ 20:02:32>>
 DIIS : Damping       :: Co = 0.80D+00, 0.20D+00
 DIIS                 :: F_DIIS[1] CheckSum  = 0.1962055058286861D+03
 DIIS                 :: CPU (Sec,MFLOPS) = (0.61D+02, 352),
                         WALL(Sec,MFLOPS) = (0.63D+02, 340)
 DIIS                 :: Allocs=34,  DeAllocs=30, 144 bytes are presently allocated.
                         A max of 99770948 bytes were allocated.
>-Exiting DIIS 07/22/02 @ 20:03:35-<
<<Entering RHEqs 07/22/02 @ 20:03:36>>
 RHEqs                :: HOMO = -.37434678D+00, LUMO = 0.11709851D+00
 RHEqs                :: OrthoP[2] CheckSum  = 0.1870828693383335D+02
 RHEqs                :: P[2] CheckSum  = 0.1311100726698360D+02
 RHEqs                :: CPU (Sec,MFLOPS) = (0.56D+03, 38),
                         WALL(Sec,MFLOPS) = (0.56D+03, 38)
 RHEqs                :: Allocs=31,  DeAllocs=29, 49000000 bytes are presently allocated.
                         A max of 123563512 bytes were allocated.
>-Exiting RHEqs 07/22/02 @ 20:12:55-<
<<Entering SCFStatus 07/22/02 @ 20:12:55>>
 
= = = = = SCFCycle #1, Basis #3, Geometry #1 = = = = =

       Gap     = 0.49D+00
       DIISErr = 0.47D-05
       MaxDelD = 0.15D-03
       <T>     = 0.53079677D+04
       <V>     = -.10002346D+05
       <HF>    = -.62797104D+03
       <SCF>   = -5322.34893529

 SCFStatus            :: CPU (Sec,MFLOPS) = (0.19D+01, 12),
                         WALL(Sec,MFLOPS) = (0.19D+01, 12)
 SCFStatus            :: Allocs=16,  DeAllocs=16, 0 bytes are presently allocated.
                         A max of 74563500 bytes were allocated.
>-Exiting SCFStatus 07/22/02 @ 20:12:57-<
<<Entering MakeRho 07/22/02 @ 20:12:57>>
 MakeRho : Pruned Rho :: dNel = 0.40D-09, kept 9% of distributions.
 MakeRho : Moments    :: <r> = (-.20D+01, 0.23D+00, -.29D+01), <r^2> = 0.42D+03
 MakeRho              :: Rho CheckSum  = 0.1077759392757959D+05
 MakeRho              :: CPU Sec = 0.83D+02, WALL Sec = 0.83D+02
 MakeRho              :: Allocs=64,  DeAllocs=59, 1192 bytes are presently allocated.
                         A max of 117307212 bytes were allocated.
>-Exiting MakeRho 07/22/02 @ 20:14:20-<
<<Entering QCTC 07/22/02 @ 20:14:20>>
 QCTC                 :: J[2] CheckSum  = 0.3887613378730381D+03
 QCTC                 :: WALL (Sec) = 0.31D+04
 QCTC                 :: Allocs=733653,  DeAllocs=50, 77756608 bytes are presently allocated.
                         A max of 127495472 bytes were allocated.
>-Exiting QCTC 07/22/02 @ 21:05:34-<
<<Entering ONX 07/22/02 @ 21:05:34>>
 ONX                  :: Kx[2] CheckSum  = 0.6676841856178250D+02
 ONX                  :: WALL (Sec) = 0.68D+04
 ONX                  :: Allocs=258,  DeAllocs=258, 0 bytes are presently allocated.
                         A max of 346703504 bytes were allocated.
>-Exiting ONX 07/22/02 @ 22:58:44-<
<<Entering FockNGrueven 07/22/02 @ 22:58:45>>
 FockNGrueven         :: F[2] CheckSum  = 0.2105903471484573D+03
 FockNGrueven         :: OrthoF[2] CheckSum  = 0.1962067859258378D+03
 FockNGrueven         :: CPU (Sec,MFLOPS) = (0.62D+02, 348),
                         WALL(Sec,MFLOPS) = (0.62D+02, 348)
 FockNGrueven         :: Allocs=41,  DeAllocs=37, 24853644 bytes are presently allocated.
                         A max of 74563500 bytes were allocated.
>-Exiting FockNGrueven 07/22/02 @ 22:59:46-<
<<Entering DIIS 07/22/02 @ 22:59:46>>
 DIIS                 :: Cond# = 0.11D+07, MIN(E) = 0.13D-05
 DIIS : Pulay C1      :: DIISCo = -.40D+01, 0.50D+01
 DIIS                 :: F_DIIS[2] CheckSum  = 0.1962058489363473D+03
 DIIS                 :: CPU (Sec,MFLOPS) = (0.62D+02, 343),
                         WALL(Sec,MFLOPS) = (0.65D+02, 332)
 DIIS                 :: Allocs=45,  DeAllocs=40, 216 bytes are presently allocated.
                         A max of 99770948 bytes were allocated.
>-Exiting DIIS 07/22/02 @ 23:00:51-<
<<Entering RHEqs 07/22/02 @ 23:00:51>>
 RHEqs                :: HOMO = -.37417688D+00, LUMO = 0.11706451D+00
 RHEqs                :: OrthoP[3] CheckSum  = 0.1870828693383304D+02
 RHEqs                :: P[3] CheckSum  = 0.1311087002781812D+02
 RHEqs                :: CPU (Sec,MFLOPS) = (0.55D+03, 38),
                         WALL(Sec,MFLOPS) = (0.56D+03, 38)
 RHEqs                :: Allocs=31,  DeAllocs=29, 49000000 bytes are presently allocated.
                         A max of 123563512 bytes were allocated.
>-Exiting RHEqs 07/22/02 @ 23:10:09-<
<<Entering SCFStatus 07/22/02 @ 23:10:09>>
 
= = = = = SCFCycle #2, Basis #3, Geometry #1 = = = = =

       Gap     = 0.49D+00
       DIISErr = 0.39D-05
       MaxDelD = 0.71D-03
       <T>     = 0.53079810D+04
       <V>     = -.10002357D+05
       <HF>    = -.62797272D+03
       <SCF>   = -5322.34895386

 SCFStatus            :: CPU (Sec,MFLOPS) = (0.19D+01, 12),
                         WALL(Sec,MFLOPS) = (0.19D+01, 12)
 SCFStatus            :: Allocs=16,  DeAllocs=16, 0 bytes are presently allocated.
                         A max of 74563500 bytes were allocated.
>-Exiting SCFStatus 07/22/02 @ 23:10:11-<
<<Entering MakeRho 07/22/02 @ 23:10:11>>
 MakeRho : Pruned Rho :: dNel = 0.67D-09, kept 9% of distributions.
 MakeRho : Moments    :: <r> = (-.20D+01, 0.23D+00, -.29D+01), <r^2> = 0.42D+03
 MakeRho              :: Rho CheckSum  = 0.1077753634576245D+05
 MakeRho              :: CPU Sec = 0.83D+02, WALL Sec = 0.83D+02
 MakeRho              :: Allocs=64,  DeAllocs=59, 1192 bytes are presently allocated.
                         A max of 117309980 bytes were allocated.
>-Exiting MakeRho 07/22/02 @ 23:11:34-<
<<Entering QCTC 07/22/02 @ 23:11:34>>
 QCTC                 :: J[3] CheckSum  = 0.3887606511620808D+03
 QCTC                 :: WALL (Sec) = 0.31D+04
 QCTC                 :: Allocs=734023,  DeAllocs=50, 77792448 bytes are presently allocated.
                         A max of 127531312 bytes were allocated.
>-Exiting QCTC 07/23/02 @ 00:02:47-<
<<Entering ONX 07/23/02 @ 00:02:48>>
 ONX                  :: Kx[3] CheckSum  = 0.6676853277839692D+02
 ONX                  :: WALL (Sec) = 0.68D+04
 ONX                  :: Allocs=258,  DeAllocs=258, 0 bytes are presently allocated.
                         A max of 346703504 bytes were allocated.
>-Exiting ONX 07/23/02 @ 01:55:30-<
<<Entering FockNGrueven 07/23/02 @ 01:55:30>>
 FockNGrueven         :: F[3] CheckSum  = 0.2105896687504979D+03
 FockNGrueven         :: OrthoF[3] CheckSum  = 0.1962064742451188D+03
 FockNGrueven         :: CPU (Sec,MFLOPS) = (0.61D+02, 348),
                         WALL(Sec,MFLOPS) = (0.62D+02, 348)
 FockNGrueven         :: Allocs=41,  DeAllocs=37, 24853644 bytes are presently allocated.
                         A max of 74563500 bytes were allocated.
>-Exiting FockNGrueven 07/23/02 @ 01:56:32-<
<<Entering DIIS 07/23/02 @ 01:56:32>>
 DIIS                 :: Cond# = 0.11D+08, MIN(E) = 0.15D-06
 DIIS : Pulay C1      :: DIISCo = -.11D+01, 0.13D+01, 0.80D+00
 DIIS                 :: F_DIIS[3] CheckSum  = 0.1962062753842610D+03
 DIIS                 :: CPU (Sec,MFLOPS) = (0.63D+02, 339),
                         WALL(Sec,MFLOPS) = (0.65D+02, 328)
 DIIS                 :: Allocs=49,  DeAllocs=44, 272 bytes are presently allocated.
                         A max of 99770948 bytes were allocated.
>-Exiting DIIS 07/23/02 @ 01:57:37-<
<<Entering RHEqs 07/23/02 @ 01:57:38>>
 RHEqs                :: HOMO = -.37410368D+00, LUMO = 0.11704206D+00
 RHEqs                :: OrthoP[4] CheckSum  = 0.1870828693383345D+02
 RHEqs                :: P[4] CheckSum  = 0.1311086749607357D+02
 RHEqs                :: CPU (Sec,MFLOPS) = (0.55D+03, 38),
                         WALL(Sec,MFLOPS) = (0.56D+03, 38)
 RHEqs                :: Allocs=31,  DeAllocs=29, 49000000 bytes are presently allocated.
                         A max of 123563512 bytes were allocated.
>-Exiting RHEqs 07/23/02 @ 02:06:55-<
<<Entering SCFStatus 07/23/02 @ 02:06:55>>
 
= = = = = SCFCycle #3, Basis #3, Geometry #1 = = = = =

       Gap     = 0.49D+00
       DIISErr = 0.62D-06
       MaxDelD = 0.15D-03
       <T>     = 0.53079815D+04
       <V>     = -.10002358D+05
       <HF>    = -.62797247D+03
       <SCF>   = -5322.34899561

 SCFStatus            :: CPU (Sec,MFLOPS) = (0.19D+01, 12),
                         WALL(Sec,MFLOPS) = (0.19D+01, 12)
 SCFStatus            :: Allocs=16,  DeAllocs=16, 0 bytes are presently allocated.
                         A max of 74563500 bytes were allocated.
>-Exiting SCFStatus 07/23/02 @ 02:06:57-<
<<Entering MakeRho 07/23/02 @ 02:06:57>>
 MakeRho : Pruned Rho :: dNel = 0.14D-09, kept 9% of distributions.
 MakeRho : Moments    :: <r> = (-.20D+01, 0.23D+00, -.30D+01), <r^2> = 0.42D+03
 MakeRho              :: Rho CheckSum  = 0.1077754060466848D+05
 MakeRho              :: CPU Sec = 0.83D+02, WALL Sec = 0.83D+02
 MakeRho              :: Allocs=64,  DeAllocs=59, 1192 bytes are presently allocated.
                         A max of 117310060 bytes were allocated.
>-Exiting MakeRho 07/23/02 @ 02:08:20-<
<<Entering QCTC 07/23/02 @ 02:08:20>>
 QCTC                 :: J[4] CheckSum  = 0.3887598838318681D+03
 QCTC                 :: WALL (Sec) = 0.31D+04
 QCTC                 :: Allocs=734013,  DeAllocs=50, 77791840 bytes are presently allocated.
                         A max of 127530704 bytes were allocated.
>-Exiting QCTC 07/23/02 @ 02:59:32-<
<<Entering ONX 07/23/02 @ 02:59:32>>
 ONX                  :: Kx[4] CheckSum  = 0.6676863155764791D+02
 ONX                  :: WALL (Sec) = 0.68D+04
 ONX                  :: Allocs=258,  DeAllocs=258, 0 bytes are presently allocated.
                         A max of 346703504 bytes were allocated.
>-Exiting ONX 07/23/02 @ 04:52:27-<
<<Entering FockNGrueven 07/23/02 @ 04:52:27>>
 FockNGrueven         :: F[4] CheckSum  = 0.2105889718131543D+03
 FockNGrueven         :: OrthoF[4] CheckSum  = 0.1962062097173383D+03
 FockNGrueven         :: CPU (Sec,MFLOPS) = (0.61D+02, 348),
                         WALL(Sec,MFLOPS) = (0.62D+02, 348)
 FockNGrueven         :: Allocs=41,  DeAllocs=37, 24853644 bytes are presently allocated.
                         A max of 74563500 bytes were allocated.
>-Exiting FockNGrueven 07/23/02 @ 04:53:29-<
<<Entering DIIS 07/23/02 @ 04:53:29>>
 DIIS                 :: Cond# = 0.61D+08, MIN(E) = 0.33D-07
 DIIS : Pulay C1      :: DIISCo = 0.92D+00, -.11D+01, -.26D+00, 0.15D+01
 DIIS                 :: F_DIIS[4] CheckSum  = 0.1962062377972490D+03
 DIIS                 :: CPU (Sec,MFLOPS) = (0.65D+02, 329),
                         WALL(Sec,MFLOPS) = (0.70D+02, 305)
 DIIS                 :: Allocs=54,  DeAllocs=49, 344 bytes are presently allocated.
                         A max of 99770948 bytes were allocated.
>-Exiting DIIS 07/23/02 @ 04:54:39-<
<<Entering RHEqs 07/23/02 @ 04:54:40>>
 RHEqs                :: HOMO = -.37409172D+00, LUMO = 0.11703970D+00
 RHEqs                :: OrthoP[5] CheckSum  = 0.1870828693383360D+02
 RHEqs                :: P[5] CheckSum  = 0.1311083758329944D+02
 RHEqs                :: CPU (Sec,MFLOPS) = (0.55D+03, 38),
                         WALL(Sec,MFLOPS) = (0.56D+03, 38)
 RHEqs                :: Allocs=31,  DeAllocs=29, 49000000 bytes are presently allocated.
                         A max of 123563512 bytes were allocated.
>-Exiting RHEqs 07/23/02 @ 05:03:59-<
<<Entering SCFStatus 07/23/02 @ 05:04:00>>
 
= = = = = SCFCycle #4, Basis #3, Geometry #1 = = = = =

       Gap     = 0.49D+00
       DIISErr = 0.18D-06
       MaxDelD = 0.10D-03
       <T>     = 0.53079975D+04
       <V>     = -.10002372D+05
       <HF>    = -.62797463D+03
       <SCF>   = -5322.34899635

 SCFStatus            :: CPU (Sec,MFLOPS) = (0.19D+01, 12),
                         WALL(Sec,MFLOPS) = (0.19D+01, 12)
 SCFStatus            :: Allocs=16,  DeAllocs=16, 0 bytes are presently allocated.
                         A max of 74563500 bytes were allocated.
>-Exiting SCFStatus 07/23/02 @ 05:04:02-<
<<Entering MakeRho 07/23/02 @ 05:04:02>>
 MakeRho : Pruned Rho :: dNel = 0.72D-09, kept 9% of distributions.
 MakeRho : Moments    :: <r> = (-.20D+01, 0.23D+00, -.30D+01), <r^2> = 0.42D+03
 MakeRho              :: Rho CheckSum  = 0.1077753011760237D+05
 MakeRho              :: CPU Sec = 0.83D+02, WALL Sec = 0.83D+02
 MakeRho              :: Allocs=64,  DeAllocs=59, 1192 bytes are presently allocated.
                         A max of 117310140 bytes were allocated.
>-Exiting MakeRho 07/23/02 @ 05:05:25-<
<<Entering QCTC 07/23/02 @ 05:05:26>>
 QCTC                 :: J[5] CheckSum  = 0.3887599267551154D+03
 QCTC                 :: WALL (Sec) = 0.31D+04
 QCTC                 :: Allocs=734023,  DeAllocs=50, 77792768 bytes are presently allocated.
                         A max of 127531632 bytes were allocated.
>-Exiting QCTC 07/23/02 @ 05:56:36-<
<<Entering ONX 07/23/02 @ 05:56:38>>
 ONX                  :: Kx[5] CheckSum  = 0.6676863886116990D+02
 ONX                  :: WALL (Sec) = 0.68D+04
 ONX                  :: Allocs=258,  DeAllocs=258, 0 bytes are presently allocated.
                         A max of 346703504 bytes were allocated.
>-Exiting ONX 07/23/02 @ 07:49:20-<
<<Entering FockNGrueven 07/23/02 @ 07:49:20>>
 FockNGrueven         :: F[5] CheckSum  = 0.2105890013307799D+03
 FockNGrueven         :: OrthoF[5] CheckSum  = 0.1962062152143436D+03
 FockNGrueven         :: CPU (Sec,MFLOPS) = (0.62D+02, 348),
                         WALL(Sec,MFLOPS) = (0.62D+02, 345)
 FockNGrueven         :: Allocs=41,  DeAllocs=37, 24853644 bytes are presently allocated.
                         A max of 74563500 bytes were allocated.
>-Exiting FockNGrueven 07/23/02 @ 07:50:22-<
<<Entering DIIS 07/23/02 @ 07:50:22>>
 DIIS                 :: Cond# = 0.93D+09, MIN(E) = 0.24D-08
 DIIS : Pulay C1      :: DIISCo = 0.45D-01, -.53D-01, -.22D-01,
                                  0.23D-01, 0.10D+01
 DIIS                 :: F_DIIS[5] CheckSum  = 0.1962062148523995D+03
 DIIS                 :: CPU (Sec,MFLOPS) = (0.67D+02, 319),
                         WALL(Sec,MFLOPS) = (0.70D+02, 310)
 DIIS                 :: Allocs=60,  DeAllocs=55, 432 bytes are presently allocated.
                         A max of 99770948 bytes were allocated.
>-Exiting DIIS 07/23/02 @ 07:51:32-<
<<Entering RHEqs 07/23/02 @ 07:51:32>>
 RHEqs                :: HOMO = -.37409145D+00, LUMO = 0.11703950D+00
 RHEqs                :: OrthoP[6] CheckSum  = 0.1870828693383352D+02
 RHEqs                :: P[6] CheckSum  = 0.1311083395400689D+02
 RHEqs                :: CPU (Sec,MFLOPS) = (0.55D+03, 38),
                         WALL(Sec,MFLOPS) = (0.56D+03, 38)
 RHEqs                :: Allocs=31,  DeAllocs=29, 49000000 bytes are presently allocated.
                         A max of 123563512 bytes were allocated.
>-Exiting RHEqs 07/23/02 @ 08:00:50-<
<<Entering SCFStatus 07/23/02 @ 08:00:50>>
 
= = = = = SCFCycle #5, Basis #3, Geometry #1 = = = = =

       Gap     = 0.49D+00
       DIISErr = 0.24D-07
       MaxDelD = 0.89D-05
       <T>     = 0.53079941D+04
       <V>     = -.10002369D+05
       <HF>    = -.62797425D+03
       <SCF>   = -5322.34899646

 SCFStatus            :: CPU (Sec,MFLOPS) = (0.19D+01, 12),
                         WALL(Sec,MFLOPS) = (0.19D+01, 12)
 SCFStatus            :: Allocs=16,  DeAllocs=16, 0 bytes are presently allocated.
                         A max of 74563500 bytes were allocated.
>-Exiting SCFStatus 07/23/02 @ 08:00:52-<
 Normal SCF convergence.
 Convergence statistics for RHFx/6-31Gss:
========================================================================
SCF    Ink       Total             Delta       Max         DIIS   
Cycle  Fok       Energy            E_Tot       Delta P     Error  
  0,    F,           0.00000000, 0.0000D+00, 0.0000D+00, 0.0000D+00, 
  1,    F,       -5322.34893529, 0.1535D-04, 0.1506D+01, 0.1453D-03, 
  2,    F,       -5322.34895386, 0.3489D-08, 0.5577D-03, 0.3858D-05, 
  3,    F,       -5322.34899561, 0.7846D-08, 0.5620D-03, 0.6204D-06, 
  4,    F,       -5322.34899635, 0.1380D-09, 0.4848D-04, 0.1808D-06, 
  5,    F,       -5322.34899646, 0.2029D-10, 0.9223D-04, 0.2351D-07, 
========================================================================
>-Succesfull MondoSCF run 07/23/02 @ 08:00:52-<
