

 __    __                 _       ____________ ______ 
|  \  /  |               | |     /       /    |      |
|   \/   | ___  _ __   __| | ___/   ____/   __|  |==='
|        |/ _ \| '_ \ / _  |/ _ \____  \   (__|  ____|
|  |\/|  | (_) | | | | (_| | (_) )     /\     |  |    
|__|  |__|\___/|_| |_|\____|\___/_____/  \____|__|    

 Version 1.0 alpha 4                                  
 A program suite for O(N) SCF theory and ab initio MD 
 Matt Challacombe, Eric Schwegler, C.J. Tymczak,      
 Chee Kwan Gan, Karoly Nemeth and Anders Niklasson    
 Los Alamos National Laboratory (LA-CC 01-2)          
 Copywrite 2001, University of California.            

 Compiled for AMDLinux.PG, executing on zinc26
 a i686 machine running Linux 2.4.2-2

Water Cluster Scaling                                                                                                           
  
<<Starting MondoSCF 07/22/02 @ 10:56:03>>
 ** Auto-Wraps at default value => (Off) **
 ** Atom-Wrap at default value => (AtomWrap-Off) **
 ** Lattice Vector Format at default value => (Vector Format) **
 ** Coodinate Format at default value => (Atomic Coord) **
========================================================================
 Internal representation of the geometry:
 Geometry originally in Angstroms has been converted to AU.
 Geometry has been reordered using the Hilbert curve.
 Number of electrons = 900
------------------------------------------------------------------------
  *** Periodic is Off *** 
------------------------------------------------------------------------
 1   h    -.57640422D+01   0.63664869D+00   -.15534492D+02
 2   o    -.51020712D+01   0.19057887D+01   -.95958396D+01
 3   h    -.82477091D+01   -.20690610D+01   -.10089814D+02
 4   o    -.73463098D+01   -.35944478D+01   -.97256638D+01
 5   h    -.86386934D+01   -.48267381D+01   -.94371026D+01
 6   h    -.60835949D+01   -.21429493D+01   -.14937906D+02
 7   o    -.48953352D+01   -.78366937D+00   -.14827357D+02
 8   h    0.15433392D+01   -.35203705D+01   -.12766611D+02
 9   o    0.23689605D+01   -.38607102D+01   -.14339619D+02
 10   o    -.51872978D+00   -.19974404D+01   -.96848457D+01
 11   h    0.30258293D+01   0.14305226D+00   -.10601552D+02
 12   h    -.14524434D+01   -.12474081D+01   -.11040346D+02
 13   h    -.48233366D+01   0.19740078D+01   -.11381820D+02
 14   h    -.16688170D+01   -.31787081D+01   -.89406716D+01
 15   h    0.16782657D+01   -.12328761D+02   -.11232342D+02
 16   o    0.13700513D+01   -.11441535D+02   -.96863575D+01
 17   h    -.14702068D+01   -.98046543D+01   -.72484220D+01
 18   h    0.22493408D+01   -.12400760D+02   -.84298787D+01
 19   h    -.16291328D+01   -.10924695D+02   -.46207580D+01
 20   h    0.23927710D+01   -.64511466D+01   -.47175120D+01
 21   o    -.17088792D+01   -.93533878D+01   -.55130866D+01
 22   h    -.33166581D+01   -.65777582D+01   -.59919432D+01
 23   h    -.46946463D+01   -.46902999D+01   -.76422409D+01
 24   o    -.35611886D+01   -.48023607D+01   -.62370406D+01
 25   h    0.95450060D+00   -.41721370D+01   -.56778707D+01
 26   o    0.21866019D+01   -.46738593D+01   -.44520055D+01
 27   h    0.59167321D+00   -.41745937D+01   -.15172610D+01
 28   h    -.37679246D+01   -.29508071D+01   -.16272430D+01
 29   o    -.52655325D+01   -.20152038D+01   -.12353139D+01
 30   h    -.80366267D+01   -.31267406D+01   -.38465372D+01
 31   h    -.59316609D+01   0.14265541D+01   -.62136080D+01
 32   o    -.59991241D+01   0.20286208D+01   -.45092642D+01
 33   h    -.53857191D+01   0.64723115D+00   -.35156462D+01
 34   h    -.89748756D+01   0.18179164D+01   -.81598368D+00
 35   o    -.98358348D+01   -.29676257D+01   -.37520510D+01
 36   h    -.10114002D+02   -.17124697D+01   -.24795095D+01
 37   h    -.81604037D+01   -.10605520D+02   -.38971819D+01
 38   h    -.53188228D+01   -.10287479D+02   -.38032625D+01
 39   o    -.67189208D+01   -.10925262D+02   -.28521634D+01
 40   o    -.10137624D+02   -.65242790D+01   0.45629324D+01
 41   h    -.11447960D+02   -.65286253D+01   0.33160912D+01
 42   h    -.71306920D+01   -.94754641D+01   0.62720006D+00
 43   o    -.63931320D+01   -.90054892D+01   0.22104125D+01
 44   h    -.87348804D+01   -.73257118D+01   0.37492164D+01
 45   h    -.68205880D+01   -.10360234D+02   0.33300751D+01
 46   h    -.88287998D+00   -.73871279D+01   0.95903594D+00
 47   h    -.27875348D+01   -.89418054D+01   0.24216839D+01
 48   o    -.12177394D+01   -.90697399D+01   0.15321898D+01
 49   h    0.18610022D+01   -.10360423D+02   0.65303261D+01
 50   o    0.13747757D+01   -.11631263D+02   0.53384759D+01
 51   h    0.66197101D+00   -.10707754D+02   0.39561414D+01
 52   h    -.40812412D+01   -.61446330D+01   0.72869724D+01
 53   h    0.31129456D+01   -.69848052D+01   0.90601023D+01
 54   o    0.22329002D+01   -.85485535D+01   0.92898930D+01
 55   h    0.48301396D+00   -.80910508D+01   0.92719406D+01
 56   h    -.45640662D+01   -.81477426D+01   0.92719406D+01
 57   o    -.33501062D+01   -.69109169D+01   0.87533998D+01
 58   h    -.98777867D+01   -.23640472D+01   0.89818676D+01
 59   h    -.65371291D+01   0.10433177D+01   0.76091707D+01
 60   o    -.59369521D+01   -.20110464D+01   0.13413842D+02
 61   h    -.54497808D+01   -.29045088D+01   0.14909182D+02
 62   h    -.17846572D+01   -.27157252D+01   0.87874148D+01
 63   h    0.21242410D+01   -.30912138D+01   0.13654782D+02
 64   o    0.24413370D+01   -.18952062D+01   0.12335375D+02
 65   h    -.48108644D+01   -.26187823D+01   0.12135253D+02
 66   h    -.34939144D+01   0.13006984D+01   0.14018554D+02
 67   h    0.80388944D+00   -.15061116D+01   0.11672837D+02
 68   o    -.21157372D+01   -.14188063D+01   0.10004209D+02
 69   h    -.34345770D+01   -.42726705D+00   0.92628699D+01
 70   h    -.47471807D+01   -.23852121D+01   0.40971149D+01
 71   o    -.43728259D+01   -.41403896D+01   0.43236931D+01
 72   o    0.22164596D+01   -.13961296D+01   0.36740053D+01
 73   h    0.19503862D+01   -.36433917D+00   0.51357083D+01
 74   h    0.28963830D+01   -.26437267D+00   0.24375576D+01
 75   o    -.58127971D+00   -.40457144D+01   -.14626479D+00
 76   h    0.31822986D+00   -.31418584D+01   0.11366702D+01
 77   h    -.49130986D+01   -.49217913D+01   0.27845112D+01
 78   h    -.47112759D+01   -.73207985D+00   -.87116368D-01
 79   h    -.48654775D+01   0.23309770D+01   0.32964380D+01
 80   o    -.42745602D+01   0.21557994D+01   0.15958736D+01
 81   o    -.50499148D+01   0.14804113D+01   0.66769688D+01
 82   o    -.95756195D+01   -.18165936D+01   0.72845157D+01
 83   h    -.98879912D+01   -.32830210D+01   0.62725675D+01
 84   h    -.99902254D+01   0.12069680D+01   0.57821836D+01
 85   h    -.10733077D+02   0.16633368D+01   0.14354359D+01
 86   o    -.10518593D+02   0.10597583D+01   -.25605787D+00
 87   o    -.89557894D+01   0.76297687D+01   0.33387679D+01
 88   h    -.81649391D+01   0.72765789D+01   0.17508311D+01
 89   h    -.69411525D+01   0.73047358D+01   0.61916872D+01
 90   h    -.95348014D+01   0.60195332D+01   0.39251499D+01
 91   o    -.10519727D+02   0.28003849D+01   0.51094411D+01
 92   h    -.11981241D+02   0.32393683D+01   0.60805713D+01
 93   h    -.66883072D+01   0.75222433D+01   0.90328902D+01
 94   o    -.57532708D+01   0.71070705D+01   0.75413295D+01
 95   h    -.50523714D+01   0.10571505D+02   0.81033340D+01
 96   h    0.31656690D+01   0.17206522D+02   0.31399687D+01
 97   o    0.15227412D+01   0.16672674D+02   0.26040424D+01
 98   h    0.59488574D+00   0.18210156D+02   0.23865350D+01
 99   h    0.50172225D+00   0.13400992D+02   0.11657720D+01
 100   o    0.65762464D+00   0.11618980D+02   0.89837573D+00
 101   o    0.56672882D+00   0.12194969D+02   0.65904194D+01
 102   h    0.14813562D+01   0.12707273D+02   0.51164331D+01
 103   h    -.11408276D+01   0.12691967D+02   0.62600953D+01
 104   o    -.46774498D+01   0.12156607D+02   0.88900269D+01
 105   h    -.37403346D+01   0.11716490D+02   0.10373273D+02
 106   o    0.24806433D+01   0.69672307D+01   0.14018554D+02
 107   h    0.23632913D+01   0.55841403D+01   0.12858829D+02
 108   h    0.19415045D+01   0.62786146D+01   0.15601956D+02
 109   h    -.19057887D+01   0.32885012D+01   0.15326623D+02
 110   o    -.33782631D+01   0.30844108D+01   0.14296155D+02
 111   h    0.27446380D+01   0.46109314D+01   0.75307470D+01
 112   h    0.22827890D+00   0.87040779D+01   0.58449225D+01
 113   o    -.15798109D+00   0.69371841D+01   0.58664654D+01
 114   h    -.16599353D+01   0.68134071D+01   0.68666973D+01
 115   h    -.46812292D+01   0.31781412D+01   0.71811477D+01
 116   h    -.28361008D+01   0.32482500D+01   0.15008204D+01
 117   h    0.14503647D+01   0.52307615D+01   0.51135985D+00
 118   o    -.29744287D+00   0.54800164D+01   0.90480080D+00
 119   h    -.33977273D+00   0.56298717D+01   0.27068435D+01
 120   h    -.47895105D+01   0.62948662D+01   -.97245299D+00
 121   h    0.29423034D+00   0.47483145D+01   -.51727469D+01
 122   h    0.24364237D+01   0.29045088D+01   -.56145649D+01
 123   o    0.16436837D+01   0.43709362D+01   -.63165981D+01
 124   o    -.42401672D+01   0.69466327D+01   -.85525219D+01
 125   h    -.25930820D+01   0.94066780D+01   -.37979713D+01
 126   h    -.69919862D-02   0.11349694D+02   -.76231546D+00
 127   h    0.14756870D+01   0.12294935D+02   -.46181124D+01
 128   o    0.31658579D+01   0.12358052D+02   -.52594854D+01
 129   h    -.30042864D+01   0.17039848D+02   -.70326153D+01
 130   h    -.39338426D+01   0.14869120D+02   -.86477641D+01
 131   o    -.34965600D+01   0.15301300D+02   -.69466327D+01
 132   h    -.31511181D+01   0.12067790D+02   -.46882212D+01
 133   o    -.19878028D+01   0.11107809D+02   -.36895010D+01
 134   h    -.91474076D+01   0.10655598D+02   -.57364522D+01
 135   o    -.75400067D+01   0.11221382D+02   -.63430543D+01
 136   h    -.78419849D+01   0.11682853D+02   -.80657285D+01
 137   h    -.51899435D+01   0.83459748D+01   -.79111489D+01
 138   o    -.11710254D+02   0.92347130D+01   -.40241715D+01
 139   h    -.13011330D+02   0.79839033D+01   -.41470037D+01
 140   h    -.10348517D+02   0.83915172D+01   -.31836214D+01
 141   h    -.64239345D+01   0.48864535D+01   -.28512186D+01
 142   o    -.64468002D+01   0.62789925D+01   -.16969739D+01
 143   h    -.11616146D+02   0.25190047D+01   -.36124002D+01
 144   h    -.11485566D+02   0.40366437D+01   -.60340841D+01
 145   o    -.12646046D+02   0.34358998D+01   -.47832744D+01
 146   h    -.77397507D+01   0.48101085D+01   -.93418604D+01
 147   h    -.10152742D+02   0.33516180D+01   -.98263862D+01
 148   o    -.95317779D+01   0.48915557D+01   -.91086682D+01
 149   h    -.13031550D+01   0.10848161D+02   -.11157320D+02
 150   h    0.53082403D+00   0.11427929D+02   -.90396932D+01
 151   h    -.26987177D+01   0.76806023D+01   -.91502422D+01
 152   o    0.28723835D-01   0.10114569D+02   -.10177497D+02
 153   h    0.27879128D+01   0.79109599D+01   -.11545092D+02
 154   h    0.29931370D+01   0.26955052D+01   -.93097351D+01
 155   h    -.38979378D+01   0.30651356D+01   -.89043889D+01
 156   o    0.93957176D+01   0.34425138D+01   -.91128256D+01
 157   h    0.78281899D+01   0.25413035D+01   -.91562893D+01
 158   h    0.93993081D+01   0.44200691D+01   -.10634811D+02
 159   h    0.32079988D+01   0.51810617D+01   -.12290400D+02
 160   h    0.70205210D+01   0.69562703D+01   -.12658707D+02
 161   o    0.87940289D+01   0.66758350D+01   -.12878861D+02
 162   h    0.94395593D+01   0.82711417D+01   -.13435574D+02
 163   o    0.35475826D+01   0.68769018D+01   -.12820090D+02
 164   h    0.11952517D+02   0.31157802D+01   -.27920701D+01
 165   h    0.10502908D+02   0.12442901D+02   -.14412940D+01
 166   o    0.94403151D+01   0.12429484D+02   -.51738808D+01
 167   h    0.84380045D+01   0.11501817D+02   -.63600618D+01
 168   h    0.10704164D+02   0.13239231D+02   -.61833724D+01
 169   h    0.73880727D+01   0.15871809D+02   -.16338571D+01
 170   o    0.57731129D+01   0.15114406D+02   -.13330127D+01
 171   h    0.41857431D+01   0.12733352D+02   -.38136560D+01
 172   h    0.91266206D+01   0.71391958D+01   -.14082238D+01
 173   o    0.10360990D+02   0.66966220D+01   -.50232696D+01
 174   h    0.92645706D+01   0.80696969D+01   -.54522374D+01
 175   o    0.54032935D+01   0.80948302D+01   -.66937874D+01
 176   h    0.46594974D+01   0.96963730D+01   -.63020472D+01
 177   h    0.41029731D+01   0.68905079D+01   -.63332277D+01
 178   h    0.10182788D+02   0.55289603D+01   -.63931320D+01
 179   h    0.52203680D+01   0.24379355D+01   -.82883382D+00
 180   o    0.47054177D+01   0.29551535D+01   0.82618820D+00
 181   h    0.60713117D+01   0.39773063D+01   0.14273100D+01
 182   o    0.53717351D+01   0.10412201D+02   0.26399472D+01
 183   h    0.67119288D+01   0.96153038D+01   0.17228632D+01
 184   o    0.85547896D+01   0.71265346D+01   0.30783636D+00
 185   h    0.99522419D+01   0.64647526D+01   0.12466522D+01
 186   o    0.81016333D+01   0.40241715D+01   0.48584855D+01
 187   h    0.91018652D+01   0.25369571D+01   0.46143329D+01
 188   h    0.92976408D+01   0.53074844D+01   0.52997365D+01
 189   o    0.11152785D+02   0.82165286D+01   0.52562728D+01
 190   h    0.10459444D+02   0.88063121D+01   0.68194542D+01
 191   h    0.55852741D+01   0.10261401D+02   0.64770358D+01
 192   h    0.50504817D+01   0.32427698D+01   0.65331607D+01
 193   o    0.36182584D+01   0.30294197D+01   0.76171075D+01
 194   h    0.11227807D+02   0.49650661D+01   0.10221150D+02
 195   h    0.74396622D+01   0.78708977D+01   0.95671158D+01
 196   o    0.91606357D+01   0.79619825D+01   0.10116081D+02
 197   h    0.93622695D+01   0.96633028D+01   0.10696038D+02
 198   h    0.33697594D+01   0.11284877D+02   0.79697304D+01
 199   o    0.50484030D+01   0.10639346D+02   0.81624824D+01
 200   h    0.82913617D+01   0.15806613D+02   0.38633558D+01
 201   o    0.66057262D+01   0.15181681D+02   0.36630449D+01
 202   h    0.67576601D+01   0.13391543D+02   0.38741272D+01
 203   h    0.40186913D+01   0.10539758D+02   0.14462073D+01
 204   h    0.58496468D+01   0.14550134D+02   0.38380335D+00
 205   o    0.10825673D+02   0.12606551D+02   0.33089102D+00
 206   h    0.10445649D+02   0.10975340D+02   0.10138380D+01
 207   o    0.12247314D+02   0.35281184D+01   0.10630654D+02
 208   h    0.12757351D+02   0.90425278D+01   0.51315509D+01
 209   h    0.15017274D+02   0.42586865D+01   0.37093431D+01
 210   h    0.13979626D+02   0.38493718D+01   0.10748761D+01
 211   o    0.14636873D+02   0.51298502D+01   0.21705393D+01
 212   h    0.15496131D+02   -.21336896D+01   0.77951197D+00
 213   h    0.13016055D+02   -.34937254D+01   0.35073314D+00
 214   o    0.13997767D+02   -.26796315D+01   0.16334791D+01
 215   h    0.13569744D+02   -.49561844D+01   0.40553520D+01
 216   h    0.11771859D+02   -.12196292D+01   0.43461808D+01
 217   h    0.77558134D+01   -.20507306D+01   -.24642027D+00
 218   h    0.52687450D+01   -.33389568D+01   0.33637123D+00
 219   h    0.44841308D+01   -.36449035D+01   0.61771363D+01
 220   o    0.54768039D+01   -.43645111D+01   0.75071255D+01
 221   h    0.10878775D+02   -.11338356D+01   0.70628509D+01
 222   o    0.10388769D+02   -.68294697D+00   0.53809948D+01
 223   h    0.11057354D+02   0.22030426D+01   0.10946238D+02
 224   h    0.10075263D+02   -.15546776D+01   0.11096093D+02
 225   o    0.73139955D+01   0.10467192D+01   0.11283743D+02
 226   h    0.57572392D+01   0.16860135D+01   0.10620638D+02
 227   h    0.70711657D+01   0.10312235D+01   0.13076148D+02
 228   h    0.53339406D+01   -.31832434D+01   0.88696179D+01
 229   o    0.11689845D+02   -.22325223D+01   0.10642937D+02
 230   h    0.11357820D+02   -.39644562D+01   0.10240047D+02
 231   h    0.76152178D+01   -.71363612D+01   0.64265801D+01
 232   o    0.88040444D+01   -.80216978D+01   0.53898765D+01
 233   h    0.90209850D+01   -.96187053D+01   0.62111514D+01
 234   o    0.67085273D+01   -.10769359D+02   0.18819781D+01
 235   h    0.75352824D+01   -.97434272D+01   0.31212604D+01
 236   h    0.76246664D+01   -.12328950D+02   0.19001195D+01
 237   h    0.11847826D+02   -.68077379D+01   0.53936559D+01
 238   o    0.13586752D+02   -.63413535D+01   0.52184783D+01
 239   h    0.12003162D+02   -.72803583D+01   -.29039419D+01
 240   o    0.12484664D+02   0.21644921D+01   -.13485085D+01
 241   h    0.13206350D+02   0.65686875D+00   -.20397702D+01
 242   h    0.11277507D+02   -.14135150D+01   -.79512111D+01
 243   o    0.12293990D+02   -.27828105D+01   -.73480105D+01
 244   h    0.12258275D+02   -.47607867D+01   -.42348759D+01
 245   o    0.12312132D+02   -.55248029D+01   -.25961056D+01
 246   h    0.50455684D+01   -.55368971D+00   -.35557084D+01
 247   o    0.49217913D+01   0.94032765D+00   -.45680346D+01
 248   o    0.62415760D+01   -.26577106D+01   -.10280109D+01
 249   o    0.63829275D+01   -.31864560D+01   -.83284004D+01
 250   h    0.52604302D+01   -.34349549D+01   -.69318929D+01
 251   h    0.59579281D+01   0.59790930D+00   -.60104625D+01
 252   h    0.69352944D+01   -.69819706D+01   -.26206720D+01
 253   h    0.66061041D+01   -.94544881D+01   -.12200071D+01
 254   o    0.66875513D+01   -.87539667D+01   -.28856116D+01
 255   o    0.11130675D+02   -.10841547D+02   -.40782177D+01
 256   h    0.94354019D+01   -.10418248D+02   -.36106994D+01
 257   h    0.49325628D+01   -.11292625D+02   -.45292952D+01
 258   h    0.36176914D+01   -.13832983D+02   -.44746822D+01
 259   o    0.43442911D+01   -.12622236D+02   -.56053052D+01
 260   h    0.11178485D+02   -.10608166D+02   -.58711897D+01
 261   h    0.58010808D+01   -.74196311D+01   -.11955540D+02
 262   h    0.43129216D+01   -.93348684D+01   -.10438468D+02
 263   o    0.56859965D+01   -.81643722D+01   -.10311101D+02
 264   o    0.36517065D+01   0.18330342D+01   -.10756887D+02
 265   h    0.63685656D+01   -.47666448D+01   -.92086347D+01
 266   h    0.34419469D+01   -.24292428D+01   -.14607771D+02
 267   h    0.49121537D+01   0.20195502D+01   -.14387051D+02
 268   o    0.41180909D+01   0.15389928D+01   -.15939650D+02
 269   h    0.53420664D+01   0.49907663D+00   -.16771885D+02
 270   h    0.12772847D+02   -.36842098D+01   -.88414610D+01
========================================================================
 ParseGeometry        :: Allocs=14,  DeAllocs=14, 0 bytes are presently allocated.
                         A max of 35688 bytes were allocated.
 Base(1)%BName   = STO-2G
 Opening BasFile = /home/mchalla/MONDO/BasisSets/STO-2G.bas
 Base(2)%BName   = 6-31Gss
 Opening BasFile = /home/mchalla/MONDO/BasisSets/6-31Gss.bas
 Base(3)%BName   = 6-31Gss
 Opening BasFile = /home/mchalla/MONDO/BasisSets/6-31Gss.bas
 ParseBaseSets        :: Allocs=131,  DeAllocs=130, 2160 bytes are presently allocated.
                         A max of 82376 bytes were allocated.
 Current HDF file :: /scratch/mchalla/h2o_90_13023.hdf

 PROGRAM OF CALCULATIONS:

  A restricted Roothaan-Hall solution of the SCF using
  a loose accuracy level, STO-2G and the HFx model.
 

  Followed by a  restricted Roothaan-Hall solution of the SCF using
  a loose accuracy level,6-31Gss and the HFx model.
 

  Followed by a  restricted Roothaan-Hall solution of the SCF using
  a tight accuracy level,6-31Gss and the HFx model.
 

 Accuracy level 1 for the STO-2G basis set:
  TrixNeglect = 0.10D-03, CubeNeglect = 0.10D-02,
  TwoENeglect = 0.10D-05, DistNeglect = 0.10D-07
 MaxAtms = 271, MaxBlks = 72901, MaxNon0 = 396901, BndWdth = 270
 Accuracy level 1 for the 6-31Gss basis set:
  TrixNeglect = 0.10D-03, CubeNeglect = 0.10D-02,
  TwoENeglect = 0.10D-05, DistNeglect = 0.10D-07
 MaxAtms = 271, MaxBlks = 72901, MaxNon0 = 5062501, BndWdth = 270
 Accuracy level 3 for the 6-31Gss basis set:
  TrixNeglect = 0.10D-09, CubeNeglect = 0.10D-06,
  TwoENeglect = 0.10D-09, DistNeglect = 0.10D-11
 MaxAtms = 271, MaxBlks = 72901, MaxNon0 = 5062501, BndWdth = 270
<<Entering MakeS 07/22/02 @ 10:56:06>>
 MakeS                :: S CheckSum  = 0.2816462383114216D+02
 MakeS                :: CPU Sec = 0.39D+00, WALL Sec = 0.40D+00
 MakeS                :: Allocs=37,  DeAllocs=36, 24 bytes are presently allocated.
                         A max of 7561976 bytes were allocated.
>-Exiting MakeS 07/22/02 @ 10:56:07-<
<<Entering BlokAInv 07/22/02 @ 10:56:07>>
 BlokAInv             :: CPU (Sec,MFLOPS) = (0.49D+00, 49),
                         WALL(Sec,MFLOPS) = (0.49D+00, 49)
 BlokAInv             :: Max(Z^t.A.Z-I)=0.12D-03, TrixThrsh=0.10D-03
 BlokAInv             :: Z CheckSum  = 0.2959077486980171D+02
 BlokAInv             :: CPU (Sec,MFLOPS) = (0.90D+00, 51),
                         WALL(Sec,MFLOPS) = (0.90D+00, 51)
 BlokAInv             :: Allocs=75,  DeAllocs=41, 11313572 bytes are presently allocated.
                         A max of 18835824 bytes were allocated.
>-Exiting BlokAInv 07/22/02 @ 10:56:08-<
<<Entering MakeT 07/22/02 @ 10:56:08>>
 MakeT                :: T CheckSum  = 0.2694844154709361D+03
 MakeT                :: CPU Sec = 0.59D+00, WALL Sec = 0.59D+00
 MakeT                :: Allocs=33,  DeAllocs=32, 24 bytes are presently allocated.
                         A max of 7556400 bytes were allocated.
>-Exiting MakeT 07/22/02 @ 10:56:09-<
<<Entering P2Use 07/22/02 @ 10:56:09>>
 P2Use                :: P[0] CheckSum  = 0.3005747786149864D+02
 P2Use                :: CPU (Sec,MFLOPS) = (0.23D+00, 29),
                         WALL(Sec,MFLOPS) = (0.23D+00, 29)
 P2Use                :: Allocs=52,  DeAllocs=48, 3759500 bytes are presently allocated.
                         A max of 18886572 bytes were allocated.
>-Exiting P2Use 07/22/02 @ 10:56:09-<
<<Entering MakeRho 07/22/02 @ 10:56:10>>
 MakeRho : Pruned Rho :: dNel = 0.25D-04, kept 22% of distributions.
 MakeRho : Moments    :: <r> = (0.12D+01, 0.24D+00, 0.11D+01), <r^2> = 0.68D+03
 MakeRho              :: Rho CheckSum  = 0.7257817861790380D+04
 MakeRho              :: CPU Sec = 0.42D+01, WALL Sec = 0.42D+01
 MakeRho              :: Allocs=64,  DeAllocs=59, 272 bytes are presently allocated.
                         A max of 5981220 bytes were allocated.
>-Exiting MakeRho 07/22/02 @ 10:56:14-<
<<Entering QCTC 07/22/02 @ 10:56:14>>
 QCTC                 :: J[0] CheckSum  = 0.4135845493990103D+03
 QCTC                 :: CPU Sec = 0.51D+02, WALL Sec = 0.51D+02
 QCTC                 :: Allocs=101253,  DeAllocs=50, 10194448 bytes are presently allocated.
                         A max of 17748616 bytes were allocated.
>-Exiting QCTC 07/22/02 @ 10:57:05-<
<<Entering ONX 07/22/02 @ 10:57:06>>
 ONX                  :: Kx[0] CheckSum  = 0.5277571329655030D+02
 ONX                  :: CPU Sec = 0.11D+02, WALL Sec = 0.11D+02
 ONX                  :: Allocs=170,  DeAllocs=170, 0 bytes are presently allocated.
                         A max of 32106588 bytes were allocated.
>-Exiting ONX 07/22/02 @ 10:57:17-<
<<Entering FockNGrueven 07/22/02 @ 10:57:17>>
 FockNGrueven         :: F[0] CheckSum  = 0.2045731566506237D+03
 FockNGrueven         :: OrthoF[0] CheckSum  = 0.1858449900682864D+03
 FockNGrueven         :: CPU (Sec,MFLOPS) = (0.48D+00, 50),
                         WALL(Sec,MFLOPS) = (0.48D+00, 50)
 FockNGrueven         :: Allocs=41,  DeAllocs=37, 348300 bytes are presently allocated.
                         A max of 11281740 bytes were allocated.
>-Exiting FockNGrueven 07/22/02 @ 10:57:18-<
<<Entering NT4 07/22/02 @ 10:57:18>>
 NT4 : Pure 1         :: dE=0.10D+01, dP=0.30D+00, ThrX=0.10D-03, %Non0=8
 NT4 : Pure 2         :: dE=0.41D-01, dP=0.42D+00, ThrX=0.10D-03, %Non0=8
 NT4 : Pure 3         :: dE=0.17D-01, dP=0.50D+00, ThrX=0.10D-03, %Non0=8
 NT4 : Pure 4         :: dE=0.89D-02, dP=0.40D+00, ThrX=0.10D-03, %Non0=8
 NT4 : Pure 5         :: dE=0.13D-01, dP=0.30D+00, ThrX=0.10D-03, %Non0=9
 NT4 : Pure 6         :: dE=0.74D-02, dP=0.68D-01, ThrX=0.10D-03, %Non0=9
 NT4 : Pure 7         :: dE=0.91D-02, dP=0.84D-01, ThrX=0.10D-03, %Non0=10
 NT4 : Pure 8         :: dE=0.94D-02, dP=0.96D-01, ThrX=0.10D-03, %Non0=12
 NT4 : Pure 9         :: dE=0.84D-02, dP=0.12D+00, ThrX=0.10D-03, %Non0=17
 NT4 : Pure 10        :: dE=0.64D-02, dP=0.12D+00, ThrX=0.10D-03, %Non0=21
 NT4 : Pure 11        :: dE=0.32D-02, dP=0.99D-01, ThrX=0.10D-03, %Non0=27
 NT4 : Pure 12        :: dE=0.93D-03, dP=0.51D-01, ThrX=0.10D-03, %Non0=31
 NT4 : Pure 13        :: dE=0.14D-03, dP=0.16D-01, ThrX=0.10D-03, %Non0=33
 NT4 : Pure 14        :: dE=0.50D-05, dP=0.14D-02, ThrX=0.10D-03, %Non0=34
 NT4 : Pure 15        :: dE=0.93D-08, dP=0.25D-03, ThrX=0.10D-03, %Non0=33
 NT4 : Met dE/dP goals:: Tr{FP}=-.1952456531198232D+04, dNel = 0.11D-12
 NT4                  :: 15 purification steps, 29 matrix multiplies, %Non0s = 33
 NT4 : Max abs errors :: dE=0.18D-04, dP=0.25D-03, [F,P]=0.33D-02
 NT4 : Rel L2  errors :: dE=0.93D-08, dP=0.22D-03, [F,P]=0.25D-03
 NT4                  :: OrthoP[1] CheckSum  = 0.2121320462965727D+02
 NT4                  :: P[1] CheckSum  = 0.2088204120438800D+02
 NT4                  :: CPU (Sec,MFLOPS) = (0.14D+02, 62),
                         WALL(Sec,MFLOPS) = (0.14D+02, 62)
 NT4                  :: Allocs=230,  DeAllocs=226, 3759500 bytes are presently allocated.
                         A max of 22560252 bytes were allocated.
>-Exiting NT4 07/22/02 @ 10:57:32-<
<<Entering SCFStatus 07/22/02 @ 10:57:32>>
 
= = = = = SCFCycle #0, Basis #1, Geometry #1 = = = = =

       MaxDelD = 0.11D+01
       <T>     = 0.67876795D+04
       <V>     = -.12346216D+05
       <HF>    = -.74284793D+03
       <SCF>   = -6301.38467199

 SCFStatus            :: CPU (Sec,MFLOPS) = (0.14D+00, 4),
                         WALL(Sec,MFLOPS) = (0.14D+00, 4)
 SCFStatus            :: Allocs=16,  DeAllocs=16, 0 bytes are presently allocated.
                         A max of 11281740 bytes were allocated.
>-Exiting SCFStatus 07/22/02 @ 10:57:33-<
<<Entering MakeRho 07/22/02 @ 10:57:33>>
 MakeRho : Pruned Rho :: dNel = 0.62D-04, kept 16% of distributions.
 MakeRho : Moments    :: <r> = (-.39D+01, -.10D+01, -.27D+01), <r^2> = 0.49D+03
 MakeRho              :: Rho CheckSum  = 0.6960416685140192D+04
 MakeRho              :: CPU Sec = 0.54D+01, WALL Sec = 0.54D+01
 MakeRho              :: Allocs=64,  DeAllocs=59, 272 bytes are presently allocated.
                         A max of 7970636 bytes were allocated.
>-Exiting MakeRho 07/22/02 @ 10:57:38-<
<<Entering QCTC 07/22/02 @ 10:57:39>>
 QCTC                 :: J[1] CheckSum  = 0.4116342181308934D+03
 QCTC                 :: CPU Sec = 0.50D+02, WALL Sec = 0.50D+02
 QCTC                 :: Allocs=102678,  DeAllocs=50, 10384304 bytes are presently allocated.
                         A max of 17938472 bytes were allocated.
>-Exiting QCTC 07/22/02 @ 10:58:28-<
<<Entering ONX 07/22/02 @ 10:58:29>>
 ONX                  :: Kx[1] CheckSum  = 0.5485070789985930D+02
 ONX                  :: CPU Sec = 0.16D+02, WALL Sec = 0.16D+02
 ONX                  :: Allocs=170,  DeAllocs=170, 0 bytes are presently allocated.
                         A max of 32659420 bytes were allocated.
>-Exiting ONX 07/22/02 @ 10:58:44-<
<<Entering FockNGrueven 07/22/02 @ 10:58:45>>
 FockNGrueven         :: F[1] CheckSum  = 0.2031339283659108D+03
 FockNGrueven         :: OrthoF[1] CheckSum  = 0.1844628180832594D+03
 FockNGrueven         :: CPU (Sec,MFLOPS) = (0.59D+00, 56),
                         WALL(Sec,MFLOPS) = (0.60D+00, 55)
 FockNGrueven         :: Allocs=41,  DeAllocs=37, 348300 bytes are presently allocated.
                         A max of 11281740 bytes were allocated.
>-Exiting FockNGrueven 07/22/02 @ 10:58:45-<
<<Entering DIIS 07/22/02 @ 10:58:46>>
 DIIS : Damping       :: Co = 0.80D+00, 0.20D+00
 DIIS                 :: F_DIIS[1] CheckSum  = 0.1855524981792881D+03
 DIIS                 :: CPU (Sec,MFLOPS) = (0.12D+01, 65),
                         WALL(Sec,MFLOPS) = (0.12D+01, 64)
 DIIS                 :: Allocs=34,  DeAllocs=30, 144 bytes are presently allocated.
                         A max of 15520364 bytes were allocated.
>-Exiting DIIS 07/22/02 @ 10:58:47-<
<<Entering NT4 07/22/02 @ 10:58:47>>
 NT4 : Pure 1         :: dE=0.10D+01, dP=0.31D+00, ThrX=0.10D-03, %Non0=8
 NT4 : Pure 2         :: dE=0.40D-01, dP=0.42D+00, ThrX=0.10D-03, %Non0=8
 NT4 : Pure 3         :: dE=0.15D-01, dP=0.37D+00, ThrX=0.10D-03, %Non0=8
 NT4 : Pure 4         :: dE=0.63D-02, dP=0.55D-01, ThrX=0.10D-03, %Non0=8
 NT4 : Pure 5         :: dE=0.86D-02, dP=0.70D-01, ThrX=0.10D-03, %Non0=9
 NT4 : Pure 6         :: dE=0.10D-01, dP=0.88D-01, ThrX=0.10D-03, %Non0=10
 NT4 : Pure 7         :: dE=0.10D-01, dP=0.11D+00, ThrX=0.10D-03, %Non0=13
 NT4 : Pure 8         :: dE=0.89D-02, dP=0.13D+00, ThrX=0.10D-03, %Non0=17
 NT4 : Pure 9         :: dE=0.60D-02, dP=0.12D+00, ThrX=0.10D-03, %Non0=22
 NT4 : Pure 10        :: dE=0.24D-02, dP=0.79D-01, ThrX=0.10D-03, %Non0=27
 NT4 : Pure 11        :: dE=0.51D-03, dP=0.28D-01, ThrX=0.10D-03, %Non0=29
 NT4 : Pure 12        :: dE=0.37D-04, dP=0.39D-02, ThrX=0.10D-03, %Non0=30
 NT4 : Pure 13        :: dE=0.31D-06, dP=0.18D-03, ThrX=0.10D-03, %Non0=30
 NT4 : Pure 14        :: dE=0.44D-08, dP=0.20D-03, ThrX=0.10D-03, %Non0=30
 NT4 : Hit dP increase:: Tr{FP}=-.1951536307964244D+04, dNel = 0.57D-12
 NT4                  :: 14 purification steps, 29 matrix multiplies, %Non0s = 30
 NT4 : Max abs errors :: dE=0.85D-05, dP=0.20D-03, [F,P]=0.52D-02
 NT4 : Rel L2  errors :: dE=0.44D-08, dP=0.11D-03, [F,P]=0.25D-03
 NT4                  :: OrthoP[2] CheckSum  = 0.2121320488452322D+02
 NT4                  :: P[2] CheckSum  = 0.2080650725901982D+02
 NT4                  :: CPU (Sec,MFLOPS) = (0.13D+02, 63),
                         WALL(Sec,MFLOPS) = (0.13D+02, 63)
 NT4                  :: Allocs=221,  DeAllocs=217, 3759500 bytes are presently allocated.
                         A max of 22560252 bytes were allocated.
>-Exiting NT4 07/22/02 @ 10:59:00-<
<<Entering SCFStatus 07/22/02 @ 10:59:00>>
 
= = = = = SCFCycle #1, Basis #1, Geometry #1 = = = = =

       DIISErr = 0.42D-02
       MaxDelD = 0.75D-01
       <T>     = 0.65374220D+04
       <V>     = -.12260663D+05
       <HF>    = -.81954982D+03
       <SCF>   = -6542.79035536

 SCFStatus            :: CPU (Sec,MFLOPS) = (0.16D+00, 4),
                         WALL(Sec,MFLOPS) = (0.16D+00, 4)
 SCFStatus            :: Allocs=16,  DeAllocs=16, 0 bytes are presently allocated.
                         A max of 11281740 bytes were allocated.
>-Exiting SCFStatus 07/22/02 @ 10:59:00-<
<<Entering MakeRho 07/22/02 @ 10:59:01>>
 MakeRho : Pruned Rho :: dNel = 0.20D-04, kept 17% of distributions.
 MakeRho : Moments    :: <r> = (-.35D+01, -.89D+00, -.24D+01), <r^2> = 0.51D+03
 MakeRho              :: Rho CheckSum  = 0.6951087209058634D+04
 MakeRho              :: CPU Sec = 0.52D+01, WALL Sec = 0.52D+01
 MakeRho              :: Allocs=64,  DeAllocs=59, 272 bytes are presently allocated.
                         A max of 7669796 bytes were allocated.
>-Exiting MakeRho 07/22/02 @ 10:59:06-<
<<Entering QCTC 07/22/02 @ 10:59:06>>
 QCTC                 :: J[2] CheckSum  = 0.4122937070298117D+03
 QCTC                 :: CPU Sec = 0.49D+02, WALL Sec = 0.49D+02
 QCTC                 :: Allocs=102123,  DeAllocs=50, 10327328 bytes are presently allocated.
                         A max of 17881496 bytes were allocated.
>-Exiting QCTC 07/22/02 @ 10:59:55-<
<<Entering ONX 07/22/02 @ 10:59:55>>
 ONX                  :: Kx[2] CheckSum  = 0.5480465395780121D+02
 ONX                  :: CPU Sec = 0.15D+02, WALL Sec = 0.15D+02
 ONX                  :: Allocs=170,  DeAllocs=170, 0 bytes are presently allocated.
                         A max of 32544636 bytes were allocated.
>-Exiting ONX 07/22/02 @ 11:00:10-<
<<Entering FockNGrueven 07/22/02 @ 11:00:10>>
 FockNGrueven         :: F[2] CheckSum  = 0.2037846022436897D+03
 FockNGrueven         :: OrthoF[2] CheckSum  = 0.1850332647008395D+03
 FockNGrueven         :: CPU (Sec,MFLOPS) = (0.58D+00, 56),
                         WALL(Sec,MFLOPS) = (0.58D+00, 56)
 FockNGrueven         :: Allocs=41,  DeAllocs=37, 348300 bytes are presently allocated.
                         A max of 11281740 bytes were allocated.
>-Exiting FockNGrueven 07/22/02 @ 11:00:11-<
<<Entering DIIS 07/22/02 @ 11:00:11>>
 DIIS                 :: Cond# = 0.82D+02, MIN(E) = 0.13D+00
 DIIS : Pulay C1      :: DIISCo = -.29D+01, 0.39D+01
 DIIS                 :: F_DIIS[2] CheckSum  = 0.1866826070963746D+03
 DIIS                 :: CPU (Sec,MFLOPS) = (0.13D+01, 53),
                         WALL(Sec,MFLOPS) = (0.13D+01, 53)
 DIIS                 :: Allocs=45,  DeAllocs=40, 216 bytes are presently allocated.
                         A max of 15499812 bytes were allocated.
>-Exiting DIIS 07/22/02 @ 11:00:12-<
<<Entering NT4 07/22/02 @ 11:00:13>>
 NT4 : Pure 1         :: dE=0.10D+01, dP=0.34D+00, ThrX=0.10D-03, %Non0=8
 NT4 : Pure 2         :: dE=0.39D-01, dP=0.45D+00, ThrX=0.10D-03, %Non0=8
 NT4 : Pure 3         :: dE=0.12D-01, dP=0.27D+00, ThrX=0.10D-03, %Non0=8
 NT4 : Pure 4         :: dE=0.88D-02, dP=0.61D-01, ThrX=0.10D-03, %Non0=8
 NT4 : Pure 5         :: dE=0.12D-01, dP=0.90D-01, ThrX=0.10D-03, %Non0=9
 NT4 : Pure 6         :: dE=0.15D-01, dP=0.12D+00, ThrX=0.10D-03, %Non0=10
 NT4 : Pure 7         :: dE=0.15D-01, dP=0.14D+00, ThrX=0.10D-03, %Non0=13
 NT4 : Pure 8         :: dE=0.12D-01, dP=0.15D+00, ThrX=0.10D-03, %Non0=16
 NT4 : Pure 9         :: dE=0.62D-02, dP=0.97D-01, ThrX=0.10D-03, %Non0=20
 NT4 : Pure 10        :: dE=0.15D-02, dP=0.40D-01, ThrX=0.10D-03, %Non0=22
 NT4 : Pure 11        :: dE=0.11D-03, dP=0.66D-02, ThrX=0.10D-03, %Non0=22
 NT4 : Pure 12        :: dE=0.97D-06, dP=0.20D-03, ThrX=0.10D-03, %Non0=22
 NT4 : Pure 13        :: dE=0.56D-09, dP=0.19D-03, ThrX=0.10D-03, %Non0=22
 NT4 : Met dE/dP goals:: Tr{FP}=-.2000715541758587D+04, dNel = 0.00D+00
 NT4                  :: 13 purification steps, 27 matrix multiplies, %Non0s = 22
 NT4 : Max abs errors :: dE=0.11D-05, dP=0.19D-03, [F,P]=0.28D-02
 NT4 : Rel L2  errors :: dE=0.56D-09, dP=0.11D-03, [F,P]=0.25D-03
 NT4                  :: OrthoP[3] CheckSum  = 0.2121320397141459D+02
 NT4                  :: P[3] CheckSum  = 0.2052732010192379D+02
 NT4                  :: CPU (Sec,MFLOPS) = (0.80D+01, 62),
                         WALL(Sec,MFLOPS) = (0.81D+01, 62)
 NT4                  :: Allocs=207,  DeAllocs=203, 3759500 bytes are presently allocated.
                         A max of 22560252 bytes were allocated.
>-Exiting NT4 07/22/02 @ 11:00:21-<
<<Entering SCFStatus 07/22/02 @ 11:00:21>>
 
= = = = = SCFCycle #2, Basis #1, Geometry #1 = = = = =

       DIISErr = 0.31D-02
       MaxDelD = 0.19D+00
       <T>     = 0.65181340D+04
       <V>     = -.12246281D+05
       <HF>    = -.81667118D+03
       <SCF>   = -6544.81775473

 SCFStatus            :: CPU (Sec,MFLOPS) = (0.16D+00, 4),
                         WALL(Sec,MFLOPS) = (0.16D+00, 4)
 SCFStatus            :: Allocs=16,  DeAllocs=16, 0 bytes are presently allocated.
                         A max of 11281740 bytes were allocated.
>-Exiting SCFStatus 07/22/02 @ 11:00:21-<
<<Entering MakeRho 07/22/02 @ 11:00:22>>
 MakeRho : Pruned Rho :: dNel = -.15D-04, kept 19% of distributions.
 MakeRho : Moments    :: <r> = (-.26D+01, -.53D+00, -.18D+01), <r^2> = 0.56D+03
 MakeRho              :: Rho CheckSum  = 0.6912783562835639D+04
 MakeRho              :: CPU Sec = 0.47D+01, WALL Sec = 0.47D+01
 MakeRho              :: Allocs=64,  DeAllocs=59, 272 bytes are presently allocated.
                         A max of 6780476 bytes were allocated.
>-Exiting MakeRho 07/22/02 @ 11:00:26-<
<<Entering QCTC 07/22/02 @ 11:00:27>>
 QCTC                 :: J[3] CheckSum  = 0.4140536105246564D+03
 QCTC                 :: CPU Sec = 0.48D+02, WALL Sec = 0.48D+02
 QCTC                 :: Allocs=99198,  DeAllocs=50, 10031440 bytes are presently allocated.
                         A max of 17585608 bytes were allocated.
>-Exiting QCTC 07/22/02 @ 11:01:14-<
<<Entering ONX 07/22/02 @ 11:01:15>>
 ONX                  :: Kx[3] CheckSum  = 0.5466819216246616D+02
 ONX                  :: CPU Sec = 0.12D+02, WALL Sec = 0.12D+02
 ONX                  :: Allocs=170,  DeAllocs=170, 0 bytes are presently allocated.
                         A max of 32287980 bytes were allocated.
>-Exiting ONX 07/22/02 @ 11:01:27-<
<<Entering FockNGrueven 07/22/02 @ 11:01:27>>
 FockNGrueven         :: F[3] CheckSum  = 0.2055093726844593D+03
 FockNGrueven         :: OrthoF[3] CheckSum  = 0.1865429810140621D+03
 FockNGrueven         :: CPU (Sec,MFLOPS) = (0.54D+00, 54),
                         WALL(Sec,MFLOPS) = (0.54D+00, 54)
 FockNGrueven         :: Allocs=41,  DeAllocs=37, 348300 bytes are presently allocated.
                         A max of 11281740 bytes were allocated.
>-Exiting FockNGrueven 07/22/02 @ 11:01:28-<
<<Entering DIIS 07/22/02 @ 11:01:28>>
 DIIS                 :: Cond# = 0.17D+04, MIN(E) = 0.65D-02
 DIIS : Pulay C1      :: DIISCo = 0.46D+00, -.65D+00, 0.12D+01
 DIIS                 :: F_DIIS[3] CheckSum  = 0.1865694602106096D+03
 DIIS                 :: CPU (Sec,MFLOPS) = (0.13D+01, 40),
                         WALL(Sec,MFLOPS) = (0.13D+01, 40)
 DIIS                 :: Allocs=53,  DeAllocs=48, 272 bytes are presently allocated.
                         A max of 15447948 bytes were allocated.
>-Exiting DIIS 07/22/02 @ 11:01:29-<
<<Entering NT4 07/22/02 @ 11:01:29>>
 NT4 : Pure 1         :: dE=0.10D+01, dP=0.34D+00, ThrX=0.10D-03, %Non0=8
 NT4 : Pure 2         :: dE=0.39D-01, dP=0.45D+00, ThrX=0.10D-03, %Non0=8
 NT4 : Pure 3         :: dE=0.12D-01, dP=0.27D+00, ThrX=0.10D-03, %Non0=8
 NT4 : Pure 4         :: dE=0.87D-02, dP=0.61D-01, ThrX=0.10D-03, %Non0=8
 NT4 : Pure 5         :: dE=0.12D-01, dP=0.90D-01, ThrX=0.10D-03, %Non0=9
 NT4 : Pure 6         :: dE=0.15D-01, dP=0.12D+00, ThrX=0.10D-03, %Non0=10
 NT4 : Pure 7         :: dE=0.15D-01, dP=0.14D+00, ThrX=0.10D-03, %Non0=13
 NT4 : Pure 8         :: dE=0.12D-01, dP=0.15D+00, ThrX=0.10D-03, %Non0=16
 NT4 : Pure 9         :: dE=0.62D-02, dP=0.10D+00, ThrX=0.10D-03, %Non0=20
 NT4 : Pure 10        :: dE=0.16D-02, dP=0.42D-01, ThrX=0.10D-03, %Non0=21
 NT4 : Pure 11        :: dE=0.12D-03, dP=0.72D-02, ThrX=0.10D-03, %Non0=22
 NT4 : Pure 12        :: dE=0.11D-05, dP=0.22D-03, ThrX=0.10D-03, %Non0=22
 NT4 : Pure 13        :: dE=0.15D-08, dP=0.16D-03, ThrX=0.10D-03, %Non0=22
 NT4 : Met dE/dP goals:: Tr{FP}=-.1997930334658769D+04, dNel = 0.45D-12
 NT4                  :: 13 purification steps, 27 matrix multiplies, %Non0s = 22
 NT4 : Max abs errors :: dE=0.30D-05, dP=0.16D-03, [F,P]=0.65D-02
 NT4 : Rel L2  errors :: dE=0.15D-08, dP=0.11D-03, [F,P]=0.25D-03
 NT4                  :: OrthoP[4] CheckSum  = 0.2121320384250736D+02
 NT4                  :: P[4] CheckSum  = 0.2047458393923065D+02
 NT4                  :: CPU (Sec,MFLOPS) = (0.79D+01, 62),
                         WALL(Sec,MFLOPS) = (0.79D+01, 62)
 NT4                  :: Allocs=207,  DeAllocs=203, 3759500 bytes are presently allocated.
                         A max of 22560252 bytes were allocated.
>-Exiting NT4 07/22/02 @ 11:01:37-<
<<Entering SCFStatus 07/22/02 @ 11:01:38>>
 
= = = = = SCFCycle #3, Basis #1, Geometry #1 = = = = =

       DIISErr = 0.22D-03
       MaxDelD = 0.22D-01
       <T>     = 0.64646136D+04
       <V>     = -.12202269D+05
       <HF>    = -.80979235D+03
       <SCF>   = -6547.44728521

 SCFStatus            :: CPU (Sec,MFLOPS) = (0.14D+00, 4),
                         WALL(Sec,MFLOPS) = (0.14D+00, 4)
 SCFStatus            :: Allocs=16,  DeAllocs=16, 0 bytes are presently allocated.
                         A max of 11281740 bytes were allocated.
>-Exiting SCFStatus 07/22/02 @ 11:01:38-<
<<Entering MakeRho 07/22/02 @ 11:01:38>>
 MakeRho : Pruned Rho :: dNel = 0.30D-04, kept 19% of distributions.
 MakeRho : Moments    :: <r> = (-.26D+01, -.52D+00, -.18D+01), <r^2> = 0.56D+03
 MakeRho              :: Rho CheckSum  = 0.6907975666107702D+04
 MakeRho              :: CPU Sec = 0.47D+01, WALL Sec = 0.47D+01
 MakeRho              :: Allocs=64,  DeAllocs=59, 272 bytes are presently allocated.
                         A max of 6741204 bytes were allocated.
>-Exiting MakeRho 07/22/02 @ 11:01:43-<
<<Entering QCTC 07/22/02 @ 11:01:43>>
 QCTC                 :: J[4] CheckSum  = 0.4140603652909845D+03
 QCTC                 :: CPU Sec = 0.48D+02, WALL Sec = 0.48D+02
 QCTC                 :: Allocs=99138,  DeAllocs=50, 10025640 bytes are presently allocated.
                         A max of 17579808 bytes were allocated.
>-Exiting QCTC 07/22/02 @ 11:02:31-<
<<Entering ONX 07/22/02 @ 11:02:31>>
 ONX                  :: Kx[4] CheckSum  = 0.5466744012043493D+02
 ONX                  :: CPU Sec = 0.12D+02, WALL Sec = 0.12D+02
 ONX                  :: Allocs=170,  DeAllocs=170, 0 bytes are presently allocated.
                         A max of 32279244 bytes were allocated.
>-Exiting ONX 07/22/02 @ 11:02:43-<
<<Entering FockNGrueven 07/22/02 @ 11:02:43>>
 FockNGrueven         :: F[4] CheckSum  = 0.2055126180385487D+03
 FockNGrueven         :: OrthoF[4] CheckSum  = 0.1865457811579446D+03
 FockNGrueven         :: CPU (Sec,MFLOPS) = (0.53D+00, 54),
                         WALL(Sec,MFLOPS) = (0.54D+00, 53)
 FockNGrueven         :: Allocs=41,  DeAllocs=37, 348300 bytes are presently allocated.
                         A max of 11281740 bytes were allocated.
>-Exiting FockNGrueven 07/22/02 @ 11:02:44-<
<<Entering DIIS 07/22/02 @ 11:02:44>>
 DIIS                 :: Cond# = 0.53D+04, MIN(E) = 0.21D-02
 DIIS : Pulay C1      :: DIISCo = 0.59D-01, -.79D-01, -.92D-01, 0.11D+01
 DIIS                 :: F_DIIS[4] CheckSum  = 0.1865426595533056D+03
 DIIS                 :: CPU (Sec,MFLOPS) = (0.16D+01, 34),
                         WALL(Sec,MFLOPS) = (0.16D+01, 34)
 DIIS                 :: Allocs=62,  DeAllocs=57, 344 bytes are presently allocated.
                         A max of 15446484 bytes were allocated.
>-Exiting DIIS 07/22/02 @ 11:02:46-<
<<Entering NT4 07/22/02 @ 11:02:46>>
 NT4 : Pure 1         :: dE=0.10D+01, dP=0.34D+00, ThrX=0.10D-03, %Non0=8
 NT4 : Pure 2         :: dE=0.38D-01, dP=0.45D+00, ThrX=0.10D-03, %Non0=8
 NT4 : Pure 3         :: dE=0.12D-01, dP=0.27D+00, ThrX=0.10D-03, %Non0=8
 NT4 : Pure 4         :: dE=0.87D-02, dP=0.61D-01, ThrX=0.10D-03, %Non0=8
 NT4 : Pure 5         :: dE=0.12D-01, dP=0.90D-01, ThrX=0.10D-03, %Non0=9
 NT4 : Pure 6         :: dE=0.15D-01, dP=0.12D+00, ThrX=0.10D-03, %Non0=10
 NT4 : Pure 7         :: dE=0.15D-01, dP=0.14D+00, ThrX=0.10D-03, %Non0=13
 NT4 : Pure 8         :: dE=0.12D-01, dP=0.15D+00, ThrX=0.10D-03, %Non0=16
 NT4 : Pure 9         :: dE=0.63D-02, dP=0.10D+00, ThrX=0.10D-03, %Non0=20
 NT4 : Pure 10        :: dE=0.16D-02, dP=0.42D-01, ThrX=0.10D-03, %Non0=21
 NT4 : Pure 11        :: dE=0.12D-03, dP=0.74D-02, ThrX=0.10D-03, %Non0=22
 NT4 : Pure 12        :: dE=0.12D-05, dP=0.23D-03, ThrX=0.10D-03, %Non0=22
 NT4 : Pure 13        :: dE=0.12D-08, dP=0.17D-03, ThrX=0.10D-03, %Non0=22
 NT4 : Met dE/dP goals:: Tr{FP}=-.1997243978866677D+04, dNel = 0.23D-12
 NT4                  :: 13 purification steps, 27 matrix multiplies, %Non0s = 22
 NT4 : Max abs errors :: dE=0.24D-05, dP=0.17D-03, [F,P]=0.65D-02
 NT4 : Rel L2  errors :: dE=0.12D-08, dP=0.11D-03, [F,P]=0.25D-03
 NT4                  :: OrthoP[5] CheckSum  = 0.2121320386145917D+02
 NT4                  :: P[5] CheckSum  = 0.2046289710083482D+02
 NT4                  :: CPU (Sec,MFLOPS) = (0.80D+01, 62),
                         WALL(Sec,MFLOPS) = (0.80D+01, 62)
 NT4                  :: Allocs=207,  DeAllocs=203, 3759500 bytes are presently allocated.
                         A max of 22560252 bytes were allocated.
>-Exiting NT4 07/22/02 @ 11:02:54-<
<<Entering SCFStatus 07/22/02 @ 11:02:54>>
 
= = = = = SCFCycle #4, Basis #1, Geometry #1 = = = = =

       DIISErr = 0.87D-04
       MaxDelD = 0.60D-02
       <T>     = 0.64627656D+04
       <V>     = -.12200421D+05
       <HF>    = -.80981057D+03
       <SCF>   = -6547.46561757

 SCFStatus            :: CPU (Sec,MFLOPS) = (0.13D+00, 4),
                         WALL(Sec,MFLOPS) = (0.13D+00, 4)
 SCFStatus            :: Allocs=16,  DeAllocs=16, 0 bytes are presently allocated.
                         A max of 11281740 bytes were allocated.
>-Exiting SCFStatus 07/22/02 @ 11:02:55-<
 Normal SCF convergence.
 Convergence statistics for RHFx/STO-2G:
========================================================================
SCF    Ink       Total             Delta       Max         DIIS   
Cycle  Fok       Energy            E_Tot       Delta P     Error  
  0,    F,           0.00000000, 0.0000D+00, 0.0000D+00, 0.0000D+00, 
  1,    F,       -6542.79035536, 0.3690D-01, 0.1069D+01, 0.0000D+00, 
  2,    F,       -6544.81775473, 0.3098D-03, 0.1194D+00, 0.3133D-02, 
  3,    F,       -6547.44728521, 0.4016D-03, 0.1718D+00, 0.2179D-03, 
  4,    F,       -6547.46561757, 0.2800D-05, 0.1622D-01, 0.8716D-04, 
========================================================================
<<Entering MakeS 07/22/02 @ 11:02:55>>
 MakeS                :: S CheckSum  = 0.6794432349950718D+02
 MakeS                :: CPU Sec = 0.27D+01, WALL Sec = 0.27D+01
 MakeS                :: Allocs=37,  DeAllocs=36, 24 bytes are presently allocated.
                         A max of 82361424 bytes were allocated.
>-Exiting MakeS 07/22/02 @ 11:02:58-<
<<Entering BlokAInv 07/22/02 @ 11:02:58>>
 BlokAInv             :: CPU (Sec,MFLOPS) = (0.10D+02, 303),
                         WALL(Sec,MFLOPS) = (0.10D+02, 303)
 BlokAInv             :: Max(Z^t.A.Z-I)=0.14D-03, TrixThrsh=0.10D-03
 BlokAInv             :: Z CheckSum  = 0.1176075764315505D+03
 BlokAInv             :: CPU (Sec,MFLOPS) = (0.36D+02, 332),
                         WALL(Sec,MFLOPS) = (0.36D+02, 332)
 BlokAInv             :: Allocs=75,  DeAllocs=41, 123292028 bytes are presently allocated.
                         A max of 205463880 bytes were allocated.
>-Exiting BlokAInv 07/22/02 @ 11:03:34-<
<<Entering MakeT 07/22/02 @ 11:03:34>>
 MakeT                :: T CheckSum  = 0.3065535392620313D+03
 MakeT                :: CPU Sec = 0.60D+01, WALL Sec = 0.60D+01
 MakeT                :: Allocs=33,  DeAllocs=32, 24 bytes are presently allocated.
                         A max of 82212552 bytes were allocated.
>-Exiting MakeT 07/22/02 @ 11:03:40-<
<<Entering MakeRho 07/22/02 @ 11:03:40>>
 MakeRho : Pruned Rho :: dNel = 0.19D-04, kept 19% of distributions.
 MakeRho : Moments    :: <r> = (-.26D+01, -.51D+00, -.18D+01), <r^2> = 0.56D+03
 MakeRho              :: Rho CheckSum  = 0.6906963500753476D+04
 MakeRho              :: CPU Sec = 0.46D+01, WALL Sec = 0.46D+01
 MakeRho              :: Allocs=65,  DeAllocs=60, 272 bytes are presently allocated.
                         A max of 6742908 bytes were allocated.
>-Exiting MakeRho 07/22/02 @ 11:03:45-<
<<Entering QCTC 07/22/02 @ 11:03:45>>
 QCTC                 :: J[0] CheckSum  = 0.4432392894383207D+03
 QCTC                 :: CPU Sec = 0.23D+03, WALL Sec = 0.23D+03
 QCTC                 :: Allocs=99193,  DeAllocs=50, 10177240 bytes are presently allocated.
                         A max of 92385064 bytes were allocated.
>-Exiting QCTC 07/22/02 @ 11:07:38-<
<<Entering ONX 07/22/02 @ 11:07:39>>
 ONX                  :: Kx[0] CheckSum  = 0.7519154873984918D+02
 ONX                  :: CPU Sec = 0.11D+03, WALL Sec = 0.11D+03
 ONX                  :: Allocs=192,  DeAllocs=192, 0 bytes are presently allocated.
                         A max of 257364084 bytes were allocated.
>-Exiting ONX 07/22/02 @ 11:09:33-<
<<Entering FockNGrueven 07/22/02 @ 11:09:33>>
 FockNGrueven         :: F[0] CheckSum  = 0.2403951836195904D+03
 FockNGrueven         :: OrthoF[0] CheckSum  = 0.2244029768620821D+03
 FockNGrueven         :: CPU (Sec,MFLOPS) = (0.28D+02, 334),
                         WALL(Sec,MFLOPS) = (0.28D+02, 334)
 FockNGrueven         :: Allocs=41,  DeAllocs=37, 15884524 bytes are presently allocated.
                         A max of 123256140 bytes were allocated.
>-Exiting FockNGrueven 07/22/02 @ 11:10:01-<
<<Entering NT4 07/22/02 @ 11:10:02>>
 NT4 : Pure 1         :: dE=0.10D+01, dP=0.61D+00, ThrX=0.10D-03, %Non0=21
 NT4 : Pure 2         :: dE=0.16D+00, dP=0.61D+00, ThrX=0.10D-03, %Non0=21
 NT4 : Pure 3         :: dE=0.51D+00, dP=0.59D+00, ThrX=0.10D-03, %Non0=21
 NT4 : Pure 4         :: dE=0.36D+00, dP=0.58D+00, ThrX=0.10D-03, %Non0=21
 NT4 : Pure 5         :: dE=0.35D+00, dP=0.52D+00, ThrX=0.10D-03, %Non0=21
 NT4 : Pure 6         :: dE=0.26D+00, dP=0.60D+00, ThrX=0.10D-03, %Non0=21
 NT4 : Pure 7         :: dE=0.29D+00, dP=0.51D+00, ThrX=0.10D-03, %Non0=24
 NT4 : Pure 8         :: dE=0.91D-01, dP=0.32D+00, ThrX=0.10D-03, %Non0=33
 NT4 : Pure 9         :: dE=0.63D-01, dP=0.31D+00, ThrX=0.10D-03, %Non0=39
 NT4 : Pure 10        :: dE=0.34D-01, dP=0.24D+00, ThrX=0.10D-03, %Non0=41
 NT4 : Pure 11        :: dE=0.16D-01, dP=0.18D+00, ThrX=0.10D-03, %Non0=40
 NT4 : Pure 12        :: dE=0.77D-02, dP=0.13D+00, ThrX=0.10D-03, %Non0=40
 NT4 : Pure 13        :: dE=0.32D-02, dP=0.79D-01, ThrX=0.10D-03, %Non0=40
 NT4 : Pure 14        :: dE=0.64D-03, dP=0.34D-01, ThrX=0.10D-03, %Non0=41
 NT4 : Pure 15        :: dE=0.35D-04, dP=0.54D-02, ThrX=0.10D-03, %Non0=41
 NT4 : Pure 16        :: dE=0.22D-06, dP=0.20D-03, ThrX=0.10D-03, %Non0=41
 NT4 : Pure 17        :: dE=0.12D-07, dP=0.18D-03, ThrX=0.10D-03, %Non0=41
 NT4 : Met dE/dP goals:: Tr{FP}=-.2140742851089035D+04, dNel = 0.23D-12
 NT4                  :: 17 purification steps, 34 matrix multiplies, %Non0s = 41
 NT4 : Max abs errors :: dE=0.26D-04, dP=0.18D-03, [F,P]=0.87D-02
 NT4 : Rel L2  errors :: dE=0.12D-07, dP=0.18D-03, [F,P]=0.91D-03
 NT4                  :: OrthoP[1] CheckSum  = 0.2121320549309289D+02
 NT4                  :: P[1] CheckSum  = 0.1499107749747271D+02
 NT4                  :: CPU (Sec,MFLOPS) = (0.41D+03, 319),
                         WALL(Sec,MFLOPS) = (0.41D+03, 318)
 NT4                  :: Allocs=243,  DeAllocs=239, 41084300 bytes are presently allocated.
                         A max of 246509052 bytes were allocated.
>-Exiting NT4 07/22/02 @ 11:16:50-<
<<Entering SCFStatus 07/22/02 @ 11:16:50>>
 
= = = = = SCFCycle #0, Basis #2, Geometry #1 = = = = =

       MaxDelD = 0.15D+01
       <T>     = 0.68651826D+04
       <V>     = -.12549648D+05
       <HF>    = -.80508038D+03
       <SCF>   = -6489.54571561

 SCFStatus            :: CPU (Sec,MFLOPS) = (0.11D+01, 10),
                         WALL(Sec,MFLOPS) = (0.11D+01, 10)
 SCFStatus            :: Allocs=15,  DeAllocs=15, 0 bytes are presently allocated.
                         A max of 123255060 bytes were allocated.
>-Exiting SCFStatus 07/22/02 @ 11:16:51-<
<<Entering MakeRho 07/22/02 @ 11:16:51>>
 MakeRho : Pruned Rho :: dNel = -.23D-05, kept 6% of distributions.
 MakeRho : Moments    :: <r> = (-.27D+01, -.56D+00, -.20D+01), <r^2> = 0.60D+03
 MakeRho              :: Rho CheckSum  = 0.1392206261725682D+05
 MakeRho              :: CPU Sec = 0.78D+02, WALL Sec = 0.78D+02
 MakeRho              :: Allocs=64,  DeAllocs=59, 1192 bytes are presently allocated.
                         A max of 113926612 bytes were allocated.
>-Exiting MakeRho 07/22/02 @ 11:18:10-<
<<Entering QCTC 07/22/02 @ 11:18:10>>
 QCTC                 :: J[1] CheckSum  = 0.4403374838240986D+03
 QCTC                 :: CPU Sec = 0.87D+03, WALL Sec = 0.87D+03
 QCTC                 :: Allocs=461923,  DeAllocs=50, 49140832 bytes are presently allocated.
                         A max of 131348656 bytes were allocated.
>-Exiting QCTC 07/22/02 @ 11:32:44-<
<<Entering ONX 07/22/02 @ 11:32:44>>
 ONX                  :: Kx[1] CheckSum  = 0.7573398061669364D+02
 ONX                  :: CPU Sec = 0.16D+04, WALL Sec = 0.16D+04
 ONX                  :: Allocs=214,  DeAllocs=214, 0 bytes are presently allocated.
                         A max of 305126392 bytes were allocated.
>-Exiting ONX 07/22/02 @ 11:59:34-<
<<Entering FockNGrueven 07/22/02 @ 11:59:34>>
 FockNGrueven         :: F[1] CheckSum  = 0.2384392172634088D+03
 FockNGrueven         :: OrthoF[1] CheckSum  = 0.2222645518678481D+03
 FockNGrueven         :: CPU (Sec,MFLOPS) = (0.29D+02, 335),
                         WALL(Sec,MFLOPS) = (0.29D+02, 335)
 FockNGrueven         :: Allocs=41,  DeAllocs=37, 15884524 bytes are presently allocated.
                         A max of 123256140 bytes were allocated.
>-Exiting FockNGrueven 07/22/02 @ 12:00:03-<
<<Entering DIIS 07/22/02 @ 12:00:03>>
 DIIS : Damping       :: Co = 0.80D+00, 0.20D+00
 DIIS                 :: F_DIIS[1] CheckSum  = 0.2239740032698540D+03
 DIIS                 :: CPU (Sec,MFLOPS) = (0.44D+02, 326),
                         WALL(Sec,MFLOPS) = (0.44D+02, 326)
 DIIS                 :: Allocs=34,  DeAllocs=30, 144 bytes are presently allocated.
                         A max of 164924804 bytes were allocated.
>-Exiting DIIS 07/22/02 @ 12:00:47-<
<<Entering NT4 07/22/02 @ 12:00:47>>
 NT4 : Pure 1         :: dE=0.10D+01, dP=0.61D+00, ThrX=0.10D-03, %Non0=21
 NT4 : Pure 2         :: dE=0.16D+00, dP=0.61D+00, ThrX=0.10D-03, %Non0=21
 NT4 : Pure 3         :: dE=0.51D+00, dP=0.59D+00, ThrX=0.10D-03, %Non0=21
 NT4 : Pure 4         :: dE=0.36D+00, dP=0.58D+00, ThrX=0.10D-03, %Non0=21
 NT4 : Pure 5         :: dE=0.35D+00, dP=0.52D+00, ThrX=0.10D-03, %Non0=21
 NT4 : Pure 6         :: dE=0.26D+00, dP=0.60D+00, ThrX=0.10D-03, %Non0=21
 NT4 : Pure 7         :: dE=0.29D+00, dP=0.51D+00, ThrX=0.10D-03, %Non0=24
 NT4 : Pure 8         :: dE=0.92D-01, dP=0.32D+00, ThrX=0.10D-03, %Non0=34
 NT4 : Pure 9         :: dE=0.63D-01, dP=0.31D+00, ThrX=0.10D-03, %Non0=39
 NT4 : Pure 10        :: dE=0.34D-01, dP=0.24D+00, ThrX=0.10D-03, %Non0=41
 NT4 : Pure 11        :: dE=0.16D-01, dP=0.18D+00, ThrX=0.10D-03, %Non0=40
 NT4 : Pure 12        :: dE=0.77D-02, dP=0.13D+00, ThrX=0.10D-03, %Non0=40
 NT4 : Pure 13        :: dE=0.32D-02, dP=0.78D-01, ThrX=0.10D-03, %Non0=40
 NT4 : Pure 14        :: dE=0.63D-03, dP=0.33D-01, ThrX=0.10D-03, %Non0=41
 NT4 : Pure 15        :: dE=0.35D-04, dP=0.53D-02, ThrX=0.10D-03, %Non0=41
 NT4 : Pure 16        :: dE=0.21D-06, dP=0.17D-03, ThrX=0.10D-03, %Non0=41
 NT4 : Pure 17        :: dE=0.12D-07, dP=0.18D-03, ThrX=0.10D-03, %Non0=41
 NT4 : Hit dP increase:: Tr{FP}=-.2137271731073746D+04, dNel = 0.11D-11
 NT4                  :: 17 purification steps, 34 matrix multiplies, %Non0s = 41
 NT4 : Max abs errors :: dE=0.25D-04, dP=0.18D-03, [F,P]=0.87D-02
 NT4 : Rel L2  errors :: dE=0.12D-07, dP=0.19D-03, [F,P]=0.90D-03
 NT4                  :: OrthoP[2] CheckSum  = 0.2121320537672911D+02
 NT4                  :: P[2] CheckSum  = 0.1496414676991401D+02
 NT4                  :: CPU (Sec,MFLOPS) = (0.41D+03, 318),
                         WALL(Sec,MFLOPS) = (0.41D+03, 314)
 NT4                  :: Allocs=243,  DeAllocs=239, 41084300 bytes are presently allocated.
                         A max of 246509052 bytes were allocated.
>-Exiting NT4 07/22/02 @ 12:07:41-<
<<Entering SCFStatus 07/22/02 @ 12:07:42>>
 
= = = = = SCFCycle #1, Basis #2, Geometry #1 = = = = =

       DIISErr = 0.63D-03
       MaxDelD = 0.17D-01
       <T>     = 0.68651826D+04
       <V>     = -.12895169D+05
       <HF>    = -.81169554D+03
       <SCF>   = -6841.68240691

 SCFStatus            :: CPU (Sec,MFLOPS) = (0.20D+01, 9),
                         WALL(Sec,MFLOPS) = (0.20D+01, 9)
 SCFStatus            :: Allocs=16,  DeAllocs=16, 0 bytes are presently allocated.
                         A max of 123256140 bytes were allocated.
>-Exiting SCFStatus 07/22/02 @ 12:07:44-<
<<Entering MakeRho 07/22/02 @ 12:07:44>>
 MakeRho : Pruned Rho :: dNel = 0.62D-05, kept 6% of distributions.
 MakeRho : Moments    :: <r> = (-.28D+01, -.57D+00, -.21D+01), <r^2> = 0.60D+03
 MakeRho              :: Rho CheckSum  = 0.1390982944644906D+05
 MakeRho              :: CPU Sec = 0.78D+02, WALL Sec = 0.78D+02
 MakeRho              :: Allocs=64,  DeAllocs=59, 1192 bytes are presently allocated.
                         A max of 114017068 bytes were allocated.
>-Exiting MakeRho 07/22/02 @ 12:09:02-<
<<Entering QCTC 07/22/02 @ 12:09:02>>
 QCTC                 :: J[2] CheckSum  = 0.4405331800779736D+03
 QCTC                 :: CPU Sec = 0.88D+03, WALL Sec = 0.88D+03
 QCTC                 :: Allocs=464038,  DeAllocs=50, 49377240 bytes are presently allocated.
                         A max of 131585064 bytes were allocated.
>-Exiting QCTC 07/22/02 @ 12:23:42-<
<<Entering ONX 07/22/02 @ 12:23:42>>
 ONX                  :: Kx[2] CheckSum  = 0.7572007934021134D+02
 ONX                  :: CPU Sec = 0.16D+04, WALL Sec = 0.33D+04
 ONX                  :: Allocs=214,  DeAllocs=214, 0 bytes are presently allocated.
                         A max of 305172584 bytes were allocated.
>-Exiting ONX 07/22/02 @ 13:18:51-<
<<Entering FockNGrueven 07/22/02 @ 13:18:51>>
 FockNGrueven         :: F[2] CheckSum  = 0.2386047771923970D+03
 FockNGrueven         :: OrthoF[2] CheckSum  = 0.2223349360731606D+03
 FockNGrueven         :: CPU (Sec,MFLOPS) = (0.29D+02, 334),
                         WALL(Sec,MFLOPS) = (0.29D+02, 334)
 FockNGrueven         :: Allocs=41,  DeAllocs=37, 15884524 bytes are presently allocated.
                         A max of 123256140 bytes were allocated.
>-Exiting FockNGrueven 07/22/02 @ 13:19:20-<
<<Entering DIIS 07/22/02 @ 13:19:20>>
 DIIS                 :: Cond# = 0.12D+03, MIN(E) = 0.32D-01
 DIIS : Pulay C1      :: DIISCo = -.41D+01, 0.51D+01
 DIIS                 :: F_DIIS[2] CheckSum  = 0.2226256934592384D+03
 DIIS                 :: CPU (Sec,MFLOPS) = (0.46D+02, 312),
                         WALL(Sec,MFLOPS) = (0.48D+02, 297)
 DIIS                 :: Allocs=45,  DeAllocs=40, 216 bytes are presently allocated.
                         A max of 164924804 bytes were allocated.
>-Exiting DIIS 07/22/02 @ 13:20:08-<
<<Entering NT4 07/22/02 @ 13:20:09>>
 NT4 : Pure 1         :: dE=0.10D+01, dP=0.61D+00, ThrX=0.10D-03, %Non0=21
 NT4 : Pure 2         :: dE=0.15D+00, dP=0.61D+00, ThrX=0.10D-03, %Non0=21
 NT4 : Pure 3         :: dE=0.51D+00, dP=0.59D+00, ThrX=0.10D-03, %Non0=21
 NT4 : Pure 4         :: dE=0.35D+00, dP=0.58D+00, ThrX=0.10D-03, %Non0=21
 NT4 : Pure 5         :: dE=0.35D+00, dP=0.52D+00, ThrX=0.10D-03, %Non0=21
 NT4 : Pure 6         :: dE=0.26D+00, dP=0.60D+00, ThrX=0.10D-03, %Non0=22
 NT4 : Pure 7         :: dE=0.29D+00, dP=0.51D+00, ThrX=0.10D-03, %Non0=24
 NT4 : Pure 8         :: dE=0.92D-01, dP=0.32D+00, ThrX=0.10D-03, %Non0=34
 NT4 : Pure 9         :: dE=0.63D-01, dP=0.31D+00, ThrX=0.10D-03, %Non0=39
 NT4 : Pure 10        :: dE=0.35D-01, dP=0.24D+00, ThrX=0.10D-03, %Non0=41
 NT4 : Pure 11        :: dE=0.16D-01, dP=0.18D+00, ThrX=0.10D-03, %Non0=41
 NT4 : Pure 12        :: dE=0.76D-02, dP=0.13D+00, ThrX=0.10D-03, %Non0=40
 NT4 : Pure 13        :: dE=0.31D-02, dP=0.81D-01, ThrX=0.10D-03, %Non0=41
 NT4 : Pure 14        :: dE=0.60D-03, dP=0.38D-01, ThrX=0.10D-03, %Non0=41
 NT4 : Pure 15        :: dE=0.35D-04, dP=0.73D-02, ThrX=0.10D-03, %Non0=41
 NT4 : Pure 16        :: dE=0.27D-06, dP=0.24D-03, ThrX=0.10D-03, %Non0=41
 NT4 : Pure 17        :: dE=0.10D-07, dP=0.17D-03, ThrX=0.10D-03, %Non0=41
 NT4 : Met dE/dP goals:: Tr{FP}=-.2137537511124429D+04, dNel = 0.57D-12
 NT4                  :: 17 purification steps, 34 matrix multiplies, %Non0s = 41
 NT4 : Max abs errors :: dE=0.22D-04, dP=0.17D-03, [F,P]=0.82D-02
 NT4 : Rel L2  errors :: dE=0.10D-07, dP=0.19D-03, [F,P]=0.88D-03
 NT4                  :: OrthoP[3] CheckSum  = 0.2121320489204663D+02
 NT4                  :: P[3] CheckSum  = 0.1489185177369756D+02
 NT4                  :: CPU (Sec,MFLOPS) = (0.41D+03, 319),
                         WALL(Sec,MFLOPS) = (0.42D+03, 314)
 NT4                  :: Allocs=247,  DeAllocs=243, 41084300 bytes are presently allocated.
                         A max of 246509052 bytes were allocated.
>-Exiting NT4 07/22/02 @ 13:27:07-<
<<Entering SCFStatus 07/22/02 @ 13:27:07>>
 
= = = = = SCFCycle #2, Basis #2, Geometry #1 = = = = =

       DIISErr = 0.52D-03
       MaxDelD = 0.98D-01
       <T>     = 0.68561563D+04
       <V>     = -.12887489D+05
       <HF>    = -.81068670D+03
       <SCF>   = -6842.01937094

 SCFStatus            :: CPU (Sec,MFLOPS) = (0.20D+01, 9),
                         WALL(Sec,MFLOPS) = (0.20D+01, 9)
 SCFStatus            :: Allocs=16,  DeAllocs=16, 0 bytes are presently allocated.
                         A max of 123256140 bytes were allocated.
>-Exiting SCFStatus 07/22/02 @ 13:27:09-<
<<Entering MakeRho 07/22/02 @ 13:27:09>>
 MakeRho : Pruned Rho :: dNel = 0.35D-04, kept 6% of distributions.
 MakeRho : Moments    :: <r> = (-.35D+01, -.67D+00, -.26D+01), <r^2> = 0.59D+03
 MakeRho              :: Rho CheckSum  = 0.1386720175541464D+05
 MakeRho              :: CPU Sec = 0.78D+02, WALL Sec = 0.78D+02
 MakeRho              :: Allocs=64,  DeAllocs=59, 1192 bytes are presently allocated.
                         A max of 114346140 bytes were allocated.
>-Exiting MakeRho 07/22/02 @ 13:28:27-<
<<Entering QCTC 07/22/02 @ 13:28:28>>
 QCTC                 :: J[3] CheckSum  = 0.4408116132473190D+03
 QCTC                 :: CPU Sec = 0.91D+03, WALL Sec = 0.91D+03
 QCTC                 :: Allocs=474278,  DeAllocs=50, 50487464 bytes are presently allocated.
                         A max of 132695288 bytes were allocated.
>-Exiting QCTC 07/22/02 @ 13:43:41-<
<<Entering ONX 07/22/02 @ 13:43:41>>
 ONX                  :: Kx[3] CheckSum  = 0.7574034792085809D+02
 ONX                  :: CPU Sec = 0.17D+04, WALL Sec = 0.17D+04
 ONX                  :: Allocs=214,  DeAllocs=214, 0 bytes are presently allocated.
                         A max of 305306888 bytes were allocated.
>-Exiting ONX 07/22/02 @ 14:11:18-<
<<Entering FockNGrueven 07/22/02 @ 14:11:19>>
 FockNGrueven         :: F[3] CheckSum  = 0.2388053688501871D+03
 FockNGrueven         :: OrthoF[3] CheckSum  = 0.2224202408863615D+03
 FockNGrueven         :: CPU (Sec,MFLOPS) = (0.29D+02, 334),
                         WALL(Sec,MFLOPS) = (0.29D+02, 334)
 FockNGrueven         :: Allocs=41,  DeAllocs=37, 15884524 bytes are presently allocated.
                         A max of 123256140 bytes were allocated.
>-Exiting FockNGrueven 07/22/02 @ 14:11:48-<
<<Entering DIIS 07/22/02 @ 14:11:48>>
 DIIS                 :: Cond# = 0.64D+03, MIN(E) = 0.63D-02
 DIIS : Pulay C1      :: DIISCo = -.88D+00, 0.94D+00, 0.94D+00
 DIIS                 :: F_DIIS[3] CheckSum  = 0.2224771551399607D+03
 DIIS                 :: CPU (Sec,MFLOPS) = (0.49D+02, 294),
                         WALL(Sec,MFLOPS) = (0.53D+02, 273)
 DIIS                 :: Allocs=53,  DeAllocs=48, 272 bytes are presently allocated.
                         A max of 164924812 bytes were allocated.
>-Exiting DIIS 07/22/02 @ 14:12:41-<
<<Entering NT4 07/22/02 @ 14:12:41>>
 NT4 : Pure 1         :: dE=0.10D+01, dP=0.61D+00, ThrX=0.10D-03, %Non0=21
 NT4 : Pure 2         :: dE=0.16D+00, dP=0.61D+00, ThrX=0.10D-03, %Non0=21
 NT4 : Pure 3         :: dE=0.51D+00, dP=0.59D+00, ThrX=0.10D-03, %Non0=21
 NT4 : Pure 4         :: dE=0.36D+00, dP=0.58D+00, ThrX=0.10D-03, %Non0=21
 NT4 : Pure 5         :: dE=0.35D+00, dP=0.52D+00, ThrX=0.10D-03, %Non0=21
 NT4 : Pure 6         :: dE=0.26D+00, dP=0.60D+00, ThrX=0.10D-03, %Non0=22
 NT4 : Pure 7         :: dE=0.29D+00, dP=0.51D+00, ThrX=0.10D-03, %Non0=24
 NT4 : Pure 8         :: dE=0.92D-01, dP=0.32D+00, ThrX=0.10D-03, %Non0=34
 NT4 : Pure 9         :: dE=0.64D-01, dP=0.31D+00, ThrX=0.10D-03, %Non0=39
 NT4 : Pure 10        :: dE=0.35D-01, dP=0.24D+00, ThrX=0.10D-03, %Non0=41
 NT4 : Pure 11        :: dE=0.16D-01, dP=0.18D+00, ThrX=0.10D-03, %Non0=41
 NT4 : Pure 12        :: dE=0.76D-02, dP=0.13D+00, ThrX=0.10D-03, %Non0=41
 NT4 : Pure 13        :: dE=0.32D-02, dP=0.83D-01, ThrX=0.10D-03, %Non0=41
 NT4 : Pure 14        :: dE=0.64D-03, dP=0.41D-01, ThrX=0.10D-03, %Non0=41
 NT4 : Pure 15        :: dE=0.41D-04, dP=0.87D-02, ThrX=0.10D-03, %Non0=41
 NT4 : Pure 16        :: dE=0.41D-06, dP=0.35D-03, ThrX=0.10D-03, %Non0=42
 NT4 : Pure 17        :: dE=0.38D-08, dP=0.18D-03, ThrX=0.10D-03, %Non0=41
 NT4 : Met dE/dP goals:: Tr{FP}=-.2131677518834737D+04, dNel = 0.10D-11
 NT4                  :: 17 purification steps, 34 matrix multiplies, %Non0s = 41
 NT4 : Max abs errors :: dE=0.80D-05, dP=0.18D-03, [F,P]=0.73D-02
 NT4 : Rel L2  errors :: dE=0.38D-08, dP=0.19D-03, [F,P]=0.88D-03
 NT4                  :: OrthoP[4] CheckSum  = 0.2121320478944335D+02
 NT4                  :: P[4] CheckSum  = 0.1487632550737860D+02
 NT4                  :: CPU (Sec,MFLOPS) = (0.41D+03, 319),
                         WALL(Sec,MFLOPS) = (0.42D+03, 314)
 NT4                  :: Allocs=243,  DeAllocs=239, 41084300 bytes are presently allocated.
                         A max of 246509052 bytes were allocated.
>-Exiting NT4 07/22/02 @ 14:19:40-<
<<Entering SCFStatus 07/22/02 @ 14:19:40>>
 
= = = = = SCFCycle #3, Basis #2, Geometry #1 = = = = =

       DIISErr = 0.14D-03
       MaxDelD = 0.45D-01
       <T>     = 0.68323742D+04
       <V>     = -.12867049D+05
       <HF>    = -.80832593D+03
       <SCF>   = -6843.00105448

 SCFStatus            :: CPU (Sec,MFLOPS) = (0.20D+01, 9),
                         WALL(Sec,MFLOPS) = (0.26D+01, 7)
 SCFStatus            :: Allocs=16,  DeAllocs=16, 0 bytes are presently allocated.
                         A max of 123256140 bytes were allocated.
>-Exiting SCFStatus 07/22/02 @ 14:19:43-<
<<Entering MakeRho 07/22/02 @ 14:19:43>>
 MakeRho : Pruned Rho :: dNel = 0.42D-04, kept 6% of distributions.
 MakeRho : Moments    :: <r> = (-.35D+01, -.66D+00, -.27D+01), <r^2> = 0.60D+03
 MakeRho              :: Rho CheckSum  = 0.1385807177045634D+05
 MakeRho              :: CPU Sec = 0.78D+02, WALL Sec = 0.78D+02
 MakeRho              :: Allocs=64,  DeAllocs=59, 1192 bytes are presently allocated.
                         A max of 114489348 bytes were allocated.
>-Exiting MakeRho 07/22/02 @ 14:21:02-<
<<Entering QCTC 07/22/02 @ 14:21:02>>
 QCTC                 :: J[4] CheckSum  = 0.4410106227208761D+03
 QCTC                 :: CPU Sec = 0.92D+03, WALL Sec = 0.92D+03
 QCTC                 :: Allocs=475678,  DeAllocs=50, 50647160 bytes are presently allocated.
                         A max of 132854984 bytes were allocated.
>-Exiting QCTC 07/22/02 @ 14:36:20-<
<<Entering ONX 07/22/02 @ 14:36:20>>
 ONX                  :: Kx[4] CheckSum  = 0.7572749828765805D+02
 ONX                  :: CPU Sec = 0.17D+04, WALL Sec = 0.17D+04
 ONX                  :: Allocs=214,  DeAllocs=214, 0 bytes are presently allocated.
                         A max of 305403528 bytes were allocated.
>-Exiting ONX 07/22/02 @ 15:04:10-<
<<Entering FockNGrueven 07/22/02 @ 15:04:11>>
 FockNGrueven         :: F[4] CheckSum  = 0.2389778390386659D+03
 FockNGrueven         :: OrthoF[4] CheckSum  = 0.2224946937532745D+03
 FockNGrueven         :: CPU (Sec,MFLOPS) = (0.29D+02, 334),
                         WALL(Sec,MFLOPS) = (0.29D+02, 334)
 FockNGrueven         :: Allocs=41,  DeAllocs=37, 15884524 bytes are presently allocated.
                         A max of 123256140 bytes were allocated.
>-Exiting FockNGrueven 07/22/02 @ 15:04:40-<
<<Entering DIIS 07/22/02 @ 15:04:40>>
 DIIS                 :: Cond# = 0.13D+04, MIN(E) = 0.31D-02
 DIIS : Pulay C1      :: DIISCo = 0.35D+00, -.42D+00, -.14D+00, 0.12D+01
 DIIS                 :: F_DIIS[4] CheckSum  = 0.2224917303300352D+03
 DIIS                 :: CPU (Sec,MFLOPS) = (0.52D+02, 276),
                         WALL(Sec,MFLOPS) = (0.56D+02, 256)
 DIIS                 :: Allocs=62,  DeAllocs=57, 344 bytes are presently allocated.
                         A max of 164924796 bytes were allocated.
>-Exiting DIIS 07/22/02 @ 15:05:37-<
<<Entering NT4 07/22/02 @ 15:05:37>>
 NT4 : Pure 1         :: dE=0.10D+01, dP=0.61D+00, ThrX=0.10D-03, %Non0=21
 NT4 : Pure 2         :: dE=0.16D+00, dP=0.61D+00, ThrX=0.10D-03, %Non0=21
 NT4 : Pure 3         :: dE=0.51D+00, dP=0.59D+00, ThrX=0.10D-03, %Non0=21
 NT4 : Pure 4         :: dE=0.36D+00, dP=0.58D+00, ThrX=0.10D-03, %Non0=21
 NT4 : Pure 5         :: dE=0.35D+00, dP=0.52D+00, ThrX=0.10D-03, %Non0=21
 NT4 : Pure 6         :: dE=0.26D+00, dP=0.60D+00, ThrX=0.10D-03, %Non0=22
 NT4 : Pure 7         :: dE=0.29D+00, dP=0.51D+00, ThrX=0.10D-03, %Non0=24
 NT4 : Pure 8         :: dE=0.92D-01, dP=0.32D+00, ThrX=0.10D-03, %Non0=34
 NT4 : Pure 9         :: dE=0.64D-01, dP=0.31D+00, ThrX=0.10D-03, %Non0=39
 NT4 : Pure 10        :: dE=0.35D-01, dP=0.24D+00, ThrX=0.10D-03, %Non0=41
 NT4 : Pure 11        :: dE=0.16D-01, dP=0.18D+00, ThrX=0.10D-03, %Non0=41
 NT4 : Pure 12        :: dE=0.76D-02, dP=0.13D+00, ThrX=0.10D-03, %Non0=41
 NT4 : Pure 13        :: dE=0.32D-02, dP=0.84D-01, ThrX=0.10D-03, %Non0=41
 NT4 : Pure 14        :: dE=0.64D-03, dP=0.42D-01, ThrX=0.10D-03, %Non0=41
 NT4 : Pure 15        :: dE=0.42D-04, dP=0.95D-02, ThrX=0.10D-03, %Non0=41
 NT4 : Pure 16        :: dE=0.45D-06, dP=0.41D-03, ThrX=0.10D-03, %Non0=42
 NT4 : Pure 17        :: dE=0.19D-07, dP=0.16D-03, ThrX=0.10D-03, %Non0=41
 NT4 : Hit dE increase:: Tr{FP}=-.2132137072902904D+04, dNel = 0.00D+00
 NT4                  :: 17 purification steps, 34 matrix multiplies, %Non0s = 41
 NT4 : Max abs errors :: dE=0.40D-04, dP=0.16D-03, [F,P]=0.75D-02
 NT4 : Rel L2  errors :: dE=0.19D-07, dP=0.20D-03, [F,P]=0.88D-03
 NT4                  :: OrthoP[5] CheckSum  = 0.2121320485006438D+02
 NT4                  :: P[5] CheckSum  = 0.1487380214985974D+02
 NT4                  :: CPU (Sec,MFLOPS) = (0.41D+03, 319),
                         WALL(Sec,MFLOPS) = (0.42D+03, 314)
 NT4                  :: Allocs=243,  DeAllocs=239, 41084300 bytes are presently allocated.
                         A max of 246509052 bytes were allocated.
>-Exiting NT4 07/22/02 @ 15:12:34-<
<<Entering SCFStatus 07/22/02 @ 15:12:35>>
 
= = = = = SCFCycle #4, Basis #2, Geometry #1 = = = = =

       DIISErr = 0.91D-04
       MaxDelD = 0.20D-01
       <T>     = 0.68247841D+04
       <V>     = -.12860433D+05
       <HF>    = -.80739563D+03
       <SCF>   = -6843.04474313

 SCFStatus            :: CPU (Sec,MFLOPS) = (0.20D+01, 9),
                         WALL(Sec,MFLOPS) = (0.25D+01, 7)
 SCFStatus            :: Allocs=16,  DeAllocs=16, 0 bytes are presently allocated.
                         A max of 123256140 bytes were allocated.
>-Exiting SCFStatus 07/22/02 @ 15:12:37-<
<<Entering MakeRho 07/22/02 @ 15:12:38>>
 MakeRho : Pruned Rho :: dNel = 0.52D-05, kept 6% of distributions.
 MakeRho : Moments    :: <r> = (-.36D+01, -.67D+00, -.27D+01), <r^2> = 0.59D+03
 MakeRho              :: Rho CheckSum  = 0.1385699555480489D+05
 MakeRho              :: CPU Sec = 0.78D+02, WALL Sec = 0.78D+02
 MakeRho              :: Allocs=64,  DeAllocs=59, 1192 bytes are presently allocated.
                         A max of 114488492 bytes were allocated.
>-Exiting MakeRho 07/22/02 @ 15:13:56-<
<<Entering QCTC 07/22/02 @ 15:13:56>>
 QCTC                 :: J[5] CheckSum  = 0.4409770472389570D+03
 QCTC                 :: CPU Sec = 0.92D+03, WALL Sec = 0.92D+03
 QCTC                 :: Allocs=475898,  DeAllocs=50, 50673056 bytes are presently allocated.
                         A max of 132880880 bytes were allocated.
>-Exiting QCTC 07/22/02 @ 15:29:16-<
<<Entering ONX 07/22/02 @ 15:29:16>>
 ONX                  :: Kx[5] CheckSum  = 0.7573501745301134D+02
 ONX                  :: CPU Sec = 0.17D+04, WALL Sec = 0.17D+04
 ONX                  :: Allocs=214,  DeAllocs=214, 0 bytes are presently allocated.
                         A max of 305406936 bytes were allocated.
>-Exiting ONX 07/22/02 @ 15:57:06-<
<<Entering FockNGrueven 07/22/02 @ 15:57:06>>
 FockNGrueven         :: F[5] CheckSum  = 0.2389461068852839D+03
 FockNGrueven         :: OrthoF[5] CheckSum  = 0.2224830023185757D+03
 FockNGrueven         :: CPU (Sec,MFLOPS) = (0.29D+02, 334),
                         WALL(Sec,MFLOPS) = (0.29D+02, 334)
 FockNGrueven         :: Allocs=41,  DeAllocs=37, 15884524 bytes are presently allocated.
                         A max of 123256140 bytes were allocated.
>-Exiting FockNGrueven 07/22/02 @ 15:57:35-<
<<Entering DIIS 07/22/02 @ 15:57:36>>
 DIIS                 :: Cond# = 0.39D+04, MIN(E) = 0.10D-02
 DIIS : Pulay C1      :: DIISCo = 0.11D+00, -.14D+00, -.42D-01,
                                  0.44D+00, 0.63D+00
 DIIS                 :: F_DIIS[5] CheckSum  = 0.2224868519318670D+03
 DIIS                 :: CPU (Sec,MFLOPS) = (0.56D+02, 258),
                         WALL(Sec,MFLOPS) = (0.63D+02, 229)
 DIIS                 :: Allocs=72,  DeAllocs=67, 432 bytes are presently allocated.
                         A max of 164924780 bytes were allocated.
>-Exiting DIIS 07/22/02 @ 15:58:39-<
<<Entering NT4 07/22/02 @ 15:58:40>>
 NT4 : Pure 1         :: dE=0.10D+01, dP=0.61D+00, ThrX=0.10D-03, %Non0=21
 NT4 : Pure 2         :: dE=0.16D+00, dP=0.61D+00, ThrX=0.10D-03, %Non0=21
 NT4 : Pure 3         :: dE=0.51D+00, dP=0.59D+00, ThrX=0.10D-03, %Non0=21
 NT4 : Pure 4         :: dE=0.36D+00, dP=0.58D+00, ThrX=0.10D-03, %Non0=21
 NT4 : Pure 5         :: dE=0.35D+00, dP=0.52D+00, ThrX=0.10D-03, %Non0=21
 NT4 : Pure 6         :: dE=0.26D+00, dP=0.60D+00, ThrX=0.10D-03, %Non0=22
 NT4 : Pure 7         :: dE=0.29D+00, dP=0.51D+00, ThrX=0.10D-03, %Non0=24
 NT4 : Pure 8         :: dE=0.92D-01, dP=0.32D+00, ThrX=0.10D-03, %Non0=34
 NT4 : Pure 9         :: dE=0.64D-01, dP=0.31D+00, ThrX=0.10D-03, %Non0=39
 NT4 : Pure 10        :: dE=0.35D-01, dP=0.24D+00, ThrX=0.10D-03, %Non0=41
 NT4 : Pure 11        :: dE=0.16D-01, dP=0.18D+00, ThrX=0.10D-03, %Non0=41
 NT4 : Pure 12        :: dE=0.76D-02, dP=0.13D+00, ThrX=0.10D-03, %Non0=41
 NT4 : Pure 13        :: dE=0.32D-02, dP=0.84D-01, ThrX=0.10D-03, %Non0=41
 NT4 : Pure 14        :: dE=0.64D-03, dP=0.42D-01, ThrX=0.10D-03, %Non0=41
 NT4 : Pure 15        :: dE=0.42D-04, dP=0.94D-02, ThrX=0.10D-03, %Non0=41
 NT4 : Pure 16        :: dE=0.45D-06, dP=0.41D-03, ThrX=0.10D-03, %Non0=42
 NT4 : Pure 17        :: dE=0.12D-07, dP=0.18D-03, ThrX=0.10D-03, %Non0=41
 NT4 : Hit dE increase:: Tr{FP}=-.2131896153101536D+04, dNel = 0.16D-11
 NT4                  :: 17 purification steps, 34 matrix multiplies, %Non0s = 41
 NT4 : Max abs errors :: dE=0.25D-04, dP=0.18D-03, [F,P]=0.74D-02
 NT4 : Rel L2  errors :: dE=0.12D-07, dP=0.19D-03, [F,P]=0.88D-03
 NT4                  :: OrthoP[6] CheckSum  = 0.2121320483712263D+02
 NT4                  :: P[6] CheckSum  = 0.1487277858225931D+02
 NT4                  :: CPU (Sec,MFLOPS) = (0.41D+03, 319),
                         WALL(Sec,MFLOPS) = (0.42D+03, 313)
 NT4                  :: Allocs=243,  DeAllocs=239, 41084300 bytes are presently allocated.
                         A max of 246509052 bytes were allocated.
>-Exiting NT4 07/22/02 @ 16:05:39-<
<<Entering SCFStatus 07/22/02 @ 16:05:39>>
 
= = = = = SCFCycle #5, Basis #2, Geometry #1 = = = = =

       DIISErr = 0.88D-04
       MaxDelD = 0.81D-02
       <T>     = 0.68251522D+04
       <V>     = -.12860735D+05
       <HF>    = -.80746829D+03
       <SCF>   = -6843.05086368

 SCFStatus            :: CPU (Sec,MFLOPS) = (0.20D+01, 9),
                         WALL(Sec,MFLOPS) = (0.26D+01, 7)
 SCFStatus            :: Allocs=16,  DeAllocs=16, 0 bytes are presently allocated.
                         A max of 123256140 bytes were allocated.
>-Exiting SCFStatus 07/22/02 @ 16:05:42-<
 Normal SCF convergence.
 Convergence statistics for RHFx/6-31Gss:
========================================================================
SCF    Ink       Total             Delta       Max         DIIS   
Cycle  Fok       Energy            E_Tot       Delta P     Error  
  0,    F,           0.00000000, 0.0000D+00, 0.0000D+00, 0.0000D+00, 
  1,    F,       -6841.68240691, 0.5147D-01, 0.1490D+01, 0.2179D-03, 
  2,    F,       -6842.01937094, 0.4925D-04, 0.8098D-01, 0.5242D-03, 
  3,    F,       -6843.00105448, 0.1435D-03, 0.5333D-01, 0.1383D-03, 
  4,    F,       -6843.04474313, 0.6384D-05, 0.2528D-01, 0.9101D-04, 
  5,    F,       -6843.05086368, 0.8944D-06, 0.1152D-01, 0.8847D-04, 
========================================================================
<<Entering MakeS 07/22/02 @ 16:05:43>>
 MakeS                :: S CheckSum  = 0.6794432355562221D+02
 MakeS                :: CPU Sec = 0.42D+01, WALL Sec = 0.42D+01
 MakeS                :: Allocs=37,  DeAllocs=36, 24 bytes are presently allocated.
                         A max of 82361424 bytes were allocated.
>-Exiting MakeS 07/22/02 @ 16:05:47-<
<<Entering LowdinO 07/22/02 @ 16:05:47>>
 LowdinO              :: X CheckSum  = 0.1176072225171387D+03
 LowdinO              :: CPU Sec = 0.13D+04, WALL Sec = 0.13D+04
 LowdinO              :: Allocs=20,  DeAllocs=20, 0 bytes are presently allocated.
                         A max of 121520160 bytes were allocated.
>-Exiting LowdinO 07/22/02 @ 16:27:42-<
<<Entering MakeT 07/22/02 @ 16:27:42>>
 MakeT                :: T CheckSum  = 0.3065535392753670D+03
 MakeT                :: CPU Sec = 0.88D+01, WALL Sec = 0.89D+01
 MakeT                :: Allocs=33,  DeAllocs=32, 24 bytes are presently allocated.
                         A max of 82212552 bytes were allocated.
>-Exiting MakeT 07/22/02 @ 16:27:51-<
<<Entering MakeRho 07/22/02 @ 16:27:51>>
 MakeRho : Pruned Rho :: dNel = 0.41D-04, kept 6% of distributions.
 MakeRho : Moments    :: <r> = (-.36D+01, -.66D+00, -.27D+01), <r^2> = 0.59D+03
 MakeRho              :: Rho CheckSum  = 0.1385652677788933D+05
 MakeRho              :: CPU Sec = 0.79D+02, WALL Sec = 0.79D+02
 MakeRho              :: Allocs=65,  DeAllocs=60, 1192 bytes are presently allocated.
                         A max of 114488052 bytes were allocated.
>-Exiting MakeRho 07/22/02 @ 16:29:10-<
<<Entering QCTC 07/22/02 @ 16:29:10>>
 QCTC                 :: J[0] CheckSum  = 0.4409864733110973D+03
 QCTC                 :: WALL (Sec) = 0.30D+04
 QCTC                 :: Allocs=475963,  DeAllocs=50, 50680576 bytes are presently allocated.
                         A max of 132888400 bytes were allocated.
>-Exiting QCTC 07/22/02 @ 17:18:23-<
<<Entering ONX 07/22/02 @ 17:18:24>>
 ONX                  :: Kx[0] CheckSum  = 0.7573430991047083D+02
 ONX                  :: WALL (Sec) = 0.12D+05
 ONX                  :: Allocs=258,  DeAllocs=258, 0 bytes are presently allocated.
                         A max of 366574048 bytes were allocated.
>-Exiting ONX 07/22/02 @ 20:39:10-<
<<Entering FockNGrueven 07/22/02 @ 20:39:10>>
 FockNGrueven         :: F[0] CheckSum  = 0.2389546166726211D+03
 FockNGrueven         :: OrthoF[0] CheckSum  = 0.2224859100869264D+03
 FockNGrueven         :: CPU (Sec,MFLOPS) = (0.16D+03, 280),
                         WALL(Sec,MFLOPS) = (0.16D+03, 280)
 FockNGrueven         :: Allocs=41,  DeAllocs=37, 41084284 bytes are presently allocated.
                         A max of 123256140 bytes were allocated.
>-Exiting FockNGrueven 07/22/02 @ 20:41:53-<
<<Entering RHEqs 07/22/02 @ 20:41:53>>
 RHEqs                :: HOMO = -.40136342D+00, LUMO = 0.11479571D+00
 RHEqs                :: OrthoP[1] CheckSum  = 0.2121320343552627D+02
 RHEqs                :: P[1] CheckSum  = 0.1487054967958587D+02
 RHEqs                :: CPU (Sec,MFLOPS) = (0.13D+04, 34),
                         WALL(Sec,MFLOPS) = (0.13D+04, 34)
 RHEqs                :: Allocs=31,  DeAllocs=29, 81000000 bytes are presently allocated.
                         A max of 204256152 bytes were allocated.
>-Exiting RHEqs 07/22/02 @ 21:03:49-<
<<Entering SCFStatus 07/22/02 @ 21:03:50>>
 
= = = = = SCFCycle #0, Basis #3, Geometry #1 = = = = =

       Gap     = 0.52D+00
       MaxDelD = 0.15D+01
       <T>     = 0.68246972D+04
       <V>     = -.12860404D+05
       <HF>    = -.80742040D+03
       <SCF>   = -6843.12725334

 SCFStatus            :: CPU (Sec,MFLOPS) = (0.24D+01, 11),
                         WALL(Sec,MFLOPS) = (0.24D+01, 11)
 SCFStatus            :: Allocs=15,  DeAllocs=15, 0 bytes are presently allocated.
                         A max of 123255060 bytes were allocated.
>-Exiting SCFStatus 07/22/02 @ 21:03:52-<
<<Entering MakeRho 07/22/02 @ 21:03:52>>
 MakeRho : Pruned Rho :: dNel = -.17D-08, kept 9% of distributions.
 MakeRho : Moments    :: <r> = (-.36D+01, -.66D+00, -.27D+01), <r^2> = 0.59D+03
 MakeRho              :: Rho CheckSum  = 0.1385636722369439D+05
 MakeRho              :: CPU Sec = 0.12D+03, WALL Sec = 0.12D+03
 MakeRho              :: Allocs=64,  DeAllocs=59, 1192 bytes are presently allocated.
                         A max of 173281788 bytes were allocated.
>-Exiting MakeRho 07/22/02 @ 21:05:51-<
<<Entering QCTC 07/22/02 @ 21:05:51>>
 QCTC                 :: J[1] CheckSum  = 0.4409895474193395D+03
 QCTC                 :: CPU Sec = 0.76D+03, WALL Sec = 0.51D+04
 QCTC                 :: Allocs=990823,  DeAllocs=50, 104940480 bytes are presently allocated.
                         A max of 187148304 bytes were allocated.
>-Exiting QCTC 07/22/02 @ 22:30:10-<
<<Entering ONX 07/22/02 @ 22:30:10>>
 ONX                  :: Kx[1] CheckSum  = 0.7573410469661748D+02
 ONX                  :: WALL (Sec) = 0.11D+05
 ONX                  :: Allocs=258,  DeAllocs=258, 0 bytes are presently allocated.
                         A max of 379498864 bytes were allocated.
>-Exiting ONX 07/23/02 @ 01:33:46-<
<<Entering FockNGrueven 07/23/02 @ 01:33:46>>
 FockNGrueven         :: F[1] CheckSum  = 0.2389573575151301D+03
 FockNGrueven         :: OrthoF[1] CheckSum  = 0.2224870206087952D+03
 FockNGrueven         :: CPU (Sec,MFLOPS) = (0.16D+03, 282),
                         WALL(Sec,MFLOPS) = (0.17D+03, 274)
 FockNGrueven         :: Allocs=41,  DeAllocs=37, 41084284 bytes are presently allocated.
                         A max of 123256140 bytes were allocated.
>-Exiting FockNGrueven 07/23/02 @ 01:36:32-<
<<Entering DIIS 07/23/02 @ 01:36:33>>
 DIIS : Damping       :: Co = 0.80D+00, 0.20D+00
 DIIS                 :: F_DIIS[1] CheckSum  = 0.2224861321424758D+03
 DIIS                 :: CPU (Sec,MFLOPS) = (0.17D+03, 276),
                         WALL(Sec,MFLOPS) = (0.17D+03, 262)
 DIIS                 :: Allocs=34,  DeAllocs=30, 144 bytes are presently allocated.
                         A max of 164924868 bytes were allocated.
>-Exiting DIIS 07/23/02 @ 01:39:26-<
<<Entering RHEqs 07/23/02 @ 01:39:27>>
 RHEqs                :: HOMO = -.40135933D+00, LUMO = 0.11479664D+00
 RHEqs                :: OrthoP[2] CheckSum  = 0.2121320343552533D+02
 RHEqs                :: P[2] CheckSum  = 0.1487054632876480D+02
 RHEqs                :: CPU (Sec,MFLOPS) = (0.13D+04, 34),
                         WALL(Sec,MFLOPS) = (0.13D+04, 34)
 RHEqs                :: Allocs=31,  DeAllocs=29, 81000000 bytes are presently allocated.
                         A max of 204256152 bytes were allocated.
>-Exiting RHEqs 07/23/02 @ 02:01:34-<
<<Entering SCFStatus 07/23/02 @ 02:01:35>>
 
= = = = = SCFCycle #1, Basis #3, Geometry #1 = = = = =

       Gap     = 0.52D+00
       DIISErr = 0.41D-05
       MaxDelD = 0.26D-03
       <T>     = 0.68246972D+04
       <V>     = -.12860356D+05
       <HF>    = -.80741255D+03
       <SCF>   = -6843.07134341

 SCFStatus            :: CPU (Sec,MFLOPS) = (0.38D+01, 10),
                         WALL(Sec,MFLOPS) = (0.43D+01, 8)
 SCFStatus            :: Allocs=16,  DeAllocs=16, 0 bytes are presently allocated.
                         A max of 123256140 bytes were allocated.
>-Exiting SCFStatus 07/23/02 @ 02:01:39-<
<<Entering MakeRho 07/23/02 @ 02:01:40>>
 MakeRho : Pruned Rho :: dNel = -.11D-08, kept 9% of distributions.
 MakeRho : Moments    :: <r> = (-.36D+01, -.66D+00, -.27D+01), <r^2> = 0.59D+03
 MakeRho              :: Rho CheckSum  = 0.1385636561705059D+05
 MakeRho              :: CPU Sec = 0.12D+03, WALL Sec = 0.12D+03
 MakeRho              :: Allocs=64,  DeAllocs=59, 1192 bytes are presently allocated.
                         A max of 173282620 bytes were allocated.
>-Exiting MakeRho 07/23/02 @ 02:03:38-<
<<Entering QCTC 07/23/02 @ 02:03:39>>
 QCTC                 :: J[2] CheckSum  = 0.4409892507594068D+03
 QCTC                 :: CPU Sec = 0.75D+03, WALL Sec = 0.50D+04
 QCTC                 :: Allocs=990983,  DeAllocs=50, 104955264 bytes are presently allocated.
                         A max of 187163088 bytes were allocated.
>-Exiting QCTC 07/23/02 @ 03:27:45-<
<<Entering ONX 07/23/02 @ 03:27:46>>
 ONX                  :: Kx[2] CheckSum  = 0.7573414366662890D+02
 ONX                  :: WALL (Sec) = 0.11D+05
 ONX                  :: Allocs=258,  DeAllocs=258, 0 bytes are presently allocated.
                         A max of 379498864 bytes were allocated.
>-Exiting ONX 07/23/02 @ 06:31:10-<
<<Entering FockNGrueven 07/23/02 @ 06:31:11>>
 FockNGrueven         :: F[2] CheckSum  = 0.2389570825728655D+03
 FockNGrueven         :: OrthoF[2] CheckSum  = 0.2224868794975522D+03
 FockNGrueven         :: CPU (Sec,MFLOPS) = (0.16D+03, 283),
                         WALL(Sec,MFLOPS) = (0.16D+03, 279)
 FockNGrueven         :: Allocs=41,  DeAllocs=37, 41084284 bytes are presently allocated.
                         A max of 123256140 bytes were allocated.
>-Exiting FockNGrueven 07/23/02 @ 06:33:54-<
<<Entering DIIS 07/23/02 @ 06:33:54>>
 DIIS                 :: Cond# = 0.10D+07, MIN(E) = 0.14D-05
 DIIS : Pulay C1      :: DIISCo = -.44D+01, 0.54D+01
 DIIS                 :: F_DIIS[2] CheckSum  = 0.2224862538521330D+03
 DIIS                 :: CPU (Sec,MFLOPS) = (0.17D+03, 272),
                         WALL(Sec,MFLOPS) = (0.17D+03, 263)
 DIIS                 :: Allocs=45,  DeAllocs=40, 216 bytes are presently allocated.
                         A max of 164924868 bytes were allocated.
>-Exiting DIIS 07/23/02 @ 06:36:47-<
<<Entering RHEqs 07/23/02 @ 06:36:49>>
 RHEqs                :: HOMO = -.40129460D+00, LUMO = 0.11480071D+00
 RHEqs                :: OrthoP[3] CheckSum  = 0.2121320343552640D+02
 RHEqs                :: P[3] CheckSum  = 0.1487045179096372D+02
 RHEqs                :: CPU (Sec,MFLOPS) = (0.13D+04, 34),
                         WALL(Sec,MFLOPS) = (0.13D+04, 34)
 RHEqs                :: Allocs=31,  DeAllocs=29, 81000000 bytes are presently allocated.
                         A max of 204256152 bytes were allocated.
>-Exiting RHEqs 07/23/02 @ 06:58:53-<
<<Entering SCFStatus 07/23/02 @ 06:58:53>>
 
= = = = = SCFCycle #2, Basis #3, Geometry #1 = = = = =

       Gap     = 0.52D+00
       DIISErr = 0.34D-05
       MaxDelD = 0.13D-02
       <T>     = 0.68247041D+04
       <V>     = -.12860362D+05
       <HF>    = -.80741328D+03
       <SCF>   = -6843.07136698

 SCFStatus            :: CPU (Sec,MFLOPS) = (0.39D+01, 9),
                         WALL(Sec,MFLOPS) = (0.45D+01, 8)
 SCFStatus            :: Allocs=16,  DeAllocs=16, 0 bytes are presently allocated.
                         A max of 123256140 bytes were allocated.
>-Exiting SCFStatus 07/23/02 @ 06:58:57-<
<<Entering MakeRho 07/23/02 @ 06:58:58>>
 MakeRho : Pruned Rho :: dNel = -.92D-09, kept 9% of distributions.
 MakeRho : Moments    :: <r> = (-.36D+01, -.66D+00, -.27D+01), <r^2> = 0.59D+03
 MakeRho              :: Rho CheckSum  = 0.1385631073063102D+05
 MakeRho              :: CPU Sec = 0.12D+03, WALL Sec = 0.12D+03
 MakeRho              :: Allocs=64,  DeAllocs=59, 1192 bytes are presently allocated.
                         A max of 173288572 bytes were allocated.
>-Exiting MakeRho 07/23/02 @ 07:00:57-<
<<Entering QCTC 07/23/02 @ 07:00:57>>
 QCTC                 :: J[3] CheckSum  = 0.4409890350553282D+03
 QCTC                 :: CPU Sec = 0.73D+03, WALL Sec = 0.50D+04
 QCTC                 :: Allocs=991493,  DeAllocs=50, 105009328 bytes are presently allocated.
                         A max of 187217152 bytes were allocated.
>-Exiting QCTC 07/23/02 @ 08:24:49-<
<<Entering ONX 07/23/02 @ 08:24:50>>
 ONX                  :: Kx[3] CheckSum  = 0.7573419823437547D+02
 ONX                  :: WALL (Sec) = 0.11D+05
 ONX                  :: Allocs=258,  DeAllocs=258, 0 bytes are presently allocated.
                         A max of 379498864 bytes were allocated.
>-Exiting ONX 07/23/02 @ 11:28:01-<
<<Entering FockNGrueven 07/23/02 @ 11:28:01>>
 FockNGrueven         :: F[3] CheckSum  = 0.2389568237282345D+03
 FockNGrueven         :: OrthoF[3] CheckSum  = 0.2224866683446402D+03
 FockNGrueven         :: CPU (Sec,MFLOPS) = (0.16D+03, 279),
                         WALL(Sec,MFLOPS) = (0.16D+03, 279)
 FockNGrueven         :: Allocs=41,  DeAllocs=37, 41084284 bytes are presently allocated.
                         A max of 123256140 bytes were allocated.
>-Exiting FockNGrueven 07/23/02 @ 11:30:44-<
<<Entering DIIS 07/23/02 @ 11:30:45>>
 DIIS                 :: Cond# = 0.28D+08, MIN(E) = 0.61D-07
 DIIS : Pulay C1      :: DIISCo = -.86D+00, 0.10D+01, 0.84D+00
 DIIS                 :: F_DIIS[3] CheckSum  = 0.2224865812888274D+03
 DIIS                 :: CPU (Sec,MFLOPS) = (0.17D+03, 266),
                         WALL(Sec,MFLOPS) = (0.18D+03, 254)
 DIIS                 :: Allocs=49,  DeAllocs=44, 272 bytes are presently allocated.
                         A max of 164924868 bytes were allocated.
>-Exiting DIIS 07/23/02 @ 11:33:45-<
<<Entering RHEqs 07/23/02 @ 11:33:47>>
 RHEqs                :: HOMO = -.40129141D+00, LUMO = 0.11479800D+00
 RHEqs                :: OrthoP[4] CheckSum  = 0.2121320343552690D+02
 RHEqs                :: P[4] CheckSum  = 0.1487045102084097D+02
 RHEqs                :: CPU (Sec,MFLOPS) = (0.13D+04, 34),
                         WALL(Sec,MFLOPS) = (0.13D+04, 34)
 RHEqs                :: Allocs=31,  DeAllocs=29, 81000000 bytes are presently allocated.
                         A max of 204256152 bytes were allocated.
>-Exiting RHEqs 07/23/02 @ 11:55:54-<
<<Entering SCFStatus 07/23/02 @ 11:55:55>>
 
= = = = = SCFCycle #3, Basis #3, Geometry #1 = = = = =

       Gap     = 0.52D+00
       DIISErr = 0.36D-06
       MaxDelD = 0.12D-03
       <T>     = 0.68246956D+04
       <V>     = -.12860356D+05
       <HF>    = -.80741133D+03
       <SCF>   = -6843.07142020

 SCFStatus            :: CPU (Sec,MFLOPS) = (0.39D+01, 9),
                         WALL(Sec,MFLOPS) = (0.42D+01, 9)
 SCFStatus            :: Allocs=16,  DeAllocs=16, 0 bytes are presently allocated.
                         A max of 123256140 bytes were allocated.
>-Exiting SCFStatus 07/23/02 @ 11:55:59-<
<<Entering MakeRho 07/23/02 @ 11:56:00>>
 MakeRho : Pruned Rho :: dNel = -.76D-09, kept 9% of distributions.
 MakeRho : Moments    :: <r> = (-.36D+01, -.66D+00, -.27D+01), <r^2> = 0.59D+03
 MakeRho              :: Rho CheckSum  = 0.1385631432069577D+05
 MakeRho              :: CPU Sec = 0.12D+03, WALL Sec = 0.12D+03
 MakeRho              :: Allocs=64,  DeAllocs=59, 1192 bytes are presently allocated.
                         A max of 173288412 bytes were allocated.
>-Exiting MakeRho 07/23/02 @ 11:57:59-<
<<Entering QCTC 07/23/02 @ 11:58:00>>
 QCTC                 :: J[4] CheckSum  = 0.4409885509061418D+03
 QCTC                 :: CPU Sec = 0.76D+03, WALL Sec = 0.51D+04
 QCTC                 :: Allocs=991483,  DeAllocs=50, 105008160 bytes are presently allocated.
                         A max of 187215984 bytes were allocated.
>-Exiting QCTC 07/23/02 @ 13:22:15-<
<<Entering ONX 07/23/02 @ 13:22:15>>
 ONX                  :: Kx[4] CheckSum  = 0.7573426814539769D+02
 ONX                  :: WALL (Sec) = 0.11D+05
 ONX                  :: Allocs=258,  DeAllocs=258, 0 bytes are presently allocated.
                         A max of 379498864 bytes were allocated.
>-Exiting ONX 07/23/02 @ 16:25:38-<
<<Entering FockNGrueven 07/23/02 @ 16:25:38>>
 FockNGrueven         :: F[4] CheckSum  = 0.2389563836172164D+03
 FockNGrueven         :: OrthoF[4] CheckSum  = 0.2224864617359347D+03
 FockNGrueven         :: CPU (Sec,MFLOPS) = (0.16D+03, 279),
                         WALL(Sec,MFLOPS) = (0.17D+03, 276)
 FockNGrueven         :: Allocs=41,  DeAllocs=37, 41084284 bytes are presently allocated.
                         A max of 123256140 bytes were allocated.
>-Exiting FockNGrueven 07/23/02 @ 16:28:24-<
<<Entering DIIS 07/23/02 @ 16:28:24>>
 DIIS                 :: Cond# = 0.74D+08, MIN(E) = 0.27D-07
 DIIS : Pulay C1      :: DIISCo = 0.10D+01, -.13D+01, -.50D-01, 0.13D+01
 DIIS                 :: F_DIIS[4] CheckSum  = 0.2224865009132041D+03
 DIIS                 :: CPU (Sec,MFLOPS) = (0.18D+03, 259),
                         WALL(Sec,MFLOPS) = (0.19D+03, 241)
 DIIS                 :: Allocs=54,  DeAllocs=49, 344 bytes are presently allocated.
                         A max of 164924868 bytes were allocated.
>-Exiting DIIS 07/23/02 @ 16:31:33-<
<<Entering RHEqs 07/23/02 @ 16:31:35>>
 RHEqs                :: HOMO = -.40127973D+00, LUMO = 0.11479720D+00
 RHEqs                :: OrthoP[5] CheckSum  = 0.2121320343552679D+02
 RHEqs                :: P[5] CheckSum  = 0.1487042738554722D+02
 RHEqs                :: CPU (Sec,MFLOPS) = (0.13D+04, 34),
                         WALL(Sec,MFLOPS) = (0.13D+04, 34)
 RHEqs                :: Allocs=31,  DeAllocs=29, 81000000 bytes are presently allocated.
                         A max of 204256152 bytes were allocated.
>-Exiting RHEqs 07/23/02 @ 16:53:41-<
<<Entering SCFStatus 07/23/02 @ 16:53:41>>
 
= = = = = SCFCycle #4, Basis #3, Geometry #1 = = = = =

       Gap     = 0.52D+00
       DIISErr = 0.14D-06
       MaxDelD = 0.73D-04
       <T>     = 0.68247082D+04
       <V>     = -.12860367D+05
       <HF>    = -.80741300D+03
       <SCF>   = -6843.07142067

 SCFStatus            :: CPU (Sec,MFLOPS) = (0.40D+01, 9),
                         WALL(Sec,MFLOPS) = (0.61D+01, 6)
 SCFStatus            :: Allocs=16,  DeAllocs=16, 0 bytes are presently allocated.
                         A max of 123256140 bytes were allocated.
>-Exiting SCFStatus 07/23/02 @ 16:53:47-<
 Normal SCF convergence.
 Convergence statistics for RHFx/6-31Gss:
========================================================================
SCF    Ink       Total             Delta       Max         DIIS   
Cycle  Fok       Energy            E_Tot       Delta P     Error  
  0,    F,           0.00000000, 0.0000D+00, 0.0000D+00, 0.0000D+00, 
  1,    F,       -6843.07134341, 0.8170D-05, 0.1506D+01, 0.9101D-04, 
  2,    F,       -6843.07136698, 0.3445D-08, 0.1018D-02, 0.3378D-05, 
  3,    F,       -6843.07142020, 0.7776D-08, 0.1160D-02, 0.3566D-06, 
  4,    F,       -6843.07142067, 0.6882D-10, 0.4845D-04, 0.1415D-06, 
========================================================================
>-Succesfull MondoSCF run 07/23/02 @ 16:53:48-<
