

 __    __                 _       ____________ ______ 
|  \  /  |               | |     /       /    |      |
|   \/   | ___  _ __   __| | ___/   ____/   __|  |==='
|        |/ _ \| '_ \ / _  |/ _ \____  \   (__|  ____|
|  |\/|  | (_) | | | | (_| | (_) )     /\     |  |    
|__|  |__|\___/|_| |_|\____|\___/_____/  \____|__|    

 Version 1.0 alpha 4                                  
 A program suite for O(N) SCF theory and ab initio MD 
 Matt Challacombe, Eric Schwegler, C.J. Tymczak,      
 Chee Kwan Gan, Karoly Nemeth and Anders Niklasson    
 Los Alamos National Laboratory (LA-CC 01-2)          
 Copywrite 2001, University of California.            

 Compiled for AMDLinux.PG, executing on zinc22
 a i686 machine running Linux 2.4.2-2

Water Cluster Scaling                                                                                                           
  
<<Starting MondoSCF 07/22/02 @ 15:04:41>>
 ** Auto-Wraps at default value => (Off) **
 ** Atom-Wrap at default value => (AtomWrap-Off) **
 ** Lattice Vector Format at default value => (Vector Format) **
 ** Coodinate Format at default value => (Atomic Coord) **
========================================================================
 Internal representation of the geometry:
 Geometry originally in Angstroms has been converted to AU.
 Geometry has been reordered using the Hilbert curve.
 Number of electrons = 100
------------------------------------------------------------------------
  *** Periodic is Off *** 
------------------------------------------------------------------------
 1   h    0.95450060D+00   -.41721370D+01   -.56778707D+01
 2   o    -.58127971D+00   -.40457144D+01   -.14626479D+00
 3   h    0.59167321D+00   -.41745937D+01   -.15172610D+01
 4   h    -.47112759D+01   -.73207985D+00   -.87116368D-01
 5   h    -.37679246D+01   -.29508071D+01   -.16272430D+01
 6   o    -.52655325D+01   -.20152038D+01   -.12353139D+01
 7   h    0.31822986D+00   -.31418584D+01   0.11366702D+01
 8   o    -.42745602D+01   0.21557994D+01   0.15958736D+01
 9   h    -.28361008D+01   0.32482500D+01   0.15008204D+01
 10   h    -.48654775D+01   0.23309770D+01   0.32964380D+01
 11   o    -.29744287D+00   0.54800164D+01   0.90480080D+00
 12   h    -.33977273D+00   0.56298717D+01   0.27068435D+01
 13   h    0.29423034D+00   0.47483145D+01   -.51727469D+01
 14   h    0.24364237D+01   0.29045088D+01   -.56145649D+01
 15   o    0.16436837D+01   0.43709362D+01   -.63165981D+01
 16   h    0.59579281D+01   0.59790930D+00   -.60104625D+01
 17   o    0.49217913D+01   0.94032765D+00   -.45680346D+01
 18   h    0.52203680D+01   0.24379355D+01   -.82883382D+00
 19   h    0.14503647D+01   0.52307615D+01   0.51135985D+00
 20   h    0.60713117D+01   0.39773063D+01   0.14273100D+01
 21   o    0.47054177D+01   0.29551535D+01   0.82618820D+00
 22   h    0.28963830D+01   -.26437267D+00   0.24375576D+01
 23   o    0.22164596D+01   -.13961296D+01   0.36740053D+01
 24   h    0.19503862D+01   -.36433917D+00   0.51357083D+01
 25   h    0.52687450D+01   -.33389568D+01   0.33637123D+00
 26   h    0.77558134D+01   -.20507306D+01   -.24642027D+00
 27   o    0.62415760D+01   -.26577106D+01   -.10280109D+01
 28   h    0.23927710D+01   -.64511466D+01   -.47175120D+01
 29   o    0.21866019D+01   -.46738593D+01   -.44520055D+01
 30   h    0.50455684D+01   -.55368971D+00   -.35557084D+01
========================================================================
 ParseGeometry        :: Allocs=14,  DeAllocs=14, 0 bytes are presently allocated.
                         A max of 4008 bytes were allocated.
 Base(1)%BName   = 6-31Gss
 Opening BasFile = /home/mchalla/MONDO/BasisSets/6-31Gss.bas
 ParseBaseSets        :: Allocs=65,  DeAllocs=64, 240 bytes are presently allocated.
                         A max of 41632 bytes were allocated.
 Current HDF file :: /scratch/mchalla/h2o_10_16178.hdf
 Restart HDF file :: /home/mchalla/MONDO/Benchmarks/WATER/h2o_10.hdf
 Restart using 6-31Gss/HFx density from previous geometry #1

 PROGRAM OF CALCULATIONS:

  A restricted Roothaan-Hall solution of the SCF using
  a tight accuracy level, 6-31Gss and the HFx model.
 

 Accuracy level 3 for the 6-31Gss basis set:
  TrixNeglect = 0.10D-09, CubeNeglect = 0.10D-06,
  TwoENeglect = 0.10D-09, DistNeglect = 0.10D-11
 MaxAtms = 31, MaxBlks = 901, MaxNon0 = 62501, BndWdth = 30
<<Entering MakeS 07/22/02 @ 15:04:43>>
 MakeS                :: S CheckSum  = 0.2257991447978352D+02
 MakeS                :: CPU Sec = 0.19D+00, WALL Sec = 0.43D+00
 MakeS                :: Allocs=37,  DeAllocs=36, 24 bytes are presently allocated.
                         A max of 1176784 bytes were allocated.
>-Exiting MakeS 07/22/02 @ 15:04:43-<
<<Entering LowdinO 07/22/02 @ 15:04:43>>
 LowdinO              :: X CheckSum  = 0.3771169760293450D+02
 LowdinO              :: CPU Sec = 0.16D+01, WALL Sec = 0.32D+01
 LowdinO              :: Allocs=20,  DeAllocs=20, 0 bytes are presently allocated.
                         A max of 1502240 bytes were allocated.
>-Exiting LowdinO 07/22/02 @ 15:04:46-<
<<Entering MakeT 07/22/02 @ 15:04:47>>
 MakeT                :: T CheckSum  = 0.1021860775928319D+03
 MakeT                :: CPU Sec = 0.19D+00, WALL Sec = 0.38D+00
 MakeT                :: Allocs=33,  DeAllocs=32, 24 bytes are presently allocated.
                         A max of 1027912 bytes were allocated.
>-Exiting MakeT 07/22/02 @ 15:04:47-<
<<Entering P2Use 07/22/02 @ 15:04:47>>
 P2Use                :: P[0] CheckSum  = 0.4957476686960657D+01
 P2Use                :: CPU Sec = 0.40D-01, WALL Sec = 0.16D+00
 P2Use                :: Allocs=39,  DeAllocs=39, 0 bytes are presently allocated.
                         A max of 2037768 bytes were allocated.
>-Exiting P2Use 07/22/02 @ 15:04:47-<
<<Entering MakeRho 07/22/02 @ 15:04:47>>
 MakeRho : Pruned Rho :: dNel = 0.94D-06, kept 30% of distributions.
 MakeRho : Moments    :: <r> = (0.22D+01, 0.86D-01, 0.95D+00), <r^2> = 0.69D+02
 ... ning Warning  Warning  Warning Wa ...
In MakeRho, relative error in density = 0.94D-08. Distribution threshold = 0.10D-11. T
 MakeRho              :: Rho CheckSum  = 0.1540221189456736D+04
 MakeRho              :: CPU Sec = 0.27D+01, WALL Sec = 0.54D+01
 MakeRho              :: Allocs=65,  DeAllocs=59, 1204 bytes are presently allocated.
                         A max of 3939600 bytes were allocated.
>-Exiting MakeRho 07/22/02 @ 15:04:53-<
<<Entering QCTC 07/22/02 @ 15:04:53>>
 QCTC                 :: J[0] CheckSum  = 0.1470065681389362D+03
 QCTC                 :: CPU Sec = 0.10D+03, WALL Sec = 0.20D+03
 QCTC                 :: Allocs=66173,  DeAllocs=50, 7164704 bytes are presently allocated.
                         A max of 8434496 bytes were allocated.
>-Exiting QCTC 07/22/02 @ 15:08:12-<
<<Entering ONX 07/22/02 @ 15:08:13>>
 ONX                  :: Kx[0] CheckSum  = 0.2521680506499337D+02
 ONX                  :: CPU Sec = 0.13D+03, WALL Sec = 0.26D+03
 ONX                  :: Allocs=182,  DeAllocs=181, 12 bytes are presently allocated.
                         A max of 199560352 bytes were allocated.
>-Exiting ONX 07/22/02 @ 15:12:36-<
<<Entering FockNGrueven 07/22/02 @ 15:12:36>>
 FockNGrueven         :: F[0] CheckSum  = 0.7963551066719734D+02
 FockNGrueven         :: OrthoF[0] CheckSum  = 0.7399346169052804D+02
 FockNGrueven         :: CPU (Sec,MFLOPS) = (0.23D+00, 272),
                         WALL(Sec,MFLOPS) = (0.54D+00, 116)
 FockNGrueven         :: Allocs=37,  DeAllocs=33, 507324 bytes are presently allocated.
                         A max of 2029688 bytes were allocated.
>-Exiting FockNGrueven 07/22/02 @ 15:12:37-<
<<Entering RHEqs 07/22/02 @ 15:12:37>>
 RHEqs                :: HOMO = -.39412364D+00, LUMO = 0.13607402D+00
 RHEqs                :: OrthoP[1] CheckSum  = 0.7071067811865467D+01
 RHEqs                :: P[1] CheckSum  = 0.4957017161816346D+01
 RHEqs                :: CPU (Sec,MFLOPS) = (0.15D+01, 41),
                         WALL(Sec,MFLOPS) = (0.30D+01, 20)
 RHEqs                :: Allocs=31,  DeAllocs=29, 1000000 bytes are presently allocated.
                         A max of 2522392 bytes were allocated.
>-Exiting RHEqs 07/22/02 @ 15:12:40-<
<<Entering SCFStatus 07/22/02 @ 15:12:40>>
 
= = = = = SCFCycle #0, Basis #1, Geometry #1 = = = = =

       Gap     = 0.53D+00
       MaxDelD = 0.69D-02
       <T>     = 0.75834995D+03
       <V>     = -.14289263D+04
       <HF>    = -.89717795D+02
       <SCF>   = -760.29411357

 SCFStatus            :: CPU (Sec,MFLOPS) = (0.50D-01, 12),
                         WALL(Sec,MFLOPS) = (0.15D+00, 4)
 SCFStatus            :: Allocs=16,  DeAllocs=16, 0 bytes are presently allocated.
                         A max of 1522380 bytes were allocated.
>-Exiting SCFStatus 07/22/02 @ 15:12:40-<
<<Entering MakeRho 07/22/02 @ 15:12:40>>
 MakeRho : Pruned Rho :: dNel = -.28D-11, kept 29% of distributions.
 MakeRho : Moments    :: <r> = (0.22D+01, 0.86D-01, 0.95D+00), <r^2> = 0.69D+02
 MakeRho              :: Rho CheckSum  = 0.1540189913299712D+04
 MakeRho              :: CPU Sec = 0.27D+01, WALL Sec = 0.55D+01
 MakeRho              :: Allocs=64,  DeAllocs=59, 1192 bytes are presently allocated.
                         A max of 3936588 bytes were allocated.
>-Exiting MakeRho 07/22/02 @ 15:12:46-<
<<Entering QCTC 07/22/02 @ 15:12:46>>
 QCTC                 :: J[1] CheckSum  = 0.1470078907053299D+03
 QCTC                 :: CPU Sec = 0.99D+02, WALL Sec = 0.20D+03
 QCTC                 :: Allocs=65063,  DeAllocs=50, 7054704 bytes are presently allocated.
                         A max of 8307144 bytes were allocated.
>-Exiting QCTC 07/22/02 @ 15:16:03-<
<<Entering ONX 07/22/02 @ 15:16:03>>
 ONX                  :: Kx[1] CheckSum  = 0.2521673982064411D+02
 ONX                  :: CPU Sec = 0.13D+03, WALL Sec = 0.25D+03
 ONX                  :: Allocs=181,  DeAllocs=181, 0 bytes are presently allocated.
                         A max of 199561380 bytes were allocated.
>-Exiting ONX 07/22/02 @ 15:20:16-<
<<Entering FockNGrueven 07/22/02 @ 15:20:16>>
 FockNGrueven         :: F[1] CheckSum  = 0.7963671022196397D+02
 FockNGrueven         :: OrthoF[1] CheckSum  = 0.7399394376871463D+02
 FockNGrueven         :: CPU (Sec,MFLOPS) = (0.22D+00, 285),
                         WALL(Sec,MFLOPS) = (0.58D+00, 108)
 FockNGrueven         :: Allocs=37,  DeAllocs=33, 507324 bytes are presently allocated.
                         A max of 2029688 bytes were allocated.
>-Exiting FockNGrueven 07/22/02 @ 15:20:17-<
<<Entering DIIS 07/22/02 @ 15:20:17>>
 DIIS : Damping       :: Co = 0.80D+00, 0.20D+00
 DIIS                 :: F_DIIS[1] CheckSum  = 0.7399355809085128D+02
 DIIS                 :: CPU (Sec,MFLOPS) = (0.22D+00, 286),
                         WALL(Sec,MFLOPS) = (0.54D+00, 116)
 DIIS                 :: Allocs=34,  DeAllocs=30, 144 bytes are presently allocated.
                         A max of 2037188 bytes were allocated.
>-Exiting DIIS 07/22/02 @ 15:20:17-<
<<Entering RHEqs 07/22/02 @ 15:20:17>>
 RHEqs                :: HOMO = -.39408001D+00, LUMO = 0.13606320D+00
 RHEqs                :: OrthoP[2] CheckSum  = 0.7071067811865459D+01
 RHEqs                :: P[2] CheckSum  = 0.4957005850630530D+01
 RHEqs                :: CPU (Sec,MFLOPS) = (0.15D+01, 42),
                         WALL(Sec,MFLOPS) = (0.31D+01, 20)
 RHEqs                :: Allocs=31,  DeAllocs=29, 1000000 bytes are presently allocated.
                         A max of 2522392 bytes were allocated.
>-Exiting RHEqs 07/22/02 @ 15:20:20-<
<<Entering SCFStatus 07/22/02 @ 15:20:21>>
 
= = = = = SCFCycle #1, Basis #1, Geometry #1 = = = = =

       Gap     = 0.53D+00
       DIISErr = 0.79D-05
       MaxDelD = 0.11D-03
       <T>     = 0.75833398D+03
       <V>     = -.14289124D+04
       <HF>    = -.89716122D+02
       <SCF>   = -760.29450222

 SCFStatus            :: CPU (Sec,MFLOPS) = (0.50D-01, 12),
                         WALL(Sec,MFLOPS) = (0.17D+00, 3)
 SCFStatus            :: Allocs=16,  DeAllocs=16, 0 bytes are presently allocated.
                         A max of 1522380 bytes were allocated.
>-Exiting SCFStatus 07/22/02 @ 15:20:21-<
<<Entering MakeRho 07/22/02 @ 15:20:21>>
 MakeRho : Pruned Rho :: dNel = 0.11D-09, kept 29% of distributions.
 MakeRho : Moments    :: <r> = (0.22D+01, 0.86D-01, 0.95D+00), <r^2> = 0.69D+02
 MakeRho              :: Rho CheckSum  = 0.1540189541427382D+04
 MakeRho              :: CPU Sec = 0.27D+01, WALL Sec = 0.54D+01
 MakeRho              :: Allocs=64,  DeAllocs=59, 1192 bytes are presently allocated.
                         A max of 3936220 bytes were allocated.
>-Exiting MakeRho 07/22/02 @ 15:20:26-<
<<Entering QCTC 07/22/02 @ 15:20:26>>
 QCTC                 :: J[2] CheckSum  = 0.1470077355143911D+03
 QCTC                 :: CPU Sec = 0.99D+02, WALL Sec = 0.20D+03
 QCTC                 :: Allocs=65013,  DeAllocs=50, 7049872 bytes are presently allocated.
                         A max of 8301584 bytes were allocated.
>-Exiting QCTC 07/22/02 @ 15:23:44-<
<<Entering ONX 07/22/02 @ 15:23:44>>
 ONX                  :: Kx[2] CheckSum  = 0.2521676086659475D+02
 ONX                  :: CPU Sec = 0.13D+03, WALL Sec = 0.25D+03
 ONX                  :: Allocs=181,  DeAllocs=181, 0 bytes are presently allocated.
                         A max of 199561380 bytes were allocated.
>-Exiting ONX 07/22/02 @ 15:27:56-<
<<Entering FockNGrueven 07/22/02 @ 15:27:56>>
 FockNGrueven         :: F[2] CheckSum  = 0.7963656794885829D+02
 FockNGrueven         :: OrthoF[2] CheckSum  = 0.7399389053207896D+02
 FockNGrueven         :: CPU (Sec,MFLOPS) = (0.22D+00, 285),
                         WALL(Sec,MFLOPS) = (0.53D+00, 118)
 FockNGrueven         :: Allocs=37,  DeAllocs=33, 507324 bytes are presently allocated.
                         A max of 2029688 bytes were allocated.
>-Exiting FockNGrueven 07/22/02 @ 15:27:57-<
<<Entering DIIS 07/22/02 @ 15:27:57>>
 DIIS                 :: Cond# = 0.18D+08, MIN(E) = 0.77D-07
 DIIS : Pulay C1      :: DIISCo = -.38D+01, 0.48D+01
 DIIS                 :: F_DIIS[2] CheckSum  = 0.7399368907402155D+02
 DIIS                 :: CPU (Sec,MFLOPS) = (0.24D+00, 264),
                         WALL(Sec,MFLOPS) = (0.66D+00, 96)
 DIIS                 :: Allocs=45,  DeAllocs=40, 216 bytes are presently allocated.
                         A max of 2037188 bytes were allocated.
>-Exiting DIIS 07/22/02 @ 15:27:58-<
<<Entering RHEqs 07/22/02 @ 15:27:58>>
 RHEqs                :: HOMO = -.39394941D+00, LUMO = 0.13603844D+00
 RHEqs                :: OrthoP[3] CheckSum  = 0.7071067811865500D+01
 RHEqs                :: P[3] CheckSum  = 0.4956916639939904D+01
 RHEqs                :: CPU (Sec,MFLOPS) = (0.15D+01, 42),
                         WALL(Sec,MFLOPS) = (0.30D+01, 20)
 RHEqs                :: Allocs=31,  DeAllocs=29, 1000000 bytes are presently allocated.
                         A max of 2522392 bytes were allocated.
>-Exiting RHEqs 07/22/02 @ 15:28:01-<
<<Entering SCFStatus 07/22/02 @ 15:28:01>>
 
= = = = = SCFCycle #2, Basis #1, Geometry #1 = = = = =

       Gap     = 0.53D+00
       DIISErr = 0.64D-05
       MaxDelD = 0.55D-03
       <T>     = 0.75833508D+03
       <V>     = -.14289133D+04
       <HF>    = -.89716289D+02
       <SCF>   = -760.29450331

 SCFStatus            :: CPU (Sec,MFLOPS) = (0.50D-01, 12),
                         WALL(Sec,MFLOPS) = (0.11D+00, 5)
 SCFStatus            :: Allocs=16,  DeAllocs=16, 0 bytes are presently allocated.
                         A max of 1522380 bytes were allocated.
>-Exiting SCFStatus 07/22/02 @ 15:28:01-<
<<Entering MakeRho 07/22/02 @ 15:28:01>>
 MakeRho : Pruned Rho :: dNel = 0.19D-09, kept 29% of distributions.
 MakeRho : Moments    :: <r> = (0.22D+01, 0.86D-01, 0.95D+00), <r^2> = 0.69D+02
 MakeRho              :: Rho CheckSum  = 0.1540182141491687D+04
 MakeRho              :: CPU Sec = 0.27D+01, WALL Sec = 0.55D+01
 MakeRho              :: Allocs=64,  DeAllocs=59, 1192 bytes are presently allocated.
                         A max of 3935788 bytes were allocated.
>-Exiting MakeRho 07/22/02 @ 15:28:07-<
<<Entering QCTC 07/22/02 @ 15:28:07>>
 QCTC                 :: J[3] CheckSum  = 0.1470075511283348D+03
 QCTC                 :: CPU Sec = 0.98D+02, WALL Sec = 0.20D+03
 QCTC                 :: Allocs=64983,  DeAllocs=50, 7046544 bytes are presently allocated.
                         A max of 8297608 bytes were allocated.
>-Exiting QCTC 07/22/02 @ 15:31:24-<
<<Entering ONX 07/22/02 @ 15:31:24>>
 ONX                  :: Kx[3] CheckSum  = 0.2521680341264250D+02
 ONX                  :: CPU Sec = 0.13D+03, WALL Sec = 0.25D+03
 ONX                  :: Allocs=181,  DeAllocs=181, 0 bytes are presently allocated.
                         A max of 199561380 bytes were allocated.
>-Exiting ONX 07/22/02 @ 15:35:37-<
<<Entering FockNGrueven 07/22/02 @ 15:35:37>>
 FockNGrueven         :: F[3] CheckSum  = 0.7963638876504936D+02
 FockNGrueven         :: OrthoF[3] CheckSum  = 0.7399382319941792D+02
 FockNGrueven         :: CPU (Sec,MFLOPS) = (0.22D+00, 285),
                         WALL(Sec,MFLOPS) = (0.55D+00, 114)
 FockNGrueven         :: Allocs=37,  DeAllocs=33, 507324 bytes are presently allocated.
                         A max of 2029688 bytes were allocated.
>-Exiting FockNGrueven 07/22/02 @ 15:35:38-<
<<Entering DIIS 07/22/02 @ 15:35:38>>
 DIIS                 :: Cond# = 0.13D+09, MIN(E) = 0.13D-07
 DIIS : Pulay C1      :: DIISCo = -.10D+01, 0.12D+01, 0.84D+00
 DIIS                 :: F_DIIS[3] CheckSum  = 0.7399377902730710D+02
 DIIS                 :: CPU (Sec,MFLOPS) = (0.28D+00, 228),
                         WALL(Sec,MFLOPS) = (0.66D+00, 96)
 DIIS                 :: Allocs=49,  DeAllocs=44, 272 bytes are presently allocated.
                         A max of 2037188 bytes were allocated.
>-Exiting DIIS 07/22/02 @ 15:35:38-<
<<Entering RHEqs 07/22/02 @ 15:35:38>>
 RHEqs                :: HOMO = -.39390512D+00, LUMO = 0.13602386D+00
 RHEqs                :: OrthoP[4] CheckSum  = 0.7071067811865469D+01
 RHEqs                :: P[4] CheckSum  = 0.4956907304138269D+01
 RHEqs                :: CPU (Sec,MFLOPS) = (0.15D+01, 42),
                         WALL(Sec,MFLOPS) = (0.32D+01, 19)
 RHEqs                :: Allocs=31,  DeAllocs=29, 1000000 bytes are presently allocated.
                         A max of 2522392 bytes were allocated.
>-Exiting RHEqs 07/22/02 @ 15:35:42-<
<<Entering SCFStatus 07/22/02 @ 15:35:42>>
 
= = = = = SCFCycle #3, Basis #1, Geometry #1 = = = = =

       Gap     = 0.53D+00
       DIISErr = 0.12D-05
       MaxDelD = 0.69D-04
       <T>     = 0.75833496D+03
       <V>     = -.14289131D+04
       <HF>    = -.89716391D+02
       <SCF>   = -760.29450576

 SCFStatus            :: CPU (Sec,MFLOPS) = (0.50D-01, 12),
                         WALL(Sec,MFLOPS) = (0.17D+00, 3)
 SCFStatus            :: Allocs=16,  DeAllocs=16, 0 bytes are presently allocated.
                         A max of 1522380 bytes were allocated.
>-Exiting SCFStatus 07/22/02 @ 15:35:42-<
<<Entering MakeRho 07/22/02 @ 15:35:42>>
 MakeRho : Pruned Rho :: dNel = 0.24D-09, kept 29% of distributions.
 MakeRho : Moments    :: <r> = (0.22D+01, 0.86D-01, 0.95D+00), <r^2> = 0.69D+02
 MakeRho              :: Rho CheckSum  = 0.1540181885695930D+04
 MakeRho              :: CPU Sec = 0.27D+01, WALL Sec = 0.54D+01
 MakeRho              :: Allocs=64,  DeAllocs=59, 1192 bytes are presently allocated.
                         A max of 3935836 bytes were allocated.
>-Exiting MakeRho 07/22/02 @ 15:35:47-<
<<Entering QCTC 07/22/02 @ 15:35:48>>
 QCTC                 :: J[4] CheckSum  = 0.1470073903558460D+03
 QCTC                 :: CPU Sec = 0.99D+02, WALL Sec = 0.20D+03
 QCTC                 :: Allocs=64983,  DeAllocs=50, 7046656 bytes are presently allocated.
                         A max of 8297768 bytes were allocated.
>-Exiting QCTC 07/22/02 @ 15:39:05-<
<<Entering ONX 07/22/02 @ 15:39:05>>
 ONX                  :: Kx[4] CheckSum  = 0.2521682632113665D+02
 ONX                  :: CPU Sec = 0.13D+03, WALL Sec = 0.25D+03
 ONX                  :: Allocs=181,  DeAllocs=181, 0 bytes are presently allocated.
                         A max of 199561380 bytes were allocated.
>-Exiting ONX 07/22/02 @ 15:43:18-<
<<Entering FockNGrueven 07/22/02 @ 15:43:19>>
 FockNGrueven         :: F[4] CheckSum  = 0.7963624089175190D+02
 FockNGrueven         :: OrthoF[4] CheckSum  = 0.7399376712970822D+02
 FockNGrueven         :: CPU (Sec,MFLOPS) = (0.21D+00, 298),
                         WALL(Sec,MFLOPS) = (0.45D+00, 139)
 FockNGrueven         :: Allocs=37,  DeAllocs=33, 507324 bytes are presently allocated.
                         A max of 2029688 bytes were allocated.
>-Exiting FockNGrueven 07/22/02 @ 15:43:19-<
<<Entering DIIS 07/22/02 @ 15:43:19>>
 DIIS                 :: Cond# = 0.81D+09, MIN(E) = 0.25D-08
 DIIS : Pulay C1      :: DIISCo = 0.79D+00, -.95D+00, -.31D+00, 0.15D+01
 DIIS                 :: F_DIIS[4] CheckSum  = 0.7399377155836990D+02
 DIIS                 :: CPU (Sec,MFLOPS) = (0.33D+00, 195),
                         WALL(Sec,MFLOPS) = (0.69D+00, 93)
 DIIS                 :: Allocs=54,  DeAllocs=49, 344 bytes are presently allocated.
                         A max of 2037188 bytes were allocated.
>-Exiting DIIS 07/22/02 @ 15:43:20-<
<<Entering RHEqs 07/22/02 @ 15:43:20>>
 RHEqs                :: HOMO = -.39389325D+00, LUMO = 0.13602075D+00
 RHEqs                :: OrthoP[5] CheckSum  = 0.7071067811865469D+01
 RHEqs                :: P[5] CheckSum  = 0.4956896374352839D+01
 RHEqs                :: CPU (Sec,MFLOPS) = (0.15D+01, 43),
                         WALL(Sec,MFLOPS) = (0.30D+01, 20)
 RHEqs                :: Allocs=31,  DeAllocs=29, 1000000 bytes are presently allocated.
                         A max of 2522392 bytes were allocated.
>-Exiting RHEqs 07/22/02 @ 15:43:23-<
<<Entering SCFStatus 07/22/02 @ 15:43:23>>
 
= = = = = SCFCycle #4, Basis #1, Geometry #1 = = = = =

       Gap     = 0.53D+00
       DIISErr = 0.30D-06
       MaxDelD = 0.34D-04
       <T>     = 0.75833610D+03
       <V>     = -.14289140D+04
       <HF>    = -.89716565D+02
       <SCF>   = -760.29450581

 SCFStatus            :: CPU (Sec,MFLOPS) = (0.60D-01, 10),
                         WALL(Sec,MFLOPS) = (0.11D+00, 5)
 SCFStatus            :: Allocs=16,  DeAllocs=16, 0 bytes are presently allocated.
                         A max of 1522380 bytes were allocated.
>-Exiting SCFStatus 07/22/02 @ 15:43:23-<
 Normal SCF convergence.
 Convergence statistics for RHFx/6-31Gss:
========================================================================
SCF    Ink       Total             Delta       Max         DIIS   
Cycle  Fok       Energy            E_Tot       Delta P     Error  
  0,    F,           0.00000000, 0.0000D+00, 0.0000D+00, 0.0000D+00, 
  1,    F,        -760.29450222, 0.5112D-06, 0.6742D-02, 0.0000D+00, 
  2,    F,        -760.29450331, 0.1433D-08, 0.4418D-03, 0.6421D-05, 
  3,    F,        -760.29450576, 0.3217D-08, 0.4846D-03, 0.1164D-05, 
  4,    F,        -760.29450581, 0.6570D-10, 0.3425D-04, 0.3036D-06, 
========================================================================
>-Succesfull MondoSCF run 07/22/02 @ 15:43:23-<
