

 __    __                 _       ____________ ______ 
|  \  /  |               | |     /       /    |      |
|   \/   | ___  _ __   __| | ___/   ____/   __|  |==='
|        |/ _ \| '_ \ / _  |/ _ \____  \   (__|  ____|
|  |\/|  | (_) | | | | (_| | (_) )     /\     |  |    
|__|  |__|\___/|_| |_|\____|\___/_____/  \____|__|    

 Version 1.0 alpha 4                                  
 A program suite for O(N) SCF theory and ab initio MD 
 Matt Challacombe, Eric Schwegler, C.J. Tymczak,      
 Chee Kwan Gan, Karoly Nemeth and Anders Niklasson    
 Los Alamos National Laboratory (LA-CC 01-2)          
 Copywrite 2001, University of California.            

 Compiled for AMDLinux.PG, executing on zinc23
 a i686 machine running Linux 2.4.2-2

Water Cluster Scaling                                                                                                           
  
<<Starting MondoSCF 07/22/02 @ 10:56:03>>
 ** Auto-Wraps at default value => (Off) **
 ** Atom-Wrap at default value => (AtomWrap-Off) **
 ** Lattice Vector Format at default value => (Vector Format) **
 ** Coodinate Format at default value => (Atomic Coord) **
========================================================================
 Internal representation of the geometry:
 Geometry originally in Angstroms has been converted to AU.
 Geometry has been reordered using the Hilbert curve.
 Number of electrons = 300
------------------------------------------------------------------------
  *** Periodic is Off *** 
------------------------------------------------------------------------
 1   h    -.33166581D+01   -.65777582D+01   -.59919432D+01
 2   h    -.46946463D+01   -.46902999D+01   -.76422409D+01
 3   o    -.35611886D+01   -.48023607D+01   -.62370406D+01
 4   h    -.59316609D+01   0.14265541D+01   -.62136080D+01
 5   o    -.51020712D+01   0.19057887D+01   -.95958396D+01
 6   h    -.48233366D+01   0.19740078D+01   -.11381820D+02
 7   h    -.16688170D+01   -.31787081D+01   -.89406716D+01
 8   h    -.14524434D+01   -.12474081D+01   -.11040346D+02
 9   o    -.51872978D+00   -.19974404D+01   -.96848457D+01
 10   h    0.30258293D+01   0.14305226D+00   -.10601552D+02
 11   o    0.36517065D+01   0.18330342D+01   -.10756887D+02
 12   h    0.23927710D+01   -.64511466D+01   -.47175120D+01
 13   h    0.59167321D+00   -.41745937D+01   -.15172610D+01
 14   o    0.21866019D+01   -.46738593D+01   -.44520055D+01
 15   h    0.95450060D+00   -.41721370D+01   -.56778707D+01
 16   o    -.59991241D+01   0.20286208D+01   -.45092642D+01
 17   h    -.53857191D+01   0.64723115D+00   -.35156462D+01
 18   h    -.37679246D+01   -.29508071D+01   -.16272430D+01
 19   o    -.52655325D+01   -.20152038D+01   -.12353139D+01
 20   o    -.43728259D+01   -.41403896D+01   0.43236931D+01
 21   h    -.49130986D+01   -.49217913D+01   0.27845112D+01
 22   o    -.12177394D+01   -.90697399D+01   0.15321898D+01
 23   h    -.27875348D+01   -.89418054D+01   0.24216839D+01
 24   h    -.88287998D+00   -.73871279D+01   0.95903594D+00
 25   o    -.58127971D+00   -.40457144D+01   -.14626479D+00
 26   h    0.44841308D+01   -.36449035D+01   0.61771363D+01
 27   h    -.65371291D+01   0.10433177D+01   0.76091707D+01
 28   o    -.50499148D+01   0.14804113D+01   0.66769688D+01
 29   o    0.22164596D+01   -.13961296D+01   0.36740053D+01
 30   h    0.19503862D+01   -.36433917D+00   0.51357083D+01
 31   h    0.28963830D+01   -.26437267D+00   0.24375576D+01
 32   h    0.31822986D+00   -.31418584D+01   0.11366702D+01
 33   h    -.47112759D+01   -.73207985D+00   -.87116368D-01
 34   h    -.47471807D+01   -.23852121D+01   0.40971149D+01
 35   o    -.42745602D+01   0.21557994D+01   0.15958736D+01
 36   h    -.28361008D+01   0.32482500D+01   0.15008204D+01
 37   h    -.48654775D+01   0.23309770D+01   0.32964380D+01
 38   h    -.46812292D+01   0.31781412D+01   0.71811477D+01
 39   h    -.16599353D+01   0.68134071D+01   0.68666973D+01
 40   h    0.50172225D+00   0.13400992D+02   0.11657720D+01
 41   o    0.65762464D+00   0.11618980D+02   0.89837573D+00
 42   h    0.40186913D+01   0.10539758D+02   0.14462073D+01
 43   h    0.22827890D+00   0.87040779D+01   0.58449225D+01
 44   o    -.15798109D+00   0.69371841D+01   0.58664654D+01
 45   h    0.27446380D+01   0.46109314D+01   0.75307470D+01
 46   o    0.36182584D+01   0.30294197D+01   0.76171075D+01
 47   h    -.33977273D+00   0.56298717D+01   0.27068435D+01
 48   o    -.29744287D+00   0.54800164D+01   0.90480080D+00
 49   h    0.14503647D+01   0.52307615D+01   0.51135985D+00
 50   h    0.29423034D+00   0.47483145D+01   -.51727469D+01
 51   h    0.24364237D+01   0.29045088D+01   -.56145649D+01
 52   h    -.69919862D-02   0.11349694D+02   -.76231546D+00
 53   h    -.31511181D+01   0.12067790D+02   -.46882212D+01
 54   o    -.19878028D+01   0.11107809D+02   -.36895010D+01
 55   h    -.25930820D+01   0.94066780D+01   -.37979713D+01
 56   h    -.47895105D+01   0.62948662D+01   -.97245299D+00
 57   o    -.64468002D+01   0.62789925D+01   -.16969739D+01
 58   h    -.64239345D+01   0.48864535D+01   -.28512186D+01
 59   h    -.38979378D+01   0.30651356D+01   -.89043889D+01
 60   h    0.46594974D+01   0.96963730D+01   -.63020472D+01
 61   h    0.41029731D+01   0.68905079D+01   -.63332277D+01
 62   o    0.16436837D+01   0.43709362D+01   -.63165981D+01
 63   h    0.29931370D+01   0.26955052D+01   -.93097351D+01
 64   o    0.54032935D+01   0.80948302D+01   -.66937874D+01
 65   h    0.91266206D+01   0.71391958D+01   -.14082238D+01
 66   h    0.52203680D+01   0.24379355D+01   -.82883382D+00
 67   o    0.47054177D+01   0.29551535D+01   0.82618820D+00
 68   h    0.60713117D+01   0.39773063D+01   0.14273100D+01
 69   o    0.85547896D+01   0.71265346D+01   0.30783636D+00
 70   h    0.99522419D+01   0.64647526D+01   0.12466522D+01
 71   h    0.91018652D+01   0.25369571D+01   0.46143329D+01
 72   o    0.81016333D+01   0.40241715D+01   0.48584855D+01
 73   h    0.92976408D+01   0.53074844D+01   0.52997365D+01
 74   h    0.50504817D+01   0.32427698D+01   0.65331607D+01
 75   o    0.53717351D+01   0.10412201D+02   0.26399472D+01
 76   h    0.67119288D+01   0.96153038D+01   0.17228632D+01
 77   h    0.11771859D+02   -.12196292D+01   0.43461808D+01
 78   o    0.10388769D+02   -.68294697D+00   0.53809948D+01
 79   h    0.52687450D+01   -.33389568D+01   0.33637123D+00
 80   h    0.53339406D+01   -.31832434D+01   0.88696179D+01
 81   h    0.10878775D+02   -.11338356D+01   0.70628509D+01
 82   o    0.54768039D+01   -.43645111D+01   0.75071255D+01
 83   h    0.77558134D+01   -.20507306D+01   -.24642027D+00
 84   o    0.62415760D+01   -.26577106D+01   -.10280109D+01
 85   h    0.50455684D+01   -.55368971D+00   -.35557084D+01
 86   o    0.49217913D+01   0.94032765D+00   -.45680346D+01
 87   h    0.63685656D+01   -.47666448D+01   -.92086347D+01
 88   h    0.59579281D+01   0.59790930D+00   -.60104625D+01
 89   h    0.52604302D+01   -.34349549D+01   -.69318929D+01
 90   o    0.63829275D+01   -.31864560D+01   -.83284004D+01
========================================================================
 ParseGeometry        :: Allocs=14,  DeAllocs=14, 0 bytes are presently allocated.
                         A max of 11928 bytes were allocated.
 Base(1)%BName   = STO-2G
 Opening BasFile = /home/mchalla/MONDO/BasisSets/STO-2G.bas
 Base(2)%BName   = 6-31Gss
 Opening BasFile = /home/mchalla/MONDO/BasisSets/6-31Gss.bas
 Base(3)%BName   = 6-31Gss
 Opening BasFile = /home/mchalla/MONDO/BasisSets/6-31Gss.bas
 ParseBaseSets        :: Allocs=131,  DeAllocs=130, 720 bytes are presently allocated.
                         A max of 55736 bytes were allocated.
 Current HDF file :: /scratch/mchalla/h2o_30_13869.hdf

 PROGRAM OF CALCULATIONS:

  A restricted Roothaan-Hall solution of the SCF using
  a loose accuracy level, STO-2G and the HFx model.
 

  Followed by a  restricted Roothaan-Hall solution of the SCF using
  a loose accuracy level,6-31Gss and the HFx model.
 

  Followed by a  restricted Roothaan-Hall solution of the SCF using
  a tight accuracy level,6-31Gss and the HFx model.
 

 Accuracy level 1 for the STO-2G basis set:
  TrixNeglect = 0.10D-03, CubeNeglect = 0.10D-02,
  TwoENeglect = 0.10D-05, DistNeglect = 0.10D-07
 MaxAtms = 91, MaxBlks = 8101, MaxNon0 = 44101, BndWdth = 90
 Accuracy level 1 for the 6-31Gss basis set:
  TrixNeglect = 0.10D-03, CubeNeglect = 0.10D-02,
  TwoENeglect = 0.10D-05, DistNeglect = 0.10D-07
 MaxAtms = 91, MaxBlks = 8101, MaxNon0 = 562501, BndWdth = 90
 Accuracy level 3 for the 6-31Gss basis set:
  TrixNeglect = 0.10D-09, CubeNeglect = 0.10D-06,
  TwoENeglect = 0.10D-09, DistNeglect = 0.10D-11
 MaxAtms = 91, MaxBlks = 8101, MaxNon0 = 562501, BndWdth = 90
<<Entering MakeS 07/22/02 @ 10:56:05>>
 MakeS                :: S CheckSum  = 0.1624977887239689D+02
 MakeS                :: CPU Sec = 0.10D+00, WALL Sec = 0.10D+00
 MakeS                :: Allocs=37,  DeAllocs=36, 24 bytes are presently allocated.
                         A max of 855896 bytes were allocated.
>-Exiting MakeS 07/22/02 @ 10:56:05-<
<<Entering BlokAInv 07/22/02 @ 10:56:05>>
 BlokAInv             :: CPU (Sec,MFLOPS) = (0.60D-01, 40),
                         WALL(Sec,MFLOPS) = (0.60D-01, 40)
 BlokAInv             :: Max(Z^t.A.Z-I)=0.99D-04, TrixThrsh=0.10D-03
 BlokAInv             :: Z CheckSum  = 0.1706369681932671D+02
 BlokAInv             :: CPU (Sec,MFLOPS) = (0.12D+00, 48),
                         WALL(Sec,MFLOPS) = (0.12D+00, 48)
 BlokAInv             :: Allocs=75,  DeAllocs=41, 1265972 bytes are presently allocated.
                         A max of 2103024 bytes were allocated.
>-Exiting BlokAInv 07/22/02 @ 10:56:05-<
<<Entering MakeT 07/22/02 @ 10:56:05>>
 MakeT                :: T CheckSum  = 0.1555868286138783D+03
 MakeT                :: CPU Sec = 0.14D+00, WALL Sec = 0.14D+00
 MakeT                :: Allocs=33,  DeAllocs=32, 24 bytes are presently allocated.
                         A max of 850320 bytes were allocated.
>-Exiting MakeT 07/22/02 @ 10:56:05-<
<<Entering P2Use 07/22/02 @ 10:56:05>>
 P2Use                :: P[0] CheckSum  = 0.1732680746381713D+02
 P2Use                :: CPU (Sec,MFLOPS) = (0.50D-01, 25),
                         WALL(Sec,MFLOPS) = (0.50D-01, 25)
 P2Use                :: Allocs=52,  DeAllocs=48, 417980 bytes are presently allocated.
                         A max of 2119932 bytes were allocated.
>-Exiting P2Use 07/22/02 @ 10:56:05-<
<<Entering MakeRho 07/22/02 @ 10:56:05>>
 MakeRho : Pruned Rho :: dNel = 0.88D-05, kept 25% of distributions.
 MakeRho : Moments    :: <r> = (0.22D+00, 0.27D+00, 0.17D+00), <r^2> = 0.24D+03
 MakeRho              :: Rho CheckSum  = 0.2419153722603307D+04
 MakeRho              :: CPU Sec = 0.10D+01, WALL Sec = 0.10D+01
 MakeRho              :: Allocs=64,  DeAllocs=59, 272 bytes are presently allocated.
                         A max of 1481444 bytes were allocated.
>-Exiting MakeRho 07/22/02 @ 10:56:06-<
<<Entering QCTC 07/22/02 @ 10:56:07>>
 QCTC                 :: J[0] CheckSum  = 0.2388683413233627D+03
 QCTC                 :: CPU Sec = 0.11D+02, WALL Sec = 0.11D+02
 QCTC                 :: Allocs=28413,  DeAllocs=50, 2863776 bytes are presently allocated.
                         A max of 3711864 bytes were allocated.
>-Exiting QCTC 07/22/02 @ 10:56:17-<
<<Entering ONX 07/22/02 @ 10:56:17>>
 ONX                  :: Kx[0] CheckSum  = 0.3045420636203487D+02
 ONX                  :: CPU Sec = 0.24D+01, WALL Sec = 0.25D+01
 ONX                  :: Allocs=148,  DeAllocs=148, 0 bytes are presently allocated.
                         A max of 23848348 bytes were allocated.
>-Exiting ONX 07/22/02 @ 10:56:20-<
<<Entering FockNGrueven 07/22/02 @ 10:56:20>>
 FockNGrueven         :: F[0] CheckSum  = 0.1181899421552206D+03
 FockNGrueven         :: OrthoF[0] CheckSum  = 0.1073670658434831D+03
 FockNGrueven         :: CPU (Sec,MFLOPS) = (0.80D-01, 45),
                         WALL(Sec,MFLOPS) = (0.80D-01, 45)
 FockNGrueven         :: Allocs=41,  DeAllocs=37, 87292 bytes are presently allocated.
                         A max of 1255020 bytes were allocated.
>-Exiting FockNGrueven 07/22/02 @ 10:56:20-<
<<Entering NT4 07/22/02 @ 10:56:20>>
 NT4 : Pure 1         :: dE=0.10D+01, dP=0.30D+00, ThrX=0.10D-03, %Non0=19
 NT4 : Pure 2         :: dE=0.41D-01, dP=0.42D+00, ThrX=0.10D-03, %Non0=19
 NT4 : Pure 3         :: dE=0.17D-01, dP=0.50D+00, ThrX=0.10D-03, %Non0=19
 NT4 : Pure 4         :: dE=0.96D-02, dP=0.40D+00, ThrX=0.10D-03, %Non0=19
 NT4 : Pure 5         :: dE=0.14D-01, dP=0.31D+00, ThrX=0.10D-03, %Non0=22
 NT4 : Pure 6         :: dE=0.75D-02, dP=0.69D-01, ThrX=0.10D-03, %Non0=21
 NT4 : Pure 7         :: dE=0.91D-02, dP=0.79D-01, ThrX=0.10D-03, %Non0=23
 NT4 : Pure 8         :: dE=0.93D-02, dP=0.94D-01, ThrX=0.10D-03, %Non0=28
 NT4 : Pure 9         :: dE=0.83D-02, dP=0.12D+00, ThrX=0.10D-03, %Non0=36
 NT4 : Pure 10        :: dE=0.63D-02, dP=0.12D+00, ThrX=0.10D-03, %Non0=46
 NT4 : Pure 11        :: dE=0.31D-02, dP=0.96D-01, ThrX=0.10D-03, %Non0=55
 NT4 : Pure 12        :: dE=0.87D-03, dP=0.47D-01, ThrX=0.10D-03, %Non0=59
 NT4 : Pure 13        :: dE=0.11D-03, dP=0.10D-01, ThrX=0.10D-03, %Non0=61
 NT4 : Pure 14        :: dE=0.30D-05, dP=0.58D-03, ThrX=0.10D-03, %Non0=61
 NT4 : Pure 15        :: dE=0.14D-07, dP=0.25D-03, ThrX=0.10D-03, %Non0=62
 NT4 : Met dE/dP goals:: Tr{FP}=-.6522669654054795D+03, dNel = 0.57D-13
 NT4                  :: 15 purification steps, 29 matrix multiplies, %Non0s = 62
 NT4 : Max abs errors :: dE=0.90D-05, dP=0.25D-03, [F,P]=0.33D-02
 NT4 : Rel L2  errors :: dE=0.14D-07, dP=0.18D-03, [F,P]=0.22D-03
 NT4                  :: OrthoP[1] CheckSum  = 0.1224744933407536D+02
 NT4                  :: P[1] CheckSum  = 0.1205208794746848D+02
 NT4                  :: CPU (Sec,MFLOPS) = (0.17D+01, 70),
                         WALL(Sec,MFLOPS) = (0.17D+01, 69)
 NT4                  :: Allocs=218,  DeAllocs=214, 417980 bytes are presently allocated.
                         A max of 2508972 bytes were allocated.
>-Exiting NT4 07/22/02 @ 10:56:22-<
<<Entering SCFStatus 07/22/02 @ 10:56:22>>
 
= = = = = SCFCycle #0, Basis #1, Geometry #1 = = = = =

       MaxDelD = 0.11D+01
       <T>     = 0.22620001D+04
       <V>     = -.41149946D+04
       <HF>    = -.24747301D+03
       <SCF>   = -2100.46753296

 SCFStatus            :: CPU (Sec,MFLOPS) = (0.30D-01, 4),
                         WALL(Sec,MFLOPS) = (0.30D-01, 4)
 SCFStatus            :: Allocs=16,  DeAllocs=16, 0 bytes are presently allocated.
                         A max of 1255020 bytes were allocated.
>-Exiting SCFStatus 07/22/02 @ 10:56:22-<
<<Entering MakeRho 07/22/02 @ 10:56:22>>
 MakeRho : Pruned Rho :: dNel = 0.56D-05, kept 20% of distributions.
 MakeRho : Moments    :: <r> = (0.11D+01, 0.98D-01, -.41D-01), <r^2> = 0.16D+03
 MakeRho              :: Rho CheckSum  = 0.2320988906274880D+04
 MakeRho              :: CPU Sec = 0.13D+01, WALL Sec = 0.13D+01
 MakeRho              :: Allocs=64,  DeAllocs=59, 272 bytes are presently allocated.
                         A max of 1887252 bytes were allocated.
>-Exiting MakeRho 07/22/02 @ 10:56:24-<
<<Entering QCTC 07/22/02 @ 10:56:24>>
 QCTC                 :: J[1] CheckSum  = 0.2375526239857790D+03
 QCTC                 :: CPU Sec = 0.10D+02, WALL Sec = 0.10D+02
 QCTC                 :: Allocs=28918,  DeAllocs=50, 2926040 bytes are presently allocated.
                         A max of 3774128 bytes were allocated.
>-Exiting QCTC 07/22/02 @ 10:56:34-<
<<Entering ONX 07/22/02 @ 10:56:34>>
 ONX                  :: Kx[1] CheckSum  = 0.3166786949715236D+02
 ONX                  :: CPU Sec = 0.30D+01, WALL Sec = 0.30D+01
 ONX                  :: Allocs=148,  DeAllocs=148, 0 bytes are presently allocated.
                         A max of 23941196 bytes were allocated.
>-Exiting ONX 07/22/02 @ 10:56:37-<
<<Entering FockNGrueven 07/22/02 @ 10:56:38>>
 FockNGrueven         :: F[1] CheckSum  = 0.1171705564893073D+03
 FockNGrueven         :: OrthoF[1] CheckSum  = 0.1064072186334564D+03
 FockNGrueven         :: CPU (Sec,MFLOPS) = (0.90D-01, 50),
                         WALL(Sec,MFLOPS) = (0.90D-01, 50)
 FockNGrueven         :: Allocs=41,  DeAllocs=37, 87292 bytes are presently allocated.
                         A max of 1255020 bytes were allocated.
>-Exiting FockNGrueven 07/22/02 @ 10:56:38-<
<<Entering DIIS 07/22/02 @ 10:56:38>>
 DIIS : Damping       :: Co = 0.80D+00, 0.20D+00
 DIIS                 :: F_DIIS[1] CheckSum  = 0.1071651583086220D+03
 DIIS                 :: CPU (Sec,MFLOPS) = (0.17D+00, 64),
                         WALL(Sec,MFLOPS) = (0.25D+00, 43)
 DIIS                 :: Allocs=34,  DeAllocs=30, 144 bytes are presently allocated.
                         A max of 1737604 bytes were allocated.
>-Exiting DIIS 07/22/02 @ 10:56:38-<
<<Entering NT4 07/22/02 @ 10:56:38>>
 NT4 : Pure 1         :: dE=0.10D+01, dP=0.31D+00, ThrX=0.10D-03, %Non0=19
 NT4 : Pure 2         :: dE=0.39D-01, dP=0.42D+00, ThrX=0.10D-03, %Non0=19
 NT4 : Pure 3         :: dE=0.16D-01, dP=0.50D+00, ThrX=0.10D-03, %Non0=19
 NT4 : Pure 4         :: dE=0.76D-02, dP=0.39D+00, ThrX=0.10D-03, %Non0=19
 NT4 : Pure 5         :: dE=0.12D-01, dP=0.28D+00, ThrX=0.10D-03, %Non0=22
 NT4 : Pure 6         :: dE=0.82D-02, dP=0.67D-01, ThrX=0.10D-03, %Non0=21
 NT4 : Pure 7         :: dE=0.10D-01, dP=0.82D-01, ThrX=0.10D-03, %Non0=23
 NT4 : Pure 8         :: dE=0.10D-01, dP=0.10D+00, ThrX=0.10D-03, %Non0=29
 NT4 : Pure 9         :: dE=0.92D-02, dP=0.13D+00, ThrX=0.10D-03, %Non0=36
 NT4 : Pure 10        :: dE=0.66D-02, dP=0.13D+00, ThrX=0.10D-03, %Non0=46
 NT4 : Pure 11        :: dE=0.30D-02, dP=0.86D-01, ThrX=0.10D-03, %Non0=53
 NT4 : Pure 12        :: dE=0.71D-03, dP=0.33D-01, ThrX=0.10D-03, %Non0=55
 NT4 : Pure 13        :: dE=0.61D-04, dP=0.43D-02, ThrX=0.10D-03, %Non0=57
 NT4 : Pure 14        :: dE=0.70D-06, dP=0.18D-03, ThrX=0.10D-03, %Non0=57
 NT4 : Pure 15        :: dE=0.23D-08, dP=0.17D-03, ThrX=0.10D-03, %Non0=57
 NT4 : Met dE/dP goals:: Tr{FP}=-.6513522044448271D+03, dNel = 0.11D-12
 NT4                  :: 15 purification steps, 29 matrix multiplies, %Non0s = 57
 NT4 : Max abs errors :: dE=0.15D-05, dP=0.17D-03, [F,P]=0.37D-02
 NT4 : Rel L2  errors :: dE=0.23D-08, dP=0.97D-04, [F,P]=0.22D-03
 NT4                  :: OrthoP[2] CheckSum  = 0.1224744950385872D+02
 NT4                  :: P[2] CheckSum  = 0.1201271742816805D+02
 NT4                  :: CPU (Sec,MFLOPS) = (0.16D+01, 69),
                         WALL(Sec,MFLOPS) = (0.16D+01, 69)
 NT4                  :: Allocs=218,  DeAllocs=214, 417980 bytes are presently allocated.
                         A max of 2508972 bytes were allocated.
>-Exiting NT4 07/22/02 @ 10:56:40-<
<<Entering SCFStatus 07/22/02 @ 10:56:40>>
 
= = = = = SCFCycle #1, Basis #1, Geometry #1 = = = = =

       DIISErr = 0.75D-02
       MaxDelD = 0.68D-01
       <T>     = 0.21801310D+04
       <V>     = -.40874452D+04
       <HF>    = -.27343190D+03
       <SCF>   = -2180.74609998

 SCFStatus            :: CPU (Sec,MFLOPS) = (0.30D-01, 5),
                         WALL(Sec,MFLOPS) = (0.30D-01, 5)
 SCFStatus            :: Allocs=16,  DeAllocs=16, 0 bytes are presently allocated.
                         A max of 1255020 bytes were allocated.
>-Exiting SCFStatus 07/22/02 @ 10:56:40-<
<<Entering MakeRho 07/22/02 @ 10:56:40>>
 MakeRho : Pruned Rho :: dNel = 0.27D-05, kept 20% of distributions.
 MakeRho : Moments    :: <r> = (0.11D+01, 0.79D-01, -.24D-01), <r^2> = 0.16D+03
 MakeRho              :: Rho CheckSum  = 0.2317912177997362D+04
 MakeRho              :: CPU Sec = 0.12D+01, WALL Sec = 0.12D+01
 MakeRho              :: Allocs=64,  DeAllocs=59, 272 bytes are presently allocated.
                         A max of 1822932 bytes were allocated.
>-Exiting MakeRho 07/22/02 @ 10:56:41-<
<<Entering QCTC 07/22/02 @ 10:56:42>>
 QCTC                 :: J[2] CheckSum  = 0.2379694761234150D+03
 QCTC                 :: CPU Sec = 0.10D+02, WALL Sec = 0.10D+02
 QCTC                 :: Allocs=28658,  DeAllocs=50, 2898408 bytes are presently allocated.
                         A max of 3746496 bytes were allocated.
>-Exiting QCTC 07/22/02 @ 10:56:52-<
<<Entering ONX 07/22/02 @ 10:56:52>>
 ONX                  :: Kx[2] CheckSum  = 0.3163848345400682D+02
 ONX                  :: CPU Sec = 0.29D+01, WALL Sec = 0.29D+01
 ONX                  :: Allocs=148,  DeAllocs=148, 0 bytes are presently allocated.
                         A max of 23921500 bytes were allocated.
>-Exiting ONX 07/22/02 @ 10:56:55-<
<<Entering FockNGrueven 07/22/02 @ 10:56:55>>
 FockNGrueven         :: F[2] CheckSum  = 0.1175821584919126D+03
 FockNGrueven         :: OrthoF[2] CheckSum  = 0.1067681487650860D+03
 FockNGrueven         :: CPU (Sec,MFLOPS) = (0.80D-01, 56),
                         WALL(Sec,MFLOPS) = (0.90D-01, 50)
 FockNGrueven         :: Allocs=41,  DeAllocs=37, 87292 bytes are presently allocated.
                         A max of 1255020 bytes were allocated.
>-Exiting FockNGrueven 07/22/02 @ 10:56:55-<
<<Entering DIIS 07/22/02 @ 10:56:55>>
 DIIS                 :: Cond# = 0.59D+02, MIN(E) = 0.73D-01
 DIIS : Pulay C1      :: DIISCo = -.28D+01, 0.38D+01
 DIIS                 :: F_DIIS[2] CheckSum  = 0.1077885719921542D+03
 DIIS                 :: CPU (Sec,MFLOPS) = (0.19D+00, 54),
                         WALL(Sec,MFLOPS) = (0.20D+00, 52)
 DIIS                 :: Allocs=45,  DeAllocs=40, 216 bytes are presently allocated.
                         A max of 1737092 bytes were allocated.
>-Exiting DIIS 07/22/02 @ 10:56:56-<
<<Entering NT4 07/22/02 @ 10:56:56>>
 NT4 : Pure 1         :: dE=0.10D+01, dP=0.33D+00, ThrX=0.10D-03, %Non0=20
 NT4 : Pure 2         :: dE=0.38D-01, dP=0.45D+00, ThrX=0.10D-03, %Non0=20
 NT4 : Pure 3         :: dE=0.13D-01, dP=0.29D+00, ThrX=0.10D-03, %Non0=20
 NT4 : Pure 4         :: dE=0.89D-02, dP=0.59D-01, ThrX=0.10D-03, %Non0=20
 NT4 : Pure 5         :: dE=0.12D-01, dP=0.87D-01, ThrX=0.10D-03, %Non0=21
 NT4 : Pure 6         :: dE=0.15D-01, dP=0.12D+00, ThrX=0.10D-03, %Non0=25
 NT4 : Pure 7         :: dE=0.15D-01, dP=0.14D+00, ThrX=0.10D-03, %Non0=30
 NT4 : Pure 8         :: dE=0.12D-01, dP=0.14D+00, ThrX=0.10D-03, %Non0=36
 NT4 : Pure 9         :: dE=0.58D-02, dP=0.93D-01, ThrX=0.10D-03, %Non0=43
 NT4 : Pure 10        :: dE=0.14D-02, dP=0.32D-01, ThrX=0.10D-03, %Non0=45
 NT4 : Pure 11        :: dE=0.91D-04, dP=0.38D-02, ThrX=0.10D-03, %Non0=45
 NT4 : Pure 12        :: dE=0.72D-06, dP=0.20D-03, ThrX=0.10D-03, %Non0=46
 NT4 : Pure 13        :: dE=0.17D-09, dP=0.19D-03, ThrX=0.10D-03, %Non0=46
 NT4 : Met dE/dP goals:: Tr{FP}=-.6667856452415803D+03, dNel = 0.17D-12
 NT4                  :: 13 purification steps, 27 matrix multiplies, %Non0s = 46
 NT4 : Max abs errors :: dE=0.12D-06, dP=0.19D-03, [F,P]=0.25D-02
 NT4 : Rel L2  errors :: dE=0.17D-09, dP=0.81D-04, [F,P]=0.22D-03
 NT4                  :: OrthoP[3] CheckSum  = 0.1224744896569681D+02
 NT4                  :: P[3] CheckSum  = 0.1186430484961879D+02
 NT4                  :: CPU (Sec,MFLOPS) = (0.13D+01, 66),
                         WALL(Sec,MFLOPS) = (0.13D+01, 66)
 NT4                  :: Allocs=203,  DeAllocs=199, 417980 bytes are presently allocated.
                         A max of 2508972 bytes were allocated.
>-Exiting NT4 07/22/02 @ 10:56:57-<
<<Entering SCFStatus 07/22/02 @ 10:56:57>>
 
= = = = = SCFCycle #2, Basis #1, Geometry #1 = = = = =

       DIISErr = 0.56D-02
       MaxDelD = 0.18D+00
       <T>     = 0.21732619D+04
       <V>     = -.40823782D+04
       <HF>    = -.27237116D+03
       <SCF>   = -2181.48740116

 SCFStatus            :: CPU (Sec,MFLOPS) = (0.30D-01, 5),
                         WALL(Sec,MFLOPS) = (0.30D-01, 5)
 SCFStatus            :: Allocs=16,  DeAllocs=16, 0 bytes are presently allocated.
                         A max of 1255020 bytes were allocated.
>-Exiting SCFStatus 07/22/02 @ 10:56:57-<
<<Entering MakeRho 07/22/02 @ 10:56:57>>
 MakeRho : Pruned Rho :: dNel = 0.72D-05, kept 22% of distributions.
 MakeRho : Moments    :: <r> = (0.96D+00, -.56D-02, -.26D-02), <r^2> = 0.18D+03
 MakeRho              :: Rho CheckSum  = 0.2305336514685242D+04
 MakeRho              :: CPU Sec = 0.11D+01, WALL Sec = 0.11D+01
 MakeRho              :: Allocs=64,  DeAllocs=59, 272 bytes are presently allocated.
                         A max of 1645740 bytes were allocated.
>-Exiting MakeRho 07/22/02 @ 10:56:58-<
<<Entering QCTC 07/22/02 @ 10:56:59>>
 QCTC                 :: J[3] CheckSum  = 0.2390439888408920D+03
 QCTC                 :: CPU Sec = 0.10D+02, WALL Sec = 0.10D+02
 QCTC                 :: Allocs=27973,  DeAllocs=50, 2828312 bytes are presently allocated.
                         A max of 3676400 bytes were allocated.
>-Exiting QCTC 07/22/02 @ 10:57:09-<
<<Entering ONX 07/22/02 @ 10:57:09>>
 ONX                  :: Kx[3] CheckSum  = 0.3155368124505408D+02
 ONX                  :: CPU Sec = 0.25D+01, WALL Sec = 0.25D+01
 ONX                  :: Allocs=148,  DeAllocs=148, 0 bytes are presently allocated.
                         A max of 23879852 bytes were allocated.
>-Exiting ONX 07/22/02 @ 10:57:11-<
<<Entering FockNGrueven 07/22/02 @ 10:57:12>>
 FockNGrueven         :: F[3] CheckSum  = 0.1186350950997061D+03
 FockNGrueven         :: OrthoF[3] CheckSum  = 0.1076913189124390D+03
 FockNGrueven         :: CPU (Sec,MFLOPS) = (0.80D-01, 52),
                         WALL(Sec,MFLOPS) = (0.90D-01, 46)
 FockNGrueven         :: Allocs=41,  DeAllocs=37, 87292 bytes are presently allocated.
                         A max of 1255020 bytes were allocated.
>-Exiting FockNGrueven 07/22/02 @ 10:57:12-<
<<Entering DIIS 07/22/02 @ 10:57:12>>
 DIIS                 :: Cond# = 0.22D+04, MIN(E) = 0.20D-02
 DIIS : Pulay C1      :: DIISCo = 0.54D+00, -.77D+00, 0.12D+01
 DIIS                 :: F_DIIS[3] CheckSum  = 0.1077008802606881D+03
 DIIS                 :: CPU (Sec,MFLOPS) = (0.22D+00, 39),
                         WALL(Sec,MFLOPS) = (0.22D+00, 39)
 DIIS                 :: Allocs=53,  DeAllocs=48, 272 bytes are presently allocated.
                         A max of 1735340 bytes were allocated.
>-Exiting DIIS 07/22/02 @ 10:57:12-<
<<Entering NT4 07/22/02 @ 10:57:12>>
 NT4 : Pure 1         :: dE=0.10D+01, dP=0.33D+00, ThrX=0.10D-03, %Non0=20
 NT4 : Pure 2         :: dE=0.38D-01, dP=0.45D+00, ThrX=0.10D-03, %Non0=20
 NT4 : Pure 3         :: dE=0.13D-01, dP=0.29D+00, ThrX=0.10D-03, %Non0=20
 NT4 : Pure 4         :: dE=0.88D-02, dP=0.59D-01, ThrX=0.10D-03, %Non0=20
 NT4 : Pure 5         :: dE=0.12D-01, dP=0.87D-01, ThrX=0.10D-03, %Non0=21
 NT4 : Pure 6         :: dE=0.15D-01, dP=0.12D+00, ThrX=0.10D-03, %Non0=24
 NT4 : Pure 7         :: dE=0.15D-01, dP=0.14D+00, ThrX=0.10D-03, %Non0=30
 NT4 : Pure 8         :: dE=0.12D-01, dP=0.14D+00, ThrX=0.10D-03, %Non0=36
 NT4 : Pure 9         :: dE=0.59D-02, dP=0.95D-01, ThrX=0.10D-03, %Non0=42
 NT4 : Pure 10        :: dE=0.14D-02, dP=0.33D-01, ThrX=0.10D-03, %Non0=45
 NT4 : Pure 11        :: dE=0.98D-04, dP=0.42D-02, ThrX=0.10D-03, %Non0=45
 NT4 : Pure 12        :: dE=0.82D-06, dP=0.18D-03, ThrX=0.10D-03, %Non0=45
 NT4 : Pure 13        :: dE=0.19D-08, dP=0.18D-03, ThrX=0.10D-03, %Non0=46
 NT4 : Met dE/dP goals:: Tr{FP}=-.6654348459830826D+03, dNel = 0.57D-13
 NT4                  :: 13 purification steps, 27 matrix multiplies, %Non0s = 46
 NT4 : Max abs errors :: dE=0.13D-05, dP=0.18D-03, [F,P]=0.24D-02
 NT4 : Rel L2  errors :: dE=0.19D-08, dP=0.84D-04, [F,P]=0.22D-03
 NT4                  :: OrthoP[4] CheckSum  = 0.1224744889534318D+02
 NT4                  :: P[4] CheckSum  = 0.1183201904248339D+02
 NT4                  :: CPU (Sec,MFLOPS) = (0.12D+01, 66),
                         WALL(Sec,MFLOPS) = (0.12D+01, 66)
 NT4                  :: Allocs=207,  DeAllocs=203, 417980 bytes are presently allocated.
                         A max of 2508972 bytes were allocated.
>-Exiting NT4 07/22/02 @ 10:57:13-<
<<Entering SCFStatus 07/22/02 @ 10:57:13>>
 
= = = = = SCFCycle #3, Basis #1, Geometry #1 = = = = =

       DIISErr = 0.37D-03
       MaxDelD = 0.23D-01
       <T>     = 0.21547154D+04
       <V>     = -.40672306D+04
       <HF>    = -.26989467D+03
       <SCF>   = -2182.40986180

 SCFStatus            :: CPU (Sec,MFLOPS) = (0.30D-01, 4),
                         WALL(Sec,MFLOPS) = (0.30D-01, 4)
 SCFStatus            :: Allocs=16,  DeAllocs=16, 0 bytes are presently allocated.
                         A max of 1255020 bytes were allocated.
>-Exiting SCFStatus 07/22/02 @ 10:57:13-<
<<Entering MakeRho 07/22/02 @ 10:57:14>>
 MakeRho : Pruned Rho :: dNel = 0.22D-04, kept 22% of distributions.
 MakeRho : Moments    :: <r> = (0.94D+00, -.47D-02, -.15D-01), <r^2> = 0.18D+03
 MakeRho              :: Rho CheckSum  = 0.2303628304523013D+04
 MakeRho              :: CPU Sec = 0.11D+01, WALL Sec = 0.11D+01
 MakeRho              :: Allocs=64,  DeAllocs=59, 272 bytes are presently allocated.
                         A max of 1635700 bytes were allocated.
>-Exiting MakeRho 07/22/02 @ 10:57:15-<
<<Entering QCTC 07/22/02 @ 10:57:15>>
 QCTC                 :: J[4] CheckSum  = 0.2390494714185296D+03
 QCTC                 :: CPU Sec = 0.10D+02, WALL Sec = 0.10D+02
 QCTC                 :: Allocs=28023,  DeAllocs=50, 2832976 bytes are presently allocated.
                         A max of 3681064 bytes were allocated.
>-Exiting QCTC 07/22/02 @ 10:57:25-<
<<Entering ONX 07/22/02 @ 10:57:25>>
 ONX                  :: Kx[4] CheckSum  = 0.3155302284567265D+02
 ONX                  :: CPU Sec = 0.25D+01, WALL Sec = 0.25D+01
 ONX                  :: Allocs=148,  DeAllocs=148, 0 bytes are presently allocated.
                         A max of 23877996 bytes were allocated.
>-Exiting ONX 07/22/02 @ 10:57:28-<
<<Entering FockNGrueven 07/22/02 @ 10:57:28>>
 FockNGrueven         :: F[4] CheckSum  = 0.1186384074363551D+03
 FockNGrueven         :: OrthoF[4] CheckSum  = 0.1076941925767394D+03
 FockNGrueven         :: CPU (Sec,MFLOPS) = (0.80D-01, 52),
                         WALL(Sec,MFLOPS) = (0.80D-01, 52)
 FockNGrueven         :: Allocs=41,  DeAllocs=37, 87292 bytes are presently allocated.
                         A max of 1255020 bytes were allocated.
>-Exiting FockNGrueven 07/22/02 @ 10:57:28-<
<<Entering DIIS 07/22/02 @ 10:57:28>>
 DIIS                 :: Cond# = 0.92D+04, MIN(E) = 0.48D-03
 DIIS : Pulay C1      :: DIISCo = -.83D-02, 0.14D-01, -.19D+00, 0.12D+01
 DIIS                 :: F_DIIS[4] CheckSum  = 0.1076924349575138D+03
 DIIS                 :: CPU (Sec,MFLOPS) = (0.26D+00, 34),
                         WALL(Sec,MFLOPS) = (0.26D+00, 34)
 DIIS                 :: Allocs=62,  DeAllocs=57, 344 bytes are presently allocated.
                         A max of 1735324 bytes were allocated.
>-Exiting DIIS 07/22/02 @ 10:57:28-<
<<Entering NT4 07/22/02 @ 10:57:28>>
 NT4 : Pure 1         :: dE=0.10D+01, dP=0.33D+00, ThrX=0.10D-03, %Non0=20
 NT4 : Pure 2         :: dE=0.38D-01, dP=0.45D+00, ThrX=0.10D-03, %Non0=20
 NT4 : Pure 3         :: dE=0.13D-01, dP=0.29D+00, ThrX=0.10D-03, %Non0=20
 NT4 : Pure 4         :: dE=0.88D-02, dP=0.59D-01, ThrX=0.10D-03, %Non0=20
 NT4 : Pure 5         :: dE=0.12D-01, dP=0.87D-01, ThrX=0.10D-03, %Non0=21
 NT4 : Pure 6         :: dE=0.15D-01, dP=0.12D+00, ThrX=0.10D-03, %Non0=24
 NT4 : Pure 7         :: dE=0.15D-01, dP=0.14D+00, ThrX=0.10D-03, %Non0=30
 NT4 : Pure 8         :: dE=0.12D-01, dP=0.14D+00, ThrX=0.10D-03, %Non0=36
 NT4 : Pure 9         :: dE=0.59D-02, dP=0.95D-01, ThrX=0.10D-03, %Non0=42
 NT4 : Pure 10        :: dE=0.14D-02, dP=0.34D-01, ThrX=0.10D-03, %Non0=45
 NT4 : Pure 11        :: dE=0.99D-04, dP=0.43D-02, ThrX=0.10D-03, %Non0=45
 NT4 : Pure 12        :: dE=0.85D-06, dP=0.18D-03, ThrX=0.10D-03, %Non0=45
 NT4 : Pure 13        :: dE=0.42D-08, dP=0.18D-03, ThrX=0.10D-03, %Non0=45
 NT4 : Met dE/dP goals:: Tr{FP}=-.6653146509698629D+03, dNel = 0.00D+00
 NT4                  :: 13 purification steps, 27 matrix multiplies, %Non0s = 45
 NT4 : Max abs errors :: dE=0.28D-05, dP=0.18D-03, [F,P]=0.24D-02
 NT4 : Rel L2  errors :: dE=0.42D-08, dP=0.78D-04, [F,P]=0.22D-03
 NT4                  :: OrthoP[5] CheckSum  = 0.1224744891064334D+02
 NT4                  :: P[5] CheckSum  = 0.1182524594107459D+02
 NT4                  :: CPU (Sec,MFLOPS) = (0.12D+01, 66),
                         WALL(Sec,MFLOPS) = (0.12D+01, 66)
 NT4                  :: Allocs=203,  DeAllocs=199, 417980 bytes are presently allocated.
                         A max of 2508972 bytes were allocated.
>-Exiting NT4 07/22/02 @ 10:57:30-<
<<Entering SCFStatus 07/22/02 @ 10:57:30>>
 
= = = = = SCFCycle #4, Basis #1, Geometry #1 = = = = =

       DIISErr = 0.14D-03
       MaxDelD = 0.59D-02
       <T>     = 0.21540338D+04
       <V>     = -.40665565D+04
       <HF>    = -.26989329D+03
       <SCF>   = -2182.41599458

 SCFStatus            :: CPU (Sec,MFLOPS) = (0.30D-01, 4),
                         WALL(Sec,MFLOPS) = (0.30D-01, 4)
 SCFStatus            :: Allocs=16,  DeAllocs=16, 0 bytes are presently allocated.
                         A max of 1255020 bytes were allocated.
>-Exiting SCFStatus 07/22/02 @ 10:57:30-<
 Normal SCF convergence.
 Convergence statistics for RHFx/STO-2G:
========================================================================
SCF    Ink       Total             Delta       Max         DIIS   
Cycle  Fok       Energy            E_Tot       Delta P     Error  
  0,    F,           0.00000000, 0.0000D+00, 0.0000D+00, 0.0000D+00, 
  1,    F,       -2180.74609998, 0.3681D-01, 0.1074D+01, 0.0000D+00, 
  2,    F,       -2181.48740116, 0.3398D-03, 0.1105D+00, 0.5614D-02, 
  3,    F,       -2182.40986180, 0.4227D-03, 0.1550D+00, 0.3727D-03, 
  4,    F,       -2182.41599458, 0.2810D-05, 0.1715D-01, 0.1361D-03, 
========================================================================
<<Entering MakeS 07/22/02 @ 10:57:30>>
 MakeS                :: S CheckSum  = 0.3912726929586876D+02
 MakeS                :: CPU Sec = 0.62D+00, WALL Sec = 0.62D+00
 MakeS                :: Allocs=37,  DeAllocs=36, 24 bytes are presently allocated.
                         A max of 9300144 bytes were allocated.
>-Exiting MakeS 07/22/02 @ 10:57:31-<
<<Entering BlokAInv 07/22/02 @ 10:57:31>>
 BlokAInv             :: CPU (Sec,MFLOPS) = (0.67D+00, 287),
                         WALL(Sec,MFLOPS) = (0.67D+00, 287)
 BlokAInv             :: Max(Z^t.A.Z-I)=0.13D-03, TrixThrsh=0.10D-03
 BlokAInv             :: Z CheckSum  = 0.6577707393623442D+02
 BlokAInv             :: CPU (Sec,MFLOPS) = (0.22D+01, 327),
                         WALL(Sec,MFLOPS) = (0.22D+01, 327)
 BlokAInv             :: Allocs=75,  DeAllocs=41, 13711628 bytes are presently allocated.
                         A max of 22843080 bytes were allocated.
>-Exiting BlokAInv 07/22/02 @ 10:57:33-<
<<Entering MakeT 07/22/02 @ 10:57:33>>
 MakeT                :: T CheckSum  = 0.1769876527686925D+03
 MakeT                :: CPU Sec = 0.12D+01, WALL Sec = 0.12D+01
 MakeT                :: Allocs=33,  DeAllocs=32, 24 bytes are presently allocated.
                         A max of 9151272 bytes were allocated.
>-Exiting MakeT 07/22/02 @ 10:57:34-<
<<Entering MakeRho 07/22/02 @ 10:57:35>>
 MakeRho : Pruned Rho :: dNel = 0.27D-04, kept 22% of distributions.
 MakeRho : Moments    :: <r> = (0.94D+00, -.65D-02, -.14D-01), <r^2> = 0.18D+03
 MakeRho              :: Rho CheckSum  = 0.2303297859474057D+04
 MakeRho              :: CPU Sec = 0.11D+01, WALL Sec = 0.11D+01
 MakeRho              :: Allocs=65,  DeAllocs=60, 272 bytes are presently allocated.
                         A max of 1641540 bytes were allocated.
>-Exiting MakeRho 07/22/02 @ 10:57:36-<
<<Entering QCTC 07/22/02 @ 10:57:36>>
 QCTC                 :: J[0] CheckSum  = 0.2558853527200839D+03
 QCTC                 :: CPU Sec = 0.48D+02, WALL Sec = 0.48D+02
 QCTC                 :: Allocs=28083,  DeAllocs=50, 2984320 bytes are presently allocated.
                         A max of 12130864 bytes were allocated.
>-Exiting QCTC 07/22/02 @ 10:58:24-<
<<Entering ONX 07/22/02 @ 10:58:24>>
 ONX                  :: Kx[0] CheckSum  = 0.4335603548620421D+02
 ONX                  :: CPU Sec = 0.23D+02, WALL Sec = 0.23D+02
 ONX                  :: Allocs=170,  DeAllocs=170, 0 bytes are presently allocated.
                         A max of 203807604 bytes were allocated.
>-Exiting ONX 07/22/02 @ 10:58:47-<
<<Entering FockNGrueven 07/22/02 @ 10:58:47>>
 FockNGrueven         :: F[0] CheckSum  = 0.1387389415401151D+03
 FockNGrueven         :: OrthoF[0] CheckSum  = 0.1293695008040443D+03
 FockNGrueven         :: CPU (Sec,MFLOPS) = (0.18D+01, 312),
                         WALL(Sec,MFLOPS) = (0.18D+01, 311)
 FockNGrueven         :: Allocs=41,  DeAllocs=37, 2218188 bytes are presently allocated.
                         A max of 13696620 bytes were allocated.
>-Exiting FockNGrueven 07/22/02 @ 10:58:49-<
<<Entering NT4 07/22/02 @ 10:58:49>>
 NT4 : Pure 1         :: dE=0.10D+01, dP=0.58D+00, ThrX=0.10D-03, %Non0=47
 NT4 : Pure 2         :: dE=0.18D+00, dP=0.60D+00, ThrX=0.10D-03, %Non0=47
 NT4 : Pure 3         :: dE=0.47D+00, dP=0.58D+00, ThrX=0.10D-03, %Non0=47
 NT4 : Pure 4         :: dE=0.36D+00, dP=0.57D+00, ThrX=0.10D-03, %Non0=47
 NT4 : Pure 5         :: dE=0.34D+00, dP=0.52D+00, ThrX=0.10D-03, %Non0=47
 NT4 : Pure 6         :: dE=0.24D+00, dP=0.60D+00, ThrX=0.10D-03, %Non0=47
 NT4 : Pure 7         :: dE=0.28D+00, dP=0.51D+00, ThrX=0.10D-03, %Non0=52
 NT4 : Pure 8         :: dE=0.87D-01, dP=0.32D+00, ThrX=0.10D-03, %Non0=65
 NT4 : Pure 9         :: dE=0.57D-01, dP=0.29D+00, ThrX=0.10D-03, %Non0=71
 NT4 : Pure 10        :: dE=0.30D-01, dP=0.22D+00, ThrX=0.10D-03, %Non0=73
 NT4 : Pure 11        :: dE=0.14D-01, dP=0.17D+00, ThrX=0.10D-03, %Non0=72
 NT4 : Pure 12        :: dE=0.68D-02, dP=0.13D+00, ThrX=0.10D-03, %Non0=72
 NT4 : Pure 13        :: dE=0.27D-02, dP=0.69D-01, ThrX=0.10D-03, %Non0=72
 NT4 : Pure 14        :: dE=0.48D-03, dP=0.22D-01, ThrX=0.10D-03, %Non0=73
 NT4 : Pure 15        :: dE=0.22D-04, dP=0.20D-02, ThrX=0.10D-03, %Non0=73
 NT4 : Pure 16        :: dE=0.87D-07, dP=0.15D-03, ThrX=0.10D-03, %Non0=73
 NT4 : Met dE/dP goals:: Tr{FP}=-.7131380436214627D+03, dNel = 0.57D-13
 NT4                  :: 16 purification steps, 32 matrix multiplies, %Non0s = 73
 NT4 : Max abs errors :: dE=0.62D-04, dP=0.15D-03, [F,P]=0.86D-02
 NT4 : Rel L2  errors :: dE=0.87D-07, dP=0.10D-03, [F,P]=0.64D-03
 NT4                  :: OrthoP[1] CheckSum  = 0.1224744936027952D+02
 NT4                  :: P[1] CheckSum  = 0.8654037543288480D+01
 NT4                  :: CPU (Sec,MFLOPS) = (0.39D+02, 334),
                         WALL(Sec,MFLOPS) = (0.39D+02, 334)
 NT4                  :: Allocs=233,  DeAllocs=229, 4565180 bytes are presently allocated.
                         A max of 27392172 bytes were allocated.
>-Exiting NT4 07/22/02 @ 10:59:28-<
<<Entering SCFStatus 07/22/02 @ 10:59:28>>
 
= = = = = SCFCycle #0, Basis #2, Geometry #1 = = = = =

       MaxDelD = 0.15D+01
       <T>     = 0.22883626D+04
       <V>     = -.41830849D+04
       <HF>    = -.26830008D+03
       <SCF>   = -2163.02239668

 SCFStatus            :: CPU (Sec,MFLOPS) = (0.18D+00, 12),
                         WALL(Sec,MFLOPS) = (0.18D+00, 12)
 SCFStatus            :: Allocs=15,  DeAllocs=15, 0 bytes are presently allocated.
                         A max of 13696260 bytes were allocated.
>-Exiting SCFStatus 07/22/02 @ 10:59:28-<
<<Entering MakeRho 07/22/02 @ 10:59:28>>
 MakeRho : Pruned Rho :: dNel = -.70D-05, kept 8% of distributions.
 MakeRho : Moments    :: <r> = (0.92D+00, 0.87D-01, -.23D-01), <r^2> = 0.19D+03
 MakeRho              :: Rho CheckSum  = 0.4641969801149496D+04
 MakeRho              :: CPU Sec = 0.17D+02, WALL Sec = 0.17D+02
 MakeRho              :: Allocs=64,  DeAllocs=59, 1192 bytes are presently allocated.
                         A max of 22908764 bytes were allocated.
>-Exiting MakeRho 07/22/02 @ 10:59:45-<
<<Entering QCTC 07/22/02 @ 10:59:45>>
 QCTC                 :: J[1] CheckSum  = 0.2541889891012108D+03
 QCTC                 :: CPU Sec = 0.19D+03, WALL Sec = 0.19D+03
 QCTC                 :: Allocs=133098,  DeAllocs=50, 14264016 bytes are presently allocated.
                         A max of 23410560 bytes were allocated.
>-Exiting QCTC 07/22/02 @ 11:02:50-<
<<Entering ONX 07/22/02 @ 11:02:50>>
 ONX                  :: Kx[1] CheckSum  = 0.4366942744487078D+02
 ONX                  :: CPU Sec = 0.25D+03, WALL Sec = 0.25D+03
 ONX                  :: Allocs=203,  DeAllocs=203, 0 bytes are presently allocated.
                         A max of 224183400 bytes were allocated.
>-Exiting ONX 07/22/02 @ 11:06:59-<
<<Entering FockNGrueven 07/22/02 @ 11:07:00>>
 FockNGrueven         :: F[1] CheckSum  = 0.1375878257219708D+03
 FockNGrueven         :: OrthoF[1] CheckSum  = 0.1281223162642750D+03
 FockNGrueven         :: CPU (Sec,MFLOPS) = (0.18D+01, 311),
                         WALL(Sec,MFLOPS) = (0.18D+01, 311)
 FockNGrueven         :: Allocs=41,  DeAllocs=37, 2218188 bytes are presently allocated.
                         A max of 13696620 bytes were allocated.
>-Exiting FockNGrueven 07/22/02 @ 11:07:01-<
<<Entering DIIS 07/22/02 @ 11:07:02>>
 DIIS : Damping       :: Co = 0.80D+00, 0.20D+00
 DIIS                 :: F_DIIS[1] CheckSum  = 0.1291193225909051D+03
 DIIS                 :: CPU (Sec,MFLOPS) = (0.34D+01, 349),
                         WALL(Sec,MFLOPS) = (0.34D+01, 349)
 DIIS                 :: Allocs=34,  DeAllocs=30, 144 bytes are presently allocated.
                         A max of 18327108 bytes were allocated.
>-Exiting DIIS 07/22/02 @ 11:07:05-<
<<Entering NT4 07/22/02 @ 11:07:05>>
 NT4 : Pure 1         :: dE=0.10D+01, dP=0.58D+00, ThrX=0.10D-03, %Non0=47
 NT4 : Pure 2         :: dE=0.18D+00, dP=0.60D+00, ThrX=0.10D-03, %Non0=47
 NT4 : Pure 3         :: dE=0.47D+00, dP=0.58D+00, ThrX=0.10D-03, %Non0=47
 NT4 : Pure 4         :: dE=0.36D+00, dP=0.57D+00, ThrX=0.10D-03, %Non0=47
 NT4 : Pure 5         :: dE=0.34D+00, dP=0.52D+00, ThrX=0.10D-03, %Non0=47
 NT4 : Pure 6         :: dE=0.24D+00, dP=0.60D+00, ThrX=0.10D-03, %Non0=47
 NT4 : Pure 7         :: dE=0.28D+00, dP=0.51D+00, ThrX=0.10D-03, %Non0=53
 NT4 : Pure 8         :: dE=0.87D-01, dP=0.32D+00, ThrX=0.10D-03, %Non0=65
 NT4 : Pure 9         :: dE=0.57D-01, dP=0.29D+00, ThrX=0.10D-03, %Non0=72
 NT4 : Pure 10        :: dE=0.30D-01, dP=0.22D+00, ThrX=0.10D-03, %Non0=73
 NT4 : Pure 11        :: dE=0.14D-01, dP=0.17D+00, ThrX=0.10D-03, %Non0=72
 NT4 : Pure 12        :: dE=0.68D-02, dP=0.13D+00, ThrX=0.10D-03, %Non0=72
 NT4 : Pure 13        :: dE=0.27D-02, dP=0.69D-01, ThrX=0.10D-03, %Non0=72
 NT4 : Pure 14        :: dE=0.47D-03, dP=0.21D-01, ThrX=0.10D-03, %Non0=73
 NT4 : Pure 15        :: dE=0.22D-04, dP=0.20D-02, ThrX=0.10D-03, %Non0=73
 NT4 : Pure 16        :: dE=0.86D-07, dP=0.15D-03, ThrX=0.10D-03, %Non0=73
 NT4 : Met dE/dP goals:: Tr{FP}=-.7119448599360976D+03, dNel = 0.57D-13
 NT4                  :: 16 purification steps, 32 matrix multiplies, %Non0s = 73
 NT4 : Max abs errors :: dE=0.61D-04, dP=0.15D-03, [F,P]=0.85D-02
 NT4 : Rel L2  errors :: dE=0.86D-07, dP=0.10D-03, [F,P]=0.64D-03
 NT4                  :: OrthoP[2] CheckSum  = 0.1224744934193566D+02
 NT4                  :: P[2] CheckSum  = 0.8639434058878846D+01
 NT4                  :: CPU (Sec,MFLOPS) = (0.39D+02, 334),
                         WALL(Sec,MFLOPS) = (0.39D+02, 334)
 NT4                  :: Allocs=233,  DeAllocs=229, 4565180 bytes are presently allocated.
                         A max of 27392172 bytes were allocated.
>-Exiting NT4 07/22/02 @ 11:07:44-<
<<Entering SCFStatus 07/22/02 @ 11:07:44>>
 
= = = = = SCFCycle #1, Basis #2, Geometry #1 = = = = =

       DIISErr = 0.11D-02
       MaxDelD = 0.17D-01
       <T>     = 0.22883626D+04
       <V>     = -.42983439D+04
       <HF>    = -.27050549D+03
       <SCF>   = -2280.48672373

 SCFStatus            :: CPU (Sec,MFLOPS) = (0.31D+00, 10),
                         WALL(Sec,MFLOPS) = (0.31D+00, 10)
 SCFStatus            :: Allocs=16,  DeAllocs=16, 0 bytes are presently allocated.
                         A max of 13696620 bytes were allocated.
>-Exiting SCFStatus 07/22/02 @ 11:07:45-<
<<Entering MakeRho 07/22/02 @ 11:07:45>>
 MakeRho : Pruned Rho :: dNel = -.78D-05, kept 8% of distributions.
 MakeRho : Moments    :: <r> = (0.94D+00, 0.10D+00, -.27D-01), <r^2> = 0.19D+03
 MakeRho              :: Rho CheckSum  = 0.4637933530836553D+04
 MakeRho              :: CPU Sec = 0.16D+02, WALL Sec = 0.16D+02
 MakeRho              :: Allocs=64,  DeAllocs=59, 1192 bytes are presently allocated.
                         A max of 22901556 bytes were allocated.
>-Exiting MakeRho 07/22/02 @ 11:08:01-<
<<Entering QCTC 07/22/02 @ 11:08:01>>
 QCTC                 :: J[2] CheckSum  = 0.2543032091447539D+03
 QCTC                 :: CPU Sec = 0.19D+03, WALL Sec = 0.19D+03
 QCTC                 :: Allocs=133533,  DeAllocs=50, 14310384 bytes are presently allocated.
                         A max of 23456928 bytes were allocated.
>-Exiting QCTC 07/22/02 @ 11:11:07-<
<<Entering ONX 07/22/02 @ 11:11:07>>
 ONX                  :: Kx[2] CheckSum  = 0.4366137596680777D+02
 ONX                  :: CPU Sec = 0.25D+03, WALL Sec = 0.25D+03
 ONX                  :: Allocs=203,  DeAllocs=203, 0 bytes are presently allocated.
                         A max of 224183576 bytes were allocated.
>-Exiting ONX 07/22/02 @ 11:15:17-<
<<Entering FockNGrueven 07/22/02 @ 11:15:17>>
 FockNGrueven         :: F[2] CheckSum  = 0.1376841779005447D+03
 FockNGrueven         :: OrthoF[2] CheckSum  = 0.1281635772753995D+03
 FockNGrueven         :: CPU (Sec,MFLOPS) = (0.18D+01, 313),
                         WALL(Sec,MFLOPS) = (0.18D+01, 313)
 FockNGrueven         :: Allocs=41,  DeAllocs=37, 2218188 bytes are presently allocated.
                         A max of 13696620 bytes were allocated.
>-Exiting FockNGrueven 07/22/02 @ 11:15:19-<
<<Entering DIIS 07/22/02 @ 11:15:19>>
 DIIS                 :: Cond# = 0.19D+03, MIN(E) = 0.11D-01
 DIIS : Pulay C1      :: DIISCo = -.42D+01, 0.52D+01
 DIIS                 :: F_DIIS[2] CheckSum  = 0.1283377195785718D+03
 DIIS                 :: CPU (Sec,MFLOPS) = (0.36D+01, 327),
                         WALL(Sec,MFLOPS) = (0.36D+01, 327)
 DIIS                 :: Allocs=45,  DeAllocs=40, 216 bytes are presently allocated.
                         A max of 18327108 bytes were allocated.
>-Exiting DIIS 07/22/02 @ 11:15:23-<
<<Entering NT4 07/22/02 @ 11:15:23>>
 NT4 : Pure 1         :: dE=0.10D+01, dP=0.59D+00, ThrX=0.10D-03, %Non0=47
 NT4 : Pure 2         :: dE=0.17D+00, dP=0.60D+00, ThrX=0.10D-03, %Non0=47
 NT4 : Pure 3         :: dE=0.47D+00, dP=0.58D+00, ThrX=0.10D-03, %Non0=47
 NT4 : Pure 4         :: dE=0.35D+00, dP=0.57D+00, ThrX=0.10D-03, %Non0=47
 NT4 : Pure 5         :: dE=0.33D+00, dP=0.52D+00, ThrX=0.10D-03, %Non0=47
 NT4 : Pure 6         :: dE=0.23D+00, dP=0.60D+00, ThrX=0.10D-03, %Non0=47
 NT4 : Pure 7         :: dE=0.28D+00, dP=0.51D+00, ThrX=0.10D-03, %Non0=53
 NT4 : Pure 8         :: dE=0.87D-01, dP=0.32D+00, ThrX=0.10D-03, %Non0=65
 NT4 : Pure 9         :: dE=0.58D-01, dP=0.29D+00, ThrX=0.10D-03, %Non0=72
 NT4 : Pure 10        :: dE=0.30D-01, dP=0.22D+00, ThrX=0.10D-03, %Non0=73
 NT4 : Pure 11        :: dE=0.14D-01, dP=0.16D+00, ThrX=0.10D-03, %Non0=72
 NT4 : Pure 12        :: dE=0.67D-02, dP=0.13D+00, ThrX=0.10D-03, %Non0=72
 NT4 : Pure 13        :: dE=0.26D-02, dP=0.70D-01, ThrX=0.10D-03, %Non0=73
 NT4 : Pure 14        :: dE=0.46D-03, dP=0.23D-01, ThrX=0.10D-03, %Non0=73
 NT4 : Pure 15        :: dE=0.23D-04, dP=0.25D-02, ThrX=0.10D-03, %Non0=74
 NT4 : Pure 16        :: dE=0.11D-06, dP=0.18D-03, ThrX=0.10D-03, %Non0=74
 NT4 : Pure 17        :: dE=0.42D-08, dP=0.15D-03, ThrX=0.10D-03, %Non0=73
 NT4 : Met dE/dP goals:: Tr{FP}=-.7120057933632963D+03, dNel = 0.11D-12
 NT4                  :: 17 purification steps, 34 matrix multiplies, %Non0s = 73
 NT4 : Max abs errors :: dE=0.30D-05, dP=0.15D-03, [F,P]=0.83D-02
 NT4 : Rel L2  errors :: dE=0.42D-08, dP=0.11D-03, [F,P]=0.63D-03
 NT4                  :: OrthoP[3] CheckSum  = 0.1224744921251393D+02
 NT4                  :: P[3] CheckSum  = 0.8598244782489127D+01
 NT4                  :: CPU (Sec,MFLOPS) = (0.42D+02, 335),
                         WALL(Sec,MFLOPS) = (0.42D+02, 334)
 NT4                  :: Allocs=247,  DeAllocs=243, 4565180 bytes are presently allocated.
                         A max of 27392172 bytes were allocated.
>-Exiting NT4 07/22/02 @ 11:16:05-<
<<Entering SCFStatus 07/22/02 @ 11:16:05>>
 
= = = = = SCFCycle #2, Basis #2, Geometry #1 = = = = =

       DIISErr = 0.90D-03
       MaxDelD = 0.87D-01
       <T>     = 0.22853309D+04
       <V>     = -.42957607D+04
       <HF>    = -.27016791D+03
       <SCF>   = -2280.59765947

 SCFStatus            :: CPU (Sec,MFLOPS) = (0.30D+00, 11),
                         WALL(Sec,MFLOPS) = (0.30D+00, 11)
 SCFStatus            :: Allocs=16,  DeAllocs=16, 0 bytes are presently allocated.
                         A max of 13696620 bytes were allocated.
>-Exiting SCFStatus 07/22/02 @ 11:16:05-<
<<Entering MakeRho 07/22/02 @ 11:16:06>>
 MakeRho : Pruned Rho :: dNel = -.65D-05, kept 9% of distributions.
 MakeRho : Moments    :: <r> = (0.11D+01, 0.20D+00, -.35D-01), <r^2> = 0.19D+03
 MakeRho              :: Rho CheckSum  = 0.4623884049680561D+04
 MakeRho              :: CPU Sec = 0.17D+02, WALL Sec = 0.17D+02
 MakeRho              :: Allocs=64,  DeAllocs=59, 1192 bytes are presently allocated.
                         A max of 22953524 bytes were allocated.
>-Exiting MakeRho 07/22/02 @ 11:16:22-<
<<Entering QCTC 07/22/02 @ 11:16:22>>
 QCTC                 :: J[3] CheckSum  = 0.2544545998025810D+03
 QCTC                 :: CPU Sec = 0.19D+03, WALL Sec = 0.19D+03
 QCTC                 :: Allocs=136358,  DeAllocs=50, 14618816 bytes are presently allocated.
                         A max of 23765360 bytes were allocated.
>-Exiting QCTC 07/22/02 @ 11:19:34-<
<<Entering ONX 07/22/02 @ 11:19:34>>
 ONX                  :: Kx[3] CheckSum  = 0.4367678303589838D+02
 ONX                  :: CPU Sec = 0.26D+03, WALL Sec = 0.26D+03
 ONX                  :: Allocs=203,  DeAllocs=203, 0 bytes are presently allocated.
                         A max of 224192648 bytes were allocated.
>-Exiting ONX 07/22/02 @ 11:23:50-<
<<Entering FockNGrueven 07/22/02 @ 11:23:50>>
 FockNGrueven         :: F[3] CheckSum  = 0.1377907003288520D+03
 FockNGrueven         :: OrthoF[3] CheckSum  = 0.1282106419122794D+03
 FockNGrueven         :: CPU (Sec,MFLOPS) = (0.18D+01, 315),
                         WALL(Sec,MFLOPS) = (0.18D+01, 315)
 FockNGrueven         :: Allocs=41,  DeAllocs=37, 2218188 bytes are presently allocated.
                         A max of 13696620 bytes were allocated.
>-Exiting FockNGrueven 07/22/02 @ 11:23:52-<
<<Entering DIIS 07/22/02 @ 11:23:52>>
 DIIS                 :: Cond# = 0.13D+04, MIN(E) = 0.17D-02
 DIIS : Pulay C1      :: DIISCo = -.78D+00, 0.82D+00, 0.96D+00
 DIIS                 :: F_DIIS[3] CheckSum  = 0.1282412158701991D+03
 DIIS                 :: CPU (Sec,MFLOPS) = (0.39D+01, 303),
                         WALL(Sec,MFLOPS) = (0.39D+01, 302)
 DIIS                 :: Allocs=53,  DeAllocs=48, 272 bytes are presently allocated.
                         A max of 18327108 bytes were allocated.
>-Exiting DIIS 07/22/02 @ 11:23:56-<
<<Entering NT4 07/22/02 @ 11:23:56>>
 NT4 : Pure 1         :: dE=0.10D+01, dP=0.59D+00, ThrX=0.10D-03, %Non0=47
 NT4 : Pure 2         :: dE=0.18D+00, dP=0.60D+00, ThrX=0.10D-03, %Non0=47
 NT4 : Pure 3         :: dE=0.47D+00, dP=0.58D+00, ThrX=0.10D-03, %Non0=47
 NT4 : Pure 4         :: dE=0.35D+00, dP=0.57D+00, ThrX=0.10D-03, %Non0=47
 NT4 : Pure 5         :: dE=0.34D+00, dP=0.52D+00, ThrX=0.10D-03, %Non0=47
 NT4 : Pure 6         :: dE=0.23D+00, dP=0.60D+00, ThrX=0.10D-03, %Non0=47
 NT4 : Pure 7         :: dE=0.28D+00, dP=0.51D+00, ThrX=0.10D-03, %Non0=53
 NT4 : Pure 8         :: dE=0.87D-01, dP=0.32D+00, ThrX=0.10D-03, %Non0=65
 NT4 : Pure 9         :: dE=0.58D-01, dP=0.29D+00, ThrX=0.10D-03, %Non0=72
 NT4 : Pure 10        :: dE=0.30D-01, dP=0.22D+00, ThrX=0.10D-03, %Non0=73
 NT4 : Pure 11        :: dE=0.13D-01, dP=0.16D+00, ThrX=0.10D-03, %Non0=72
 NT4 : Pure 12        :: dE=0.67D-02, dP=0.13D+00, ThrX=0.10D-03, %Non0=72
 NT4 : Pure 13        :: dE=0.27D-02, dP=0.73D-01, ThrX=0.10D-03, %Non0=73
 NT4 : Pure 14        :: dE=0.49D-03, dP=0.26D-01, ThrX=0.10D-03, %Non0=73
 NT4 : Pure 15        :: dE=0.28D-04, dP=0.32D-02, ThrX=0.10D-03, %Non0=73
 NT4 : Pure 16        :: dE=0.18D-06, dP=0.17D-03, ThrX=0.10D-03, %Non0=74
 NT4 : Pure 17        :: dE=0.61D-08, dP=0.18D-03, ThrX=0.10D-03, %Non0=73
 NT4 : Hit dP increase:: Tr{FP}=-.7097753144350428D+03, dNel = 0.00D+00
 NT4                  :: 17 purification steps, 34 matrix multiplies, %Non0s = 73
 NT4 : Max abs errors :: dE=0.43D-05, dP=0.18D-03, [F,P]=0.83D-02
 NT4 : Rel L2  errors :: dE=0.61D-08, dP=0.12D-03, [F,P]=0.63D-03
 NT4                  :: OrthoP[4] CheckSum  = 0.1224744911559838D+02
 NT4                  :: P[4] CheckSum  = 0.8589198727176694D+01
 NT4                  :: CPU (Sec,MFLOPS) = (0.42D+02, 334),
                         WALL(Sec,MFLOPS) = (0.42D+02, 334)
 NT4                  :: Allocs=247,  DeAllocs=243, 4565180 bytes are presently allocated.
                         A max of 27392172 bytes were allocated.
>-Exiting NT4 07/22/02 @ 11:24:38-<
<<Entering SCFStatus 07/22/02 @ 11:24:38>>
 
= = = = = SCFCycle #3, Basis #2, Geometry #1 = = = = =

       DIISErr = 0.20D-03
       MaxDelD = 0.16D-01
       <T>     = 0.22774686D+04
       <V>     = -.42889744D+04
       <HF>    = -.26941039D+03
       <SCF>   = -2280.91613724

 SCFStatus            :: CPU (Sec,MFLOPS) = (0.31D+00, 10),
                         WALL(Sec,MFLOPS) = (0.31D+00, 10)
 SCFStatus            :: Allocs=16,  DeAllocs=16, 0 bytes are presently allocated.
                         A max of 13696620 bytes were allocated.
>-Exiting SCFStatus 07/22/02 @ 11:24:39-<
<<Entering MakeRho 07/22/02 @ 11:24:39>>
 MakeRho : Pruned Rho :: dNel = -.48D-05, kept 9% of distributions.
 MakeRho : Moments    :: <r> = (0.11D+01, 0.21D+00, -.25D-01), <r^2> = 0.19D+03
 MakeRho              :: Rho CheckSum  = 0.4620773000361038D+04
 MakeRho              :: CPU Sec = 0.17D+02, WALL Sec = 0.17D+02
 MakeRho              :: Allocs=64,  DeAllocs=59, 1192 bytes are presently allocated.
                         A max of 22955700 bytes were allocated.
>-Exiting MakeRho 07/22/02 @ 11:24:55-<
<<Entering QCTC 07/22/02 @ 11:24:55>>
 QCTC                 :: J[4] CheckSum  = 0.2545851909342745D+03
 QCTC                 :: CPU Sec = 0.19D+03, WALL Sec = 0.19D+03
 QCTC                 :: Allocs=136988,  DeAllocs=50, 14682584 bytes are presently allocated.
                         A max of 23829128 bytes were allocated.
>-Exiting QCTC 07/22/02 @ 11:28:07-<
<<Entering ONX 07/22/02 @ 11:28:07>>
 ONX                  :: Kx[4] CheckSum  = 0.4366764376465315D+02
 ONX                  :: CPU Sec = 0.26D+03, WALL Sec = 0.26D+03
 ONX                  :: Allocs=203,  DeAllocs=203, 0 bytes are presently allocated.
                         A max of 224194248 bytes were allocated.
>-Exiting ONX 07/22/02 @ 11:32:26-<
<<Entering FockNGrueven 07/22/02 @ 11:32:26>>
 FockNGrueven         :: F[4] CheckSum  = 0.1379044725981592D+03
 FockNGrueven         :: OrthoF[4] CheckSum  = 0.1282603622415248D+03
 FockNGrueven         :: CPU (Sec,MFLOPS) = (0.18D+01, 314),
                         WALL(Sec,MFLOPS) = (0.18D+01, 314)
 FockNGrueven         :: Allocs=41,  DeAllocs=37, 2218188 bytes are presently allocated.
                         A max of 13696620 bytes were allocated.
>-Exiting FockNGrueven 07/22/02 @ 11:32:28-<
<<Entering DIIS 07/22/02 @ 11:32:28>>
 DIIS                 :: Cond# = 0.30D+04, MIN(E) = 0.83D-03
 DIIS : Pulay C1      :: DIISCo = 0.45D+00, -.54D+00, -.27D-01, 0.11D+01
 DIIS                 :: F_DIIS[4] CheckSum  = 0.1282527716027774D+03
 DIIS                 :: CPU (Sec,MFLOPS) = (0.43D+01, 278),
                         WALL(Sec,MFLOPS) = (0.43D+01, 278)
 DIIS                 :: Allocs=58,  DeAllocs=53, 344 bytes are presently allocated.
                         A max of 18327108 bytes were allocated.
>-Exiting DIIS 07/22/02 @ 11:32:32-<
<<Entering NT4 07/22/02 @ 11:32:32>>
 NT4 : Pure 1         :: dE=0.10D+01, dP=0.59D+00, ThrX=0.10D-03, %Non0=47
 NT4 : Pure 2         :: dE=0.18D+00, dP=0.60D+00, ThrX=0.10D-03, %Non0=47
 NT4 : Pure 3         :: dE=0.47D+00, dP=0.58D+00, ThrX=0.10D-03, %Non0=47
 NT4 : Pure 4         :: dE=0.35D+00, dP=0.57D+00, ThrX=0.10D-03, %Non0=47
 NT4 : Pure 5         :: dE=0.34D+00, dP=0.52D+00, ThrX=0.10D-03, %Non0=47
 NT4 : Pure 6         :: dE=0.23D+00, dP=0.60D+00, ThrX=0.10D-03, %Non0=47
 NT4 : Pure 7         :: dE=0.28D+00, dP=0.51D+00, ThrX=0.10D-03, %Non0=52
 NT4 : Pure 8         :: dE=0.87D-01, dP=0.32D+00, ThrX=0.10D-03, %Non0=65
 NT4 : Pure 9         :: dE=0.58D-01, dP=0.29D+00, ThrX=0.10D-03, %Non0=72
 NT4 : Pure 10        :: dE=0.30D-01, dP=0.22D+00, ThrX=0.10D-03, %Non0=73
 NT4 : Pure 11        :: dE=0.13D-01, dP=0.16D+00, ThrX=0.10D-03, %Non0=72
 NT4 : Pure 12        :: dE=0.67D-02, dP=0.13D+00, ThrX=0.10D-03, %Non0=72
 NT4 : Pure 13        :: dE=0.27D-02, dP=0.74D-01, ThrX=0.10D-03, %Non0=74
 NT4 : Pure 14        :: dE=0.50D-03, dP=0.26D-01, ThrX=0.10D-03, %Non0=73
 NT4 : Pure 15        :: dE=0.29D-04, dP=0.35D-02, ThrX=0.10D-03, %Non0=73
 NT4 : Pure 16        :: dE=0.20D-06, dP=0.17D-03, ThrX=0.10D-03, %Non0=74
 NT4 : Pure 17        :: dE=0.62D-08, dP=0.17D-03, ThrX=0.10D-03, %Non0=73
 NT4 : Met dE/dP goals:: Tr{FP}=-.7099796027702683D+03, dNel = 0.00D+00
 NT4                  :: 17 purification steps, 34 matrix multiplies, %Non0s = 73
 NT4 : Max abs errors :: dE=0.44D-05, dP=0.17D-03, [F,P]=0.83D-02
 NT4 : Rel L2  errors :: dE=0.62D-08, dP=0.11D-03, [F,P]=0.63D-03
 NT4                  :: OrthoP[5] CheckSum  = 0.1224744913903618D+02
 NT4                  :: P[5] CheckSum  = 0.8588021969204666D+01
 NT4                  :: CPU (Sec,MFLOPS) = (0.42D+02, 334),
                         WALL(Sec,MFLOPS) = (0.42D+02, 334)
 NT4                  :: Allocs=247,  DeAllocs=243, 4565180 bytes are presently allocated.
                         A max of 27392172 bytes were allocated.
>-Exiting NT4 07/22/02 @ 11:33:15-<
<<Entering SCFStatus 07/22/02 @ 11:33:15>>
 
= = = = = SCFCycle #4, Basis #2, Geometry #1 = = = = =

       DIISErr = 0.11D-03
       MaxDelD = 0.51D-02
       <T>     = 0.22746952D+04
       <V>     = -.42865529D+04
       <HF>    = -.26907019D+03
       <SCF>   = -2280.92789400

 SCFStatus            :: CPU (Sec,MFLOPS) = (0.31D+00, 10),
                         WALL(Sec,MFLOPS) = (0.31D+00, 10)
 SCFStatus            :: Allocs=16,  DeAllocs=16, 0 bytes are presently allocated.
                         A max of 13696620 bytes were allocated.
>-Exiting SCFStatus 07/22/02 @ 11:33:15-<
 Normal SCF convergence.
 Convergence statistics for RHFx/6-31Gss:
========================================================================
SCF    Ink       Total             Delta       Max         DIIS   
Cycle  Fok       Energy            E_Tot       Delta P     Error  
  0,    F,           0.00000000, 0.0000D+00, 0.0000D+00, 0.0000D+00, 
  1,    F,       -2280.48672373, 0.5151D-01, 0.1489D+01, 0.3727D-03, 
  2,    F,       -2280.59765947, 0.4864D-04, 0.7016D-01, 0.9002D-03, 
  3,    F,       -2280.91613724, 0.1396D-03, 0.7133D-01, 0.1998D-03, 
  4,    F,       -2280.92789400, 0.5154D-05, 0.1089D-01, 0.1136D-03, 
========================================================================
<<Entering MakeS 07/22/02 @ 11:33:15>>
 MakeS                :: S CheckSum  = 0.3912726931776716D+02
 MakeS                :: CPU Sec = 0.90D+00, WALL Sec = 0.90D+00
 MakeS                :: Allocs=37,  DeAllocs=36, 24 bytes are presently allocated.
                         A max of 9300144 bytes were allocated.
>-Exiting MakeS 07/22/02 @ 11:33:16-<
<<Entering LowdinO 07/22/02 @ 11:33:16>>
 LowdinO              :: X CheckSum  = 0.6577701526065812D+02
 LowdinO              :: CPU Sec = 0.50D+02, WALL Sec = 0.51D+02
 LowdinO              :: Allocs=20,  DeAllocs=20, 0 bytes are presently allocated.
                         A max of 13506720 bytes were allocated.
>-Exiting LowdinO 07/22/02 @ 11:34:07-<
<<Entering MakeT 07/22/02 @ 11:34:07>>
 MakeT                :: T CheckSum  = 0.1769876527738373D+03
 MakeT                :: CPU Sec = 0.15D+01, WALL Sec = 0.15D+01
 MakeT                :: Allocs=33,  DeAllocs=32, 24 bytes are presently allocated.
                         A max of 9151272 bytes were allocated.
>-Exiting MakeT 07/22/02 @ 11:34:08-<
<<Entering MakeRho 07/22/02 @ 11:34:09>>
 MakeRho : Pruned Rho :: dNel = -.55D-05, kept 9% of distributions.
 MakeRho : Moments    :: <r> = (0.11D+01, 0.21D+00, -.22D-01), <r^2> = 0.19D+03
 MakeRho              :: Rho CheckSum  = 0.4620536627257891D+04
 MakeRho              :: CPU Sec = 0.16D+02, WALL Sec = 0.16D+02
 MakeRho              :: Allocs=65,  DeAllocs=60, 1192 bytes are presently allocated.
                         A max of 22959932 bytes were allocated.
>-Exiting MakeRho 07/22/02 @ 11:34:25-<
<<Entering QCTC 07/22/02 @ 11:34:25>>
 QCTC                 :: J[0] CheckSum  = 0.2545614475445005D+03
 QCTC                 :: CPU Sec = 0.50D+03, WALL Sec = 0.50D+03
 QCTC                 :: Allocs=136923,  DeAllocs=50, 14674200 bytes are presently allocated.
                         A max of 23820744 bytes were allocated.
>-Exiting QCTC 07/22/02 @ 11:42:42-<
<<Entering ONX 07/22/02 @ 11:42:42>>
 ONX                  :: Kx[0] CheckSum  = 0.4367258450815284D+02
 ONX                  :: CPU Sec = 0.14D+04, WALL Sec = 0.14D+04
 ONX                  :: Allocs=214,  DeAllocs=214, 0 bytes are presently allocated.
                         A max of 224233972 bytes were allocated.
>-Exiting ONX 07/22/02 @ 12:06:17-<
<<Entering FockNGrueven 07/22/02 @ 12:06:17>>
 FockNGrueven         :: F[0] CheckSum  = 0.1378824798795252D+03
 FockNGrueven         :: OrthoF[0] CheckSum  = 0.1282517110507084D+03
 FockNGrueven         :: CPU (Sec,MFLOPS) = (0.48D+01, 348),
                         WALL(Sec,MFLOPS) = (0.49D+01, 348)
 FockNGrueven         :: Allocs=41,  DeAllocs=37, 4565164 bytes are presently allocated.
                         A max of 16041960 bytes were allocated.
>-Exiting FockNGrueven 07/22/02 @ 12:06:22-<
<<Entering RHEqs 07/22/02 @ 12:06:22>>
 RHEqs                :: HOMO = -.42309033D+00, LUMO = 0.12601988D+00
 RHEqs                :: OrthoP[1] CheckSum  = 0.1224744871391422D+02
 RHEqs                :: P[1] CheckSum  = 0.8587019539557620D+01
 RHEqs                :: CPU (Sec,MFLOPS) = (0.48D+02, 35),
                         WALL(Sec,MFLOPS) = (0.48D+02, 35)
 RHEqs                :: Allocs=31,  DeAllocs=29, 9000000 bytes are presently allocated.
                         A max of 22696632 bytes were allocated.
>-Exiting RHEqs 07/22/02 @ 12:07:10-<
<<Entering SCFStatus 07/22/02 @ 12:07:10>>
 
= = = = = SCFCycle #0, Basis #3, Geometry #1 = = = = =

       Gap     = 0.55D+00
       MaxDelD = 0.15D+01
       <T>     = 0.22748404D+04
       <V>     = -.42867029D+04
       <HF>    = -.26910382D+03
       <SCF>   = -2280.96634232

 SCFStatus            :: CPU (Sec,MFLOPS) = (0.28D+00, 14),
                         WALL(Sec,MFLOPS) = (0.28D+00, 14)
 SCFStatus            :: Allocs=15,  DeAllocs=15, 0 bytes are presently allocated.
                         A max of 13696260 bytes were allocated.
>-Exiting SCFStatus 07/22/02 @ 12:07:10-<
<<Entering MakeRho 07/22/02 @ 12:07:10>>
 MakeRho : Pruned Rho :: dNel = 0.49D-09, kept 14% of distributions.
 MakeRho : Moments    :: <r> = (0.11D+01, 0.21D+00, -.20D-01), <r^2> = 0.19D+03
 MakeRho              :: Rho CheckSum  = 0.4620424204881476D+04
 MakeRho              :: CPU Sec = 0.21D+02, WALL Sec = 0.21D+02
 MakeRho              :: Allocs=64,  DeAllocs=59, 1192 bytes are presently allocated.
                         A max of 28781116 bytes were allocated.
>-Exiting MakeRho 07/22/02 @ 12:07:32-<
<<Entering QCTC 07/22/02 @ 12:07:32>>
 QCTC                 :: J[1] CheckSum  = 0.2545648133633461D+03
 QCTC                 :: CPU Sec = 0.82D+03, WALL Sec = 0.82D+03
 QCTC                 :: Allocs=260483,  DeAllocs=50, 27728576 bytes are presently allocated.
                         A max of 36875120 bytes were allocated.
>-Exiting QCTC 07/22/02 @ 12:21:10-<
<<Entering ONX 07/22/02 @ 12:21:10>>
 ONX                  :: Kx[1] CheckSum  = 0.4367235491531037D+02
 ONX                  :: CPU Sec = 0.13D+04, WALL Sec = 0.18D+04
 ONX                  :: Allocs=214,  DeAllocs=214, 0 bytes are presently allocated.
                         A max of 224465540 bytes were allocated.
>-Exiting ONX 07/22/02 @ 12:51:47-<
<<Entering FockNGrueven 07/22/02 @ 12:51:47>>
 FockNGrueven         :: F[1] CheckSum  = 0.1378854823581473D+03
 FockNGrueven         :: OrthoF[1] CheckSum  = 0.1282528154741472D+03
 FockNGrueven         :: CPU (Sec,MFLOPS) = (0.49D+01, 346),
                         WALL(Sec,MFLOPS) = (0.49D+01, 346)
 FockNGrueven         :: Allocs=41,  DeAllocs=37, 4565164 bytes are presently allocated.
                         A max of 16041960 bytes were allocated.
>-Exiting FockNGrueven 07/22/02 @ 12:51:52-<
<<Entering DIIS 07/22/02 @ 12:51:52>>
 DIIS : Damping       :: Co = 0.80D+00, 0.20D+00
 DIIS                 :: F_DIIS[1] CheckSum  = 0.1282519318997198D+03
 DIIS                 :: CPU (Sec,MFLOPS) = (0.48D+01, 352),
                         WALL(Sec,MFLOPS) = (0.48D+01, 352)
 DIIS                 :: Allocs=34,  DeAllocs=30, 144 bytes are presently allocated.
                         A max of 18327108 bytes were allocated.
>-Exiting DIIS 07/22/02 @ 12:51:57-<
<<Entering RHEqs 07/22/02 @ 12:51:57>>
 RHEqs                :: HOMO = -.42307089D+00, LUMO = 0.12600281D+00
 RHEqs                :: OrthoP[2] CheckSum  = 0.1224744871391440D+02
 RHEqs                :: P[2] CheckSum  = 0.8587006190821395D+01
 RHEqs                :: CPU (Sec,MFLOPS) = (0.48D+02, 35),
                         WALL(Sec,MFLOPS) = (0.48D+02, 35)
 RHEqs                :: Allocs=31,  DeAllocs=29, 9000000 bytes are presently allocated.
                         A max of 22696632 bytes were allocated.
>-Exiting RHEqs 07/22/02 @ 12:52:45-<
<<Entering SCFStatus 07/22/02 @ 12:52:45>>
 
= = = = = SCFCycle #1, Basis #3, Geometry #1 = = = = =

       Gap     = 0.55D+00
       DIISErr = 0.56D-05
       MaxDelD = 0.13D-03
       <T>     = 0.22748404D+04
       <V>     = -.42866740D+04
       <HF>    = -.26909984D+03
       <SCF>   = -2280.93343502

 SCFStatus            :: CPU (Sec,MFLOPS) = (0.40D+00, 12),
                         WALL(Sec,MFLOPS) = (0.41D+00, 12)
 SCFStatus            :: Allocs=16,  DeAllocs=16, 0 bytes are presently allocated.
                         A max of 13696620 bytes were allocated.
>-Exiting SCFStatus 07/22/02 @ 12:52:45-<
<<Entering MakeRho 07/22/02 @ 12:52:46>>
 MakeRho : Pruned Rho :: dNel = 0.32D-09, kept 14% of distributions.
 MakeRho : Moments    :: <r> = (0.11D+01, 0.21D+00, -.20D-01), <r^2> = 0.19D+03
 MakeRho              :: Rho CheckSum  = 0.4620423521597269D+04
 MakeRho              :: CPU Sec = 0.21D+02, WALL Sec = 0.21D+02
 MakeRho              :: Allocs=64,  DeAllocs=59, 1192 bytes are presently allocated.
                         A max of 28780764 bytes were allocated.
>-Exiting MakeRho 07/22/02 @ 12:53:07-<
<<Entering QCTC 07/22/02 @ 12:53:07>>
 QCTC                 :: J[2] CheckSum  = 0.2545644439834935D+03
 QCTC                 :: CPU Sec = 0.82D+03, WALL Sec = 0.82D+03
 QCTC                 :: Allocs=260473,  DeAllocs=50, 27726992 bytes are presently allocated.
                         A max of 36873536 bytes were allocated.
>-Exiting QCTC 07/22/02 @ 13:06:46-<
<<Entering ONX 07/22/02 @ 13:06:46>>
 ONX                  :: Kx[2] CheckSum  = 0.4367240477613110D+02
 ONX                  :: CPU Sec = 0.13D+04, WALL Sec = 0.13D+04
 ONX                  :: Allocs=214,  DeAllocs=214, 0 bytes are presently allocated.
                         A max of 224465540 bytes were allocated.
>-Exiting ONX 07/22/02 @ 13:27:50-<
<<Entering FockNGrueven 07/22/02 @ 13:27:50>>
 FockNGrueven         :: F[2] CheckSum  = 0.1378851446239455D+03
 FockNGrueven         :: OrthoF[2] CheckSum  = 0.1282526784593557D+03
 FockNGrueven         :: CPU (Sec,MFLOPS) = (0.49D+01, 346),
                         WALL(Sec,MFLOPS) = (0.49D+01, 346)
 FockNGrueven         :: Allocs=41,  DeAllocs=37, 4565164 bytes are presently allocated.
                         A max of 16041960 bytes were allocated.
>-Exiting FockNGrueven 07/22/02 @ 13:27:55-<
<<Entering DIIS 07/22/02 @ 13:27:55>>
 DIIS                 :: Cond# = 0.42D+07, MIN(E) = 0.34D-06
 DIIS : Pulay C1      :: DIISCo = -.39D+01, 0.49D+01
 DIIS                 :: F_DIIS[2] CheckSum  = 0.1282521446572331D+03
 DIIS                 :: CPU (Sec,MFLOPS) = (0.50D+01, 337),
                         WALL(Sec,MFLOPS) = (0.50D+01, 337)
 DIIS                 :: Allocs=45,  DeAllocs=40, 216 bytes are presently allocated.
                         A max of 18327108 bytes were allocated.
>-Exiting DIIS 07/22/02 @ 13:28:00-<
<<Entering RHEqs 07/22/02 @ 13:28:01>>
 RHEqs                :: HOMO = -.42290293D+00, LUMO = 0.12596007D+00
 RHEqs                :: OrthoP[3] CheckSum  = 0.1224744871391447D+02
 RHEqs                :: P[3] CheckSum  = 0.8586864706440935D+01
 RHEqs                :: CPU (Sec,MFLOPS) = (0.48D+02, 35),
                         WALL(Sec,MFLOPS) = (0.48D+02, 35)
 RHEqs                :: Allocs=31,  DeAllocs=29, 9000000 bytes are presently allocated.
                         A max of 22696632 bytes were allocated.
>-Exiting RHEqs 07/22/02 @ 13:28:49-<
<<Entering SCFStatus 07/22/02 @ 13:28:49>>
 
= = = = = SCFCycle #2, Basis #3, Geometry #1 = = = = =

       Gap     = 0.55D+00
       DIISErr = 0.46D-05
       MaxDelD = 0.63D-03
       <T>     = 0.22748452D+04
       <V>     = -.42866781D+04
       <HF>    = -.26910050D+03
       <SCF>   = -2280.93343996

 SCFStatus            :: CPU (Sec,MFLOPS) = (0.41D+00, 12),
                         WALL(Sec,MFLOPS) = (0.41D+00, 12)
 SCFStatus            :: Allocs=16,  DeAllocs=16, 0 bytes are presently allocated.
                         A max of 13696620 bytes were allocated.
>-Exiting SCFStatus 07/22/02 @ 13:28:49-<
<<Entering MakeRho 07/22/02 @ 13:28:49>>
 MakeRho : Pruned Rho :: dNel = 0.51D-09, kept 13% of distributions.
 MakeRho : Moments    :: <r> = (0.11D+01, 0.21D+00, -.19D-01), <r^2> = 0.19D+03
 MakeRho              :: Rho CheckSum  = 0.4620396052761163D+04
 MakeRho              :: CPU Sec = 0.21D+02, WALL Sec = 0.21D+02
 MakeRho              :: Allocs=64,  DeAllocs=59, 1192 bytes are presently allocated.
                         A max of 28777052 bytes were allocated.
>-Exiting MakeRho 07/22/02 @ 13:29:11-<
<<Entering QCTC 07/22/02 @ 13:29:11>>
 QCTC                 :: J[3] CheckSum  = 0.2545640574997871D+03
 QCTC                 :: CPU Sec = 0.82D+03, WALL Sec = 0.82D+03
 QCTC                 :: Allocs=260063,  DeAllocs=50, 27685952 bytes are presently allocated.
                         A max of 36832496 bytes were allocated.
>-Exiting QCTC 07/22/02 @ 13:42:47-<
<<Entering ONX 07/22/02 @ 13:42:48>>
 ONX                  :: Kx[3] CheckSum  = 0.4367249657693183D+02
 ONX                  :: CPU Sec = 0.13D+04, WALL Sec = 0.13D+04
 ONX                  :: Allocs=214,  DeAllocs=214, 0 bytes are presently allocated.
                         A max of 224465540 bytes were allocated.
>-Exiting ONX 07/22/02 @ 14:03:52-<
<<Entering FockNGrueven 07/22/02 @ 14:03:52>>
 FockNGrueven         :: F[3] CheckSum  = 0.1378847584638735D+03
 FockNGrueven         :: OrthoF[3] CheckSum  = 0.1282524849316304D+03
 FockNGrueven         :: CPU (Sec,MFLOPS) = (0.49D+01, 347),
                         WALL(Sec,MFLOPS) = (0.49D+01, 347)
 FockNGrueven         :: Allocs=41,  DeAllocs=37, 4565164 bytes are presently allocated.
                         A max of 16041960 bytes were allocated.
>-Exiting FockNGrueven 07/22/02 @ 14:03:57-<
<<Entering DIIS 07/22/02 @ 14:03:57>>
 DIIS                 :: Cond# = 0.33D+08, MIN(E) = 0.53D-07
 DIIS : Pulay C1      :: DIISCo = -.10D+01, 0.12D+01, 0.84D+00
 DIIS                 :: F_DIIS[3] CheckSum  = 0.1282523739224219D+03
 DIIS                 :: CPU (Sec,MFLOPS) = (0.53D+01, 318),
                         WALL(Sec,MFLOPS) = (0.53D+01, 317)
 DIIS                 :: Allocs=49,  DeAllocs=44, 272 bytes are presently allocated.
                         A max of 18327108 bytes were allocated.
>-Exiting DIIS 07/22/02 @ 14:04:03-<
<<Entering RHEqs 07/22/02 @ 14:04:03>>
 RHEqs                :: HOMO = -.42288118D+00, LUMO = 0.12593830D+00
 RHEqs                :: OrthoP[4] CheckSum  = 0.1224744871391438D+02
 RHEqs                :: P[4] CheckSum  = 0.8586852656495246D+01
 RHEqs                :: CPU (Sec,MFLOPS) = (0.48D+02, 35),
                         WALL(Sec,MFLOPS) = (0.48D+02, 35)
 RHEqs                :: Allocs=31,  DeAllocs=29, 9000000 bytes are presently allocated.
                         A max of 22696632 bytes were allocated.
>-Exiting RHEqs 07/22/02 @ 14:04:51-<
<<Entering SCFStatus 07/22/02 @ 14:04:51>>
 
= = = = = SCFCycle #3, Basis #3, Geometry #1 = = = = =

       Gap     = 0.55D+00
       DIISErr = 0.84D-06
       MaxDelD = 0.90D-04
       <T>     = 0.22748445D+04
       <V>     = -.42866774D+04
       <HF>    = -.26910060D+03
       <SCF>   = -2280.93345131

 SCFStatus            :: CPU (Sec,MFLOPS) = (0.41D+00, 12),
                         WALL(Sec,MFLOPS) = (0.41D+00, 12)
 SCFStatus            :: Allocs=16,  DeAllocs=16, 0 bytes are presently allocated.
                         A max of 13696620 bytes were allocated.
>-Exiting SCFStatus 07/22/02 @ 14:04:51-<
<<Entering MakeRho 07/22/02 @ 14:04:52>>
 MakeRho : Pruned Rho :: dNel = 0.44D-09, kept 13% of distributions.
 MakeRho : Moments    :: <r> = (0.11D+01, 0.21D+00, -.19D-01), <r^2> = 0.19D+03
 MakeRho              :: Rho CheckSum  = 0.4620395977704447D+04
 MakeRho              :: CPU Sec = 0.21D+02, WALL Sec = 0.21D+02
 MakeRho              :: Allocs=64,  DeAllocs=59, 1192 bytes are presently allocated.
                         A max of 28777260 bytes were allocated.
>-Exiting MakeRho 07/22/02 @ 14:05:13-<
<<Entering QCTC 07/22/02 @ 14:05:13>>
 QCTC                 :: J[4] CheckSum  = 0.2545636426141460D+03
 QCTC                 :: CPU Sec = 0.82D+03, WALL Sec = 0.82D+03
 QCTC                 :: Allocs=260073,  DeAllocs=50, 27687200 bytes are presently allocated.
                         A max of 36833744 bytes were allocated.
>-Exiting QCTC 07/22/02 @ 14:18:51-<
<<Entering ONX 07/22/02 @ 14:18:51>>
 ONX                  :: Kx[4] CheckSum  = 0.4367255557290535D+02
 ONX                  :: CPU Sec = 0.13D+04, WALL Sec = 0.13D+04
 ONX                  :: Allocs=214,  DeAllocs=214, 0 bytes are presently allocated.
                         A max of 224465540 bytes were allocated.
>-Exiting ONX 07/22/02 @ 14:39:55-<
<<Entering FockNGrueven 07/22/02 @ 14:39:55>>
 FockNGrueven         :: F[4] CheckSum  = 0.1378843790855183D+03
 FockNGrueven         :: OrthoF[4] CheckSum  = 0.1282523343062206D+03
 FockNGrueven         :: CPU (Sec,MFLOPS) = (0.49D+01, 347),
                         WALL(Sec,MFLOPS) = (0.49D+01, 347)
 FockNGrueven         :: Allocs=41,  DeAllocs=37, 4565164 bytes are presently allocated.
                         A max of 16041960 bytes were allocated.
>-Exiting FockNGrueven 07/22/02 @ 14:40:00-<
<<Entering DIIS 07/22/02 @ 14:40:00>>
 DIIS                 :: Cond# = 0.16D+09, MIN(E) = 0.12D-07
 DIIS : Pulay C1      :: DIISCo = 0.87D+00, -.11D+01, -.28D+00, 0.15D+01
 DIIS                 :: F_DIIS[4] CheckSum  = 0.1282523478455269D+03
 DIIS                 :: CPU (Sec,MFLOPS) = (0.57D+01, 297),
                         WALL(Sec,MFLOPS) = (0.57D+01, 297)
 DIIS                 :: Allocs=54,  DeAllocs=49, 344 bytes are presently allocated.
                         A max of 18327108 bytes were allocated.
>-Exiting DIIS 07/22/02 @ 14:40:06-<
<<Entering RHEqs 07/22/02 @ 14:40:06>>
 RHEqs                :: HOMO = -.42285637D+00, LUMO = 0.12593535D+00
 RHEqs                :: OrthoP[5] CheckSum  = 0.1224744871391434D+02
 RHEqs                :: P[5] CheckSum  = 0.8586831144197067D+01
 RHEqs                :: CPU (Sec,MFLOPS) = (0.48D+02, 35),
                         WALL(Sec,MFLOPS) = (0.48D+02, 35)
 RHEqs                :: Allocs=31,  DeAllocs=29, 9000000 bytes are presently allocated.
                         A max of 22696632 bytes were allocated.
>-Exiting RHEqs 07/22/02 @ 14:40:54-<
<<Entering SCFStatus 07/22/02 @ 14:40:54>>
 
= = = = = SCFCycle #4, Basis #3, Geometry #1 = = = = =

       Gap     = 0.55D+00
       DIISErr = 0.24D-06
       MaxDelD = 0.75D-04
       <T>     = 0.22748499D+04
       <V>     = -.42866820D+04
       <HF>    = -.26910137D+03
       <SCF>   = -2280.93345159

 SCFStatus            :: CPU (Sec,MFLOPS) = (0.40D+00, 12),
                         WALL(Sec,MFLOPS) = (0.41D+00, 12)
 SCFStatus            :: Allocs=16,  DeAllocs=16, 0 bytes are presently allocated.
                         A max of 13696620 bytes were allocated.
>-Exiting SCFStatus 07/22/02 @ 14:40:54-<
 Normal SCF convergence.
 Convergence statistics for RHFx/6-31Gss:
========================================================================
SCF    Ink       Total             Delta       Max         DIIS   
Cycle  Fok       Energy            E_Tot       Delta P     Error  
  0,    F,           0.00000000, 0.0000D+00, 0.0000D+00, 0.0000D+00, 
  1,    F,       -2280.93343502, 0.1443D-04, 0.1506D+01, 0.1998D-03, 
  2,    F,       -2280.93343996, 0.2166D-08, 0.5016D-03, 0.4601D-05, 
  3,    F,       -2280.93345131, 0.4974D-08, 0.5366D-03, 0.8401D-06, 
  4,    F,       -2280.93345159, 0.1245D-09, 0.1522D-04, 0.2439D-06, 
========================================================================
>-Succesfull MondoSCF run 07/22/02 @ 14:40:55-<
