

 __    __                 _       ____________ ______ 
|  \  /  |               | |     /       /    |      |
|   \/   | ___  _ __   __| | ___/   ____/   __|  |==='
|        |/ _ \| '_ \ / _  |/ _ \____  \   (__|  ____|
|  |\/|  | (_) | | | | (_| | (_) )     /\     |  |    
|__|  |__|\___/|_| |_|\____|\___/_____/  \____|__|    

 Version 1.0 alpha 4                                  
 A program suite for O(N) SCF theory and ab initio MD 
 Matt Challacombe, Eric Schwegler, C.J. Tymczak,      
 Chee Kwan Gan, Karoly Nemeth and Anders Niklasson    
 Los Alamos National Laboratory (LA-CC 01-2)          
 Copywrite 2001, University of California.            

 Compiled for AMDLinux.PG, executing on zinc21
 a i686 machine running Linux 2.4.2-2

Water Cluster Scaling                                                                                                           
  
<<Starting MondoSCF 07/22/02 @ 11:32:07>>
 ** Auto-Wraps at default value => (Off) **
 ** Atom-Wrap at default value => (AtomWrap-Off) **
 ** Lattice Vector Format at default value => (Vector Format) **
 ** Coodinate Format at default value => (Atomic Coord) **
========================================================================
 Internal representation of the geometry:
 Geometry originally in Angstroms has been converted to AU.
 Geometry has been reordered using the Hilbert curve.
 Number of electrons = 500
------------------------------------------------------------------------
  *** Periodic is Off *** 
------------------------------------------------------------------------
 1   h    -.59316609D+01   0.14265541D+01   -.62136080D+01
 2   h    -.14524434D+01   -.12474081D+01   -.11040346D+02
 3   o    -.51872978D+00   -.19974404D+01   -.96848457D+01
 4   h    -.16688170D+01   -.31787081D+01   -.89406716D+01
 5   h    -.46946463D+01   -.46902999D+01   -.76422409D+01
 6   h    -.33166581D+01   -.65777582D+01   -.59919432D+01
 7   o    -.35611886D+01   -.48023607D+01   -.62370406D+01
 8   h    -.14702068D+01   -.98046543D+01   -.72484220D+01
 9   o    -.17088792D+01   -.93533878D+01   -.55130866D+01
 10   h    -.16291328D+01   -.10924695D+02   -.46207580D+01
 11   h    -.88287998D+00   -.73871279D+01   0.95903594D+00
 12   h    -.53857191D+01   0.64723115D+00   -.35156462D+01
 13   h    0.59167321D+00   -.41745937D+01   -.15172610D+01
 14   o    -.58127971D+00   -.40457144D+01   -.14626479D+00
 15   h    0.31822986D+00   -.31418584D+01   0.11366702D+01
 16   h    -.47112759D+01   -.73207985D+00   -.87116368D-01
 17   h    -.37679246D+01   -.29508071D+01   -.16272430D+01
 18   o    -.52655325D+01   -.20152038D+01   -.12353139D+01
 19   h    -.80366267D+01   -.31267406D+01   -.38465372D+01
 20   o    -.10518593D+02   0.10597583D+01   -.25605787D+00
 21   h    -.10114002D+02   -.17124697D+01   -.24795095D+01
 22   o    -.98358348D+01   -.29676257D+01   -.37520510D+01
 23   h    -.71306920D+01   -.94754641D+01   0.62720006D+00
 24   h    -.68205880D+01   -.10360234D+02   0.33300751D+01
 25   o    -.63931320D+01   -.90054892D+01   0.22104125D+01
 26   h    -.27875348D+01   -.89418054D+01   0.24216839D+01
 27   h    -.49130986D+01   -.49217913D+01   0.27845112D+01
 28   o    -.12177394D+01   -.90697399D+01   0.15321898D+01
 29   h    -.40812412D+01   -.61446330D+01   0.72869724D+01
 30   h    -.45640662D+01   -.81477426D+01   0.92719406D+01
 31   o    -.33501062D+01   -.69109169D+01   0.87533998D+01
 32   h    -.65371291D+01   0.10433177D+01   0.76091707D+01
 33   h    -.17846572D+01   -.27157252D+01   0.87874148D+01
 34   o    -.21157372D+01   -.14188063D+01   0.10004209D+02
 35   h    -.34345770D+01   -.42726705D+00   0.92628699D+01
 36   o    -.50499148D+01   0.14804113D+01   0.66769688D+01
 37   o    -.43728259D+01   -.41403896D+01   0.43236931D+01
 38   h    -.47471807D+01   -.23852121D+01   0.40971149D+01
 39   h    -.99902254D+01   0.12069680D+01   0.57821836D+01
 40   h    -.10733077D+02   0.16633368D+01   0.14354359D+01
 41   o    -.89557894D+01   0.76297687D+01   0.33387679D+01
 42   h    -.95348014D+01   0.60195332D+01   0.39251499D+01
 43   h    -.81649391D+01   0.72765789D+01   0.17508311D+01
 44   h    -.69411525D+01   0.73047358D+01   0.61916872D+01
 45   o    -.10519727D+02   0.28003849D+01   0.51094411D+01
 46   h    -.11981241D+02   0.32393683D+01   0.60805713D+01
 47   h    -.66883072D+01   0.75222433D+01   0.90328902D+01
 48   o    -.57532708D+01   0.71070705D+01   0.75413295D+01
 49   h    0.22827890D+00   0.87040779D+01   0.58449225D+01
 50   o    0.56672882D+00   0.12194969D+02   0.65904194D+01
 51   h    -.11408276D+01   0.12691967D+02   0.62600953D+01
 52   o    -.15798109D+00   0.69371841D+01   0.58664654D+01
 53   h    -.16599353D+01   0.68134071D+01   0.68666973D+01
 54   h    -.46812292D+01   0.31781412D+01   0.71811477D+01
 55   h    -.48654775D+01   0.23309770D+01   0.32964380D+01
 56   o    -.42745602D+01   0.21557994D+01   0.15958736D+01
 57   h    -.28361008D+01   0.32482500D+01   0.15008204D+01
 58   h    -.33977273D+00   0.56298717D+01   0.27068435D+01
 59   h    -.47895105D+01   0.62948662D+01   -.97245299D+00
 60   o    -.29744287D+00   0.54800164D+01   0.90480080D+00
 61   o    -.19878028D+01   0.11107809D+02   -.36895010D+01
 62   h    -.69919862D-02   0.11349694D+02   -.76231546D+00
 63   h    0.50172225D+00   0.13400992D+02   0.11657720D+01
 64   h    -.31511181D+01   0.12067790D+02   -.46882212D+01
 65   h    -.25930820D+01   0.94066780D+01   -.37979713D+01
 66   h    -.64239345D+01   0.48864535D+01   -.28512186D+01
 67   o    -.64468002D+01   0.62789925D+01   -.16969739D+01
 68   h    -.89748756D+01   0.18179164D+01   -.81598368D+00
 69   o    -.59991241D+01   0.20286208D+01   -.45092642D+01
 70   h    -.51899435D+01   0.83459748D+01   -.79111489D+01
 71   h    0.53082403D+00   0.11427929D+02   -.90396932D+01
 72   h    -.13031550D+01   0.10848161D+02   -.11157320D+02
 73   o    0.28723835D-01   0.10114569D+02   -.10177497D+02
 74   o    -.42401672D+01   0.69466327D+01   -.85525219D+01
 75   h    -.26987177D+01   0.76806023D+01   -.91502422D+01
 76   h    0.29423034D+00   0.47483145D+01   -.51727469D+01
 77   h    -.38979378D+01   0.30651356D+01   -.89043889D+01
 78   o    -.51020712D+01   0.19057887D+01   -.95958396D+01
 79   h    -.48233366D+01   0.19740078D+01   -.11381820D+02
 80   h    0.29931370D+01   0.26955052D+01   -.93097351D+01
 81   o    0.36517065D+01   0.18330342D+01   -.10756887D+02
 82   h    0.24364237D+01   0.29045088D+01   -.56145649D+01
 83   o    0.16436837D+01   0.43709362D+01   -.63165981D+01
 84   h    0.41029731D+01   0.68905079D+01   -.63332277D+01
 85   o    0.31658579D+01   0.12358052D+02   -.52594854D+01
 86   h    0.46594974D+01   0.96963730D+01   -.63020472D+01
 87   o    0.54032935D+01   0.80948302D+01   -.66937874D+01
 88   h    0.92645706D+01   0.80696969D+01   -.54522374D+01
 89   h    0.10182788D+02   0.55289603D+01   -.63931320D+01
 90   h    0.78281899D+01   0.25413035D+01   -.91562893D+01
 91   h    0.93993081D+01   0.44200691D+01   -.10634811D+02
 92   o    0.93957176D+01   0.34425138D+01   -.91128256D+01
 93   h    0.11952517D+02   0.31157802D+01   -.27920701D+01
 94   o    0.12484664D+02   0.21644921D+01   -.13485085D+01
 95   h    0.91266206D+01   0.71391958D+01   -.14082238D+01
 96   o    0.85547896D+01   0.71265346D+01   0.30783636D+00
 97   o    0.10360990D+02   0.66966220D+01   -.50232696D+01
 98   h    0.41857431D+01   0.12733352D+02   -.38136560D+01
 99   o    0.65762464D+00   0.11618980D+02   0.89837573D+00
 100   h    0.14756870D+01   0.12294935D+02   -.46181124D+01
 101   h    0.14503647D+01   0.52307615D+01   0.51135985D+00
 102   h    0.52203680D+01   0.24379355D+01   -.82883382D+00
 103   o    0.47054177D+01   0.29551535D+01   0.82618820D+00
 104   h    0.60713117D+01   0.39773063D+01   0.14273100D+01
 105   h    0.50504817D+01   0.32427698D+01   0.65331607D+01
 106   h    0.27446380D+01   0.46109314D+01   0.75307470D+01
 107   o    0.36182584D+01   0.30294197D+01   0.76171075D+01
 108   h    0.57572392D+01   0.16860135D+01   0.10620638D+02
 109   h    0.14813562D+01   0.12707273D+02   0.51164331D+01
 110   h    0.67119288D+01   0.96153038D+01   0.17228632D+01
 111   o    0.53717351D+01   0.10412201D+02   0.26399472D+01
 112   h    0.40186913D+01   0.10539758D+02   0.14462073D+01
 113   h    0.92976408D+01   0.53074844D+01   0.52997365D+01
 114   o    0.81016333D+01   0.40241715D+01   0.48584855D+01
 115   h    0.91018652D+01   0.25369571D+01   0.46143329D+01
 116   h    0.99522419D+01   0.64647526D+01   0.12466522D+01
 117   h    0.11771859D+02   -.12196292D+01   0.43461808D+01
 118   h    0.10878775D+02   -.11338356D+01   0.70628509D+01
 119   o    0.10388769D+02   -.68294697D+00   0.53809948D+01
 120   o    0.22164596D+01   -.13961296D+01   0.36740053D+01
 121   h    0.28963830D+01   -.26437267D+00   0.24375576D+01
 122   h    0.19503862D+01   -.36433917D+00   0.51357083D+01
 123   h    0.44841308D+01   -.36449035D+01   0.61771363D+01
 124   o    0.54768039D+01   -.43645111D+01   0.75071255D+01
 125   h    0.80388944D+00   -.15061116D+01   0.11672837D+02
 126   o    0.24413370D+01   -.18952062D+01   0.12335375D+02
 127   h    0.21242410D+01   -.30912138D+01   0.13654782D+02
 128   h    0.53339406D+01   -.31832434D+01   0.88696179D+01
 129   h    0.70711657D+01   0.10312235D+01   0.13076148D+02
 130   o    0.73139955D+01   0.10467192D+01   0.11283743D+02
 131   h    0.12003162D+02   -.72803583D+01   -.29039419D+01
 132   h    0.12258275D+02   -.47607867D+01   -.42348759D+01
 133   o    0.12312132D+02   -.55248029D+01   -.25961056D+01
 134   h    0.69352944D+01   -.69819706D+01   -.26206720D+01
 135   h    0.13206350D+02   0.65686875D+00   -.20397702D+01
 136   h    0.77558134D+01   -.20507306D+01   -.24642027D+00
 137   h    0.52687450D+01   -.33389568D+01   0.33637123D+00
 138   o    0.62415760D+01   -.26577106D+01   -.10280109D+01
 139   h    0.50455684D+01   -.55368971D+00   -.35557084D+01
 140   o    0.49217913D+01   0.94032765D+00   -.45680346D+01
 141   h    0.23927710D+01   -.64511466D+01   -.47175120D+01
 142   o    0.21866019D+01   -.46738593D+01   -.44520055D+01
 143   h    0.66061041D+01   -.94544881D+01   -.12200071D+01
 144   o    0.66875513D+01   -.87539667D+01   -.28856116D+01
 145   h    0.63685656D+01   -.47666448D+01   -.92086347D+01
 146   h    0.52604302D+01   -.34349549D+01   -.69318929D+01
 147   h    0.59579281D+01   0.59790930D+00   -.60104625D+01
 148   h    0.95450060D+00   -.41721370D+01   -.56778707D+01
 149   h    0.30258293D+01   0.14305226D+00   -.10601552D+02
 150   o    0.63829275D+01   -.31864560D+01   -.83284004D+01
========================================================================
 ParseGeometry        :: Allocs=14,  DeAllocs=14, 0 bytes are presently allocated.
                         A max of 19848 bytes were allocated.
 Base(1)%BName   = STO-2G
 Opening BasFile = /home/mchalla/MONDO/BasisSets/STO-2G.bas
 Base(2)%BName   = 6-31Gss
 Opening BasFile = /home/mchalla/MONDO/BasisSets/6-31Gss.bas
 Base(3)%BName   = 6-31Gss
 Opening BasFile = /home/mchalla/MONDO/BasisSets/6-31Gss.bas
 ParseBaseSets        :: Allocs=131,  DeAllocs=130, 1200 bytes are presently allocated.
                         A max of 64616 bytes were allocated.
 Current HDF file :: /scratch/mchalla/h2o_50_24314.hdf

 PROGRAM OF CALCULATIONS:

  A restricted Roothaan-Hall solution of the SCF using
  a loose accuracy level, STO-2G and the HFx model.
 

  Followed by a  restricted Roothaan-Hall solution of the SCF using
  a loose accuracy level,6-31Gss and the HFx model.
 

  Followed by a  restricted Roothaan-Hall solution of the SCF using
  a tight accuracy level,6-31Gss and the HFx model.
 

 Accuracy level 1 for the STO-2G basis set:
  TrixNeglect = 0.10D-03, CubeNeglect = 0.10D-02,
  TwoENeglect = 0.10D-05, DistNeglect = 0.10D-07
 MaxAtms = 151, MaxBlks = 22501, MaxNon0 = 122501, BndWdth = 150
 Accuracy level 1 for the 6-31Gss basis set:
  TrixNeglect = 0.10D-03, CubeNeglect = 0.10D-02,
  TwoENeglect = 0.10D-05, DistNeglect = 0.10D-07
 MaxAtms = 151, MaxBlks = 22501, MaxNon0 = 1562501, BndWdth = 150
 Accuracy level 3 for the 6-31Gss basis set:
  TrixNeglect = 0.10D-09, CubeNeglect = 0.10D-06,
  TwoENeglect = 0.10D-09, DistNeglect = 0.10D-11
 MaxAtms = 151, MaxBlks = 22501, MaxNon0 = 1562501, BndWdth = 150
<<Entering MakeS 07/22/02 @ 11:32:09>>
 MakeS                :: S CheckSum  = 0.2098013468535417D+02
 MakeS                :: CPU Sec = 0.19D+00, WALL Sec = 0.19D+00
 MakeS                :: Allocs=37,  DeAllocs=36, 24 bytes are presently allocated.
                         A max of 2348856 bytes were allocated.
>-Exiting MakeS 07/22/02 @ 11:32:09-<
<<Entering BlokAInv 07/22/02 @ 11:32:10>>
 BlokAInv             :: CPU (Sec,MFLOPS) = (0.14D+00, 50),
                         WALL(Sec,MFLOPS) = (0.14D+00, 50)
 BlokAInv             :: Max(Z^t.A.Z-I)=0.11D-03, TrixThrsh=0.10D-03
 BlokAInv             :: Z CheckSum  = 0.2203304250840299D+02
 BlokAInv             :: CPU (Sec,MFLOPS) = (0.29D+00, 52),
                         WALL(Sec,MFLOPS) = (0.29D+00, 52)
 BlokAInv             :: Allocs=75,  DeAllocs=41, 3501572 bytes are presently allocated.
                         A max of 5824624 bytes were allocated.
>-Exiting BlokAInv 07/22/02 @ 11:32:10-<
<<Entering MakeT 07/22/02 @ 11:32:10>>
 MakeT                :: T CheckSum  = 0.2008617642824218D+03
 MakeT                :: CPU Sec = 0.27D+00, WALL Sec = 0.27D+00
 MakeT                :: Allocs=33,  DeAllocs=32, 24 bytes are presently allocated.
                         A max of 2343280 bytes were allocated.
>-Exiting MakeT 07/22/02 @ 11:32:10-<
<<Entering P2Use 07/22/02 @ 11:32:11>>
 P2Use                :: P[0] CheckSum  = 0.2285656232240870D+02
 P2Use                :: CPU (Sec,MFLOPS) = (0.90D-01, 30),
                         WALL(Sec,MFLOPS) = (0.90D-01, 30)
 P2Use                :: Allocs=52,  DeAllocs=48, 1160620 bytes are presently allocated.
                         A max of 5852812 bytes were allocated.
>-Exiting P2Use 07/22/02 @ 11:32:11-<
<<Entering MakeRho 07/22/02 @ 11:32:11>>
 MakeRho : Pruned Rho :: dNel = 0.18D-04, kept 23% of distributions.
 MakeRho : Moments    :: <r> = (0.93D+00, -.10D+00, 0.60D+00), <r^2> = 0.40D+03
 MakeRho              :: Rho CheckSum  = 0.4041274555621209D+04
 MakeRho              :: CPU Sec = 0.20D+01, WALL Sec = 0.20D+01
 MakeRho              :: Allocs=64,  DeAllocs=59, 272 bytes are presently allocated.
                         A max of 2860468 bytes were allocated.
>-Exiting MakeRho 07/22/02 @ 11:32:13-<
<<Entering QCTC 07/22/02 @ 11:32:13>>
 QCTC                 :: J[0] CheckSum  = 0.3083335542009987D+03
 QCTC                 :: CPU Sec = 0.22D+02, WALL Sec = 0.22D+02
 QCTC                 :: Allocs=51463,  DeAllocs=50, 5183120 bytes are presently allocated.
                         A max of 7524168 bytes were allocated.
>-Exiting QCTC 07/22/02 @ 11:32:36-<
<<Entering ONX 07/22/02 @ 11:32:36>>
 ONX                  :: Kx[0] CheckSum  = 0.3924533655106624D+02
 ONX                  :: CPU Sec = 0.50D+01, WALL Sec = 0.51D+01
 ONX                  :: Allocs=159,  DeAllocs=159, 0 bytes are presently allocated.
                         A max of 24902268 bytes were allocated.
>-Exiting ONX 07/22/02 @ 11:32:41-<
<<Entering FockNGrueven 07/22/02 @ 11:32:41>>
 FockNGrueven         :: F[0] CheckSum  = 0.1525037330793486D+03
 FockNGrueven         :: OrthoF[0] CheckSum  = 0.1385611161417343D+03
 FockNGrueven         :: CPU (Sec,MFLOPS) = (0.19D+00, 47),
                         WALL(Sec,MFLOPS) = (0.19D+00, 47)
 FockNGrueven         :: Allocs=41,  DeAllocs=37, 165052 bytes are presently allocated.
                         A max of 3483660 bytes were allocated.
>-Exiting FockNGrueven 07/22/02 @ 11:32:41-<
<<Entering NT4 07/22/02 @ 11:32:41>>
 NT4 : Pure 1         :: dE=0.10D+01, dP=0.32D+00, ThrX=0.10D-03, %Non0=13
 NT4 : Pure 2         :: dE=0.44D-01, dP=0.43D+00, ThrX=0.10D-03, %Non0=13
 NT4 : Pure 3         :: dE=0.15D-01, dP=0.35D+00, ThrX=0.10D-03, %Non0=14
 NT4 : Pure 4         :: dE=0.52D-02, dP=0.52D-01, ThrX=0.10D-03, %Non0=13
 NT4 : Pure 5         :: dE=0.72D-02, dP=0.67D-01, ThrX=0.10D-03, %Non0=14
 NT4 : Pure 6         :: dE=0.89D-02, dP=0.83D-01, ThrX=0.10D-03, %Non0=15
 NT4 : Pure 7         :: dE=0.91D-02, dP=0.95D-01, ThrX=0.10D-03, %Non0=19
 NT4 : Pure 8         :: dE=0.82D-02, dP=0.12D+00, ThrX=0.10D-03, %Non0=25
 NT4 : Pure 9         :: dE=0.64D-02, dP=0.13D+00, ThrX=0.10D-03, %Non0=32
 NT4 : Pure 10        :: dE=0.33D-02, dP=0.10D+00, ThrX=0.10D-03, %Non0=41
 NT4 : Pure 11        :: dE=0.10D-02, dP=0.52D-01, ThrX=0.10D-03, %Non0=45
 NT4 : Pure 12        :: dE=0.15D-03, dP=0.17D-01, ThrX=0.10D-03, %Non0=47
 NT4 : Pure 13        :: dE=0.59D-05, dP=0.16D-02, ThrX=0.10D-03, %Non0=47
 NT4 : Pure 14        :: dE=0.10D-07, dP=0.22D-03, ThrX=0.10D-03, %Non0=47
 NT4 : Met dE/dP goals:: Tr{FP}=-.1085690715073946D+04, dNel = 0.34D-12
 NT4                  :: 14 purification steps, 29 matrix multiplies, %Non0s = 47
 NT4 : Max abs errors :: dE=0.11D-04, dP=0.22D-03, [F,P]=0.28D-02
 NT4 : Rel L2  errors :: dE=0.10D-07, dP=0.16D-03, [F,P]=0.25D-03
 NT4                  :: OrthoP[1] CheckSum  = 0.1581138863926065D+02
 NT4                  :: P[1] CheckSum  = 0.1560603045248011D+02
 NT4                  :: CPU (Sec,MFLOPS) = (0.46D+01, 68),
                         WALL(Sec,MFLOPS) = (0.47D+01, 68)
 NT4                  :: Allocs=221,  DeAllocs=217, 1160620 bytes are presently allocated.
                         A max of 6965532 bytes were allocated.
>-Exiting NT4 07/22/02 @ 11:32:46-<
<<Entering SCFStatus 07/22/02 @ 11:32:46>>
 
= = = = = SCFCycle #0, Basis #1, Geometry #1 = = = = =

       MaxDelD = 0.11D+01
       <T>     = 0.37767241D+04
       <V>     = -.68606535D+04
       <HF>    = -.41222219D+03
       <SCF>   = -3496.15160221

 SCFStatus            :: CPU (Sec,MFLOPS) = (0.60D-01, 4),
                         WALL(Sec,MFLOPS) = (0.60D-01, 4)
 SCFStatus            :: Allocs=16,  DeAllocs=16, 0 bytes are presently allocated.
                         A max of 3483660 bytes were allocated.
>-Exiting SCFStatus 07/22/02 @ 11:32:46-<
<<Entering MakeRho 07/22/02 @ 11:32:47>>
 MakeRho : Pruned Rho :: dNel = 0.32D-04, kept 18% of distributions.
 MakeRho : Moments    :: <r> = (-.21D+01, 0.72D+00, -.12D+01), <r^2> = 0.23D+03
 MakeRho              :: Rho CheckSum  = 0.3870369426322393D+04
 MakeRho              :: CPU Sec = 0.25D+01, WALL Sec = 0.25D+01
 MakeRho              :: Allocs=64,  DeAllocs=59, 272 bytes are presently allocated.
                         A max of 3708948 bytes were allocated.
>-Exiting MakeRho 07/22/02 @ 11:32:49-<
<<Entering QCTC 07/22/02 @ 11:32:49>>
 QCTC                 :: J[1] CheckSum  = 0.3066331980070646D+03
 QCTC                 :: CPU Sec = 0.22D+02, WALL Sec = 0.22D+02
 QCTC                 :: Allocs=52113,  DeAllocs=50, 5272736 bytes are presently allocated.
                         A max of 7613784 bytes were allocated.
>-Exiting QCTC 07/22/02 @ 11:33:11-<
<<Entering ONX 07/22/02 @ 11:33:11>>
 ONX                  :: Kx[1] CheckSum  = 0.4088168851363043D+02
 ONX                  :: CPU Sec = 0.65D+01, WALL Sec = 0.65D+01
 ONX                  :: Allocs=159,  DeAllocs=159, 0 bytes are presently allocated.
                         A max of 25120092 bytes were allocated.
>-Exiting ONX 07/22/02 @ 11:33:18-<
<<Entering FockNGrueven 07/22/02 @ 11:33:18>>
 FockNGrueven         :: F[1] CheckSum  = 0.1512174398009321D+03
 FockNGrueven         :: OrthoF[1] CheckSum  = 0.1373377588057329D+03
 FockNGrueven         :: CPU (Sec,MFLOPS) = (0.22D+00, 54),
                         WALL(Sec,MFLOPS) = (0.22D+00, 54)
 FockNGrueven         :: Allocs=41,  DeAllocs=37, 165052 bytes are presently allocated.
                         A max of 3483660 bytes were allocated.
>-Exiting FockNGrueven 07/22/02 @ 11:33:18-<
<<Entering DIIS 07/22/02 @ 11:33:18>>
 DIIS : Damping       :: Co = 0.80D+00, 0.20D+00
 DIIS                 :: F_DIIS[1] CheckSum  = 0.1383027971341085D+03
 DIIS                 :: CPU (Sec,MFLOPS) = (0.41D+00, 68),
                         WALL(Sec,MFLOPS) = (0.41D+00, 68)
 DIIS                 :: Allocs=34,  DeAllocs=30, 144 bytes are presently allocated.
                         A max of 4814556 bytes were allocated.
>-Exiting DIIS 07/22/02 @ 11:33:19-<
<<Entering NT4 07/22/02 @ 11:33:19>>
 NT4 : Pure 1         :: dE=0.10D+01, dP=0.32D+00, ThrX=0.10D-03, %Non0=13
 NT4 : Pure 2         :: dE=0.43D-01, dP=0.44D+00, ThrX=0.10D-03, %Non0=13
 NT4 : Pure 3         :: dE=0.13D-01, dP=0.32D+00, ThrX=0.10D-03, %Non0=14
 NT4 : Pure 4         :: dE=0.57D-02, dP=0.51D-01, ThrX=0.10D-03, %Non0=13
 NT4 : Pure 5         :: dE=0.79D-02, dP=0.66D-01, ThrX=0.10D-03, %Non0=14
 NT4 : Pure 6         :: dE=0.99D-02, dP=0.82D-01, ThrX=0.10D-03, %Non0=15
 NT4 : Pure 7         :: dE=0.10D-01, dP=0.10D+00, ThrX=0.10D-03, %Non0=20
 NT4 : Pure 8         :: dE=0.92D-02, dP=0.13D+00, ThrX=0.10D-03, %Non0=25
 NT4 : Pure 9         :: dE=0.69D-02, dP=0.13D+00, ThrX=0.10D-03, %Non0=32
 NT4 : Pure 10        :: dE=0.33D-02, dP=0.93D-01, ThrX=0.10D-03, %Non0=40
 NT4 : Pure 11        :: dE=0.83D-03, dP=0.37D-01, ThrX=0.10D-03, %Non0=42
 NT4 : Pure 12        :: dE=0.84D-04, dP=0.54D-02, ThrX=0.10D-03, %Non0=44
 NT4 : Pure 13        :: dE=0.13D-05, dP=0.19D-03, ThrX=0.10D-03, %Non0=44
 NT4 : Pure 14        :: dE=0.42D-08, dP=0.20D-03, ThrX=0.10D-03, %Non0=44
 NT4 : Hit dE increase:: Tr{FP}=-.1084184684394507D+04, dNel = 0.23D-12
 NT4                  :: 14 purification steps, 29 matrix multiplies, %Non0s = 44
 NT4 : Max abs errors :: dE=0.46D-05, dP=0.20D-03, [F,P]=0.45D-02
 NT4 : Rel L2  errors :: dE=0.42D-08, dP=0.16D-03, [F,P]=0.24D-03
 NT4                  :: OrthoP[2] CheckSum  = 0.1581138886437886D+02
 NT4                  :: P[2] CheckSum  = 0.1554482862573545D+02
 NT4                  :: CPU (Sec,MFLOPS) = (0.43D+01, 69),
                         WALL(Sec,MFLOPS) = (0.43D+01, 69)
 NT4                  :: Allocs=217,  DeAllocs=213, 1160620 bytes are presently allocated.
                         A max of 6965532 bytes were allocated.
>-Exiting NT4 07/22/02 @ 11:33:23-<
<<Entering SCFStatus 07/22/02 @ 11:33:24>>
 
= = = = = SCFCycle #1, Basis #1, Geometry #1 = = = = =

       DIISErr = 0.59D-02
       MaxDelD = 0.71D-01
       <T>     = 0.36344321D+04
       <V>     = -.68133113D+04
       <HF>    = -.45562984D+03
       <SCF>   = -3634.50898575

 SCFStatus            :: CPU (Sec,MFLOPS) = (0.70D-01, 5),
                         WALL(Sec,MFLOPS) = (0.70D-01, 5)
 SCFStatus            :: Allocs=16,  DeAllocs=16, 0 bytes are presently allocated.
                         A max of 3483660 bytes were allocated.
>-Exiting SCFStatus 07/22/02 @ 11:33:24-<
<<Entering MakeRho 07/22/02 @ 11:33:24>>
 MakeRho : Pruned Rho :: dNel = 0.20D-04, kept 18% of distributions.
 MakeRho : Moments    :: <r> = (-.17D+01, 0.60D+00, -.11D+01), <r^2> = 0.25D+03
 MakeRho              :: Rho CheckSum  = 0.3864853492278301D+04
 MakeRho              :: CPU Sec = 0.25D+01, WALL Sec = 0.25D+01
 MakeRho              :: Allocs=64,  DeAllocs=59, 272 bytes are presently allocated.
                         A max of 3611844 bytes were allocated.
>-Exiting MakeRho 07/22/02 @ 11:33:26-<
<<Entering QCTC 07/22/02 @ 11:33:27>>
 QCTC                 :: J[2] CheckSum  = 0.3071739957469936D+03
 QCTC                 :: CPU Sec = 0.22D+02, WALL Sec = 0.22D+02
 QCTC                 :: Allocs=51818,  DeAllocs=50, 5240936 bytes are presently allocated.
                         A max of 7581984 bytes were allocated.
>-Exiting QCTC 07/22/02 @ 11:33:48-<
<<Entering ONX 07/22/02 @ 11:33:48>>
 ONX                  :: Kx[2] CheckSum  = 0.4084470395452463D+02
 ONX                  :: CPU Sec = 0.62D+01, WALL Sec = 0.62D+01
 ONX                  :: Allocs=159,  DeAllocs=159, 0 bytes are presently allocated.
                         A max of 25089308 bytes were allocated.
>-Exiting ONX 07/22/02 @ 11:33:55-<
<<Entering FockNGrueven 07/22/02 @ 11:33:55>>
 FockNGrueven         :: F[2] CheckSum  = 0.1517516947132982D+03
 FockNGrueven         :: OrthoF[2] CheckSum  = 0.1378049879093127D+03
 FockNGrueven         :: CPU (Sec,MFLOPS) = (0.21D+00, 55),
                         WALL(Sec,MFLOPS) = (0.21D+00, 55)
 FockNGrueven         :: Allocs=41,  DeAllocs=37, 165052 bytes are presently allocated.
                         A max of 3483660 bytes were allocated.
>-Exiting FockNGrueven 07/22/02 @ 11:33:55-<
<<Entering DIIS 07/22/02 @ 11:33:55>>
 DIIS                 :: Cond# = 0.65D+02, MIN(E) = 0.11D+00
 DIIS : Pulay C1      :: DIISCo = -.28D+01, 0.38D+01
 DIIS                 :: F_DIIS[2] CheckSum  = 0.1391308508486653D+03
 DIIS                 :: CPU (Sec,MFLOPS) = (0.49D+00, 55),
                         WALL(Sec,MFLOPS) = (0.49D+00, 55)
 DIIS                 :: Allocs=45,  DeAllocs=40, 216 bytes are presently allocated.
                         A max of 4812116 bytes were allocated.
>-Exiting DIIS 07/22/02 @ 11:33:56-<
<<Entering NT4 07/22/02 @ 11:33:56>>
 NT4 : Pure 1         :: dE=0.10D+01, dP=0.35D+00, ThrX=0.10D-03, %Non0=13
 NT4 : Pure 2         :: dE=0.41D-01, dP=0.46D+00, ThrX=0.10D-03, %Non0=13
 NT4 : Pure 3         :: dE=0.11D-01, dP=0.23D+00, ThrX=0.10D-03, %Non0=13
 NT4 : Pure 4         :: dE=0.81D-02, dP=0.55D-01, ThrX=0.10D-03, %Non0=13
 NT4 : Pure 5         :: dE=0.12D-01, dP=0.82D-01, ThrX=0.10D-03, %Non0=14
 NT4 : Pure 6         :: dE=0.15D-01, dP=0.11D+00, ThrX=0.10D-03, %Non0=16
 NT4 : Pure 7         :: dE=0.15D-01, dP=0.14D+00, ThrX=0.10D-03, %Non0=20
 NT4 : Pure 8         :: dE=0.13D-01, dP=0.15D+00, ThrX=0.10D-03, %Non0=24
 NT4 : Pure 9         :: dE=0.74D-02, dP=0.11D+00, ThrX=0.10D-03, %Non0=30
 NT4 : Pure 10        :: dE=0.22D-02, dP=0.44D-01, ThrX=0.10D-03, %Non0=32
 NT4 : Pure 11        :: dE=0.21D-03, dP=0.72D-02, ThrX=0.10D-03, %Non0=33
 NT4 : Pure 12        :: dE=0.33D-05, dP=0.21D-03, ThrX=0.10D-03, %Non0=34
 NT4 : Pure 13        :: dE=0.42D-08, dP=0.21D-03, ThrX=0.10D-03, %Non0=34
 NT4 : Hit dE increase:: Tr{FP}=-.1110567729968845D+04, dNel = 0.57D-13
 NT4                  :: 13 purification steps, 27 matrix multiplies, %Non0s = 34
 NT4 : Max abs errors :: dE=0.47D-05, dP=0.21D-03, [F,P]=0.25D-02
 NT4 : Rel L2  errors :: dE=0.42D-08, dP=0.14D-03, [F,P]=0.24D-03
 NT4                  :: OrthoP[3] CheckSum  = 0.1581138847192268D+02
 NT4                  :: P[3] CheckSum  = 0.1531704675889377D+02
 NT4                  :: CPU (Sec,MFLOPS) = (0.30D+01, 66),
                         WALL(Sec,MFLOPS) = (0.30D+01, 66)
 NT4                  :: Allocs=207,  DeAllocs=203, 1160620 bytes are presently allocated.
                         A max of 6965532 bytes were allocated.
>-Exiting NT4 07/22/02 @ 11:33:59-<
<<Entering SCFStatus 07/22/02 @ 11:33:59>>
 
= = = = = SCFCycle #2, Basis #1, Geometry #1 = = = = =

       DIISErr = 0.44D-02
       MaxDelD = 0.19D+00
       <T>     = 0.36228578D+04
       <V>     = -.68047446D+04
       <HF>    = -.45389248D+03
       <SCF>   = -3635.77926838

 SCFStatus            :: CPU (Sec,MFLOPS) = (0.70D-01, 4),
                         WALL(Sec,MFLOPS) = (0.70D-01, 4)
 SCFStatus            :: Allocs=16,  DeAllocs=16, 0 bytes are presently allocated.
                         A max of 3483660 bytes were allocated.
>-Exiting SCFStatus 07/22/02 @ 11:33:59-<
<<Entering MakeRho 07/22/02 @ 11:33:59>>
 MakeRho : Pruned Rho :: dNel = -.80D-05, kept 20% of distributions.
 MakeRho : Moments    :: <r> = (-.99D+00, 0.31D+00, -.89D+00), <r^2> = 0.29D+03
 MakeRho              :: Rho CheckSum  = 0.3842133812594590D+04
 MakeRho              :: CPU Sec = 0.22D+01, WALL Sec = 0.22D+01
 MakeRho              :: Allocs=64,  DeAllocs=59, 272 bytes are presently allocated.
                         A max of 3198228 bytes were allocated.
>-Exiting MakeRho 07/22/02 @ 11:34:02-<
<<Entering QCTC 07/22/02 @ 11:34:02>>
 QCTC                 :: J[3] CheckSum  = 0.3085691364528478D+03
 QCTC                 :: CPU Sec = 0.21D+02, WALL Sec = 0.21D+02
 QCTC                 :: Allocs=49983,  DeAllocs=50, 5055600 bytes are presently allocated.
                         A max of 7396648 bytes were allocated.
>-Exiting QCTC 07/22/02 @ 11:34:23-<
<<Entering ONX 07/22/02 @ 11:34:23>>
 ONX                  :: Kx[3] CheckSum  = 0.4073735873981167D+02
 ONX                  :: CPU Sec = 0.53D+01, WALL Sec = 0.53D+01
 ONX                  :: Allocs=159,  DeAllocs=159, 0 bytes are presently allocated.
                         A max of 24979292 bytes were allocated.
>-Exiting ONX 07/22/02 @ 11:34:28-<
<<Entering FockNGrueven 07/22/02 @ 11:34:28>>
 FockNGrueven         :: F[3] CheckSum  = 0.1531195203991030D+03
 FockNGrueven         :: OrthoF[3] CheckSum  = 0.1390006920737596D+03
 FockNGrueven         :: CPU (Sec,MFLOPS) = (0.21D+00, 51),
                         WALL(Sec,MFLOPS) = (0.21D+00, 51)
 FockNGrueven         :: Allocs=41,  DeAllocs=37, 165052 bytes are presently allocated.
                         A max of 3483660 bytes were allocated.
>-Exiting FockNGrueven 07/22/02 @ 11:34:29-<
<<Entering DIIS 07/22/02 @ 11:34:29>>
 DIIS                 :: Cond# = 0.18D+04, MIN(E) = 0.39D-02
 DIIS : Pulay C1      :: DIISCo = 0.52D+00, -.73D+00, 0.12D+01
 DIIS                 :: F_DIIS[3] CheckSum  = 0.1390172401233904D+03
 DIIS                 :: CPU (Sec,MFLOPS) = (0.50D+00, 42),
                         WALL(Sec,MFLOPS) = (0.52D+00, 40)
 DIIS                 :: Allocs=53,  DeAllocs=48, 272 bytes are presently allocated.
                         A max of 4800796 bytes were allocated.
>-Exiting DIIS 07/22/02 @ 11:34:29-<
<<Entering NT4 07/22/02 @ 11:34:30>>
 NT4 : Pure 1         :: dE=0.10D+01, dP=0.35D+00, ThrX=0.10D-03, %Non0=13
 NT4 : Pure 2         :: dE=0.41D-01, dP=0.46D+00, ThrX=0.10D-03, %Non0=13
 NT4 : Pure 3         :: dE=0.11D-01, dP=0.23D+00, ThrX=0.10D-03, %Non0=13
 NT4 : Pure 4         :: dE=0.81D-02, dP=0.55D-01, ThrX=0.10D-03, %Non0=13
 NT4 : Pure 5         :: dE=0.11D-01, dP=0.82D-01, ThrX=0.10D-03, %Non0=14
 NT4 : Pure 6         :: dE=0.15D-01, dP=0.11D+00, ThrX=0.10D-03, %Non0=15
 NT4 : Pure 7         :: dE=0.15D-01, dP=0.14D+00, ThrX=0.10D-03, %Non0=19
 NT4 : Pure 8         :: dE=0.13D-01, dP=0.15D+00, ThrX=0.10D-03, %Non0=24
 NT4 : Pure 9         :: dE=0.74D-02, dP=0.11D+00, ThrX=0.10D-03, %Non0=30
 NT4 : Pure 10        :: dE=0.22D-02, dP=0.48D-01, ThrX=0.10D-03, %Non0=32
 NT4 : Pure 11        :: dE=0.22D-03, dP=0.88D-02, ThrX=0.10D-03, %Non0=32
 NT4 : Pure 12        :: dE=0.38D-05, dP=0.31D-03, ThrX=0.10D-03, %Non0=33
 NT4 : Pure 13        :: dE=0.20D-08, dP=0.19D-03, ThrX=0.10D-03, %Non0=33
 NT4 : Met dE/dP goals:: Tr{FP}=-.1108294776072924D+04, dNel = 0.57D-13
 NT4                  :: 13 purification steps, 27 matrix multiplies, %Non0s = 33
 NT4 : Max abs errors :: dE=0.23D-05, dP=0.19D-03, [F,P]=0.25D-02
 NT4 : Rel L2  errors :: dE=0.20D-08, dP=0.13D-03, [F,P]=0.24D-03
 NT4                  :: OrthoP[4] CheckSum  = 0.1581138850098313D+02
 NT4                  :: P[4] CheckSum  = 0.1527137347119430D+02
 NT4                  :: CPU (Sec,MFLOPS) = (0.30D+01, 65),
                         WALL(Sec,MFLOPS) = (0.31D+01, 62)
 NT4                  :: Allocs=211,  DeAllocs=207, 1160620 bytes are presently allocated.
                         A max of 6965532 bytes were allocated.
>-Exiting NT4 07/22/02 @ 11:34:33-<
<<Entering SCFStatus 07/22/02 @ 11:34:33>>
 
= = = = = SCFCycle #3, Basis #1, Geometry #1 = = = = =

       DIISErr = 0.31D-03
       MaxDelD = 0.23D-01
       <T>     = 0.35914073D+04
       <V>     = -.67789420D+04
       <HF>    = -.44984809D+03
       <SCF>   = -3637.38281411

 SCFStatus            :: CPU (Sec,MFLOPS) = (0.60D-01, 4),
                         WALL(Sec,MFLOPS) = (0.60D-01, 4)
 SCFStatus            :: Allocs=16,  DeAllocs=16, 0 bytes are presently allocated.
                         A max of 3483660 bytes were allocated.
>-Exiting SCFStatus 07/22/02 @ 11:34:33-<
<<Entering MakeRho 07/22/02 @ 11:34:33>>
 MakeRho : Pruned Rho :: dNel = -.19D-04, kept 20% of distributions.
 MakeRho : Moments    :: <r> = (-.99D+00, 0.30D+00, -.90D+00), <r^2> = 0.29D+03
 MakeRho              :: Rho CheckSum  = 0.3839039815491784D+04
 MakeRho              :: CPU Sec = 0.22D+01, WALL Sec = 0.22D+01
 MakeRho              :: Allocs=64,  DeAllocs=59, 272 bytes are presently allocated.
                         A max of 3187292 bytes were allocated.
>-Exiting MakeRho 07/22/02 @ 11:34:35-<
<<Entering QCTC 07/22/02 @ 11:34:35>>
 QCTC                 :: J[4] CheckSum  = 0.3085760665680979D+03
 QCTC                 :: CPU Sec = 0.21D+02, WALL Sec = 0.21D+02
 QCTC                 :: Allocs=49963,  DeAllocs=50, 5054328 bytes are presently allocated.
                         A max of 7395376 bytes were allocated.
>-Exiting QCTC 07/22/02 @ 11:34:56-<
<<Entering ONX 07/22/02 @ 11:34:57>>
 ONX                  :: Kx[4] CheckSum  = 0.4073665599356110D+02
 ONX                  :: CPU Sec = 0.52D+01, WALL Sec = 0.53D+01
 ONX                  :: Allocs=159,  DeAllocs=159, 0 bytes are presently allocated.
                         A max of 24975644 bytes were allocated.
>-Exiting ONX 07/22/02 @ 11:35:02-<
<<Entering FockNGrueven 07/22/02 @ 11:35:02>>
 FockNGrueven         :: F[4] CheckSum  = 0.1531235651436141D+03
 FockNGrueven         :: OrthoF[4] CheckSum  = 0.1390039868559671D+03
 FockNGrueven         :: CPU (Sec,MFLOPS) = (0.20D+00, 53),
                         WALL(Sec,MFLOPS) = (0.20D+00, 53)
 FockNGrueven         :: Allocs=41,  DeAllocs=37, 165052 bytes are presently allocated.
                         A max of 3483660 bytes were allocated.
>-Exiting FockNGrueven 07/22/02 @ 11:35:02-<
<<Entering DIIS 07/22/02 @ 11:35:02>>
 DIIS                 :: Cond# = 0.66D+04, MIN(E) = 0.11D-02
 DIIS : Pulay C1      :: DIISCo = 0.19D-01, -.24D-01, -.16D+00, 0.12D+01
 DIIS                 :: F_DIIS[4] CheckSum  = 0.1390008697847055D+03
 DIIS                 :: CPU (Sec,MFLOPS) = (0.61D+00, 35),
                         WALL(Sec,MFLOPS) = (0.61D+00, 35)
 DIIS                 :: Allocs=62,  DeAllocs=57, 344 bytes are presently allocated.
                         A max of 4800068 bytes were allocated.
>-Exiting DIIS 07/22/02 @ 11:35:03-<
<<Entering NT4 07/22/02 @ 11:35:03>>
 NT4 : Pure 1         :: dE=0.10D+01, dP=0.35D+00, ThrX=0.10D-03, %Non0=13
 NT4 : Pure 2         :: dE=0.41D-01, dP=0.46D+00, ThrX=0.10D-03, %Non0=13
 NT4 : Pure 3         :: dE=0.10D-01, dP=0.23D+00, ThrX=0.10D-03, %Non0=13
 NT4 : Pure 4         :: dE=0.81D-02, dP=0.55D-01, ThrX=0.10D-03, %Non0=13
 NT4 : Pure 5         :: dE=0.11D-01, dP=0.82D-01, ThrX=0.10D-03, %Non0=14
 NT4 : Pure 6         :: dE=0.15D-01, dP=0.11D+00, ThrX=0.10D-03, %Non0=15
 NT4 : Pure 7         :: dE=0.15D-01, dP=0.14D+00, ThrX=0.10D-03, %Non0=19
 NT4 : Pure 8         :: dE=0.13D-01, dP=0.15D+00, ThrX=0.10D-03, %Non0=24
 NT4 : Pure 9         :: dE=0.74D-02, dP=0.11D+00, ThrX=0.10D-03, %Non0=30
 NT4 : Pure 10        :: dE=0.22D-02, dP=0.48D-01, ThrX=0.10D-03, %Non0=32
 NT4 : Pure 11        :: dE=0.23D-03, dP=0.86D-02, ThrX=0.10D-03, %Non0=32
 NT4 : Pure 12        :: dE=0.38D-05, dP=0.30D-03, ThrX=0.10D-03, %Non0=33
 NT4 : Pure 13        :: dE=0.20D-08, dP=0.17D-03, ThrX=0.10D-03, %Non0=33
 NT4 : Met dE/dP goals:: Tr{FP}=-.1108011945347647D+04, dNel = 0.17D-12
 NT4                  :: 13 purification steps, 27 matrix multiplies, %Non0s = 33
 NT4 : Max abs errors :: dE=0.22D-05, dP=0.17D-03, [F,P]=0.25D-02
 NT4 : Rel L2  errors :: dE=0.20D-08, dP=0.14D-03, [F,P]=0.24D-03
 NT4                  :: OrthoP[5] CheckSum  = 0.1581138846300277D+02
 NT4                  :: P[5] CheckSum  = 0.1526163929366668D+02
 NT4                  :: CPU (Sec,MFLOPS) = (0.29D+01, 65),
                         WALL(Sec,MFLOPS) = (0.29D+01, 65)
 NT4                  :: Allocs=211,  DeAllocs=207, 1160620 bytes are presently allocated.
                         A max of 6965532 bytes were allocated.
>-Exiting NT4 07/22/02 @ 11:35:06-<
<<Entering SCFStatus 07/22/02 @ 11:35:06>>
 
= = = = = SCFCycle #4, Basis #1, Geometry #1 = = = = =

       DIISErr = 0.12D-03
       MaxDelD = 0.60D-02
       <T>     = 0.35902154D+04
       <V>     = -.67777570D+04
       <HF>    = -.44985364D+03
       <SCF>   = -3637.39515299

 SCFStatus            :: CPU (Sec,MFLOPS) = (0.60D-01, 4),
                         WALL(Sec,MFLOPS) = (0.60D-01, 4)
 SCFStatus            :: Allocs=16,  DeAllocs=16, 0 bytes are presently allocated.
                         A max of 3483660 bytes were allocated.
>-Exiting SCFStatus 07/22/02 @ 11:35:06-<
 Normal SCF convergence.
 Convergence statistics for RHFx/STO-2G:
========================================================================
SCF    Ink       Total             Delta       Max         DIIS   
Cycle  Fok       Energy            E_Tot       Delta P     Error  
  0,    F,           0.00000000, 0.0000D+00, 0.0000D+00, 0.0000D+00, 
  1,    F,       -3634.50898575, 0.3807D-01, 0.1073D+01, 0.0000D+00, 
  2,    F,       -3635.77926838, 0.3494D-03, 0.1231D+00, 0.4421D-02, 
  3,    F,       -3637.38281411, 0.4409D-03, 0.1714D+00, 0.3148D-03, 
  4,    F,       -3637.39515299, 0.3392D-05, 0.1705D-01, 0.1171D-03, 
========================================================================
<<Entering MakeS 07/22/02 @ 11:35:07>>
 MakeS                :: S CheckSum  = 0.5053896869114567D+02
 MakeS                :: CPU Sec = 0.12D+01, WALL Sec = 0.12D+01
 MakeS                :: Allocs=37,  DeAllocs=36, 24 bytes are presently allocated.
                         A max of 25538704 bytes were allocated.
>-Exiting MakeS 07/22/02 @ 11:35:08-<
<<Entering BlokAInv 07/22/02 @ 11:35:08>>
 BlokAInv             :: CPU (Sec,MFLOPS) = (0.22D+01, 308),
                         WALL(Sec,MFLOPS) = (0.22D+01, 308)
 BlokAInv             :: Max(Z^t.A.Z-I)=0.13D-03, TrixThrsh=0.10D-03
 BlokAInv             :: Z CheckSum  = 0.8559395096336351D+02
 BlokAInv             :: CPU (Sec,MFLOPS) = (0.77D+01, 341),
                         WALL(Sec,MFLOPS) = (0.77D+01, 341)
 BlokAInv             :: Allocs=75,  DeAllocs=41, 38065628 bytes are presently allocated.
                         A max of 63428680 bytes were allocated.
>-Exiting BlokAInv 07/22/02 @ 11:35:16-<
<<Entering MakeT 07/22/02 @ 11:35:16>>
 MakeT                :: T CheckSum  = 0.2284898562471290D+03
 MakeT                :: CPU Sec = 0.26D+01, WALL Sec = 0.26D+01
 MakeT                :: Allocs=33,  DeAllocs=32, 24 bytes are presently allocated.
                         A max of 25389832 bytes were allocated.
>-Exiting MakeT 07/22/02 @ 11:35:19-<
<<Entering MakeRho 07/22/02 @ 11:35:19>>
 MakeRho : Pruned Rho :: dNel = -.10D-05, kept 20% of distributions.
 MakeRho : Moments    :: <r> = (-.10D+01, 0.30D+00, -.90D+00), <r^2> = 0.29D+03
 MakeRho              :: Rho CheckSum  = 0.3838419223224243D+04
 MakeRho              :: CPU Sec = 0.22D+01, WALL Sec = 0.22D+01
 MakeRho              :: Allocs=65,  DeAllocs=60, 272 bytes are presently allocated.
                         A max of 3194612 bytes were allocated.
>-Exiting MakeRho 07/22/02 @ 11:35:21-<
<<Entering QCTC 07/22/02 @ 11:35:21>>
 QCTC                 :: J[0] CheckSum  = 0.3302931048408476D+03
 QCTC                 :: CPU Sec = 0.10D+03, WALL Sec = 0.10D+03
 QCTC                 :: Allocs=49983,  DeAllocs=50, 5202064 bytes are presently allocated.
                         A max of 30587168 bytes were allocated.
>-Exiting QCTC 07/22/02 @ 11:37:02-<
<<Entering ONX 07/22/02 @ 11:37:02>>
 ONX                  :: Kx[0] CheckSum  = 0.5598319892818351D+02
 ONX                  :: CPU Sec = 0.49D+02, WALL Sec = 0.49D+02
 ONX                  :: Allocs=192,  DeAllocs=192, 0 bytes are presently allocated.
                         A max of 228248900 bytes were allocated.
>-Exiting ONX 07/22/02 @ 11:37:52-<
<<Entering FockNGrueven 07/22/02 @ 11:37:52>>
 FockNGrueven         :: F[0] CheckSum  = 0.1790746057335167D+03
 FockNGrueven         :: OrthoF[0] CheckSum  = 0.1671184450201297D+03
 FockNGrueven         :: CPU (Sec,MFLOPS) = (0.62D+01, 335),
                         WALL(Sec,MFLOPS) = (0.62D+01, 335)
 FockNGrueven         :: Allocs=41,  DeAllocs=37, 5616076 bytes are presently allocated.
                         A max of 38043660 bytes were allocated.
>-Exiting FockNGrueven 07/22/02 @ 11:37:58-<
<<Entering NT4 07/22/02 @ 11:37:58>>
 NT4 : Pure 1         :: dE=0.10D+01, dP=0.59D+00, ThrX=0.10D-03, %Non0=32
 NT4 : Pure 2         :: dE=0.17D+00, dP=0.61D+00, ThrX=0.10D-03, %Non0=32
 NT4 : Pure 3         :: dE=0.50D+00, dP=0.59D+00, ThrX=0.10D-03, %Non0=32
 NT4 : Pure 4         :: dE=0.36D+00, dP=0.58D+00, ThrX=0.10D-03, %Non0=32
 NT4 : Pure 5         :: dE=0.35D+00, dP=0.52D+00, ThrX=0.10D-03, %Non0=33
 NT4 : Pure 6         :: dE=0.26D+00, dP=0.61D+00, ThrX=0.10D-03, %Non0=33
 NT4 : Pure 7         :: dE=0.29D+00, dP=0.51D+00, ThrX=0.10D-03, %Non0=37
 NT4 : Pure 8         :: dE=0.90D-01, dP=0.33D+00, ThrX=0.10D-03, %Non0=48
 NT4 : Pure 9         :: dE=0.61D-01, dP=0.31D+00, ThrX=0.10D-03, %Non0=55
 NT4 : Pure 10        :: dE=0.33D-01, dP=0.24D+00, ThrX=0.10D-03, %Non0=57
 NT4 : Pure 11        :: dE=0.15D-01, dP=0.17D+00, ThrX=0.10D-03, %Non0=57
 NT4 : Pure 12        :: dE=0.74D-02, dP=0.13D+00, ThrX=0.10D-03, %Non0=56
 NT4 : Pure 13        :: dE=0.31D-02, dP=0.70D-01, ThrX=0.10D-03, %Non0=57
 NT4 : Pure 14        :: dE=0.60D-03, dP=0.24D-01, ThrX=0.10D-03, %Non0=58
 NT4 : Pure 15        :: dE=0.33D-04, dP=0.29D-02, ThrX=0.10D-03, %Non0=58
 NT4 : Pure 16        :: dE=0.19D-06, dP=0.17D-03, ThrX=0.10D-03, %Non0=58
 NT4 : Pure 17        :: dE=0.13D-06, dP=0.17D-03, ThrX=0.10D-03, %Non0=58
 NT4 : Hit dE increase:: Tr{FP}=-.1187739824114713D+04, dNel = 0.34D-12
 NT4                  :: 17 purification steps, 34 matrix multiplies, %Non0s = 58
 NT4 : Max abs errors :: dE=0.16D-03, dP=0.17D-03, [F,P]=0.76D-02
 NT4 : Rel L2  errors :: dE=0.13D-06, dP=0.16D-03, [F,P]=0.78D-03
 NT4                  :: OrthoP[1] CheckSum  = 0.1581138950783000D+02
 NT4                  :: P[1] CheckSum  = 0.1116859115127638D+02
 NT4                  :: CPU (Sec,MFLOPS) = (0.12D+03, 338),
                         WALL(Sec,MFLOPS) = (0.12D+03, 338)
 NT4                  :: Allocs=247,  DeAllocs=243, 12680620 bytes are presently allocated.
                         A max of 76085532 bytes were allocated.
>-Exiting NT4 07/22/02 @ 11:39:57-<
<<Entering SCFStatus 07/22/02 @ 11:39:57>>
 
= = = = = SCFCycle #0, Basis #2, Geometry #1 = = = = =

       MaxDelD = 0.15D+01
       <T>     = 0.38138444D+04
       <V>     = -.69718459D+04
       <HF>    = -.44719048D+03
       <SCF>   = -3605.19203940

 SCFStatus            :: CPU (Sec,MFLOPS) = (0.41D+00, 11),
                         WALL(Sec,MFLOPS) = (0.41D+00, 11)
 SCFStatus            :: Allocs=15,  DeAllocs=15, 0 bytes are presently allocated.
                         A max of 38043060 bytes were allocated.
>-Exiting SCFStatus 07/22/02 @ 11:39:57-<
<<Entering MakeRho 07/22/02 @ 11:39:57>>
 MakeRho : Pruned Rho :: dNel = -.25D-05, kept 7% of distributions.
 MakeRho : Moments    :: <r> = (-.11D+01, 0.34D+00, -.99D+00), <r^2> = 0.30D+03
 MakeRho              :: Rho CheckSum  = 0.7735697945858921D+04
 MakeRho              :: CPU Sec = 0.35D+02, WALL Sec = 0.35D+02
 MakeRho              :: Allocs=64,  DeAllocs=59, 1192 bytes are presently allocated.
                         A max of 49328252 bytes were allocated.
>-Exiting MakeRho 07/22/02 @ 11:40:32-<
<<Entering QCTC 07/22/02 @ 11:40:32>>
 QCTC                 :: J[1] CheckSum  = 0.3281132379672097D+03
 QCTC                 :: CPU Sec = 0.38D+03, WALL Sec = 0.39D+03
 QCTC                 :: Allocs=236633,  DeAllocs=50, 25247120 bytes are presently allocated.
                         A max of 50632224 bytes were allocated.
>-Exiting QCTC 07/22/02 @ 11:46:58-<
<<Entering ONX 07/22/02 @ 11:46:58>>
 ONX                  :: Kx[1] CheckSum  = 0.5638753084258715D+02
 ONX                  :: CPU Sec = 0.60D+03, WALL Sec = 0.60D+03
 ONX                  :: Allocs=203,  DeAllocs=203, 0 bytes are presently allocated.
                         A max of 238872120 bytes were allocated.
>-Exiting ONX 07/22/02 @ 11:56:58-<
<<Entering FockNGrueven 07/22/02 @ 11:56:58>>
 FockNGrueven         :: F[1] CheckSum  = 0.1775987965728654D+03
 FockNGrueven         :: OrthoF[1] CheckSum  = 0.1655148112092746D+03
 FockNGrueven         :: CPU (Sec,MFLOPS) = (0.64D+01, 336),
                         WALL(Sec,MFLOPS) = (0.65D+01, 336)
 FockNGrueven         :: Allocs=41,  DeAllocs=37, 5616076 bytes are presently allocated.
                         A max of 38043660 bytes were allocated.
>-Exiting FockNGrueven 07/22/02 @ 11:57:04-<
<<Entering DIIS 07/22/02 @ 11:57:04>>
 DIIS : Damping       :: Co = 0.80D+00, 0.20D+00
 DIIS                 :: F_DIIS[1] CheckSum  = 0.1667967559198781D+03
 DIIS                 :: CPU (Sec,MFLOPS) = (0.11D+02, 357),
                         WALL(Sec,MFLOPS) = (0.11D+02, 357)
 DIIS                 :: Allocs=34,  DeAllocs=30, 144 bytes are presently allocated.
                         A max of 50904972 bytes were allocated.
>-Exiting DIIS 07/22/02 @ 11:57:15-<
<<Entering NT4 07/22/02 @ 11:57:16>>
 NT4 : Pure 1         :: dE=0.10D+01, dP=0.59D+00, ThrX=0.10D-03, %Non0=32
 NT4 : Pure 2         :: dE=0.17D+00, dP=0.61D+00, ThrX=0.10D-03, %Non0=32
 NT4 : Pure 3         :: dE=0.50D+00, dP=0.59D+00, ThrX=0.10D-03, %Non0=32
 NT4 : Pure 4         :: dE=0.36D+00, dP=0.58D+00, ThrX=0.10D-03, %Non0=32
 NT4 : Pure 5         :: dE=0.35D+00, dP=0.52D+00, ThrX=0.10D-03, %Non0=33
 NT4 : Pure 6         :: dE=0.26D+00, dP=0.61D+00, ThrX=0.10D-03, %Non0=33
 NT4 : Pure 7         :: dE=0.29D+00, dP=0.51D+00, ThrX=0.10D-03, %Non0=37
 NT4 : Pure 8         :: dE=0.90D-01, dP=0.33D+00, ThrX=0.10D-03, %Non0=48
 NT4 : Pure 9         :: dE=0.61D-01, dP=0.31D+00, ThrX=0.10D-03, %Non0=55
 NT4 : Pure 10        :: dE=0.33D-01, dP=0.24D+00, ThrX=0.10D-03, %Non0=57
 NT4 : Pure 11        :: dE=0.15D-01, dP=0.17D+00, ThrX=0.10D-03, %Non0=57
 NT4 : Pure 12        :: dE=0.74D-02, dP=0.13D+00, ThrX=0.10D-03, %Non0=56
 NT4 : Pure 13        :: dE=0.31D-02, dP=0.70D-01, ThrX=0.10D-03, %Non0=57
 NT4 : Pure 14        :: dE=0.60D-03, dP=0.24D-01, ThrX=0.10D-03, %Non0=58
 NT4 : Pure 15        :: dE=0.33D-04, dP=0.28D-02, ThrX=0.10D-03, %Non0=58
 NT4 : Pure 16        :: dE=0.19D-06, dP=0.17D-03, ThrX=0.10D-03, %Non0=58
 NT4 : Pure 17        :: dE=0.28D-06, dP=0.17D-03, ThrX=0.10D-03, %Non0=58
 NT4 : Hit dE increase:: Tr{FP}=-.1185773641678257D+04, dNel = 0.45D-12
 NT4                  :: 17 purification steps, 34 matrix multiplies, %Non0s = 58
 NT4 : Max abs errors :: dE=0.33D-03, dP=0.17D-03, [F,P]=0.77D-02
 NT4 : Rel L2  errors :: dE=0.28D-06, dP=0.15D-03, [F,P]=0.79D-03
 NT4                  :: OrthoP[2] CheckSum  = 0.1581138946117183D+02
 NT4                  :: P[2] CheckSum  = 0.1114938115853451D+02
 NT4                  :: CPU (Sec,MFLOPS) = (0.12D+03, 338),
                         WALL(Sec,MFLOPS) = (0.12D+03, 338)
 NT4                  :: Allocs=247,  DeAllocs=243, 12680620 bytes are presently allocated.
                         A max of 76085532 bytes were allocated.
>-Exiting NT4 07/22/02 @ 11:59:14-<
<<Entering SCFStatus 07/22/02 @ 11:59:14>>
 
= = = = = SCFCycle #1, Basis #2, Geometry #1 = = = = =

       DIISErr = 0.84D-03
       MaxDelD = 0.17D-01
       <T>     = 0.38138444D+04
       <V>     = -.71638500D+04
       <HF>    = -.45085800D+03
       <SCF>   = -3800.86362122

 SCFStatus            :: CPU (Sec,MFLOPS) = (0.72D+00, 10),
                         WALL(Sec,MFLOPS) = (0.72D+00, 10)
 SCFStatus            :: Allocs=16,  DeAllocs=16, 0 bytes are presently allocated.
                         A max of 38043660 bytes were allocated.
>-Exiting SCFStatus 07/22/02 @ 11:59:15-<
<<Entering MakeRho 07/22/02 @ 11:59:15>>
 MakeRho : Pruned Rho :: dNel = 0.28D-06, kept 7% of distributions.
 MakeRho : Moments    :: <r> = (-.12D+01, 0.37D+00, -.10D+01), <r^2> = 0.30D+03
 MakeRho              :: Rho CheckSum  = 0.7728945850723138D+04
 MakeRho              :: CPU Sec = 0.35D+02, WALL Sec = 0.35D+02
 MakeRho              :: Allocs=64,  DeAllocs=59, 1192 bytes are presently allocated.
                         A max of 49380004 bytes were allocated.
>-Exiting MakeRho 07/22/02 @ 11:59:50-<
<<Entering QCTC 07/22/02 @ 11:59:50>>
 QCTC                 :: J[2] CheckSum  = 0.3282578721191356D+03
 QCTC                 :: CPU Sec = 0.39D+03, WALL Sec = 0.39D+03
 QCTC                 :: Allocs=237478,  DeAllocs=50, 25341464 bytes are presently allocated.
                         A max of 50726568 bytes were allocated.
>-Exiting QCTC 07/22/02 @ 12:06:17-<
<<Entering ONX 07/22/02 @ 12:06:17>>
 ONX                  :: Kx[2] CheckSum  = 0.5637707773541504D+02
 ONX                  :: CPU Sec = 0.60D+03, WALL Sec = 0.60D+03
 ONX                  :: Allocs=203,  DeAllocs=203, 0 bytes are presently allocated.
                         A max of 238887304 bytes were allocated.
>-Exiting ONX 07/22/02 @ 12:16:19-<
<<Entering FockNGrueven 07/22/02 @ 12:16:19>>
 FockNGrueven         :: F[2] CheckSum  = 0.1777208062619793D+03
 FockNGrueven         :: OrthoF[2] CheckSum  = 0.1655687220598299D+03
 FockNGrueven         :: CPU (Sec,MFLOPS) = (0.65D+01, 335),
                         WALL(Sec,MFLOPS) = (0.65D+01, 335)
 FockNGrueven         :: Allocs=41,  DeAllocs=37, 5616076 bytes are presently allocated.
                         A max of 38043660 bytes were allocated.
>-Exiting FockNGrueven 07/22/02 @ 12:16:26-<
<<Entering DIIS 07/22/02 @ 12:16:26>>
 DIIS                 :: Cond# = 0.15D+03, MIN(E) = 0.18D-01
 DIIS : Pulay C1      :: DIISCo = -.42D+01, 0.52D+01
 DIIS                 :: F_DIIS[2] CheckSum  = 0.1657944657574594D+03
 DIIS                 :: CPU (Sec,MFLOPS) = (0.12D+02, 339),
                         WALL(Sec,MFLOPS) = (0.12D+02, 325)
 DIIS                 :: Allocs=45,  DeAllocs=40, 216 bytes are presently allocated.
                         A max of 50904972 bytes were allocated.
>-Exiting DIIS 07/22/02 @ 12:16:38-<
<<Entering NT4 07/22/02 @ 12:16:38>>
 NT4 : Pure 1         :: dE=0.10D+01, dP=0.59D+00, ThrX=0.10D-03, %Non0=32
 NT4 : Pure 2         :: dE=0.16D+00, dP=0.61D+00, ThrX=0.10D-03, %Non0=32
 NT4 : Pure 3         :: dE=0.50D+00, dP=0.59D+00, ThrX=0.10D-03, %Non0=32
 NT4 : Pure 4         :: dE=0.35D+00, dP=0.58D+00, ThrX=0.10D-03, %Non0=32
 NT4 : Pure 5         :: dE=0.34D+00, dP=0.52D+00, ThrX=0.10D-03, %Non0=33
 NT4 : Pure 6         :: dE=0.25D+00, dP=0.61D+00, ThrX=0.10D-03, %Non0=33
 NT4 : Pure 7         :: dE=0.29D+00, dP=0.51D+00, ThrX=0.10D-03, %Non0=37
 NT4 : Pure 8         :: dE=0.91D-01, dP=0.33D+00, ThrX=0.10D-03, %Non0=48
 NT4 : Pure 9         :: dE=0.62D-01, dP=0.31D+00, ThrX=0.10D-03, %Non0=55
 NT4 : Pure 10        :: dE=0.33D-01, dP=0.24D+00, ThrX=0.10D-03, %Non0=57
 NT4 : Pure 11        :: dE=0.15D-01, dP=0.17D+00, ThrX=0.10D-03, %Non0=57
 NT4 : Pure 12        :: dE=0.73D-02, dP=0.13D+00, ThrX=0.10D-03, %Non0=57
 NT4 : Pure 13        :: dE=0.30D-02, dP=0.75D-01, ThrX=0.10D-03, %Non0=58
 NT4 : Pure 14        :: dE=0.58D-03, dP=0.29D-01, ThrX=0.10D-03, %Non0=58
 NT4 : Pure 15        :: dE=0.34D-04, dP=0.42D-02, ThrX=0.10D-03, %Non0=58
 NT4 : Pure 16        :: dE=0.26D-06, dP=0.18D-03, ThrX=0.10D-03, %Non0=58
 NT4 : Pure 17        :: dE=0.11D-07, dP=0.17D-03, ThrX=0.10D-03, %Non0=58
 NT4 : Met dE/dP goals:: Tr{FP}=-.1185702021090209D+04, dNel = 0.00D+00
 NT4                  :: 17 purification steps, 34 matrix multiplies, %Non0s = 58
 NT4 : Max abs errors :: dE=0.13D-04, dP=0.17D-03, [F,P]=0.68D-02
 NT4 : Rel L2  errors :: dE=0.11D-07, dP=0.15D-03, [F,P]=0.78D-03
 NT4                  :: OrthoP[3] CheckSum  = 0.1581138919467260D+02
 NT4                  :: P[3] CheckSum  = 0.1109622524007349D+02
 NT4                  :: CPU (Sec,MFLOPS) = (0.12D+03, 340),
                         WALL(Sec,MFLOPS) = (0.12D+03, 337)
 NT4                  :: Allocs=251,  DeAllocs=247, 12680620 bytes are presently allocated.
                         A max of 76085532 bytes were allocated.
>-Exiting NT4 07/22/02 @ 12:18:41-<
<<Entering SCFStatus 07/22/02 @ 12:18:41>>
 
= = = = = SCFCycle #2, Basis #2, Geometry #1 = = = = =

       DIISErr = 0.70D-03
       MaxDelD = 0.87D-01
       <T>     = 0.38088005D+04
       <V>     = -.71595565D+04
       <HF>    = -.45029471D+03
       <SCF>   = -3801.05069064

 SCFStatus            :: CPU (Sec,MFLOPS) = (0.74D+00, 10),
                         WALL(Sec,MFLOPS) = (0.74D+00, 10)
 SCFStatus            :: Allocs=16,  DeAllocs=16, 0 bytes are presently allocated.
                         A max of 38043660 bytes were allocated.
>-Exiting SCFStatus 07/22/02 @ 12:18:42-<
<<Entering MakeRho 07/22/02 @ 12:18:42>>
 MakeRho : Pruned Rho :: dNel = 0.11D-04, kept 7% of distributions.
 MakeRho : Moments    :: <r> = (-.15D+01, 0.52D+00, -.12D+01), <r^2> = 0.30D+03
 MakeRho              :: Rho CheckSum  = 0.7705302929135742D+04
 MakeRho              :: CPU Sec = 0.35D+02, WALL Sec = 0.35D+02
 MakeRho              :: Allocs=64,  DeAllocs=59, 1192 bytes are presently allocated.
                         A max of 49480132 bytes were allocated.
>-Exiting MakeRho 07/22/02 @ 12:19:17-<
<<Entering QCTC 07/22/02 @ 12:19:17>>
 QCTC                 :: J[3] CheckSum  = 0.3284456324444547D+03
 QCTC                 :: CPU Sec = 0.40D+03, WALL Sec = 0.40D+03
 QCTC                 :: Allocs=242953,  DeAllocs=50, 25930416 bytes are presently allocated.
                         A max of 51315520 bytes were allocated.
>-Exiting QCTC 07/22/02 @ 12:25:56-<
<<Entering ONX 07/22/02 @ 12:25:57>>
 ONX                  :: Kx[3] CheckSum  = 0.5639504134397777D+02
 ONX                  :: CPU Sec = 0.62D+03, WALL Sec = 0.10D+04
 ONX                  :: Allocs=203,  DeAllocs=203, 0 bytes are presently allocated.
                         A max of 238904776 bytes were allocated.
>-Exiting ONX 07/22/02 @ 12:42:36-<
<<Entering FockNGrueven 07/22/02 @ 12:42:37>>
 FockNGrueven         :: F[3] CheckSum  = 0.1778524848592990D+03
 FockNGrueven         :: OrthoF[3] CheckSum  = 0.1656357969822585D+03
 FockNGrueven         :: CPU (Sec,MFLOPS) = (0.65D+01, 335),
                         WALL(Sec,MFLOPS) = (0.65D+01, 334)
 FockNGrueven         :: Allocs=41,  DeAllocs=37, 5616076 bytes are presently allocated.
                         A max of 38043660 bytes were allocated.
>-Exiting FockNGrueven 07/22/02 @ 12:42:43-<
<<Entering DIIS 07/22/02 @ 12:42:43>>
 DIIS                 :: Cond# = 0.96D+03, MIN(E) = 0.29D-02
 DIIS : Pulay C1      :: DIISCo = -.67D+00, 0.69D+00, 0.99D+00
 DIIS                 :: F_DIIS[3] CheckSum  = 0.1656715445590341D+03
 DIIS                 :: CPU (Sec,MFLOPS) = (0.13D+02, 316),
                         WALL(Sec,MFLOPS) = (0.13D+02, 310)
 DIIS                 :: Allocs=53,  DeAllocs=48, 272 bytes are presently allocated.
                         A max of 50904964 bytes were allocated.
>-Exiting DIIS 07/22/02 @ 12:42:56-<
<<Entering NT4 07/22/02 @ 12:42:56>>
 NT4 : Pure 1         :: dE=0.10D+01, dP=0.59D+00, ThrX=0.10D-03, %Non0=32
 NT4 : Pure 2         :: dE=0.16D+00, dP=0.61D+00, ThrX=0.10D-03, %Non0=32
 NT4 : Pure 3         :: dE=0.50D+00, dP=0.59D+00, ThrX=0.10D-03, %Non0=32
 NT4 : Pure 4         :: dE=0.36D+00, dP=0.58D+00, ThrX=0.10D-03, %Non0=32
 NT4 : Pure 5         :: dE=0.34D+00, dP=0.52D+00, ThrX=0.10D-03, %Non0=33
 NT4 : Pure 6         :: dE=0.25D+00, dP=0.61D+00, ThrX=0.10D-03, %Non0=33
 NT4 : Pure 7         :: dE=0.29D+00, dP=0.51D+00, ThrX=0.10D-03, %Non0=37
 NT4 : Pure 8         :: dE=0.91D-01, dP=0.33D+00, ThrX=0.10D-03, %Non0=49
 NT4 : Pure 9         :: dE=0.62D-01, dP=0.31D+00, ThrX=0.10D-03, %Non0=55
 NT4 : Pure 10        :: dE=0.33D-01, dP=0.24D+00, ThrX=0.10D-03, %Non0=57
 NT4 : Pure 11        :: dE=0.15D-01, dP=0.17D+00, ThrX=0.10D-03, %Non0=57
 NT4 : Pure 12        :: dE=0.73D-02, dP=0.13D+00, ThrX=0.10D-03, %Non0=57
 NT4 : Pure 13        :: dE=0.31D-02, dP=0.79D-01, ThrX=0.10D-03, %Non0=58
 NT4 : Pure 14        :: dE=0.62D-03, dP=0.34D-01, ThrX=0.10D-03, %Non0=58
 NT4 : Pure 15        :: dE=0.41D-04, dP=0.59D-02, ThrX=0.10D-03, %Non0=58
 NT4 : Pure 16        :: dE=0.43D-06, dP=0.19D-03, ThrX=0.10D-03, %Non0=59
 NT4 : Pure 17        :: dE=0.10D-07, dP=0.18D-03, ThrX=0.10D-03, %Non0=58
 NT4 : Met dE/dP goals:: Tr{FP}=-.1181913705131356D+04, dNel = 0.57D-12
 NT4                  :: 17 purification steps, 34 matrix multiplies, %Non0s = 58
 NT4 : Max abs errors :: dE=0.12D-04, dP=0.18D-03, [F,P]=0.69D-02
 NT4 : Rel L2  errors :: dE=0.10D-07, dP=0.16D-03, [F,P]=0.78D-03
 NT4                  :: OrthoP[4] CheckSum  = 0.1581138903163747D+02
 NT4                  :: P[4] CheckSum  = 0.1108458422911196D+02
 NT4                  :: CPU (Sec,MFLOPS) = (0.12D+03, 339),
                         WALL(Sec,MFLOPS) = (0.27D+03, 155)
 NT4                  :: Allocs=247,  DeAllocs=243, 12680620 bytes are presently allocated.
                         A max of 76085532 bytes were allocated.
>-Exiting NT4 07/22/02 @ 12:47:21-<
<<Entering SCFStatus 07/22/02 @ 12:47:22>>
 
= = = = = SCFCycle #3, Basis #2, Geometry #1 = = = = =

       DIISErr = 0.17D-03
       MaxDelD = 0.17D-01
       <T>     = 0.37956147D+04
       <V>     = -.71482006D+04
       <HF>    = -.44900634D+03
       <SCF>   = -3801.59226546

 SCFStatus            :: CPU (Sec,MFLOPS) = (0.73D+00, 10),
                         WALL(Sec,MFLOPS) = (0.73D+00, 10)
 SCFStatus            :: Allocs=16,  DeAllocs=16, 0 bytes are presently allocated.
                         A max of 38043660 bytes were allocated.
>-Exiting SCFStatus 07/22/02 @ 12:47:22-<
<<Entering MakeRho 07/22/02 @ 12:47:23>>
 MakeRho : Pruned Rho :: dNel = 0.14D-04, kept 7% of distributions.
 MakeRho : Moments    :: <r> = (-.16D+01, 0.54D+00, -.13D+01), <r^2> = 0.30D+03
 MakeRho              :: Rho CheckSum  = 0.7699976259768322D+04
 MakeRho              :: CPU Sec = 0.35D+02, WALL Sec = 0.55D+02
 MakeRho              :: Allocs=64,  DeAllocs=59, 1192 bytes are presently allocated.
                         A max of 49554084 bytes were allocated.
>-Exiting MakeRho 07/22/02 @ 12:48:18-<
<<Entering QCTC 07/22/02 @ 12:48:18>>
 QCTC                 :: J[4] CheckSum  = 0.3286133025539165D+03
 QCTC                 :: CPU Sec = 0.40D+03, WALL Sec = 0.40D+03
 QCTC                 :: Allocs=243773,  DeAllocs=50, 26016728 bytes are presently allocated.
                         A max of 51401832 bytes were allocated.
>-Exiting QCTC 07/22/02 @ 12:54:58-<
<<Entering ONX 07/22/02 @ 12:54:58>>
 ONX                  :: Kx[4] CheckSum  = 0.5638329129951124D+02
 ONX                  :: CPU Sec = 0.62D+03, WALL Sec = 0.63D+03
 ONX                  :: Allocs=203,  DeAllocs=203, 0 bytes are presently allocated.
                         A max of 238943000 bytes were allocated.
>-Exiting ONX 07/22/02 @ 13:05:24-<
<<Entering FockNGrueven 07/22/02 @ 13:05:24>>
 FockNGrueven         :: F[4] CheckSum  = 0.1779982315526571D+03
 FockNGrueven         :: OrthoF[4] CheckSum  = 0.1656998018807563D+03
 FockNGrueven         :: CPU (Sec,MFLOPS) = (0.65D+01, 335),
                         WALL(Sec,MFLOPS) = (0.65D+01, 335)
 FockNGrueven         :: Allocs=41,  DeAllocs=37, 5616076 bytes are presently allocated.
                         A max of 38043660 bytes were allocated.
>-Exiting FockNGrueven 07/22/02 @ 13:05:30-<
<<Entering DIIS 07/22/02 @ 13:05:31>>
 DIIS                 :: Cond# = 0.18D+04, MIN(E) = 0.16D-02
 DIIS : Pulay C1      :: DIISCo = 0.44D+00, -.54D+00, 0.21D-02, 0.11D+01
 DIIS                 :: F_DIIS[4] CheckSum  = 0.1656887531308869D+03
 DIIS                 :: CPU (Sec,MFLOPS) = (0.14D+02, 294),
                         WALL(Sec,MFLOPS) = (0.14D+02, 294)
 DIIS                 :: Allocs=62,  DeAllocs=57, 344 bytes are presently allocated.
                         A max of 50904940 bytes were allocated.
>-Exiting DIIS 07/22/02 @ 13:05:44-<
<<Entering NT4 07/22/02 @ 13:05:44>>
 NT4 : Pure 1         :: dE=0.10D+01, dP=0.59D+00, ThrX=0.10D-03, %Non0=32
 NT4 : Pure 2         :: dE=0.16D+00, dP=0.61D+00, ThrX=0.10D-03, %Non0=32
 NT4 : Pure 3         :: dE=0.50D+00, dP=0.59D+00, ThrX=0.10D-03, %Non0=32
 NT4 : Pure 4         :: dE=0.36D+00, dP=0.58D+00, ThrX=0.10D-03, %Non0=32
 NT4 : Pure 5         :: dE=0.34D+00, dP=0.52D+00, ThrX=0.10D-03, %Non0=33
 NT4 : Pure 6         :: dE=0.25D+00, dP=0.61D+00, ThrX=0.10D-03, %Non0=33
 NT4 : Pure 7         :: dE=0.29D+00, dP=0.51D+00, ThrX=0.10D-03, %Non0=37
 NT4 : Pure 8         :: dE=0.91D-01, dP=0.33D+00, ThrX=0.10D-03, %Non0=49
 NT4 : Pure 9         :: dE=0.62D-01, dP=0.31D+00, ThrX=0.10D-03, %Non0=55
 NT4 : Pure 10        :: dE=0.33D-01, dP=0.24D+00, ThrX=0.10D-03, %Non0=57
 NT4 : Pure 11        :: dE=0.15D-01, dP=0.17D+00, ThrX=0.10D-03, %Non0=57
 NT4 : Pure 12        :: dE=0.73D-02, dP=0.13D+00, ThrX=0.10D-03, %Non0=57
 NT4 : Pure 13        :: dE=0.30D-02, dP=0.80D-01, ThrX=0.10D-03, %Non0=58
 NT4 : Pure 14        :: dE=0.62D-03, dP=0.35D-01, ThrX=0.10D-03, %Non0=58
 NT4 : Pure 15        :: dE=0.42D-04, dP=0.62D-02, ThrX=0.10D-03, %Non0=58
 NT4 : Pure 16        :: dE=0.46D-06, dP=0.18D-03, ThrX=0.10D-03, %Non0=59
 NT4 : Pure 17        :: dE=0.11D-07, dP=0.19D-03, ThrX=0.10D-03, %Non0=58
 NT4 : Hit dP increase:: Tr{FP}=-.1182344052198202D+04, dNel = 0.23D-12
 NT4                  :: 17 purification steps, 34 matrix multiplies, %Non0s = 58
 NT4 : Max abs errors :: dE=0.14D-04, dP=0.19D-03, [F,P]=0.69D-02
 NT4 : Rel L2  errors :: dE=0.11D-07, dP=0.16D-03, [F,P]=0.78D-03
 NT4                  :: OrthoP[5] CheckSum  = 0.1581138910434404D+02
 NT4                  :: P[5] CheckSum  = 0.1108356182349144D+02
 NT4                  :: CPU (Sec,MFLOPS) = (0.12D+03, 339),
                         WALL(Sec,MFLOPS) = (0.12D+03, 337)
 NT4                  :: Allocs=247,  DeAllocs=243, 12680620 bytes are presently allocated.
                         A max of 76085532 bytes were allocated.
>-Exiting NT4 07/22/02 @ 13:07:47-<
<<Entering SCFStatus 07/22/02 @ 13:07:47>>
 
= = = = = SCFCycle #4, Basis #2, Geometry #1 = = = = =

       DIISErr = 0.11D-03
       MaxDelD = 0.55D-02
       <T>     = 0.37909466D+04
       <V>     = -.71441275D+04
       <HF>    = -.44843198D+03
       <SCF>   = -3801.61293011

 SCFStatus            :: CPU (Sec,MFLOPS) = (0.74D+00, 10),
                         WALL(Sec,MFLOPS) = (0.74D+00, 10)
 SCFStatus            :: Allocs=16,  DeAllocs=16, 0 bytes are presently allocated.
                         A max of 38043660 bytes were allocated.
>-Exiting SCFStatus 07/22/02 @ 13:07:48-<
 Normal SCF convergence.
 Convergence statistics for RHFx/6-31Gss:
========================================================================
SCF    Ink       Total             Delta       Max         DIIS   
Cycle  Fok       Energy            E_Tot       Delta P     Error  
  0,    F,           0.00000000, 0.0000D+00, 0.0000D+00, 0.0000D+00, 
  1,    F,       -3800.86362122, 0.5148D-01, 0.1489D+01, 0.3148D-03, 
  2,    F,       -3801.05069064, 0.4922D-04, 0.7006D-01, 0.7013D-03, 
  3,    F,       -3801.59226546, 0.1425D-03, 0.7071D-01, 0.1662D-03, 
  4,    F,       -3801.61293011, 0.5436D-05, 0.1105D-01, 0.1073D-03, 
========================================================================
<<Entering MakeS 07/22/02 @ 13:07:48>>
 MakeS                :: S CheckSum  = 0.5053896872355074D+02
 MakeS                :: CPU Sec = 0.19D+01, WALL Sec = 0.19D+01
 MakeS                :: Allocs=37,  DeAllocs=36, 24 bytes are presently allocated.
                         A max of 25538704 bytes were allocated.
>-Exiting MakeS 07/22/02 @ 13:07:50-<
<<Entering LowdinO 07/22/02 @ 13:07:50>>
 LowdinO              :: X CheckSum  = 0.8559369118146861D+02
 LowdinO              :: CPU Sec = 0.23D+03, WALL Sec = 0.23D+03
 LowdinO              :: Allocs=20,  DeAllocs=20, 0 bytes are presently allocated.
                         A max of 37511200 bytes were allocated.
>-Exiting LowdinO 07/22/02 @ 13:11:40-<
<<Entering MakeT 07/22/02 @ 13:11:40>>
 MakeT                :: T CheckSum  = 0.2284898562553119D+03
 MakeT                :: CPU Sec = 0.36D+01, WALL Sec = 0.36D+01
 MakeT                :: Allocs=33,  DeAllocs=32, 24 bytes are presently allocated.
                         A max of 25389832 bytes were allocated.
>-Exiting MakeT 07/22/02 @ 13:11:44-<
<<Entering MakeRho 07/22/02 @ 13:11:44>>
 MakeRho : Pruned Rho :: dNel = 0.14D-04, kept 7% of distributions.
 MakeRho : Moments    :: <r> = (-.16D+01, 0.55D+00, -.13D+01), <r^2> = 0.30D+03
 MakeRho              :: Rho CheckSum  = 0.7699688687257878D+04
 MakeRho              :: CPU Sec = 0.35D+02, WALL Sec = 0.35D+02
 MakeRho              :: Allocs=65,  DeAllocs=60, 1192 bytes are presently allocated.
                         A max of 49539004 bytes were allocated.
>-Exiting MakeRho 07/22/02 @ 13:12:19-<
<<Entering QCTC 07/22/02 @ 13:12:19>>
 QCTC                 :: J[0] CheckSum  = 0.3285785669291041D+03
 QCTC                 :: CPU Sec = 0.12D+04, WALL Sec = 0.12D+04
 QCTC                 :: Allocs=243783,  DeAllocs=50, 26018984 bytes are presently allocated.
                         A max of 51404088 bytes were allocated.
>-Exiting QCTC 07/22/02 @ 13:31:47-<
<<Entering ONX 07/22/02 @ 13:31:47>>
 ONX                  :: Kx[0] CheckSum  = 0.5638990938546127D+02
 ONX                  :: WALL (Sec) = 0.39D+04
 ONX                  :: Allocs=236,  DeAllocs=236, 0 bytes are presently allocated.
                         A max of 259947124 bytes were allocated.
>-Exiting ONX 07/22/02 @ 14:37:35-<
<<Entering FockNGrueven 07/22/02 @ 14:37:35>>
 FockNGrueven         :: F[0] CheckSum  = 0.1779663279472854D+03
 FockNGrueven         :: OrthoF[0] CheckSum  = 0.1656872915008831D+03
 FockNGrueven         :: CPU (Sec,MFLOPS) = (0.22D+02, 359),
                         WALL(Sec,MFLOPS) = (0.22D+02, 359)
 FockNGrueven         :: Allocs=41,  DeAllocs=37, 12680604 bytes are presently allocated.
                         A max of 40210840 bytes were allocated.
>-Exiting FockNGrueven 07/22/02 @ 14:37:57-<
<<Entering RHEqs 07/22/02 @ 14:37:57>>
 RHEqs                :: HOMO = -.40983727D+00, LUMO = 0.11270453D+00
 RHEqs                :: OrthoP[1] CheckSum  = 0.1581138830083150D+02
 RHEqs                :: P[1] CheckSum  = 0.1108198081256997D+02
 RHEqs                :: CPU (Sec,MFLOPS) = (0.22D+03, 35),
                         WALL(Sec,MFLOPS) = (0.22D+03, 35)
 RHEqs                :: Allocs=31,  DeAllocs=29, 25000000 bytes are presently allocated.
                         A max of 63043672 bytes were allocated.
>-Exiting RHEqs 07/22/02 @ 14:41:37-<
<<Entering SCFStatus 07/22/02 @ 14:41:37>>
 
= = = = = SCFCycle #0, Basis #3, Geometry #1 = = = = =

       Gap     = 0.52D+00
       MaxDelD = 0.15D+01
       <T>     = 0.37912731D+04
       <V>     = -.71444587D+04
       <HF>    = -.44849746D+03
       <SCF>   = -3801.68308007

 SCFStatus            :: CPU (Sec,MFLOPS) = (0.72D+00, 13),
                         WALL(Sec,MFLOPS) = (0.72D+00, 13)
 SCFStatus            :: Allocs=15,  DeAllocs=15, 0 bytes are presently allocated.
                         A max of 38043060 bytes were allocated.
>-Exiting SCFStatus 07/22/02 @ 14:41:38-<
<<Entering MakeRho 07/22/02 @ 14:41:38>>
 MakeRho : Pruned Rho :: dNel = -.11D-09, kept 11% of distributions.
 MakeRho : Moments    :: <r> = (-.16D+01, 0.55D+00, -.13D+01), <r^2> = 0.30D+03
 MakeRho              :: Rho CheckSum  = 0.7699499573262969D+04
 MakeRho              :: CPU Sec = 0.50D+02, WALL Sec = 0.50D+02
 MakeRho              :: Allocs=64,  DeAllocs=59, 1192 bytes are presently allocated.
                         A max of 68380412 bytes were allocated.
>-Exiting MakeRho 07/22/02 @ 14:42:28-<
<<Entering QCTC 07/22/02 @ 14:42:28>>
 QCTC                 :: J[1] CheckSum  = 0.3285831957798848D+03
 QCTC                 :: CPU Sec = 0.20D+04, WALL Sec = 0.20D+04
 QCTC                 :: Allocs=486683,  DeAllocs=50, 51648128 bytes are presently allocated.
                         A max of 77033232 bytes were allocated.
>-Exiting QCTC 07/22/02 @ 15:15:17-<
<<Entering ONX 07/22/02 @ 15:15:18>>
 ONX                  :: Kx[1] CheckSum  = 0.5638959303514231D+02
 ONX                  :: WALL (Sec) = 0.35D+04
 ONX                  :: Allocs=236,  DeAllocs=236, 0 bytes are presently allocated.
                         A max of 261963300 bytes were allocated.
>-Exiting ONX 07/22/02 @ 16:14:17-<
<<Entering FockNGrueven 07/22/02 @ 16:14:17>>
 FockNGrueven         :: F[1] CheckSum  = 0.1779704505060383D+03
 FockNGrueven         :: OrthoF[1] CheckSum  = 0.1656888337119517D+03
 FockNGrueven         :: CPU (Sec,MFLOPS) = (0.22D+02, 355),
                         WALL(Sec,MFLOPS) = (0.22D+02, 355)
 FockNGrueven         :: Allocs=41,  DeAllocs=37, 12680604 bytes are presently allocated.
                         A max of 40212056 bytes were allocated.
>-Exiting FockNGrueven 07/22/02 @ 16:14:39-<
<<Entering DIIS 07/22/02 @ 16:14:39>>
 DIIS : Damping       :: Co = 0.80D+00, 0.20D+00
 DIIS                 :: F_DIIS[1] CheckSum  = 0.1656875998877386D+03
 DIIS                 :: CPU (Sec,MFLOPS) = (0.22D+02, 358),
                         WALL(Sec,MFLOPS) = (0.22D+02, 349)
 DIIS                 :: Allocs=34,  DeAllocs=30, 144 bytes are presently allocated.
                         A max of 50905028 bytes were allocated.
>-Exiting DIIS 07/22/02 @ 16:15:02-<
<<Entering RHEqs 07/22/02 @ 16:15:02>>
 RHEqs                :: HOMO = -.40984908D+00, LUMO = 0.11269423D+00
 RHEqs                :: OrthoP[2] CheckSum  = 0.1581138830083141D+02
 RHEqs                :: P[2] CheckSum  = 0.1108196827602365D+02
 RHEqs                :: CPU (Sec,MFLOPS) = (0.22D+03, 35),
                         WALL(Sec,MFLOPS) = (0.22D+03, 35)
 RHEqs                :: Allocs=31,  DeAllocs=29, 25000000 bytes are presently allocated.
                         A max of 63043672 bytes were allocated.
>-Exiting RHEqs 07/22/02 @ 16:18:44-<
<<Entering SCFStatus 07/22/02 @ 16:18:44>>
 
= = = = = SCFCycle #1, Basis #3, Geometry #1 = = = = =

       Gap     = 0.52D+00
       DIISErr = 0.53D-05
       MaxDelD = 0.14D-03
       <T>     = 0.37912731D+04
       <V>     = -.71444073D+04
       <HF>    = -.44849005D+03
       <SCF>   = -3801.62421427

 SCFStatus            :: CPU (Sec,MFLOPS) = (0.11D+01, 11),
                         WALL(Sec,MFLOPS) = (0.11D+01, 11)
 SCFStatus            :: Allocs=16,  DeAllocs=16, 0 bytes are presently allocated.
                         A max of 38043660 bytes were allocated.
>-Exiting SCFStatus 07/22/02 @ 16:18:45-<
<<Entering MakeRho 07/22/02 @ 16:18:45>>
 MakeRho : Pruned Rho :: dNel = -.66D-10, kept 11% of distributions.
 MakeRho : Moments    :: <r> = (-.16D+01, 0.55D+00, -.13D+01), <r^2> = 0.30D+03
 MakeRho              :: Rho CheckSum  = 0.7699498494165928D+04
 MakeRho              :: CPU Sec = 0.49D+02, WALL Sec = 0.49D+02
 MakeRho              :: Allocs=64,  DeAllocs=59, 1192 bytes are presently allocated.
                         A max of 68381228 bytes were allocated.
>-Exiting MakeRho 07/22/02 @ 16:19:35-<
<<Entering QCTC 07/22/02 @ 16:19:35>>
 QCTC                 :: J[2] CheckSum  = 0.3285826894854349D+03
 QCTC                 :: CPU Sec = 0.20D+04, WALL Sec = 0.20D+04
 QCTC                 :: Allocs=486703,  DeAllocs=50, 51651376 bytes are presently allocated.
                         A max of 77036480 bytes were allocated.
>-Exiting QCTC 07/22/02 @ 16:52:25-<
<<Entering ONX 07/22/02 @ 16:52:26>>
 ONX                  :: Kx[2] CheckSum  = 0.5638965897824537D+02
 ONX                  :: WALL (Sec) = 0.35D+04
 ONX                  :: Allocs=236,  DeAllocs=236, 0 bytes are presently allocated.
                         A max of 261963300 bytes were allocated.
>-Exiting ONX 07/22/02 @ 17:51:13-<
<<Entering FockNGrueven 07/22/02 @ 17:51:13>>
 FockNGrueven         :: F[2] CheckSum  = 0.1779699877435266D+03
 FockNGrueven         :: OrthoF[2] CheckSum  = 0.1656886464650837D+03
 FockNGrueven         :: CPU (Sec,MFLOPS) = (0.22D+02, 355),
                         WALL(Sec,MFLOPS) = (0.22D+02, 354)
 FockNGrueven         :: Allocs=41,  DeAllocs=37, 12680604 bytes are presently allocated.
                         A max of 40214072 bytes were allocated.
>-Exiting FockNGrueven 07/22/02 @ 17:51:35-<
<<Entering DIIS 07/22/02 @ 17:51:35>>
 DIIS                 :: Cond# = 0.18D+07, MIN(E) = 0.79D-06
 DIIS : Pulay C1      :: DIISCo = -.41D+01, 0.51D+01
 DIIS                 :: F_DIIS[2] CheckSum  = 0.1656878747936207D+03
 DIIS                 :: CPU (Sec,MFLOPS) = (0.22D+02, 349),
                         WALL(Sec,MFLOPS) = (0.23D+02, 335)
 DIIS                 :: Allocs=45,  DeAllocs=40, 216 bytes are presently allocated.
                         A max of 50905028 bytes were allocated.
>-Exiting DIIS 07/22/02 @ 17:51:58-<
<<Entering RHEqs 07/22/02 @ 17:51:59>>
 RHEqs                :: HOMO = -.40980118D+00, LUMO = 0.11267095D+00
 RHEqs                :: OrthoP[3] CheckSum  = 0.1581138830083100D+02
 RHEqs                :: P[3] CheckSum  = 0.1108180025641429D+02
 RHEqs                :: CPU (Sec,MFLOPS) = (0.22D+03, 35),
                         WALL(Sec,MFLOPS) = (0.22D+03, 35)
 RHEqs                :: Allocs=31,  DeAllocs=29, 25000000 bytes are presently allocated.
                         A max of 63043672 bytes were allocated.
>-Exiting RHEqs 07/22/02 @ 17:55:39-<
<<Entering SCFStatus 07/22/02 @ 17:55:39>>
 
= = = = = SCFCycle #2, Basis #3, Geometry #1 = = = = =

       Gap     = 0.52D+00
       DIISErr = 0.44D-05
       MaxDelD = 0.68D-03
       <T>     = 0.37912815D+04
       <V>     = -.71444146D+04
       <HF>    = -.44849115D+03
       <SCF>   = -3801.62422649

 SCFStatus            :: CPU (Sec,MFLOPS) = (0.11D+01, 11),
                         WALL(Sec,MFLOPS) = (0.11D+01, 11)
 SCFStatus            :: Allocs=16,  DeAllocs=16, 0 bytes are presently allocated.
                         A max of 38043660 bytes were allocated.
>-Exiting SCFStatus 07/22/02 @ 17:55:40-<
<<Entering MakeRho 07/22/02 @ 17:55:40>>
 MakeRho : Pruned Rho :: dNel = 0.29D-09, kept 11% of distributions.
 MakeRho : Moments    :: <r> = (-.16D+01, 0.55D+00, -.13D+01), <r^2> = 0.30D+03
 MakeRho              :: Rho CheckSum  = 0.7699447668035615D+04
 MakeRho              :: CPU Sec = 0.50D+02, WALL Sec = 0.50D+02
 MakeRho              :: Allocs=64,  DeAllocs=59, 1192 bytes are presently allocated.
                         A max of 68382988 bytes were allocated.
>-Exiting MakeRho 07/22/02 @ 17:56:30-<
<<Entering QCTC 07/22/02 @ 17:56:30>>
 QCTC                 :: J[3] CheckSum  = 0.3285821917958672D+03
 QCTC                 :: CPU Sec = 0.20D+04, WALL Sec = 0.20D+04
 QCTC                 :: Allocs=486793,  DeAllocs=50, 51662336 bytes are presently allocated.
                         A max of 77047440 bytes were allocated.
>-Exiting QCTC 07/22/02 @ 18:29:20-<
<<Entering ONX 07/22/02 @ 18:29:20>>
 ONX                  :: Kx[3] CheckSum  = 0.5638976974898157D+02
 ONX                  :: WALL (Sec) = 0.35D+04
 ONX                  :: Allocs=236,  DeAllocs=236, 0 bytes are presently allocated.
                         A max of 261963300 bytes were allocated.
>-Exiting ONX 07/22/02 @ 19:28:05-<
<<Entering FockNGrueven 07/22/02 @ 19:28:05>>
 FockNGrueven         :: F[3] CheckSum  = 0.1779694804859235D+03
 FockNGrueven         :: OrthoF[3] CheckSum  = 0.1656884015254888D+03
 FockNGrueven         :: CPU (Sec,MFLOPS) = (0.22D+02, 354),
                         WALL(Sec,MFLOPS) = (0.22D+02, 354)
 FockNGrueven         :: Allocs=41,  DeAllocs=37, 12680604 bytes are presently allocated.
                         A max of 40215288 bytes were allocated.
>-Exiting FockNGrueven 07/22/02 @ 19:28:27-<
<<Entering DIIS 07/22/02 @ 19:28:27>>
 DIIS                 :: Cond# = 0.18D+08, MIN(E) = 0.95D-07
 DIIS : Pulay C1      :: DIISCo = -.11D+01, 0.13D+01, 0.82D+00
 DIIS                 :: F_DIIS[3] CheckSum  = 0.1656882445842127D+03
 DIIS                 :: CPU (Sec,MFLOPS) = (0.23D+02, 335),
                         WALL(Sec,MFLOPS) = (0.24D+02, 328)
 DIIS                 :: Allocs=49,  DeAllocs=44, 272 bytes are presently allocated.
                         A max of 50905028 bytes were allocated.
>-Exiting DIIS 07/22/02 @ 19:28:51-<
<<Entering RHEqs 07/22/02 @ 19:28:51>>
 RHEqs                :: HOMO = -.40981320D+00, LUMO = 0.11265369D+00
 RHEqs                :: OrthoP[4] CheckSum  = 0.1581138830083091D+02
 RHEqs                :: P[4] CheckSum  = 0.1108179261790843D+02
 RHEqs                :: CPU (Sec,MFLOPS) = (0.22D+03, 35),
                         WALL(Sec,MFLOPS) = (0.22D+03, 35)
 RHEqs                :: Allocs=31,  DeAllocs=29, 25000000 bytes are presently allocated.
                         A max of 63043672 bytes were allocated.
>-Exiting RHEqs 07/22/02 @ 19:32:33-<
<<Entering SCFStatus 07/22/02 @ 19:32:33>>
 
= = = = = SCFCycle #3, Basis #3, Geometry #1 = = = = =

       Gap     = 0.52D+00
       DIISErr = 0.71D-06
       MaxDelD = 0.13D-03
       <T>     = 0.37912783D+04
       <V>     = -.71444118D+04
       <HF>    = -.44849080D+03
       <SCF>   = -3801.62425476

 SCFStatus            :: CPU (Sec,MFLOPS) = (0.11D+01, 11),
                         WALL(Sec,MFLOPS) = (0.11D+01, 11)
 SCFStatus            :: Allocs=16,  DeAllocs=16, 0 bytes are presently allocated.
                         A max of 38043660 bytes were allocated.
>-Exiting SCFStatus 07/22/02 @ 19:32:34-<
<<Entering MakeRho 07/22/02 @ 19:32:35>>
 MakeRho : Pruned Rho :: dNel = 0.12D-09, kept 11% of distributions.
 MakeRho : Moments    :: <r> = (-.16D+01, 0.55D+00, -.13D+01), <r^2> = 0.30D+03
 MakeRho              :: Rho CheckSum  = 0.7699449675988378D+04
 MakeRho              :: CPU Sec = 0.49D+02, WALL Sec = 0.50D+02
 MakeRho              :: Allocs=64,  DeAllocs=59, 1192 bytes are presently allocated.
                         A max of 68383500 bytes were allocated.
>-Exiting MakeRho 07/22/02 @ 19:33:24-<
<<Entering QCTC 07/22/02 @ 19:33:24>>
 QCTC                 :: J[4] CheckSum  = 0.3285815379108842D+03
 QCTC                 :: CPU Sec = 0.20D+04, WALL Sec = 0.20D+04
 QCTC                 :: Allocs=486843,  DeAllocs=50, 51667472 bytes are presently allocated.
                         A max of 77052576 bytes were allocated.
>-Exiting QCTC 07/22/02 @ 20:06:11-<
<<Entering ONX 07/22/02 @ 20:06:11>>
 ONX                  :: Kx[4] CheckSum  = 0.5638985806232751D+02
 ONX                  :: WALL (Sec) = 0.35D+04
 ONX                  :: Allocs=236,  DeAllocs=236, 0 bytes are presently allocated.
                         A max of 261963300 bytes were allocated.
>-Exiting ONX 07/22/02 @ 21:05:06-<
<<Entering FockNGrueven 07/22/02 @ 21:05:07>>
 FockNGrueven         :: F[4] CheckSum  = 0.1779688857660028D+03
 FockNGrueven         :: OrthoF[4] CheckSum  = 0.1656881695853332D+03
 FockNGrueven         :: CPU (Sec,MFLOPS) = (0.22D+02, 352),
                         WALL(Sec,MFLOPS) = (0.22D+02, 352)
 FockNGrueven         :: Allocs=41,  DeAllocs=37, 12680604 bytes are presently allocated.
                         A max of 40211256 bytes were allocated.
>-Exiting FockNGrueven 07/22/02 @ 21:05:29-<
<<Entering DIIS 07/22/02 @ 21:05:29>>
 DIIS                 :: Cond# = 0.82D+08, MIN(E) = 0.25D-07
 DIIS : Pulay C1      :: DIISCo = 0.96D+00, -.12D+01, -.23D+00, 0.14D+01
 DIIS                 :: F_DIIS[4] CheckSum  = 0.1656881963615299D+03
 DIIS                 :: CPU (Sec,MFLOPS) = (0.24D+02, 321),
                         WALL(Sec,MFLOPS) = (0.25D+02, 316)
 DIIS                 :: Allocs=54,  DeAllocs=49, 344 bytes are presently allocated.
                         A max of 50905028 bytes were allocated.
>-Exiting DIIS 07/22/02 @ 21:05:54-<
<<Entering RHEqs 07/22/02 @ 21:05:54>>
 RHEqs                :: HOMO = -.40980107D+00, LUMO = 0.11265151D+00
 RHEqs                :: OrthoP[5] CheckSum  = 0.1581138830083112D+02
 RHEqs                :: P[5] CheckSum  = 0.1108176358258902D+02
 RHEqs                :: CPU (Sec,MFLOPS) = (0.22D+03, 35),
                         WALL(Sec,MFLOPS) = (0.22D+03, 35)
 RHEqs                :: Allocs=31,  DeAllocs=29, 25000000 bytes are presently allocated.
                         A max of 63043672 bytes were allocated.
>-Exiting RHEqs 07/22/02 @ 21:09:35-<
<<Entering SCFStatus 07/22/02 @ 21:09:35>>
 
= = = = = SCFCycle #4, Basis #3, Geometry #1 = = = = =

       Gap     = 0.52D+00
       DIISErr = 0.22D-06
       MaxDelD = 0.72D-04
       <T>     = 0.37912897D+04
       <V>     = -.71444216D+04
       <HF>    = -.44849237D+03
       <SCF>   = -3801.62425529

 SCFStatus            :: CPU (Sec,MFLOPS) = (0.11D+01, 11),
                         WALL(Sec,MFLOPS) = (0.11D+01, 11)
 SCFStatus            :: Allocs=16,  DeAllocs=16, 0 bytes are presently allocated.
                         A max of 38043660 bytes were allocated.
>-Exiting SCFStatus 07/22/02 @ 21:09:36-<
 Normal SCF convergence.
 Convergence statistics for RHFx/6-31Gss:
========================================================================
SCF    Ink       Total             Delta       Max         DIIS   
Cycle  Fok       Energy            E_Tot       Delta P     Error  
  0,    F,           0.00000000, 0.0000D+00, 0.0000D+00, 0.0000D+00, 
  1,    F,       -3801.62421427, 0.1548D-04, 0.1506D+01, 0.1662D-03, 
  2,    F,       -3801.62422649, 0.3213D-08, 0.5402D-03, 0.4370D-05, 
  3,    F,       -3801.62425476, 0.7437D-08, 0.5541D-03, 0.7110D-06, 
  4,    F,       -3801.62425529, 0.1391D-09, 0.5366D-04, 0.2239D-06, 
========================================================================
>-Succesfull MondoSCF run 07/22/02 @ 21:09:36-<
