

 __    __                 _       ____________ ______ 
|  \  /  |               | |     /       /    |      |
|   \/   | ___  _ __   __| | ___/   ____/   __|  |==='
|        |/ _ \| '_ \ / _  |/ _ \____  \   (__|  ____|
|  |\/|  | (_) | | | | (_| | (_) )     /\     |  |    
|__|  |__|\___/|_| |_|\____|\___/_____/  \____|__|    

 Version 1.0 alpha 10 "Gyokuro"                       
 A program suite for O(N) SCF theory and ab initio MD 
 Matt Challacombe, C.J. Tymczak,                      
 Chee Kwan Gan, Karoly Nemeth, Valery Weber,          
 Eric Schwegler and Anders Niklasson                  
 Los Alamos National Laboratory                       
 LA-CC-04-086 (formerly 01-2)                         
 Compiled for IntelLinux.NAG, executing on zinc39.lanl.gov
 a i686 machine running Linux 2.4.21-15.0.4.ELsmp

 Current HDF :: /scratch/nemeth/CH2x-8_4005.hdf
<<Starting MondoSCF 12/09/04 @ 17:04:17>>
<<Entering MakePFFT 12/09/04 @ 17:04:17>>
 MakePFFT               :: CPU Sec = 0.10D-01, WALL Sec = 0.90D-01
 MakePFFT               :: Allocs=32,  DeAllocs=36, -360 bytes are presently allocated.
                           A max of 98936 bytes were allocated.
>-Exiting MakePFFT 12/09/04 @ 17:04:17-<
<<Entering MakeS 12/09/04 @ 17:04:17>>
 MakeS                  :: S CheckSum  = 0.1257958014399379D+02
 MakeS                  :: CPU Sec = 0.70D-01, WALL Sec = 0.70D-01
 MakeS                  :: Allocs=53,  DeAllocs=55, -336 bytes are presently allocated.
                           A max of 200392 bytes were allocated.
>-Exiting MakeS 12/09/04 @ 17:04:17-<
<<Entering LowdinO 12/09/04 @ 17:04:18>>
 LowdinO                :: X CheckSum  = 0.1472914210199091D+02
 LowdinO                :: CPU Sec = 0.40D-01, WALL Sec = 0.60D-01
 LowdinO                :: Allocs=17,  DeAllocs=19, -336 bytes are presently allocated.
                           A max of 231280 bytes were allocated.
>-Exiting LowdinO 12/09/04 @ 17:04:18-<
<<Entering MakeT 12/09/04 @ 17:04:18>>
 MakeT                  :: T CheckSum  = 0.6047032850235408D+02
 MakeT                  :: CPU Sec = 0.10D+00, WALL Sec = 0.11D+00
 MakeT                  :: Allocs=49,  DeAllocs=51, -336 bytes are presently allocated.
                           A max of 194816 bytes were allocated.
>-Exiting MakeT 12/09/04 @ 17:04:18-<
<<Entering P2Use 12/09/04 @ 17:04:18>>
 P2Use                  :: P[0] CheckSum  = 0.2782584894709068D+02
 P2Use                  :: CPU (Sec,MFLOPS) = (0.40D-01, 48),
                           WALL(Sec,MFLOPS) = (0.40D-01, 48)
 P2Use                  :: Allocs=65,  DeAllocs=67, -336 bytes are presently allocated.
                           A max of 373468 bytes were allocated.
>-Exiting P2Use 12/09/04 @ 17:04:18-<
<<Entering MakeRho 12/09/04 @ 17:04:19>>
 MakeRho : Pruned Rho   :: dNel = -.43D-07, kept 74% of distributions.
 MakeRho : Moments      :: <r> = (-.10D+01, 0.11D+00, -.33D-15), <r^2> = 0.91D+02
 MakeRho                :: Rho CheckSum  = 0.7094741433394699D+03
 MakeRho                :: CPU Sec = 0.26D+00, WALL Sec = 0.28D+00
 MakeRho                :: Allocs=98,  DeAllocs=98, -264 bytes are presently allocated.
                           A max of 3283228 bytes were allocated.
>-Exiting MakeRho 12/09/04 @ 17:04:19-<
<<Entering QCTC 12/09/04 @ 17:04:19>>
 OverRide is On: Ell ==>   7 PFFMaxEll ==>  16
 QCTC                   :: J[0] CheckSum  = 0.8765011205413219D+02
 QCTC : 1-D periodics   :: MxL = 16, PAC Cells = 5, MAC Cells = 9
 QCTC : FF Energy       :: <FF> = -.1146726724674016D-04
 QCTC                   :: CPU Sec = 0.14D+03, WALL Sec = 0.14D+03
 QCTC                   :: Allocs=198641,  DeAllocs=69, 53062248 bytes are presently allocated.
                           A max of 54951088 bytes were allocated.
>-Exiting QCTC 12/09/04 @ 17:06:34-<
<<Entering ONX2 12/09/04 @ 17:06:35>>
 ONX2                   :: Kx[0] CheckSum  = 0.1591824154352046D+02
 ONX2                   :: CPU Sec = 0.65D+02, WALL Sec = 0.66D+02
 ONX2                   :: Allocs=90,  DeAllocs=92, -336 bytes are presently allocated.
                           A max of 201756 bytes were allocated.
>-Exiting ONX2 12/09/04 @ 17:07:40-<
<<Entering FockNGrueven 12/09/04 @ 17:07:41>>
 FockNGrueven           :: F[0] CheckSum  = 0.4535571875651856D+02
 FockNGrueven           :: OrthoF[0] CheckSum  = 0.4035503081219112D+02
 FockNGrueven           :: CPU (Sec,MFLOPS) = (0.50D-01, 75),
                           WALL(Sec,MFLOPS) = (0.70D-01, 53)
 FockNGrueven           :: Allocs=38,  DeAllocs=36, 89308 bytes are presently allocated.
                           A max of 323384 bytes were allocated.
>-Exiting FockNGrueven 12/09/04 @ 17:07:41-<
<<Entering RHEqs 12/09/04 @ 17:07:41>>
 RHEqs                  :: HOMO = 0.15448355D+00, LUMO = 0.19161804D+00
 RHEqs                  :: OrthoP[1] CheckSum  = 0.7483314773547883D+01
 RHEqs                  :: P[1] CheckSum  = 0.7515785967641774D+01
 RHEqs                  :: CPU (Sec,MFLOPS) = (0.10D+00, 37),
                           WALL(Sec,MFLOPS) = (0.10D+00, 37)
 RHEqs                  :: Allocs=28,  DeAllocs=28, 153328 bytes are presently allocated.
                           A max of 427240 bytes were allocated.
>-Exiting RHEqs 12/09/04 @ 17:07:41-<
<<Entering SCFStatus 12/09/04 @ 17:07:41>>
 
= = = = = SCFCycle #0, Basis #1, Geometry #1 = = = = =

       Gap     = 0.37D-01
       MaxDelD = 0.11D+02
       <T>     = 0.62151327D+03
       <V>     = -.10334964D+04
       <HF>    = -.77783823D+02
       <SCF>   = -489.76693760

 SCFStatus              :: CPU (Sec,MFLOPS) = (0.20D-01, 4),
                           WALL(Sec,MFLOPS) = (0.20D-01, 4)
 SCFStatus              :: Allocs=13,  DeAllocs=15, -336 bytes are presently allocated.
                           A max of 273564 bytes were allocated.
>-Exiting SCFStatus 12/09/04 @ 17:07:41-<
<<Entering MakeRho 12/09/04 @ 17:07:41>>
 MakeRho : Pruned Rho   :: dNel = -.43D-06, kept 78% of distributions.
 MakeRho : Moments      :: <r> = (-.12D+02, 0.13D+01, -.46D-05), <r^2> = 0.18D+03
 MakeRho                :: Rho CheckSum  = 0.5978548279171528D+03
 MakeRho                :: CPU Sec = 0.26D+00, WALL Sec = 0.26D+00
 MakeRho                :: Allocs=98,  DeAllocs=98, -264 bytes are presently allocated.
                           A max of 3295772 bytes were allocated.
>-Exiting MakeRho 12/09/04 @ 17:07:42-<
<<Entering QCTC 12/09/04 @ 17:07:42>>
 OverRide is On: Ell ==>   7 PFFMaxEll ==>  16
 QCTC                   :: J[1] CheckSum  = 0.8969511140478035D+02
 QCTC : 1-D periodics   :: MxL = 16, PAC Cells = 5, MAC Cells = 9
 QCTC : FF Energy       :: <FF> = -.1652636552184589D-02
 QCTC                   :: CPU Sec = 0.14D+03, WALL Sec = 0.14D+03
 QCTC                   :: Allocs=210081,  DeAllocs=69, 56127272 bytes are presently allocated.
                           A max of 58129304 bytes were allocated.
>-Exiting QCTC 12/09/04 @ 17:10:04-<
<<Entering ONX2 12/09/04 @ 17:10:04>>
 ONX2                   :: Kx[1] CheckSum  = 0.1723347490071844D+02
 ONX2                   :: CPU Sec = 0.76D+02, WALL Sec = 0.76D+02
 ONX2                   :: Allocs=90,  DeAllocs=92, -336 bytes are presently allocated.
                           A max of 202780 bytes were allocated.
>-Exiting ONX2 12/09/04 @ 17:11:20-<
<<Entering FockNGrueven 12/09/04 @ 17:11:20>>
 FockNGrueven           :: F[1] CheckSum  = 0.4786994770248041D+02
 FockNGrueven           :: OrthoF[1] CheckSum  = 0.4239115404081063D+02
 FockNGrueven           :: CPU (Sec,MFLOPS) = (0.50D-01, 75),
                           WALL(Sec,MFLOPS) = (0.50D-01, 75)
 FockNGrueven           :: Allocs=38,  DeAllocs=36, 89308 bytes are presently allocated.
                           A max of 323256 bytes were allocated.
>-Exiting FockNGrueven 12/09/04 @ 17:11:20-<
<<Entering DIIS 12/09/04 @ 17:11:20>>
 DIIS : Damping         :: Co = 0.90D+00, 0.10D+00
 DIIS                   :: F_DIIS[1] CheckSum  = 0.4054349482898493D+02
 DIIS                   :: CPU (Sec,MFLOPS) = (0.60D-01, 63),
                           WALL(Sec,MFLOPS) = (0.70D-01, 54)
 DIIS                   :: Allocs=47,  DeAllocs=45, -192 bytes are presently allocated.
                           A max of 470256 bytes were allocated.
>-Exiting DIIS 12/09/04 @ 17:11:20-<
<<Entering RHEqs 12/09/04 @ 17:11:20>>
 RHEqs                  :: HOMO = 0.15399001D+00, LUMO = 0.16186686D+00
 RHEqs                  :: OrthoP[2] CheckSum  = 0.7483314773547884D+01
 RHEqs                  :: P[2] CheckSum  = 0.7286732172063160D+01
 RHEqs                  :: CPU (Sec,MFLOPS) = (0.70D-01, 53),
                           WALL(Sec,MFLOPS) = (0.70D-01, 53)
 RHEqs                  :: Allocs=28,  DeAllocs=28, 153328 bytes are presently allocated.
                           A max of 427240 bytes were allocated.
>-Exiting RHEqs 12/09/04 @ 17:11:20-<
<<Entering SCFStatus 12/09/04 @ 17:11:20>>
 
= = = = = SCFCycle #1, Basis #1, Geometry #1 = = = = =

       Gap     = 0.79D-02
       DIISErr = 0.13D-01
       MaxDelD = 0.66D+00
       <T>     = 0.54804284D+03
       <V>     = -.99948862D+03
       <HF>    = -.83797973D+02
       <SCF>   = -535.24375791

 SCFStatus              :: CPU (Sec,MFLOPS) = (0.10D-01, 8),
                           WALL(Sec,MFLOPS) = (0.20D-01, 4)
 SCFStatus              :: Allocs=13,  DeAllocs=15, -336 bytes are presently allocated.
                           A max of 273564 bytes were allocated.
>-Exiting SCFStatus 12/09/04 @ 17:11:20-<
<<Entering MakeRho 12/09/04 @ 17:11:21>>
 MakeRho : Pruned Rho   :: dNel = -.39D-06, kept 78% of distributions.
 MakeRho : Moments      :: <r> = (-.24D+01, -.49D-01, -.86D-05), <r^2> = 0.11D+03
 MakeRho                :: Rho CheckSum  = 0.5957970839106506D+03
 MakeRho                :: CPU Sec = 0.26D+00, WALL Sec = 0.26D+00
 MakeRho                :: Allocs=98,  DeAllocs=98, -264 bytes are presently allocated.
                           A max of 3295772 bytes were allocated.
>-Exiting MakeRho 12/09/04 @ 17:11:21-<
<<Entering QCTC 12/09/04 @ 17:11:21>>
 OverRide is On: Ell ==>   7 PFFMaxEll ==>  16
 QCTC                   :: J[2] CheckSum  = 0.8935212044379993D+02
 QCTC : 1-D periodics   :: MxL = 16, PAC Cells = 5, MAC Cells = 9
 QCTC : FF Energy       :: <FF> = -.5988225983974550D-04
 QCTC                   :: CPU Sec = 0.14D+03, WALL Sec = 0.14D+03
 QCTC                   :: Allocs=209441,  DeAllocs=69, 55949544 bytes are presently allocated.
                           A max of 57943672 bytes were allocated.
>-Exiting QCTC 12/09/04 @ 17:13:43-<
<<Entering ONX2 12/09/04 @ 17:13:43>>
 ONX2                   :: Kx[2] CheckSum  = 0.1723680808968838D+02
 ONX2                   :: CPU Sec = 0.75D+02, WALL Sec = 0.75D+02
 ONX2                   :: Allocs=90,  DeAllocs=92, -336 bytes are presently allocated.
                           A max of 202780 bytes were allocated.
>-Exiting ONX2 12/09/04 @ 17:14:59-<
<<Entering FockNGrueven 12/09/04 @ 17:14:59>>
 FockNGrueven           :: F[2] CheckSum  = 0.4757597847333164D+02
 FockNGrueven           :: OrthoF[2] CheckSum  = 0.4200049310716589D+02
 FockNGrueven           :: CPU (Sec,MFLOPS) = (0.60D-01, 62),
                           WALL(Sec,MFLOPS) = (0.60D-01, 62)
 FockNGrueven           :: Allocs=38,  DeAllocs=36, 89308 bytes are presently allocated.
                           A max of 323384 bytes were allocated.
>-Exiting FockNGrueven 12/09/04 @ 17:14:59-<
<<Entering DIIS 12/09/04 @ 17:14:59>>
 DIIS                   :: Cond# = 0.95D+01, MIN(E) = 0.30D+00
 DIIS : Pulay C1        :: DIISCo = -.33D-01, 0.10D+01
 DIIS                   :: F_DIIS[2] CheckSum  = 0.4199139815766446D+02
 DIIS                   :: CPU (Sec,MFLOPS) = (0.21D+00, 108),
                           WALL(Sec,MFLOPS) = (0.22D+00, 103)
 DIIS                   :: Allocs=98,  DeAllocs=95, -120 bytes are presently allocated.
                           A max of 470328 bytes were allocated.
>-Exiting DIIS 12/09/04 @ 17:14:59-<
<<Entering RHEqs 12/09/04 @ 17:14:59>>
 RHEqs                  :: HOMO = -.13501381D+00, LUMO = 0.20412752D+00
 RHEqs                  :: OrthoP[3] CheckSum  = 0.7483314773533437D+01
 RHEqs                  :: P[3] CheckSum  = 0.6773239272587874D+01
 RHEqs                  :: CPU (Sec,MFLOPS) = (0.70D-01, 53),
                           WALL(Sec,MFLOPS) = (0.70D-01, 53)
 RHEqs                  :: Allocs=28,  DeAllocs=28, 153328 bytes are presently allocated.
                           A max of 427240 bytes were allocated.
>-Exiting RHEqs 12/09/04 @ 17:14:59-<
<<Entering SCFStatus 12/09/04 @ 17:14:59>>
 
= = = = = SCFCycle #2, Basis #1, Geometry #1 = = = = =

       Gap     = 0.34D+00
       DIISErr = 0.95D-02
       MaxDelD = 0.45D+00
       <T>     = 0.54813451D+03
       <V>     = -.10005129D+04
       <HF>    = -.83945364D+02
       <SCF>   = -536.32378414

 SCFStatus              :: CPU (Sec,MFLOPS) = (0.10D-01, 8),
                           WALL(Sec,MFLOPS) = (0.20D-01, 4)
 SCFStatus              :: Allocs=13,  DeAllocs=15, -336 bytes are presently allocated.
                           A max of 273564 bytes were allocated.
>-Exiting SCFStatus 12/09/04 @ 17:14:59-<
<<Entering MakeRho 12/09/04 @ 17:14:59>>
 MakeRho : Pruned Rho   :: dNel = -.20D-06, kept 77% of distributions.
 MakeRho : Moments      :: <r> = (-.21D+01, -.48D-01, 0.32D-05), <r^2> = 0.10D+03
 MakeRho                :: Rho CheckSum  = 0.5864677791247420D+03
 MakeRho                :: CPU Sec = 0.26D+00, WALL Sec = 0.26D+00
 MakeRho                :: Allocs=98,  DeAllocs=98, -264 bytes are presently allocated.
                           A max of 3295772 bytes were allocated.
>-Exiting MakeRho 12/09/04 @ 17:15:00-<
<<Entering QCTC 12/09/04 @ 17:15:00>>
 OverRide is On: Ell ==>   7 PFFMaxEll ==>  16
 QCTC                   :: J[3] CheckSum  = 0.8893723141427463D+02
 QCTC : 1-D periodics   :: MxL = 16, PAC Cells = 5, MAC Cells = 9
 QCTC : FF Energy       :: <FF> = -.4732787970381492D-04
 QCTC                   :: CPU Sec = 0.14D+03, WALL Sec = 0.14D+03
 QCTC                   :: Allocs=206881,  DeAllocs=69, 55269928 bytes are presently allocated.
                           A max of 57240216 bytes were allocated.
>-Exiting QCTC 12/09/04 @ 17:17:20-<
<<Entering ONX2 12/09/04 @ 17:17:20>>
 ONX2                   :: Kx[3] CheckSum  = 0.1728286376763876D+02
 ONX2                   :: CPU Sec = 0.73D+02, WALL Sec = 0.73D+02
 ONX2                   :: Allocs=90,  DeAllocs=92, -336 bytes are presently allocated.
                           A max of 202780 bytes were allocated.
>-Exiting ONX2 12/09/04 @ 17:18:34-<
<<Entering FockNGrueven 12/09/04 @ 17:18:34>>
 FockNGrueven           :: F[3] CheckSum  = 0.4710705075757530D+02
 FockNGrueven           :: OrthoF[3] CheckSum  = 0.4169431586592189D+02
 FockNGrueven           :: CPU (Sec,MFLOPS) = (0.50D-01, 75),
                           WALL(Sec,MFLOPS) = (0.60D-01, 62)
 FockNGrueven           :: Allocs=38,  DeAllocs=36, 89308 bytes are presently allocated.
                           A max of 323384 bytes were allocated.
>-Exiting FockNGrueven 12/09/04 @ 17:18:34-<
<<Entering DIIS 12/09/04 @ 17:18:34>>
 DIIS                   :: Cond# = 0.16D+02, MIN(E) = 0.19D+00
 DIIS : Pulay C1        :: DIISCo = 0.19D-01, -.21D+00, 0.12D+01
 DIIS                   :: F_DIIS[3] CheckSum  = 0.4164162920185952D+02
 DIIS                   :: CPU (Sec,MFLOPS) = (0.33D+00, 114),
                           WALL(Sec,MFLOPS) = (0.34D+00, 111)
 DIIS                   :: Allocs=134,  DeAllocs=131, -64 bytes are presently allocated.
                           A max of 470384 bytes were allocated.
>-Exiting DIIS 12/09/04 @ 17:18:34-<
<<Entering RHEqs 12/09/04 @ 17:18:35>>
 RHEqs                  :: HOMO = -.84248054D-01, LUMO = 0.29979978D+00
 RHEqs                  :: OrthoP[4] CheckSum  = 0.7483314773523353D+01
 RHEqs                  :: P[4] CheckSum  = 0.6643031234678578D+01
 RHEqs                  :: CPU (Sec,MFLOPS) = (0.60D-01, 62),
                           WALL(Sec,MFLOPS) = (0.80D-01, 46)
 RHEqs                  :: Allocs=28,  DeAllocs=28, 153328 bytes are presently allocated.
                           A max of 427240 bytes were allocated.
>-Exiting RHEqs 12/09/04 @ 17:18:35-<
<<Entering SCFStatus 12/09/04 @ 17:18:35>>
 
= = = = = SCFCycle #3, Basis #1, Geometry #1 = = = = =

       Gap     = 0.38D+00
       DIISErr = 0.26D-02
       MaxDelD = 0.14D+00
       <T>     = 0.54615431D+03
       <V>     = -.99908678D+03
       <HF>    = -.84113197D+02
       <SCF>   = -537.04566506

 SCFStatus              :: CPU (Sec,MFLOPS) = (0.10D-01, 8),
                           WALL(Sec,MFLOPS) = (0.20D-01, 4)
 SCFStatus              :: Allocs=13,  DeAllocs=15, -336 bytes are presently allocated.
                           A max of 273564 bytes were allocated.
>-Exiting SCFStatus 12/09/04 @ 17:18:35-<
<<Entering MakeRho 12/09/04 @ 17:18:35>>
 MakeRho : Pruned Rho   :: dNel = -.11D-06, kept 77% of distributions.
 MakeRho : Moments      :: <r> = (-.18D+01, -.75D-01, -.13D-05), <r^2> = 0.10D+03
 MakeRho                :: Rho CheckSum  = 0.5825214619578776D+03
 MakeRho                :: CPU Sec = 0.25D+00, WALL Sec = 0.27D+00
 MakeRho                :: Allocs=98,  DeAllocs=98, -264 bytes are presently allocated.
                           A max of 3295772 bytes were allocated.
>-Exiting MakeRho 12/09/04 @ 17:18:35-<
<<Entering QCTC 12/09/04 @ 17:18:35>>
 OverRide is On: Ell ==>   7 PFFMaxEll ==>  16
 QCTC                   :: J[4] CheckSum  = 0.8908737104599409D+02
 QCTC : 1-D periodics   :: MxL = 16, PAC Cells = 5, MAC Cells = 9
 QCTC : FF Energy       :: <FF> = -.3375730405402191D-04
 QCTC                   :: CPU Sec = 0.14D+03, WALL Sec = 0.14D+03
 QCTC                   :: Allocs=206781,  DeAllocs=69, 55231336 bytes are presently allocated.
                           A max of 57197848 bytes were allocated.
>-Exiting QCTC 12/09/04 @ 17:20:55-<
<<Entering ONX2 12/09/04 @ 17:20:55>>
 ONX2                   :: Kx[4] CheckSum  = 0.1727567182703111D+02
 ONX2                   :: CPU Sec = 0.72D+02, WALL Sec = 0.73D+02
 ONX2                   :: Allocs=90,  DeAllocs=92, -336 bytes are presently allocated.
                           A max of 202780 bytes were allocated.
>-Exiting ONX2 12/09/04 @ 17:22:07-<
<<Entering FockNGrueven 12/09/04 @ 17:22:08>>
 FockNGrueven           :: F[4] CheckSum  = 0.4726777437777020D+02
 FockNGrueven           :: OrthoF[4] CheckSum  = 0.4180050870791000D+02
 FockNGrueven           :: CPU (Sec,MFLOPS) = (0.60D-01, 62),
                           WALL(Sec,MFLOPS) = (0.50D-01, 75)
 FockNGrueven           :: Allocs=38,  DeAllocs=36, 89308 bytes are presently allocated.
                           A max of 323384 bytes were allocated.
>-Exiting FockNGrueven 12/09/04 @ 17:22:08-<
<<Entering DIIS 12/09/04 @ 17:22:08>>
 DIIS                   :: Cond# = 0.15D+03, MIN(E) = 0.20D-01
 DIIS : Pulay C1        :: DIISCo = 0.67D-02, -.68D-01, 0.14D+00, 0.92D+00
 DIIS                   :: F_DIIS[4] CheckSum  = 0.4177518665033686D+02
 DIIS                   :: CPU (Sec,MFLOPS) = (0.48D+00, 118),
                           WALL(Sec,MFLOPS) = (0.49D+00, 115)
 DIIS                   :: Allocs=179,  DeAllocs=176, 8 bytes are presently allocated.
                           A max of 470456 bytes were allocated.
>-Exiting DIIS 12/09/04 @ 17:22:08-<
<<Entering RHEqs 12/09/04 @ 17:22:08>>
 RHEqs                  :: HOMO = -.10773269D+00, LUMO = 0.28128514D+00
 RHEqs                  :: OrthoP[5] CheckSum  = 0.7483314773527512D+01
 RHEqs                  :: P[5] CheckSum  = 0.6624317819923634D+01
 RHEqs                  :: CPU (Sec,MFLOPS) = (0.70D-01, 53),
                           WALL(Sec,MFLOPS) = (0.70D-01, 53)
 RHEqs                  :: Allocs=28,  DeAllocs=28, 153328 bytes are presently allocated.
                           A max of 427240 bytes were allocated.
>-Exiting RHEqs 12/09/04 @ 17:22:08-<
<<Entering SCFStatus 12/09/04 @ 17:22:08>>
 
= = = = = SCFCycle #4, Basis #1, Geometry #1 = = = = =

       Gap     = 0.39D+00
       DIISErr = 0.62D-03
       MaxDelD = 0.47D-01
       <T>     = 0.54458698D+03
       <V>     = -.99768590D+03
       <HF>    = -.84009542D+02
       <SCF>   = -537.10845801

 SCFStatus              :: CPU (Sec,MFLOPS) = (0.20D-01, 4),
                           WALL(Sec,MFLOPS) = (0.10D-01, 8)
 SCFStatus              :: Allocs=13,  DeAllocs=15, -336 bytes are presently allocated.
                           A max of 273564 bytes were allocated.
>-Exiting SCFStatus 12/09/04 @ 17:22:08-<
<<Entering MakeRho 12/09/04 @ 17:22:08>>
 MakeRho : Pruned Rho   :: dNel = -.72D-07, kept 76% of distributions.
 MakeRho : Moments      :: <r> = (-.17D+01, -.11D+00, -.72D-05), <r^2> = 0.10D+03
 MakeRho                :: Rho CheckSum  = 0.5821150279369413D+03
 MakeRho                :: CPU Sec = 0.26D+00, WALL Sec = 0.26D+00
 MakeRho                :: Allocs=98,  DeAllocs=98, -264 bytes are presently allocated.
                           A max of 3295772 bytes were allocated.
>-Exiting MakeRho 12/09/04 @ 17:22:09-<
<<Entering QCTC 12/09/04 @ 17:22:09>>
 OverRide is On: Ell ==>   7 PFFMaxEll ==>  16
 QCTC                   :: J[5] CheckSum  = 0.8903577978015792D+02
 QCTC : 1-D periodics   :: MxL = 16, PAC Cells = 5, MAC Cells = 9
 QCTC : FF Energy       :: <FF> = -.2976791085867972D-04
 QCTC                   :: CPU Sec = 0.14D+03, WALL Sec = 0.14D+03
 QCTC                   :: Allocs=205701,  DeAllocs=69, 54949000 bytes are presently allocated.
                           A max of 56906488 bytes were allocated.
>-Exiting QCTC 12/09/04 @ 17:24:29-<
<<Entering ONX2 12/09/04 @ 17:24:29>>
 ONX2                   :: Kx[5] CheckSum  = 0.1727796009777380D+02
 ONX2                   :: CPU Sec = 0.73D+02, WALL Sec = 0.73D+02
 ONX2                   :: Allocs=90,  DeAllocs=92, -336 bytes are presently allocated.
                           A max of 202780 bytes were allocated.
>-Exiting ONX2 12/09/04 @ 17:25:41-<
<<Entering FockNGrueven 12/09/04 @ 17:25:41>>
 FockNGrueven           :: F[5] CheckSum  = 0.4720981832553649D+02
 FockNGrueven           :: OrthoF[5] CheckSum  = 0.4176190254534508D+02
 FockNGrueven           :: CPU (Sec,MFLOPS) = (0.60D-01, 62),
                           WALL(Sec,MFLOPS) = (0.50D-01, 75)
 FockNGrueven           :: Allocs=38,  DeAllocs=36, 89308 bytes are presently allocated.
                           A max of 323384 bytes were allocated.
>-Exiting FockNGrueven 12/09/04 @ 17:25:41-<
<<Entering DIIS 12/09/04 @ 17:25:41>>
 DIIS                   :: Cond# = 0.78D+04, MIN(E) = 0.41D-03
 DIIS : Pulay C1        :: DIISCo = 0.28D-02, 0.35D-01, -.12D+00,
                                    -.32D+00, 0.14D+01
 DIIS                   :: F_DIIS[5] CheckSum  = 0.4176736310913919D+02
 DIIS                   :: CPU (Sec,MFLOPS) = (0.67D+00, 118),
                           WALL(Sec,MFLOPS) = (0.68D+00, 116)
 DIIS                   :: Allocs=233,  DeAllocs=230, 96 bytes are presently allocated.
                           A max of 470544 bytes were allocated.
>-Exiting DIIS 12/09/04 @ 17:25:42-<
<<Entering RHEqs 12/09/04 @ 17:25:42>>
 RHEqs                  :: HOMO = -.11023710D+00, LUMO = 0.28077470D+00
 RHEqs                  :: OrthoP[6] CheckSum  = 0.7483314773508246D+01
 RHEqs                  :: P[6] CheckSum  = 0.6614260802498118D+01
 RHEqs                  :: CPU (Sec,MFLOPS) = (0.70D-01, 53),
                           WALL(Sec,MFLOPS) = (0.70D-01, 53)
 RHEqs                  :: Allocs=28,  DeAllocs=28, 153328 bytes are presently allocated.
                           A max of 427240 bytes were allocated.
>-Exiting RHEqs 12/09/04 @ 17:25:42-<
<<Entering SCFStatus 12/09/04 @ 17:25:42>>
 
= = = = = SCFCycle #5, Basis #1, Geometry #1 = = = = =

       Gap     = 0.39D+00
       DIISErr = 0.27D-03
       MaxDelD = 0.48D-01
       <T>     = 0.54458251D+03
       <V>     = -.99767619D+03
       <HF>    = -.84021012D+02
       <SCF>   = -537.11469152

 SCFStatus              :: CPU (Sec,MFLOPS) = (0.10D-01, 8),
                           WALL(Sec,MFLOPS) = (0.20D-01, 4)
 SCFStatus              :: Allocs=13,  DeAllocs=15, -336 bytes are presently allocated.
                           A max of 273564 bytes were allocated.
>-Exiting SCFStatus 12/09/04 @ 17:25:42-<
<<Entering MakeRho 12/09/04 @ 17:25:42>>
 MakeRho : Pruned Rho   :: dNel = -.51D-07, kept 76% of distributions.
 MakeRho : Moments      :: <r> = (-.16D+01, -.13D+00, 0.14D-05), <r^2> = 0.10D+03
 MakeRho                :: Rho CheckSum  = 0.5819250090678951D+03
 MakeRho                :: CPU Sec = 0.26D+00, WALL Sec = 0.27D+00
 MakeRho                :: Allocs=98,  DeAllocs=98, -264 bytes are presently allocated.
                           A max of 3295772 bytes were allocated.
>-Exiting MakeRho 12/09/04 @ 17:25:43-<
<<Entering QCTC 12/09/04 @ 17:25:43>>
 OverRide is On: Ell ==>   7 PFFMaxEll ==>  16
 QCTC                   :: J[6] CheckSum  = 0.8903815088943463D+02
 QCTC : 1-D periodics   :: MxL = 16, PAC Cells = 5, MAC Cells = 9
 QCTC : FF Energy       :: <FF> = -.2802939515381001D-04
 QCTC                   :: CPU Sec = 0.14D+03, WALL Sec = 0.14D+03
 QCTC                   :: Allocs=205741,  DeAllocs=69, 54961032 bytes are presently allocated.
                           A max of 56919272 bytes were allocated.
>-Exiting QCTC 12/09/04 @ 17:28:02-<
<<Entering ONX2 12/09/04 @ 17:28:02>>
 ONX2                   :: Kx[6] CheckSum  = 0.1727761952120739D+02
 ONX2                   :: CPU Sec = 0.75D+02, WALL Sec = 0.75D+02
 ONX2                   :: Allocs=90,  DeAllocs=92, -336 bytes are presently allocated.
                           A max of 202780 bytes were allocated.
>-Exiting ONX2 12/09/04 @ 17:29:18-<
<<Entering FockNGrueven 12/09/04 @ 17:29:18>>
 FockNGrueven           :: F[6] CheckSum  = 0.4721206458732312D+02
 FockNGrueven           :: OrthoF[6] CheckSum  = 0.4176355275533511D+02
 FockNGrueven           :: CPU (Sec,MFLOPS) = (0.60D-01, 62),
                           WALL(Sec,MFLOPS) = (0.50D-01, 75)
 FockNGrueven           :: Allocs=38,  DeAllocs=36, 89308 bytes are presently allocated.
                           A max of 323384 bytes were allocated.
>-Exiting FockNGrueven 12/09/04 @ 17:29:18-<
<<Entering DIIS 12/09/04 @ 17:29:18>>
 DIIS                   :: Cond# = 0.75D+05, MIN(E) = 0.44D-04
 DIIS : Pulay C1        :: DIISCo = -.33D-02, 0.55D-02, 0.66D-02,
                                    -.79D-01, -.67D+00, 0.17D+01
 DIIS                   :: F_DIIS[6] CheckSum  = 0.4176092227743249D+02
 DIIS                   :: CPU (Sec,MFLOPS) = (0.88D+00, 120),
                           WALL(Sec,MFLOPS) = (0.89D+00, 118)
 DIIS                   :: Allocs=296,  DeAllocs=293, 200 bytes are presently allocated.
                           A max of 470648 bytes were allocated.
>-Exiting DIIS 12/09/04 @ 17:29:19-<
<<Entering RHEqs 12/09/04 @ 17:29:19>>
 RHEqs                  :: HOMO = -.11071261D+00, LUMO = 0.28310084D+00
 RHEqs                  :: OrthoP[7] CheckSum  = 0.7483314773520800D+01
 RHEqs                  :: P[7] CheckSum  = 0.6605861715287239D+01
 RHEqs                  :: CPU (Sec,MFLOPS) = (0.60D-01, 62),
                           WALL(Sec,MFLOPS) = (0.70D-01, 53)
 RHEqs                  :: Allocs=28,  DeAllocs=28, 153328 bytes are presently allocated.
                           A max of 427240 bytes were allocated.
>-Exiting RHEqs 12/09/04 @ 17:29:19-<
<<Entering SCFStatus 12/09/04 @ 17:29:19>>
 
= = = = = SCFCycle #6, Basis #1, Geometry #1 = = = = =

       Gap     = 0.39D+00
       DIISErr = 0.15D-03
       MaxDelD = 0.47D-01
       <T>     = 0.54450710D+03
       <V>     = -.99760928D+03
       <HF>    = -.84015356D+02
       <SCF>   = -537.11754141

 SCFStatus              :: CPU (Sec,MFLOPS) = (0.10D-01, 8),
                           WALL(Sec,MFLOPS) = (0.10D-01, 8)
 SCFStatus              :: Allocs=13,  DeAllocs=15, -336 bytes are presently allocated.
                           A max of 273564 bytes were allocated.
>-Exiting SCFStatus 12/09/04 @ 17:29:19-<
<<Entering MakeRho 12/09/04 @ 17:29:19>>
 MakeRho : Pruned Rho   :: dNel = -.32D-07, kept 77% of distributions.
 MakeRho : Moments      :: <r> = (-.16D+01, -.15D+00, 0.48D-05), <r^2> = 0.10D+03
 MakeRho                :: Rho CheckSum  = 0.5817934796294883D+03
 MakeRho                :: CPU Sec = 0.25D+00, WALL Sec = 0.26D+00
 MakeRho                :: Allocs=98,  DeAllocs=98, -264 bytes are presently allocated.
                           A max of 3294108 bytes were allocated.
>-Exiting MakeRho 12/09/04 @ 17:29:19-<
<<Entering QCTC 12/09/04 @ 17:29:19>>
 OverRide is On: Ell ==>   7 PFFMaxEll ==>  16
 QCTC                   :: J[7] CheckSum  = 0.8904064494880649D+02
 QCTC : 1-D periodics   :: MxL = 16, PAC Cells = 5, MAC Cells = 9
 QCTC : FF Energy       :: <FF> = -.2683197995903428D-04
 QCTC                   :: CPU Sec = 0.14D+03, WALL Sec = 0.14D+03
 QCTC                   :: Allocs=205921,  DeAllocs=69, 55006504 bytes are presently allocated.
                           A max of 56965872 bytes were allocated.
>-Exiting QCTC 12/09/04 @ 17:31:39-<
<<Entering ONX2 12/09/04 @ 17:31:39>>
 ONX2                   :: Kx[7] CheckSum  = 0.1727726207536391D+02
 ONX2                   :: CPU Sec = 0.72D+02, WALL Sec = 0.73D+02
 ONX2                   :: Allocs=90,  DeAllocs=92, -336 bytes are presently allocated.
                           A max of 202652 bytes were allocated.
>-Exiting ONX2 12/09/04 @ 17:32:51-<
<<Entering FockNGrueven 12/09/04 @ 17:32:52>>
 FockNGrueven           :: F[7] CheckSum  = 0.4721473519371290D+02
 FockNGrueven           :: OrthoF[7] CheckSum  = 0.4176529162737283D+02
 FockNGrueven           :: CPU (Sec,MFLOPS) = (0.60D-01, 62),
                           WALL(Sec,MFLOPS) = (0.60D-01, 62)
 FockNGrueven           :: Allocs=38,  DeAllocs=36, 89308 bytes are presently allocated.
                           A max of 323384 bytes were allocated.
>-Exiting FockNGrueven 12/09/04 @ 17:32:52-<
<<Entering DIIS 12/09/04 @ 17:32:52>>
 DIIS                   :: Cond# = 0.23D+06, MIN(E) = 0.15D-04
 DIIS : Pulay C1        :: DIISCo = -.51D-02, -.28D-02, 0.27D-01,
                                    0.73D-01, -.21D+00, -.24D+00, 0.14D+01
 DIIS                   :: F_DIIS[7] CheckSum  = 0.4176386047205933D+02
 DIIS                   :: CPU (Sec,MFLOPS) = (0.11D+01, 120),
                           WALL(Sec,MFLOPS) = (0.11D+01, 119)
 DIIS                   :: Allocs=368,  DeAllocs=365, 320 bytes are presently allocated.
                           A max of 470768 bytes were allocated.
>-Exiting DIIS 12/09/04 @ 17:32:53-<
<<Entering RHEqs 12/09/04 @ 17:32:53>>
 RHEqs                  :: HOMO = -.11153148D+00, LUMO = 0.28087384D+00
 RHEqs                  :: OrthoP[8] CheckSum  = 0.7483314773532026D+01
 RHEqs                  :: P[8] CheckSum  = 0.6602873267204331D+01
 RHEqs                  :: CPU (Sec,MFLOPS) = (0.60D-01, 62),
                           WALL(Sec,MFLOPS) = (0.80D-01, 46)
 RHEqs                  :: Allocs=28,  DeAllocs=28, 153328 bytes are presently allocated.
                           A max of 427240 bytes were allocated.
>-Exiting RHEqs 12/09/04 @ 17:32:53-<
<<Entering SCFStatus 12/09/04 @ 17:32:53>>
 
= = = = = SCFCycle #7, Basis #1, Geometry #1 = = = = =

       Gap     = 0.39D+00
       DIISErr = 0.67D-04
       MaxDelD = 0.20D-01
       <T>     = 0.54445596D+03
       <V>     = -.99756392D+03
       <HF>    = -.84010888D+02
       <SCF>   = -537.11884839

 SCFStatus              :: CPU (Sec,MFLOPS) = (0.20D-01, 4),
                           WALL(Sec,MFLOPS) = (0.20D-01, 4)
 SCFStatus              :: Allocs=13,  DeAllocs=15, -336 bytes are presently allocated.
                           A max of 273564 bytes were allocated.
>-Exiting SCFStatus 12/09/04 @ 17:32:53-<
<<Entering MakeRho 12/09/04 @ 17:32:53>>
 MakeRho : Pruned Rho   :: dNel = -.26D-07, kept 77% of distributions.
 MakeRho : Moments      :: <r> = (-.16D+01, -.16D+00, -.30D-05), <r^2> = 0.10D+03
 MakeRho                :: Rho CheckSum  = 0.5817588022109072D+03
 MakeRho                :: CPU Sec = 0.26D+00, WALL Sec = 0.26D+00
 MakeRho                :: Allocs=98,  DeAllocs=98, -264 bytes are presently allocated.
                           A max of 3295772 bytes were allocated.
>-Exiting MakeRho 12/09/04 @ 17:32:53-<
<<Entering QCTC 12/09/04 @ 17:32:53>>
 OverRide is On: Ell ==>   7 PFFMaxEll ==>  16
 QCTC                   :: J[8] CheckSum  = 0.8903903399764749D+02
 QCTC : 1-D periodics   :: MxL = 16, PAC Cells = 5, MAC Cells = 9
 QCTC : FF Energy       :: <FF> = -.2661483991727333D-04
 QCTC                   :: CPU Sec = 0.14D+03, WALL Sec = 0.14D+03
 QCTC                   :: Allocs=206001,  DeAllocs=69, 55028200 bytes are presently allocated.
                           A max of 56988400 bytes were allocated.
>-Exiting QCTC 12/09/04 @ 17:35:13-<
<<Entering ONX2 12/09/04 @ 17:35:13>>
 ONX2                   :: Kx[8] CheckSum  = 0.1727728603979773D+02
 ONX2                   :: CPU Sec = 0.72D+02, WALL Sec = 0.72D+02
 ONX2                   :: Allocs=90,  DeAllocs=92, -336 bytes are presently allocated.
                           A max of 202780 bytes were allocated.
>-Exiting ONX2 12/09/04 @ 17:36:25-<
<<Entering FockNGrueven 12/09/04 @ 17:36:25>>
 FockNGrueven           :: F[8] CheckSum  = 0.4721297005643088D+02
 FockNGrueven           :: OrthoF[8] CheckSum  = 0.4176406570254176D+02
 FockNGrueven           :: CPU (Sec,MFLOPS) = (0.60D-01, 62),
                           WALL(Sec,MFLOPS) = (0.60D-01, 62)
 FockNGrueven           :: Allocs=38,  DeAllocs=36, 89308 bytes are presently allocated.
                           A max of 323384 bytes were allocated.
>-Exiting FockNGrueven 12/09/04 @ 17:36:25-<
<<Entering DIIS 12/09/04 @ 17:36:25>>
 DIIS                   :: Cond# = 0.16D+07, MIN(E) = 0.21D-05
 DIIS : Pulay C1        :: DIISCo = -.27D-02, 0.69D-02, -.13D-01,
                                    -.32D-01, 0.13D+00, -.28D-01, -.64D+00, 0.16D+01
 DIIS                   :: F_DIIS[8] CheckSum  = 0.4176299150764627D+02
 DIIS                   :: CPU (Sec,MFLOPS) = (0.14D+01, 120),
                           WALL(Sec,MFLOPS) = (0.14D+01, 119)
 DIIS                   :: Allocs=449,  DeAllocs=446, 456 bytes are presently allocated.
                           A max of 470904 bytes were allocated.
>-Exiting DIIS 12/09/04 @ 17:36:27-<
<<Entering RHEqs 12/09/04 @ 17:36:27>>
 RHEqs                  :: HOMO = -.11058282D+00, LUMO = 0.28015935D+00
 RHEqs                  :: OrthoP[9] CheckSum  = 0.7483314773531050D+01
 RHEqs                  :: P[9] CheckSum  = 0.6601709391654170D+01
 RHEqs                  :: CPU (Sec,MFLOPS) = (0.70D-01, 53),
                           WALL(Sec,MFLOPS) = (0.70D-01, 53)
 RHEqs                  :: Allocs=28,  DeAllocs=28, 153328 bytes are presently allocated.
                           A max of 427240 bytes were allocated.
>-Exiting RHEqs 12/09/04 @ 17:36:27-<
<<Entering SCFStatus 12/09/04 @ 17:36:27>>
 
= = = = = SCFCycle #8, Basis #1, Geometry #1 = = = = =

       Gap     = 0.39D+00
       DIISErr = 0.39D-04
       MaxDelD = 0.75D-02
       <T>     = 0.54444954D+03
       <V>     = -.99755833D+03
       <HF>    = -.84010249D+02
       <SCF>   = -537.11903444

 SCFStatus              :: CPU (Sec,MFLOPS) = (0.20D-01, 4),
                           WALL(Sec,MFLOPS) = (0.20D-01, 4)
 SCFStatus              :: Allocs=13,  DeAllocs=15, -336 bytes are presently allocated.
                           A max of 273564 bytes were allocated.
>-Exiting SCFStatus 12/09/04 @ 17:36:27-<
<<Entering MakeRho 12/09/04 @ 17:36:27>>
 MakeRho : Pruned Rho   :: dNel = -.76D-07, kept 77% of distributions.
 MakeRho : Moments      :: <r> = (-.16D+01, -.16D+00, -.14D-05), <r^2> = 0.10D+03
 MakeRho                :: Rho CheckSum  = 0.5817460218299013D+03
 MakeRho                :: CPU Sec = 0.26D+00, WALL Sec = 0.26D+00
 MakeRho                :: Allocs=98,  DeAllocs=98, -264 bytes are presently allocated.
                           A max of 3293404 bytes were allocated.
>-Exiting MakeRho 12/09/04 @ 17:36:27-<
<<Entering QCTC 12/09/04 @ 17:36:27>>
 OverRide is On: Ell ==>   7 PFFMaxEll ==>  16
 QCTC                   :: J[9] CheckSum  = 0.8903852715017187D+02
 QCTC : 1-D periodics   :: MxL = 16, PAC Cells = 5, MAC Cells = 9
 QCTC : FF Energy       :: <FF> = -.2609475336715535D-04
 QCTC                   :: CPU Sec = 0.14D+03, WALL Sec = 0.14D+03
 QCTC                   :: Allocs=205961,  DeAllocs=69, 55018024 bytes are presently allocated.
                           A max of 56977952 bytes were allocated.
>-Exiting QCTC 12/09/04 @ 17:38:46-<
<<Entering ONX2 12/09/04 @ 17:38:46>>
 ONX2                   :: Kx[9] CheckSum  = 0.1727726975386449D+02
 ONX2                   :: CPU Sec = 0.72D+02, WALL Sec = 0.72D+02
 ONX2                   :: Allocs=90,  DeAllocs=92, -336 bytes are presently allocated.
                           A max of 202716 bytes were allocated.
>-Exiting ONX2 12/09/04 @ 17:39:59-<
<<Entering FockNGrueven 12/09/04 @ 17:39:59>>
 FockNGrueven           :: F[9] CheckSum  = 0.4721256479367296D+02
 FockNGrueven           :: OrthoF[9] CheckSum  = 0.4176355436338252D+02
 FockNGrueven           :: CPU (Sec,MFLOPS) = (0.60D-01, 62),
                           WALL(Sec,MFLOPS) = (0.60D-01, 62)
 FockNGrueven           :: Allocs=38,  DeAllocs=36, 89308 bytes are presently allocated.
                           A max of 323384 bytes were allocated.
>-Exiting FockNGrueven 12/09/04 @ 17:39:59-<
<<Entering DIIS 12/09/04 @ 17:39:59>>
 DIIS                   :: Cond# = 0.60D+07, MIN(E) = 0.49D-06
 DIIS : Pulay C1        :: DIISCo = -.12D-02, 0.45D-02, 0.69D-02,
                                    -.11D+00, 0.18D+00, 0.72D-01, -.10D+01, 0.19D+01
 DIIS                   :: F_DIIS[9] CheckSum  = 0.4176301440611557D+02
 DIIS                   :: CPU (Sec,MFLOPS) = (0.14D+01, 122),
                           WALL(Sec,MFLOPS) = (0.14D+01, 120)
 DIIS                   :: Allocs=449,  DeAllocs=446, 456 bytes are presently allocated.
                           A max of 470904 bytes were allocated.
>-Exiting DIIS 12/09/04 @ 17:40:00-<
<<Entering RHEqs 12/09/04 @ 17:40:00>>
 RHEqs                  :: HOMO = -.10995049D+00, LUMO = 0.28013887D+00
 RHEqs                  :: OrthoP[10] CheckSum  = 0.7483314773530781D+01
 RHEqs                  :: P[10] CheckSum  = 0.6601156702216584D+01
 RHEqs                  :: CPU (Sec,MFLOPS) = (0.70D-01, 53),
                           WALL(Sec,MFLOPS) = (0.70D-01, 53)
 RHEqs                  :: Allocs=28,  DeAllocs=28, 153328 bytes are presently allocated.
                           A max of 427240 bytes were allocated.
>-Exiting RHEqs 12/09/04 @ 17:40:00-<
<<Entering SCFStatus 12/09/04 @ 17:40:00>>
 
= = = = = SCFCycle #9, Basis #1, Geometry #1 = = = = =

       Gap     = 0.39D+00
       DIISErr = 0.19D-04
       MaxDelD = 0.41D-02
       <T>     = 0.54444714D+03
       <V>     = -.99755644D+03
       <HF>    = -.84009775D+02
       <SCF>   = -537.11907482

 SCFStatus              :: CPU (Sec,MFLOPS) = (0.20D-01, 4),
                           WALL(Sec,MFLOPS) = (0.20D-01, 4)
 SCFStatus              :: Allocs=13,  DeAllocs=15, -336 bytes are presently allocated.
                           A max of 273564 bytes were allocated.
>-Exiting SCFStatus 12/09/04 @ 17:40:00-<
<<Entering MakeRho 12/09/04 @ 17:40:00>>
 MakeRho : Pruned Rho   :: dNel = -.19D-07, kept 77% of distributions.
 MakeRho : Moments      :: <r> = (-.15D+01, -.16D+00, 0.71D-05), <r^2> = 0.10D+03
 MakeRho                :: Rho CheckSum  = 0.5817402404215117D+03
 MakeRho                :: CPU Sec = 0.26D+00, WALL Sec = 0.26D+00
 MakeRho                :: Allocs=98,  DeAllocs=98, -264 bytes are presently allocated.
                           A max of 3295772 bytes were allocated.
>-Exiting MakeRho 12/09/04 @ 17:40:01-<
<<Entering QCTC 12/09/04 @ 17:40:01>>
 OverRide is On: Ell ==>   7 PFFMaxEll ==>  16
 QCTC                   :: J[10] CheckSum  = 0.8903805316841400D+02
 QCTC : 1-D periodics   :: MxL = 16, PAC Cells = 5, MAC Cells = 9
 QCTC : FF Energy       :: <FF> = -.2550133730918814D-04
 QCTC                   :: CPU Sec = 0.14D+03, WALL Sec = 0.14D+03
 QCTC                   :: Allocs=206201,  DeAllocs=69, 55080424 bytes are presently allocated.
                           A max of 57042272 bytes were allocated.
>-Exiting QCTC 12/09/04 @ 17:42:20-<
<<Entering ONX2 12/09/04 @ 17:42:20>>
 ONX2                   :: Kx[10] CheckSum  = 0.1727726365493669D+02
 ONX2                   :: CPU Sec = 0.72D+02, WALL Sec = 0.72D+02
 ONX2                   :: Allocs=90,  DeAllocs=92, -336 bytes are presently allocated.
                           A max of 202780 bytes were allocated.
>-Exiting ONX2 12/09/04 @ 17:43:32-<
<<Entering FockNGrueven 12/09/04 @ 17:43:32>>
 FockNGrueven           :: F[10] CheckSum  = 0.4721219644128058D+02
 FockNGrueven           :: OrthoF[10] CheckSum  = 0.4176307927885559D+02
 FockNGrueven           :: CPU (Sec,MFLOPS) = (0.60D-01, 62),
                           WALL(Sec,MFLOPS) = (0.60D-01, 62)
 FockNGrueven           :: Allocs=38,  DeAllocs=36, 89308 bytes are presently allocated.
                           A max of 323384 bytes were allocated.
>-Exiting FockNGrueven 12/09/04 @ 17:43:32-<
<<Entering DIIS 12/09/04 @ 17:43:32>>
 DIIS                   :: Cond# = 0.19D+08, MIN(E) = 0.15D-06
 DIIS : Pulay C1        :: DIISCo = 0.28D-03, -.92D-03, -.84D-02,
                                    0.10D-01, 0.20D-01, -.57D-01, 0.13D-02, 0.10D+01
 DIIS                   :: F_DIIS[10] CheckSum  = 0.4176302830069359D+02
 DIIS                   :: CPU (Sec,MFLOPS) = (0.14D+01, 120),
                           WALL(Sec,MFLOPS) = (0.14D+01, 120)
 DIIS                   :: Allocs=453,  DeAllocs=450, 456 bytes are presently allocated.
                           A max of 470904 bytes were allocated.
>-Exiting DIIS 12/09/04 @ 17:43:34-<
<<Entering RHEqs 12/09/04 @ 17:43:34>>
 RHEqs                  :: HOMO = -.11010042D+00, LUMO = 0.27983596D+00
 RHEqs                  :: OrthoP[11] CheckSum  = 0.7483314773531257D+01
 RHEqs                  :: P[11] CheckSum  = 0.6601119863029540D+01
 RHEqs                  :: CPU (Sec,MFLOPS) = (0.70D-01, 53),
                           WALL(Sec,MFLOPS) = (0.70D-01, 53)
 RHEqs                  :: Allocs=28,  DeAllocs=28, 153328 bytes are presently allocated.
                           A max of 427240 bytes were allocated.
>-Exiting RHEqs 12/09/04 @ 17:43:34-<
<<Entering SCFStatus 12/09/04 @ 17:43:34>>
 
= = = = = SCFCycle #10, Basis #1, Geometry #1 = = = = =

       Gap     = 0.39D+00
       DIISErr = 0.43D-05
       MaxDelD = 0.58D-03
       <T>     = 0.54444687D+03
       <V>     = -.99755627D+03
       <HF>    = -.84009662D+02
       <SCF>   = -537.11906784

 SCFStatus              :: CPU (Sec,MFLOPS) = (0.10D-01, 8),
                           WALL(Sec,MFLOPS) = (0.20D-01, 4)
 SCFStatus              :: Allocs=13,  DeAllocs=15, -336 bytes are presently allocated.
                           A max of 273564 bytes were allocated.
>-Exiting SCFStatus 12/09/04 @ 17:43:34-<
 Normal SCF convergence.
<<Entering MakePFFT 12/09/04 @ 17:43:34>>
 MakePFFT               :: CPU Sec = 0.10D-01, WALL Sec = 0.10D-01
 MakePFFT               :: Allocs=32,  DeAllocs=36, -360 bytes are presently allocated.
                           A max of 98936 bytes were allocated.
>-Exiting MakePFFT 12/09/04 @ 17:43:34-<
<<Entering MakeS 12/09/04 @ 17:43:34>>
 MakeS                  :: S CheckSum  = 0.2225511360536645D+02
 MakeS                  :: CPU Sec = 0.90D-01, WALL Sec = 0.90D-01
 MakeS                  :: Allocs=53,  DeAllocs=55, -336 bytes are presently allocated.
                           A max of 592952 bytes were allocated.
>-Exiting MakeS 12/09/04 @ 17:43:34-<
<<Entering LowdinO 12/09/04 @ 17:43:34>>
 ... ning Warning  Warning  Warning Wa ...
Illconditioning detected in MakeS: Cond(S)=0.19D+06
 LowdinO                :: X CheckSum  = 0.1799565515390692D+03
 LowdinO                :: CPU Sec = 0.15D+00, WALL Sec = 0.15D+00
 LowdinO                :: Allocs=17,  DeAllocs=19, -336 bytes are presently allocated.
                           A max of 796432 bytes were allocated.
>-Exiting LowdinO 12/09/04 @ 17:43:35-<
<<Entering MakeT 12/09/04 @ 17:43:35>>
 MakeT                  :: T CheckSum  = 0.6595701865299282D+02
 MakeT                  :: CPU Sec = 0.12D+00, WALL Sec = 0.12D+00
 MakeT                  :: Allocs=49,  DeAllocs=51, -336 bytes are presently allocated.
                           A max of 571696 bytes were allocated.
>-Exiting MakeT 12/09/04 @ 17:43:35-<
<<Entering MakeRho 12/09/04 @ 17:43:35>>
 MakeRho : Pruned Rho   :: dNel = -.18D-07, kept 77% of distributions.
 MakeRho : Moments      :: <r> = (-.15D+01, -.16D+00, -.63D-05), <r^2> = 0.10D+03
 MakeRho                :: Rho CheckSum  = 0.5817393279766795D+03
 MakeRho                :: CPU Sec = 0.26D+00, WALL Sec = 0.27D+00
 MakeRho                :: Allocs=99,  DeAllocs=99, -264 bytes are presently allocated.
                           A max of 3295772 bytes were allocated.
>-Exiting MakeRho 12/09/04 @ 17:43:35-<
<<Entering QCTC 12/09/04 @ 17:43:35>>
 OverRide is On: Ell ==>   7 PFFMaxEll ==>  16
 QCTC                   :: J[0] CheckSum  = 0.9378004120587177D+02
 QCTC : 1-D periodics   :: MxL = 16, PAC Cells = 5, MAC Cells = 9
 QCTC : FF Energy       :: <FF> = -.2545040946570073D-04
 QCTC                   :: CPU Sec = 0.17D+03, WALL Sec = 0.17D+03
 QCTC                   :: Allocs=206201,  DeAllocs=69, 55096104 bytes are presently allocated.
                           A max of 57058512 bytes were allocated.
>-Exiting QCTC 12/09/04 @ 17:46:23-<
<<Entering ONX2 12/09/04 @ 17:46:23>>
 ONX2                   :: Kx[0] CheckSum  = 0.2297942348612884D+02
 ONX2                   :: CPU Sec = 0.95D+02, WALL Sec = 0.95D+02
 ONX2                   :: Allocs=90,  DeAllocs=92, -336 bytes are presently allocated.
                           A max of 391516 bytes were allocated.
>-Exiting ONX2 12/09/04 @ 17:47:58-<
<<Entering FockNGrueven 12/09/04 @ 17:47:58>>
 FockNGrueven           :: F[0] CheckSum  = 0.5480358042998366D+02
 FockNGrueven           :: OrthoF[0] CheckSum  = 0.4470562932611380D+02
 FockNGrueven           :: CPU (Sec,MFLOPS) = (0.12D+00, 202),
                           WALL(Sec,MFLOPS) = (0.12D+00, 202)
 FockNGrueven           :: Allocs=38,  DeAllocs=36, 278940 bytes are presently allocated.
                           A max of 1094200 bytes were allocated.
>-Exiting FockNGrueven 12/09/04 @ 17:47:58-<
<<Entering RHEqs 12/09/04 @ 17:47:58>>
 RHEqs                  :: HOMO = -.14343129D+00, LUMO = 0.12983556D+00
 RHEqs                  :: OrthoP[1] CheckSum  = 0.7483314773547884D+01
 RHEqs                  :: P[1] CheckSum  = 0.9504811236531465D+01
 RHEqs                  :: CPU (Sec,MFLOPS) = (0.21D+00, 115),
                           WALL(Sec,MFLOPS) = (0.21D+00, 115)
 RHEqs                  :: Allocs=28,  DeAllocs=28, 529648 bytes are presently allocated.
                           A max of 1368040 bytes were allocated.
>-Exiting RHEqs 12/09/04 @ 17:47:59-<
<<Entering SCFStatus 12/09/04 @ 17:47:59>>
 
= = = = = SCFCycle #0, Basis #2, Geometry #1 = = = = =

       Gap     = 0.27D+00
       MaxDelD = 0.36D+01
       <T>     = 0.55157002D+03
       <V>     = -.10032707D+04
       <HF>    = -.83639844D+02
       <SCF>   = -535.34049252

 SCFStatus              :: CPU (Sec,MFLOPS) = (0.30D-01, 8),
                           WALL(Sec,MFLOPS) = (0.30D-01, 8)
 SCFStatus              :: Allocs=12,  DeAllocs=14, -336 bytes are presently allocated.
                           A max of 837876 bytes were allocated.
>-Exiting SCFStatus 12/09/04 @ 17:47:59-<
<<Entering MakeRho 12/09/04 @ 17:47:59>>
 MakeRho : Pruned Rho   :: dNel = 0.39D-09, kept 83% of distributions.
 MakeRho : Moments      :: <r> = (-.62D+01, 0.22D+00, 0.75D-05), <r^2> = 0.10D+03
 MakeRho                :: Rho CheckSum  = 0.7322101735795034D+03
 MakeRho                :: CPU Sec = 0.28D+00, WALL Sec = 0.28D+00
 MakeRho                :: Allocs=98,  DeAllocs=98, -264 bytes are presently allocated.
                           A max of 3645516 bytes were allocated.
>-Exiting MakeRho 12/09/04 @ 17:47:59-<
<<Entering QCTC 12/09/04 @ 17:47:59>>
 OverRide is On: Ell ==>   7 PFFMaxEll ==>  16
 QCTC                   :: J[1] CheckSum  = 0.9420667940950615D+02
 QCTC : 1-D periodics   :: MxL = 16, PAC Cells = 5, MAC Cells = 9
 QCTC : FF Energy       :: <FF> = -.4136201685832220D-03
 QCTC                   :: CPU Sec = 0.18D+03, WALL Sec = 0.18D+03
 QCTC                   :: Allocs=232321,  DeAllocs=69, 62117288 bytes are presently allocated.
                           A max of 64342800 bytes were allocated.
>-Exiting QCTC 12/09/04 @ 17:51:00-<
<<Entering ONX2 12/09/04 @ 17:51:00>>
 ONX2                   :: Kx[1] CheckSum  = 0.2291956917355222D+02
 ONX2                   :: CPU Sec = 0.94D+02, WALL Sec = 0.94D+02
 ONX2                   :: Allocs=90,  DeAllocs=92, -336 bytes are presently allocated.
                           A max of 580252 bytes were allocated.
>-Exiting ONX2 12/09/04 @ 17:52:35-<
<<Entering FockNGrueven 12/09/04 @ 17:52:35>>
 FockNGrueven           :: F[1] CheckSum  = 0.5546849369011105D+02
 FockNGrueven           :: OrthoF[1] CheckSum  = 0.4489491998743910D+02
 FockNGrueven           :: CPU (Sec,MFLOPS) = (0.12D+00, 202),
                           WALL(Sec,MFLOPS) = (0.12D+00, 202)
 FockNGrueven           :: Allocs=38,  DeAllocs=36, 278940 bytes are presently allocated.
                           A max of 1094200 bytes were allocated.
>-Exiting FockNGrueven 12/09/04 @ 17:52:35-<
<<Entering RHEqs 12/09/04 @ 17:52:35>>
 RHEqs                  :: HOMO = -.20379711D+00, LUMO = -.18535801D+00
 RHEqs                  :: OrthoP[2] CheckSum  = 0.7483314773547881D+01
 RHEqs                  :: P[2] CheckSum  = 0.9930266935270209D+04
 RHEqs                  :: CPU (Sec,MFLOPS) = (0.21D+00, 115),
                           WALL(Sec,MFLOPS) = (0.21D+00, 115)
 RHEqs                  :: Allocs=28,  DeAllocs=28, 529648 bytes are presently allocated.
                           A max of 1368040 bytes were allocated.
>-Exiting RHEqs 12/09/04 @ 17:52:35-<
<<Entering SCFStatus 12/09/04 @ 17:52:35>>
 
= = = = = SCFCycle #1, Basis #2, Geometry #1 = = = = =

       Gap     = 0.18D-01
       DIISErr = 0.43D-05
       MaxDelD = 0.35D+04
       <T>     = 0.55157002D+03
       <V>     = -.10089065D+04
       <HF>    = -.83515338D+02
       <SCF>   = -540.85179463

 SCFStatus              :: CPU (Sec,MFLOPS) = (0.50D-01, 6),
                           WALL(Sec,MFLOPS) = (0.40D-01, 8)
 SCFStatus              :: Allocs=13,  DeAllocs=15, -336 bytes are presently allocated.
                           A max of 838044 bytes were allocated.
>-Exiting SCFStatus 12/09/04 @ 17:52:35-<
<<Entering MakeRho 12/09/04 @ 17:52:35>>
 MakeRho : Pruned Rho   :: dNel = 0.16D-09, kept 87% of distributions.
 MakeRho : Moments      :: <r> = (0.18D+04, 0.72D-01, -.34D-05), <r^2> = 0.28D+04
 MakeRho                :: Rho CheckSum  = 0.3245203575323611D+04
 MakeRho                :: CPU Sec = 0.30D+00, WALL Sec = 0.29D+00
 MakeRho                :: Allocs=98,  DeAllocs=98, -264 bytes are presently allocated.
                           A max of 3645516 bytes were allocated.
>-Exiting MakeRho 12/09/04 @ 17:52:35-<
<<Entering QCTC 12/09/04 @ 17:52:36>>
 OverRide is On: Ell ==>   7 PFFMaxEll ==>  16
 QCTC                   :: J[2] CheckSum  = 0.9463136834708017D+02
 QCTC : 1-D periodics   :: MxL = 16, PAC Cells = 5, MAC Cells = 9
 QCTC : FF Energy       :: <FF> = -.3542535645290153D+02
 QCTC                   :: CPU Sec = 0.20D+03, WALL Sec = 0.20D+03
 QCTC                   :: Allocs=244841,  DeAllocs=69, 65477800 bytes are presently allocated.
                           A max of 67828312 bytes were allocated.
>-Exiting QCTC 12/09/04 @ 17:55:51-<
<<Entering ONX2 12/09/04 @ 17:55:52>>
 ONX2                   :: Kx[2] CheckSum  = 0.3059286894947101D+02
 ONX2                   :: CPU Sec = 0.10D+03, WALL Sec = 0.10D+03
 ONX2                   :: Allocs=90,  DeAllocs=92, -336 bytes are presently allocated.
                           A max of 580252 bytes were allocated.
>-Exiting ONX2 12/09/04 @ 17:57:36-<
<<Entering FockNGrueven 12/09/04 @ 17:57:36>>
 FockNGrueven           :: F[2] CheckSum  = 0.5948935041068833D+02
 FockNGrueven           :: OrthoF[2] CheckSum  = 0.5705220568970223D+04
 FockNGrueven           :: CPU (Sec,MFLOPS) = (0.12D+00, 202),
                           WALL(Sec,MFLOPS) = (0.13D+00, 186)
 FockNGrueven           :: Allocs=38,  DeAllocs=36, 278940 bytes are presently allocated.
                           A max of 1094040 bytes were allocated.
>-Exiting FockNGrueven 12/09/04 @ 17:57:36-<
<<Entering DIIS 12/09/04 @ 17:57:36>>
 DIIS                   :: Cond# = 0.82D+07, MIN(E) = 0.89D+00
 DIIS : Pulay C1        :: DIISCo = 0.10D+01, -.92D-05
 DIIS                   :: F_DIIS[2] CheckSum  = 0.4489173359579662D+02
 DIIS                   :: CPU (Sec,MFLOPS) = (0.49D+00, 296),
                           WALL(Sec,MFLOPS) = (0.49D+00, 296)
 DIIS                   :: Allocs=94,  DeAllocs=91, -120 bytes are presently allocated.
                           A max of 1411128 bytes were allocated.
>-Exiting DIIS 12/09/04 @ 17:57:37-<
<<Entering RHEqs 12/09/04 @ 17:57:37>>
 RHEqs                  :: HOMO = -.20379781D+00, LUMO = -.18467494D+00
 RHEqs                  :: OrthoP[3] CheckSum  = 0.7483314773547880D+01
 RHEqs                  :: P[3] CheckSum  = 0.9873603781733880D+04
 RHEqs                  :: CPU (Sec,MFLOPS) = (0.20D+00, 121),
                           WALL(Sec,MFLOPS) = (0.20D+00, 121)
 RHEqs                  :: Allocs=28,  DeAllocs=28, 529648 bytes are presently allocated.
                           A max of 1368040 bytes were allocated.
>-Exiting RHEqs 12/09/04 @ 17:57:37-<
<<Entering SCFStatus 12/09/04 @ 17:57:37>>
 
= = = = = SCFCycle #2, Basis #2, Geometry #1 = = = = =

       Gap     = 0.19D-01
       DIISErr = 0.15D+02
       MaxDelD = 0.23D+02
       <T>     = 0.55199471D+03
       <V>     = -.10072649D+04
       <HF>    = -.21743212D+04
       <SCF>   = -2629.59139934

 SCFStatus              :: CPU (Sec,MFLOPS) = (0.40D-01, 8),
                           WALL(Sec,MFLOPS) = (0.40D-01, 8)
 SCFStatus              :: Allocs=13,  DeAllocs=15, -336 bytes are presently allocated.
                           A max of 838044 bytes were allocated.
>-Exiting SCFStatus 12/09/04 @ 17:57:37-<
<<Entering MakeRho 12/09/04 @ 17:57:37>>
 MakeRho : Pruned Rho   :: dNel = 0.12D-09, kept 87% of distributions.
 MakeRho : Moments      :: <r> = (0.18D+04, 0.69D-01, -.34D-05), <r^2> = 0.28D+04
 MakeRho                :: Rho CheckSum  = 0.3229712908856313D+04
 MakeRho                :: CPU Sec = 0.29D+00, WALL Sec = 0.29D+00
 MakeRho                :: Allocs=98,  DeAllocs=98, -264 bytes are presently allocated.
                           A max of 3645516 bytes were allocated.
>-Exiting MakeRho 12/09/04 @ 17:57:38-<
<<Entering QCTC 12/09/04 @ 17:57:38>>
 OverRide is On: Ell ==>   7 PFFMaxEll ==>  16
 QCTC                   :: J[3] CheckSum  = 0.9463083825092008D+02
 QCTC : 1-D periodics   :: MxL = 16, PAC Cells = 5, MAC Cells = 9
 QCTC : FF Energy       :: <FF> = -.3536795872922515D+02
 QCTC                   :: CPU Sec = 0.20D+03, WALL Sec = 0.20D+03
 QCTC                   :: Allocs=244801,  DeAllocs=69, 65465640 bytes are presently allocated.
                           A max of 67815400 bytes were allocated.
>-Exiting QCTC 12/09/04 @ 18:00:54-<
<<Entering ONX2 12/09/04 @ 18:00:54>>
 ONX2                   :: Kx[3] CheckSum  = 0.3050046629814730D+02
 ONX2                   :: CPU Sec = 0.10D+03, WALL Sec = 0.10D+03
 ONX2                   :: Allocs=90,  DeAllocs=92, -336 bytes are presently allocated.
                           A max of 580252 bytes were allocated.
>-Exiting ONX2 12/09/04 @ 18:02:39-<
<<Entering FockNGrueven 12/09/04 @ 18:02:39>>
 FockNGrueven           :: F[3] CheckSum  = 0.5944150725091770D+02
 FockNGrueven           :: OrthoF[3] CheckSum  = 0.5651504361428417D+04
 FockNGrueven           :: CPU (Sec,MFLOPS) = (0.12D+00, 202),
                           WALL(Sec,MFLOPS) = (0.12D+00, 202)
 FockNGrueven           :: Allocs=38,  DeAllocs=36, 278940 bytes are presently allocated.
                           A max of 1094040 bytes were allocated.
>-Exiting FockNGrueven 12/09/04 @ 18:02:39-<
<<Entering DIIS 12/09/04 @ 18:02:39>>
 DIIS                   :: Cond# = 0.16D+08, MIN(E) = 0.89D+00
 DIIS : Pulay C1        :: DIISCo = 0.10D+01, 0.59D-03, -.60D-03
 DIIS                   :: F_DIIS[3] CheckSum  = 0.4489402131074172D+02
 DIIS                   :: CPU (Sec,MFLOPS) = (0.75D+00, 322),
                           WALL(Sec,MFLOPS) = (0.75D+00, 322)
 DIIS                   :: Allocs=130,  DeAllocs=127, -64 bytes are presently allocated.
                           A max of 1411184 bytes were allocated.
>-Exiting DIIS 12/09/04 @ 18:02:40-<
<<Entering RHEqs 12/09/04 @ 18:02:40>>
 RHEqs                  :: HOMO = -.20379773D+00, LUMO = -.18548539D+00
 RHEqs                  :: OrthoP[4] CheckSum  = 0.7483314773547880D+01
 RHEqs                  :: P[4] CheckSum  = 0.9937652382013657D+04
 RHEqs                  :: CPU (Sec,MFLOPS) = (0.20D+00, 121),
                           WALL(Sec,MFLOPS) = (0.20D+00, 121)
 RHEqs                  :: Allocs=28,  DeAllocs=28, 529648 bytes are presently allocated.
                           A max of 1368040 bytes were allocated.
>-Exiting RHEqs 12/09/04 @ 18:02:40-<
<<Entering SCFStatus 12/09/04 @ 18:02:40>>
 
= = = = = SCFCycle #3, Basis #2, Geometry #1 = = = = =

       Gap     = 0.18D-01
       DIISErr = 0.15D+02
       MaxDelD = 0.22D+02
       <T>     = 0.55197786D+03
       <V>     = -.10072657D+04
       <HF>    = -.21063863D+04
       <SCF>   = -2561.67405518

 SCFStatus              :: CPU (Sec,MFLOPS) = (0.40D-01, 8),
                           WALL(Sec,MFLOPS) = (0.40D-01, 8)
 SCFStatus              :: Allocs=13,  DeAllocs=15, -336 bytes are presently allocated.
                           A max of 838044 bytes were allocated.
>-Exiting SCFStatus 12/09/04 @ 18:02:40-<
<<Entering MakeRho 12/09/04 @ 18:02:40>>
 MakeRho : Pruned Rho   :: dNel = 0.14D-09, kept 87% of distributions.
 MakeRho : Moments      :: <r> = (0.18D+04, 0.73D-01, -.34D-05), <r^2> = 0.28D+04
 MakeRho                :: Rho CheckSum  = 0.3245498543690835D+04
 MakeRho                :: CPU Sec = 0.29D+00, WALL Sec = 0.29D+00
 MakeRho                :: Allocs=98,  DeAllocs=98, -264 bytes are presently allocated.
                           A max of 3645516 bytes were allocated.
>-Exiting MakeRho 12/09/04 @ 18:02:41-<
<<Entering QCTC 12/09/04 @ 18:02:41>>
 OverRide is On: Ell ==>   7 PFFMaxEll ==>  16
 QCTC                   :: J[4] CheckSum  = 0.9463180902428141D+02
 QCTC : 1-D periodics   :: MxL = 16, PAC Cells = 5, MAC Cells = 9
 QCTC : FF Energy       :: <FF> = -.3570908511693715D+02
 QCTC                   :: CPU Sec = 0.20D+03, WALL Sec = 0.20D+03
 QCTC                   :: Allocs=244781,  DeAllocs=69, 65460328 bytes are presently allocated.
                           A max of 67809904 bytes were allocated.
>-Exiting QCTC 12/09/04 @ 18:05:57-<
<<Entering ONX2 12/09/04 @ 18:05:57>>
 ONX2                   :: Kx[4] CheckSum  = 0.3060998333094463D+02
 ONX2                   :: CPU Sec = 0.10D+03, WALL Sec = 0.10D+03
 ONX2                   :: Allocs=90,  DeAllocs=92, -336 bytes are presently allocated.
                           A max of 580252 bytes were allocated.
>-Exiting ONX2 12/09/04 @ 18:07:42-<
<<Entering FockNGrueven 12/09/04 @ 18:07:42>>
 FockNGrueven           :: F[4] CheckSum  = 0.5949871451650438D+02
 FockNGrueven           :: OrthoF[4] CheckSum  = 0.5699350775421905D+04
 FockNGrueven           :: CPU (Sec,MFLOPS) = (0.13D+00, 186),
                           WALL(Sec,MFLOPS) = (0.13D+00, 186)
 FockNGrueven           :: Allocs=38,  DeAllocs=36, 278940 bytes are presently allocated.
                           A max of 1094040 bytes were allocated.
>-Exiting FockNGrueven 12/09/04 @ 18:07:42-<
<<Entering DIIS 12/09/04 @ 18:07:42>>
 DIIS                   :: Cond# = 0.25D+08, MIN(E) = 0.90D+00
 DIIS : Pulay C1        :: DIISCo = 0.10D+01, 0.39D-03, -.41D-02, 0.36D-02
 DIIS                   :: F_DIIS[4] CheckSum  = 0.4489270091363989D+02
 DIIS                   :: CPU (Sec,MFLOPS) = (0.12D+01, 313),
                           WALL(Sec,MFLOPS) = (0.12D+01, 310)
 DIIS                   :: Allocs=175,  DeAllocs=172, 8 bytes are presently allocated.
                           A max of 1411256 bytes were allocated.
>-Exiting DIIS 12/09/04 @ 18:07:43-<
<<Entering RHEqs 12/09/04 @ 18:07:43>>
 RHEqs                  :: HOMO = -.20379927D+00, LUMO = -.18537366D+00
 RHEqs                  :: OrthoP[5] CheckSum  = 0.7483314773547882D+01
 RHEqs                  :: P[5] CheckSum  = 0.9939996521726698D+04
 RHEqs                  :: CPU (Sec,MFLOPS) = (0.21D+00, 115),
                           WALL(Sec,MFLOPS) = (0.20D+00, 121)
 RHEqs                  :: Allocs=28,  DeAllocs=28, 529648 bytes are presently allocated.
                           A max of 1368040 bytes were allocated.
>-Exiting RHEqs 12/09/04 @ 18:07:44-<
<<Entering SCFStatus 12/09/04 @ 18:07:44>>
 
= = = = = SCFCycle #4, Basis #2, Geometry #1 = = = = =

       Gap     = 0.18D-01
       DIISErr = 0.15D+02
       MaxDelD = 0.90D+01
       <T>     = 0.55199129D+03
       <V>     = -.10072636D+04
       <HF>    = -.21383555D+04
       <SCF>   = -2593.62779493

 SCFStatus              :: CPU (Sec,MFLOPS) = (0.40D-01, 8),
                           WALL(Sec,MFLOPS) = (0.50D-01, 6)
 SCFStatus              :: Allocs=13,  DeAllocs=15, -336 bytes are presently allocated.
                           A max of 838044 bytes were allocated.
>-Exiting SCFStatus 12/09/04 @ 18:07:44-<
 DIIS oscillation
<<Entering MakeRho 12/09/04 @ 18:07:44>>
 MakeRho : Pruned Rho   :: dNel = 0.15D-09, kept 88% of distributions.
 MakeRho : Moments      :: <r> = (0.18D+04, 0.73D-01, -.34D-05), <r^2> = 0.28D+04
 MakeRho                :: Rho CheckSum  = 0.3248477873011401D+04
 MakeRho                :: CPU Sec = 0.29D+00, WALL Sec = 0.29D+00
 MakeRho                :: Allocs=98,  DeAllocs=98, -264 bytes are presently allocated.
                           A max of 3645516 bytes were allocated.
>-Exiting MakeRho 12/09/04 @ 18:07:44-<
<<Entering QCTC 12/09/04 @ 18:07:44>>
 OverRide is On: Ell ==>   7 PFFMaxEll ==>  16
 QCTC                   :: J[5] CheckSum  = 0.9462999470265027D+02
 QCTC : 1-D periodics   :: MxL = 16, PAC Cells = 5, MAC Cells = 9
 QCTC : FF Energy       :: <FF> = -.3535147865296495D+02
 QCTC                   :: CPU Sec = 0.20D+03, WALL Sec = 0.20D+03
 QCTC                   :: Allocs=244901,  DeAllocs=69, 65495400 bytes are presently allocated.
                           A max of 67846848 bytes were allocated.
>-Exiting QCTC 12/09/04 @ 18:11:01-<
<<Entering ONX2 12/09/04 @ 18:11:02>>
 ONX2                   :: Kx[5] CheckSum  = 0.3065349117570171D+02
 ONX2                   :: CPU Sec = 0.10D+03, WALL Sec = 0.10D+03
 ONX2                   :: Allocs=90,  DeAllocs=92, -336 bytes are presently allocated.
                           A max of 580252 bytes were allocated.
>-Exiting ONX2 12/09/04 @ 18:12:46-<
<<Entering FockNGrueven 12/09/04 @ 18:12:46>>
 FockNGrueven           :: F[5] CheckSum  = 0.5951887643589624D+02
 FockNGrueven           :: OrthoF[5] CheckSum  = 0.5706854592708675D+04
 FockNGrueven           :: CPU (Sec,MFLOPS) = (0.12D+00, 202),
                           WALL(Sec,MFLOPS) = (0.13D+00, 186)
 FockNGrueven           :: Allocs=38,  DeAllocs=36, 278940 bytes are presently allocated.
                           A max of 1094040 bytes were allocated.
>-Exiting FockNGrueven 12/09/04 @ 18:12:46-<
<<Entering DIIS 12/09/04 @ 18:12:46>>
 DIIS                   :: Cond# = 0.33D+08, MIN(E) = 0.90D+00
 DIIS : Pulay C1        :: DIISCo = 0.10D+01, 0.93D-04, -.42D-02,
                                    0.37D-02, 0.37D-03
 DIIS                   :: F_DIIS[5] CheckSum  = 0.4489218641316466D+02
 DIIS                   :: CPU (Sec,MFLOPS) = (0.16D+01, 313),
                           WALL(Sec,MFLOPS) = (0.16D+01, 311)
 DIIS                   :: Allocs=229,  DeAllocs=226, 96 bytes are presently allocated.
                           A max of 1411344 bytes were allocated.
>-Exiting DIIS 12/09/04 @ 18:12:48-<
<<Entering RHEqs 12/09/04 @ 18:12:48>>
 RHEqs                  :: HOMO = -.20379937D+00, LUMO = -.18554644D+00
 RHEqs                  :: OrthoP[6] CheckSum  = 0.7483314773547880D+01
 RHEqs                  :: P[6] CheckSum  = 0.9935322894759060D+04
 RHEqs                  :: CPU (Sec,MFLOPS) = (0.20D+00, 121),
                           WALL(Sec,MFLOPS) = (0.20D+00, 121)
 RHEqs                  :: Allocs=28,  DeAllocs=28, 529648 bytes are presently allocated.
                           A max of 1368040 bytes were allocated.
>-Exiting RHEqs 12/09/04 @ 18:12:48-<
<<Entering SCFStatus 12/09/04 @ 18:12:48>>
 
= = = = = SCFCycle #5, Basis #2, Geometry #1 = = = = =

       Gap     = 0.18D-01
       DIISErr = 0.15D+02
       MaxDelD = 0.19D+01
       <T>     = 0.55199563D+03
       <V>     = -.10072659D+04
       <HF>    = -.21633282D+04
       <SCF>   = -2618.59852658

 SCFStatus              :: CPU (Sec,MFLOPS) = (0.50D-01, 6),
                           WALL(Sec,MFLOPS) = (0.50D-01, 6)
 SCFStatus              :: Allocs=13,  DeAllocs=15, -336 bytes are presently allocated.
                           A max of 838044 bytes were allocated.
>-Exiting SCFStatus 12/09/04 @ 18:12:48-<
 DIIS oscillation
<<Entering MakeRho 12/09/04 @ 18:12:48>>
 MakeRho : Pruned Rho   :: dNel = 0.17D-09, kept 87% of distributions.
 MakeRho : Moments      :: <r> = (0.18D+04, 0.77D-01, -.34D-05), <r^2> = 0.28D+04
 MakeRho                :: Rho CheckSum  = 0.3247151914827323D+04
 MakeRho                :: CPU Sec = 0.29D+00, WALL Sec = 0.30D+00
 MakeRho                :: Allocs=98,  DeAllocs=98, -264 bytes are presently allocated.
                           A max of 3645516 bytes were allocated.
>-Exiting MakeRho 12/09/04 @ 18:12:49-<
<<Entering QCTC 12/09/04 @ 18:12:49>>
 OverRide is On: Ell ==>   7 PFFMaxEll ==>  16
 QCTC                   :: J[6] CheckSum  = 0.9463017106513206D+02
 QCTC : 1-D periodics   :: MxL = 16, PAC Cells = 5, MAC Cells = 9
 QCTC : FF Energy       :: <FF> = -.3526379100176287D+02
 QCTC                   :: CPU Sec = 0.20D+03, WALL Sec = 0.20D+03
 QCTC                   :: Allocs=244721,  DeAllocs=69, 65446824 bytes are presently allocated.
                           A max of 67796424 bytes were allocated.
>-Exiting QCTC 12/09/04 @ 18:16:06-<
<<Entering ONX2 12/09/04 @ 18:16:06>>
 ONX2                   :: Kx[6] CheckSum  = 0.3065709134806371D+02
 ONX2                   :: CPU Sec = 0.10D+03, WALL Sec = 0.10D+03
 ONX2                   :: Allocs=90,  DeAllocs=92, -336 bytes are presently allocated.
                           A max of 580252 bytes were allocated.
>-Exiting ONX2 12/09/04 @ 18:17:50-<
<<Entering FockNGrueven 12/09/04 @ 18:17:50>>
 FockNGrueven           :: F[6] CheckSum  = 0.5952099663461319D+02
 FockNGrueven           :: OrthoF[6] CheckSum  = 0.5714153958352665D+04
 FockNGrueven           :: CPU (Sec,MFLOPS) = (0.12D+00, 202),
                           WALL(Sec,MFLOPS) = (0.13D+00, 186)
 FockNGrueven           :: Allocs=38,  DeAllocs=36, 278940 bytes are presently allocated.
                           A max of 1094040 bytes were allocated.
>-Exiting FockNGrueven 12/09/04 @ 18:17:50-<
<<Entering DIIS 12/09/04 @ 18:17:50>>
 DIIS                   :: Cond# = 0.41D+08, MIN(E) = 0.90D+00
 DIIS : Pulay C1        :: DIISCo = 0.10D+01, 0.44D-03, -.43D-02,
                                    0.40D-02, 0.86D-03, -.11D-02
 DIIS                   :: F_DIIS[6] CheckSum  = 0.4489256173338833D+02
 DIIS                   :: CPU (Sec,MFLOPS) = (0.21D+01, 322),
                           WALL(Sec,MFLOPS) = (0.21D+01, 318)
 DIIS                   :: Allocs=292,  DeAllocs=289, 200 bytes are presently allocated.
                           A max of 1411448 bytes were allocated.
>-Exiting DIIS 12/09/04 @ 18:17:53-<
<<Entering RHEqs 12/09/04 @ 18:17:53>>
 RHEqs                  :: HOMO = -.20379915D+00, LUMO = -.18560866D+00
 RHEqs                  :: OrthoP[7] CheckSum  = 0.7483314773547886D+01
 RHEqs                  :: P[7] CheckSum  = 0.9937786467979759D+04
 RHEqs                  :: CPU (Sec,MFLOPS) = (0.20D+00, 121),
                           WALL(Sec,MFLOPS) = (0.20D+00, 121)
 RHEqs                  :: Allocs=28,  DeAllocs=28, 529648 bytes are presently allocated.
                           A max of 1368040 bytes were allocated.
>-Exiting RHEqs 12/09/04 @ 18:17:53-<
<<Entering SCFStatus 12/09/04 @ 18:17:53>>
 
= = = = = SCFCycle #6, Basis #2, Geometry #1 = = = = =

       Gap     = 0.18D-01
       DIISErr = 0.15D+02
       MaxDelD = 0.23D+01
       <T>     = 0.55199476D+03
       <V>     = -.10072660D+04
       <HF>    = -.21648951D+04
       <SCF>   = -2620.16633987

 SCFStatus              :: CPU (Sec,MFLOPS) = (0.40D-01, 8),
                           WALL(Sec,MFLOPS) = (0.40D-01, 8)
 SCFStatus              :: Allocs=13,  DeAllocs=15, -336 bytes are presently allocated.
                           A max of 838044 bytes were allocated.
>-Exiting SCFStatus 12/09/04 @ 18:17:53-<
<<Entering MakeRho 12/09/04 @ 18:17:53>>
 MakeRho : Pruned Rho   :: dNel = 0.15D-09, kept 87% of distributions.
 MakeRho : Moments      :: <r> = (0.18D+04, 0.81D-01, -.34D-05), <r^2> = 0.28D+04
 MakeRho                :: Rho CheckSum  = 0.3247239572683023D+04
 MakeRho                :: CPU Sec = 0.29D+00, WALL Sec = 0.29D+00
 MakeRho                :: Allocs=98,  DeAllocs=98, -264 bytes are presently allocated.
                           A max of 3645516 bytes were allocated.
>-Exiting MakeRho 12/09/04 @ 18:17:53-<
<<Entering QCTC 12/09/04 @ 18:17:53>>
 OverRide is On: Ell ==>   7 PFFMaxEll ==>  16
 QCTC                   :: J[7] CheckSum  = 0.9463070228661523D+02
 QCTC : 1-D periodics   :: MxL = 16, PAC Cells = 5, MAC Cells = 9
 QCTC : FF Energy       :: <FF> = -.3535536808967005D+02
 QCTC                   :: CPU Sec = 0.20D+03, WALL Sec = 0.20D+03
 QCTC                   :: Allocs=244861,  DeAllocs=69, 65482728 bytes are presently allocated.
                           A max of 67833328 bytes were allocated.
>-Exiting QCTC 12/09/04 @ 18:21:11-<
<<Entering ONX2 12/09/04 @ 18:21:11>>
 ONX2                   :: Kx[7] CheckSum  = 0.3064487288614127D+02
 ONX2                   :: CPU Sec = 0.10D+03, WALL Sec = 0.10D+03
 ONX2                   :: Allocs=90,  DeAllocs=92, -336 bytes are presently allocated.
                           A max of 580252 bytes were allocated.
>-Exiting ONX2 12/09/04 @ 18:22:56-<
<<Entering FockNGrueven 12/09/04 @ 18:22:56>>
 FockNGrueven           :: F[7] CheckSum  = 0.5951534336928211D+02
 FockNGrueven           :: OrthoF[7] CheckSum  = 0.5713249924034980D+04
 FockNGrueven           :: CPU (Sec,MFLOPS) = (0.12D+00, 202),
                           WALL(Sec,MFLOPS) = (0.12D+00, 202)
 FockNGrueven           :: Allocs=38,  DeAllocs=36, 278940 bytes are presently allocated.
                           A max of 1094040 bytes were allocated.
>-Exiting FockNGrueven 12/09/04 @ 18:22:56-<
<<Entering DIIS 12/09/04 @ 18:22:56>>
 DIIS                   :: Cond# = 0.49D+08, MIN(E) = 0.90D+00
 DIIS : Pulay C1        :: DIISCo = 0.10D+01, -.65D-03, -.48D-02,
                                    0.44D-02, 0.58D-02, -.11D-01, 0.64D-02
 DIIS                   :: F_DIIS[7] CheckSum  = 0.4489259142501265D+02
 DIIS                   :: CPU (Sec,MFLOPS) = (0.25D+01, 343),
                           WALL(Sec,MFLOPS) = (0.25D+01, 343)
 DIIS                   :: Allocs=364,  DeAllocs=361, 320 bytes are presently allocated.
                           A max of 1411568 bytes were allocated.
>-Exiting DIIS 12/09/04 @ 18:22:58-<
<<Entering RHEqs 12/09/04 @ 18:22:58>>
 RHEqs                  :: HOMO = -.20379848D+00, LUMO = -.18496281D+00
 RHEqs                  :: OrthoP[8] CheckSum  = 0.7483314773547884D+01
 RHEqs                  :: P[8] CheckSum  = 0.9890024452565816D+04
 RHEqs                  :: CPU (Sec,MFLOPS) = (0.20D+00, 121),
                           WALL(Sec,MFLOPS) = (0.20D+00, 121)
 RHEqs                  :: Allocs=28,  DeAllocs=28, 529648 bytes are presently allocated.
                           A max of 1368040 bytes were allocated.
>-Exiting RHEqs 12/09/04 @ 18:22:59-<
<<Entering SCFStatus 12/09/04 @ 18:22:59>>
 
= = = = = SCFCycle #7, Basis #2, Geometry #1 = = = = =

       Gap     = 0.19D-01
       DIISErr = 0.15D+02
       MaxDelD = 0.20D+02
       <T>     = 0.55199538D+03
       <V>     = -.10072664D+04
       <HF>    = -.21630464D+04
       <SCF>   = -2618.31737860

 SCFStatus              :: CPU (Sec,MFLOPS) = (0.50D-01, 6),
                           WALL(Sec,MFLOPS) = (0.50D-01, 6)
 SCFStatus              :: Allocs=13,  DeAllocs=15, -336 bytes are presently allocated.
                           A max of 838044 bytes were allocated.
>-Exiting SCFStatus 12/09/04 @ 18:22:59-<
<<Entering MakeRho 12/09/04 @ 18:22:59>>
 MakeRho : Pruned Rho   :: dNel = 0.18D-09, kept 87% of distributions.
 MakeRho : Moments      :: <r> = (0.18D+04, 0.71D-01, -.34D-05), <r^2> = 0.28D+04
 MakeRho                :: Rho CheckSum  = 0.3234034577770380D+04
 MakeRho                :: CPU Sec = 0.30D+00, WALL Sec = 0.29D+00
 MakeRho                :: Allocs=98,  DeAllocs=98, -264 bytes are presently allocated.
                           A max of 3645516 bytes were allocated.
>-Exiting MakeRho 12/09/04 @ 18:22:59-<
<<Entering QCTC 12/09/04 @ 18:22:59>>
 OverRide is On: Ell ==>   7 PFFMaxEll ==>  16
 QCTC                   :: J[8] CheckSum  = 0.9463082253276366D+02
 QCTC : 1-D periodics   :: MxL = 16, PAC Cells = 5, MAC Cells = 9
 QCTC : FF Energy       :: <FF> = -.3526154712752660D+02
 QCTC                   :: CPU Sec = 0.20D+03, WALL Sec = 0.20D+03
 QCTC                   :: Allocs=244821,  DeAllocs=69, 65471720 bytes are presently allocated.
                           A max of 67821856 bytes were allocated.
>-Exiting QCTC 12/09/04 @ 18:26:17-<
<<Entering ONX2 12/09/04 @ 18:26:17>>
 ONX2                   :: Kx[8] CheckSum  = 0.3055924082816756D+02
 ONX2                   :: CPU Sec = 0.10D+03, WALL Sec = 0.10D+03
 ONX2                   :: Allocs=90,  DeAllocs=92, -336 bytes are presently allocated.
                           A max of 580252 bytes were allocated.
>-Exiting ONX2 12/09/04 @ 18:28:02-<
<<Entering FockNGrueven 12/09/04 @ 18:28:02>>
 FockNGrueven           :: F[8] CheckSum  = 0.5947158386756799D+02
 FockNGrueven           :: OrthoF[8] CheckSum  = 0.5684115022547880D+04
 FockNGrueven           :: CPU (Sec,MFLOPS) = (0.12D+00, 202),
                           WALL(Sec,MFLOPS) = (0.12D+00, 202)
 FockNGrueven           :: Allocs=38,  DeAllocs=36, 278940 bytes are presently allocated.
                           A max of 1094040 bytes were allocated.
>-Exiting FockNGrueven 12/09/04 @ 18:28:03-<
<<Entering DIIS 12/09/04 @ 18:28:03>>
 DIIS                   :: Cond# = 0.57D+08, MIN(E) = 0.90D+00
 DIIS : Pulay C1        :: DIISCo = 0.10D+01, -.59D-03, -.43D-02,
                                    0.47D-02, 0.46D-02, -.88D-02, 0.52D-02, -.77D-03
 DIIS                   :: F_DIIS[8] CheckSum  = 0.4489256707942235D+02
 DIIS                   :: CPU (Sec,MFLOPS) = (0.33D+01, 329),
                           WALL(Sec,MFLOPS) = (0.33D+01, 329)
 DIIS                   :: Allocs=445,  DeAllocs=442, 456 bytes are presently allocated.
                           A max of 1411704 bytes were allocated.
>-Exiting DIIS 12/09/04 @ 18:28:06-<
<<Entering RHEqs 12/09/04 @ 18:28:06>>
 RHEqs                  :: HOMO = -.20379858D+00, LUMO = -.18492972D+00
 RHEqs                  :: OrthoP[9] CheckSum  = 0.7483314773547882D+01
 RHEqs                  :: P[9] CheckSum  = 0.9885479288831772D+04
 RHEqs                  :: CPU (Sec,MFLOPS) = (0.19D+00, 127),
                           WALL(Sec,MFLOPS) = (0.20D+00, 121)
 RHEqs                  :: Allocs=28,  DeAllocs=28, 529648 bytes are presently allocated.
                           A max of 1368040 bytes were allocated.
>-Exiting RHEqs 12/09/04 @ 18:28:06-<
<<Entering SCFStatus 12/09/04 @ 18:28:06>>
 
= = = = = SCFCycle #8, Basis #2, Geometry #1 = = = = =

       Gap     = 0.19D-01
       DIISErr = 0.15D+02
       MaxDelD = 0.19D+01
       <T>     = 0.55198152D+03
       <V>     = -.10072649D+04
       <HF>    = -.21265035D+04
       <SCF>   = -2581.78690414

 SCFStatus              :: CPU (Sec,MFLOPS) = (0.50D-01, 6),
                           WALL(Sec,MFLOPS) = (0.40D-01, 8)
 SCFStatus              :: Allocs=13,  DeAllocs=15, -336 bytes are presently allocated.
                           A max of 838044 bytes were allocated.
>-Exiting SCFStatus 12/09/04 @ 18:28:06-<
 DIIS oscillation
<<Entering MakeRho 12/09/04 @ 18:28:06>>
 MakeRho : Pruned Rho   :: dNel = 0.17D-09, kept 87% of distributions.
 MakeRho : Moments      :: <r> = (0.18D+04, 0.71D-01, -.34D-05), <r^2> = 0.28D+04
 MakeRho                :: Rho CheckSum  = 0.3233049409346422D+04
 MakeRho                :: CPU Sec = 0.28D+00, WALL Sec = 0.30D+00
 MakeRho                :: Allocs=98,  DeAllocs=98, -264 bytes are presently allocated.
                           A max of 3645516 bytes were allocated.
>-Exiting MakeRho 12/09/04 @ 18:28:07-<
<<Entering QCTC 12/09/04 @ 18:28:07>>
 OverRide is On: Ell ==>   7 PFFMaxEll ==>  16
 QCTC                   :: J[9] CheckSum  = 0.9463079974990438D+02
 QCTC : 1-D periodics   :: MxL = 16, PAC Cells = 5, MAC Cells = 9
 QCTC : FF Energy       :: <FF> = -.3521272351764637D+02
 QCTC                   :: CPU Sec = 0.20D+03, WALL Sec = 0.20D+03
 QCTC                   :: Allocs=244821,  DeAllocs=69, 65471720 bytes are presently allocated.
                           A max of 67821856 bytes were allocated.
>-Exiting QCTC 12/09/04 @ 18:31:24-<
<<Entering ONX2 12/09/04 @ 18:31:24>>
 ONX2                   :: Kx[9] CheckSum  = 0.3055378359296453D+02
 ONX2                   :: CPU Sec = 0.10D+03, WALL Sec = 0.10D+03
 ONX2                   :: Allocs=90,  DeAllocs=92, -336 bytes are presently allocated.
                           A max of 580252 bytes were allocated.
>-Exiting ONX2 12/09/04 @ 18:33:09-<
<<Entering FockNGrueven 12/09/04 @ 18:33:09>>
 FockNGrueven           :: F[9] CheckSum  = 0.5946876808567966D+02
 FockNGrueven           :: OrthoF[9] CheckSum  = 0.5682505880349768D+04
 FockNGrueven           :: CPU (Sec,MFLOPS) = (0.12D+00, 202),
                           WALL(Sec,MFLOPS) = (0.12D+00, 202)
 FockNGrueven           :: Allocs=38,  DeAllocs=36, 278940 bytes are presently allocated.
                           A max of 1094040 bytes were allocated.
>-Exiting FockNGrueven 12/09/04 @ 18:33:09-<
<<Entering DIIS 12/09/04 @ 18:33:09>>
 DIIS                   :: Cond# = 0.27D+15, MIN(E) = 0.22D-06
 DIIS : Pulay C1        :: DIISCo = 0.37D+00, 0.61D+02, 0.22D+02,
                                    -.49D+02, 0.69D+02, -.26D+02, -.69D+03, 0.62D+03
 DIIS                   :: F_DIIS[9] CheckSum  = 0.3362164912597001D+04
 DIIS                   :: CPU (Sec,MFLOPS) = (0.32D+01, 340),
                           WALL(Sec,MFLOPS) = (0.32D+01, 340)
 DIIS                   :: Allocs=445,  DeAllocs=442, 456 bytes are presently allocated.
                           A max of 1411704 bytes were allocated.
>-Exiting DIIS 12/09/04 @ 18:33:12-<
<<Entering RHEqs 12/09/04 @ 18:33:12>>
 RHEqs                  :: HOMO = -.53666052D+00, LUMO = -.53021437D+00
 RHEqs                  :: OrthoP[10] CheckSum  = 0.7483314773547883D+01
 RHEqs                  :: P[10] CheckSum  = 0.1234111932888686D+05
 RHEqs                  :: CPU (Sec,MFLOPS) = (0.19D+00, 127),
                           WALL(Sec,MFLOPS) = (0.19D+00, 127)
 RHEqs                  :: Allocs=28,  DeAllocs=28, 529648 bytes are presently allocated.
                           A max of 1368040 bytes were allocated.
>-Exiting RHEqs 12/09/04 @ 18:33:12-<
<<Entering SCFStatus 12/09/04 @ 18:33:12>>
 
= = = = = SCFCycle #9, Basis #2, Geometry #1 = = = = =

       Gap     = 0.64D-02
       DIISErr = 0.15D+02
       MaxDelD = 0.12D+04
       <T>     = 0.55198049D+03
       <V>     = -.10072648D+04
       <HF>    = -.21254306D+04
       <SCF>   = -2580.71498817

 SCFStatus              :: CPU (Sec,MFLOPS) = (0.50D-01, 6),
                           WALL(Sec,MFLOPS) = (0.50D-01, 6)
 SCFStatus              :: Allocs=13,  DeAllocs=15, -336 bytes are presently allocated.
                           A max of 838044 bytes were allocated.
>-Exiting SCFStatus 12/09/04 @ 18:33:12-<
<<Entering MakeRho 12/09/04 @ 18:33:13>>
 MakeRho : Pruned Rho   :: dNel = 0.73D-10, kept 91% of distributions.
 MakeRho : Moments      :: <r> = (0.17D+04, 0.17D+01, -.46D-04), <r^2> = 0.21D+04
 MakeRho                :: Rho CheckSum  = 0.4521994984442308D+04
 MakeRho                :: CPU Sec = 0.30D+00, WALL Sec = 0.30D+00
 MakeRho                :: Allocs=98,  DeAllocs=98, -264 bytes are presently allocated.
                           A max of 3652992 bytes were allocated.
>-Exiting MakeRho 12/09/04 @ 18:33:13-<
<<Entering QCTC 12/09/04 @ 18:33:13>>
 OverRide is On: Ell ==>   7 PFFMaxEll ==>  16
 QCTC                   :: J[10] CheckSum  = 0.1002442185329941D+03
 QCTC : 1-D periodics   :: MxL = 16, PAC Cells = 5, MAC Cells = 9
 QCTC : FF Energy       :: <FF> = -.2958950044156074D+02
 QCTC                   :: CPU Sec = 0.21D+03, WALL Sec = 0.21D+03
 QCTC                   :: Allocs=253281,  DeAllocs=69, 67706504 bytes are presently allocated.
                           A max of 70132792 bytes were allocated.
>-Exiting QCTC 12/09/04 @ 18:36:40-<
<<Entering ONX2 12/09/04 @ 18:36:40>>
 ONX2                   :: Kx[10] CheckSum  = 0.2988659315017555D+02
 ONX2                   :: CPU Sec = 0.11D+03, WALL Sec = 0.11D+03
 ONX2                   :: Allocs=90,  DeAllocs=92, -336 bytes are presently allocated.
                           A max of 580252 bytes were allocated.
>-Exiting ONX2 12/09/04 @ 18:38:34-<
<<Entering FockNGrueven 12/09/04 @ 18:38:34>>
 FockNGrueven           :: F[10] CheckSum  = 0.6589683712445824D+02
 FockNGrueven           :: OrthoF[10] CheckSum  = 0.9482337258243315D+04
 FockNGrueven           :: CPU (Sec,MFLOPS) = (0.12D+00, 202),
                           WALL(Sec,MFLOPS) = (0.12D+00, 202)
 FockNGrueven           :: Allocs=38,  DeAllocs=36, 278940 bytes are presently allocated.
                           A max of 1093720 bytes were allocated.
>-Exiting FockNGrueven 12/09/04 @ 18:38:34-<
<<Entering DIIS 12/09/04 @ 18:38:34>>
 DIIS                   :: Cond# = 0.20D+15, MIN(E) = 0.29D-06
 DIIS : Pulay C1        :: DIISCo = 0.40D+02, 0.19D+02, -.55D+02,
                                    0.88D+02, -.42D+02, -.39D+03, 0.34D+03, 0.20D+00
 DIIS                   :: F_DIIS[10] CheckSum  = 0.4653950792820679D+04
 DIIS                   :: CPU (Sec,MFLOPS) = (0.33D+01, 326),
                           WALL(Sec,MFLOPS) = (0.33D+01, 326)
 DIIS                   :: Allocs=445,  DeAllocs=442, 456 bytes are presently allocated.
                           A max of 1411704 bytes were allocated.
>-Exiting DIIS 12/09/04 @ 18:38:38-<
<<Entering RHEqs 12/09/04 @ 18:38:38>>
 RHEqs                  :: HOMO = -.55958722D+00, LUMO = -.53026372D+00
 RHEqs                  :: OrthoP[11] CheckSum  = 0.7483314773547883D+01
 RHEqs                  :: P[11] CheckSum  = 0.1279055111589500D+05
 RHEqs                  :: CPU (Sec,MFLOPS) = (0.18D+00, 134),
                           WALL(Sec,MFLOPS) = (0.20D+00, 121)
 RHEqs                  :: Allocs=28,  DeAllocs=28, 529648 bytes are presently allocated.
                           A max of 1368040 bytes were allocated.
>-Exiting RHEqs 12/09/04 @ 18:38:38-<
<<Entering SCFStatus 12/09/04 @ 18:38:38>>
 
= = = = = SCFCycle #10, Basis #2, Geometry #1 = = = = =

       Gap     = 0.29D-01
       DIISErr = 0.30D+02
       MaxDelD = 0.17D+03
       <T>     = 0.57401071D+03
       <V>     = -.99085369D+03
       <HF>    = -.43221320D+04
       <SCF>   = -4738.97494016

 SCFStatus              :: CPU (Sec,MFLOPS) = (0.40D-01, 8),
                           WALL(Sec,MFLOPS) = (0.40D-01, 8)
 SCFStatus              :: Allocs=13,  DeAllocs=15, -336 bytes are presently allocated.
                           A max of 838044 bytes were allocated.
>-Exiting SCFStatus 12/09/04 @ 18:38:38-<
<<Entering MakeRho 12/09/04 @ 18:38:38>>
 MakeRho : Pruned Rho   :: dNel = 0.11D-09, kept 90% of distributions.
 MakeRho : Moments      :: <r> = (0.18D+04, 0.27D+01, -.42D-04), <r^2> = 0.27D+04
 MakeRho                :: Rho CheckSum  = 0.4634310515095422D+04
 MakeRho                :: CPU Sec = 0.30D+00, WALL Sec = 0.30D+00
 MakeRho                :: Allocs=98,  DeAllocs=98, -264 bytes are presently allocated.
                           A max of 3646992 bytes were allocated.
>-Exiting MakeRho 12/09/04 @ 18:38:39-<
<<Entering QCTC 12/09/04 @ 18:38:39>>
 OverRide is On: Ell ==>   7 PFFMaxEll ==>  16
 QCTC                   :: J[11] CheckSum  = 0.9854896788084980D+02
 QCTC : 1-D periodics   :: MxL = 16, PAC Cells = 5, MAC Cells = 9
 QCTC : FF Energy       :: <FF> = -.3524163332335107D+02
 QCTC                   :: CPU Sec = 0.21D+03, WALL Sec = 0.21D+03
 QCTC                   :: Allocs=252801,  DeAllocs=69, 67576776 bytes are presently allocated.
                           A max of 69997976 bytes were allocated.
>-Exiting QCTC 12/09/04 @ 18:42:04-<
<<Entering ONX2 12/09/04 @ 18:42:05>>
 ONX2                   :: Kx[11] CheckSum  = 0.3225178909098202D+02
 ONX2                   :: CPU Sec = 0.11D+03, WALL Sec = 0.11D+03
 ONX2                   :: Allocs=90,  DeAllocs=92, -336 bytes are presently allocated.
                           A max of 580252 bytes were allocated.
>-Exiting ONX2 12/09/04 @ 18:43:58-<
<<Entering FockNGrueven 12/09/04 @ 18:43:58>>
 FockNGrueven           :: F[11] CheckSum  = 0.6461897737575373D+02
 FockNGrueven           :: OrthoF[11] CheckSum  = 0.9838838645338032D+04
 FockNGrueven           :: CPU (Sec,MFLOPS) = (0.12D+00, 202),
                           WALL(Sec,MFLOPS) = (0.13D+00, 186)
 FockNGrueven           :: Allocs=38,  DeAllocs=36, 278940 bytes are presently allocated.
                           A max of 1093880 bytes were allocated.
>-Exiting FockNGrueven 12/09/04 @ 18:43:59-<
<<Entering DIIS 12/09/04 @ 18:43:59>>
 DIIS                   :: Cond# = 0.12D+15, MIN(E) = 0.45D-06
 DIIS : Pulay C1        :: DIISCo = -.82D+01, -.92D+00, -.64D+01,
                                    0.63D+01, 0.38D+02, -.29D+02, -.25D+00, 0.82D+00
 DIIS                   :: F_DIIS[11] CheckSum  = 0.7912393608408666D+04
 DIIS                   :: CPU (Sec,MFLOPS) = (0.33D+01, 331),
                           WALL(Sec,MFLOPS) = (0.33D+01, 331)
 DIIS                   :: Allocs=445,  DeAllocs=442, 456 bytes are presently allocated.
                           A max of 1411704 bytes were allocated.
>-Exiting DIIS 12/09/04 @ 18:44:02-<
<<Entering RHEqs 12/09/04 @ 18:44:02>>
 RHEqs                  :: HOMO = -.61944078D+00, LUMO = -.61663721D+00
 RHEqs                  :: OrthoP[12] CheckSum  = 0.7483314773547883D+01
 RHEqs                  :: P[12] CheckSum  = 0.1326782349939476D+05
 RHEqs                  :: CPU (Sec,MFLOPS) = (0.19D+00, 127),
                           WALL(Sec,MFLOPS) = (0.19D+00, 127)
 RHEqs                  :: Allocs=28,  DeAllocs=28, 529648 bytes are presently allocated.
                           A max of 1368040 bytes were allocated.
>-Exiting RHEqs 12/09/04 @ 18:44:02-<
<<Entering SCFStatus 12/09/04 @ 18:44:02>>
 
= = = = = SCFCycle #11, Basis #2, Geometry #1 = = = = =

       Gap     = 0.28D-02
       DIISErr = 0.16D+02
       MaxDelD = 0.17D+03
       <T>     = 0.57818437D+03
       <V>     = -.99443156D+03
       <HF>    = -.76146897D+04
       <SCF>   = -8030.93693311

 SCFStatus              :: CPU (Sec,MFLOPS) = (0.40D-01, 8),
                           WALL(Sec,MFLOPS) = (0.40D-01, 8)
 SCFStatus              :: Allocs=13,  DeAllocs=15, -336 bytes are presently allocated.
                           A max of 838044 bytes were allocated.
>-Exiting SCFStatus 12/09/04 @ 18:44:02-<
<<Entering MakeRho 12/09/04 @ 18:44:02>>
 MakeRho : Pruned Rho   :: dNel = 0.56D-10, kept 91% of distributions.
 MakeRho : Moments      :: <r> = (0.20D+04, -.13D+01, 0.12D-04), <r^2> = 0.22D+04
 MakeRho                :: Rho CheckSum  = 0.4755537429318550D+04
 MakeRho                :: CPU Sec = 0.29D+00, WALL Sec = 0.29D+00
 MakeRho                :: Allocs=98,  DeAllocs=98, -264 bytes are presently allocated.
                           A max of 3661600 bytes were allocated.
>-Exiting MakeRho 12/09/04 @ 18:44:03-<
<<Entering QCTC 12/09/04 @ 18:44:03>>
 OverRide is On: Ell ==>   7 PFFMaxEll ==>  16
 QCTC                   :: J[12] CheckSum  = 0.1095789796400690D+03
 QCTC : 1-D periodics   :: MxL = 16, PAC Cells = 5, MAC Cells = 9
 QCTC : FF Energy       :: <FF> = -.4389200437147385D+02
 QCTC                   :: CPU Sec = 0.21D+03, WALL Sec = 0.21D+03
 QCTC                   :: Allocs=254081,  DeAllocs=69, 67914120 bytes are presently allocated.
                           A max of 70346712 bytes were allocated.
>-Exiting QCTC 12/09/04 @ 18:47:28-<
<<Entering ONX2 12/09/04 @ 18:47:28>>
 ONX2                   :: Kx[12] CheckSum  = 0.3365201663711835D+02
 ONX2                   :: CPU Sec = 0.11D+03, WALL Sec = 0.11D+03
 ONX2                   :: Allocs=90,  DeAllocs=92, -336 bytes are presently allocated.
                           A max of 580252 bytes were allocated.
>-Exiting ONX2 12/09/04 @ 18:49:22-<
<<Entering FockNGrueven 12/09/04 @ 18:49:22>>
 FockNGrueven           :: F[12] CheckSum  = 0.7884555330249222D+02
 FockNGrueven           :: OrthoF[12] CheckSum  = 0.9983934035828595D+04
 FockNGrueven           :: CPU (Sec,MFLOPS) = (0.12D+00, 202),
                           WALL(Sec,MFLOPS) = (0.13D+00, 186)
 FockNGrueven           :: Allocs=38,  DeAllocs=36, 278940 bytes are presently allocated.
                           A max of 1094840 bytes were allocated.
>-Exiting FockNGrueven 12/09/04 @ 18:49:23-<
<<Entering DIIS 12/09/04 @ 18:49:23>>
 DIIS                   :: Cond# = 0.24D+14, MIN(E) = 0.21D-05
 DIIS : Pulay C1        :: DIISCo = -.62D+01, 0.18D+02, -.10D+02,
                                    0.22D+02, -.23D+02, -.11D+00, -.70D-01, 0.11D+01
 DIIS                   :: F_DIIS[12] CheckSum  = 0.9968482913877880D+04
 DIIS                   :: CPU (Sec,MFLOPS) = (0.36D+01, 300),
                           WALL(Sec,MFLOPS) = (0.36D+01, 300)
 DIIS                   :: Allocs=445,  DeAllocs=442, 456 bytes are presently allocated.
                           A max of 1411704 bytes were allocated.
>-Exiting DIIS 12/09/04 @ 18:49:26-<
<<Entering RHEqs 12/09/04 @ 18:49:26>>
 RHEqs                  :: HOMO = -.16749758D+01, LUMO = -.16159244D+01
 RHEqs                  :: OrthoP[13] CheckSum  = 0.7483314773547884D+01
 RHEqs                  :: P[13] CheckSum  = 0.1350237713483844D+05
 RHEqs                  :: CPU (Sec,MFLOPS) = (0.20D+00, 121),
                           WALL(Sec,MFLOPS) = (0.20D+00, 121)
 RHEqs                  :: Allocs=28,  DeAllocs=28, 529648 bytes are presently allocated.
                           A max of 1368040 bytes were allocated.
>-Exiting RHEqs 12/09/04 @ 18:49:27-<
<<Entering SCFStatus 12/09/04 @ 18:49:27>>
 
= = = = = SCFCycle #12, Basis #2, Geometry #1 = = = = =

       Gap     = 0.59D-01
       DIISErr = 0.60D+01
       MaxDelD = 0.91D+02
       <T>     = 0.58970144D+03
       <V>     = -.96858630D+03
       <HF>    = -.87222757D+04
       <SCF>   = -9101.16060164

 SCFStatus              :: CPU (Sec,MFLOPS) = (0.50D-01, 6),
                           WALL(Sec,MFLOPS) = (0.50D-01, 6)
 SCFStatus              :: Allocs=13,  DeAllocs=15, -336 bytes are presently allocated.
                           A max of 838044 bytes were allocated.
>-Exiting SCFStatus 12/09/04 @ 18:49:27-<
<<Entering MakeRho 12/09/04 @ 18:49:27>>
 MakeRho : Pruned Rho   :: dNel = 0.32D-10, kept 91% of distributions.
 MakeRho : Moments      :: <r> = (0.18D+04, 0.15D+02, -.20D-05), <r^2> = 0.42D+04
 MakeRho                :: Rho CheckSum  = 0.4815269574877330D+04
 MakeRho                :: CPU Sec = 0.24D+00, WALL Sec = 0.31D+00
 MakeRho                :: Allocs=98,  DeAllocs=98, -264 bytes are presently allocated.
                           A max of 3660552 bytes were allocated.
>-Exiting MakeRho 12/09/04 @ 18:49:27-<
<<Entering QCTC 12/09/04 @ 18:49:27>>
 OverRide is On: Ell ==>   7 PFFMaxEll ==>  16
 QCTC                   :: J[13] CheckSum  = 0.1415285693468013D+03
 QCTC : 1-D periodics   :: MxL = 16, PAC Cells = 5, MAC Cells = 9
 QCTC : FF Energy       :: <FF> = -.3666867287842075D+02
 QCTC                   :: CPU Sec = 0.21D+03, WALL Sec = 0.21D+03
 QCTC                   :: Allocs=253821,  DeAllocs=69, 67850856 bytes are presently allocated.
                           A max of 70282352 bytes were allocated.
>-Exiting QCTC 12/09/04 @ 18:52:53-<
<<Entering ONX2 12/09/04 @ 18:52:53>>
 ONX2                   :: Kx[13] CheckSum  = 0.3494399130196584D+02
 ONX2                   :: CPU Sec = 0.12D+03, WALL Sec = 0.12D+03
 ONX2                   :: Allocs=90,  DeAllocs=92, -336 bytes are presently allocated.
                           A max of 580252 bytes were allocated.
>-Exiting ONX2 12/09/04 @ 18:54:49-<
<<Entering FockNGrueven 12/09/04 @ 18:54:49>>
 FockNGrueven           :: F[13] CheckSum  = 0.1136433979546510D+03
 FockNGrueven           :: OrthoF[13] CheckSum  = 0.9968981205226621D+04
 FockNGrueven           :: CPU (Sec,MFLOPS) = (0.12D+00, 202),
                           WALL(Sec,MFLOPS) = (0.12D+00, 202)
 FockNGrueven           :: Allocs=38,  DeAllocs=36, 278940 bytes are presently allocated.
                           A max of 1097272 bytes were allocated.
>-Exiting FockNGrueven 12/09/04 @ 18:54:49-<
<<Entering DIIS 12/09/04 @ 18:54:49>>
 DIIS                   :: Cond# = 0.32D+13, MIN(E) = 0.14D-04
 DIIS : Pulay C1        :: DIISCo = -.10D+01, 0.12D+01, 0.17D+02,
                                    -.17D+02, 0.22D-01, -.11D+00, 0.27D+00, 0.83D+00
 DIIS                   :: F_DIIS[13] CheckSum  = 0.1000883795884660D+05
 DIIS                   :: CPU (Sec,MFLOPS) = (0.34D+01, 316),
                           WALL(Sec,MFLOPS) = (0.34D+01, 316)
 DIIS                   :: Allocs=445,  DeAllocs=442, 456 bytes are presently allocated.
                           A max of 1411704 bytes were allocated.
>-Exiting DIIS 12/09/04 @ 18:54:53-<
<<Entering RHEqs 12/09/04 @ 18:54:53>>
 RHEqs                  :: HOMO = -.22577521D+01, LUMO = -.21603203D+01
 RHEqs                  :: OrthoP[14] CheckSum  = 0.7483314773547884D+01
 RHEqs                  :: P[14] CheckSum  = 0.1356092456697563D+05
 RHEqs                  :: CPU (Sec,MFLOPS) = (0.19D+00, 127),
                           WALL(Sec,MFLOPS) = (0.19D+00, 127)
 RHEqs                  :: Allocs=28,  DeAllocs=28, 529648 bytes are presently allocated.
                           A max of 1368040 bytes were allocated.
>-Exiting RHEqs 12/09/04 @ 18:54:53-<
<<Entering SCFStatus 12/09/04 @ 18:54:53>>
 
= = = = = SCFCycle #13, Basis #2, Geometry #1 = = = = =

       Gap     = 0.97D-01
       DIISErr = 0.20D+01
       MaxDelD = 0.56D+02
       <T>     = 0.63099412D+03
       <V>     = -.84895473D+03
       <HF>    = -.88536069D+04
       <SCF>   = -9071.56746124

 SCFStatus              :: CPU (Sec,MFLOPS) = (0.40D-01, 8),
                           WALL(Sec,MFLOPS) = (0.40D-01, 8)
 SCFStatus              :: Allocs=13,  DeAllocs=15, -336 bytes are presently allocated.
                           A max of 838044 bytes were allocated.
>-Exiting SCFStatus 12/09/04 @ 18:54:53-<
 DIIS oscillation
<<Entering MakeRho 12/09/04 @ 18:54:53>>
 MakeRho : Pruned Rho   :: dNel = -.21D-10, kept 91% of distributions.
 MakeRho : Moments      :: <r> = (0.21D+04, -.56D+01, -.17D-05), <r^2> = 0.17D+04
 MakeRho                :: Rho CheckSum  = 0.4826531263073832D+04
 MakeRho                :: CPU Sec = 0.29D+00, WALL Sec = 0.29D+00
 MakeRho                :: Allocs=98,  DeAllocs=98, -264 bytes are presently allocated.
                           A max of 3671144 bytes were allocated.
>-Exiting MakeRho 12/09/04 @ 18:54:54-<
<<Entering QCTC 12/09/04 @ 18:54:54>>
