

 __    __                 _       ____________ ______ 
|  \  /  |               | |     /       /    |      |
|   \/   | ___  _ __   __| | ___/   ____/   __|  |==='
|        |/ _ \| '_ \ / _  |/ _ \____  \   (__|  ____|
|  |\/|  | (_) | | | | (_| | (_) )     /\     |  |    
|__|  |__|\___/|_| |_|\____|\___/_____/  \____|__|    

 Version 1.0 alpha 4                                  
 A program suite for O(N) SCF theory and ab initio MD 
 Matt Challacombe, Eric Schwegler, C.J. Tymczak,      
 Chee Kwan Gan, Karoly Nemeth and Anders Niklasson    
 Los Alamos National Laboratory (LA-CC 01-2)          
 Copywrite 2001, University of California.            

 Compiled for AMDLinux.PG, executing on zinc30
 a i686 machine running Linux 2.4.2-2

Water Cluster Scaling                                                                                                           
  
<<Starting MondoSCF 09/03/02 @ 12:22:15>>
 ** Auto-Wraps at default value => (Off) **
 ** Atom-Wrap at default value => (AtomWrap-Off) **
 ** Lattice Vector Format at default value => (Vector Format) **
 ** Coodinate Format at default value => (Atomic Coord) **
========================================================================
 Internal representation of the geometry:
 Geometry originally in Angstroms has been converted to AU.
 Geometry has been reordered using the Hilbert curve.
 Number of electrons = 360
------------------------------------------------------------------------
  *** Periodic is Off *** 
------------------------------------------------------------------------
 1   c    -.48745104D+01   -.13675758D+01   -.43067044D+01
 2   c    -.26616602D+01   -.22128313D+01   -.56743180D+01
 3   c    -.13675758D+01   -.43067044D+01   -.48745104D+01
 4   c    -.22128313D+01   -.56743180D+01   -.26616602D+01
 5   c    -.56743180D+01   -.26616602D+01   -.22128313D+01
 6   c    -.43067044D+01   -.48745104D+01   -.13675758D+01
 7   c    -.43067044D+01   -.48745104D+01   0.13675758D+01
 8   c    -.22128313D+01   -.56743180D+01   0.26616602D+01
 9   c    -.13675758D+01   -.43067044D+01   0.48745104D+01
 10   c    -.48745104D+01   -.13675758D+01   0.43067044D+01
 11   c    -.26616602D+01   -.22128313D+01   0.56743180D+01
 12   c    -.56743180D+01   -.26616602D+01   0.22128313D+01
 13   c    -.65195547D+01   -.12940844D+01   0.00000000D+00
 14   c    -.65195547D+01   0.12940844D+01   0.00000000D+00
 15   c    -.56743180D+01   0.26616602D+01   0.22128313D+01
 16   c    -.48745104D+01   0.13675758D+01   0.43067044D+01
 17   c    -.43067044D+01   0.48745104D+01   0.13675758D+01
 18   c    -.22128313D+01   0.56743180D+01   0.26616602D+01
 19   c    -.13675758D+01   0.43067044D+01   0.48745104D+01
 20   c    -.26616602D+01   0.22128313D+01   0.56743180D+01
 21   c    -.12940844D+01   0.00000000D+00   0.65195547D+01
 22   c    -.22128313D+01   0.56743180D+01   -.26616602D+01
 23   c    -.43067044D+01   0.48745104D+01   -.13675758D+01
 24   c    -.56743180D+01   0.26616602D+01   -.22128313D+01
 25   c    -.48745104D+01   0.13675758D+01   -.43067044D+01
 26   c    -.13675758D+01   0.43067044D+01   -.48745104D+01
 27   c    -.26616602D+01   0.22128313D+01   -.56743180D+01
 28   c    -.12940844D+01   0.00000000D+00   -.65195547D+01
 29   c    0.12940844D+01   0.00000000D+00   -.65195547D+01
 30   c    0.26616602D+01   0.22128313D+01   -.56743180D+01
 31   c    0.13675758D+01   0.43067044D+01   -.48745104D+01
 32   c    0.48745104D+01   0.13675758D+01   -.43067044D+01
 33   c    0.56743180D+01   0.26616602D+01   -.22128313D+01
 34   c    0.43067044D+01   0.48745104D+01   -.13675758D+01
 35   c    0.22128313D+01   0.56743180D+01   -.26616602D+01
 36   c    0.00000000D+00   0.65195547D+01   -.12940844D+01
 37   c    0.12940844D+01   0.00000000D+00   0.65195547D+01
 38   c    0.26616602D+01   0.22128313D+01   0.56743180D+01
 39   c    0.13675758D+01   0.43067044D+01   0.48745104D+01
 40   c    0.22128313D+01   0.56743180D+01   0.26616602D+01
 41   c    0.00000000D+00   0.65195547D+01   0.12940844D+01
 42   c    0.43067044D+01   0.48745104D+01   0.13675758D+01
 43   c    0.48745104D+01   0.13675758D+01   0.43067044D+01
 44   c    0.56743180D+01   0.26616602D+01   0.22128313D+01
 45   c    0.65195547D+01   0.12940844D+01   0.00000000D+00
 46   c    0.65195547D+01   -.12940844D+01   0.00000000D+00
 47   c    0.56743180D+01   -.26616602D+01   0.22128313D+01
 48   c    0.26616602D+01   -.22128313D+01   0.56743180D+01
 49   c    0.48745104D+01   -.13675758D+01   0.43067044D+01
 50   c    0.13675758D+01   -.43067044D+01   0.48745104D+01
 51   c    0.22128313D+01   -.56743180D+01   0.26616602D+01
 52   c    0.00000000D+00   -.65195547D+01   0.12940844D+01
 53   c    0.43067044D+01   -.48745104D+01   0.13675758D+01
 54   c    0.43067044D+01   -.48745104D+01   -.13675758D+01
 55   c    0.56743180D+01   -.26616602D+01   -.22128313D+01
 56   c    0.00000000D+00   -.65195547D+01   -.12940844D+01
 57   c    0.22128313D+01   -.56743180D+01   -.26616602D+01
 58   c    0.13675758D+01   -.43067044D+01   -.48745104D+01
 59   c    0.26616602D+01   -.22128313D+01   -.56743180D+01
 60   c    0.48745104D+01   -.13675758D+01   -.43067044D+01
========================================================================
 ParseGeometry        :: Allocs=14,  DeAllocs=14, 0 bytes are presently allocated.
                         A max of 7968 bytes were allocated.
 Base(1)%BName   = STO-6G
 Opening BasFile = /home/mchalla/MONDOf/BasisSets/STO-6G.bas
 ParseBaseSets        :: Allocs=61,  DeAllocs=60, 480 bytes are presently allocated.
                         A max of 25480 bytes were allocated.
 Current HDF file :: /scratch/mchalla/c60_NT4_1D-4_14038.hdf

 PROGRAM OF CALCULATIONS:

  A restricted Roothaan-Hall solution of the SCF using
  a tight accuracy level, STO-6G and the PBEx/PBEc model.
 

 Accuracy level 3 for the STO-6G basis set:
  TrixNeglect = 0.10D-05, CubeNeglect = 0.10D-06,
  TwoENeglect = 0.10D-09, DistNeglect = 0.10D-11
 MaxAtms = 61, MaxBlks = 3601, MaxNon0 = 90001, BndWdth = 60
<<Entering MakeS 09/03/02 @ 12:22:16>>
 MakeS                :: S CheckSum  = 0.2079758492972368D+02
 MakeS                :: CPU Sec = 0.21D+01, WALL Sec = 0.21D+01
 MakeS                :: Allocs=37,  DeAllocs=36, 24 bytes are presently allocated.
                         A max of 1514328 bytes were allocated.
>-Exiting MakeS 09/03/02 @ 12:22:18-<
<<Entering BlokAInv 09/03/02 @ 12:22:18>>
 BlokAInv             :: CPU (Sec,MFLOPS) = (0.14D+00, 145),
                         WALL(Sec,MFLOPS) = (0.14D+00, 145)
 BlokAInv             :: Max(Z^t.A.Z-I)=0.67D-06, TrixThrsh=0.10D-05
 BlokAInv             :: Z CheckSum  = 0.2334035849474413D+02
 BlokAInv             :: CPU (Sec,MFLOPS) = (0.40D+00, 188),
                         WALL(Sec,MFLOPS) = (0.40D+00, 188)
 BlokAInv             :: Allocs=75,  DeAllocs=41, 2255484 bytes are presently allocated.
                         A max of 3754336 bytes were allocated.
>-Exiting BlokAInv 09/03/02 @ 12:22:18-<
<<Entering MakeT 09/03/02 @ 12:22:19>>
 MakeT                :: T CheckSum  = 0.1263168604614581D+03
 MakeT                :: CPU Sec = 0.21D+01, WALL Sec = 0.22D+01
 MakeT                :: Allocs=33,  DeAllocs=32, 24 bytes are presently allocated.
                         A max of 1508752 bytes were allocated.
>-Exiting MakeT 09/03/02 @ 12:22:21-<
<<Entering P2Use 09/03/02 @ 12:22:21>>
 P2Use                :: P[0] CheckSum  = 0.2992908355270476D+02
 P2Use                :: CPU (Sec,MFLOPS) = (0.13D+00, 146),
                         WALL(Sec,MFLOPS) = (0.14D+00, 136)
 P2Use                :: Allocs=52,  DeAllocs=48, 749060 bytes are presently allocated.
                         A max of 3765604 bytes were allocated.
>-Exiting P2Use 09/03/02 @ 12:22:21-<
<<Entering MakeRho 09/03/02 @ 12:22:21>>
 MakeRho : Pruned Rho :: dNel = 0.15D-08, kept 19% of distributions.
 MakeRho : Moments    :: <r> = (0.22D+01, 0.61D-01, -.76D-02), <r^2> = 0.31D+03
 MakeRho              :: Rho CheckSum  = 0.3751010242007360D+04
 MakeRho              :: CPU Sec = 0.30D+02, WALL Sec = 0.30D+02
 MakeRho              :: Allocs=64,  DeAllocs=59, 728 bytes are presently allocated.
                         A max of 40774660 bytes were allocated.
>-Exiting MakeRho 09/03/02 @ 12:22:51-<
<<Entering QCTC 09/03/02 @ 12:22:51>>
 QCTC                 :: J[0] CheckSum  = 0.1818575294401252D+03
 QCTC                 :: CPU Sec = 0.66D+03, WALL Sec = 0.50D+04
 QCTC                 :: Allocs=507223,  DeAllocs=50, 85482544 bytes are presently allocated.
                         A max of 97006368 bytes were allocated.
>-Exiting QCTC 09/03/02 @ 13:45:29-<
<<Entering HiCu 09/03/02 @ 13:45:29>>
 HiCu.GridGen         :: Tau = 0.10D-01, <Rho> = 0.18009461D+03, <Exc> = -.34076462D+03, Pts/Atom = 1547
 HiCu.GridGen         :: Tau = 0.10D-02, <Rho> = 0.18003877D+03, <Exc> = -.34071453D+03, Pts/Atom = 2961
 HiCu.GridGen         :: Tau = 0.10D-03, <Rho> = 0.18000473D+03, <Exc> = -.34058892D+03, Pts/Atom = 5778
 HiCu.GridGen         :: Tau = 0.10D-04, <Rho> = 0.18000102D+03, <Exc> = -.34057345D+03, Pts/Atom = 10847
 HiCu.GridGen         :: Tau = 0.10D-05, <Rho> = 0.18000007D+03, <Exc> = -.34056987D+03, Pts/Atom = 20609
 HiCu.GridGen         :: Tau = 0.10D-06, <Rho> = 0.18000005D+03, <Exc> = -.34056986D+03, Pts/Atom = 38542
 HiCu.GridGen         :: TauRel = 0.10D-06, RhoErr = 0.27D-06, <Exc> = -.34056986D+03
 HiCu.GridGen         :: WALL (Sec) = 0.86D+04
 HiCu.MakeKxc         :: WALL (Sec) = 0.65D+04
 HiCu                 :: Kxc[0] CheckSum  = 0.2136999719947231D+02
 HiCu                 :: WALL (Sec) = 0.15D+05
 HiCu                 :: Allocs=497856,  DeAllocs=198266, 171930592 bytes are presently allocated.
                         A max of 173437016 bytes were allocated.
>-Exiting HiCu 09/03/02 @ 17:56:38-<
<<Entering FockNGrueven 09/03/02 @ 17:56:38>>
 FockNGrueven         :: F[0] CheckSum  = 0.8059520330835382D+02
 FockNGrueven         :: OrthoF[0] CheckSum  = 0.7336075693576426D+02
 FockNGrueven         :: CPU (Sec,MFLOPS) = (0.35D+00, 157),
                         WALL(Sec,MFLOPS) = (0.41D+00, 134)
 FockNGrueven         :: Allocs=37,  DeAllocs=33, 380468 bytes are presently allocated.
                         A max of 2862144 bytes were allocated.
>-Exiting FockNGrueven 09/03/02 @ 17:56:38-<
<<Entering NT4 09/03/02 @ 17:56:39>>
 NT4                  :: Trix = 0.10D-03
 NT4 : Pure 1         :: dE=0.10D+01, dP=0.43D+00, ThrX=0.10D-03, %Non0=45
 NT4 : Pure 2         :: dE=0.63D-01, dP=0.18D+00, ThrX=0.10D-03, %Non0=42
 NT4 : Pure 3         :: dE=0.12D-01, dP=0.43D-01, ThrX=0.10D-03, %Non0=43
 NT4 : Pure 4         :: dE=0.88D-02, dP=0.59D-01, ThrX=0.10D-03, %Non0=47
 NT4 : Pure 5         :: dE=0.12D-01, dP=0.81D-01, ThrX=0.10D-03, %Non0=54
 NT4 : Pure 6         :: dE=0.14D-01, dP=0.98D-01, ThrX=0.10D-03, %Non0=58
 NT4 : Pure 7         :: dE=0.14D-01, dP=0.11D+00, ThrX=0.10D-03, %Non0=68
 NT4 : Pure 8         :: dE=0.11D-01, dP=0.10D+00, ThrX=0.10D-03, %Non0=80
 NT4 : Pure 9         :: dE=0.56D-02, dP=0.65D-01, ThrX=0.10D-03, %Non0=97
 NT4 : Pure 10        :: dE=0.25D-02, dP=0.52D-01, ThrX=0.10D-03, %Non0=100
 NT4 : Pure 11        :: dE=0.11D-02, dP=0.41D-01, ThrX=0.10D-03, %Non0=100
 NT4 : Pure 12        :: dE=0.41D-03, dP=0.29D-01, ThrX=0.10D-03, %Non0=100
 NT4 : Pure 13        :: dE=0.14D-03, dP=0.19D-01, ThrX=0.10D-03, %Non0=100
 NT4 : Pure 14        :: dE=0.44D-04, dP=0.14D-01, ThrX=0.10D-03, %Non0=100
 NT4 : Pure 15        :: dE=0.20D-04, dP=0.14D-01, ThrX=0.10D-03, %Non0=100
 NT4 : Pure 16        :: dE=0.91D-05, dP=0.22D-01, ThrX=0.10D-03, %Non0=100
 NT4 : Pure 17        :: dE=0.43D-05, dP=0.23D-01, ThrX=0.10D-03, %Non0=100
 NT4 : Pure 18        :: dE=0.21D-05, dP=0.16D-01, ThrX=0.10D-03, %Non0=100
 NT4 : Pure 19        :: dE=0.63D-06, dP=0.47D-02, ThrX=0.10D-03, %Non0=100
 NT4 : Pure 20        :: dE=0.42D-07, dP=0.32D-03, ThrX=0.10D-03, %Non0=100
 NT4 : Pure 21        :: dE=0.17D-09, dP=0.13D-05, ThrX=0.10D-03, %Non0=100
 NT4 : Pure 22        :: dE=0.28D-14, dP=0.21D-10, ThrX=0.10D-03, %Non0=100
 NT4 : Met dE/dP goals:: Tr{FP}=-.6039937343860410D+03, dNel = 0.57D-13
 NT4                  :: 22 purification steps, 46 matrix multiplies
 NT4                  :: Fractional occupation = 0.60D+00, %Non0s = 100
 NT4 : Max abs errors :: dE=0.17D-11, dP=0.21D-10, [F,P]=0.16D-02
 NT4                  :: Rel dE=0.28D-14, ||dP||_F=0.13D-09, ||[F,P]||_F=0.17D-01
 NT4                  :: OrthoP[1] CheckSum  = 0.1341640836501073D+02
 NT4                  :: P[1] CheckSum  = 0.1149964078419655D+02
 NT4                  :: CPU (Sec,MFLOPS) = (0.10D+02, 190),
                         WALL(Sec,MFLOPS) = (0.10D+02, 190)
 NT4                  :: Allocs=296,  DeAllocs=292, 749060 bytes are presently allocated.
                         A max of 4495092 bytes were allocated.
>-Exiting NT4 09/03/02 @ 17:56:49-<
<<Entering SCFStatus 09/03/02 @ 17:56:49>>
 
= = = = = SCFCycle #0, Basis #1, Geometry #1 = = = = =

       MaxDelD = 0.26D+01
       <T>     = 0.25373868D+04
       <V>     = -.43738686D+04
       <DFT>   = -.34056986D+03
       <SCF>   = -2177.05163810

 SCFStatus            :: CPU (Sec,MFLOPS) = (0.70D-01, 9),
                         WALL(Sec,MFLOPS) = (0.70D-01, 9)
 SCFStatus            :: Allocs=16,  DeAllocs=16, 0 bytes are presently allocated.
                         A max of 2247900 bytes were allocated.
>-Exiting SCFStatus 09/03/02 @ 17:56:50-<
<<Entering MakeRho 09/03/02 @ 17:56:50>>
 MakeRho : Pruned Rho :: dNel = -.11D-07, kept 22% of distributions.
 MakeRho : Moments    :: <r> = (-.63D+01, -.10D+00, -.31D-01), <r^2> = 0.33D+03
 MakeRho              :: Rho CheckSum  = 0.3302068624099767D+04
 MakeRho              :: CPU Sec = 0.30D+02, WALL Sec = 0.30D+02
 MakeRho              :: Allocs=64,  DeAllocs=59, 728 bytes are presently allocated.
                         A max of 42000892 bytes were allocated.
>-Exiting MakeRho 09/03/02 @ 17:57:20-<
<<Entering QCTC 09/03/02 @ 17:57:20>>
 QCTC                 :: J[1] CheckSum  = 0.1861895373791693D+03
 QCTC                 :: CPU Sec = 0.17D+04, WALL Sec = 0.60D+04
 QCTC                 :: Allocs=579838,  DeAllocs=50, 97926832 bytes are presently allocated.
                         A max of 111199716 bytes were allocated.
>-Exiting QCTC 09/03/02 @ 19:36:33-<
<<Entering HiCu 09/03/02 @ 19:36:34>>
 HiCu.GridGen         :: Tau = 0.10D-01, <Rho> = 0.17998855D+03, <Exc> = -.32410928D+03, Pts/Atom = 1356
 HiCu.GridGen         :: Tau = 0.10D-02, <Rho> = 0.18001961D+03, <Exc> = -.32466864D+03, Pts/Atom = 2942
 HiCu.GridGen         :: Tau = 0.10D-03, <Rho> = 0.17999923D+03, <Exc> = -.32461748D+03, Pts/Atom = 5511
 HiCu.GridGen         :: Tau = 0.10D-04, <Rho> = 0.17999968D+03, <Exc> = -.32462283D+03, Pts/Atom = 10280
 HiCu.GridGen         :: Tau = 0.10D-05, <Rho> = 0.18000008D+03, <Exc> = -.32462422D+03, Pts/Atom = 19720
 HiCu.GridGen         :: Tau = 0.10D-06, <Rho> = 0.18000003D+03, <Exc> = -.32462448D+03, Pts/Atom = 36852
 HiCu.GridGen         :: TauRel = 0.10D-06, RhoErr = 0.19D-06, <Exc> = -.32462448D+03
 HiCu.GridGen         :: CPU Sec = 0.12D+04, WALL Sec = 0.98D+04
 HiCu.MakeKxc         :: WALL (Sec) = 0.63D+04
 HiCu                 :: Kxc[1] CheckSum  = 0.2125741162021295D+02
 HiCu                 :: WALL (Sec) = 0.16D+05
 HiCu                 :: Allocs=494997,  DeAllocs=189575, 165507832 bytes are presently allocated.
                         A max of 167014256 bytes were allocated.
>-Exiting HiCu 09/04/02 @ 00:04:43-<
<<Entering FockNGrueven 09/04/02 @ 00:04:43>>
 FockNGrueven         :: F[1] CheckSum  = 0.8480335688465472D+02
 FockNGrueven         :: OrthoF[1] CheckSum  = 0.7710296768076525D+02
 FockNGrueven         :: CPU (Sec,MFLOPS) = (0.33D+00, 167),
                         WALL(Sec,MFLOPS) = (0.33D+00, 167)
 FockNGrueven         :: Allocs=37,  DeAllocs=33, 380468 bytes are presently allocated.
                         A max of 2848416 bytes were allocated.
>-Exiting FockNGrueven 09/04/02 @ 00:04:43-<
<<Entering DIIS 09/04/02 @ 00:04:44>>
 DIIS : Damping       :: Co = 0.80D+00, 0.20D+00
 DIIS                 :: F_DIIS[1] CheckSum  = 0.7408738851323757D+02
 DIIS                 :: CPU (Sec,MFLOPS) = (0.58D+00, 185),
                         WALL(Sec,MFLOPS) = (0.58D+00, 185)
 DIIS                 :: Allocs=34,  DeAllocs=30, 144 bytes are presently allocated.
                         A max of 3026148 bytes were allocated.
>-Exiting DIIS 09/04/02 @ 00:04:44-<
<<Entering NT4 09/04/02 @ 00:04:44>>
 NT4                  :: Trix = 0.10D-03
 NT4 : Pure 1         :: dE=0.10D+01, dP=0.43D+00, ThrX=0.10D-03, %Non0=45
 NT4 : Pure 2         :: dE=0.62D-01, dP=0.19D+00, ThrX=0.10D-03, %Non0=42
 NT4 : Pure 3         :: dE=0.11D-01, dP=0.43D-01, ThrX=0.10D-03, %Non0=43
 NT4 : Pure 4         :: dE=0.86D-02, dP=0.59D-01, ThrX=0.10D-03, %Non0=47
 NT4 : Pure 5         :: dE=0.12D-01, dP=0.82D-01, ThrX=0.10D-03, %Non0=54
 NT4 : Pure 6         :: dE=0.14D-01, dP=0.10D+00, ThrX=0.10D-03, %Non0=58
 NT4 : Pure 7         :: dE=0.14D-01, dP=0.11D+00, ThrX=0.10D-03, %Non0=68
 NT4 : Pure 8         :: dE=0.10D-01, dP=0.84D-01, ThrX=0.10D-03, %Non0=80
 NT4 : Pure 9         :: dE=0.53D-02, dP=0.54D-01, ThrX=0.10D-03, %Non0=97
 NT4 : Pure 10        :: dE=0.25D-02, dP=0.49D-01, ThrX=0.10D-03, %Non0=100
 NT4 : Pure 11        :: dE=0.11D-02, dP=0.34D-01, ThrX=0.10D-03, %Non0=100
 NT4 : Pure 12        :: dE=0.40D-03, dP=0.22D-01, ThrX=0.10D-03, %Non0=100
 NT4 : Pure 13        :: dE=0.13D-03, dP=0.15D-01, ThrX=0.10D-03, %Non0=100
 NT4 : Pure 14        :: dE=0.50D-04, dP=0.94D-02, ThrX=0.10D-03, %Non0=100
 NT4 : Pure 15        :: dE=0.15D-04, dP=0.40D-02, ThrX=0.10D-03, %Non0=100
 NT4 : Pure 16        :: dE=0.16D-05, dP=0.55D-03, ThrX=0.10D-03, %Non0=100
 NT4 : Pure 17        :: dE=0.19D-07, dP=0.93D-05, ThrX=0.10D-03, %Non0=100
 NT4 : Pure 18        :: dE=0.36D-11, dP=0.25D-08, ThrX=0.10D-03, %Non0=100
 NT4 : Met dE/dP goals:: Tr{FP}=-.6125971037329458D+03, dNel = 0.57D-13
 NT4                  :: 18 purification steps, 38 matrix multiplies
 NT4                  :: Fractional occupation = 0.60D+00, %Non0s = 100
 NT4 : Max abs errors :: dE=0.22D-08, dP=0.25D-08, [F,P]=0.15D-02
 NT4                  :: Rel dE=0.36D-11, ||dP||_F=0.33D-07, ||[F,P]||_F=0.17D-01
 NT4                  :: OrthoP[2] CheckSum  = 0.1341640835764296D+02
 NT4                  :: P[2] CheckSum  = 0.1147667850929557D+02
 NT4                  :: CPU (Sec,MFLOPS) = (0.82D+01, 190),
                         WALL(Sec,MFLOPS) = (0.82D+01, 190)
 NT4                  :: Allocs=257,  DeAllocs=253, 749060 bytes are presently allocated.
                         A max of 4495092 bytes were allocated.
>-Exiting NT4 09/04/02 @ 00:04:52-<
<<Entering SCFStatus 09/04/02 @ 00:04:53>>
 
= = = = = SCFCycle #1, Basis #1, Geometry #1 = = = = =

       DIISErr = 0.39D-02
       MaxDelD = 0.13D+00
       <T>     = 0.22566116D+04
       <V>     = -.42092162D+04
       <DFT>   = -.32462448D+03
       <SCF>   = -2277.22913333

 SCFStatus            :: CPU (Sec,MFLOPS) = (0.80D-01, 8),
                         WALL(Sec,MFLOPS) = (0.80D-01, 8)
 SCFStatus            :: Allocs=16,  DeAllocs=16, 0 bytes are presently allocated.
                         A max of 2247900 bytes were allocated.
>-Exiting SCFStatus 09/04/02 @ 00:04:53-<
 DIISQ =    0.0000000000000000E+000
 DMaxQ =     19.40509005428592     
 DIISB =    0.0000000000000000E+000
 DIISA =    0.0000000000000000E+000
 DMaxA =     2.622603898569681     
 DMaxB =    0.1285269455607634     
<<Entering MakeRho 09/04/02 @ 00:04:53>>
 MakeRho : Pruned Rho :: dNel = -.20D-07, kept 22% of distributions.
 MakeRho : Moments    :: <r> = (-.89D+00, -.86D-01, -.71D-03), <r^2> = 0.33D+03
 MakeRho              :: Rho CheckSum  = 0.3303070745292993D+04
 MakeRho              :: CPU Sec = 0.30D+02, WALL Sec = 0.30D+02
 MakeRho              :: Allocs=64,  DeAllocs=59, 728 bytes are presently allocated.
                         A max of 41955276 bytes were allocated.
>-Exiting MakeRho 09/04/02 @ 00:05:23-<
<<Entering QCTC 09/04/02 @ 00:05:23>>
 QCTC                 :: J[2] CheckSum  = 0.1861516540765416D+03
 QCTC                 :: CPU Sec = 0.16D+04, WALL Sec = 0.59D+04
 QCTC                 :: Allocs=576378,  DeAllocs=50, 97359504 bytes are presently allocated.
                         A max of 110561860 bytes were allocated.
>-Exiting QCTC 09/04/02 @ 01:43:26-<
<<Entering HiCu 09/04/02 @ 01:43:26>>
 HiCu.GridGen         :: Tau = 0.10D-01, <Rho> = 0.17995259D+03, <Exc> = -.32390843D+03, Pts/Atom = 1356
 HiCu.GridGen         :: Tau = 0.10D-02, <Rho> = 0.18003410D+03, <Exc> = -.32467379D+03, Pts/Atom = 2919
 HiCu.GridGen         :: Tau = 0.10D-03, <Rho> = 0.17999929D+03, <Exc> = -.32459612D+03, Pts/Atom = 5509
 HiCu.GridGen         :: Tau = 0.10D-04, <Rho> = 0.17999964D+03, <Exc> = -.32460178D+03, Pts/Atom = 10313
 HiCu.GridGen         :: Tau = 0.10D-05, <Rho> = 0.18000008D+03, <Exc> = -.32460323D+03, Pts/Atom = 19703
 HiCu.GridGen         :: Tau = 0.10D-06, <Rho> = 0.18000003D+03, <Exc> = -.32460349D+03, Pts/Atom = 36859
 HiCu.GridGen         :: TauRel = 0.10D-06, RhoErr = 0.17D-06, <Exc> = -.32460349D+03
 HiCu.GridGen         :: CPU Sec = 0.11D+04, WALL Sec = 0.97D+04
 HiCu.MakeKxc         :: WALL (Sec) = 0.63D+04
 HiCu                 :: Kxc[2] CheckSum  = 0.2125898911771689D+02
 HiCu                 :: WALL (Sec) = 0.16D+05
 HiCu                 :: Allocs=494383,  DeAllocs=189614, 165511584 bytes are presently allocated.
                         A max of 167018008 bytes were allocated.
>-Exiting HiCu 09/04/02 @ 06:09:14-<
<<Entering FockNGrueven 09/04/02 @ 06:09:15>>
 FockNGrueven         :: F[2] CheckSum  = 0.8473439427711402D+02
 FockNGrueven         :: OrthoF[2] CheckSum  = 0.7704718294166241D+02
 FockNGrueven         :: CPU (Sec,MFLOPS) = (0.33D+00, 167),
                         WALL(Sec,MFLOPS) = (0.33D+00, 167)
 FockNGrueven         :: Allocs=37,  DeAllocs=33, 380468 bytes are presently allocated.
                         A max of 2847168 bytes were allocated.
>-Exiting FockNGrueven 09/04/02 @ 06:09:15-<
<<Entering DIIS 09/04/02 @ 06:09:15>>
 DIIS                 :: Cond# = 0.84D+01, MIN(E) = 0.28D+00
 DIIS : Pulay C1      :: DIISCo = -.38D+00, 0.14D+01
 DIIS                 :: F_DIIS[2] CheckSum  = 0.7704437885563338D+02
 DIIS                 :: CPU (Sec,MFLOPS) = (0.62D+00, 175),
                         WALL(Sec,MFLOPS) = (0.63D+00, 172)
 DIIS                 :: Allocs=45,  DeAllocs=40, 216 bytes are presently allocated.
                         A max of 3026148 bytes were allocated.
>-Exiting DIIS 09/04/02 @ 06:09:16-<
<<Entering NT4 09/04/02 @ 06:09:16>>
 NT4                  :: Trix = 0.10D-03
 NT4 : Pure 1         :: dE=0.10D+01, dP=0.42D+00, ThrX=0.10D-03, %Non0=44
 NT4 : Pure 2         :: dE=0.65D-01, dP=0.22D+00, ThrX=0.10D-03, %Non0=42
 NT4 : Pure 3         :: dE=0.89D-02, dP=0.47D-01, ThrX=0.10D-03, %Non0=43
 NT4 : Pure 4         :: dE=0.78D-02, dP=0.65D-01, ThrX=0.10D-03, %Non0=47
 NT4 : Pure 5         :: dE=0.11D-01, dP=0.89D-01, ThrX=0.10D-03, %Non0=54
 NT4 : Pure 6         :: dE=0.13D-01, dP=0.11D+00, ThrX=0.10D-03, %Non0=57
 NT4 : Pure 7         :: dE=0.13D-01, dP=0.11D+00, ThrX=0.10D-03, %Non0=68
 NT4 : Pure 8         :: dE=0.94D-02, dP=0.91D-01, ThrX=0.10D-03, %Non0=80
 NT4 : Pure 9         :: dE=0.49D-02, dP=0.61D-01, ThrX=0.10D-03, %Non0=97
 NT4 : Pure 10        :: dE=0.22D-02, dP=0.54D-01, ThrX=0.10D-03, %Non0=100
 NT4 : Pure 11        :: dE=0.98D-03, dP=0.36D-01, ThrX=0.10D-03, %Non0=100
 NT4 : Pure 12        :: dE=0.37D-03, dP=0.23D-01, ThrX=0.10D-03, %Non0=100
 NT4 : Pure 13        :: dE=0.13D-03, dP=0.16D-01, ThrX=0.10D-03, %Non0=100
 NT4 : Pure 14        :: dE=0.47D-04, dP=0.17D-01, ThrX=0.10D-03, %Non0=100
 NT4 : Pure 15        :: dE=0.19D-04, dP=0.14D-01, ThrX=0.10D-03, %Non0=100
 NT4 : Pure 16        :: dE=0.47D-05, dP=0.59D-02, ThrX=0.10D-03, %Non0=100
 NT4 : Pure 17        :: dE=0.37D-06, dP=0.64D-03, ThrX=0.10D-03, %Non0=100
 NT4 : Pure 18        :: dE=0.30D-08, dP=0.55D-05, ThrX=0.10D-03, %Non0=100
 NT4 : Pure 19        :: dE=0.20D-12, dP=0.38D-09, ThrX=0.10D-03, %Non0=100
 NT4 : Met dE/dP goals:: Tr{FP}=-.6473194832895553D+03, dNel = 0.00D+00
 NT4                  :: 19 purification steps, 40 matrix multiplies
 NT4                  :: Fractional occupation = 0.60D+00, %Non0s = 100
 NT4 : Max abs errors :: dE=0.13D-09, dP=0.38D-09, [F,P]=0.25D-02
 NT4                  :: Rel dE=0.20D-12, ||dP||_F=0.29D-08, ||[F,P]||_F=0.17D-01
 NT4                  :: OrthoP[3] CheckSum  = 0.1341640841290963D+02
 NT4                  :: P[3] CheckSum  = 0.1148934451909427D+02
 NT4                  :: CPU (Sec,MFLOPS) = (0.87D+01, 189),
                         WALL(Sec,MFLOPS) = (0.87D+01, 189)
 NT4                  :: Allocs=267,  DeAllocs=263, 749060 bytes are presently allocated.
                         A max of 4495092 bytes were allocated.
>-Exiting NT4 09/04/02 @ 06:09:24-<
<<Entering SCFStatus 09/04/02 @ 06:09:25>>
 
= = = = = SCFCycle #2, Basis #1, Geometry #1 = = = = =

       DIISErr = 0.17D-02
       MaxDelD = 0.17D+00
       <T>     = 0.22569256D+04
       <V>     = -.42103320D+04
       <DFT>   = -.32460349D+03
       <SCF>   = -2278.00987904

 SCFStatus            :: CPU (Sec,MFLOPS) = (0.80D-01, 8),
                         WALL(Sec,MFLOPS) = (0.80D-01, 8)
 SCFStatus            :: Allocs=16,  DeAllocs=16, 0 bytes are presently allocated.
                         A max of 2247900 bytes were allocated.
>-Exiting SCFStatus 09/04/02 @ 06:09:25-<
 DIISQ =     1.295870930741635     
 DMaxQ =    0.2228334757660748     
 DIISB =    1.6912132513422772E-003
 DIISA =    3.8828073414417803E-003
 DMaxA =    0.1285269455607634     
 DMaxB =    0.1653789008571310     
<<Entering MakeRho 09/04/02 @ 06:09:25>>
 MakeRho : Pruned Rho :: dNel = -.15D-07, kept 22% of distributions.
 MakeRho : Moments    :: <r> = (-.46D+01, 0.19D+00, 0.15D-01), <r^2> = 0.34D+03
 MakeRho              :: Rho CheckSum  = 0.3310096896606358D+04
 MakeRho              :: CPU Sec = 0.30D+02, WALL Sec = 0.30D+02
 MakeRho              :: Allocs=64,  DeAllocs=59, 728 bytes are presently allocated.
                         A max of 41966668 bytes were allocated.
>-Exiting MakeRho 09/04/02 @ 06:09:55-<
<<Entering QCTC 09/04/02 @ 06:09:55>>
 QCTC                 :: J[3] CheckSum  = 0.1861542099366464D+03
 QCTC                 :: CPU Sec = 0.16D+04, WALL Sec = 0.59D+04
 QCTC                 :: Allocs=577108,  DeAllocs=50, 97482736 bytes are presently allocated.
                         A max of 110701740 bytes were allocated.
>-Exiting QCTC 09/04/02 @ 07:48:41-<
<<Entering HiCu 09/04/02 @ 07:48:41>>
 HiCu.GridGen         :: Tau = 0.10D-01, <Rho> = 0.17997983D+03, <Exc> = -.32424358D+03, Pts/Atom = 1379
 HiCu.GridGen         :: Tau = 0.10D-02, <Rho> = 0.18003087D+03, <Exc> = -.32491338D+03, Pts/Atom = 2919
 HiCu.GridGen         :: Tau = 0.10D-03, <Rho> = 0.17999909D+03, <Exc> = -.32484654D+03, Pts/Atom = 5501
 HiCu.GridGen         :: Tau = 0.10D-04, <Rho> = 0.17999973D+03, <Exc> = -.32485247D+03, Pts/Atom = 10305
 HiCu.GridGen         :: Tau = 0.10D-05, <Rho> = 0.18000009D+03, <Exc> = -.32485361D+03, Pts/Atom = 19716
 HiCu.GridGen         :: Tau = 0.10D-06, <Rho> = 0.18000003D+03, <Exc> = -.32485385D+03, Pts/Atom = 36899
 HiCu.GridGen         :: TauRel = 0.10D-06, RhoErr = 0.16D-06, <Exc> = -.32485385D+03
 HiCu.GridGen         :: CPU Sec = 0.11D+04, WALL Sec = 0.97D+04
 HiCu.MakeKxc         :: WALL (Sec) = 0.63D+04
 HiCu                 :: Kxc[3] CheckSum  = 0.2126176339241670D+02
 HiCu                 :: WALL (Sec) = 0.16D+05
 HiCu                 :: Allocs=494937,  DeAllocs=189818, 165690832 bytes are presently allocated.
                         A max of 167197256 bytes were allocated.
>-Exiting HiCu 09/04/02 @ 12:15:14-<
<<Entering FockNGrueven 09/04/02 @ 12:15:14>>
 FockNGrueven         :: F[3] CheckSum  = 0.8476215461029703D+02
 FockNGrueven         :: OrthoF[3] CheckSum  = 0.7705932792875936D+02
 FockNGrueven         :: CPU (Sec,MFLOPS) = (0.33D+00, 167),
                         WALL(Sec,MFLOPS) = (0.33D+00, 167)
 FockNGrueven         :: Allocs=37,  DeAllocs=33, 380468 bytes are presently allocated.
                         A max of 2850496 bytes were allocated.
>-Exiting FockNGrueven 09/04/02 @ 12:15:15-<
<<Entering DIIS 09/04/02 @ 12:15:15>>
 DIIS                 :: Cond# = 0.11D+02, MIN(E) = 0.22D+00
 DIIS : Pulay C1      :: DIISCo = -.35D+00, 0.99D+00, 0.35D+00
 DIIS                 :: F_DIIS[3] CheckSum  = 0.7703805526154885D+02
 DIIS                 :: CPU (Sec,MFLOPS) = (0.69D+00, 158),
                         WALL(Sec,MFLOPS) = (0.69D+00, 158)
 DIIS                 :: Allocs=49,  DeAllocs=44, 272 bytes are presently allocated.
                         A max of 3026148 bytes were allocated.
>-Exiting DIIS 09/04/02 @ 12:15:16-<
<<Entering NT4 09/04/02 @ 12:15:16>>
 NT4                  :: Trix = 0.10D-03
 NT4 : Pure 1         :: dE=0.10D+01, dP=0.42D+00, ThrX=0.10D-03, %Non0=44
 NT4 : Pure 2         :: dE=0.64D-01, dP=0.22D+00, ThrX=0.10D-03, %Non0=42
 NT4 : Pure 3         :: dE=0.89D-02, dP=0.47D-01, ThrX=0.10D-03, %Non0=43
 NT4 : Pure 4         :: dE=0.78D-02, dP=0.65D-01, ThrX=0.10D-03, %Non0=47
 NT4 : Pure 5         :: dE=0.11D-01, dP=0.89D-01, ThrX=0.10D-03, %Non0=54
 NT4 : Pure 6         :: dE=0.13D-01, dP=0.11D+00, ThrX=0.10D-03, %Non0=58
 NT4 : Pure 7         :: dE=0.13D-01, dP=0.11D+00, ThrX=0.10D-03, %Non0=67
 NT4 : Pure 8         :: dE=0.95D-02, dP=0.84D-01, ThrX=0.10D-03, %Non0=80
 NT4 : Pure 9         :: dE=0.49D-02, dP=0.54D-01, ThrX=0.10D-03, %Non0=96
 NT4 : Pure 10        :: dE=0.22D-02, dP=0.49D-01, ThrX=0.10D-03, %Non0=100
 NT4 : Pure 11        :: dE=0.99D-03, dP=0.35D-01, ThrX=0.10D-03, %Non0=100
 NT4 : Pure 12        :: dE=0.37D-03, dP=0.23D-01, ThrX=0.10D-03, %Non0=100
 NT4 : Pure 13        :: dE=0.13D-03, dP=0.15D-01, ThrX=0.10D-03, %Non0=100
 NT4 : Pure 14        :: dE=0.49D-04, dP=0.87D-02, ThrX=0.10D-03, %Non0=100
 NT4 : Pure 15        :: dE=0.15D-04, dP=0.35D-02, ThrX=0.10D-03, %Non0=100
 NT4 : Pure 16        :: dE=0.17D-05, dP=0.42D-03, ThrX=0.10D-03, %Non0=100
 NT4 : Pure 17        :: dE=0.18D-07, dP=0.56D-05, ThrX=0.10D-03, %Non0=100
 NT4 : Pure 18        :: dE=0.25D-11, dP=0.10D-08, ThrX=0.10D-03, %Non0=100
 NT4 : Met dE/dP goals:: Tr{FP}=-.6473428525528117D+03, dNel = 0.57D-13
 NT4                  :: 18 purification steps, 38 matrix multiplies
 NT4                  :: Fractional occupation = 0.60D+00, %Non0s = 100
 NT4 : Max abs errors :: dE=0.16D-08, dP=0.10D-08, [F,P]=0.26D-02
 NT4                  :: Rel dE=0.25D-11, ||dP||_F=0.20D-07, ||[F,P]||_F=0.17D-01
 NT4                  :: OrthoP[4] CheckSum  = 0.1341640836770738D+02
 NT4                  :: P[4] CheckSum  = 0.1148083588507500D+02
 NT4                  :: CPU (Sec,MFLOPS) = (0.81D+01, 190),
                         WALL(Sec,MFLOPS) = (0.82D+01, 189)
 NT4                  :: Allocs=257,  DeAllocs=253, 749060 bytes are presently allocated.
                         A max of 4495092 bytes were allocated.
>-Exiting NT4 09/04/02 @ 12:15:24-<
<<Entering SCFStatus 09/04/02 @ 12:15:24>>
 
= = = = = SCFCycle #3, Basis #1, Geometry #1 = = = = =

       DIISErr = 0.23D-02
       MaxDelD = 0.15D+00
       <T>     = 0.22604067D+04
       <V>     = -.42132897D+04
       <DFT>   = -.32485385D+03
       <SCF>   = -2277.73686323

 SCFStatus            :: CPU (Sec,MFLOPS) = (0.70D-01, 9),
                         WALL(Sec,MFLOPS) = (0.70D-01, 9)
 SCFStatus            :: Allocs=16,  DeAllocs=16, 0 bytes are presently allocated.
                         A max of 2247900 bytes were allocated.
>-Exiting SCFStatus 09/04/02 @ 12:15:24-<
 DIISQ =    0.2779143256533320     
 DMaxQ =    6.7282873579441640E-002
 DIISB =    2.3421227029222829E-003
 DIISA =    1.6912132513422772E-003
 DMaxA =    0.1653789008571310     
 DMaxB =    0.1549532040203035     
<<Entering MakeRho 09/04/02 @ 12:15:24>>
 MakeRho : Pruned Rho :: dNel = -.18D-07, kept 22% of distributions.
 MakeRho : Moments    :: <r> = (0.13D+01, -.76D-01, -.52D-01), <r^2> = 0.34D+03
 MakeRho              :: Rho CheckSum  = 0.3309733477435220D+04
 MakeRho              :: CPU Sec = 0.30D+02, WALL Sec = 0.30D+02
 MakeRho              :: Allocs=64,  DeAllocs=59, 728 bytes are presently allocated.
                         A max of 41942428 bytes were allocated.
>-Exiting MakeRho 09/04/02 @ 12:15:54-<
<<Entering QCTC 09/04/02 @ 12:15:54>>
 QCTC                 :: J[4] CheckSum  = 0.1861314316838119D+03
 QCTC                 :: CPU Sec = 0.16D+04, WALL Sec = 0.59D+04
 QCTC                 :: Allocs=575398,  DeAllocs=50, 97198960 bytes are presently allocated.
                         A max of 110381412 bytes were allocated.
>-Exiting QCTC 09/04/02 @ 13:54:10-<
<<Entering HiCu 09/04/02 @ 13:54:10>>
 HiCu.GridGen         :: Tau = 0.10D-01, <Rho> = 0.17993895D+03, <Exc> = -.32409185D+03, Pts/Atom = 1355
 HiCu.GridGen         :: Tau = 0.10D-02, <Rho> = 0.18003033D+03, <Exc> = -.32489025D+03, Pts/Atom = 2892
 HiCu.GridGen         :: Tau = 0.10D-03, <Rho> = 0.17999838D+03, <Exc> = -.32480968D+03, Pts/Atom = 5517
 HiCu.GridGen         :: Tau = 0.10D-04, <Rho> = 0.17999956D+03, <Exc> = -.32481773D+03, Pts/Atom = 10296
 HiCu.GridGen         :: Tau = 0.10D-05, <Rho> = 0.18000008D+03, <Exc> = -.32481932D+03, Pts/Atom = 19737
 HiCu.GridGen         :: Tau = 0.10D-06, <Rho> = 0.18000003D+03, <Exc> = -.32481960D+03, Pts/Atom = 36922
 HiCu.GridGen         :: TauRel = 0.10D-06, RhoErr = 0.14D-06, <Exc> = -.32481960D+03
 HiCu.GridGen         :: CPU Sec = 0.11D+04, WALL Sec = 0.97D+04
 HiCu.MakeKxc         :: WALL (Sec) = 0.63D+04
 HiCu                 :: Kxc[4] CheckSum  = 0.2126218653101245D+02
 HiCu                 :: WALL (Sec) = 0.16D+05
 HiCu                 :: Allocs=494829,  DeAllocs=189935, 165773080 bytes are presently allocated.
                         A max of 167279504 bytes were allocated.
>-Exiting HiCu 09/04/02 @ 18:19:50-<
<<Entering FockNGrueven 09/04/02 @ 18:19:50>>
 FockNGrueven         :: F[4] CheckSum  = 0.8472163007725044D+02
 FockNGrueven         :: OrthoF[4] CheckSum  = 0.7702857967159332D+02
 FockNGrueven         :: CPU (Sec,MFLOPS) = (0.34D+00, 162),
                         WALL(Sec,MFLOPS) = (0.34D+00, 162)
 FockNGrueven         :: Allocs=37,  DeAllocs=33, 380468 bytes are presently allocated.
                         A max of 2847168 bytes were allocated.
>-Exiting FockNGrueven 09/04/02 @ 18:19:50-<
<<Entering DIIS 09/04/02 @ 18:19:50>>
 DIIS                 :: Cond# = 0.77D+02, MIN(E) = 0.34D-01
 DIIS : Pulay C1      :: DIISCo = -.88D-01, 0.17D+00, 0.25D+00, 0.67D+00
 DIIS                 :: F_DIIS[4] CheckSum  = 0.7702863912595228D+02
 DIIS                 :: CPU (Sec,MFLOPS) = (0.75D+00, 146),
                         WALL(Sec,MFLOPS) = (0.77D+00, 143)
 DIIS                 :: Allocs=54,  DeAllocs=49, 344 bytes are presently allocated.
                         A max of 3026148 bytes were allocated.
>-Exiting DIIS 09/04/02 @ 18:19:51-<
<<Entering NT4 09/04/02 @ 18:19:51>>
 NT4                  :: Trix = 0.10D-03
 NT4 : Pure 1         :: dE=0.10D+01, dP=0.42D+00, ThrX=0.10D-03, %Non0=44
 NT4 : Pure 2         :: dE=0.64D-01, dP=0.22D+00, ThrX=0.10D-03, %Non0=42
 NT4 : Pure 3         :: dE=0.90D-02, dP=0.46D-01, ThrX=0.10D-03, %Non0=43
 NT4 : Pure 4         :: dE=0.78D-02, dP=0.63D-01, ThrX=0.10D-03, %Non0=47
 NT4 : Pure 5         :: dE=0.11D-01, dP=0.87D-01, ThrX=0.10D-03, %Non0=54
 NT4 : Pure 6         :: dE=0.13D-01, dP=0.11D+00, ThrX=0.10D-03, %Non0=57
 NT4 : Pure 7         :: dE=0.13D-01, dP=0.11D+00, ThrX=0.10D-03, %Non0=67
 NT4 : Pure 8         :: dE=0.95D-02, dP=0.83D-01, ThrX=0.10D-03, %Non0=80
 NT4 : Pure 9         :: dE=0.49D-02, dP=0.54D-01, ThrX=0.10D-03, %Non0=96
 NT4 : Pure 10        :: dE=0.23D-02, dP=0.49D-01, ThrX=0.10D-03, %Non0=100
 NT4 : Pure 11        :: dE=0.99D-03, dP=0.34D-01, ThrX=0.10D-03, %Non0=100
 NT4 : Pure 12        :: dE=0.37D-03, dP=0.23D-01, ThrX=0.10D-03, %Non0=100
 NT4 : Pure 13        :: dE=0.13D-03, dP=0.16D-01, ThrX=0.10D-03, %Non0=100
 NT4 : Pure 14        :: dE=0.49D-04, dP=0.88D-02, ThrX=0.10D-03, %Non0=100
 NT4 : Pure 15        :: dE=0.15D-04, dP=0.32D-02, ThrX=0.10D-03, %Non0=100
 NT4 : Pure 16        :: dE=0.16D-05, dP=0.35D-03, ThrX=0.10D-03, %Non0=100
 NT4 : Pure 17        :: dE=0.15D-07, dP=0.37D-05, ThrX=0.10D-03, %Non0=100
 NT4 : Pure 18        :: dE=0.15D-11, dP=0.47D-09, ThrX=0.10D-03, %Non0=100
 NT4 : Met dE/dP goals:: Tr{FP}=-.6473587782865833D+03, dNel = 0.00D+00
 NT4                  :: 18 purification steps, 38 matrix multiplies
 NT4                  :: Fractional occupation = 0.60D+00, %Non0s = 100
 NT4 : Max abs errors :: dE=0.95D-09, dP=0.47D-09, [F,P]=0.26D-02
 NT4                  :: Rel dE=0.15D-11, ||dP||_F=0.10D-07, ||[F,P]||_F=0.17D-01
 NT4                  :: OrthoP[5] CheckSum  = 0.1341640831451507D+02
 NT4                  :: P[5] CheckSum  = 0.1148004797016039D+02
 NT4                  :: CPU (Sec,MFLOPS) = (0.81D+01, 191),
                         WALL(Sec,MFLOPS) = (0.81D+01, 190)
 NT4                  :: Allocs=257,  DeAllocs=253, 749060 bytes are presently allocated.
                         A max of 4495092 bytes were allocated.
>-Exiting NT4 09/04/02 @ 18:19:59-<
<<Entering SCFStatus 09/04/02 @ 18:19:59>>
 
= = = = = SCFCycle #4, Basis #1, Geometry #1 = = = = =

       DIISErr = 0.75D-03
       MaxDelD = 0.54D-01
       <T>     = 0.22601893D+04
       <V>     = -.42134485D+04
       <DFT>   = -.32481960D+03
       <SCF>   = -2278.07878423

 SCFStatus            :: CPU (Sec,MFLOPS) = (0.70D-01, 9),
                         WALL(Sec,MFLOPS) = (0.70D-01, 9)
 SCFStatus            :: Allocs=16,  DeAllocs=16, 0 bytes are presently allocated.
                         A max of 2247900 bytes were allocated.
>-Exiting SCFStatus 09/04/02 @ 18:20:00-<
 DIISQ =     2.116038407230532     
 DMaxQ =     1.854894254391112     
 DIISB =    7.5163473514561421E-004
 DIISA =    2.3421227029222829E-003
 DMaxA =    0.1549532040203035     
 DMaxB =    5.4276337479740286E-002
<<Entering MakeRho 09/04/02 @ 18:20:00>>
 MakeRho : Pruned Rho :: dNel = -.20D-07, kept 22% of distributions.
 MakeRho : Moments    :: <r> = (-.34D+00, 0.30D-01, 0.84D-01), <r^2> = 0.33D+03
 MakeRho              :: Rho CheckSum  = 0.3309595287992674D+04
 MakeRho              :: CPU Sec = 0.30D+02, WALL Sec = 0.30D+02
 MakeRho              :: Allocs=64,  DeAllocs=59, 728 bytes are presently allocated.
                         A max of 41941900 bytes were allocated.
>-Exiting MakeRho 09/04/02 @ 18:20:30-<
<<Entering QCTC 09/04/02 @ 18:20:30>>
 QCTC                 :: J[5] CheckSum  = 0.1861230095433937D+03
 QCTC                 :: CPU Sec = 0.16D+04, WALL Sec = 0.59D+04
 QCTC                 :: Allocs=575218,  DeAllocs=50, 97173136 bytes are presently allocated.
                         A max of 110353764 bytes were allocated.
>-Exiting QCTC 09/04/02 @ 19:58:29-<
<<Entering HiCu 09/04/02 @ 19:58:29>>
 HiCu.GridGen         :: Tau = 0.10D-01, <Rho> = 0.17992921D+03, <Exc> = -.32404815D+03, Pts/Atom = 1353
 HiCu.GridGen         :: Tau = 0.10D-02, <Rho> = 0.18003050D+03, <Exc> = -.32488388D+03, Pts/Atom = 2893
 HiCu.GridGen         :: Tau = 0.10D-03, <Rho> = 0.17999833D+03, <Exc> = -.32480567D+03, Pts/Atom = 5520
 HiCu.GridGen         :: Tau = 0.10D-04, <Rho> = 0.17999953D+03, <Exc> = -.32481436D+03, Pts/Atom = 10314
 HiCu.GridGen         :: Tau = 0.10D-05, <Rho> = 0.18000008D+03, <Exc> = -.32481592D+03, Pts/Atom = 19731
 HiCu.GridGen         :: Tau = 0.10D-06, <Rho> = 0.18000002D+03, <Exc> = -.32481619D+03, Pts/Atom = 36934
 HiCu.GridGen         :: TauRel = 0.10D-06, RhoErr = 0.14D-06, <Exc> = -.32481619D+03
 HiCu.GridGen         :: CPU Sec = 0.11D+04, WALL Sec = 0.97D+04
 HiCu.MakeKxc         :: WALL (Sec) = 0.63D+04
 HiCu                 :: Kxc[5] CheckSum  = 0.2126227327451520D+02
 HiCu                 :: WALL (Sec) = 0.16D+05
 HiCu                 :: Allocs=494925,  DeAllocs=190001, 165828856 bytes are presently allocated.
                         A max of 167335280 bytes were allocated.
>-Exiting HiCu 09/05/02 @ 00:24:04-<
<<Entering FockNGrueven 09/05/02 @ 00:24:04>>
 FockNGrueven         :: F[5] CheckSum  = 0.8471094780155774D+02
 FockNGrueven         :: OrthoF[5] CheckSum  = 0.7702117300731727D+02
 FockNGrueven         :: CPU (Sec,MFLOPS) = (0.34D+00, 162),
                         WALL(Sec,MFLOPS) = (0.97D+00, 56)
 FockNGrueven         :: Allocs=37,  DeAllocs=33, 380468 bytes are presently allocated.
                         A max of 2847168 bytes were allocated.
>-Exiting FockNGrueven 09/05/02 @ 00:24:05-<
<<Entering DIIS 09/05/02 @ 00:24:06>>
 DIIS                 :: Cond# = 0.17D+03, MIN(E) = 0.16D-01
 DIIS : Pulay C1      :: DIISCo = -.41D-01, 0.61D-01, 0.15D+00,
                                  0.48D+00, 0.34D+00
 DIIS                 :: F_DIIS[5] CheckSum  = 0.7702533126075387D+02
 DIIS                 :: CPU (Sec,MFLOPS) = (0.85D+00, 130),
                         WALL(Sec,MFLOPS) = (0.85D+00, 130)
 DIIS                 :: Allocs=60,  DeAllocs=55, 432 bytes are presently allocated.
                         A max of 3026148 bytes were allocated.
>-Exiting DIIS 09/05/02 @ 00:24:07-<
<<Entering NT4 09/05/02 @ 00:24:07>>
 NT4                  :: Trix = 0.10D-03
 NT4 : Pure 1         :: dE=0.10D+01, dP=0.42D+00, ThrX=0.10D-03, %Non0=44
 NT4 : Pure 2         :: dE=0.64D-01, dP=0.22D+00, ThrX=0.10D-03, %Non0=42
 NT4 : Pure 3         :: dE=0.89D-02, dP=0.46D-01, ThrX=0.10D-03, %Non0=43
 NT4 : Pure 4         :: dE=0.78D-02, dP=0.64D-01, ThrX=0.10D-03, %Non0=47
 NT4 : Pure 5         :: dE=0.11D-01, dP=0.88D-01, ThrX=0.10D-03, %Non0=54
 NT4 : Pure 6         :: dE=0.13D-01, dP=0.11D+00, ThrX=0.10D-03, %Non0=57
 NT4 : Pure 7         :: dE=0.13D-01, dP=0.11D+00, ThrX=0.10D-03, %Non0=67
 NT4 : Pure 8         :: dE=0.95D-02, dP=0.83D-01, ThrX=0.10D-03, %Non0=80
 NT4 : Pure 9         :: dE=0.49D-02, dP=0.54D-01, ThrX=0.10D-03, %Non0=97
 NT4 : Pure 10        :: dE=0.22D-02, dP=0.49D-01, ThrX=0.10D-03, %Non0=100
 NT4 : Pure 11        :: dE=0.99D-03, dP=0.34D-01, ThrX=0.10D-03, %Non0=100
 NT4 : Pure 12        :: dE=0.37D-03, dP=0.23D-01, ThrX=0.10D-03, %Non0=100
 NT4 : Pure 13        :: dE=0.13D-03, dP=0.15D-01, ThrX=0.10D-03, %Non0=100
 NT4 : Pure 14        :: dE=0.49D-04, dP=0.83D-02, ThrX=0.10D-03, %Non0=100
 NT4 : Pure 15        :: dE=0.15D-04, dP=0.31D-02, ThrX=0.10D-03, %Non0=100
 NT4 : Pure 16        :: dE=0.15D-05, dP=0.31D-03, ThrX=0.10D-03, %Non0=100
 NT4 : Pure 17        :: dE=0.13D-07, dP=0.28D-05, ThrX=0.10D-03, %Non0=100
 NT4 : Pure 18        :: dE=0.10D-11, dP=0.24D-09, ThrX=0.10D-03, %Non0=100
 NT4 : Met dE/dP goals:: Tr{FP}=-.6473038434842715D+03, dNel = 0.00D+00
 NT4                  :: 18 purification steps, 38 matrix multiplies
 NT4                  :: Fractional occupation = 0.60D+00, %Non0s = 100
 NT4 : Max abs errors :: dE=0.66D-09, dP=0.24D-09, [F,P]=0.26D-02
 NT4                  :: Rel dE=0.10D-11, ||dP||_F=0.61D-08, ||[F,P]||_F=0.17D-01
 NT4                  :: OrthoP[6] CheckSum  = 0.1341640830032178D+02
 NT4                  :: P[6] CheckSum  = 0.1147974041080527D+02
 NT4                  :: CPU (Sec,MFLOPS) = (0.82D+01, 189),
                         WALL(Sec,MFLOPS) = (0.81D+01, 189)
 NT4                  :: Allocs=257,  DeAllocs=253, 749060 bytes are presently allocated.
                         A max of 4495092 bytes were allocated.
>-Exiting NT4 09/05/02 @ 00:24:15-<
<<Entering SCFStatus 09/05/02 @ 00:24:15>>
 
= = = = = SCFCycle #5, Basis #1, Geometry #1 = = = = =

       DIISErr = 0.38D-03
       MaxDelD = 0.24D-01
       <T>     = 0.22601440D+04
       <V>     = -.42134351D+04
       <DFT>   = -.32481619D+03
       <SCF>   = -2278.10720055

 SCFStatus            :: CPU (Sec,MFLOPS) = (0.70D-01, 9),
                         WALL(Sec,MFLOPS) = (0.70D-01, 9)
 SCFStatus            :: Allocs=16,  DeAllocs=16, 0 bytes are presently allocated.
                         A max of 2247900 bytes were allocated.
>-Exiting SCFStatus 09/05/02 @ 00:24:15-<
 DIISQ =    0.9930026021274678     
 DMaxQ =     1.225321874415028     
 DIISB =    3.7713685588933386E-004
 DIISA =    7.5163473514561421E-004
 DMaxA =    5.4276337479740286E-002
 DMaxB =    2.4390331171308843E-002
<<Entering MakeRho 09/05/02 @ 00:24:15>>
 MakeRho : Pruned Rho :: dNel = -.19D-07, kept 22% of distributions.
 MakeRho : Moments    :: <r> = (0.19D-01, -.18D-01, -.21D-01), <r^2> = 0.33D+03
 MakeRho              :: Rho CheckSum  = 0.3309575337150052D+04
 MakeRho              :: CPU Sec = 0.30D+02, WALL Sec = 0.30D+02
 MakeRho              :: Allocs=64,  DeAllocs=59, 728 bytes are presently allocated.
                         A max of 41950028 bytes were allocated.
>-Exiting MakeRho 09/05/02 @ 00:24:45-<
<<Entering QCTC 09/05/02 @ 00:24:46>>
 QCTC                 :: J[6] CheckSum  = 0.1861242919480046D+03
 QCTC                 :: CPU Sec = 0.16D+04, WALL Sec = 0.59D+04
 QCTC                 :: Allocs=575588,  DeAllocs=50, 97240304 bytes are presently allocated.
                         A max of 110431724 bytes were allocated.
>-Exiting QCTC 09/05/02 @ 02:02:51-<
<<Entering HiCu 09/05/02 @ 02:02:51>>
 HiCu.GridGen         :: Tau = 0.10D-01, <Rho> = 0.17991826D+03, <Exc> = -.32399359D+03, Pts/Atom = 1353
 HiCu.GridGen         :: Tau = 0.10D-02, <Rho> = 0.18003146D+03, <Exc> = -.32488965D+03, Pts/Atom = 2895
 HiCu.GridGen         :: Tau = 0.10D-03, <Rho> = 0.17999846D+03, <Exc> = -.32480455D+03, Pts/Atom = 5515
 HiCu.GridGen         :: Tau = 0.10D-04, <Rho> = 0.17999953D+03, <Exc> = -.32481279D+03, Pts/Atom = 10312
 HiCu.GridGen         :: Tau = 0.10D-05, <Rho> = 0.18000008D+03, <Exc> = -.32481432D+03, Pts/Atom = 19726
 HiCu.GridGen         :: Tau = 0.10D-06, <Rho> = 0.18000002D+03, <Exc> = -.32481461D+03, Pts/Atom = 36980
 HiCu.GridGen         :: TauRel = 0.10D-06, RhoErr = 0.13D-06, <Exc> = -.32481461D+03
 HiCu.GridGen         :: CPU Sec = 0.11D+04, WALL Sec = 0.97D+04
 HiCu.MakeKxc         :: WALL (Sec) = 0.63D+04
 HiCu                 :: Kxc[6] CheckSum  = 0.2126226194419476D+02
 HiCu                 :: WALL (Sec) = 0.16D+05
 HiCu                 :: Allocs=495467,  DeAllocs=190235, 166031768 bytes are presently allocated.
                         A max of 167538192 bytes were allocated.
>-Exiting HiCu 09/05/02 @ 06:28:50-<
<<Entering FockNGrueven 09/05/02 @ 06:28:50>>
 FockNGrueven         :: F[6] CheckSum  = 0.8471216026751017D+02
 FockNGrueven         :: OrthoF[6] CheckSum  = 0.7702194886677876D+02
 FockNGrueven         :: CPU (Sec,MFLOPS) = (0.34D+00, 162),
                         WALL(Sec,MFLOPS) = (0.34D+00, 162)
 FockNGrueven         :: Allocs=37,  DeAllocs=33, 380468 bytes are presently allocated.
                         A max of 2847168 bytes were allocated.
>-Exiting FockNGrueven 09/05/02 @ 06:28:51-<
<<Entering DIIS 09/05/02 @ 06:28:51>>
 DIIS                 :: Cond# = 0.21D+04, MIN(E) = 0.14D-02
 DIIS : Pulay C1      :: DIISCo = -.21D-01, 0.29D-01, 0.83D-01,
                                  0.27D+00, 0.24D+00, 0.40D+00
 DIIS                 :: F_DIIS[6] CheckSum  = 0.7702365430274753D+02
 DIIS                 :: CPU (Sec,MFLOPS) = (0.95D+00, 118),
                         WALL(Sec,MFLOPS) = (0.95D+00, 118)
 DIIS                 :: Allocs=67,  DeAllocs=62, 536 bytes are presently allocated.
                         A max of 3026148 bytes were allocated.
>-Exiting DIIS 09/05/02 @ 06:28:52-<
<<Entering NT4 09/05/02 @ 06:28:52>>
 NT4                  :: Trix = 0.10D-03
 NT4 : Pure 1         :: dE=0.10D+01, dP=0.42D+00, ThrX=0.10D-03, %Non0=44
 NT4 : Pure 2         :: dE=0.64D-01, dP=0.22D+00, ThrX=0.10D-03, %Non0=42
 NT4 : Pure 3         :: dE=0.89D-02, dP=0.46D-01, ThrX=0.10D-03, %Non0=43
 NT4 : Pure 4         :: dE=0.78D-02, dP=0.64D-01, ThrX=0.10D-03, %Non0=47
 NT4 : Pure 5         :: dE=0.11D-01, dP=0.88D-01, ThrX=0.10D-03, %Non0=54
 NT4 : Pure 6         :: dE=0.13D-01, dP=0.11D+00, ThrX=0.10D-03, %Non0=57
 NT4 : Pure 7         :: dE=0.13D-01, dP=0.11D+00, ThrX=0.10D-03, %Non0=67
 NT4 : Pure 8         :: dE=0.95D-02, dP=0.83D-01, ThrX=0.10D-03, %Non0=80
 NT4 : Pure 9         :: dE=0.49D-02, dP=0.54D-01, ThrX=0.10D-03, %Non0=97
 NT4 : Pure 10        :: dE=0.22D-02, dP=0.49D-01, ThrX=0.10D-03, %Non0=100
 NT4 : Pure 11        :: dE=0.99D-03, dP=0.34D-01, ThrX=0.10D-03, %Non0=100
 NT4 : Pure 12        :: dE=0.37D-03, dP=0.23D-01, ThrX=0.10D-03, %Non0=100
 NT4 : Pure 13        :: dE=0.13D-03, dP=0.15D-01, ThrX=0.10D-03, %Non0=100
 NT4 : Pure 14        :: dE=0.49D-04, dP=0.84D-02, ThrX=0.10D-03, %Non0=100
 NT4 : Pure 15        :: dE=0.15D-04, dP=0.31D-02, ThrX=0.10D-03, %Non0=100
 NT4 : Pure 16        :: dE=0.15D-05, dP=0.32D-03, ThrX=0.10D-03, %Non0=100
 NT4 : Pure 17        :: dE=0.13D-07, dP=0.28D-05, ThrX=0.10D-03, %Non0=100
 NT4 : Pure 18        :: dE=0.10D-11, dP=0.22D-09, ThrX=0.10D-03, %Non0=100
 NT4 : Met dE/dP goals:: Tr{FP}=-.6472657536063165D+03, dNel = 0.11D-12
 NT4                  :: 18 purification steps, 38 matrix multiplies
 NT4                  :: Fractional occupation = 0.60D+00, %Non0s = 100
 NT4 : Max abs errors :: dE=0.66D-09, dP=0.22D-09, [F,P]=0.26D-02
 NT4                  :: Rel dE=0.10D-11, ||dP||_F=0.59D-08, ||[F,P]||_F=0.17D-01
 NT4                  :: OrthoP[7] CheckSum  = 0.1341640831473041D+02
 NT4                  :: P[7] CheckSum  = 0.1147969438141918D+02
 NT4                  :: CPU (Sec,MFLOPS) = (0.81D+01, 191),
                         WALL(Sec,MFLOPS) = (0.81D+01, 190)
 NT4                  :: Allocs=256,  DeAllocs=252, 749060 bytes are presently allocated.
                         A max of 4495092 bytes were allocated.
>-Exiting NT4 09/05/02 @ 06:29:00-<
<<Entering SCFStatus 09/05/02 @ 06:29:00>>
 
= = = = = SCFCycle #6, Basis #1, Geometry #1 = = = = =

       DIISErr = 0.12D-03
       MaxDelD = 0.77D-02
       <T>     = 0.22601336D+04
       <V>     = -.42134345D+04
       <DFT>   = -.32481461D+03
       <SCF>   = -2278.11547824

 SCFStatus            :: CPU (Sec,MFLOPS) = (0.70D-01, 9),
                         WALL(Sec,MFLOPS) = (0.80D-01, 8)
 SCFStatus            :: Allocs=16,  DeAllocs=16, 0 bytes are presently allocated.
                         A max of 2247900 bytes were allocated.
>-Exiting SCFStatus 09/05/02 @ 06:29:00-<
 DIISQ =     2.087911905413431     
 DMaxQ =     2.159228429934690     
 DIISB =    1.2213329506848098E-004
 DIISA =    3.7713685588933386E-004
 DMaxA =    2.4390331171308843E-002
 DMaxB =    7.7203442904611554E-003
<<Entering MakeRho 09/05/02 @ 06:29:00>>
 MakeRho : Pruned Rho :: dNel = -.20D-07, kept 22% of distributions.
 MakeRho : Moments    :: <r> = (0.12D-01, 0.20D-02, 0.71D-02), <r^2> = 0.34D+03
 MakeRho              :: Rho CheckSum  = 0.3309579446305724D+04
 MakeRho              :: CPU Sec = 0.30D+02, WALL Sec = 0.30D+02
 MakeRho              :: Allocs=64,  DeAllocs=59, 728 bytes are presently allocated.
                         A max of 41946028 bytes were allocated.
>-Exiting MakeRho 09/05/02 @ 06:29:30-<
<<Entering QCTC 09/05/02 @ 06:29:30>>
 QCTC                 :: J[7] CheckSum  = 0.1861258002009243D+03
 QCTC                 :: CPU Sec = 0.16D+04, WALL Sec = 0.59D+04
 QCTC                 :: Allocs=575428,  DeAllocs=50, 97210288 bytes are presently allocated.
                         A max of 110396556 bytes were allocated.
>-Exiting QCTC 09/05/02 @ 08:07:39-<
<<Entering HiCu 09/05/02 @ 08:07:39>>
 HiCu.GridGen         :: Tau = 0.10D-01, <Rho> = 0.17992295D+03, <Exc> = -.32402969D+03, Pts/Atom = 1353
 HiCu.GridGen         :: Tau = 0.10D-02, <Rho> = 0.18003715D+03, <Exc> = -.32489107D+03, Pts/Atom = 2899
 HiCu.GridGen         :: Tau = 0.10D-03, <Rho> = 0.17999902D+03, <Exc> = -.32480531D+03, Pts/Atom = 5516
 HiCu.GridGen         :: Tau = 0.10D-04, <Rho> = 0.17999959D+03, <Exc> = -.32481230D+03, Pts/Atom = 10308
 HiCu.GridGen         :: Tau = 0.10D-05, <Rho> = 0.18000008D+03, <Exc> = -.32481381D+03, Pts/Atom = 19733
 HiCu.GridGen         :: Tau = 0.10D-06, <Rho> = 0.18000002D+03, <Exc> = -.32481411D+03, Pts/Atom = 36944
 HiCu.GridGen         :: TauRel = 0.10D-06, RhoErr = 0.13D-06, <Exc> = -.32481411D+03
 HiCu.GridGen         :: CPU Sec = 0.11D+04, WALL Sec = 0.97D+04
 HiCu.MakeKxc         :: WALL (Sec) = 0.63D+04
 HiCu                 :: Kxc[7] CheckSum  = 0.2126224496747240D+02
 HiCu                 :: WALL (Sec) = 0.16D+05
 HiCu                 :: Allocs=495069,  DeAllocs=190052, 165874816 bytes are presently allocated.
                         A max of 167381240 bytes were allocated.
>-Exiting HiCu 09/05/02 @ 12:33:18-<
<<Entering FockNGrueven 09/05/02 @ 12:33:18>>
 FockNGrueven         :: F[7] CheckSum  = 0.8471384088697718D+02
 FockNGrueven         :: OrthoF[7] CheckSum  = 0.7702308544779581D+02
 FockNGrueven         :: CPU (Sec,MFLOPS) = (0.33D+00, 167),
                         WALL(Sec,MFLOPS) = (0.33D+00, 167)
 FockNGrueven         :: Allocs=37,  DeAllocs=33, 380468 bytes are presently allocated.
                         A max of 2847168 bytes were allocated.
>-Exiting FockNGrueven 09/05/02 @ 12:33:19-<
<<Entering DIIS 09/05/02 @ 12:33:19>>
 DIIS                 :: Cond# = 0.10D+05, MIN(E) = 0.30D-03
 DIIS : Pulay C1      :: DIISCo = -.99D-03, 0.13D-02, 0.84D-02,
                                  0.34D-01, 0.72D-01, 0.33D+00, 0.56D+00
 DIIS                 :: F_DIIS[7] CheckSum  = 0.7702270748174968D+02
 DIIS                 :: CPU (Sec,MFLOPS) = (0.11D+01, 107),
                         WALL(Sec,MFLOPS) = (0.11D+01, 107)
 DIIS                 :: Allocs=75,  DeAllocs=70, 656 bytes are presently allocated.
                         A max of 3026148 bytes were allocated.
>-Exiting DIIS 09/05/02 @ 12:33:20-<
<<Entering NT4 09/05/02 @ 12:33:20>>
 NT4                  :: Trix = 0.10D-03
 NT4 : Pure 1         :: dE=0.10D+01, dP=0.42D+00, ThrX=0.10D-03, %Non0=44
 NT4 : Pure 2         :: dE=0.64D-01, dP=0.22D+00, ThrX=0.10D-03, %Non0=42
 NT4 : Pure 3         :: dE=0.89D-02, dP=0.46D-01, ThrX=0.10D-03, %Non0=43
 NT4 : Pure 4         :: dE=0.78D-02, dP=0.64D-01, ThrX=0.10D-03, %Non0=47
 NT4 : Pure 5         :: dE=0.11D-01, dP=0.88D-01, ThrX=0.10D-03, %Non0=54
 NT4 : Pure 6         :: dE=0.13D-01, dP=0.11D+00, ThrX=0.10D-03, %Non0=57
 NT4 : Pure 7         :: dE=0.13D-01, dP=0.11D+00, ThrX=0.10D-03, %Non0=67
 NT4 : Pure 8         :: dE=0.95D-02, dP=0.83D-01, ThrX=0.10D-03, %Non0=80
 NT4 : Pure 9         :: dE=0.49D-02, dP=0.54D-01, ThrX=0.10D-03, %Non0=97
 NT4 : Pure 10        :: dE=0.22D-02, dP=0.49D-01, ThrX=0.10D-03, %Non0=100
 NT4 : Pure 11        :: dE=0.99D-03, dP=0.34D-01, ThrX=0.10D-03, %Non0=100
 NT4 : Pure 12        :: dE=0.37D-03, dP=0.23D-01, ThrX=0.10D-03, %Non0=100
 NT4 : Pure 13        :: dE=0.13D-03, dP=0.15D-01, ThrX=0.10D-03, %Non0=100
 NT4 : Pure 14        :: dE=0.49D-04, dP=0.84D-02, ThrX=0.10D-03, %Non0=100
 NT4 : Pure 15        :: dE=0.15D-04, dP=0.30D-02, ThrX=0.10D-03, %Non0=100
 NT4 : Pure 16        :: dE=0.15D-05, dP=0.31D-03, ThrX=0.10D-03, %Non0=100
 NT4 : Pure 17        :: dE=0.13D-07, dP=0.28D-05, ThrX=0.10D-03, %Non0=100
 NT4 : Pure 18        :: dE=0.10D-11, dP=0.22D-09, ThrX=0.10D-03, %Non0=100
 NT4 : Met dE/dP goals:: Tr{FP}=-.6472416989880508D+03, dNel = 0.11D-12
 NT4                  :: 18 purification steps, 38 matrix multiplies
 NT4                  :: Fractional occupation = 0.60D+00, %Non0s = 100
 NT4 : Max abs errors :: dE=0.65D-09, dP=0.22D-09, [F,P]=0.26D-02
 NT4                  :: Rel dE=0.10D-11, ||dP||_F=0.58D-08, ||[F,P]||_F=0.17D-01
 NT4                  :: OrthoP[8] CheckSum  = 0.1341640830740027D+02
 NT4                  :: P[8] CheckSum  = 0.1147967314755048D+02
 NT4                  :: CPU (Sec,MFLOPS) = (0.81D+01, 190),
                         WALL(Sec,MFLOPS) = (0.81D+01, 190)
 NT4                  :: Allocs=256,  DeAllocs=252, 749060 bytes are presently allocated.
                         A max of 4495092 bytes were allocated.
>-Exiting NT4 09/05/02 @ 12:33:28-<
<<Entering SCFStatus 09/05/02 @ 12:33:28>>
 
= = = = = SCFCycle #7, Basis #1, Geometry #1 = = = = =

       DIISErr = 0.76D-04
       MaxDelD = 0.26D-02
       <T>     = 0.22601318D+04
       <V>     = -.42134338D+04
       <DFT>   = -.32481411D+03
       <SCF>   = -2278.11609690

 SCFStatus            :: CPU (Sec,MFLOPS) = (0.80D-01, 8),
                         WALL(Sec,MFLOPS) = (0.80D-01, 8)
 SCFStatus            :: Allocs=16,  DeAllocs=16, 0 bytes are presently allocated.
                         A max of 2247900 bytes were allocated.
>-Exiting SCFStatus 09/05/02 @ 12:33:28-<
 DIISQ =    0.6076064805063951     
 DMaxQ =     1.933590169321602     
 DIISB =    7.5972134069781214E-005
 DIISA =    1.2213329506848098E-004
 DMaxA =    7.7203442904611554E-003
 DMaxB =    2.6317051274570158E-003
<<Entering MakeRho 09/05/02 @ 12:33:28>>
 MakeRho : Pruned Rho :: dNel = -.20D-07, kept 22% of distributions.
 MakeRho : Moments    :: <r> = (-.41D-02, -.37D-02, -.37D-04), <r^2> = 0.34D+03
 MakeRho              :: Rho CheckSum  = 0.3309583163695799D+04
 MakeRho              :: CPU Sec = 0.30D+02, WALL Sec = 0.30D+02
 MakeRho              :: Allocs=64,  DeAllocs=59, 728 bytes are presently allocated.
                         A max of 41942668 bytes were allocated.
>-Exiting MakeRho 09/05/02 @ 12:33:59-<
<<Entering QCTC 09/05/02 @ 12:33:59>>
 QCTC                 :: J[8] CheckSum  = 0.1861268856041275D+03
 QCTC                 :: CPU Sec = 0.16D+04, WALL Sec = 0.59D+04
 QCTC                 :: Allocs=575248,  DeAllocs=50, 97178800 bytes are presently allocated.
                         A max of 110360412 bytes were allocated.
>-Exiting QCTC 09/05/02 @ 14:11:59-<
<<Entering HiCu 09/05/02 @ 14:11:59>>
 HiCu.GridGen         :: Tau = 0.10D-01, <Rho> = 0.17991752D+03, <Exc> = -.32398674D+03, Pts/Atom = 1353
 HiCu.GridGen         :: Tau = 0.10D-02, <Rho> = 0.18003186D+03, <Exc> = -.32489220D+03, Pts/Atom = 2898
 HiCu.GridGen         :: Tau = 0.10D-03, <Rho> = 0.17999850D+03, <Exc> = -.32480397D+03, Pts/Atom = 5518
 HiCu.GridGen         :: Tau = 0.10D-04, <Rho> = 0.17999952D+03, <Exc> = -.32481190D+03, Pts/Atom = 10313
 HiCu.GridGen         :: Tau = 0.10D-05, <Rho> = 0.18000008D+03, <Exc> = -.32481351D+03, Pts/Atom = 19734
 HiCu.GridGen         :: Tau = 0.10D-06, <Rho> = 0.18000002D+03, <Exc> = -.32481381D+03, Pts/Atom = 36958
 HiCu.GridGen         :: TauRel = 0.10D-06, RhoErr = 0.13D-06, <Exc> = -.32481381D+03
 HiCu.GridGen         :: CPU Sec = 0.11D+04, WALL Sec = 0.97D+04
 HiCu.MakeKxc         :: WALL (Sec) = 0.63D+04
 HiCu                 :: Kxc[8] CheckSum  = 0.2126223327044910D+02
 HiCu                 :: WALL (Sec) = 0.16D+05
 HiCu                 :: Allocs=495171,  DeAllocs=190121, 165930280 bytes are presently allocated.
                         A max of 167436704 bytes were allocated.
>-Exiting HiCu 09/05/02 @ 18:37:43-<
<<Entering FockNGrueven 09/05/02 @ 18:37:43>>
 FockNGrueven         :: F[8] CheckSum  = 0.8471506277684503D+02
 FockNGrueven         :: OrthoF[8] CheckSum  = 0.7702391300178901D+02
 FockNGrueven         :: CPU (Sec,MFLOPS) = (0.32D+00, 172),
                         WALL(Sec,MFLOPS) = (0.33D+00, 167)
 FockNGrueven         :: Allocs=37,  DeAllocs=33, 380468 bytes are presently allocated.
                         A max of 2847168 bytes were allocated.
>-Exiting FockNGrueven 09/05/02 @ 18:37:44-<
<<Entering DIIS 09/05/02 @ 18:37:44>>
 DIIS                 :: Cond# = 0.12D+06, MIN(E) = 0.27D-04
 DIIS : Pulay C1      :: DIISCo = -.53D-04, 0.21D-03, 0.28D-02,
                                  0.14D-01, 0.40D-01, 0.20D+00, 0.38D+00, 0.36D+00
 DIIS                 :: F_DIIS[8] CheckSum  = 0.7702311465194366D+02
 DIIS                 :: CPU (Sec,MFLOPS) = (0.12D+01, 97),
                         WALL(Sec,MFLOPS) = (0.12D+01, 97)
 DIIS                 :: Allocs=84,  DeAllocs=79, 792 bytes are presently allocated.
                         A max of 3026148 bytes were allocated.
>-Exiting DIIS 09/05/02 @ 18:37:45-<
<<Entering NT4 09/05/02 @ 18:37:45>>
 NT4                  :: Trix = 0.10D-03
 NT4 : Pure 1         :: dE=0.10D+01, dP=0.42D+00, ThrX=0.10D-03, %Non0=44
 NT4 : Pure 2         :: dE=0.64D-01, dP=0.22D+00, ThrX=0.10D-03, %Non0=42
 NT4 : Pure 3         :: dE=0.89D-02, dP=0.46D-01, ThrX=0.10D-03, %Non0=43
 NT4 : Pure 4         :: dE=0.78D-02, dP=0.64D-01, ThrX=0.10D-03, %Non0=47
 NT4 : Pure 5         :: dE=0.11D-01, dP=0.88D-01, ThrX=0.10D-03, %Non0=54
 NT4 : Pure 6         :: dE=0.13D-01, dP=0.11D+00, ThrX=0.10D-03, %Non0=57
 NT4 : Pure 7         :: dE=0.13D-01, dP=0.11D+00, ThrX=0.10D-03, %Non0=67
 NT4 : Pure 8         :: dE=0.95D-02, dP=0.83D-01, ThrX=0.10D-03, %Non0=80
 NT4 : Pure 9         :: dE=0.49D-02, dP=0.54D-01, ThrX=0.10D-03, %Non0=97
 NT4 : Pure 10        :: dE=0.22D-02, dP=0.49D-01, ThrX=0.10D-03, %Non0=100
 NT4 : Pure 11        :: dE=0.99D-03, dP=0.34D-01, ThrX=0.10D-03, %Non0=100
 NT4 : Pure 12        :: dE=0.37D-03, dP=0.23D-01, ThrX=0.10D-03, %Non0=100
 NT4 : Pure 13        :: dE=0.13D-03, dP=0.15D-01, ThrX=0.10D-03, %Non0=100
 NT4 : Pure 14        :: dE=0.49D-04, dP=0.84D-02, ThrX=0.10D-03, %Non0=100
 NT4 : Pure 15        :: dE=0.15D-04, dP=0.31D-02, ThrX=0.10D-03, %Non0=100
 NT4 : Pure 16        :: dE=0.15D-05, dP=0.31D-03, ThrX=0.10D-03, %Non0=100
 NT4 : Pure 17        :: dE=0.13D-07, dP=0.28D-05, ThrX=0.10D-03, %Non0=100
 NT4 : Pure 18        :: dE=0.10D-11, dP=0.22D-09, ThrX=0.10D-03, %Non0=100
 NT4 : Met dE/dP goals:: Tr{FP}=-.6472504333324357D+03, dNel = 0.00D+00
 NT4                  :: 18 purification steps, 38 matrix multiplies
 NT4                  :: Fractional occupation = 0.60D+00, %Non0s = 100
 NT4 : Max abs errors :: dE=0.65D-09, dP=0.22D-09, [F,P]=0.26D-02
 NT4                  :: Rel dE=0.10D-11, ||dP||_F=0.58D-08, ||[F,P]||_F=0.17D-01
 NT4                  :: OrthoP[9] CheckSum  = 0.1341640831280460D+02
 NT4                  :: P[9] CheckSum  = 0.1147968172475189D+02
 NT4                  :: CPU (Sec,MFLOPS) = (0.82D+01, 189),
                         WALL(Sec,MFLOPS) = (0.82D+01, 189)
 NT4                  :: Allocs=257,  DeAllocs=253, 749060 bytes are presently allocated.
                         A max of 4495092 bytes were allocated.
>-Exiting NT4 09/05/02 @ 18:37:53-<
<<Entering SCFStatus 09/05/02 @ 18:37:53>>
 
= = = = = SCFCycle #8, Basis #1, Geometry #1 = = = = =

       DIISErr = 0.58D-04
       MaxDelD = 0.85D-03
       <T>     = 0.22601311D+04
       <V>     = -.42134336D+04
       <DFT>   = -.32481381D+03
       <SCF>   = -2278.11624908

 SCFStatus            :: CPU (Sec,MFLOPS) = (0.70D-01, 9),
                         WALL(Sec,MFLOPS) = (0.70D-01, 9)
 SCFStatus            :: Allocs=16,  DeAllocs=16, 0 bytes are presently allocated.
                         A max of 2247900 bytes were allocated.
>-Exiting SCFStatus 09/05/02 @ 18:37:53-<
 DIISQ =    0.3064956552252414     
 DMaxQ =     2.079205338947193     
 DIISB =    5.8149549725585237E-005
 DIISA =    7.5972134069781214E-005
 DMaxA =    2.6317051274570158E-003
 DMaxB =    8.5467022746746029E-004
<<Entering MakeRho 09/05/02 @ 18:37:54>>
 MakeRho : Pruned Rho :: dNel = -.20D-07, kept 22% of distributions.
 MakeRho : Moments    :: <r> = (-.32D-02, -.37D-02, 0.13D-02), <r^2> = 0.34D+03
 MakeRho              :: Rho CheckSum  = 0.3309582475783720D+04
 MakeRho              :: CPU Sec = 0.30D+02, WALL Sec = 0.30D+02
 MakeRho              :: Allocs=64,  DeAllocs=59, 728 bytes are presently allocated.
                         A max of 41942668 bytes were allocated.
>-Exiting MakeRho 09/05/02 @ 18:38:24-<
<<Entering QCTC 09/05/02 @ 18:38:24>>
 QCTC                 :: J[9] CheckSum  = 0.1861265894858314D+03
 QCTC                 :: CPU Sec = 0.16D+04, WALL Sec = 0.59D+04
 QCTC                 :: Allocs=575248,  DeAllocs=50, 97178800 bytes are presently allocated.
                         A max of 110360412 bytes were allocated.
>-Exiting QCTC 09/05/02 @ 20:16:13-<
<<Entering HiCu 09/05/02 @ 20:16:13>>
 HiCu.GridGen         :: Tau = 0.10D-01, <Rho> = 0.17992197D+03, <Exc> = -.32402269D+03, Pts/Atom = 1353
 HiCu.GridGen         :: Tau = 0.10D-02, <Rho> = 0.18003749D+03, <Exc> = -.32489367D+03, Pts/Atom = 2902
 HiCu.GridGen         :: Tau = 0.10D-03, <Rho> = 0.17999894D+03, <Exc> = -.32480454D+03, Pts/Atom = 5520
 HiCu.GridGen         :: Tau = 0.10D-04, <Rho> = 0.17999958D+03, <Exc> = -.32481203D+03, Pts/Atom = 10320
 HiCu.GridGen         :: Tau = 0.10D-05, <Rho> = 0.18000008D+03, <Exc> = -.32481361D+03, Pts/Atom = 19734
 HiCu.GridGen         :: Tau = 0.10D-06, <Rho> = 0.18000002D+03, <Exc> = -.32481390D+03, Pts/Atom = 36951
 HiCu.GridGen         :: TauRel = 0.10D-06, RhoErr = 0.13D-06, <Exc> = -.32481390D+03
 HiCu.GridGen         :: CPU Sec = 0.11D+04, WALL Sec = 0.97D+04
 HiCu.MakeKxc         :: WALL (Sec) = 0.63D+04
 HiCu                 :: Kxc[9] CheckSum  = 0.2126223679583506D+02
 HiCu                 :: WALL (Sec) = 0.16D+05
 HiCu                 :: Allocs=495099,  DeAllocs=190085, 165900040 bytes are presently allocated.
                         A max of 167406464 bytes were allocated.
>-Exiting HiCu 09/06/02 @ 00:41:57-<
<<Entering FockNGrueven 09/06/02 @ 00:41:57>>
 FockNGrueven         :: F[9] CheckSum  = 0.8471472868681933D+02
 FockNGrueven         :: OrthoF[9] CheckSum  = 0.7702368550617416D+02
 FockNGrueven         :: CPU (Sec,MFLOPS) = (0.33D+00, 167),
                         WALL(Sec,MFLOPS) = (0.33D+00, 167)
 FockNGrueven         :: Allocs=37,  DeAllocs=33, 380468 bytes are presently allocated.
                         A max of 2847168 bytes were allocated.
>-Exiting FockNGrueven 09/06/02 @ 00:41:58-<
<<Entering DIIS 09/06/02 @ 00:41:58>>
 DIIS                 :: Cond# = 0.21D+07, MIN(E) = 0.16D-05
 DIIS : Pulay C1      :: DIISCo = -.24D-03, 0.52D-03, 0.18D-02,
                                  0.86D-02, 0.22D-01, 0.11D+00, 0.21D+00,
                                  0.23D+00, 0.43D+00
 DIIS                 :: F_DIIS[9] CheckSum  = 0.7702339572655922D+02
 DIIS                 :: CPU (Sec,MFLOPS) = (0.13D+01, 88),
                         WALL(Sec,MFLOPS) = (0.13D+01, 88)
 DIIS                 :: Allocs=94,  DeAllocs=89, 944 bytes are presently allocated.
                         A max of 3026148 bytes were allocated.
>-Exiting DIIS 09/06/02 @ 00:41:59-<
<<Entering NT4 09/06/02 @ 00:41:59>>
 NT4                  :: Trix = 0.10D-03
 NT4 : Pure 1         :: dE=0.10D+01, dP=0.42D+00, ThrX=0.10D-03, %Non0=44
 NT4 : Pure 2         :: dE=0.64D-01, dP=0.22D+00, ThrX=0.10D-03, %Non0=42
 NT4 : Pure 3         :: dE=0.89D-02, dP=0.46D-01, ThrX=0.10D-03, %Non0=43
 NT4 : Pure 4         :: dE=0.78D-02, dP=0.64D-01, ThrX=0.10D-03, %Non0=47
 NT4 : Pure 5         :: dE=0.11D-01, dP=0.88D-01, ThrX=0.10D-03, %Non0=54
 NT4 : Pure 6         :: dE=0.13D-01, dP=0.11D+00, ThrX=0.10D-03, %Non0=57
 NT4 : Pure 7         :: dE=0.13D-01, dP=0.11D+00, ThrX=0.10D-03, %Non0=67
 NT4 : Pure 8         :: dE=0.95D-02, dP=0.83D-01, ThrX=0.10D-03, %Non0=80
 NT4 : Pure 9         :: dE=0.49D-02, dP=0.54D-01, ThrX=0.10D-03, %Non0=97
 NT4 : Pure 10        :: dE=0.22D-02, dP=0.49D-01, ThrX=0.10D-03, %Non0=100
 NT4 : Pure 11        :: dE=0.99D-03, dP=0.34D-01, ThrX=0.10D-03, %Non0=100
 NT4 : Pure 12        :: dE=0.37D-03, dP=0.23D-01, ThrX=0.10D-03, %Non0=100
 NT4 : Pure 13        :: dE=0.13D-03, dP=0.15D-01, ThrX=0.10D-03, %Non0=100
 NT4 : Pure 14        :: dE=0.49D-04, dP=0.84D-02, ThrX=0.10D-03, %Non0=100
 NT4 : Pure 15        :: dE=0.15D-04, dP=0.30D-02, ThrX=0.10D-03, %Non0=100
 NT4 : Pure 16        :: dE=0.15D-05, dP=0.31D-03, ThrX=0.10D-03, %Non0=100
 NT4 : Pure 17        :: dE=0.13D-07, dP=0.28D-05, ThrX=0.10D-03, %Non0=100
 NT4 : Pure 18        :: dE=0.10D-11, dP=0.22D-09, ThrX=0.10D-03, %Non0=100
 NT4 : Met dE/dP goals:: Tr{FP}=-.6472565936649575D+03, dNel = 0.00D+00
 NT4                  :: 18 purification steps, 38 matrix multiplies
 NT4                  :: Fractional occupation = 0.60D+00, %Non0s = 100
 NT4 : Max abs errors :: dE=0.65D-09, dP=0.22D-09, [F,P]=0.26D-02
 NT4                  :: Rel dE=0.10D-11, ||dP||_F=0.58D-08, ||[F,P]||_F=0.17D-01
 NT4                  :: OrthoP[10] CheckSum  = 0.1341640830828667D+02
 NT4                  :: P[10] CheckSum  = 0.1147968779493224D+02
 NT4                  :: CPU (Sec,MFLOPS) = (0.82D+01, 189),
                         WALL(Sec,MFLOPS) = (0.81D+01, 189)
 NT4                  :: Allocs=256,  DeAllocs=252, 749060 bytes are presently allocated.
                         A max of 4495092 bytes were allocated.
>-Exiting NT4 09/06/02 @ 00:42:07-<
<<Entering SCFStatus 09/06/02 @ 00:42:07>>
 
= = = = = SCFCycle #9, Basis #1, Geometry #1 = = = = =

       DIISErr = 0.57D-04
       MaxDelD = 0.21D-03
       <T>     = 0.22601316D+04
       <V>     = -.42134339D+04
       <DFT>   = -.32481390D+03
       <SCF>   = -2278.11626132

 SCFStatus            :: CPU (Sec,MFLOPS) = (0.70D-01, 9),
                         WALL(Sec,MFLOPS) = (0.70D-01, 9)
 SCFStatus            :: Allocs=16,  DeAllocs=16, 0 bytes are presently allocated.
                         A max of 2247900 bytes were allocated.
>-Exiting SCFStatus 09/06/02 @ 00:42:08-<
 DIISQ =    2.8529688373497567E-002
 DMaxQ =     3.051260350288574     
 DIISB =    5.6536578752084541E-005
 DIISA =    5.8149549725585237E-005
 DMaxA =    8.5467022746746029E-004
 DMaxB =    2.1096403429282979E-004
<<Entering MakeRho 09/06/02 @ 00:42:08>>
 MakeRho : Pruned Rho :: dNel = -.20D-07, kept 22% of distributions.
 MakeRho : Moments    :: <r> = (-.30D-02, -.34D-02, 0.14D-02), <r^2> = 0.34D+03
 MakeRho              :: Rho CheckSum  = 0.3309582012395536D+04
 MakeRho              :: CPU Sec = 0.30D+02, WALL Sec = 0.30D+02
 MakeRho              :: Allocs=64,  DeAllocs=59, 728 bytes are presently allocated.
                         A max of 41942708 bytes were allocated.
>-Exiting MakeRho 09/06/02 @ 00:42:38-<
<<Entering QCTC 09/06/02 @ 00:42:38>>
 QCTC                 :: J[10] CheckSum  = 0.1861263723725251D+03
 QCTC                 :: CPU Sec = 0.16D+04, WALL Sec = 0.59D+04
 QCTC                 :: Allocs=575243,  DeAllocs=50, 97178192 bytes are presently allocated.
                         A max of 110359808 bytes were allocated.
>-Exiting QCTC 09/06/02 @ 02:20:40-<
<<Entering HiCu 09/06/02 @ 02:20:40>>
 HiCu.GridGen         :: Tau = 0.10D-01, <Rho> = 0.17992198D+03, <Exc> = -.32402279D+03, Pts/Atom = 1353
 HiCu.GridGen         :: Tau = 0.10D-02, <Rho> = 0.18003749D+03, <Exc> = -.32489374D+03, Pts/Atom = 2902
 HiCu.GridGen         :: Tau = 0.10D-03, <Rho> = 0.17999893D+03, <Exc> = -.32480451D+03, Pts/Atom = 5520
 HiCu.GridGen         :: Tau = 0.10D-04, <Rho> = 0.17999958D+03, <Exc> = -.32481210D+03, Pts/Atom = 10320
 HiCu.GridGen         :: Tau = 0.10D-05, <Rho> = 0.18000008D+03, <Exc> = -.32481367D+03, Pts/Atom = 19730
 HiCu.GridGen         :: Tau = 0.10D-06, <Rho> = 0.18000002D+03, <Exc> = -.32481397D+03, Pts/Atom = 36951
 HiCu.GridGen         :: TauRel = 0.10D-06, RhoErr = 0.13D-06, <Exc> = -.32481397D+03
 HiCu.GridGen         :: CPU Sec = 0.11D+04, WALL Sec = 0.97D+04
 HiCu.MakeKxc         :: WALL (Sec) = 0.63D+04
 HiCu                 :: Kxc[10] CheckSum  = 0.2126223936423090D+02
 HiCu                 :: WALL (Sec) = 0.16D+05
 HiCu                 :: Allocs=495104,  DeAllocs=190088, 165902624 bytes are presently allocated.
                         A max of 167409048 bytes were allocated.
>-Exiting HiCu 09/06/02 @ 06:46:25-<
<<Entering FockNGrueven 09/06/02 @ 06:46:25>>
 FockNGrueven         :: F[10] CheckSum  = 0.8471448388645817D+02
 FockNGrueven         :: OrthoF[10] CheckSum  = 0.7702351898052329D+02
 FockNGrueven         :: CPU (Sec,MFLOPS) = (0.34D+00, 162),
                         WALL(Sec,MFLOPS) = (0.34D+00, 162)
 FockNGrueven         :: Allocs=37,  DeAllocs=33, 380468 bytes are presently allocated.
                         A max of 2847168 bytes were allocated.
>-Exiting FockNGrueven 09/06/02 @ 06:46:26-<
<<Entering DIIS 09/06/02 @ 06:46:26>>
 DIIS                 :: Cond# = 0.79D+07, MIN(E) = 0.43D-06
 DIIS : Pulay C1      :: DIISCo = -.31D-03, 0.61D-03, 0.17D-02,
                                  0.77D-02, 0.18D-01, 0.82D-01, 0.16D+00,
                                  0.18D+00, 0.37D+00, 0.19D+00
 DIIS                 :: F_DIIS[10] CheckSum  = 0.7702343397166420D+02
 DIIS                 :: CPU (Sec,MFLOPS) = (0.15D+01, 81),
                         WALL(Sec,MFLOPS) = (0.15D+01, 81)
 DIIS                 :: Allocs=105,  DeAllocs=100, 1112 bytes are presently allocated.
                         A max of 3026148 bytes were allocated.
>-Exiting DIIS 09/06/02 @ 06:46:27-<
<<Entering NT4 09/06/02 @ 06:46:27>>
 NT4                  :: Trix = 0.10D-03
 NT4 : Pure 1         :: dE=0.10D+01, dP=0.42D+00, ThrX=0.10D-03, %Non0=44
 NT4 : Pure 2         :: dE=0.64D-01, dP=0.22D+00, ThrX=0.10D-03, %Non0=42
 NT4 : Pure 3         :: dE=0.89D-02, dP=0.46D-01, ThrX=0.10D-03, %Non0=43
 NT4 : Pure 4         :: dE=0.78D-02, dP=0.64D-01, ThrX=0.10D-03, %Non0=47
 NT4 : Pure 5         :: dE=0.11D-01, dP=0.88D-01, ThrX=0.10D-03, %Non0=54
 NT4 : Pure 6         :: dE=0.13D-01, dP=0.11D+00, ThrX=0.10D-03, %Non0=57
 NT4 : Pure 7         :: dE=0.13D-01, dP=0.11D+00, ThrX=0.10D-03, %Non0=67
 NT4 : Pure 8         :: dE=0.95D-02, dP=0.83D-01, ThrX=0.10D-03, %Non0=80
 NT4 : Pure 9         :: dE=0.49D-02, dP=0.54D-01, ThrX=0.10D-03, %Non0=97
 NT4 : Pure 10        :: dE=0.22D-02, dP=0.49D-01, ThrX=0.10D-03, %Non0=100
 NT4 : Pure 11        :: dE=0.99D-03, dP=0.34D-01, ThrX=0.10D-03, %Non0=100
 NT4 : Pure 12        :: dE=0.37D-03, dP=0.23D-01, ThrX=0.10D-03, %Non0=100
 NT4 : Pure 13        :: dE=0.13D-03, dP=0.15D-01, ThrX=0.10D-03, %Non0=100
 NT4 : Pure 14        :: dE=0.49D-04, dP=0.84D-02, ThrX=0.10D-03, %Non0=100
 NT4 : Pure 15        :: dE=0.15D-04, dP=0.31D-02, ThrX=0.10D-03, %Non0=100
 NT4 : Pure 16        :: dE=0.15D-05, dP=0.31D-03, ThrX=0.10D-03, %Non0=100
 NT4 : Pure 17        :: dE=0.13D-07, dP=0.28D-05, ThrX=0.10D-03, %Non0=100
 NT4 : Pure 18        :: dE=0.10D-11, dP=0.22D-09, ThrX=0.10D-03, %Non0=100
 NT4 : Met dE/dP goals:: Tr{FP}=-.6472574310254184D+03, dNel = 0.00D+00
 NT4                  :: 18 purification steps, 38 matrix multiplies
 NT4                  :: Fractional occupation = 0.60D+00, %Non0s = 100
 NT4 : Max abs errors :: dE=0.65D-09, dP=0.22D-09, [F,P]=0.26D-02
 NT4                  :: Rel dE=0.10D-11, ||dP||_F=0.57D-08, ||[F,P]||_F=0.17D-01
 NT4                  :: OrthoP[11] CheckSum  = 0.1341640830828968D+02
 NT4                  :: P[11] CheckSum  = 0.1147968856975268D+02
 NT4                  :: CPU (Sec,MFLOPS) = (0.82D+01, 189),
                         WALL(Sec,MFLOPS) = (0.82D+01, 189)
 NT4                  :: Allocs=257,  DeAllocs=253, 749060 bytes are presently allocated.
                         A max of 4495092 bytes were allocated.
>-Exiting NT4 09/06/02 @ 06:46:36-<
<<Entering SCFStatus 09/06/02 @ 06:46:36>>
 
= = = = = SCFCycle #10, Basis #1, Geometry #1 = = = = =

       DIISErr = 0.56D-04
       MaxDelD = 0.47D-04
       <T>     = 0.22601319D+04
       <V>     = -.42134341D+04
       <DFT>   = -.32481397D+03
       <SCF>   = -2278.11626149

 SCFStatus            :: CPU (Sec,MFLOPS) = (0.70D-01, 9),
                         WALL(Sec,MFLOPS) = (0.70D-01, 9)
 SCFStatus            :: Allocs=16,  DeAllocs=16, 0 bytes are presently allocated.
                         A max of 2247900 bytes were allocated.
>-Exiting SCFStatus 09/06/02 @ 06:46:36-<
 DIISQ =    7.3957533614149087E-004
 DMaxQ =     3.488279185480773     
 DIISB =    5.6494796593903374E-005
 DIISA =    5.6536578752084541E-005
 DMaxA =    2.1096403429282979E-004
 DMaxB =    4.7003322559630796E-005
 Normal SCF convergence.
 Convergence statistics for RPBEx/PBEc/STO-6G:
========================================================================
SCF    Ink       Total             Delta       Max         DIIS   
Cycle  Fok       Energy            E_Tot       Delta P     Error  
  0,    F,           0.00000000, 0.0000D+00, 0.0000D+00, 0.0000D+00, 
  1,    F,       -2277.22913333, 0.4399D-01, 0.2494D+01, 0.0000D+00, 
  2,    F,       -2278.00987904, 0.3427D-03, 0.3685D-01, 0.1691D-02, 
  3,    F,       -2277.73686323, 0.1199D-03, 0.1043D-01, 0.2342D-02, 
  4,    F,       -2278.07878423, 0.1501D-03, 0.1007D+00, 0.7516D-03, 
  5,    F,       -2278.10720055, 0.1247D-04, 0.2989D-01, 0.3771D-03, 
  6,    F,       -2278.11547824, 0.3634D-05, 0.1667D-01, 0.1221D-03, 
  7,    F,       -2278.11609690, 0.2716D-06, 0.5089D-02, 0.7597D-04, 
  8,    F,       -2278.11624908, 0.6680D-07, 0.1777D-02, 0.5815D-04, 
  9,    F,       -2278.11626132, 0.5372D-08, 0.6437D-03, 0.5654D-04, 
 10,    F,       -2278.11626149, 0.7462D-10, 0.1640D-03, 0.5649D-04, 
========================================================================
>-Succesfull MondoSCF run 09/06/02 @ 06:46:36-<
