

 __    __                 _       ____________ ______ 
|  \  /  |               | |     /       /    |      |
|   \/   | ___  _ __   __| | ___/   ____/   __|  |==='
|        |/ _ \| '_ \ / _  |/ _ \____  \   (__|  ____|
|  |\/|  | (_) | | | | (_| | (_) )     /\     |  |    
|__|  |__|\___/|_| |_|\____|\___/_____/  \____|__|    

 Version 1.0 alpha 4                                  
 A program suite for O(N) SCF theory and ab initio MD 
 Matt Challacombe, Eric Schwegler, C.J. Tymczak,      
 Chee Kwan Gan, Karoly Nemeth and Anders Niklasson    
 Los Alamos National Laboratory (LA-CC 01-2)          
 Copywrite 2001, University of California.            

 Compiled for AMDLinux.PG, executing on zinc21
 a i686 machine running Linux 2.4.2-2

Water Cluster Scaling                                                                                                           
  
<<Starting MondoSCF 08/27/02 @ 13:35:05>>
 ** Auto-Wraps at default value => (Off) **
 ** Atom-Wrap at default value => (AtomWrap-Off) **
 ** Lattice Vector Format at default value => (Vector Format) **
 ** Coodinate Format at default value => (Atomic Coord) **
========================================================================
 Internal representation of the geometry:
 Geometry originally in Angstroms has been converted to AU.
 Geometry has been reordered using the Hilbert curve.
 Number of electrons = 360
------------------------------------------------------------------------
  *** Periodic is Off *** 
------------------------------------------------------------------------
 1   c    -.48745104D+01   -.13675758D+01   -.43067044D+01
 2   c    -.26616602D+01   -.22128313D+01   -.56743180D+01
 3   c    -.13675758D+01   -.43067044D+01   -.48745104D+01
 4   c    -.22128313D+01   -.56743180D+01   -.26616602D+01
 5   c    -.56743180D+01   -.26616602D+01   -.22128313D+01
 6   c    -.43067044D+01   -.48745104D+01   -.13675758D+01
 7   c    -.43067044D+01   -.48745104D+01   0.13675758D+01
 8   c    -.22128313D+01   -.56743180D+01   0.26616602D+01
 9   c    -.13675758D+01   -.43067044D+01   0.48745104D+01
 10   c    -.48745104D+01   -.13675758D+01   0.43067044D+01
 11   c    -.26616602D+01   -.22128313D+01   0.56743180D+01
 12   c    -.56743180D+01   -.26616602D+01   0.22128313D+01
 13   c    -.65195547D+01   -.12940844D+01   0.00000000D+00
 14   c    -.65195547D+01   0.12940844D+01   0.00000000D+00
 15   c    -.56743180D+01   0.26616602D+01   0.22128313D+01
 16   c    -.48745104D+01   0.13675758D+01   0.43067044D+01
 17   c    -.43067044D+01   0.48745104D+01   0.13675758D+01
 18   c    -.22128313D+01   0.56743180D+01   0.26616602D+01
 19   c    -.13675758D+01   0.43067044D+01   0.48745104D+01
 20   c    -.26616602D+01   0.22128313D+01   0.56743180D+01
 21   c    -.12940844D+01   0.00000000D+00   0.65195547D+01
 22   c    -.22128313D+01   0.56743180D+01   -.26616602D+01
 23   c    -.43067044D+01   0.48745104D+01   -.13675758D+01
 24   c    -.56743180D+01   0.26616602D+01   -.22128313D+01
 25   c    -.48745104D+01   0.13675758D+01   -.43067044D+01
 26   c    -.13675758D+01   0.43067044D+01   -.48745104D+01
 27   c    -.26616602D+01   0.22128313D+01   -.56743180D+01
 28   c    -.12940844D+01   0.00000000D+00   -.65195547D+01
 29   c    0.12940844D+01   0.00000000D+00   -.65195547D+01
 30   c    0.26616602D+01   0.22128313D+01   -.56743180D+01
 31   c    0.13675758D+01   0.43067044D+01   -.48745104D+01
 32   c    0.48745104D+01   0.13675758D+01   -.43067044D+01
 33   c    0.56743180D+01   0.26616602D+01   -.22128313D+01
 34   c    0.43067044D+01   0.48745104D+01   -.13675758D+01
 35   c    0.22128313D+01   0.56743180D+01   -.26616602D+01
 36   c    0.00000000D+00   0.65195547D+01   -.12940844D+01
 37   c    0.12940844D+01   0.00000000D+00   0.65195547D+01
 38   c    0.26616602D+01   0.22128313D+01   0.56743180D+01
 39   c    0.13675758D+01   0.43067044D+01   0.48745104D+01
 40   c    0.22128313D+01   0.56743180D+01   0.26616602D+01
 41   c    0.00000000D+00   0.65195547D+01   0.12940844D+01
 42   c    0.43067044D+01   0.48745104D+01   0.13675758D+01
 43   c    0.48745104D+01   0.13675758D+01   0.43067044D+01
 44   c    0.56743180D+01   0.26616602D+01   0.22128313D+01
 45   c    0.65195547D+01   0.12940844D+01   0.00000000D+00
 46   c    0.65195547D+01   -.12940844D+01   0.00000000D+00
 47   c    0.56743180D+01   -.26616602D+01   0.22128313D+01
 48   c    0.26616602D+01   -.22128313D+01   0.56743180D+01
 49   c    0.48745104D+01   -.13675758D+01   0.43067044D+01
 50   c    0.13675758D+01   -.43067044D+01   0.48745104D+01
 51   c    0.22128313D+01   -.56743180D+01   0.26616602D+01
 52   c    0.00000000D+00   -.65195547D+01   0.12940844D+01
 53   c    0.43067044D+01   -.48745104D+01   0.13675758D+01
 54   c    0.43067044D+01   -.48745104D+01   -.13675758D+01
 55   c    0.56743180D+01   -.26616602D+01   -.22128313D+01
 56   c    0.00000000D+00   -.65195547D+01   -.12940844D+01
 57   c    0.22128313D+01   -.56743180D+01   -.26616602D+01
 58   c    0.13675758D+01   -.43067044D+01   -.48745104D+01
 59   c    0.26616602D+01   -.22128313D+01   -.56743180D+01
 60   c    0.48745104D+01   -.13675758D+01   -.43067044D+01
========================================================================
 ParseGeometry        :: Allocs=14,  DeAllocs=14, 0 bytes are presently allocated.
                         A max of 7968 bytes were allocated.
 Base(1)%BName   = STO-6G
 Opening BasFile = /home/mchalla/MONDOf/BasisSets/STO-6G.bas
 ParseBaseSets        :: Allocs=61,  DeAllocs=60, 480 bytes are presently allocated.
                         A max of 25480 bytes were allocated.
 Current HDF file :: /scratch/mchalla/c60_PM_5D-5_17625.hdf

 PROGRAM OF CALCULATIONS:

  A restricted Roothaan-Hall solution of the SCF using
  a tight accuracy level, STO-6G and the PBEx/PBEc model.
 

 Accuracy level 3 for the STO-6G basis set:
  TrixNeglect = 0.10D-05, CubeNeglect = 0.10D-06,
  TwoENeglect = 0.10D-09, DistNeglect = 0.10D-11
 MaxAtms = 61, MaxBlks = 3601, MaxNon0 = 90001, BndWdth = 60
<<Entering MakeS 08/27/02 @ 13:35:06>>
 MakeS                :: S CheckSum  = 0.2079758492972368D+02
 MakeS                :: CPU Sec = 0.21D+01, WALL Sec = 0.23D+01
 MakeS                :: Allocs=37,  DeAllocs=36, 24 bytes are presently allocated.
                         A max of 1514328 bytes were allocated.
>-Exiting MakeS 08/27/02 @ 13:35:08-<
<<Entering BlokAInv 08/27/02 @ 13:35:09>>
 BlokAInv             :: CPU (Sec,MFLOPS) = (0.14D+00, 145),
                         WALL(Sec,MFLOPS) = (0.23D+00, 88)
 BlokAInv             :: Max(Z^t.A.Z-I)=0.67D-06, TrixThrsh=0.10D-05
 BlokAInv             :: Z CheckSum  = 0.2334035849474413D+02
 BlokAInv             :: CPU (Sec,MFLOPS) = (0.41D+00, 183),
                         WALL(Sec,MFLOPS) = (0.50D+00, 150)
 BlokAInv             :: Allocs=75,  DeAllocs=41, 2255484 bytes are presently allocated.
                         A max of 3754336 bytes were allocated.
>-Exiting BlokAInv 08/27/02 @ 13:35:10-<
<<Entering MakeT 08/27/02 @ 13:35:10>>
 MakeT                :: T CheckSum  = 0.1263168604614581D+03
 MakeT                :: CPU Sec = 0.21D+01, WALL Sec = 0.21D+01
 MakeT                :: Allocs=33,  DeAllocs=32, 24 bytes are presently allocated.
                         A max of 1508752 bytes were allocated.
>-Exiting MakeT 08/27/02 @ 13:35:12-<
<<Entering P2Use 08/27/02 @ 13:35:13>>
 P2Use                :: P[0] CheckSum  = 0.1279006156321167D+02
 P2Use                :: CPU Sec = 0.40D-01, WALL Sec = 0.90D-01
 P2Use                :: Allocs=53,  DeAllocs=44, 749804 bytes are presently allocated.
                         A max of 3005540 bytes were allocated.
>-Exiting P2Use 08/27/02 @ 13:35:13-<
<<Entering MakeRho 08/27/02 @ 13:35:13>>
 MakeRho : Pruned Rho :: dNel = -.57D-12, kept 100% of distributions.
 MakeRho : Moments    :: <r> = (-.30D-13, -.27D-14, 0.36D-14), <r^2> = 0.32D+03
 MakeRho              :: Rho CheckSum  = 0.3458428081811825D+04
 MakeRho              :: CPU Sec = 0.72D+00, WALL Sec = 0.72D+00
 MakeRho              :: Allocs=64,  DeAllocs=59, 728 bytes are presently allocated.
                         A max of 1108916 bytes were allocated.
>-Exiting MakeRho 08/27/02 @ 13:35:14-<
<<Entering QCTC 08/27/02 @ 13:35:14>>
 QCTC                 :: J[0] CheckSum  = 0.1848595439169059D+03
 QCTC                 :: CPU Sec = 0.50D+03, WALL Sec = 0.50D+03
 QCTC                 :: Allocs=43553,  DeAllocs=50, 7050224 bytes are presently allocated.
                         A max of 8556744 bytes were allocated.
>-Exiting QCTC 08/27/02 @ 13:43:34-<
<<Entering HiCu 08/27/02 @ 13:43:34>>
 HiCu.GridGen         :: Tau = 0.10D-01, <Rho> = 0.18029765D+03, <Exc> = -.33023509D+03, Pts/Atom = 1442
 HiCu.GridGen         :: Tau = 0.10D-02, <Rho> = 0.18004673D+03, <Exc> = -.32938016D+03, Pts/Atom = 3070
 HiCu.GridGen         :: Tau = 0.10D-03, <Rho> = 0.18000305D+03, <Exc> = -.32921852D+03, Pts/Atom = 5866
 HiCu.GridGen         :: Tau = 0.10D-04, <Rho> = 0.18000076D+03, <Exc> = -.32920819D+03, Pts/Atom = 10476
 HiCu.GridGen         :: Tau = 0.10D-05, <Rho> = 0.18000008D+03, <Exc> = -.32920785D+03, Pts/Atom = 19908
 HiCu.GridGen         :: Tau = 0.10D-06, <Rho> = 0.18000001D+03, <Exc> = -.32920817D+03, Pts/Atom = 37352
 HiCu.GridGen         :: TauRel = 0.10D-06, RhoErr = 0.47D-07, <Exc> = -.32920817D+03
 HiCu.GridGen         :: CPU Sec = 0.78D+03, WALL Sec = 0.78D+03
 HiCu.MakeKxc         :: WALL (Sec) = 0.63D+04
 HiCu                 :: Kxc[0] CheckSum  = 0.2133185135966743D+02
 HiCu                 :: WALL (Sec) = 0.71D+04
 HiCu                 :: Allocs=392882,  DeAllocs=192146, 161691128 bytes are presently allocated.
                         A max of 163197552 bytes were allocated.
>-Exiting HiCu 08/27/02 @ 15:42:07-<
<<Entering FockNGrueven 08/27/02 @ 15:42:08>>
 FockNGrueven         :: F[0] CheckSum  = 0.8350696713421978D+02
 FockNGrueven         :: OrthoF[0] CheckSum  = 0.7595568899532943D+02
 FockNGrueven         :: CPU (Sec,MFLOPS) = (0.32D+00, 172),
                         WALL(Sec,MFLOPS) = (0.32D+00, 172)
 FockNGrueven         :: Allocs=37,  DeAllocs=33, 380468 bytes are presently allocated.
                         A max of 2847168 bytes were allocated.
>-Exiting FockNGrueven 08/27/02 @ 15:42:08-<
<<Entering PM 08/27/02 @ 15:42:08>>
 PM                   :: Trix = 0.50D-04
 PM : Pure 1          :: dE=0.10D+01, dP=0.72D-01, ThrX=0.50D-04, %Non0=43
 PM : Pure 2          :: dE=0.57D-01, dP=0.66D-01, ThrX=0.50D-04, %Non0=43
 PM : Pure 3          :: dE=0.33D-01, dP=0.46D-01, ThrX=0.50D-04, %Non0=43
 PM : Pure 4          :: dE=0.11D-01, dP=0.37D-01, ThrX=0.50D-04, %Non0=43
 PM : Pure 5          :: dE=0.65D-02, dP=0.49D-01, ThrX=0.50D-04, %Non0=43
 PM : Pure 6          :: dE=0.88D-02, dP=0.70D-01, ThrX=0.50D-04, %Non0=46
 PM : Pure 7          :: dE=0.12D-01, dP=0.94D-01, ThrX=0.50D-04, %Non0=55
 PM : Pure 8          :: dE=0.14D-01, dP=0.11D+00, ThrX=0.50D-04, %Non0=63
 PM : Pure 9          :: dE=0.12D-01, dP=0.10D+00, ThrX=0.50D-04, %Non0=75
 PM : Pure 10         :: dE=0.80D-02, dP=0.70D-01, ThrX=0.50D-04, %Non0=87
 PM : Pure 11         :: dE=0.39D-02, dP=0.45D-01, ThrX=0.50D-04, %Non0=100
 PM : Pure 12         :: dE=0.19D-02, dP=0.41D-01, ThrX=0.50D-04, %Non0=100
 PM : Pure 13         :: dE=0.11D-02, dP=0.31D-01, ThrX=0.50D-04, %Non0=100
 PM : Pure 14         :: dE=0.53D-03, dP=0.21D-01, ThrX=0.50D-04, %Non0=100
 PM : Pure 15         :: dE=0.23D-03, dP=0.16D-01, ThrX=0.50D-04, %Non0=100
 PM : Pure 16         :: dE=0.11D-03, dP=0.11D-01, ThrX=0.50D-04, %Non0=100
 PM : Pure 17         :: dE=0.56D-04, dP=0.74D-02, ThrX=0.50D-04, %Non0=100
 PM : Pure 18         :: dE=0.24D-04, dP=0.37D-02, ThrX=0.50D-04, %Non0=100
 PM : Pure 19         :: dE=0.44D-05, dP=0.73D-03, ThrX=0.50D-04, %Non0=100
 PM : Pure 20         :: dE=0.13D-06, dP=0.23D-04, ThrX=0.50D-04, %Non0=100
 PM : Pure 21         :: dE=0.11D-09, dP=0.21D-07, ThrX=0.50D-04, %Non0=100
 PM : Pure 22         :: dE=0.36D-15, dP=0.15D-13, ThrX=0.50D-04, %Non0=100
 PM : Met dE/dP goals :: Tr{FP}=-.6342310689183810D+03, dNel = 0.57D-13
 PM                   :: 22 purification steps, 47 matrix multiplies
 PM                   :: Fractional occupation = 0.60D+00, %Non0s = 100
 PM : Max abs errors  :: dE=0.23D-12, dP=0.15D-13, [F,P]=0.13D-02
 PM                   :: Rel dE=0.36D-15, ||dP||_F=0.37D-12, ||[F,P]||_F=0.17D-01
 PM                   :: OrthoP[1] CheckSum  = 0.1341640792966281D+02
 PM                   :: P[1] CheckSum  = 0.1147253338456837D+02
 PM                   :: CPU (Sec,MFLOPS) = (0.98D+01, 191),
                         WALL(Sec,MFLOPS) = (0.98D+01, 190)
 PM                   :: Allocs=327,  DeAllocs=319, 1498120 bytes are presently allocated.
                         A max of 5244152 bytes were allocated.
>-Exiting PM 08/27/02 @ 15:42:18-<
<<Entering SCFStatus 08/27/02 @ 15:42:18>>
 
= = = = = SCFCycle #0, Basis #1, Geometry #1 = = = = =

       MaxDelD = 0.68D+00
       <T>     = 0.23203716D+04
       <V>     = -.42764692D+04
       <DFT>   = -.32920817D+03
       <SCF>   = -2285.30576345

 SCFStatus            :: CPU (Sec,MFLOPS) = (0.50D-01, 3),
                         WALL(Sec,MFLOPS) = (0.50D-01, 3)
 SCFStatus            :: Allocs=16,  DeAllocs=16, 0 bytes are presently allocated.
                         A max of 2247900 bytes were allocated.
>-Exiting SCFStatus 08/27/02 @ 15:42:18-<
<<Entering MakeRho 08/27/02 @ 15:42:18>>
 MakeRho : Pruned Rho :: dNel = -.19D-07, kept 22% of distributions.
 MakeRho : Moments    :: <r> = (-.33D-02, -.83D-02, 0.11D-01), <r^2> = 0.34D+03
 MakeRho              :: Rho CheckSum  = 0.3306900730197271D+04
 MakeRho              :: CPU Sec = 0.31D+02, WALL Sec = 0.31D+02
 MakeRho              :: Allocs=64,  DeAllocs=59, 728 bytes are presently allocated.
                         A max of 41963612 bytes were allocated.
>-Exiting MakeRho 08/27/02 @ 15:42:49-<
<<Entering QCTC 08/27/02 @ 15:42:50>>
 QCTC                 :: J[1] CheckSum  = 0.1862165386726179D+03
 QCTC                 :: CPU Sec = 0.16D+04, WALL Sec = 0.59D+04
 QCTC                 :: Allocs=577358,  DeAllocs=50, 97511024 bytes are presently allocated.
                         A max of 110728772 bytes were allocated.
>-Exiting QCTC 08/27/02 @ 17:21:22-<
<<Entering HiCu 08/27/02 @ 17:21:22>>
 HiCu.GridGen         :: Tau = 0.10D-01, <Rho> = 0.17991733D+03, <Exc> = -.32387096D+03, Pts/Atom = 1353
 HiCu.GridGen         :: Tau = 0.10D-02, <Rho> = 0.18003174D+03, <Exc> = -.32477635D+03, Pts/Atom = 2898
 HiCu.GridGen         :: Tau = 0.10D-03, <Rho> = 0.17999847D+03, <Exc> = -.32468957D+03, Pts/Atom = 5516
 HiCu.GridGen         :: Tau = 0.10D-04, <Rho> = 0.17999955D+03, <Exc> = -.32469778D+03, Pts/Atom = 10317
 HiCu.GridGen         :: Tau = 0.10D-05, <Rho> = 0.18000008D+03, <Exc> = -.32469923D+03, Pts/Atom = 19707
 HiCu.GridGen         :: Tau = 0.10D-06, <Rho> = 0.18000002D+03, <Exc> = -.32469952D+03, Pts/Atom = 36997
 HiCu.GridGen         :: TauRel = 0.10D-06, RhoErr = 0.14D-06, <Exc> = -.32469952D+03
 HiCu.GridGen         :: CPU Sec = 0.11D+04, WALL Sec = 0.97D+04
 HiCu.MakeKxc         :: WALL (Sec) = 0.63D+04
 HiCu                 :: Kxc[1] CheckSum  = 0.2125999040491629D+02
 HiCu                 :: WALL (Sec) = 0.16D+05
 HiCu                 :: Allocs=496001,  DeAllocs=190325, 166112456 bytes are presently allocated.
                         A max of 167618880 bytes were allocated.
>-Exiting HiCu 08/27/02 @ 21:47:00-<
<<Entering FockNGrueven 08/27/02 @ 21:47:00>>
 FockNGrueven         :: F[1] CheckSum  = 0.8481220234999127D+02
 FockNGrueven         :: OrthoF[1] CheckSum  = 0.7709386611841802D+02
 FockNGrueven         :: CPU (Sec,MFLOPS) = (0.33D+00, 167),
                         WALL(Sec,MFLOPS) = (0.39D+00, 141)
 FockNGrueven         :: Allocs=37,  DeAllocs=33, 380468 bytes are presently allocated.
                         A max of 2847168 bytes were allocated.
>-Exiting FockNGrueven 08/27/02 @ 21:47:00-<
<<Entering DIIS 08/27/02 @ 21:47:00>>
 DIIS : Damping       :: Co = 0.80D+00, 0.20D+00
 DIIS                 :: F_DIIS[1] CheckSum  = 0.7618263139584522D+02
 DIIS                 :: CPU (Sec,MFLOPS) = (0.58D+00, 186),
                         WALL(Sec,MFLOPS) = (0.62D+00, 174)
 DIIS                 :: Allocs=34,  DeAllocs=30, 144 bytes are presently allocated.
                         A max of 3026148 bytes were allocated.
>-Exiting DIIS 08/27/02 @ 21:47:01-<
<<Entering PM 08/27/02 @ 21:47:01>>
 PM                   :: Trix = 0.50D-04
 PM : Pure 1          :: dE=0.10D+01, dP=0.72D-01, ThrX=0.50D-04, %Non0=43
 PM : Pure 2          :: dE=0.57D-01, dP=0.66D-01, ThrX=0.50D-04, %Non0=43
 PM : Pure 3          :: dE=0.33D-01, dP=0.46D-01, ThrX=0.50D-04, %Non0=43
 PM : Pure 4          :: dE=0.11D-01, dP=0.37D-01, ThrX=0.50D-04, %Non0=43
 PM : Pure 5          :: dE=0.64D-02, dP=0.49D-01, ThrX=0.50D-04, %Non0=43
 PM : Pure 6          :: dE=0.87D-02, dP=0.70D-01, ThrX=0.50D-04, %Non0=46
 PM : Pure 7          :: dE=0.12D-01, dP=0.94D-01, ThrX=0.50D-04, %Non0=55
 PM : Pure 8          :: dE=0.13D-01, dP=0.11D+00, ThrX=0.50D-04, %Non0=63
 PM : Pure 9          :: dE=0.12D-01, dP=0.10D+00, ThrX=0.50D-04, %Non0=75
 PM : Pure 10         :: dE=0.80D-02, dP=0.70D-01, ThrX=0.50D-04, %Non0=87
 PM : Pure 11         :: dE=0.39D-02, dP=0.45D-01, ThrX=0.50D-04, %Non0=100
 PM : Pure 12         :: dE=0.19D-02, dP=0.41D-01, ThrX=0.50D-04, %Non0=100
 PM : Pure 13         :: dE=0.11D-02, dP=0.31D-01, ThrX=0.50D-04, %Non0=100
 PM : Pure 14         :: dE=0.53D-03, dP=0.21D-01, ThrX=0.50D-04, %Non0=100
 PM : Pure 15         :: dE=0.23D-03, dP=0.16D-01, ThrX=0.50D-04, %Non0=100
 PM : Pure 16         :: dE=0.11D-03, dP=0.11D-01, ThrX=0.50D-04, %Non0=100
 PM : Pure 17         :: dE=0.56D-04, dP=0.75D-02, ThrX=0.50D-04, %Non0=100
 PM : Pure 18         :: dE=0.24D-04, dP=0.37D-02, ThrX=0.50D-04, %Non0=100
 PM : Pure 19         :: dE=0.44D-05, dP=0.74D-03, ThrX=0.50D-04, %Non0=100
 PM : Pure 20         :: dE=0.13D-06, dP=0.23D-04, ThrX=0.50D-04, %Non0=100
 PM : Pure 21         :: dE=0.11D-09, dP=0.21D-07, ThrX=0.50D-04, %Non0=100
 PM : Pure 22         :: dE=0.18D-15, dP=0.16D-13, ThrX=0.50D-04, %Non0=100
 PM : Hit dE increase :: Tr{FP}=-.6371155655182531D+03, dNel = 0.00D+00
 PM                   :: 22 purification steps, 47 matrix multiplies
 PM                   :: Fractional occupation = 0.60D+00, %Non0s = 100
 PM : Max abs errors  :: dE=0.11D-12, dP=0.16D-13, [F,P]=0.13D-02
 PM                   :: Rel dE=0.18D-15, ||dP||_F=0.39D-12, ||[F,P]||_F=0.17D-01
 PM                   :: OrthoP[2] CheckSum  = 0.1341640792469439D+02
 PM                   :: P[2] CheckSum  = 0.1147419053684699D+02
 PM                   :: CPU (Sec,MFLOPS) = (0.98D+01, 191),
                         WALL(Sec,MFLOPS) = (0.99D+01, 189)
 PM                   :: Allocs=327,  DeAllocs=319, 1498120 bytes are presently allocated.
                         A max of 5244152 bytes were allocated.
>-Exiting PM 08/27/02 @ 21:47:11-<
<<Entering SCFStatus 08/27/02 @ 21:47:11>>
 
= = = = = SCFCycle #1, Basis #1, Geometry #1 = = = = =

       DIISErr = 0.52D-03
       MaxDelD = 0.25D-02
       <T>     = 0.22586689D+04
       <V>     = -.42120779D+04
       <DFT>   = -.32469952D+03
       <SCF>   = -2278.10846867

 SCFStatus            :: CPU (Sec,MFLOPS) = (0.70D-01, 9),
                         WALL(Sec,MFLOPS) = (0.70D-01, 9)
 SCFStatus            :: Allocs=16,  DeAllocs=16, 0 bytes are presently allocated.
                         A max of 2247900 bytes were allocated.
>-Exiting SCFStatus 08/27/02 @ 21:47:11-<
<<Entering MakeRho 08/27/02 @ 21:47:11>>
 MakeRho : Pruned Rho :: dNel = -.20D-07, kept 22% of distributions.
 MakeRho : Moments    :: <r> = (-.20D-03, -.63D-02, 0.50D-02), <r^2> = 0.34D+03
 MakeRho              :: Rho CheckSum  = 0.3307420565927428D+04
 MakeRho              :: CPU Sec = 0.31D+02, WALL Sec = 0.31D+02
 MakeRho              :: Allocs=64,  DeAllocs=59, 728 bytes are presently allocated.
                         A max of 41957676 bytes were allocated.
>-Exiting MakeRho 08/27/02 @ 21:47:42-<
<<Entering QCTC 08/27/02 @ 21:47:42>>
 QCTC                 :: J[2] CheckSum  = 0.1861889340697506D+03
 QCTC                 :: CPU Sec = 0.16D+04, WALL Sec = 0.59D+04
 QCTC                 :: Allocs=576798,  DeAllocs=50, 97422096 bytes are presently allocated.
                         A max of 110629876 bytes were allocated.
>-Exiting QCTC 08/27/02 @ 23:26:07-<
<<Entering HiCu 08/27/02 @ 23:26:07>>
 HiCu.GridGen         :: Tau = 0.10D-01, <Rho> = 0.17992180D+03, <Exc> = -.32393426D+03, Pts/Atom = 1353
 HiCu.GridGen         :: Tau = 0.10D-02, <Rho> = 0.18003736D+03, <Exc> = -.32480403D+03, Pts/Atom = 2902
 HiCu.GridGen         :: Tau = 0.10D-03, <Rho> = 0.17999897D+03, <Exc> = -.32471692D+03, Pts/Atom = 5516
 HiCu.GridGen         :: Tau = 0.10D-04, <Rho> = 0.17999960D+03, <Exc> = -.32472430D+03, Pts/Atom = 10315
 HiCu.GridGen         :: Tau = 0.10D-05, <Rho> = 0.18000008D+03, <Exc> = -.32472568D+03, Pts/Atom = 19716
 HiCu.GridGen         :: Tau = 0.10D-06, <Rho> = 0.18000002D+03, <Exc> = -.32472598D+03, Pts/Atom = 36981
 HiCu.GridGen         :: TauRel = 0.10D-06, RhoErr = 0.14D-06, <Exc> = -.32472598D+03
 HiCu.GridGen         :: CPU Sec = 0.11D+04, WALL Sec = 0.97D+04
 HiCu.MakeKxc         :: WALL (Sec) = 0.63D+04
 HiCu                 :: Kxc[2] CheckSum  = 0.2126056723554714D+02
 HiCu                 :: WALL (Sec) = 0.16D+05
 HiCu                 :: Allocs=495721,  DeAllocs=190241, 166038648 bytes are presently allocated.
                         A max of 167545072 bytes were allocated.
>-Exiting HiCu 08/28/02 @ 03:51:38-<
<<Entering FockNGrueven 08/28/02 @ 03:51:38>>
 FockNGrueven         :: F[2] CheckSum  = 0.8478187253165437D+02
 FockNGrueven         :: OrthoF[2] CheckSum  = 0.7707243201563459D+02
 FockNGrueven         :: CPU (Sec,MFLOPS) = (0.33D+00, 167),
                         WALL(Sec,MFLOPS) = (0.38D+00, 145)
 FockNGrueven         :: Allocs=37,  DeAllocs=33, 380468 bytes are presently allocated.
                         A max of 2847168 bytes were allocated.
>-Exiting FockNGrueven 08/28/02 @ 03:51:39-<
<<Entering DIIS 08/28/02 @ 03:51:39>>
 DIIS                 :: Cond# = 0.21D+04, MIN(E) = 0.67D-03
 DIIS : Pulay C1      :: DIISCo = -.31D+01, 0.41D+01
 DIIS                 :: F_DIIS[2] CheckSum  = 0.7700570824270886D+02
 DIIS                 :: CPU (Sec,MFLOPS) = (0.65D+00, 167),
                         WALL(Sec,MFLOPS) = (0.71D+00, 152)
 DIIS                 :: Allocs=45,  DeAllocs=40, 216 bytes are presently allocated.
                         A max of 3026148 bytes were allocated.
>-Exiting DIIS 08/28/02 @ 03:51:40-<
<<Entering PM 08/28/02 @ 03:51:40>>
 PM                   :: Trix = 0.50D-04
 PM : Pure 1          :: dE=0.10D+01, dP=0.72D-01, ThrX=0.50D-04, %Non0=42
 PM : Pure 2          :: dE=0.56D-01, dP=0.65D-01, ThrX=0.50D-04, %Non0=42
 PM : Pure 3          :: dE=0.32D-01, dP=0.46D-01, ThrX=0.50D-04, %Non0=42
 PM : Pure 4          :: dE=0.11D-01, dP=0.36D-01, ThrX=0.50D-04, %Non0=42
 PM : Pure 5          :: dE=0.62D-02, dP=0.48D-01, ThrX=0.50D-04, %Non0=42
 PM : Pure 6          :: dE=0.84D-02, dP=0.69D-01, ThrX=0.50D-04, %Non0=46
 PM : Pure 7          :: dE=0.11D-01, dP=0.93D-01, ThrX=0.50D-04, %Non0=55
 PM : Pure 8          :: dE=0.13D-01, dP=0.11D+00, ThrX=0.50D-04, %Non0=62
 PM : Pure 9          :: dE=0.12D-01, dP=0.11D+00, ThrX=0.50D-04, %Non0=74
 PM : Pure 10         :: dE=0.80D-02, dP=0.72D-01, ThrX=0.50D-04, %Non0=87
 PM : Pure 11         :: dE=0.39D-02, dP=0.46D-01, ThrX=0.50D-04, %Non0=100
 PM : Pure 12         :: dE=0.19D-02, dP=0.41D-01, ThrX=0.50D-04, %Non0=100
 PM : Pure 13         :: dE=0.11D-02, dP=0.32D-01, ThrX=0.50D-04, %Non0=100
 PM : Pure 14         :: dE=0.52D-03, dP=0.21D-01, ThrX=0.50D-04, %Non0=100
 PM : Pure 15         :: dE=0.22D-03, dP=0.16D-01, ThrX=0.50D-04, %Non0=100
 PM : Pure 16         :: dE=0.10D-03, dP=0.11D-01, ThrX=0.50D-04, %Non0=100
 PM : Pure 17         :: dE=0.54D-04, dP=0.75D-02, ThrX=0.50D-04, %Non0=100
 PM : Pure 18         :: dE=0.23D-04, dP=0.38D-02, ThrX=0.50D-04, %Non0=100
 PM : Pure 19         :: dE=0.43D-05, dP=0.76D-03, ThrX=0.50D-04, %Non0=100
 PM : Pure 20         :: dE=0.13D-06, dP=0.24D-04, ThrX=0.50D-04, %Non0=100
 PM : Pure 21         :: dE=0.11D-09, dP=0.23D-07, ThrX=0.50D-04, %Non0=100
 PM : Pure 22         :: dE=0.35D-15, dP=0.18D-13, ThrX=0.50D-04, %Non0=100
 PM : Met dE/dP goals :: Tr{FP}=-.6468371072571215D+03, dNel = 0.57D-13
 PM                   :: 22 purification steps, 47 matrix multiplies
 PM                   :: Fractional occupation = 0.60D+00, %Non0s = 100
 PM : Max abs errors  :: dE=0.23D-12, dP=0.18D-13, [F,P]=0.13D-02
 PM                   :: Rel dE=0.35D-15, ||dP||_F=0.44D-12, ||[F,P]||_F=0.17D-01
 PM                   :: OrthoP[3] CheckSum  = 0.1341640792530697D+02
 PM                   :: P[3] CheckSum  = 0.1147940049704639D+02
 PM                   :: CPU (Sec,MFLOPS) = (0.97D+01, 192),
                         WALL(Sec,MFLOPS) = (0.99D+01, 189)
 PM                   :: Allocs=322,  DeAllocs=314, 1498120 bytes are presently allocated.
                         A max of 5244152 bytes were allocated.
>-Exiting PM 08/28/02 @ 03:51:50-<
<<Entering SCFStatus 08/28/02 @ 03:51:50>>
 
= = = = = SCFCycle #2, Basis #1, Geometry #1 = = = = =

       DIISErr = 0.40D-03
       MaxDelD = 0.49D-02
       <T>     = 0.22589810D+04
       <V>     = -.42123673D+04
       <DFT>   = -.32472598D+03
       <SCF>   = -2278.11227556

 SCFStatus            :: CPU (Sec,MFLOPS) = (0.70D-01, 9),
                         WALL(Sec,MFLOPS) = (0.12D+00, 5)
 SCFStatus            :: Allocs=16,  DeAllocs=16, 0 bytes are presently allocated.
                         A max of 2247900 bytes were allocated.
>-Exiting SCFStatus 08/28/02 @ 03:51:50-<
<<Entering MakeRho 08/28/02 @ 03:51:50>>
 MakeRho : Pruned Rho :: dNel = -.20D-07, kept 22% of distributions.
 MakeRho : Moments    :: <r> = (-.33D-01, -.18D-01, 0.52D-01), <r^2> = 0.34D+03
 MakeRho              :: Rho CheckSum  = 0.3309630247781274D+04
 MakeRho              :: CPU Sec = 0.31D+02, WALL Sec = 0.31D+02
 MakeRho              :: Allocs=64,  DeAllocs=59, 728 bytes are presently allocated.
                         A max of 41953372 bytes were allocated.
>-Exiting MakeRho 08/28/02 @ 03:52:21-<
<<Entering QCTC 08/28/02 @ 03:52:21>>
 QCTC                 :: J[3] CheckSum  = 0.1861423610547891D+03
 QCTC                 :: CPU Sec = 0.16D+04, WALL Sec = 0.59D+04
 QCTC                 :: Allocs=576208,  DeAllocs=50, 97332304 bytes are presently allocated.
                         A max of 110531532 bytes were allocated.
>-Exiting QCTC 08/28/02 @ 05:30:59-<
<<Entering HiCu 08/28/02 @ 05:30:59>>
 HiCu.GridGen         :: Tau = 0.10D-01, <Rho> = 0.17991752D+03, <Exc> = -.32398135D+03, Pts/Atom = 1353
 HiCu.GridGen         :: Tau = 0.10D-02, <Rho> = 0.18003185D+03, <Exc> = -.32488730D+03, Pts/Atom = 2896
 HiCu.GridGen         :: Tau = 0.10D-03, <Rho> = 0.17999846D+03, <Exc> = -.32479905D+03, Pts/Atom = 5517
 HiCu.GridGen         :: Tau = 0.10D-04, <Rho> = 0.17999954D+03, <Exc> = -.32480729D+03, Pts/Atom = 10316
 HiCu.GridGen         :: Tau = 0.10D-05, <Rho> = 0.18000008D+03, <Exc> = -.32480881D+03, Pts/Atom = 19728
 HiCu.GridGen         :: Tau = 0.10D-06, <Rho> = 0.18000002D+03, <Exc> = -.32480911D+03, Pts/Atom = 36958
 HiCu.GridGen         :: TauRel = 0.10D-06, RhoErr = 0.14D-06, <Exc> = -.32480911D+03
 HiCu.GridGen         :: CPU Sec = 0.11D+04, WALL Sec = 0.97D+04
 HiCu.MakeKxc         :: WALL (Sec) = 0.63D+04
 HiCu                 :: Kxc[3] CheckSum  = 0.2126204976366279D+02
 HiCu                 :: WALL (Sec) = 0.16D+05
 HiCu                 :: Allocs=495369,  DeAllocs=190124, 165938896 bytes are presently allocated.
                         A max of 167445320 bytes were allocated.
>-Exiting HiCu 08/28/02 @ 09:56:28-<
<<Entering FockNGrueven 08/28/02 @ 09:56:29>>
 FockNGrueven         :: F[3] CheckSum  = 0.8473253329914574D+02
 FockNGrueven         :: OrthoF[3] CheckSum  = 0.7703578645471325D+02
 FockNGrueven         :: CPU (Sec,MFLOPS) = (0.34D+00, 162),
                         WALL(Sec,MFLOPS) = (0.38D+00, 145)
 FockNGrueven         :: Allocs=37,  DeAllocs=33, 380468 bytes are presently allocated.
                         A max of 2847168 bytes were allocated.
>-Exiting FockNGrueven 08/28/02 @ 09:56:29-<
<<Entering DIIS 08/28/02 @ 09:56:29>>
 DIIS                 :: Cond# = 0.20D+05, MIN(E) = 0.87D-04
 DIIS : Pulay C1      :: DIISCo = -.11D+01, 0.14D+01, 0.71D+00
 DIIS                 :: F_DIIS[3] CheckSum  = 0.7702325728614791D+02
 DIIS                 :: CPU (Sec,MFLOPS) = (0.70D+00, 156),
                         WALL(Sec,MFLOPS) = (0.73D+00, 149)
 DIIS                 :: Allocs=49,  DeAllocs=44, 272 bytes are presently allocated.
                         A max of 3026148 bytes were allocated.
>-Exiting DIIS 08/28/02 @ 09:56:30-<
<<Entering PM 08/28/02 @ 09:56:30>>
 PM                   :: Trix = 0.50D-04
 PM : Pure 1          :: dE=0.10D+01, dP=0.72D-01, ThrX=0.50D-04, %Non0=42
 PM : Pure 2          :: dE=0.56D-01, dP=0.65D-01, ThrX=0.50D-04, %Non0=42
 PM : Pure 3          :: dE=0.32D-01, dP=0.46D-01, ThrX=0.50D-04, %Non0=42
 PM : Pure 4          :: dE=0.11D-01, dP=0.36D-01, ThrX=0.50D-04, %Non0=42
 PM : Pure 5          :: dE=0.62D-02, dP=0.48D-01, ThrX=0.50D-04, %Non0=42
 PM : Pure 6          :: dE=0.84D-02, dP=0.69D-01, ThrX=0.50D-04, %Non0=46
 PM : Pure 7          :: dE=0.11D-01, dP=0.93D-01, ThrX=0.50D-04, %Non0=55
 PM : Pure 8          :: dE=0.13D-01, dP=0.11D+00, ThrX=0.50D-04, %Non0=62
 PM : Pure 9          :: dE=0.12D-01, dP=0.11D+00, ThrX=0.50D-04, %Non0=74
 PM : Pure 10         :: dE=0.80D-02, dP=0.72D-01, ThrX=0.50D-04, %Non0=87
 PM : Pure 11         :: dE=0.39D-02, dP=0.46D-01, ThrX=0.50D-04, %Non0=100
 PM : Pure 12         :: dE=0.19D-02, dP=0.41D-01, ThrX=0.50D-04, %Non0=100
 PM : Pure 13         :: dE=0.11D-02, dP=0.31D-01, ThrX=0.50D-04, %Non0=100
 PM : Pure 14         :: dE=0.51D-03, dP=0.21D-01, ThrX=0.50D-04, %Non0=100
 PM : Pure 15         :: dE=0.22D-03, dP=0.16D-01, ThrX=0.50D-04, %Non0=100
 PM : Pure 16         :: dE=0.10D-03, dP=0.11D-01, ThrX=0.50D-04, %Non0=100
 PM : Pure 17         :: dE=0.54D-04, dP=0.75D-02, ThrX=0.50D-04, %Non0=100
 PM : Pure 18         :: dE=0.23D-04, dP=0.38D-02, ThrX=0.50D-04, %Non0=100
 PM : Pure 19         :: dE=0.43D-05, dP=0.77D-03, ThrX=0.50D-04, %Non0=100
 PM : Pure 20         :: dE=0.13D-06, dP=0.24D-04, ThrX=0.50D-04, %Non0=100
 PM : Pure 21         :: dE=0.11D-09, dP=0.24D-07, ThrX=0.50D-04, %Non0=100
 PM : Pure 22         :: dE=0.18D-15, dP=0.20D-13, ThrX=0.50D-04, %Non0=100
 PM : Met dE/dP goals :: Tr{FP}=-.6472525017951446D+03, dNel = 0.57D-13
 PM                   :: 22 purification steps, 47 matrix multiplies
 PM                   :: Fractional occupation = 0.60D+00, %Non0s = 100
 PM : Max abs errors  :: dE=0.11D-12, dP=0.20D-13, [F,P]=0.13D-02
 PM                   :: Rel dE=0.18D-15, ||dP||_F=0.47D-12, ||[F,P]||_F=0.17D-01
 PM                   :: OrthoP[4] CheckSum  = 0.1341640792562010D+02
 PM                   :: P[4] CheckSum  = 0.1147979206929058D+02
 PM                   :: CPU (Sec,MFLOPS) = (0.97D+01, 192),
                         WALL(Sec,MFLOPS) = (0.98D+01, 190)
 PM                   :: Allocs=322,  DeAllocs=314, 1498120 bytes are presently allocated.
                         A max of 5244152 bytes were allocated.
>-Exiting PM 08/28/02 @ 09:56:40-<
<<Entering SCFStatus 08/28/02 @ 09:56:40>>
 
= = = = = SCFCycle #3, Basis #1, Geometry #1 = = = = =

       DIISErr = 0.84D-04
       MaxDelD = 0.52D-02
       <T>     = 0.22601164D+04
       <V>     = -.42134232D+04
       <DFT>   = -.32480911D+03
       <SCF>   = -2278.11584814

 SCFStatus            :: CPU (Sec,MFLOPS) = (0.70D-01, 9),
                         WALL(Sec,MFLOPS) = (0.70D-01, 9)
 SCFStatus            :: Allocs=16,  DeAllocs=16, 0 bytes are presently allocated.
                         A max of 2247900 bytes were allocated.
>-Exiting SCFStatus 08/28/02 @ 09:56:40-<
<<Entering MakeRho 08/28/02 @ 09:56:40>>
 MakeRho : Pruned Rho :: dNel = -.20D-07, kept 22% of distributions.
 MakeRho : Moments    :: <r> = (0.65D-01, 0.29D-01, -.10D+00), <r^2> = 0.34D+03
 MakeRho              :: Rho CheckSum  = 0.3309588215308636D+04
 MakeRho              :: CPU Sec = 0.31D+02, WALL Sec = 0.31D+02
 MakeRho              :: Allocs=64,  DeAllocs=59, 728 bytes are presently allocated.
                         A max of 41950892 bytes were allocated.
>-Exiting MakeRho 08/28/02 @ 09:57:11-<
<<Entering QCTC 08/28/02 @ 09:57:11>>
 QCTC                 :: J[4] CheckSum  = 0.1861266387752607D+03
 QCTC                 :: CPU Sec = 0.16D+04, WALL Sec = 0.59D+04
 QCTC                 :: Allocs=575768,  DeAllocs=50, 97266800 bytes are presently allocated.
                         A max of 110460380 bytes were allocated.
>-Exiting QCTC 08/28/02 @ 11:35:26-<
<<Entering HiCu 08/28/02 @ 11:35:26>>
 HiCu.GridGen         :: Tau = 0.10D-01, <Rho> = 0.17992283D+03, <Exc> = -.32402958D+03, Pts/Atom = 1353
 HiCu.GridGen         :: Tau = 0.10D-02, <Rho> = 0.18003717D+03, <Exc> = -.32489098D+03, Pts/Atom = 2899
 HiCu.GridGen         :: Tau = 0.10D-03, <Rho> = 0.17999899D+03, <Exc> = -.32480491D+03, Pts/Atom = 5514
 HiCu.GridGen         :: Tau = 0.10D-04, <Rho> = 0.17999958D+03, <Exc> = -.32481218D+03, Pts/Atom = 10307
 HiCu.GridGen         :: Tau = 0.10D-05, <Rho> = 0.18000008D+03, <Exc> = -.32481368D+03, Pts/Atom = 19727
 HiCu.GridGen         :: Tau = 0.10D-06, <Rho> = 0.18000002D+03, <Exc> = -.32481398D+03, Pts/Atom = 36955
 HiCu.GridGen         :: TauRel = 0.10D-06, RhoErr = 0.14D-06, <Exc> = -.32481398D+03
 HiCu.GridGen         :: CPU Sec = 0.11D+04, WALL Sec = 0.97D+04
 HiCu.MakeKxc         :: WALL (Sec) = 0.63D+04
 HiCu                 :: Kxc[4] CheckSum  = 0.2126223633758730D+02
 HiCu                 :: WALL (Sec) = 0.16D+05
 HiCu                 :: Allocs=495245,  DeAllocs=190106, 165923408 bytes are presently allocated.
                         A max of 167429832 bytes were allocated.
>-Exiting HiCu 08/28/02 @ 16:01:01-<
<<Entering FockNGrueven 08/28/02 @ 16:01:01>>
 FockNGrueven         :: F[4] CheckSum  = 0.8471480224508015D+02
 FockNGrueven         :: OrthoF[4] CheckSum  = 0.7702373562277653D+02
 FockNGrueven         :: CPU (Sec,MFLOPS) = (0.33D+00, 167),
                         WALL(Sec,MFLOPS) = (0.33D+00, 167)
 FockNGrueven         :: Allocs=37,  DeAllocs=33, 380468 bytes are presently allocated.
                         A max of 2847168 bytes were allocated.
>-Exiting FockNGrueven 08/28/02 @ 16:01:01-<
<<Entering DIIS 08/28/02 @ 16:01:01>>
 DIIS                 :: Cond# = 0.38D+05, MIN(E) = 0.53D-04
 DIIS : Pulay C1      :: DIISCo = -.69D+00, 0.86D+00, 0.55D+00, 0.27D+00
 DIIS                 :: F_DIIS[4] CheckSum  = 0.7702431895844673D+02
 DIIS                 :: CPU (Sec,MFLOPS) = (0.79D+00, 139),
                         WALL(Sec,MFLOPS) = (0.88D+00, 125)
 DIIS                 :: Allocs=54,  DeAllocs=49, 344 bytes are presently allocated.
                         A max of 3026148 bytes were allocated.
>-Exiting DIIS 08/28/02 @ 16:01:02-<
<<Entering PM 08/28/02 @ 16:01:02>>
 PM                   :: Trix = 0.50D-04
 PM : Pure 1          :: dE=0.10D+01, dP=0.72D-01, ThrX=0.50D-04, %Non0=42
 PM : Pure 2          :: dE=0.56D-01, dP=0.65D-01, ThrX=0.50D-04, %Non0=42
 PM : Pure 3          :: dE=0.32D-01, dP=0.46D-01, ThrX=0.50D-04, %Non0=42
 PM : Pure 4          :: dE=0.11D-01, dP=0.36D-01, ThrX=0.50D-04, %Non0=42
 PM : Pure 5          :: dE=0.62D-02, dP=0.48D-01, ThrX=0.50D-04, %Non0=42
 PM : Pure 6          :: dE=0.84D-02, dP=0.69D-01, ThrX=0.50D-04, %Non0=46
 PM : Pure 7          :: dE=0.11D-01, dP=0.93D-01, ThrX=0.50D-04, %Non0=55
 PM : Pure 8          :: dE=0.13D-01, dP=0.11D+00, ThrX=0.50D-04, %Non0=62
 PM : Pure 9          :: dE=0.12D-01, dP=0.11D+00, ThrX=0.50D-04, %Non0=74
 PM : Pure 10         :: dE=0.80D-02, dP=0.72D-01, ThrX=0.50D-04, %Non0=87
 PM : Pure 11         :: dE=0.39D-02, dP=0.46D-01, ThrX=0.50D-04, %Non0=100
 PM : Pure 12         :: dE=0.19D-02, dP=0.41D-01, ThrX=0.50D-04, %Non0=100
 PM : Pure 13         :: dE=0.11D-02, dP=0.31D-01, ThrX=0.50D-04, %Non0=100
 PM : Pure 14         :: dE=0.51D-03, dP=0.21D-01, ThrX=0.50D-04, %Non0=100
 PM : Pure 15         :: dE=0.22D-03, dP=0.16D-01, ThrX=0.50D-04, %Non0=100
 PM : Pure 16         :: dE=0.10D-03, dP=0.11D-01, ThrX=0.50D-04, %Non0=100
 PM : Pure 17         :: dE=0.54D-04, dP=0.75D-02, ThrX=0.50D-04, %Non0=100
 PM : Pure 18         :: dE=0.23D-04, dP=0.38D-02, ThrX=0.50D-04, %Non0=100
 PM : Pure 19         :: dE=0.43D-05, dP=0.76D-03, ThrX=0.50D-04, %Non0=100
 PM : Pure 20         :: dE=0.12D-06, dP=0.24D-04, ThrX=0.50D-04, %Non0=100
 PM : Pure 21         :: dE=0.11D-09, dP=0.23D-07, ThrX=0.50D-04, %Non0=100
 PM : Pure 22         :: dE=0.18D-15, dP=0.18D-13, ThrX=0.50D-04, %Non0=100
 PM : Hit dE increase :: Tr{FP}=-.6472774598164681D+03, dNel = 0.00D+00
 PM                   :: 22 purification steps, 47 matrix multiplies
 PM                   :: Fractional occupation = 0.60D+00, %Non0s = 100
 PM : Max abs errors  :: dE=0.11D-12, dP=0.18D-13, [F,P]=0.13D-02
 PM                   :: Rel dE=0.18D-15, ||dP||_F=0.43D-12, ||[F,P]||_F=0.17D-01
 PM                   :: OrthoP[5] CheckSum  = 0.1341640792501884D+02
 PM                   :: P[5] CheckSum  = 0.1147980776537007D+02
 PM                   :: CPU (Sec,MFLOPS) = (0.97D+01, 192),
                         WALL(Sec,MFLOPS) = (0.98D+01, 191)
 PM                   :: Allocs=323,  DeAllocs=315, 1498120 bytes are presently allocated.
                         A max of 5244152 bytes were allocated.
>-Exiting PM 08/28/02 @ 16:01:12-<
<<Entering SCFStatus 08/28/02 @ 16:01:12>>
 
= = = = = SCFCycle #4, Basis #1, Geometry #1 = = = = =

       DIISErr = 0.91D-04
       MaxDelD = 0.32D-02
       <T>     = 0.22601332D+04
       <V>     = -.42134351D+04
       <DFT>   = -.32481398D+03
       <SCF>   = -2278.11583302

 SCFStatus            :: CPU (Sec,MFLOPS) = (0.70D-01, 9),
                         WALL(Sec,MFLOPS) = (0.70D-01, 9)
 SCFStatus            :: Allocs=16,  DeAllocs=16, 0 bytes are presently allocated.
                         A max of 2247900 bytes were allocated.
>-Exiting SCFStatus 08/28/02 @ 16:01:12-<
<<Entering MakeRho 08/28/02 @ 16:01:13>>
 MakeRho : Pruned Rho :: dNel = -.20D-07, kept 22% of distributions.
 MakeRho : Moments    :: <r> = (-.87D-02, -.88D-02, 0.16D-01), <r^2> = 0.34D+03
 MakeRho              :: Rho CheckSum  = 0.3309584986095882D+04
 MakeRho              :: CPU Sec = 0.31D+02, WALL Sec = 0.31D+02
 MakeRho              :: Allocs=64,  DeAllocs=59, 728 bytes are presently allocated.
                         A max of 41945348 bytes were allocated.
>-Exiting MakeRho 08/28/02 @ 16:01:43-<
<<Entering QCTC 08/28/02 @ 16:01:44>>
 QCTC                 :: J[5] CheckSum  = 0.1861256848578850D+03
 QCTC                 :: CPU Sec = 0.16D+04, WALL Sec = 0.59D+04
 QCTC                 :: Allocs=575453,  DeAllocs=50, 97212368 bytes are presently allocated.
                         A max of 110398136 bytes were allocated.
>-Exiting QCTC 08/28/02 @ 17:40:05-<
<<Entering HiCu 08/28/02 @ 17:40:06>>
 HiCu.GridGen         :: Tau = 0.10D-01, <Rho> = 0.17992198D+03, <Exc> = -.32402304D+03, Pts/Atom = 1353
 HiCu.GridGen         :: Tau = 0.10D-02, <Rho> = 0.18003745D+03, <Exc> = -.32489372D+03, Pts/Atom = 2903
 HiCu.GridGen         :: Tau = 0.10D-03, <Rho> = 0.17999896D+03, <Exc> = -.32480497D+03, Pts/Atom = 5519
 HiCu.GridGen         :: Tau = 0.10D-04, <Rho> = 0.17999958D+03, <Exc> = -.32481238D+03, Pts/Atom = 10320
 HiCu.GridGen         :: Tau = 0.10D-05, <Rho> = 0.18000008D+03, <Exc> = -.32481395D+03, Pts/Atom = 19734
 HiCu.GridGen         :: Tau = 0.10D-06, <Rho> = 0.18000002D+03, <Exc> = -.32481425D+03, Pts/Atom = 36947
 HiCu.GridGen         :: TauRel = 0.10D-06, RhoErr = 0.14D-06, <Exc> = -.32481425D+03
 HiCu.GridGen         :: CPU Sec = 0.11D+04, WALL Sec = 0.97D+04
 HiCu.MakeKxc         :: WALL (Sec) = 0.63D+04
 HiCu                 :: Kxc[5] CheckSum  = 0.2126224803457778D+02
 HiCu                 :: WALL (Sec) = 0.16D+05
 HiCu                 :: Allocs=495104,  DeAllocs=190067, 165886616 bytes are presently allocated.
                         A max of 167393040 bytes were allocated.
>-Exiting HiCu 08/28/02 @ 22:05:39-<
<<Entering FockNGrueven 08/28/02 @ 22:05:39>>
 FockNGrueven         :: F[5] CheckSum  = 0.8471371176012643D+02
 FockNGrueven         :: OrthoF[5] CheckSum  = 0.7702299075246002D+02
 FockNGrueven         :: CPU (Sec,MFLOPS) = (0.33D+00, 167),
                         WALL(Sec,MFLOPS) = (0.33D+00, 167)
 FockNGrueven         :: Allocs=37,  DeAllocs=33, 380468 bytes are presently allocated.
                         A max of 2847168 bytes were allocated.
>-Exiting FockNGrueven 08/28/02 @ 22:05:40-<
<<Entering DIIS 08/28/02 @ 22:05:40>>
 DIIS                 :: Cond# = 0.35D+06, MIN(E) = 0.64D-05
 DIIS : Pulay C1      :: DIISCo = -.81D-01, 0.10D+00, 0.11D+00,
                                  0.14D+00, 0.73D+00
 DIIS                 :: F_DIIS[5] CheckSum  = 0.7702379674259193D+02
 DIIS                 :: CPU (Sec,MFLOPS) = (0.86D+00, 129),
                         WALL(Sec,MFLOPS) = (0.90D+00, 123)
 DIIS                 :: Allocs=60,  DeAllocs=55, 432 bytes are presently allocated.
                         A max of 3026148 bytes were allocated.
>-Exiting DIIS 08/28/02 @ 22:05:41-<
<<Entering PM 08/28/02 @ 22:05:41>>
 PM                   :: Trix = 0.50D-04
 PM : Pure 1          :: dE=0.10D+01, dP=0.72D-01, ThrX=0.50D-04, %Non0=42
 PM : Pure 2          :: dE=0.56D-01, dP=0.65D-01, ThrX=0.50D-04, %Non0=42
 PM : Pure 3          :: dE=0.32D-01, dP=0.46D-01, ThrX=0.50D-04, %Non0=42
 PM : Pure 4          :: dE=0.11D-01, dP=0.36D-01, ThrX=0.50D-04, %Non0=42
 PM : Pure 5          :: dE=0.62D-02, dP=0.48D-01, ThrX=0.50D-04, %Non0=42
 PM : Pure 6          :: dE=0.84D-02, dP=0.69D-01, ThrX=0.50D-04, %Non0=46
 PM : Pure 7          :: dE=0.11D-01, dP=0.93D-01, ThrX=0.50D-04, %Non0=55
 PM : Pure 8          :: dE=0.13D-01, dP=0.11D+00, ThrX=0.50D-04, %Non0=62
 PM : Pure 9          :: dE=0.12D-01, dP=0.11D+00, ThrX=0.50D-04, %Non0=74
 PM : Pure 10         :: dE=0.80D-02, dP=0.72D-01, ThrX=0.50D-04, %Non0=87
 PM : Pure 11         :: dE=0.39D-02, dP=0.46D-01, ThrX=0.50D-04, %Non0=100
 PM : Pure 12         :: dE=0.19D-02, dP=0.41D-01, ThrX=0.50D-04, %Non0=100
 PM : Pure 13         :: dE=0.11D-02, dP=0.31D-01, ThrX=0.50D-04, %Non0=100
 PM : Pure 14         :: dE=0.51D-03, dP=0.21D-01, ThrX=0.50D-04, %Non0=100
 PM : Pure 15         :: dE=0.22D-03, dP=0.16D-01, ThrX=0.50D-04, %Non0=100
 PM : Pure 16         :: dE=0.10D-03, dP=0.11D-01, ThrX=0.50D-04, %Non0=100
 PM : Pure 17         :: dE=0.54D-04, dP=0.75D-02, ThrX=0.50D-04, %Non0=100
 PM : Pure 18         :: dE=0.23D-04, dP=0.38D-02, ThrX=0.50D-04, %Non0=100
 PM : Pure 19         :: dE=0.43D-05, dP=0.76D-03, ThrX=0.50D-04, %Non0=100
 PM : Pure 20         :: dE=0.13D-06, dP=0.24D-04, ThrX=0.50D-04, %Non0=100
 PM : Pure 21         :: dE=0.11D-09, dP=0.23D-07, ThrX=0.50D-04, %Non0=100
 PM : Pure 22         :: dE=0.18D-15, dP=0.18D-13, ThrX=0.50D-04, %Non0=100
 PM : Met dE/dP goals :: Tr{FP}=-.6472656224850613D+03, dNel = 0.11D-12
 PM                   :: 22 purification steps, 47 matrix multiplies
 PM                   :: Fractional occupation = 0.60D+00, %Non0s = 100
 PM : Max abs errors  :: dE=0.11D-12, dP=0.18D-13, [F,P]=0.13D-02
 PM                   :: Rel dE=0.18D-15, ||dP||_F=0.44D-12, ||[F,P]||_F=0.17D-01
 PM                   :: OrthoP[6] CheckSum  = 0.1341640792559575D+02
 PM                   :: P[6] CheckSum  = 0.1147979606402683D+02
 PM                   :: CPU (Sec,MFLOPS) = (0.97D+01, 192),
                         WALL(Sec,MFLOPS) = (0.98D+01, 190)
 PM                   :: Allocs=322,  DeAllocs=314, 1498120 bytes are presently allocated.
                         A max of 5244152 bytes were allocated.
>-Exiting PM 08/28/02 @ 22:05:51-<
<<Entering SCFStatus 08/28/02 @ 22:05:51>>
 
= = = = = SCFCycle #5, Basis #1, Geometry #1 = = = = =

       DIISErr = 0.57D-04
       MaxDelD = 0.99D-03
       <T>     = 0.22601341D+04
       <V>     = -.42134360D+04
       <DFT>   = -.32481425D+03
       <SCF>   = -2278.11617917

 SCFStatus            :: CPU (Sec,MFLOPS) = (0.70D-01, 9),
                         WALL(Sec,MFLOPS) = (0.70D-01, 9)
 SCFStatus            :: Allocs=16,  DeAllocs=16, 0 bytes are presently allocated.
                         A max of 2247900 bytes were allocated.
>-Exiting SCFStatus 08/28/02 @ 22:05:51-<
<<Entering MakeRho 08/28/02 @ 22:05:51>>
 MakeRho : Pruned Rho :: dNel = -.20D-07, kept 22% of distributions.
 MakeRho : Moments    :: <r> = (0.37D-03, -.12D-02, -.47D-03), <r^2> = 0.34D+03
 MakeRho              :: Rho CheckSum  = 0.3309586389106376D+04
 MakeRho              :: CPU Sec = 0.31D+02, WALL Sec = 0.31D+02
 MakeRho              :: Allocs=64,  DeAllocs=59, 728 bytes are presently allocated.
                         A max of 41946036 bytes were allocated.
>-Exiting MakeRho 08/28/02 @ 22:06:22-<
<<Entering QCTC 08/28/02 @ 22:06:22>>
 QCTC                 :: J[6] CheckSum  = 0.1861261307293894D+03
 QCTC                 :: CPU Sec = 0.16D+04, WALL Sec = 0.59D+04
 QCTC                 :: Allocs=575493,  DeAllocs=50, 97219248 bytes are presently allocated.
                         A max of 110405992 bytes were allocated.
>-Exiting QCTC 08/28/02 @ 23:44:37-<
<<Entering HiCu 08/28/02 @ 23:44:37>>
 HiCu.GridGen         :: Tau = 0.10D-01, <Rho> = 0.17991759D+03, <Exc> = -.32398716D+03, Pts/Atom = 1353
 HiCu.GridGen         :: Tau = 0.10D-02, <Rho> = 0.18003194D+03, <Exc> = -.32489317D+03, Pts/Atom = 2900
 HiCu.GridGen         :: Tau = 0.10D-03, <Rho> = 0.17999848D+03, <Exc> = -.32480412D+03, Pts/Atom = 5517
 HiCu.GridGen         :: Tau = 0.10D-04, <Rho> = 0.17999952D+03, <Exc> = -.32481218D+03, Pts/Atom = 10326
 HiCu.GridGen         :: Tau = 0.10D-05, <Rho> = 0.18000008D+03, <Exc> = -.32481383D+03, Pts/Atom = 19738
 HiCu.GridGen         :: Tau = 0.10D-06, <Rho> = 0.18000002D+03, <Exc> = -.32481412D+03, Pts/Atom = 36958
 HiCu.GridGen         :: TauRel = 0.10D-06, RhoErr = 0.14D-06, <Exc> = -.32481412D+03
 HiCu.GridGen         :: CPU Sec = 0.11D+04, WALL Sec = 0.97D+04
 HiCu.MakeKxc         :: WALL (Sec) = 0.63D+04
 HiCu                 :: Kxc[6] CheckSum  = 0.2126224315378872D+02
 HiCu                 :: WALL (Sec) = 0.16D+05
 HiCu                 :: Allocs=495226,  DeAllocs=190124, 165934992 bytes are presently allocated.
                         A max of 167441416 bytes were allocated.
>-Exiting HiCu 08/29/02 @ 04:10:18-<
<<Entering FockNGrueven 08/29/02 @ 04:10:19>>
 FockNGrueven         :: F[6] CheckSum  = 0.8471421472683717D+02
 FockNGrueven         :: OrthoF[6] CheckSum  = 0.7702333237715926D+02
 FockNGrueven         :: CPU (Sec,MFLOPS) = (0.34D+00, 162),
                         WALL(Sec,MFLOPS) = (0.37D+00, 149)
 FockNGrueven         :: Allocs=37,  DeAllocs=33, 380468 bytes are presently allocated.
                         A max of 2847168 bytes were allocated.
>-Exiting FockNGrueven 08/29/02 @ 04:10:19-<
<<Entering DIIS 08/29/02 @ 04:10:19>>
 DIIS                 :: Cond# = 0.56D+06, MIN(E) = 0.44D-05
 DIIS : Pulay C1      :: DIISCo = 0.13D+00, -.17D+00, -.63D-01,
                                  0.51D-01, 0.58D+00, 0.46D+00
 DIIS                 :: F_DIIS[6] CheckSum  = 0.7702355048378755D+02
 DIIS                 :: CPU (Sec,MFLOPS) = (0.95D+00, 118),
                         WALL(Sec,MFLOPS) = (0.10D+01, 112)
 DIIS                 :: Allocs=67,  DeAllocs=62, 536 bytes are presently allocated.
                         A max of 3026148 bytes were allocated.
>-Exiting DIIS 08/29/02 @ 04:10:20-<
<<Entering PM 08/29/02 @ 04:10:20>>
 PM                   :: Trix = 0.50D-04
 PM : Pure 1          :: dE=0.10D+01, dP=0.72D-01, ThrX=0.50D-04, %Non0=42
 PM : Pure 2          :: dE=0.56D-01, dP=0.65D-01, ThrX=0.50D-04, %Non0=42
 PM : Pure 3          :: dE=0.32D-01, dP=0.46D-01, ThrX=0.50D-04, %Non0=42
 PM : Pure 4          :: dE=0.11D-01, dP=0.36D-01, ThrX=0.50D-04, %Non0=42
 PM : Pure 5          :: dE=0.62D-02, dP=0.48D-01, ThrX=0.50D-04, %Non0=42
 PM : Pure 6          :: dE=0.84D-02, dP=0.69D-01, ThrX=0.50D-04, %Non0=46
 PM : Pure 7          :: dE=0.11D-01, dP=0.93D-01, ThrX=0.50D-04, %Non0=55
 PM : Pure 8          :: dE=0.13D-01, dP=0.11D+00, ThrX=0.50D-04, %Non0=62
 PM : Pure 9          :: dE=0.12D-01, dP=0.11D+00, ThrX=0.50D-04, %Non0=74
 PM : Pure 10         :: dE=0.80D-02, dP=0.72D-01, ThrX=0.50D-04, %Non0=87
 PM : Pure 11         :: dE=0.39D-02, dP=0.46D-01, ThrX=0.50D-04, %Non0=100
 PM : Pure 12         :: dE=0.19D-02, dP=0.41D-01, ThrX=0.50D-04, %Non0=100
 PM : Pure 13         :: dE=0.11D-02, dP=0.31D-01, ThrX=0.50D-04, %Non0=100
 PM : Pure 14         :: dE=0.51D-03, dP=0.21D-01, ThrX=0.50D-04, %Non0=100
 PM : Pure 15         :: dE=0.22D-03, dP=0.16D-01, ThrX=0.50D-04, %Non0=100
 PM : Pure 16         :: dE=0.10D-03, dP=0.11D-01, ThrX=0.50D-04, %Non0=100
 PM : Pure 17         :: dE=0.54D-04, dP=0.75D-02, ThrX=0.50D-04, %Non0=100
 PM : Pure 18         :: dE=0.23D-04, dP=0.38D-02, ThrX=0.50D-04, %Non0=100
 PM : Pure 19         :: dE=0.43D-05, dP=0.76D-03, ThrX=0.50D-04, %Non0=100
 PM : Pure 20         :: dE=0.13D-06, dP=0.24D-04, ThrX=0.50D-04, %Non0=100
 PM : Pure 21         :: dE=0.11D-09, dP=0.23D-07, ThrX=0.50D-04, %Non0=100
 PM : Pure 22         :: dE=0.18D-15, dP=0.18D-13, ThrX=0.50D-04, %Non0=100
 PM : Met dE/dP goals :: Tr{FP}=-.6472599942397604D+03, dNel = 0.00D+00
 PM                   :: 22 purification steps, 47 matrix multiplies
 PM                   :: Fractional occupation = 0.60D+00, %Non0s = 100
 PM : Max abs errors  :: dE=0.11D-12, dP=0.18D-13, [F,P]=0.13D-02
 PM                   :: Rel dE=0.18D-15, ||dP||_F=0.44D-12, ||[F,P]||_F=0.17D-01
 PM                   :: OrthoP[7] CheckSum  = 0.1341640792502028D+02
 PM                   :: P[7] CheckSum  = 0.1147979009836766D+02
 PM                   :: CPU (Sec,MFLOPS) = (0.98D+01, 191),
                         WALL(Sec,MFLOPS) = (0.99D+01, 189)
 PM                   :: Allocs=323,  DeAllocs=315, 1498120 bytes are presently allocated.
                         A max of 5244152 bytes were allocated.
>-Exiting PM 08/29/02 @ 04:10:30-<
<<Entering SCFStatus 08/29/02 @ 04:10:30>>
 
= = = = = SCFCycle #6, Basis #1, Geometry #1 = = = = =

       DIISErr = 0.57D-04
       MaxDelD = 0.67D-03
       <T>     = 0.22601336D+04
       <V>     = -.42134357D+04
       <DFT>   = -.32481412D+03
       <SCF>   = -2278.11618323

 SCFStatus            :: CPU (Sec,MFLOPS) = (0.80D-01, 8),
                         WALL(Sec,MFLOPS) = (0.80D-01, 8)
 SCFStatus            :: Allocs=16,  DeAllocs=16, 0 bytes are presently allocated.
                         A max of 2247900 bytes were allocated.
>-Exiting SCFStatus 08/29/02 @ 04:10:30-<
<<Entering MakeRho 08/29/02 @ 04:10:30>>
 MakeRho : Pruned Rho :: dNel = -.20D-07, kept 22% of distributions.
 MakeRho : Moments    :: <r> = (-.21D-02, -.39D-02, 0.39D-02), <r^2> = 0.34D+03
 MakeRho              :: Rho CheckSum  = 0.3309586839760317D+04
 MakeRho              :: CPU Sec = 0.31D+02, WALL Sec = 0.31D+02
 MakeRho              :: Allocs=64,  DeAllocs=59, 728 bytes are presently allocated.
                         A max of 41945740 bytes were allocated.
>-Exiting MakeRho 08/29/02 @ 04:11:01-<
<<Entering QCTC 08/29/02 @ 04:11:02>>
 QCTC                 :: J[7] CheckSum  = 0.1861263430035705D+03
 QCTC                 :: CPU Sec = 0.16D+04, WALL Sec = 0.59D+04
 QCTC                 :: Allocs=575488,  DeAllocs=50, 97217968 bytes are presently allocated.
                         A max of 110404380 bytes were allocated.
>-Exiting QCTC 08/29/02 @ 05:49:22-<
<<Entering HiCu 08/29/02 @ 05:49:22>>
 HiCu.GridGen         :: Tau = 0.10D-01, <Rho> = 0.17991757D+03, <Exc> = -.32398712D+03, Pts/Atom = 1353
 HiCu.GridGen         :: Tau = 0.10D-02, <Rho> = 0.18003199D+03, <Exc> = -.32489355D+03, Pts/Atom = 2899
 HiCu.GridGen         :: Tau = 0.10D-03, <Rho> = 0.17999841D+03, <Exc> = -.32480362D+03, Pts/Atom = 5520
 HiCu.GridGen         :: Tau = 0.10D-04, <Rho> = 0.17999952D+03, <Exc> = -.32481212D+03, Pts/Atom = 10326
 HiCu.GridGen         :: Tau = 0.10D-05, <Rho> = 0.18000008D+03, <Exc> = -.32481376D+03, Pts/Atom = 19737
 HiCu.GridGen         :: Tau = 0.10D-06, <Rho> = 0.18000002D+03, <Exc> = -.32481406D+03, Pts/Atom = 36964
 HiCu.GridGen         :: TauRel = 0.10D-06, RhoErr = 0.14D-06, <Exc> = -.32481406D+03
 HiCu.GridGen         :: CPU Sec = 0.11D+04, WALL Sec = 0.97D+04
 HiCu.MakeKxc         :: WALL (Sec) = 0.63D+04
 HiCu                 :: Kxc[7] CheckSum  = 0.2126224071222894D+02
 HiCu                 :: WALL (Sec) = 0.16D+05
 HiCu                 :: Allocs=495285,  DeAllocs=190154, 165959920 bytes are presently allocated.
                         A max of 167466344 bytes were allocated.
>-Exiting HiCu 08/29/02 @ 10:15:33-<
<<Entering FockNGrueven 08/29/02 @ 10:15:33>>
 FockNGrueven         :: F[7] CheckSum  = 0.8471445414743232D+02
 FockNGrueven         :: OrthoF[7] CheckSum  = 0.7702349510454567D+02
 FockNGrueven         :: CPU (Sec,MFLOPS) = (0.34D+00, 162),
                         WALL(Sec,MFLOPS) = (0.34D+00, 162)
 FockNGrueven         :: Allocs=37,  DeAllocs=33, 380468 bytes are presently allocated.
                         A max of 2847168 bytes were allocated.
>-Exiting FockNGrueven 08/29/02 @ 10:15:33-<
<<Entering DIIS 08/29/02 @ 10:15:33>>
 DIIS                 :: Cond# = 0.31D+07, MIN(E) = 0.86D-06
 DIIS : Pulay C1      :: DIISCo = 0.16D+00, -.20D+00, -.91D-01,
                                  0.17D-01, 0.36D+00, 0.36D+00, 0.39D+00
 DIIS                 :: F_DIIS[7] CheckSum  = 0.7702353145283145D+02
 DIIS                 :: CPU (Sec,MFLOPS) = (0.11D+01, 106),
                         WALL(Sec,MFLOPS) = (0.11D+01, 105)
 DIIS                 :: Allocs=75,  DeAllocs=70, 656 bytes are presently allocated.
                         A max of 3026148 bytes were allocated.
>-Exiting DIIS 08/29/02 @ 10:15:34-<
<<Entering PM 08/29/02 @ 10:15:34>>
 PM                   :: Trix = 0.50D-04
 PM : Pure 1          :: dE=0.10D+01, dP=0.72D-01, ThrX=0.50D-04, %Non0=42
 PM : Pure 2          :: dE=0.56D-01, dP=0.65D-01, ThrX=0.50D-04, %Non0=42
 PM : Pure 3          :: dE=0.32D-01, dP=0.46D-01, ThrX=0.50D-04, %Non0=42
 PM : Pure 4          :: dE=0.11D-01, dP=0.36D-01, ThrX=0.50D-04, %Non0=42
 PM : Pure 5          :: dE=0.62D-02, dP=0.48D-01, ThrX=0.50D-04, %Non0=42
 PM : Pure 6          :: dE=0.84D-02, dP=0.69D-01, ThrX=0.50D-04, %Non0=46
 PM : Pure 7          :: dE=0.11D-01, dP=0.93D-01, ThrX=0.50D-04, %Non0=55
 PM : Pure 8          :: dE=0.13D-01, dP=0.11D+00, ThrX=0.50D-04, %Non0=62
 PM : Pure 9          :: dE=0.12D-01, dP=0.11D+00, ThrX=0.50D-04, %Non0=74
 PM : Pure 10         :: dE=0.80D-02, dP=0.72D-01, ThrX=0.50D-04, %Non0=87
 PM : Pure 11         :: dE=0.39D-02, dP=0.46D-01, ThrX=0.50D-04, %Non0=100
 PM : Pure 12         :: dE=0.19D-02, dP=0.41D-01, ThrX=0.50D-04, %Non0=100
 PM : Pure 13         :: dE=0.11D-02, dP=0.31D-01, ThrX=0.50D-04, %Non0=100
 PM : Pure 14         :: dE=0.51D-03, dP=0.21D-01, ThrX=0.50D-04, %Non0=100
 PM : Pure 15         :: dE=0.22D-03, dP=0.16D-01, ThrX=0.50D-04, %Non0=100
 PM : Pure 16         :: dE=0.10D-03, dP=0.11D-01, ThrX=0.50D-04, %Non0=100
 PM : Pure 17         :: dE=0.54D-04, dP=0.75D-02, ThrX=0.50D-04, %Non0=100
 PM : Pure 18         :: dE=0.23D-04, dP=0.38D-02, ThrX=0.50D-04, %Non0=100
 PM : Pure 19         :: dE=0.43D-05, dP=0.76D-03, ThrX=0.50D-04, %Non0=100
 PM : Pure 20         :: dE=0.13D-06, dP=0.24D-04, ThrX=0.50D-04, %Non0=100
 PM : Pure 21         :: dE=0.11D-09, dP=0.23D-07, ThrX=0.50D-04, %Non0=100
 PM : Pure 22         :: dE=0.18D-15, dP=0.18D-13, ThrX=0.50D-04, %Non0=100
 PM : Hit dE increase :: Tr{FP}=-.6472595504074865D+03, dNel = 0.11D-12
 PM                   :: 22 purification steps, 47 matrix multiplies
 PM                   :: Fractional occupation = 0.60D+00, %Non0s = 100
 PM : Max abs errors  :: dE=0.11D-12, dP=0.18D-13, [F,P]=0.13D-02
 PM                   :: Rel dE=0.18D-15, ||dP||_F=0.44D-12, ||[F,P]||_F=0.17D-01
 PM                   :: OrthoP[8] CheckSum  = 0.1341640792502214D+02
 PM                   :: P[8] CheckSum  = 0.1147978947428792D+02
 PM                   :: CPU (Sec,MFLOPS) = (0.97D+01, 192),
                         WALL(Sec,MFLOPS) = (0.97D+01, 192)
 PM                   :: Allocs=322,  DeAllocs=314, 1498120 bytes are presently allocated.
                         A max of 5244152 bytes were allocated.
>-Exiting PM 08/29/02 @ 10:15:44-<
<<Entering SCFStatus 08/29/02 @ 10:15:44>>
 
= = = = = SCFCycle #7, Basis #1, Geometry #1 = = = = =

       DIISErr = 0.56D-04
       MaxDelD = 0.18D-03
       <T>     = 0.22601334D+04
       <V>     = -.42134355D+04
       <DFT>   = -.32481406D+03
       <SCF>   = -2278.11618728

 SCFStatus            :: CPU (Sec,MFLOPS) = (0.70D-01, 9),
                         WALL(Sec,MFLOPS) = (0.70D-01, 9)
 SCFStatus            :: Allocs=16,  DeAllocs=16, 0 bytes are presently allocated.
                         A max of 2247900 bytes were allocated.
>-Exiting SCFStatus 08/29/02 @ 10:15:44-<
<<Entering MakeRho 08/29/02 @ 10:15:44>>
 MakeRho : Pruned Rho :: dNel = -.20D-07, kept 22% of distributions.
 MakeRho : Moments    :: <r> = (-.13D-02, -.38D-02, 0.35D-02), <r^2> = 0.34D+03
 MakeRho              :: Rho CheckSum  = 0.3309586853360689D+04
 MakeRho              :: CPU Sec = 0.31D+02, WALL Sec = 0.31D+02
 MakeRho              :: Allocs=64,  DeAllocs=59, 728 bytes are presently allocated.
                         A max of 41945844 bytes were allocated.
>-Exiting MakeRho 08/29/02 @ 10:16:16-<
<<Entering QCTC 08/29/02 @ 10:16:16>>
 QCTC                 :: J[8] CheckSum  = 0.1861263598495175D+03
 QCTC                 :: CPU Sec = 0.16D+04, WALL Sec = 0.59D+04
 QCTC                 :: Allocs=575493,  DeAllocs=50, 97218864 bytes are presently allocated.
                         A max of 110405416 bytes were allocated.
>-Exiting QCTC 08/29/02 @ 11:54:30-<
<<Entering HiCu 08/29/02 @ 11:54:30>>
 HiCu.GridGen         :: Tau = 0.10D-01, <Rho> = 0.17991756D+03, <Exc> = -.32398708D+03, Pts/Atom = 1353
 HiCu.GridGen         :: Tau = 0.10D-02, <Rho> = 0.18003202D+03, <Exc> = -.32489377D+03, Pts/Atom = 2898
 HiCu.GridGen         :: Tau = 0.10D-03, <Rho> = 0.17999841D+03, <Exc> = -.32480361D+03, Pts/Atom = 5520
 HiCu.GridGen         :: Tau = 0.10D-04, <Rho> = 0.17999952D+03, <Exc> = -.32481212D+03, Pts/Atom = 10325
 HiCu.GridGen         :: Tau = 0.10D-05, <Rho> = 0.18000008D+03, <Exc> = -.32481376D+03, Pts/Atom = 19739
 HiCu.GridGen         :: Tau = 0.10D-06, <Rho> = 0.18000002D+03, <Exc> = -.32481405D+03, Pts/Atom = 36965
 HiCu.GridGen         :: TauRel = 0.10D-06, RhoErr = 0.14D-06, <Exc> = -.32481405D+03
 HiCu.GridGen         :: CPU Sec = 0.11D+04, WALL Sec = 0.97D+04
 HiCu.MakeKxc         :: WALL (Sec) = 0.63D+04
 HiCu                 :: Kxc[8] CheckSum  = 0.2126224048136593D+02
 HiCu                 :: WALL (Sec) = 0.16D+05
 HiCu                 :: Allocs=495292,  DeAllocs=190157, 165962520 bytes are presently allocated.
                         A max of 167468944 bytes were allocated.
>-Exiting HiCu 08/29/02 @ 16:20:04-<
<<Entering FockNGrueven 08/29/02 @ 16:20:04>>
 FockNGrueven         :: F[8] CheckSum  = 0.8471447310266107D+02
 FockNGrueven         :: OrthoF[8] CheckSum  = 0.7702350803228991D+02
 FockNGrueven         :: CPU (Sec,MFLOPS) = (0.33D+00, 167),
                         WALL(Sec,MFLOPS) = (0.33D+00, 167)
 FockNGrueven         :: Allocs=37,  DeAllocs=33, 380468 bytes are presently allocated.
                         A max of 2847168 bytes were allocated.
>-Exiting FockNGrueven 08/29/02 @ 16:20:05-<
<<Entering DIIS 08/29/02 @ 16:20:05>>
 DIIS                 :: Cond# = 0.53D+08, MIN(E) = 0.54D-07
 DIIS : Pulay C1      :: DIISCo = 0.17D+00, -.22D+00, -.14D+00,
                                  -.69D-01, -.30D+00, -.81D-01, 0.39D+00, 0.12D+01
 DIIS                 :: F_DIIS[8] CheckSum  = 0.7702354209396432D+02
 DIIS                 :: CPU (Sec,MFLOPS) = (0.12D+01, 97),
                         WALL(Sec,MFLOPS) = (0.12D+01, 97)
 DIIS                 :: Allocs=84,  DeAllocs=79, 792 bytes are presently allocated.
                         A max of 3026148 bytes were allocated.
>-Exiting DIIS 08/29/02 @ 16:20:06-<
<<Entering PM 08/29/02 @ 16:20:06>>
 PM                   :: Trix = 0.50D-04
 PM : Pure 1          :: dE=0.10D+01, dP=0.72D-01, ThrX=0.50D-04, %Non0=42
 PM : Pure 2          :: dE=0.56D-01, dP=0.65D-01, ThrX=0.50D-04, %Non0=42
 PM : Pure 3          :: dE=0.32D-01, dP=0.46D-01, ThrX=0.50D-04, %Non0=42
 PM : Pure 4          :: dE=0.11D-01, dP=0.36D-01, ThrX=0.50D-04, %Non0=42
 PM : Pure 5          :: dE=0.62D-02, dP=0.48D-01, ThrX=0.50D-04, %Non0=42
 PM : Pure 6          :: dE=0.84D-02, dP=0.69D-01, ThrX=0.50D-04, %Non0=46
 PM : Pure 7          :: dE=0.11D-01, dP=0.93D-01, ThrX=0.50D-04, %Non0=55
 PM : Pure 8          :: dE=0.13D-01, dP=0.11D+00, ThrX=0.50D-04, %Non0=62
 PM : Pure 9          :: dE=0.12D-01, dP=0.11D+00, ThrX=0.50D-04, %Non0=74
 PM : Pure 10         :: dE=0.80D-02, dP=0.72D-01, ThrX=0.50D-04, %Non0=87
 PM : Pure 11         :: dE=0.39D-02, dP=0.46D-01, ThrX=0.50D-04, %Non0=100
 PM : Pure 12         :: dE=0.19D-02, dP=0.41D-01, ThrX=0.50D-04, %Non0=100
 PM : Pure 13         :: dE=0.11D-02, dP=0.31D-01, ThrX=0.50D-04, %Non0=100
 PM : Pure 14         :: dE=0.51D-03, dP=0.21D-01, ThrX=0.50D-04, %Non0=100
 PM : Pure 15         :: dE=0.22D-03, dP=0.16D-01, ThrX=0.50D-04, %Non0=100
 PM : Pure 16         :: dE=0.10D-03, dP=0.11D-01, ThrX=0.50D-04, %Non0=100
 PM : Pure 17         :: dE=0.54D-04, dP=0.75D-02, ThrX=0.50D-04, %Non0=100
 PM : Pure 18         :: dE=0.23D-04, dP=0.38D-02, ThrX=0.50D-04, %Non0=100
 PM : Pure 19         :: dE=0.43D-05, dP=0.76D-03, ThrX=0.50D-04, %Non0=100
 PM : Pure 20         :: dE=0.13D-06, dP=0.24D-04, ThrX=0.50D-04, %Non0=100
 PM : Pure 21         :: dE=0.11D-09, dP=0.23D-07, ThrX=0.50D-04, %Non0=100
 PM : Pure 22         :: dE=0.18D-15, dP=0.18D-13, ThrX=0.50D-04, %Non0=100
 PM : Met dE/dP goals :: Tr{FP}=-.6472597679937197D+03, dNel = 0.00D+00
 PM                   :: 22 purification steps, 47 matrix multiplies
 PM                   :: Fractional occupation = 0.60D+00, %Non0s = 100
 PM : Max abs errors  :: dE=0.11D-12, dP=0.18D-13, [F,P]=0.13D-02
 PM                   :: Rel dE=0.18D-15, ||dP||_F=0.44D-12, ||[F,P]||_F=0.17D-01
 PM                   :: OrthoP[9] CheckSum  = 0.1341640792502174D+02
 PM                   :: P[9] CheckSum  = 0.1147978921863230D+02
 PM                   :: CPU (Sec,MFLOPS) = (0.98D+01, 191),
                         WALL(Sec,MFLOPS) = (0.98D+01, 191)
 PM                   :: Allocs=322,  DeAllocs=314, 1498120 bytes are presently allocated.
                         A max of 5244152 bytes were allocated.
>-Exiting PM 08/29/02 @ 16:20:16-<
<<Entering SCFStatus 08/29/02 @ 16:20:16>>
 
= = = = = SCFCycle #8, Basis #1, Geometry #1 = = = = =

       DIISErr = 0.56D-04
       MaxDelD = 0.94D-04
       <T>     = 0.22601333D+04
       <V>     = -.42134355D+04
       <DFT>   = -.32481405D+03
       <SCF>   = -2278.11618790

 SCFStatus            :: CPU (Sec,MFLOPS) = (0.80D-01, 8),
                         WALL(Sec,MFLOPS) = (0.80D-01, 8)
 SCFStatus            :: Allocs=16,  DeAllocs=16, 0 bytes are presently allocated.
                         A max of 2247900 bytes were allocated.
>-Exiting SCFStatus 08/29/02 @ 16:20:16-<
<<Entering MakeRho 08/29/02 @ 16:20:16>>
 MakeRho : Pruned Rho :: dNel = -.20D-07, kept 22% of distributions.
 MakeRho : Moments    :: <r> = (-.10D-02, -.38D-02, 0.27D-02), <r^2> = 0.34D+03
 MakeRho              :: Rho CheckSum  = 0.3309586723990046D+04
 MakeRho              :: CPU Sec = 0.31D+02, WALL Sec = 0.31D+02
 MakeRho              :: Allocs=64,  DeAllocs=59, 728 bytes are presently allocated.
                         A max of 41945948 bytes were allocated.
>-Exiting MakeRho 08/29/02 @ 16:20:47-<
<<Entering QCTC 08/29/02 @ 16:20:47>>
 QCTC                 :: J[9] CheckSum  = 0.1861263521634912D+03
 QCTC                 :: CPU Sec = 0.16D+04, WALL Sec = 0.59D+04
 QCTC                 :: Allocs=575498,  DeAllocs=50, 97219760 bytes are presently allocated.
                         A max of 110406452 bytes were allocated.
>-Exiting QCTC 08/29/02 @ 17:59:04-<
<<Entering HiCu 08/29/02 @ 17:59:04>>
 HiCu.GridGen         :: Tau = 0.10D-01, <Rho> = 0.17991757D+03, <Exc> = -.32398708D+03, Pts/Atom = 1353
 HiCu.GridGen         :: Tau = 0.10D-02, <Rho> = 0.18003204D+03, <Exc> = -.32489399D+03, Pts/Atom = 2898
 HiCu.GridGen         :: Tau = 0.10D-03, <Rho> = 0.17999841D+03, <Exc> = -.32480361D+03, Pts/Atom = 5520
 HiCu.GridGen         :: Tau = 0.10D-04, <Rho> = 0.17999952D+03, <Exc> = -.32481212D+03, Pts/Atom = 10325
 HiCu.GridGen         :: Tau = 0.10D-05, <Rho> = 0.18000008D+03, <Exc> = -.32481375D+03, Pts/Atom = 19739
 HiCu.GridGen         :: Tau = 0.10D-06, <Rho> = 0.18000002D+03, <Exc> = -.32481405D+03, Pts/Atom = 36967
 HiCu.GridGen         :: TauRel = 0.10D-06, RhoErr = 0.14D-06, <Exc> = -.32481405D+03
 HiCu.GridGen         :: CPU Sec = 0.11D+04, WALL Sec = 0.97D+04
 HiCu.MakeKxc         :: WALL (Sec) = 0.63D+04
 HiCu                 :: Kxc[9] CheckSum  = 0.2126224047022655D+02
 HiCu                 :: WALL (Sec) = 0.16D+05
 HiCu                 :: Allocs=495311,  DeAllocs=190166, 165970160 bytes are presently allocated.
                         A max of 167476584 bytes were allocated.
>-Exiting HiCu 08/29/02 @ 22:24:39-<
<<Entering FockNGrueven 08/29/02 @ 22:24:39>>
 FockNGrueven         :: F[9] CheckSum  = 0.8471446435033460D+02
 FockNGrueven         :: OrthoF[9] CheckSum  = 0.7702350222465981D+02
 FockNGrueven         :: CPU (Sec,MFLOPS) = (0.33D+00, 167),
                         WALL(Sec,MFLOPS) = (0.33D+00, 167)
 FockNGrueven         :: Allocs=37,  DeAllocs=33, 380468 bytes are presently allocated.
                         A max of 2847168 bytes were allocated.
>-Exiting FockNGrueven 08/29/02 @ 22:24:39-<
<<Entering DIIS 08/29/02 @ 22:24:39>>
 DIIS                 :: Cond# = 0.84D+08, MIN(E) = 0.36D-07
 DIIS : Pulay C1      :: DIISCo = 0.18D+00, -.23D+00, -.16D+00,
                                  -.12D+00, -.70D+00, -.36D+00, 0.25D+00,
                                  0.15D+01, 0.69D+00
 DIIS                 :: F_DIIS[9] CheckSum  = 0.7702354950251186D+02
 DIIS                 :: CPU (Sec,MFLOPS) = (0.13D+01, 88),
                         WALL(Sec,MFLOPS) = (0.13D+01, 88)
 DIIS                 :: Allocs=94,  DeAllocs=89, 944 bytes are presently allocated.
                         A max of 3026148 bytes were allocated.
>-Exiting DIIS 08/29/02 @ 22:24:40-<
<<Entering PM 08/29/02 @ 22:24:41>>
 PM                   :: Trix = 0.50D-04
 PM : Pure 1          :: dE=0.10D+01, dP=0.72D-01, ThrX=0.50D-04, %Non0=42
 PM : Pure 2          :: dE=0.56D-01, dP=0.65D-01, ThrX=0.50D-04, %Non0=42
 PM : Pure 3          :: dE=0.32D-01, dP=0.46D-01, ThrX=0.50D-04, %Non0=42
 PM : Pure 4          :: dE=0.11D-01, dP=0.36D-01, ThrX=0.50D-04, %Non0=42
 PM : Pure 5          :: dE=0.62D-02, dP=0.48D-01, ThrX=0.50D-04, %Non0=42
 PM : Pure 6          :: dE=0.84D-02, dP=0.69D-01, ThrX=0.50D-04, %Non0=46
 PM : Pure 7          :: dE=0.11D-01, dP=0.93D-01, ThrX=0.50D-04, %Non0=55
 PM : Pure 8          :: dE=0.13D-01, dP=0.11D+00, ThrX=0.50D-04, %Non0=62
 PM : Pure 9          :: dE=0.12D-01, dP=0.11D+00, ThrX=0.50D-04, %Non0=74
 PM : Pure 10         :: dE=0.80D-02, dP=0.72D-01, ThrX=0.50D-04, %Non0=87
 PM : Pure 11         :: dE=0.39D-02, dP=0.46D-01, ThrX=0.50D-04, %Non0=100
 PM : Pure 12         :: dE=0.19D-02, dP=0.41D-01, ThrX=0.50D-04, %Non0=100
 PM : Pure 13         :: dE=0.11D-02, dP=0.31D-01, ThrX=0.50D-04, %Non0=100
 PM : Pure 14         :: dE=0.51D-03, dP=0.21D-01, ThrX=0.50D-04, %Non0=100
 PM : Pure 15         :: dE=0.22D-03, dP=0.16D-01, ThrX=0.50D-04, %Non0=100
 PM : Pure 16         :: dE=0.10D-03, dP=0.11D-01, ThrX=0.50D-04, %Non0=100
 PM : Pure 17         :: dE=0.54D-04, dP=0.75D-02, ThrX=0.50D-04, %Non0=100
 PM : Pure 18         :: dE=0.23D-04, dP=0.38D-02, ThrX=0.50D-04, %Non0=100
 PM : Pure 19         :: dE=0.43D-05, dP=0.76D-03, ThrX=0.50D-04, %Non0=100
 PM : Pure 20         :: dE=0.13D-06, dP=0.24D-04, ThrX=0.50D-04, %Non0=100
 PM : Pure 21         :: dE=0.11D-09, dP=0.23D-07, ThrX=0.50D-04, %Non0=100
 PM : Pure 22         :: dE=0.00D+00, dP=0.18D-13, ThrX=0.50D-04, %Non0=100
 PM : Met dE/dP goals :: Tr{FP}=-.6472599240967497D+03, dNel = 0.00D+00
 PM                   :: 22 purification steps, 47 matrix multiplies
 PM                   :: Fractional occupation = 0.60D+00, %Non0s = 100
 PM : Max abs errors  :: dE=0.00D+00, dP=0.18D-13, [F,P]=0.13D-02
 PM                   :: Rel dE=0.00D+00, ||dP||_F=0.44D-12, ||[F,P]||_F=0.17D-01
 PM                   :: OrthoP[10] CheckSum  = 0.1341640792502156D+02
 PM                   :: P[10] CheckSum  = 0.1147978917646585D+02
 PM                   :: CPU (Sec,MFLOPS) = (0.97D+01, 192),
                         WALL(Sec,MFLOPS) = (0.98D+01, 191)
 PM                   :: Allocs=323,  DeAllocs=315, 1498120 bytes are presently allocated.
                         A max of 5244152 bytes were allocated.
>-Exiting PM 08/29/02 @ 22:24:50-<
<<Entering SCFStatus 08/29/02 @ 22:24:50>>
 
= = = = = SCFCycle #9, Basis #1, Geometry #1 = = = = =

       DIISErr = 0.56D-04
       MaxDelD = 0.10D-03
       <T>     = 0.22601333D+04
       <V>     = -.42134355D+04
       <DFT>   = -.32481405D+03
       <SCF>   = -2278.11618785

 SCFStatus            :: CPU (Sec,MFLOPS) = (0.70D-01, 9),
                         WALL(Sec,MFLOPS) = (0.70D-01, 9)
 SCFStatus            :: Allocs=16,  DeAllocs=16, 0 bytes are presently allocated.
                         A max of 2247900 bytes were allocated.
>-Exiting SCFStatus 08/29/02 @ 22:24:50-<
 SCF hit DIIS/DMax increase.
 Convergence statistics for RPBEx/PBEc/STO-6G:
========================================================================
SCF    Ink       Total             Delta       Max         DIIS   
Cycle  Fok       Energy            E_Tot       Delta P     Error  
  0,    F,           0.00000000, 0.0000D+00, 0.0000D+00, 0.0000D+00, 
  1,    F,       -2278.10846867, 0.3159D-02, 0.6783D+00, 0.0000D+00, 
  2,    F,       -2278.11227556, 0.1671D-05, 0.2397D-02, 0.4030D-03, 
  3,    F,       -2278.11584814, 0.1568D-05, 0.2169D-03, 0.8449D-04, 
  4,    F,       -2278.11583302, 0.6636D-08, 0.1928D-02, 0.9105D-04, 
  5,    F,       -2278.11617917, 0.1519D-06, 0.2242D-02, 0.5711D-04, 
  6,    F,       -2278.11618323, 0.1781D-08, 0.3265D-03, 0.5675D-04, 
  7,    F,       -2278.11618728, 0.1781D-08, 0.4913D-03, 0.5614D-04, 
  8,    F,       -2278.11618790, 0.2703D-09, 0.8305D-04, 0.5607D-04, 
  9,    F,       -2278.11618785, 0.2105D-10, 0.1017D-04, 0.5607D-04, 
========================================================================
>-Succesfull MondoSCF run 08/29/02 @ 22:24:51-<
