

 __    __                 _       ____________ ______ 
|  \  /  |               | |     /       /    |      |
|   \/   | ___  _ __   __| | ___/   ____/   __|  |==='
|        |/ _ \| '_ \ / _  |/ _ \____  \   (__|  ____|
|  |\/|  | (_) | | | | (_| | (_) )     /\     |  |    
|__|  |__|\___/|_| |_|\____|\___/_____/  \____|__|    

 Version 1.0 alpha 4                                  
 A program suite for O(N) SCF theory and ab initio MD 
 Matt Challacombe, Eric Schwegler, C.J. Tymczak,      
 Chee Kwan Gan, Karoly Nemeth and Anders Niklasson    
 Los Alamos National Laboratory (LA-CC 01-2)          
 Copywrite 2001, University of California.            

 Compiled for AMDLinux.PG, executing on zinc25
 a i686 machine running Linux 2.4.2-2

Water Cluster Scaling                                                                                                           
  
<<Starting MondoSCF 08/28/02 @ 06:40:22>>
 ** Auto-Wraps at default value => (Off) **
 ** Atom-Wrap at default value => (AtomWrap-Off) **
 ** Lattice Vector Format at default value => (Vector Format) **
 ** Coodinate Format at default value => (Atomic Coord) **
========================================================================
 Internal representation of the geometry:
 Geometry originally in Angstroms has been converted to AU.
 Geometry has been reordered using the Hilbert curve.
 Number of electrons = 360
------------------------------------------------------------------------
  *** Periodic is Off *** 
------------------------------------------------------------------------
 1   c    -.48745104D+01   -.13675758D+01   -.43067044D+01
 2   c    -.26616602D+01   -.22128313D+01   -.56743180D+01
 3   c    -.13675758D+01   -.43067044D+01   -.48745104D+01
 4   c    -.22128313D+01   -.56743180D+01   -.26616602D+01
 5   c    -.56743180D+01   -.26616602D+01   -.22128313D+01
 6   c    -.43067044D+01   -.48745104D+01   -.13675758D+01
 7   c    -.43067044D+01   -.48745104D+01   0.13675758D+01
 8   c    -.22128313D+01   -.56743180D+01   0.26616602D+01
 9   c    -.13675758D+01   -.43067044D+01   0.48745104D+01
 10   c    -.48745104D+01   -.13675758D+01   0.43067044D+01
 11   c    -.26616602D+01   -.22128313D+01   0.56743180D+01
 12   c    -.56743180D+01   -.26616602D+01   0.22128313D+01
 13   c    -.65195547D+01   -.12940844D+01   0.00000000D+00
 14   c    -.65195547D+01   0.12940844D+01   0.00000000D+00
 15   c    -.56743180D+01   0.26616602D+01   0.22128313D+01
 16   c    -.48745104D+01   0.13675758D+01   0.43067044D+01
 17   c    -.43067044D+01   0.48745104D+01   0.13675758D+01
 18   c    -.22128313D+01   0.56743180D+01   0.26616602D+01
 19   c    -.13675758D+01   0.43067044D+01   0.48745104D+01
 20   c    -.26616602D+01   0.22128313D+01   0.56743180D+01
 21   c    -.12940844D+01   0.00000000D+00   0.65195547D+01
 22   c    -.22128313D+01   0.56743180D+01   -.26616602D+01
 23   c    -.43067044D+01   0.48745104D+01   -.13675758D+01
 24   c    -.56743180D+01   0.26616602D+01   -.22128313D+01
 25   c    -.48745104D+01   0.13675758D+01   -.43067044D+01
 26   c    -.13675758D+01   0.43067044D+01   -.48745104D+01
 27   c    -.26616602D+01   0.22128313D+01   -.56743180D+01
 28   c    -.12940844D+01   0.00000000D+00   -.65195547D+01
 29   c    0.12940844D+01   0.00000000D+00   -.65195547D+01
 30   c    0.26616602D+01   0.22128313D+01   -.56743180D+01
 31   c    0.13675758D+01   0.43067044D+01   -.48745104D+01
 32   c    0.48745104D+01   0.13675758D+01   -.43067044D+01
 33   c    0.56743180D+01   0.26616602D+01   -.22128313D+01
 34   c    0.43067044D+01   0.48745104D+01   -.13675758D+01
 35   c    0.22128313D+01   0.56743180D+01   -.26616602D+01
 36   c    0.00000000D+00   0.65195547D+01   -.12940844D+01
 37   c    0.12940844D+01   0.00000000D+00   0.65195547D+01
 38   c    0.26616602D+01   0.22128313D+01   0.56743180D+01
 39   c    0.13675758D+01   0.43067044D+01   0.48745104D+01
 40   c    0.22128313D+01   0.56743180D+01   0.26616602D+01
 41   c    0.00000000D+00   0.65195547D+01   0.12940844D+01
 42   c    0.43067044D+01   0.48745104D+01   0.13675758D+01
 43   c    0.48745104D+01   0.13675758D+01   0.43067044D+01
 44   c    0.56743180D+01   0.26616602D+01   0.22128313D+01
 45   c    0.65195547D+01   0.12940844D+01   0.00000000D+00
 46   c    0.65195547D+01   -.12940844D+01   0.00000000D+00
 47   c    0.56743180D+01   -.26616602D+01   0.22128313D+01
 48   c    0.26616602D+01   -.22128313D+01   0.56743180D+01
 49   c    0.48745104D+01   -.13675758D+01   0.43067044D+01
 50   c    0.13675758D+01   -.43067044D+01   0.48745104D+01
 51   c    0.22128313D+01   -.56743180D+01   0.26616602D+01
 52   c    0.00000000D+00   -.65195547D+01   0.12940844D+01
 53   c    0.43067044D+01   -.48745104D+01   0.13675758D+01
 54   c    0.43067044D+01   -.48745104D+01   -.13675758D+01
 55   c    0.56743180D+01   -.26616602D+01   -.22128313D+01
 56   c    0.00000000D+00   -.65195547D+01   -.12940844D+01
 57   c    0.22128313D+01   -.56743180D+01   -.26616602D+01
 58   c    0.13675758D+01   -.43067044D+01   -.48745104D+01
 59   c    0.26616602D+01   -.22128313D+01   -.56743180D+01
 60   c    0.48745104D+01   -.13675758D+01   -.43067044D+01
========================================================================
 ParseGeometry        :: Allocs=14,  DeAllocs=14, 0 bytes are presently allocated.
                         A max of 7968 bytes were allocated.
 Base(1)%BName   = STO-6G
 Opening BasFile = /home/mchalla/MONDOf/BasisSets/STO-6G.bas
 ParseBaseSets        :: Allocs=61,  DeAllocs=60, 480 bytes are presently allocated.
                         A max of 25480 bytes were allocated.
 Current HDF file :: /scratch/mchalla/c60_PM_1D-5_6880.hdf

 PROGRAM OF CALCULATIONS:

  A restricted Roothaan-Hall solution of the SCF using
  a tight accuracy level, STO-6G and the PBEx/PBEc model.
 

 Accuracy level 3 for the STO-6G basis set:
  TrixNeglect = 0.10D-05, CubeNeglect = 0.10D-06,
  TwoENeglect = 0.10D-09, DistNeglect = 0.10D-11
 MaxAtms = 61, MaxBlks = 3601, MaxNon0 = 90001, BndWdth = 60
<<Entering MakeS 08/28/02 @ 06:40:23>>
 MakeS                :: S CheckSum  = 0.2079758492972368D+02
 MakeS                :: CPU Sec = 0.21D+01, WALL Sec = 0.21D+01
 MakeS                :: Allocs=37,  DeAllocs=36, 24 bytes are presently allocated.
                         A max of 1514328 bytes were allocated.
>-Exiting MakeS 08/28/02 @ 06:40:25-<
<<Entering BlokAInv 08/28/02 @ 06:40:25>>
 BlokAInv             :: CPU (Sec,MFLOPS) = (0.13D+00, 156),
                         WALL(Sec,MFLOPS) = (0.13D+00, 156)
 BlokAInv             :: Max(Z^t.A.Z-I)=0.67D-06, TrixThrsh=0.10D-05
 BlokAInv             :: Z CheckSum  = 0.2334035849474413D+02
 BlokAInv             :: CPU (Sec,MFLOPS) = (0.40D+00, 188),
                         WALL(Sec,MFLOPS) = (0.40D+00, 188)
 BlokAInv             :: Allocs=75,  DeAllocs=41, 2255484 bytes are presently allocated.
                         A max of 3754336 bytes were allocated.
>-Exiting BlokAInv 08/28/02 @ 06:40:26-<
<<Entering MakeT 08/28/02 @ 06:40:26>>
 MakeT                :: T CheckSum  = 0.1263168604614581D+03
 MakeT                :: CPU Sec = 0.22D+01, WALL Sec = 0.22D+01
 MakeT                :: Allocs=33,  DeAllocs=32, 24 bytes are presently allocated.
                         A max of 1508752 bytes were allocated.
>-Exiting MakeT 08/28/02 @ 06:40:28-<
<<Entering P2Use 08/28/02 @ 06:40:28>>
 P2Use                :: P[0] CheckSum  = 0.1279006156321167D+02
 P2Use                :: CPU (Sec,MFLOPS) = (0.30D-01, 1),
                         WALL(Sec,MFLOPS) = (0.30D-01, 1)
 P2Use                :: Allocs=53,  DeAllocs=44, 749804 bytes are presently allocated.
                         A max of 3005540 bytes were allocated.
>-Exiting P2Use 08/28/02 @ 06:40:28-<
<<Entering MakeRho 08/28/02 @ 06:40:28>>
 MakeRho : Pruned Rho :: dNel = -.57D-12, kept 100% of distributions.
 MakeRho : Moments    :: <r> = (-.30D-13, -.27D-14, 0.36D-14), <r^2> = 0.32D+03
 MakeRho              :: Rho CheckSum  = 0.3458428081811825D+04
 MakeRho              :: CPU Sec = 0.73D+00, WALL Sec = 0.73D+00
 MakeRho              :: Allocs=64,  DeAllocs=59, 728 bytes are presently allocated.
                         A max of 1108916 bytes were allocated.
>-Exiting MakeRho 08/28/02 @ 06:40:29-<
<<Entering QCTC 08/28/02 @ 06:40:29>>
 QCTC                 :: J[0] CheckSum  = 0.1848595439169059D+03
 QCTC                 :: CPU Sec = 0.50D+03, WALL Sec = 0.50D+03
 QCTC                 :: Allocs=43553,  DeAllocs=50, 7050224 bytes are presently allocated.
                         A max of 8556744 bytes were allocated.
>-Exiting QCTC 08/28/02 @ 06:48:48-<
<<Entering HiCu 08/28/02 @ 06:48:48>>
 HiCu.GridGen         :: Tau = 0.10D-01, <Rho> = 0.18029765D+03, <Exc> = -.33023509D+03, Pts/Atom = 1442
 HiCu.GridGen         :: Tau = 0.10D-02, <Rho> = 0.18004673D+03, <Exc> = -.32938016D+03, Pts/Atom = 3070
 HiCu.GridGen         :: Tau = 0.10D-03, <Rho> = 0.18000305D+03, <Exc> = -.32921852D+03, Pts/Atom = 5866
 HiCu.GridGen         :: Tau = 0.10D-04, <Rho> = 0.18000076D+03, <Exc> = -.32920819D+03, Pts/Atom = 10476
 HiCu.GridGen         :: Tau = 0.10D-05, <Rho> = 0.18000008D+03, <Exc> = -.32920785D+03, Pts/Atom = 19908
 HiCu.GridGen         :: Tau = 0.10D-06, <Rho> = 0.18000001D+03, <Exc> = -.32920817D+03, Pts/Atom = 37352
 HiCu.GridGen         :: TauRel = 0.10D-06, RhoErr = 0.47D-07, <Exc> = -.32920817D+03
 HiCu.GridGen         :: CPU Sec = 0.78D+03, WALL Sec = 0.78D+03
 HiCu.MakeKxc         :: WALL (Sec) = 0.63D+04
 HiCu                 :: Kxc[0] CheckSum  = 0.2133185135966743D+02
 HiCu                 :: WALL (Sec) = 0.71D+04
 HiCu                 :: Allocs=392882,  DeAllocs=192146, 161691128 bytes are presently allocated.
                         A max of 163197552 bytes were allocated.
>-Exiting HiCu 08/28/02 @ 08:47:16-<
<<Entering FockNGrueven 08/28/02 @ 08:47:16>>
 FockNGrueven         :: F[0] CheckSum  = 0.8350696713421978D+02
 FockNGrueven         :: OrthoF[0] CheckSum  = 0.7595568899532943D+02
 FockNGrueven         :: CPU (Sec,MFLOPS) = (0.34D+00, 162),
                         WALL(Sec,MFLOPS) = (0.34D+00, 162)
 FockNGrueven         :: Allocs=37,  DeAllocs=33, 380468 bytes are presently allocated.
                         A max of 2847168 bytes were allocated.
>-Exiting FockNGrueven 08/28/02 @ 08:47:16-<
<<Entering PM 08/28/02 @ 08:47:16>>
 PM                   :: Trix = 0.10D-04
 PM : Pure 1          :: dE=0.10D+01, dP=0.72D-01, ThrX=0.10D-04, %Non0=59
 PM : Pure 2          :: dE=0.57D-01, dP=0.66D-01, ThrX=0.10D-04, %Non0=59
 PM : Pure 3          :: dE=0.33D-01, dP=0.46D-01, ThrX=0.10D-04, %Non0=59
 PM : Pure 4          :: dE=0.11D-01, dP=0.37D-01, ThrX=0.10D-04, %Non0=59
 PM : Pure 5          :: dE=0.65D-02, dP=0.49D-01, ThrX=0.10D-04, %Non0=59
 PM : Pure 6          :: dE=0.88D-02, dP=0.70D-01, ThrX=0.10D-04, %Non0=64
 PM : Pure 7          :: dE=0.12D-01, dP=0.94D-01, ThrX=0.10D-04, %Non0=72
 PM : Pure 8          :: dE=0.14D-01, dP=0.11D+00, ThrX=0.10D-04, %Non0=80
 PM : Pure 9          :: dE=0.12D-01, dP=0.10D+00, ThrX=0.10D-04, %Non0=89
 PM : Pure 10         :: dE=0.80D-02, dP=0.70D-01, ThrX=0.10D-04, %Non0=99
 PM : Pure 11         :: dE=0.39D-02, dP=0.45D-01, ThrX=0.10D-04, %Non0=100
 PM : Pure 12         :: dE=0.19D-02, dP=0.41D-01, ThrX=0.10D-04, %Non0=100
 PM : Pure 13         :: dE=0.11D-02, dP=0.31D-01, ThrX=0.10D-04, %Non0=100
 PM : Pure 14         :: dE=0.53D-03, dP=0.21D-01, ThrX=0.10D-04, %Non0=100
 PM : Pure 15         :: dE=0.23D-03, dP=0.16D-01, ThrX=0.10D-04, %Non0=100
 PM : Pure 16         :: dE=0.11D-03, dP=0.11D-01, ThrX=0.10D-04, %Non0=100
 PM : Pure 17         :: dE=0.56D-04, dP=0.74D-02, ThrX=0.10D-04, %Non0=100
 PM : Pure 18         :: dE=0.24D-04, dP=0.37D-02, ThrX=0.10D-04, %Non0=100
 PM : Pure 19         :: dE=0.43D-05, dP=0.72D-03, ThrX=0.10D-04, %Non0=100
 PM : Pure 20         :: dE=0.12D-06, dP=0.22D-04, ThrX=0.10D-04, %Non0=100
 PM : Pure 21         :: dE=0.96D-10, dP=0.18D-07, ThrX=0.10D-04, %Non0=100
 PM : Pure 22         :: dE=0.00D+00, dP=0.11D-13, ThrX=0.10D-04, %Non0=100
 PM : Met dE/dP goals :: Tr{FP}=-.6342311985267749D+03, dNel = 0.11D-12
 PM                   :: 22 purification steps, 47 matrix multiplies
 PM                   :: Fractional occupation = 0.60D+00, %Non0s = 100
 PM : Max abs errors  :: dE=0.00D+00, dP=0.11D-13, [F,P]=0.28D-03
 PM                   :: Rel dE=0.00D+00, ||dP||_F=0.30D-12, ||[F,P]||_F=0.38D-02
 PM                   :: OrthoP[1] CheckSum  = 0.1341640786711758D+02
 PM                   :: P[1] CheckSum  = 0.1147225881001779D+02
 PM                   :: CPU (Sec,MFLOPS) = (0.11D+02, 192),
                         WALL(Sec,MFLOPS) = (0.11D+02, 192)
 PM                   :: Allocs=327,  DeAllocs=319, 1498120 bytes are presently allocated.
                         A max of 5244152 bytes were allocated.
>-Exiting PM 08/28/02 @ 08:47:27-<
<<Entering SCFStatus 08/28/02 @ 08:47:27>>
 
= = = = = SCFCycle #0, Basis #1, Geometry #1 = = = = =

       MaxDelD = 0.68D+00
       <T>     = 0.23203716D+04
       <V>     = -.42764692D+04
       <DFT>   = -.32920817D+03
       <SCF>   = -2285.30576345

 SCFStatus            :: CPU (Sec,MFLOPS) = (0.40D-01, 4),
                         WALL(Sec,MFLOPS) = (0.40D-01, 4)
 SCFStatus            :: Allocs=16,  DeAllocs=16, 0 bytes are presently allocated.
                         A max of 2247900 bytes were allocated.
>-Exiting SCFStatus 08/28/02 @ 08:47:27-<
<<Entering MakeRho 08/28/02 @ 08:47:27>>
 MakeRho : Pruned Rho :: dNel = -.19D-07, kept 22% of distributions.
 MakeRho : Moments    :: <r> = (-.50D-03, -.44D-03, -.80D-03), <r^2> = 0.34D+03
 MakeRho              :: Rho CheckSum  = 0.3306882943450316D+04
 MakeRho              :: CPU Sec = 0.31D+02, WALL Sec = 0.31D+02
 MakeRho              :: Allocs=64,  DeAllocs=59, 728 bytes are presently allocated.
                         A max of 41963772 bytes were allocated.
>-Exiting MakeRho 08/28/02 @ 08:47:58-<
<<Entering QCTC 08/28/02 @ 08:47:58>>
 QCTC                 :: J[1] CheckSum  = 0.1862165702828258D+03
 QCTC                 :: CPU Sec = 0.16D+04, WALL Sec = 0.59D+04
 QCTC                 :: Allocs=577458,  DeAllocs=50, 97525104 bytes are presently allocated.
                         A max of 110743732 bytes were allocated.
>-Exiting QCTC 08/28/02 @ 10:26:07-<
<<Entering HiCu 08/28/02 @ 10:26:07>>
 HiCu.GridGen         :: Tau = 0.10D-01, <Rho> = 0.17992166D+03, <Exc> = -.32390704D+03, Pts/Atom = 1353
 HiCu.GridGen         :: Tau = 0.10D-02, <Rho> = 0.18003741D+03, <Exc> = -.32477742D+03, Pts/Atom = 2902
 HiCu.GridGen         :: Tau = 0.10D-03, <Rho> = 0.17999898D+03, <Exc> = -.32469019D+03, Pts/Atom = 5516
 HiCu.GridGen         :: Tau = 0.10D-04, <Rho> = 0.17999961D+03, <Exc> = -.32469751D+03, Pts/Atom = 10313
 HiCu.GridGen         :: Tau = 0.10D-05, <Rho> = 0.18000008D+03, <Exc> = -.32469888D+03, Pts/Atom = 19702
 HiCu.GridGen         :: Tau = 0.10D-06, <Rho> = 0.18000002D+03, <Exc> = -.32469917D+03, Pts/Atom = 36997
 HiCu.GridGen         :: TauRel = 0.10D-06, RhoErr = 0.14D-06, <Exc> = -.32469917D+03
 HiCu.GridGen         :: CPU Sec = 0.11D+04, WALL Sec = 0.97D+04
 HiCu.MakeKxc         :: WALL (Sec) = 0.63D+04
 HiCu                 :: Kxc[1] CheckSum  = 0.2125998746699705D+02
 HiCu                 :: WALL (Sec) = 0.16D+05
 HiCu                 :: Allocs=496015,  DeAllocs=190322, 166109616 bytes are presently allocated.
                         A max of 167616040 bytes were allocated.
>-Exiting HiCu 08/28/02 @ 14:52:04-<
<<Entering FockNGrueven 08/28/02 @ 14:52:04>>
 FockNGrueven         :: F[1] CheckSum  = 0.8481222348513160D+02
 FockNGrueven         :: OrthoF[1] CheckSum  = 0.7709389575633652D+02
 FockNGrueven         :: CPU (Sec,MFLOPS) = (0.34D+00, 162),
                         WALL(Sec,MFLOPS) = (0.37D+00, 149)
 FockNGrueven         :: Allocs=37,  DeAllocs=33, 380468 bytes are presently allocated.
                         A max of 2847168 bytes were allocated.
>-Exiting FockNGrueven 08/28/02 @ 14:52:05-<
<<Entering DIIS 08/28/02 @ 14:52:06>>
 DIIS : Damping       :: Co = 0.80D+00, 0.20D+00
 DIIS                 :: F_DIIS[1] CheckSum  = 0.7618263741148193D+02
 DIIS                 :: CPU (Sec,MFLOPS) = (0.57D+00, 189),
                         WALL(Sec,MFLOPS) = (0.61D+00, 177)
 DIIS                 :: Allocs=34,  DeAllocs=30, 144 bytes are presently allocated.
                         A max of 3026148 bytes were allocated.
>-Exiting DIIS 08/28/02 @ 14:52:07-<
<<Entering PM 08/28/02 @ 14:52:07>>
 PM                   :: Trix = 0.10D-04
 PM : Pure 1          :: dE=0.10D+01, dP=0.72D-01, ThrX=0.10D-04, %Non0=59
 PM : Pure 2          :: dE=0.57D-01, dP=0.66D-01, ThrX=0.10D-04, %Non0=59
 PM : Pure 3          :: dE=0.33D-01, dP=0.46D-01, ThrX=0.10D-04, %Non0=59
 PM : Pure 4          :: dE=0.11D-01, dP=0.37D-01, ThrX=0.10D-04, %Non0=59
 PM : Pure 5          :: dE=0.64D-02, dP=0.49D-01, ThrX=0.10D-04, %Non0=59
 PM : Pure 6          :: dE=0.87D-02, dP=0.70D-01, ThrX=0.10D-04, %Non0=64
 PM : Pure 7          :: dE=0.12D-01, dP=0.94D-01, ThrX=0.10D-04, %Non0=72
 PM : Pure 8          :: dE=0.13D-01, dP=0.11D+00, ThrX=0.10D-04, %Non0=80
 PM : Pure 9          :: dE=0.12D-01, dP=0.10D+00, ThrX=0.10D-04, %Non0=89
 PM : Pure 10         :: dE=0.80D-02, dP=0.70D-01, ThrX=0.10D-04, %Non0=99
 PM : Pure 11         :: dE=0.39D-02, dP=0.45D-01, ThrX=0.10D-04, %Non0=100
 PM : Pure 12         :: dE=0.19D-02, dP=0.41D-01, ThrX=0.10D-04, %Non0=100
 PM : Pure 13         :: dE=0.11D-02, dP=0.31D-01, ThrX=0.10D-04, %Non0=100
 PM : Pure 14         :: dE=0.53D-03, dP=0.21D-01, ThrX=0.10D-04, %Non0=100
 PM : Pure 15         :: dE=0.23D-03, dP=0.16D-01, ThrX=0.10D-04, %Non0=100
 PM : Pure 16         :: dE=0.11D-03, dP=0.11D-01, ThrX=0.10D-04, %Non0=100
 PM : Pure 17         :: dE=0.55D-04, dP=0.75D-02, ThrX=0.10D-04, %Non0=100
 PM : Pure 18         :: dE=0.24D-04, dP=0.37D-02, ThrX=0.10D-04, %Non0=100
 PM : Pure 19         :: dE=0.43D-05, dP=0.73D-03, ThrX=0.10D-04, %Non0=100
 PM : Pure 20         :: dE=0.12D-06, dP=0.22D-04, ThrX=0.10D-04, %Non0=100
 PM : Pure 21         :: dE=0.98D-10, dP=0.19D-07, ThrX=0.10D-04, %Non0=100
 PM : Pure 22         :: dE=0.00D+00, dP=0.12D-13, ThrX=0.10D-04, %Non0=100
 PM : Met dE/dP goals :: Tr{FP}=-.6371156986931327D+03, dNel = 0.00D+00
 PM                   :: 22 purification steps, 47 matrix multiplies
 PM                   :: Fractional occupation = 0.60D+00, %Non0s = 100
 PM : Max abs errors  :: dE=0.00D+00, dP=0.12D-13, [F,P]=0.28D-03
 PM                   :: Rel dE=0.00D+00, ||dP||_F=0.32D-12, ||[F,P]||_F=0.38D-02
 PM                   :: OrthoP[2] CheckSum  = 0.1341640786700866D+02
 PM                   :: P[2] CheckSum  = 0.1147389782992655D+02
 PM                   :: CPU (Sec,MFLOPS) = (0.11D+02, 192),
                         WALL(Sec,MFLOPS) = (0.11D+02, 190)
 PM                   :: Allocs=327,  DeAllocs=319, 1498120 bytes are presently allocated.
                         A max of 5244152 bytes were allocated.
>-Exiting PM 08/28/02 @ 14:52:18-<
<<Entering SCFStatus 08/28/02 @ 14:52:18>>
 
= = = = = SCFCycle #1, Basis #1, Geometry #1 = = = = =

       DIISErr = 0.52D-03
       MaxDelD = 0.25D-02
       <T>     = 0.22586629D+04
       <V>     = -.42120724D+04
       <DFT>   = -.32469917D+03
       <SCF>   = -2278.10874100

 SCFStatus            :: CPU (Sec,MFLOPS) = (0.70D-01, 9),
                         WALL(Sec,MFLOPS) = (0.70D-01, 9)
 SCFStatus            :: Allocs=16,  DeAllocs=16, 0 bytes are presently allocated.
                         A max of 2247900 bytes were allocated.
>-Exiting SCFStatus 08/28/02 @ 14:52:19-<
<<Entering MakeRho 08/28/02 @ 14:52:19>>
 MakeRho : Pruned Rho :: dNel = -.20D-07, kept 22% of distributions.
 MakeRho : Moments    :: <r> = (-.17D-03, -.12D-03, -.34D-03), <r^2> = 0.34D+03
 MakeRho              :: Rho CheckSum  = 0.3307401060400428D+04
 MakeRho              :: CPU Sec = 0.31D+02, WALL Sec = 0.31D+02
 MakeRho              :: Allocs=64,  DeAllocs=59, 728 bytes are presently allocated.
                         A max of 41957316 bytes were allocated.
>-Exiting MakeRho 08/28/02 @ 14:52:50-<
<<Entering QCTC 08/28/02 @ 14:52:50>>
 QCTC                 :: J[2] CheckSum  = 0.1861889599669347D+03
 QCTC                 :: CPU Sec = 0.16D+04, WALL Sec = 0.59D+04
 QCTC                 :: Allocs=576603,  DeAllocs=50, 97394544 bytes are presently allocated.
                         A max of 110600560 bytes were allocated.
>-Exiting QCTC 08/28/02 @ 16:30:57-<
<<Entering HiCu 08/28/02 @ 16:30:57>>
 HiCu.GridGen         :: Tau = 0.10D-01, <Rho> = 0.17992178D+03, <Exc> = -.32393389D+03, Pts/Atom = 1353
 HiCu.GridGen         :: Tau = 0.10D-02, <Rho> = 0.18003735D+03, <Exc> = -.32480365D+03, Pts/Atom = 2902
 HiCu.GridGen         :: Tau = 0.10D-03, <Rho> = 0.17999897D+03, <Exc> = -.32471656D+03, Pts/Atom = 5516
 HiCu.GridGen         :: Tau = 0.10D-04, <Rho> = 0.17999961D+03, <Exc> = -.32472396D+03, Pts/Atom = 10313
 HiCu.GridGen         :: Tau = 0.10D-05, <Rho> = 0.18000008D+03, <Exc> = -.32472532D+03, Pts/Atom = 19712
 HiCu.GridGen         :: Tau = 0.10D-06, <Rho> = 0.18000002D+03, <Exc> = -.32472562D+03, Pts/Atom = 36977
 HiCu.GridGen         :: TauRel = 0.10D-06, RhoErr = 0.14D-06, <Exc> = -.32472562D+03
 HiCu.GridGen         :: CPU Sec = 0.11D+04, WALL Sec = 0.97D+04
 HiCu.MakeKxc         :: WALL (Sec) = 0.63D+04
 HiCu                 :: Kxc[2] CheckSum  = 0.2126056437718785D+02
 HiCu                 :: WALL (Sec) = 0.16D+05
 HiCu                 :: Allocs=495640,  DeAllocs=190220, 166021584 bytes are presently allocated.
                         A max of 167528008 bytes were allocated.
>-Exiting HiCu 08/28/02 @ 20:56:16-<
<<Entering FockNGrueven 08/28/02 @ 20:56:16>>
 FockNGrueven         :: F[2] CheckSum  = 0.8478188708906241D+02
 FockNGrueven         :: OrthoF[2] CheckSum  = 0.7707245752926872D+02
 FockNGrueven         :: CPU (Sec,MFLOPS) = (0.32D+00, 172),
                         WALL(Sec,MFLOPS) = (0.36D+00, 153)
 FockNGrueven         :: Allocs=37,  DeAllocs=33, 380468 bytes are presently allocated.
                         A max of 2847168 bytes were allocated.
>-Exiting FockNGrueven 08/28/02 @ 20:56:17-<
<<Entering DIIS 08/28/02 @ 20:56:17>>
 DIIS                 :: Cond# = 0.22D+04, MIN(E) = 0.66D-03
 DIIS : Pulay C1      :: DIISCo = -.32D+01, 0.42D+01
 DIIS                 :: F_DIIS[2] CheckSum  = 0.7700486903102622D+02
 DIIS                 :: CPU (Sec,MFLOPS) = (0.61D+00, 178),
                         WALL(Sec,MFLOPS) = (0.73D+00, 148)
 DIIS                 :: Allocs=45,  DeAllocs=40, 216 bytes are presently allocated.
                         A max of 3026148 bytes were allocated.
>-Exiting DIIS 08/28/02 @ 20:56:18-<
<<Entering PM 08/28/02 @ 20:56:18>>
 PM                   :: Trix = 0.10D-04
 PM : Pure 1          :: dE=0.10D+01, dP=0.72D-01, ThrX=0.10D-04, %Non0=59
 PM : Pure 2          :: dE=0.56D-01, dP=0.65D-01, ThrX=0.10D-04, %Non0=59
 PM : Pure 3          :: dE=0.32D-01, dP=0.46D-01, ThrX=0.10D-04, %Non0=59
 PM : Pure 4          :: dE=0.11D-01, dP=0.36D-01, ThrX=0.10D-04, %Non0=59
 PM : Pure 5          :: dE=0.62D-02, dP=0.48D-01, ThrX=0.10D-04, %Non0=59
 PM : Pure 6          :: dE=0.84D-02, dP=0.69D-01, ThrX=0.10D-04, %Non0=64
 PM : Pure 7          :: dE=0.11D-01, dP=0.93D-01, ThrX=0.10D-04, %Non0=72
 PM : Pure 8          :: dE=0.13D-01, dP=0.11D+00, ThrX=0.10D-04, %Non0=80
 PM : Pure 9          :: dE=0.12D-01, dP=0.11D+00, ThrX=0.10D-04, %Non0=88
 PM : Pure 10         :: dE=0.80D-02, dP=0.72D-01, ThrX=0.10D-04, %Non0=99
 PM : Pure 11         :: dE=0.39D-02, dP=0.46D-01, ThrX=0.10D-04, %Non0=100
 PM : Pure 12         :: dE=0.19D-02, dP=0.41D-01, ThrX=0.10D-04, %Non0=100
 PM : Pure 13         :: dE=0.11D-02, dP=0.32D-01, ThrX=0.10D-04, %Non0=100
 PM : Pure 14         :: dE=0.52D-03, dP=0.21D-01, ThrX=0.10D-04, %Non0=100
 PM : Pure 15         :: dE=0.22D-03, dP=0.16D-01, ThrX=0.10D-04, %Non0=100
 PM : Pure 16         :: dE=0.10D-03, dP=0.11D-01, ThrX=0.10D-04, %Non0=100
 PM : Pure 17         :: dE=0.54D-04, dP=0.75D-02, ThrX=0.10D-04, %Non0=100
 PM : Pure 18         :: dE=0.23D-04, dP=0.37D-02, ThrX=0.10D-04, %Non0=100
 PM : Pure 19         :: dE=0.42D-05, dP=0.74D-03, ThrX=0.10D-04, %Non0=100
 PM : Pure 20         :: dE=0.12D-06, dP=0.23D-04, ThrX=0.10D-04, %Non0=100
 PM : Pure 21         :: dE=0.10D-09, dP=0.20D-07, ThrX=0.10D-04, %Non0=100
 PM : Pure 22         :: dE=0.00D+00, dP=0.13D-13, ThrX=0.10D-04, %Non0=100
 PM : Met dE/dP goals :: Tr{FP}=-.6468191900753748D+03, dNel = 0.57D-13
 PM                   :: 22 purification steps, 47 matrix multiplies
 PM                   :: Fractional occupation = 0.60D+00, %Non0s = 100
 PM : Max abs errors  :: dE=0.00D+00, dP=0.13D-13, [F,P]=0.28D-03
 PM                   :: Rel dE=0.00D+00, ||dP||_F=0.35D-12, ||[F,P]||_F=0.38D-02
 PM                   :: OrthoP[3] CheckSum  = 0.1341640787529362D+02
 PM                   :: P[3] CheckSum  = 0.1147905299603182D+02
 PM                   :: CPU (Sec,MFLOPS) = (0.11D+02, 192),
                         WALL(Sec,MFLOPS) = (0.11D+02, 190)
 PM                   :: Allocs=326,  DeAllocs=318, 1498120 bytes are presently allocated.
                         A max of 5244152 bytes were allocated.
>-Exiting PM 08/28/02 @ 20:56:29-<
<<Entering SCFStatus 08/28/02 @ 20:56:29>>
 
= = = = = SCFCycle #2, Basis #1, Geometry #1 = = = = =

       DIISErr = 0.40D-03
       MaxDelD = 0.44D-02
       <T>     = 0.22589747D+04
       <V>     = -.42123616D+04
       <DFT>   = -.32472562D+03
       <SCF>   = -2278.11254160

 SCFStatus            :: CPU (Sec,MFLOPS) = (0.70D-01, 9),
                         WALL(Sec,MFLOPS) = (0.70D-01, 9)
 SCFStatus            :: Allocs=16,  DeAllocs=16, 0 bytes are presently allocated.
                         A max of 2247900 bytes were allocated.
>-Exiting SCFStatus 08/28/02 @ 20:56:29-<
<<Entering MakeRho 08/28/02 @ 20:56:29>>
 MakeRho : Pruned Rho :: dNel = -.20D-07, kept 22% of distributions.
 MakeRho : Moments    :: <r> = (-.31D-02, -.33D-02, -.47D-02), <r^2> = 0.34D+03
 MakeRho              :: Rho CheckSum  = 0.3309609624242676D+04
 MakeRho              :: CPU Sec = 0.31D+02, WALL Sec = 0.31D+02
 MakeRho              :: Allocs=64,  DeAllocs=59, 728 bytes are presently allocated.
                         A max of 41955220 bytes were allocated.
>-Exiting MakeRho 08/28/02 @ 20:57:00-<
<<Entering QCTC 08/28/02 @ 20:57:00>>
 QCTC                 :: J[3] CheckSum  = 0.1861429970476582D+03
 QCTC                 :: CPU Sec = 0.16D+04, WALL Sec = 0.59D+04
 QCTC                 :: Allocs=576373,  DeAllocs=50, 97358704 bytes are presently allocated.
                         A max of 110560968 bytes were allocated.
>-Exiting QCTC 08/28/02 @ 22:35:05-<
<<Entering HiCu 08/28/02 @ 22:35:05>>
 HiCu.GridGen         :: Tau = 0.10D-01, <Rho> = 0.17991742D+03, <Exc> = -.32398081D+03, Pts/Atom = 1353
 HiCu.GridGen         :: Tau = 0.10D-02, <Rho> = 0.18003192D+03, <Exc> = -.32488710D+03, Pts/Atom = 2893
 HiCu.GridGen         :: Tau = 0.10D-03, <Rho> = 0.17999842D+03, <Exc> = -.32479814D+03, Pts/Atom = 5520
 HiCu.GridGen         :: Tau = 0.10D-04, <Rho> = 0.17999953D+03, <Exc> = -.32480663D+03, Pts/Atom = 10327
 HiCu.GridGen         :: Tau = 0.10D-05, <Rho> = 0.18000008D+03, <Exc> = -.32480822D+03, Pts/Atom = 19737
 HiCu.GridGen         :: Tau = 0.10D-06, <Rho> = 0.18000002D+03, <Exc> = -.32480852D+03, Pts/Atom = 36964
 HiCu.GridGen         :: TauRel = 0.10D-06, RhoErr = 0.13D-06, <Exc> = -.32480852D+03
 HiCu.GridGen         :: CPU Sec = 0.11D+04, WALL Sec = 0.97D+04
 HiCu.MakeKxc         :: WALL (Sec) = 0.63D+04
 HiCu                 :: Kxc[3] CheckSum  = 0.2126203914402269D+02
 HiCu                 :: WALL (Sec) = 0.16D+05
 HiCu                 :: Allocs=495462,  DeAllocs=190154, 165965152 bytes are presently allocated.
                         A max of 167471576 bytes were allocated.
>-Exiting HiCu 08/29/02 @ 03:00:30-<
<<Entering FockNGrueven 08/29/02 @ 03:00:30>>
 FockNGrueven         :: F[3] CheckSum  = 0.8473323096086158D+02
 FockNGrueven         :: OrthoF[3] CheckSum  = 0.7703627687093098D+02
 FockNGrueven         :: CPU (Sec,MFLOPS) = (0.32D+00, 172),
                         WALL(Sec,MFLOPS) = (0.37D+00, 149)
 FockNGrueven         :: Allocs=37,  DeAllocs=33, 380468 bytes are presently allocated.
                         A max of 2847168 bytes were allocated.
>-Exiting FockNGrueven 08/29/02 @ 03:00:31-<
<<Entering DIIS 08/29/02 @ 03:00:31>>
 DIIS                 :: Cond# = 0.23D+05, MIN(E) = 0.76D-04
 DIIS : Pulay C1      :: DIISCo = -.11D+01, 0.13D+01, 0.72D+00
 DIIS                 :: F_DIIS[3] CheckSum  = 0.7702358267485556D+02
 DIIS                 :: CPU (Sec,MFLOPS) = (0.69D+00, 158),
                         WALL(Sec,MFLOPS) = (0.72D+00, 151)
 DIIS                 :: Allocs=49,  DeAllocs=44, 272 bytes are presently allocated.
                         A max of 3026148 bytes were allocated.
>-Exiting DIIS 08/29/02 @ 03:00:32-<
<<Entering PM 08/29/02 @ 03:00:32>>
 PM                   :: Trix = 0.10D-04
 PM : Pure 1          :: dE=0.10D+01, dP=0.72D-01, ThrX=0.10D-04, %Non0=59
 PM : Pure 2          :: dE=0.56D-01, dP=0.65D-01, ThrX=0.10D-04, %Non0=59
 PM : Pure 3          :: dE=0.32D-01, dP=0.46D-01, ThrX=0.10D-04, %Non0=59
 PM : Pure 4          :: dE=0.11D-01, dP=0.36D-01, ThrX=0.10D-04, %Non0=59
 PM : Pure 5          :: dE=0.62D-02, dP=0.48D-01, ThrX=0.10D-04, %Non0=59
 PM : Pure 6          :: dE=0.84D-02, dP=0.69D-01, ThrX=0.10D-04, %Non0=64
 PM : Pure 7          :: dE=0.11D-01, dP=0.93D-01, ThrX=0.10D-04, %Non0=72
 PM : Pure 8          :: dE=0.13D-01, dP=0.11D+00, ThrX=0.10D-04, %Non0=80
 PM : Pure 9          :: dE=0.12D-01, dP=0.11D+00, ThrX=0.10D-04, %Non0=88
 PM : Pure 10         :: dE=0.80D-02, dP=0.72D-01, ThrX=0.10D-04, %Non0=99
 PM : Pure 11         :: dE=0.39D-02, dP=0.46D-01, ThrX=0.10D-04, %Non0=100
 PM : Pure 12         :: dE=0.19D-02, dP=0.41D-01, ThrX=0.10D-04, %Non0=100
 PM : Pure 13         :: dE=0.11D-02, dP=0.32D-01, ThrX=0.10D-04, %Non0=100
 PM : Pure 14         :: dE=0.51D-03, dP=0.21D-01, ThrX=0.10D-04, %Non0=100
 PM : Pure 15         :: dE=0.22D-03, dP=0.16D-01, ThrX=0.10D-04, %Non0=100
 PM : Pure 16         :: dE=0.10D-03, dP=0.11D-01, ThrX=0.10D-04, %Non0=100
 PM : Pure 17         :: dE=0.54D-04, dP=0.75D-02, ThrX=0.10D-04, %Non0=100
 PM : Pure 18         :: dE=0.23D-04, dP=0.37D-02, ThrX=0.10D-04, %Non0=100
 PM : Pure 19         :: dE=0.42D-05, dP=0.74D-03, ThrX=0.10D-04, %Non0=100
 PM : Pure 20         :: dE=0.12D-06, dP=0.23D-04, ThrX=0.10D-04, %Non0=100
 PM : Pure 21         :: dE=0.99D-10, dP=0.20D-07, ThrX=0.10D-04, %Non0=100
 PM : Pure 22         :: dE=0.18D-15, dP=0.14D-13, ThrX=0.10D-04, %Non0=100
 PM : Hit dE increase :: Tr{FP}=-.6472602287375748D+03, dNel = 0.11D-12
 PM                   :: 22 purification steps, 47 matrix multiplies
 PM                   :: Fractional occupation = 0.60D+00, %Non0s = 100
 PM : Max abs errors  :: dE=0.11D-12, dP=0.14D-13, [F,P]=0.28D-03
 PM                   :: Rel dE=0.18D-15, ||dP||_F=0.35D-12, ||[F,P]||_F=0.38D-02
 PM                   :: OrthoP[4] CheckSum  = 0.1341640787527872D+02
 PM                   :: P[4] CheckSum  = 0.1147946334404379D+02
 PM                   :: CPU (Sec,MFLOPS) = (0.11D+02, 192),
                         WALL(Sec,MFLOPS) = (0.11D+02, 190)
 PM                   :: Allocs=326,  DeAllocs=318, 1498120 bytes are presently allocated.
                         A max of 5244152 bytes were allocated.
>-Exiting PM 08/29/02 @ 03:00:43-<
<<Entering SCFStatus 08/29/02 @ 03:00:43>>
 
= = = = = SCFCycle #3, Basis #1, Geometry #1 = = = = =

       DIISErr = 0.54D-04
       MaxDelD = 0.17D-02
       <T>     = 0.22601085D+04
       <V>     = -.42134162D+04
       <DFT>   = -.32480852D+03
       <SCF>   = -2278.11618101

 SCFStatus            :: CPU (Sec,MFLOPS) = (0.80D-01, 8),
                         WALL(Sec,MFLOPS) = (0.80D-01, 8)
 SCFStatus            :: Allocs=16,  DeAllocs=16, 0 bytes are presently allocated.
                         A max of 2247900 bytes were allocated.
>-Exiting SCFStatus 08/29/02 @ 03:00:43-<
<<Entering MakeRho 08/29/02 @ 03:00:43>>
 MakeRho : Pruned Rho :: dNel = -.21D-07, kept 22% of distributions.
 MakeRho : Moments    :: <r> = (0.67D-02, 0.69D-02, 0.90D-02), <r^2> = 0.34D+03
 MakeRho              :: Rho CheckSum  = 0.3309565317534316D+04
 MakeRho              :: CPU Sec = 0.31D+02, WALL Sec = 0.31D+02
 MakeRho              :: Allocs=64,  DeAllocs=59, 728 bytes are presently allocated.
                         A max of 41932052 bytes were allocated.
>-Exiting MakeRho 08/29/02 @ 03:01:14-<
<<Entering QCTC 08/29/02 @ 03:01:14>>
 QCTC                 :: J[4] CheckSum  = 0.1861263394802628D+03
 QCTC                 :: CPU Sec = 0.16D+04, WALL Sec = 0.59D+04
 QCTC                 :: Allocs=574313,  DeAllocs=50, 97028912 bytes are presently allocated.
                         A max of 110193176 bytes were allocated.
>-Exiting QCTC 08/29/02 @ 04:39:18-<
<<Entering HiCu 08/29/02 @ 04:39:18>>
 HiCu.GridGen         :: Tau = 0.10D-01, <Rho> = 0.17992197D+03, <Exc> = -.32402251D+03, Pts/Atom = 1353
 HiCu.GridGen         :: Tau = 0.10D-02, <Rho> = 0.18003749D+03, <Exc> = -.32489344D+03, Pts/Atom = 2902
 HiCu.GridGen         :: Tau = 0.10D-03, <Rho> = 0.17999893D+03, <Exc> = -.32480422D+03, Pts/Atom = 5520
 HiCu.GridGen         :: Tau = 0.10D-04, <Rho> = 0.17999958D+03, <Exc> = -.32481181D+03, Pts/Atom = 10320
 HiCu.GridGen         :: Tau = 0.10D-05, <Rho> = 0.18000008D+03, <Exc> = -.32481338D+03, Pts/Atom = 19731
 HiCu.GridGen         :: Tau = 0.10D-06, <Rho> = 0.18000002D+03, <Exc> = -.32481368D+03, Pts/Atom = 36951
 HiCu.GridGen         :: TauRel = 0.10D-06, RhoErr = 0.14D-06, <Exc> = -.32481368D+03
 HiCu.GridGen         :: CPU Sec = 0.11D+04, WALL Sec = 0.97D+04
 HiCu.MakeKxc         :: WALL (Sec) = 0.63D+04
 HiCu                 :: Kxc[4] CheckSum  = 0.2126223729689431D+02
 HiCu                 :: WALL (Sec) = 0.16D+05
 HiCu                 :: Allocs=494912,  DeAllocs=190085, 165893912 bytes are presently allocated.
                         A max of 167400336 bytes were allocated.
>-Exiting HiCu 08/29/02 @ 09:04:36-<
<<Entering FockNGrueven 08/29/02 @ 09:04:36>>
 FockNGrueven         :: F[4] CheckSum  = 0.8471443465929420D+02
 FockNGrueven         :: OrthoF[4] CheckSum  = 0.7702349854898138D+02
 FockNGrueven         :: CPU (Sec,MFLOPS) = (0.33D+00, 167),
                         WALL(Sec,MFLOPS) = (0.49D+00, 112)
 FockNGrueven         :: Allocs=37,  DeAllocs=33, 380468 bytes are presently allocated.
                         A max of 2847168 bytes were allocated.
>-Exiting FockNGrueven 08/29/02 @ 09:04:37-<
<<Entering DIIS 08/29/02 @ 09:04:37>>
 DIIS                 :: Cond# = 0.98D+06, MIN(E) = 0.21D-05
 DIIS : Pulay C1      :: DIISCo = -.66D+00, 0.83D+00, 0.45D+00, 0.38D+00
 DIIS                 :: F_DIIS[4] CheckSum  = 0.7702355424697350D+02
 DIIS                 :: CPU (Sec,MFLOPS) = (0.77D+00, 143),
                         WALL(Sec,MFLOPS) = (0.81D+00, 136)
 DIIS                 :: Allocs=54,  DeAllocs=49, 344 bytes are presently allocated.
                         A max of 3026148 bytes were allocated.
>-Exiting DIIS 08/29/02 @ 09:04:38-<
<<Entering PM 08/29/02 @ 09:04:38>>
 PM                   :: Trix = 0.10D-04
 PM : Pure 1          :: dE=0.10D+01, dP=0.72D-01, ThrX=0.10D-04, %Non0=59
 PM : Pure 2          :: dE=0.56D-01, dP=0.65D-01, ThrX=0.10D-04, %Non0=59
 PM : Pure 3          :: dE=0.32D-01, dP=0.46D-01, ThrX=0.10D-04, %Non0=59
 PM : Pure 4          :: dE=0.11D-01, dP=0.36D-01, ThrX=0.10D-04, %Non0=59
 PM : Pure 5          :: dE=0.62D-02, dP=0.48D-01, ThrX=0.10D-04, %Non0=59
 PM : Pure 6          :: dE=0.84D-02, dP=0.69D-01, ThrX=0.10D-04, %Non0=64
 PM : Pure 7          :: dE=0.11D-01, dP=0.93D-01, ThrX=0.10D-04, %Non0=72
 PM : Pure 8          :: dE=0.13D-01, dP=0.11D+00, ThrX=0.10D-04, %Non0=80
 PM : Pure 9          :: dE=0.12D-01, dP=0.11D+00, ThrX=0.10D-04, %Non0=88
 PM : Pure 10         :: dE=0.80D-02, dP=0.72D-01, ThrX=0.10D-04, %Non0=99
 PM : Pure 11         :: dE=0.39D-02, dP=0.46D-01, ThrX=0.10D-04, %Non0=100
 PM : Pure 12         :: dE=0.19D-02, dP=0.41D-01, ThrX=0.10D-04, %Non0=100
 PM : Pure 13         :: dE=0.11D-02, dP=0.32D-01, ThrX=0.10D-04, %Non0=100
 PM : Pure 14         :: dE=0.51D-03, dP=0.21D-01, ThrX=0.10D-04, %Non0=100
 PM : Pure 15         :: dE=0.22D-03, dP=0.16D-01, ThrX=0.10D-04, %Non0=100
 PM : Pure 16         :: dE=0.10D-03, dP=0.11D-01, ThrX=0.10D-04, %Non0=100
 PM : Pure 17         :: dE=0.54D-04, dP=0.75D-02, ThrX=0.10D-04, %Non0=100
 PM : Pure 18         :: dE=0.23D-04, dP=0.37D-02, ThrX=0.10D-04, %Non0=100
 PM : Pure 19         :: dE=0.42D-05, dP=0.74D-03, ThrX=0.10D-04, %Non0=100
 PM : Pure 20         :: dE=0.12D-06, dP=0.23D-04, ThrX=0.10D-04, %Non0=100
 PM : Pure 21         :: dE=0.99D-10, dP=0.20D-07, ThrX=0.10D-04, %Non0=100
 PM : Pure 22         :: dE=0.00D+00, dP=0.13D-13, ThrX=0.10D-04, %Non0=100
 PM : Met dE/dP goals :: Tr{FP}=-.6472596347850983D+03, dNel = 0.57D-13
 PM                   :: 22 purification steps, 47 matrix multiplies
 PM                   :: Fractional occupation = 0.60D+00, %Non0s = 100
 PM : Max abs errors  :: dE=0.00D+00, dP=0.13D-13, [F,P]=0.28D-03
 PM                   :: Rel dE=0.00D+00, ||dP||_F=0.35D-12, ||[F,P]||_F=0.38D-02
 PM                   :: OrthoP[5] CheckSum  = 0.1341640787527950D+02
 PM                   :: P[5] CheckSum  = 0.1147946275555723D+02
 PM                   :: CPU (Sec,MFLOPS) = (0.11D+02, 192),
                         WALL(Sec,MFLOPS) = (0.11D+02, 190)
 PM                   :: Allocs=326,  DeAllocs=318, 1498120 bytes are presently allocated.
                         A max of 5244152 bytes were allocated.
>-Exiting PM 08/29/02 @ 09:04:49-<
<<Entering SCFStatus 08/29/02 @ 09:04:49>>
 
= = = = = SCFCycle #4, Basis #1, Geometry #1 = = = = =

       DIISErr = 0.14D-04
       MaxDelD = 0.47D-03
       <T>     = 0.22601265D+04
       <V>     = -.42134292D+04
       <DFT>   = -.32481368D+03
       <SCF>   = -2278.11643603

 SCFStatus            :: CPU (Sec,MFLOPS) = (0.80D-01, 8),
                         WALL(Sec,MFLOPS) = (0.80D-01, 8)
 SCFStatus            :: Allocs=16,  DeAllocs=16, 0 bytes are presently allocated.
                         A max of 2247900 bytes were allocated.
>-Exiting SCFStatus 08/29/02 @ 09:04:49-<
<<Entering MakeRho 08/29/02 @ 09:04:49>>
 MakeRho : Pruned Rho :: dNel = -.21D-07, kept 22% of distributions.
 MakeRho : Moments    :: <r> = (-.46D-02, -.48D-02, -.65D-02), <r^2> = 0.34D+03
 MakeRho              :: Rho CheckSum  = 0.3309565492892278D+04
 MakeRho              :: CPU Sec = 0.31D+02, WALL Sec = 0.31D+02
 MakeRho              :: Allocs=64,  DeAllocs=59, 728 bytes are presently allocated.
                         A max of 41932052 bytes were allocated.
>-Exiting MakeRho 08/29/02 @ 09:05:20-<
<<Entering QCTC 08/29/02 @ 09:05:20>>
 QCTC                 :: J[5] CheckSum  = 0.1861263661611087D+03
 QCTC                 :: CPU Sec = 0.16D+04, WALL Sec = 0.59D+04
 QCTC                 :: Allocs=574313,  DeAllocs=50, 97028912 bytes are presently allocated.
                         A max of 110193176 bytes were allocated.
>-Exiting QCTC 08/29/02 @ 10:43:18-<
<<Entering HiCu 08/29/02 @ 10:43:18>>
 HiCu.GridGen         :: Tau = 0.10D-01, <Rho> = 0.17991755D+03, <Exc> = -.32398676D+03, Pts/Atom = 1353
 HiCu.GridGen         :: Tau = 0.10D-02, <Rho> = 0.18003204D+03, <Exc> = -.32489361D+03, Pts/Atom = 2898
 HiCu.GridGen         :: Tau = 0.10D-03, <Rho> = 0.17999841D+03, <Exc> = -.32480323D+03, Pts/Atom = 5520
 HiCu.GridGen         :: Tau = 0.10D-04, <Rho> = 0.17999952D+03, <Exc> = -.32481175D+03, Pts/Atom = 10325
 HiCu.GridGen         :: Tau = 0.10D-05, <Rho> = 0.18000008D+03, <Exc> = -.32481339D+03, Pts/Atom = 19737
 HiCu.GridGen         :: Tau = 0.10D-06, <Rho> = 0.18000002D+03, <Exc> = -.32481368D+03, Pts/Atom = 36964
 HiCu.GridGen         :: TauRel = 0.10D-06, RhoErr = 0.14D-06, <Exc> = -.32481368D+03
 HiCu.GridGen         :: CPU Sec = 0.11D+04, WALL Sec = 0.97D+04
 HiCu.MakeKxc         :: WALL (Sec) = 0.63D+04
 HiCu                 :: Kxc[5] CheckSum  = 0.2126223733192435D+02
 HiCu                 :: WALL (Sec) = 0.16D+05
 HiCu                 :: Allocs=495050,  DeAllocs=190154, 165951872 bytes are presently allocated.
                         A max of 167458296 bytes were allocated.
>-Exiting HiCu 08/29/02 @ 15:08:52-<
<<Entering FockNGrueven 08/29/02 @ 15:08:52>>
 FockNGrueven         :: F[5] CheckSum  = 0.8471446499982791D+02
 FockNGrueven         :: OrthoF[5] CheckSum  = 0.7702351887133867D+02
 FockNGrueven         :: CPU (Sec,MFLOPS) = (0.34D+00, 162),
                         WALL(Sec,MFLOPS) = (0.38D+00, 145)
 FockNGrueven         :: Allocs=37,  DeAllocs=33, 380468 bytes are presently allocated.
                         A max of 2847168 bytes were allocated.
>-Exiting FockNGrueven 08/29/02 @ 15:08:53-<
<<Entering DIIS 08/29/02 @ 15:08:53>>
 DIIS                 :: Cond# = 0.34D+07, MIN(E) = 0.66D-06
 DIIS : Pulay C1      :: DIISCo = -.33D+00, 0.42D+00, 0.23D+00,
                                  0.34D+00, 0.35D+00
 DIIS                 :: F_DIIS[5] CheckSum  = 0.7702351968793879D+02
 DIIS                 :: CPU (Sec,MFLOPS) = (0.84D+00, 132),
                         WALL(Sec,MFLOPS) = (0.90D+00, 123)
 DIIS                 :: Allocs=60,  DeAllocs=55, 432 bytes are presently allocated.
                         A max of 3026148 bytes were allocated.
>-Exiting DIIS 08/29/02 @ 15:08:54-<
<<Entering PM 08/29/02 @ 15:08:54>>
 PM                   :: Trix = 0.10D-04
 PM : Pure 1          :: dE=0.10D+01, dP=0.72D-01, ThrX=0.10D-04, %Non0=59
 PM : Pure 2          :: dE=0.56D-01, dP=0.65D-01, ThrX=0.10D-04, %Non0=59
 PM : Pure 3          :: dE=0.32D-01, dP=0.46D-01, ThrX=0.10D-04, %Non0=59
 PM : Pure 4          :: dE=0.11D-01, dP=0.36D-01, ThrX=0.10D-04, %Non0=59
 PM : Pure 5          :: dE=0.62D-02, dP=0.48D-01, ThrX=0.10D-04, %Non0=59
 PM : Pure 6          :: dE=0.84D-02, dP=0.69D-01, ThrX=0.10D-04, %Non0=64
 PM : Pure 7          :: dE=0.11D-01, dP=0.93D-01, ThrX=0.10D-04, %Non0=72
 PM : Pure 8          :: dE=0.13D-01, dP=0.11D+00, ThrX=0.10D-04, %Non0=80
 PM : Pure 9          :: dE=0.12D-01, dP=0.11D+00, ThrX=0.10D-04, %Non0=88
 PM : Pure 10         :: dE=0.80D-02, dP=0.72D-01, ThrX=0.10D-04, %Non0=99
 PM : Pure 11         :: dE=0.39D-02, dP=0.46D-01, ThrX=0.10D-04, %Non0=100
 PM : Pure 12         :: dE=0.19D-02, dP=0.41D-01, ThrX=0.10D-04, %Non0=100
 PM : Pure 13         :: dE=0.11D-02, dP=0.32D-01, ThrX=0.10D-04, %Non0=100
 PM : Pure 14         :: dE=0.51D-03, dP=0.21D-01, ThrX=0.10D-04, %Non0=100
 PM : Pure 15         :: dE=0.22D-03, dP=0.16D-01, ThrX=0.10D-04, %Non0=100
 PM : Pure 16         :: dE=0.10D-03, dP=0.11D-01, ThrX=0.10D-04, %Non0=100
 PM : Pure 17         :: dE=0.54D-04, dP=0.75D-02, ThrX=0.10D-04, %Non0=100
 PM : Pure 18         :: dE=0.23D-04, dP=0.37D-02, ThrX=0.10D-04, %Non0=100
 PM : Pure 19         :: dE=0.42D-05, dP=0.74D-03, ThrX=0.10D-04, %Non0=100
 PM : Pure 20         :: dE=0.12D-06, dP=0.23D-04, ThrX=0.10D-04, %Non0=100
 PM : Pure 21         :: dE=0.99D-10, dP=0.20D-07, ThrX=0.10D-04, %Non0=100
 PM : Pure 22         :: dE=0.00D+00, dP=0.13D-13, ThrX=0.10D-04, %Non0=100
 PM : Met dE/dP goals :: Tr{FP}=-.6472588761410761D+03, dNel = 0.11D-12
 PM                   :: 22 purification steps, 47 matrix multiplies
 PM                   :: Fractional occupation = 0.60D+00, %Non0s = 100
 PM : Max abs errors  :: dE=0.00D+00, dP=0.13D-13, [F,P]=0.28D-03
 PM                   :: Rel dE=0.00D+00, ||dP||_F=0.35D-12, ||[F,P]||_F=0.38D-02
 PM                   :: OrthoP[6] CheckSum  = 0.1341640787527964D+02
 PM                   :: P[6] CheckSum  = 0.1147946188358981D+02
 PM                   :: CPU (Sec,MFLOPS) = (0.11D+02, 192),
                         WALL(Sec,MFLOPS) = (0.11D+02, 190)
 PM                   :: Allocs=326,  DeAllocs=318, 1498120 bytes are presently allocated.
                         A max of 5244152 bytes were allocated.
>-Exiting PM 08/29/02 @ 15:09:05-<
<<Entering SCFStatus 08/29/02 @ 15:09:05>>
 
= = = = = SCFCycle #5, Basis #1, Geometry #1 = = = = =

       DIISErr = 0.13D-04
       MaxDelD = 0.19D-03
       <T>     = 0.22601265D+04
       <V>     = -.42134293D+04
       <DFT>   = -.32481368D+03
       <SCF>   = -2278.11643746

 SCFStatus            :: CPU (Sec,MFLOPS) = (0.70D-01, 9),
                         WALL(Sec,MFLOPS) = (0.70D-01, 9)
 SCFStatus            :: Allocs=16,  DeAllocs=16, 0 bytes are presently allocated.
                         A max of 2247900 bytes were allocated.
>-Exiting SCFStatus 08/29/02 @ 15:09:05-<
<<Entering MakeRho 08/29/02 @ 15:09:05>>
 MakeRho : Pruned Rho :: dNel = -.21D-07, kept 22% of distributions.
 MakeRho : Moments    :: <r> = (-.12D-03, -.13D-03, -.45D-03), <r^2> = 0.34D+03
 MakeRho              :: Rho CheckSum  = 0.3309565668182190D+04
 MakeRho              :: CPU Sec = 0.31D+02, WALL Sec = 0.31D+02
 MakeRho              :: Allocs=64,  DeAllocs=59, 728 bytes are presently allocated.
                         A max of 41932052 bytes were allocated.
>-Exiting MakeRho 08/29/02 @ 15:09:36-<
<<Entering QCTC 08/29/02 @ 15:09:36>>
 QCTC                 :: J[6] CheckSum  = 0.1861263981155000D+03
 QCTC                 :: CPU Sec = 0.16D+04, WALL Sec = 0.59D+04
 QCTC                 :: Allocs=574313,  DeAllocs=50, 97028912 bytes are presently allocated.
                         A max of 110193176 bytes were allocated.
>-Exiting QCTC 08/29/02 @ 16:47:30-<
<<Entering HiCu 08/29/02 @ 16:47:30>>
 HiCu.GridGen         :: Tau = 0.10D-01, <Rho> = 0.17992195D+03, <Exc> = -.32402246D+03, Pts/Atom = 1353
 HiCu.GridGen         :: Tau = 0.10D-02, <Rho> = 0.18003749D+03, <Exc> = -.32489342D+03, Pts/Atom = 2902
 HiCu.GridGen         :: Tau = 0.10D-03, <Rho> = 0.17999893D+03, <Exc> = -.32480421D+03, Pts/Atom = 5520
 HiCu.GridGen         :: Tau = 0.10D-04, <Rho> = 0.17999958D+03, <Exc> = -.32481182D+03, Pts/Atom = 10318
 HiCu.GridGen         :: Tau = 0.10D-05, <Rho> = 0.18000008D+03, <Exc> = -.32481338D+03, Pts/Atom = 19734
 HiCu.GridGen         :: Tau = 0.10D-06, <Rho> = 0.18000002D+03, <Exc> = -.32481367D+03, Pts/Atom = 36950
 HiCu.GridGen         :: TauRel = 0.10D-06, RhoErr = 0.14D-06, <Exc> = -.32481367D+03
 HiCu.GridGen         :: CPU Sec = 0.11D+04, WALL Sec = 0.97D+04
 HiCu.MakeKxc         :: WALL (Sec) = 0.63D+04
 HiCu                 :: Kxc[6] CheckSum  = 0.2126223705926819D+02
 HiCu                 :: WALL (Sec) = 0.16D+05
 HiCu                 :: Allocs=494906,  DeAllocs=190082, 165891392 bytes are presently allocated.
                         A max of 167397816 bytes were allocated.
>-Exiting HiCu 08/29/02 @ 21:13:02-<
<<Entering FockNGrueven 08/29/02 @ 21:13:03>>
 FockNGrueven         :: F[6] CheckSum  = 0.8471450093507522D+02
 FockNGrueven         :: OrthoF[6] CheckSum  = 0.7702354306783344D+02
 FockNGrueven         :: CPU (Sec,MFLOPS) = (0.35D+00, 157),
                         WALL(Sec,MFLOPS) = (0.37D+00, 149)
 FockNGrueven         :: Allocs=37,  DeAllocs=33, 380468 bytes are presently allocated.
                         A max of 2847168 bytes were allocated.
>-Exiting FockNGrueven 08/29/02 @ 21:13:03-<
<<Entering DIIS 08/29/02 @ 21:13:03>>
 DIIS                 :: Cond# = 0.68D+08, MIN(E) = 0.36D-07
 DIIS : Pulay C1      :: DIISCo = -.41D+00, 0.52D+00, 0.28D+00,
                                  0.54D+00, 0.64D+00, -.57D+00
 DIIS                 :: F_DIIS[6] CheckSum  = 0.7702351752458711D+02
 DIIS                 :: CPU (Sec,MFLOPS) = (0.96D+00, 117),
                         WALL(Sec,MFLOPS) = (0.10D+01, 111)
 DIIS                 :: Allocs=67,  DeAllocs=62, 536 bytes are presently allocated.
                         A max of 3026148 bytes were allocated.
>-Exiting DIIS 08/29/02 @ 21:13:04-<
<<Entering PM 08/29/02 @ 21:13:04>>
 PM                   :: Trix = 0.10D-04
 PM : Pure 1          :: dE=0.10D+01, dP=0.72D-01, ThrX=0.10D-04, %Non0=59
 PM : Pure 2          :: dE=0.56D-01, dP=0.65D-01, ThrX=0.10D-04, %Non0=59
 PM : Pure 3          :: dE=0.32D-01, dP=0.46D-01, ThrX=0.10D-04, %Non0=59
 PM : Pure 4          :: dE=0.11D-01, dP=0.36D-01, ThrX=0.10D-04, %Non0=59
 PM : Pure 5          :: dE=0.62D-02, dP=0.48D-01, ThrX=0.10D-04, %Non0=59
 PM : Pure 6          :: dE=0.84D-02, dP=0.69D-01, ThrX=0.10D-04, %Non0=64
 PM : Pure 7          :: dE=0.11D-01, dP=0.93D-01, ThrX=0.10D-04, %Non0=72
 PM : Pure 8          :: dE=0.13D-01, dP=0.11D+00, ThrX=0.10D-04, %Non0=80
 PM : Pure 9          :: dE=0.12D-01, dP=0.11D+00, ThrX=0.10D-04, %Non0=88
 PM : Pure 10         :: dE=0.80D-02, dP=0.72D-01, ThrX=0.10D-04, %Non0=99
 PM : Pure 11         :: dE=0.39D-02, dP=0.46D-01, ThrX=0.10D-04, %Non0=100
 PM : Pure 12         :: dE=0.19D-02, dP=0.41D-01, ThrX=0.10D-04, %Non0=100
 PM : Pure 13         :: dE=0.11D-02, dP=0.32D-01, ThrX=0.10D-04, %Non0=100
 PM : Pure 14         :: dE=0.51D-03, dP=0.21D-01, ThrX=0.10D-04, %Non0=100
 PM : Pure 15         :: dE=0.22D-03, dP=0.16D-01, ThrX=0.10D-04, %Non0=100
 PM : Pure 16         :: dE=0.10D-03, dP=0.11D-01, ThrX=0.10D-04, %Non0=100
 PM : Pure 17         :: dE=0.54D-04, dP=0.75D-02, ThrX=0.10D-04, %Non0=100
 PM : Pure 18         :: dE=0.23D-04, dP=0.37D-02, ThrX=0.10D-04, %Non0=100
 PM : Pure 19         :: dE=0.42D-05, dP=0.74D-03, ThrX=0.10D-04, %Non0=100
 PM : Pure 20         :: dE=0.12D-06, dP=0.23D-04, ThrX=0.10D-04, %Non0=100
 PM : Pure 21         :: dE=0.99D-10, dP=0.20D-07, ThrX=0.10D-04, %Non0=100
 PM : Pure 22         :: dE=0.35D-15, dP=0.13D-13, ThrX=0.10D-04, %Non0=100
 PM : Hit dE increase :: Tr{FP}=-.6472588256619473D+03, dNel = 0.00D+00
 PM                   :: 22 purification steps, 47 matrix multiplies
 PM                   :: Fractional occupation = 0.60D+00, %Non0s = 100
 PM : Max abs errors  :: dE=0.23D-12, dP=0.13D-13, [F,P]=0.28D-03
 PM                   :: Rel dE=0.35D-15, ||dP||_F=0.35D-12, ||[F,P]||_F=0.38D-02
 PM                   :: OrthoP[7] CheckSum  = 0.1341640787527964D+02
 PM                   :: P[7] CheckSum  = 0.1147946201285225D+02
 PM                   :: CPU (Sec,MFLOPS) = (0.11D+02, 192),
                         WALL(Sec,MFLOPS) = (0.11D+02, 190)
 PM                   :: Allocs=326,  DeAllocs=318, 1498120 bytes are presently allocated.
                         A max of 5244152 bytes were allocated.
>-Exiting PM 08/29/02 @ 21:13:15-<
<<Entering SCFStatus 08/29/02 @ 21:13:15>>
 
= = = = = SCFCycle #6, Basis #1, Geometry #1 = = = = =

       DIISErr = 0.13D-04
       MaxDelD = 0.54D-04
       <T>     = 0.22601265D+04
       <V>     = -.42134293D+04
       <DFT>   = -.32481367D+03
       <SCF>   = -2278.11643899

 SCFStatus            :: CPU (Sec,MFLOPS) = (0.70D-01, 9),
                         WALL(Sec,MFLOPS) = (0.70D-01, 9)
 SCFStatus            :: Allocs=16,  DeAllocs=16, 0 bytes are presently allocated.
                         A max of 2247900 bytes were allocated.
>-Exiting SCFStatus 08/29/02 @ 21:13:15-<
<<Entering MakeRho 08/29/02 @ 21:13:16>>
 MakeRho : Pruned Rho :: dNel = -.21D-07, kept 22% of distributions.
 MakeRho : Moments    :: <r> = (0.17D-03, 0.17D-03, -.15D-03), <r^2> = 0.34D+03
 MakeRho              :: Rho CheckSum  = 0.3309565692621558D+04
 MakeRho              :: CPU Sec = 0.31D+02, WALL Sec = 0.31D+02
 MakeRho              :: Allocs=64,  DeAllocs=59, 728 bytes are presently allocated.
                         A max of 41932052 bytes were allocated.
>-Exiting MakeRho 08/29/02 @ 21:13:47-<
<<Entering QCTC 08/29/02 @ 21:13:47>>
 QCTC                 :: J[7] CheckSum  = 0.1861263989272695D+03
 QCTC                 :: CPU Sec = 0.16D+04, WALL Sec = 0.59D+04
 QCTC                 :: Allocs=574313,  DeAllocs=50, 97028912 bytes are presently allocated.
                         A max of 110193176 bytes were allocated.
>-Exiting QCTC 08/29/02 @ 22:51:38-<
<<Entering HiCu 08/29/02 @ 22:51:38>>
 HiCu.GridGen         :: Tau = 0.10D-01, <Rho> = 0.17992195D+03, <Exc> = -.32402247D+03, Pts/Atom = 1353
 HiCu.GridGen         :: Tau = 0.10D-02, <Rho> = 0.18003749D+03, <Exc> = -.32489343D+03, Pts/Atom = 2902
 HiCu.GridGen         :: Tau = 0.10D-03, <Rho> = 0.17999893D+03, <Exc> = -.32480421D+03, Pts/Atom = 5520
 HiCu.GridGen         :: Tau = 0.10D-04, <Rho> = 0.17999958D+03, <Exc> = -.32481181D+03, Pts/Atom = 10319
 HiCu.GridGen         :: Tau = 0.10D-05, <Rho> = 0.18000008D+03, <Exc> = -.32481338D+03, Pts/Atom = 19733
 HiCu.GridGen         :: Tau = 0.10D-06, <Rho> = 0.18000002D+03, <Exc> = -.32481367D+03, Pts/Atom = 36950
 HiCu.GridGen         :: TauRel = 0.10D-06, RhoErr = 0.14D-06, <Exc> = -.32481367D+03
 HiCu.GridGen         :: CPU Sec = 0.11D+04, WALL Sec = 0.97D+04
 HiCu.MakeKxc         :: WALL (Sec) = 0.63D+04
 HiCu                 :: Kxc[7] CheckSum  = 0.2126223704966846D+02
 HiCu                 :: WALL (Sec) = 0.16D+05
 HiCu                 :: Allocs=494906,  DeAllocs=190082, 165891392 bytes are presently allocated.
                         A max of 167397816 bytes were allocated.
>-Exiting HiCu 08/30/02 @ 03:17:05-<
<<Entering FockNGrueven 08/30/02 @ 03:17:06>>
 FockNGrueven         :: F[7] CheckSum  = 0.8471450186030657D+02
 FockNGrueven         :: OrthoF[7] CheckSum  = 0.7702354368893413D+02
 FockNGrueven         :: CPU (Sec,MFLOPS) = (0.35D+00, 157),
                         WALL(Sec,MFLOPS) = (0.39D+00, 141)
 FockNGrueven         :: Allocs=37,  DeAllocs=33, 380468 bytes are presently allocated.
                         A max of 2847168 bytes were allocated.
>-Exiting FockNGrueven 08/30/02 @ 03:17:06-<
<<Entering DIIS 08/30/02 @ 03:17:06>>
 DIIS                 :: Cond# = 0.14D+10, MIN(E) = 0.19D-08
 DIIS : Pulay C1      :: DIISCo = -.91D+00, 0.12D+01, 0.63D+00,
                                  0.20D+01, 0.29D+01, -.86D+01, 0.38D+01
 DIIS                 :: F_DIIS[7] CheckSum  = 0.7702348722313874D+02
 DIIS                 :: CPU (Sec,MFLOPS) = (0.11D+01, 106),
                         WALL(Sec,MFLOPS) = (0.11D+01, 102)
 DIIS                 :: Allocs=75,  DeAllocs=70, 656 bytes are presently allocated.
                         A max of 3026148 bytes were allocated.
>-Exiting DIIS 08/30/02 @ 03:17:07-<
<<Entering PM 08/30/02 @ 03:17:07>>
 PM                   :: Trix = 0.10D-04
 PM : Pure 1          :: dE=0.10D+01, dP=0.72D-01, ThrX=0.10D-04, %Non0=59
 PM : Pure 2          :: dE=0.56D-01, dP=0.65D-01, ThrX=0.10D-04, %Non0=59
 PM : Pure 3          :: dE=0.32D-01, dP=0.46D-01, ThrX=0.10D-04, %Non0=59
 PM : Pure 4          :: dE=0.11D-01, dP=0.36D-01, ThrX=0.10D-04, %Non0=59
 PM : Pure 5          :: dE=0.62D-02, dP=0.48D-01, ThrX=0.10D-04, %Non0=59
 PM : Pure 6          :: dE=0.84D-02, dP=0.69D-01, ThrX=0.10D-04, %Non0=64
 PM : Pure 7          :: dE=0.11D-01, dP=0.93D-01, ThrX=0.10D-04, %Non0=72
 PM : Pure 8          :: dE=0.13D-01, dP=0.11D+00, ThrX=0.10D-04, %Non0=80
 PM : Pure 9          :: dE=0.12D-01, dP=0.11D+00, ThrX=0.10D-04, %Non0=88
 PM : Pure 10         :: dE=0.80D-02, dP=0.72D-01, ThrX=0.10D-04, %Non0=99
 PM : Pure 11         :: dE=0.39D-02, dP=0.46D-01, ThrX=0.10D-04, %Non0=100
 PM : Pure 12         :: dE=0.19D-02, dP=0.41D-01, ThrX=0.10D-04, %Non0=100
 PM : Pure 13         :: dE=0.11D-02, dP=0.32D-01, ThrX=0.10D-04, %Non0=100
 PM : Pure 14         :: dE=0.51D-03, dP=0.21D-01, ThrX=0.10D-04, %Non0=100
 PM : Pure 15         :: dE=0.22D-03, dP=0.16D-01, ThrX=0.10D-04, %Non0=100
 PM : Pure 16         :: dE=0.10D-03, dP=0.11D-01, ThrX=0.10D-04, %Non0=100
 PM : Pure 17         :: dE=0.54D-04, dP=0.75D-02, ThrX=0.10D-04, %Non0=100
 PM : Pure 18         :: dE=0.23D-04, dP=0.37D-02, ThrX=0.10D-04, %Non0=100
 PM : Pure 19         :: dE=0.42D-05, dP=0.74D-03, ThrX=0.10D-04, %Non0=100
 PM : Pure 20         :: dE=0.12D-06, dP=0.23D-04, ThrX=0.10D-04, %Non0=100
 PM : Pure 21         :: dE=0.99D-10, dP=0.20D-07, ThrX=0.10D-04, %Non0=100
 PM : Pure 22         :: dE=0.70D-15, dP=0.13D-13, ThrX=0.10D-04, %Non0=100
 PM : Hit dE increase :: Tr{FP}=-.6472581366775122D+03, dNel = 0.00D+00
 PM                   :: 22 purification steps, 47 matrix multiplies
 PM                   :: Fractional occupation = 0.60D+00, %Non0s = 100
 PM : Max abs errors  :: dE=0.45D-12, dP=0.13D-13, [F,P]=0.28D-03
 PM                   :: Rel dE=0.70D-15, ||dP||_F=0.35D-12, ||[F,P]||_F=0.38D-02
 PM                   :: OrthoP[8] CheckSum  = 0.1341640787527970D+02
 PM                   :: P[8] CheckSum  = 0.1147946259007880D+02
 PM                   :: CPU (Sec,MFLOPS) = (0.11D+02, 192),
                         WALL(Sec,MFLOPS) = (0.11D+02, 190)
 PM                   :: Allocs=327,  DeAllocs=319, 1498120 bytes are presently allocated.
                         A max of 5244152 bytes were allocated.
>-Exiting PM 08/30/02 @ 03:17:18-<
<<Entering SCFStatus 08/30/02 @ 03:17:19>>
 
= = = = = SCFCycle #7, Basis #1, Geometry #1 = = = = =

       DIISErr = 0.13D-04
       MaxDelD = 0.13D-03
       <T>     = 0.22601265D+04
       <V>     = -.42134293D+04
       <DFT>   = -.32481367D+03
       <SCF>   = -2278.11643887

 SCFStatus            :: CPU (Sec,MFLOPS) = (0.70D-01, 9),
                         WALL(Sec,MFLOPS) = (0.70D-01, 9)
 SCFStatus            :: Allocs=16,  DeAllocs=16, 0 bytes are presently allocated.
                         A max of 2247900 bytes were allocated.
>-Exiting SCFStatus 08/30/02 @ 03:17:19-<
<<Entering MakeRho 08/30/02 @ 03:17:19>>
 MakeRho : Pruned Rho :: dNel = -.21D-07, kept 22% of distributions.
 MakeRho : Moments    :: <r> = (-.18D-03, -.20D-03, -.76D-03), <r^2> = 0.34D+03
 MakeRho              :: Rho CheckSum  = 0.3309565884358877D+04
 MakeRho              :: CPU Sec = 0.31D+02, WALL Sec = 0.31D+02
 MakeRho              :: Allocs=64,  DeAllocs=59, 728 bytes are presently allocated.
                         A max of 41932052 bytes were allocated.
>-Exiting MakeRho 08/30/02 @ 03:17:50-<
<<Entering QCTC 08/30/02 @ 03:17:50>>
 QCTC                 :: J[8] CheckSum  = 0.1861264179234861D+03
 QCTC                 :: CPU Sec = 0.16D+04, WALL Sec = 0.59D+04
 QCTC                 :: Allocs=574313,  DeAllocs=50, 97028912 bytes are presently allocated.
                         A max of 110193176 bytes were allocated.
>-Exiting QCTC 08/30/02 @ 04:55:53-<
<<Entering HiCu 08/30/02 @ 04:55:53>>
 HiCu.GridGen         :: Tau = 0.10D-01, <Rho> = 0.17992196D+03, <Exc> = -.32402249D+03, Pts/Atom = 1353
 HiCu.GridGen         :: Tau = 0.10D-02, <Rho> = 0.18003749D+03, <Exc> = -.32489343D+03, Pts/Atom = 2902
 HiCu.GridGen         :: Tau = 0.10D-03, <Rho> = 0.17999893D+03, <Exc> = -.32480421D+03, Pts/Atom = 5520
 HiCu.GridGen         :: Tau = 0.10D-04, <Rho> = 0.17999958D+03, <Exc> = -.32481180D+03, Pts/Atom = 10320
 HiCu.GridGen         :: Tau = 0.10D-05, <Rho> = 0.18000008D+03, <Exc> = -.32481338D+03, Pts/Atom = 19733
 HiCu.GridGen         :: Tau = 0.10D-06, <Rho> = 0.18000002D+03, <Exc> = -.32481367D+03, Pts/Atom = 36950
 HiCu.GridGen         :: TauRel = 0.10D-06, RhoErr = 0.14D-06, <Exc> = -.32481367D+03
 HiCu.GridGen         :: CPU Sec = 0.11D+04, WALL Sec = 0.97D+04
 HiCu.MakeKxc         :: WALL (Sec) = 0.63D+04
 HiCu                 :: Kxc[8] CheckSum  = 0.2126223688316066D+02
 HiCu                 :: WALL (Sec) = 0.16D+05
 HiCu                 :: Allocs=494906,  DeAllocs=190082, 165891392 bytes are presently allocated.
                         A max of 167397816 bytes were allocated.
>-Exiting HiCu 08/30/02 @ 09:21:58-<
<<Entering FockNGrueven 08/30/02 @ 09:21:59>>
 FockNGrueven         :: F[8] CheckSum  = 0.8471452338370307D+02
 FockNGrueven         :: OrthoF[8] CheckSum  = 0.7702355820066819D+02
 FockNGrueven         :: CPU (Sec,MFLOPS) = (0.35D+00, 157),
                         WALL(Sec,MFLOPS) = (0.40D+00, 137)
 FockNGrueven         :: Allocs=37,  DeAllocs=33, 380468 bytes are presently allocated.
                         A max of 2847168 bytes were allocated.
>-Exiting FockNGrueven 08/30/02 @ 09:21:59-<
<<Entering DIIS 08/30/02 @ 09:21:59>>
 DIIS                 :: Cond# = 0.24D+10, MIN(E) = 0.12D-08
 DIIS : Pulay C1      :: DIISCo = -.11D+01, 0.14D+01, 0.77D+00,
                                  0.26D+01, 0.39D+01, -.13D+02, 0.55D+01, 0.51D+00
 DIIS                 :: F_DIIS[8] CheckSum  = 0.7702347436034064D+02
 DIIS                 :: CPU (Sec,MFLOPS) = (0.12D+01, 96),
                         WALL(Sec,MFLOPS) = (0.12D+01, 93)
 DIIS                 :: Allocs=84,  DeAllocs=79, 792 bytes are presently allocated.
                         A max of 3026148 bytes were allocated.
>-Exiting DIIS 08/30/02 @ 09:22:00-<
<<Entering PM 08/30/02 @ 09:22:00>>
 PM                   :: Trix = 0.10D-04
 PM : Pure 1          :: dE=0.10D+01, dP=0.72D-01, ThrX=0.10D-04, %Non0=59
 PM : Pure 2          :: dE=0.56D-01, dP=0.65D-01, ThrX=0.10D-04, %Non0=59
 PM : Pure 3          :: dE=0.32D-01, dP=0.46D-01, ThrX=0.10D-04, %Non0=59
 PM : Pure 4          :: dE=0.11D-01, dP=0.36D-01, ThrX=0.10D-04, %Non0=59
 PM : Pure 5          :: dE=0.62D-02, dP=0.48D-01, ThrX=0.10D-04, %Non0=59
 PM : Pure 6          :: dE=0.84D-02, dP=0.69D-01, ThrX=0.10D-04, %Non0=64
 PM : Pure 7          :: dE=0.11D-01, dP=0.93D-01, ThrX=0.10D-04, %Non0=72
 PM : Pure 8          :: dE=0.13D-01, dP=0.11D+00, ThrX=0.10D-04, %Non0=80
 PM : Pure 9          :: dE=0.12D-01, dP=0.11D+00, ThrX=0.10D-04, %Non0=88
 PM : Pure 10         :: dE=0.80D-02, dP=0.72D-01, ThrX=0.10D-04, %Non0=99
 PM : Pure 11         :: dE=0.39D-02, dP=0.46D-01, ThrX=0.10D-04, %Non0=100
 PM : Pure 12         :: dE=0.19D-02, dP=0.41D-01, ThrX=0.10D-04, %Non0=100
 PM : Pure 13         :: dE=0.11D-02, dP=0.32D-01, ThrX=0.10D-04, %Non0=100
 PM : Pure 14         :: dE=0.51D-03, dP=0.21D-01, ThrX=0.10D-04, %Non0=100
 PM : Pure 15         :: dE=0.22D-03, dP=0.16D-01, ThrX=0.10D-04, %Non0=100
 PM : Pure 16         :: dE=0.10D-03, dP=0.11D-01, ThrX=0.10D-04, %Non0=100
 PM : Pure 17         :: dE=0.54D-04, dP=0.75D-02, ThrX=0.10D-04, %Non0=100
 PM : Pure 18         :: dE=0.23D-04, dP=0.37D-02, ThrX=0.10D-04, %Non0=100
 PM : Pure 19         :: dE=0.42D-05, dP=0.74D-03, ThrX=0.10D-04, %Non0=100
 PM : Pure 20         :: dE=0.12D-06, dP=0.23D-04, ThrX=0.10D-04, %Non0=100
 PM : Pure 21         :: dE=0.10D-09, dP=0.20D-07, ThrX=0.10D-04, %Non0=100
 PM : Pure 22         :: dE=0.53D-15, dP=0.13D-13, ThrX=0.10D-04, %Non0=100
 PM : Hit dE increase :: Tr{FP}=-.6472578465183033D+03, dNel = 0.00D+00
 PM                   :: 22 purification steps, 47 matrix multiplies
 PM                   :: Fractional occupation = 0.60D+00, %Non0s = 100
 PM : Max abs errors  :: dE=0.34D-12, dP=0.13D-13, [F,P]=0.28D-03
 PM                   :: Rel dE=0.53D-15, ||dP||_F=0.35D-12, ||[F,P]||_F=0.38D-02
 PM                   :: OrthoP[9] CheckSum  = 0.1341640787527978D+02
 PM                   :: P[9] CheckSum  = 0.1147946277990458D+02
 PM                   :: CPU (Sec,MFLOPS) = (0.11D+02, 191),
                         WALL(Sec,MFLOPS) = (0.11D+02, 190)
 PM                   :: Allocs=327,  DeAllocs=319, 1498120 bytes are presently allocated.
                         A max of 5244152 bytes were allocated.
>-Exiting PM 08/30/02 @ 09:22:11-<
<<Entering SCFStatus 08/30/02 @ 09:22:12>>
 
= = = = = SCFCycle #8, Basis #1, Geometry #1 = = = = =

       DIISErr = 0.13D-04
       MaxDelD = 0.88D-04
       <T>     = 0.22601265D+04
       <V>     = -.42134293D+04
       <DFT>   = -.32481367D+03
       <SCF>   = -2278.11643871

 SCFStatus            :: CPU (Sec,MFLOPS) = (0.70D-01, 9),
                         WALL(Sec,MFLOPS) = (0.70D-01, 9)
 SCFStatus            :: Allocs=16,  DeAllocs=16, 0 bytes are presently allocated.
                         A max of 2247900 bytes were allocated.
>-Exiting SCFStatus 08/30/02 @ 09:22:12-<
<<Entering MakeRho 08/30/02 @ 09:22:12>>
 MakeRho : Pruned Rho :: dNel = -.21D-07, kept 22% of distributions.
 MakeRho : Moments    :: <r> = (-.13D-03, -.14D-03, -.49D-03), <r^2> = 0.34D+03
 MakeRho              :: Rho CheckSum  = 0.3309565963378319D+04
 MakeRho              :: CPU Sec = 0.31D+02, WALL Sec = 0.31D+02
 MakeRho              :: Allocs=64,  DeAllocs=59, 728 bytes are presently allocated.
                         A max of 41932052 bytes were allocated.
>-Exiting MakeRho 08/30/02 @ 09:22:43-<
<<Entering QCTC 08/30/02 @ 09:22:43>>
 QCTC                 :: J[9] CheckSum  = 0.1861264261396020D+03
 QCTC                 :: CPU Sec = 0.16D+04, WALL Sec = 0.59D+04
 QCTC                 :: Allocs=574313,  DeAllocs=50, 97028912 bytes are presently allocated.
                         A max of 110193176 bytes were allocated.
>-Exiting QCTC 08/30/02 @ 11:00:42-<
<<Entering HiCu 08/30/02 @ 11:00:42>>
 HiCu.GridGen         :: Tau = 0.10D-01, <Rho> = 0.17991754D+03, <Exc> = -.32398674D+03, Pts/Atom = 1353
 HiCu.GridGen         :: Tau = 0.10D-02, <Rho> = 0.18003204D+03, <Exc> = -.32489360D+03, Pts/Atom = 2898
 HiCu.GridGen         :: Tau = 0.10D-03, <Rho> = 0.17999841D+03, <Exc> = -.32480323D+03, Pts/Atom = 5520
 HiCu.GridGen         :: Tau = 0.10D-04, <Rho> = 0.17999952D+03, <Exc> = -.32481175D+03, Pts/Atom = 10323
 HiCu.GridGen         :: Tau = 0.10D-05, <Rho> = 0.18000008D+03, <Exc> = -.32481338D+03, Pts/Atom = 19738
 HiCu.GridGen         :: Tau = 0.10D-06, <Rho> = 0.18000002D+03, <Exc> = -.32481367D+03, Pts/Atom = 36964
 HiCu.GridGen         :: TauRel = 0.10D-06, RhoErr = 0.14D-06, <Exc> = -.32481367D+03
 HiCu.GridGen         :: CPU Sec = 0.11D+04, WALL Sec = 0.97D+04
 HiCu.MakeKxc         :: WALL (Sec) = 0.63D+04
 HiCu                 :: Kxc[9] CheckSum  = 0.2126223689216160D+02
 HiCu                 :: WALL (Sec) = 0.16D+05
 HiCu                 :: Allocs=495050,  DeAllocs=190154, 165951872 bytes are presently allocated.
                         A max of 167458296 bytes were allocated.
>-Exiting HiCu 08/30/02 @ 15:26:15-<
<<Entering FockNGrueven 08/30/02 @ 15:26:15>>
 FockNGrueven         :: F[9] CheckSum  = 0.8471453283316791D+02
 FockNGrueven         :: OrthoF[9] CheckSum  = 0.7702356458978183D+02
 FockNGrueven         :: CPU (Sec,MFLOPS) = (0.33D+00, 167),
                         WALL(Sec,MFLOPS) = (0.38D+00, 145)
 FockNGrueven         :: Allocs=37,  DeAllocs=33, 380468 bytes are presently allocated.
                         A max of 2847168 bytes were allocated.
>-Exiting FockNGrueven 08/30/02 @ 15:26:16-<
<<Entering DIIS 08/30/02 @ 15:26:16>>
 DIIS                 :: Cond# = 0.37D+10, MIN(E) = 0.82D-09
 DIIS : Pulay C1      :: DIISCo = -.11D+01, 0.14D+01, 0.77D+00,
                                  0.27D+01, 0.40D+01, -.14D+02, 0.59D+01,
                                  0.52D+00, 0.48D+00
 DIIS                 :: F_DIIS[9] CheckSum  = 0.7702347407428124D+02
 DIIS                 :: CPU (Sec,MFLOPS) = (0.13D+01, 88),
                         WALL(Sec,MFLOPS) = (0.14D+01, 85)
 DIIS                 :: Allocs=94,  DeAllocs=89, 944 bytes are presently allocated.
                         A max of 3026148 bytes were allocated.
>-Exiting DIIS 08/30/02 @ 15:26:17-<
<<Entering PM 08/30/02 @ 15:26:17>>
 PM                   :: Trix = 0.10D-04
 PM : Pure 1          :: dE=0.10D+01, dP=0.72D-01, ThrX=0.10D-04, %Non0=59
 PM : Pure 2          :: dE=0.56D-01, dP=0.65D-01, ThrX=0.10D-04, %Non0=59
 PM : Pure 3          :: dE=0.32D-01, dP=0.46D-01, ThrX=0.10D-04, %Non0=59
 PM : Pure 4          :: dE=0.11D-01, dP=0.36D-01, ThrX=0.10D-04, %Non0=59
 PM : Pure 5          :: dE=0.62D-02, dP=0.48D-01, ThrX=0.10D-04, %Non0=59
 PM : Pure 6          :: dE=0.84D-02, dP=0.69D-01, ThrX=0.10D-04, %Non0=64
 PM : Pure 7          :: dE=0.11D-01, dP=0.93D-01, ThrX=0.10D-04, %Non0=72
 PM : Pure 8          :: dE=0.13D-01, dP=0.11D+00, ThrX=0.10D-04, %Non0=80
 PM : Pure 9          :: dE=0.12D-01, dP=0.11D+00, ThrX=0.10D-04, %Non0=88
 PM : Pure 10         :: dE=0.80D-02, dP=0.72D-01, ThrX=0.10D-04, %Non0=99
 PM : Pure 11         :: dE=0.39D-02, dP=0.46D-01, ThrX=0.10D-04, %Non0=100
 PM : Pure 12         :: dE=0.19D-02, dP=0.41D-01, ThrX=0.10D-04, %Non0=100
 PM : Pure 13         :: dE=0.11D-02, dP=0.32D-01, ThrX=0.10D-04, %Non0=100
 PM : Pure 14         :: dE=0.51D-03, dP=0.21D-01, ThrX=0.10D-04, %Non0=100
 PM : Pure 15         :: dE=0.22D-03, dP=0.16D-01, ThrX=0.10D-04, %Non0=100
 PM : Pure 16         :: dE=0.10D-03, dP=0.11D-01, ThrX=0.10D-04, %Non0=100
 PM : Pure 17         :: dE=0.54D-04, dP=0.75D-02, ThrX=0.10D-04, %Non0=100
 PM : Pure 18         :: dE=0.23D-04, dP=0.37D-02, ThrX=0.10D-04, %Non0=100
 PM : Pure 19         :: dE=0.42D-05, dP=0.74D-03, ThrX=0.10D-04, %Non0=100
 PM : Pure 20         :: dE=0.12D-06, dP=0.23D-04, ThrX=0.10D-04, %Non0=100
 PM : Pure 21         :: dE=0.10D-09, dP=0.20D-07, ThrX=0.10D-04, %Non0=100
 PM : Pure 22         :: dE=0.00D+00, dP=0.13D-13, ThrX=0.10D-04, %Non0=100
 PM : Met dE/dP goals :: Tr{FP}=-.6472578410662153D+03, dNel = 0.11D-12
 PM                   :: 22 purification steps, 47 matrix multiplies
 PM                   :: Fractional occupation = 0.60D+00, %Non0s = 100
 PM : Max abs errors  :: dE=0.00D+00, dP=0.13D-13, [F,P]=0.28D-03
 PM                   :: Rel dE=0.00D+00, ||dP||_F=0.35D-12, ||[F,P]||_F=0.38D-02
 PM                   :: OrthoP[10] CheckSum  = 0.1341640787527985D+02
 PM                   :: P[10] CheckSum  = 0.1147946274178479D+02
 PM                   :: CPU (Sec,MFLOPS) = (0.11D+02, 192),
                         WALL(Sec,MFLOPS) = (0.11D+02, 190)
 PM                   :: Allocs=327,  DeAllocs=319, 1498120 bytes are presently allocated.
                         A max of 5244152 bytes were allocated.
>-Exiting PM 08/30/02 @ 15:26:28-<
<<Entering SCFStatus 08/30/02 @ 15:26:29>>
 
= = = = = SCFCycle #9, Basis #1, Geometry #1 = = = = =

       DIISErr = 0.13D-04
       MaxDelD = 0.17D-04
       <T>     = 0.22601265D+04
       <V>     = -.42134293D+04
       <DFT>   = -.32481367D+03
       <SCF>   = -2278.11643881

 SCFStatus            :: CPU (Sec,MFLOPS) = (0.70D-01, 9),
                         WALL(Sec,MFLOPS) = (0.70D-01, 9)
 SCFStatus            :: Allocs=16,  DeAllocs=16, 0 bytes are presently allocated.
                         A max of 2247900 bytes were allocated.
>-Exiting SCFStatus 08/30/02 @ 15:26:29-<
 Normal SCF convergence.
 Convergence statistics for RPBEx/PBEc/STO-6G:
========================================================================
SCF    Ink       Total             Delta       Max         DIIS   
Cycle  Fok       Energy            E_Tot       Delta P     Error  
  0,    F,           0.00000000, 0.0000D+00, 0.0000D+00, 0.0000D+00, 
  1,    F,       -2278.10874100, 0.3159D-02, 0.6783D+00, 0.0000D+00, 
  2,    F,       -2278.11254160, 0.1668D-05, 0.1954D-02, 0.3994D-03, 
  3,    F,       -2278.11618101, 0.1598D-05, 0.2735D-02, 0.5435D-04, 
  4,    F,       -2278.11643603, 0.1119D-06, 0.1239D-02, 0.1425D-04, 
  5,    F,       -2278.11643746, 0.6281D-09, 0.2838D-03, 0.1342D-04, 
  6,    F,       -2278.11643899, 0.6711D-09, 0.1352D-03, 0.1271D-04, 
  7,    F,       -2278.11643887, 0.4909D-10, 0.7690D-04, 0.1277D-04, 
  8,    F,       -2278.11643871, 0.7412D-10, 0.4306D-04, 0.1287D-04, 
  9,    F,       -2278.11643881, 0.4539D-10, 0.7124D-04, 0.1271D-04, 
========================================================================
>-Succesfull MondoSCF run 08/30/02 @ 15:26:29-<
