

 __    __                 _       ____________ ______ 
|  \  /  |               | |     /       /    |      |
|   \/   | ___  _ __   __| | ___/   ____/   __|  |==='
|        |/ _ \| '_ \ / _  |/ _ \____  \   (__|  ____|
|  |\/|  | (_) | | | | (_| | (_) )     /\     |  |    
|__|  |__|\___/|_| |_|\____|\___/_____/  \____|__|    

 Version 1.0 alpha 4                                  
 A program suite for O(N) SCF theory and ab initio MD 
 Matt Challacombe, Eric Schwegler, C.J. Tymczak,      
 Chee Kwan Gan, Karoly Nemeth and Anders Niklasson    
 Los Alamos National Laboratory (LA-CC 01-2)          
 Copywrite 2001, University of California.            

 Compiled for AMDLinux.PG, executing on zinc26
 a i686 machine running Linux 2.4.2-2

Water Cluster Scaling                                                                                                           
  
<<Starting MondoSCF 09/03/02 @ 12:21:17>>
 ** Auto-Wraps at default value => (Off) **
 ** Atom-Wrap at default value => (AtomWrap-Off) **
 ** Lattice Vector Format at default value => (Vector Format) **
 ** Coodinate Format at default value => (Atomic Coord) **
========================================================================
 Internal representation of the geometry:
 Geometry originally in Angstroms has been converted to AU.
 Geometry has been reordered using the Hilbert curve.
 Number of electrons = 360
------------------------------------------------------------------------
  *** Periodic is Off *** 
------------------------------------------------------------------------
 1   c    -.48745104D+01   -.13675758D+01   -.43067044D+01
 2   c    -.26616602D+01   -.22128313D+01   -.56743180D+01
 3   c    -.13675758D+01   -.43067044D+01   -.48745104D+01
 4   c    -.22128313D+01   -.56743180D+01   -.26616602D+01
 5   c    -.56743180D+01   -.26616602D+01   -.22128313D+01
 6   c    -.43067044D+01   -.48745104D+01   -.13675758D+01
 7   c    -.43067044D+01   -.48745104D+01   0.13675758D+01
 8   c    -.22128313D+01   -.56743180D+01   0.26616602D+01
 9   c    -.13675758D+01   -.43067044D+01   0.48745104D+01
 10   c    -.48745104D+01   -.13675758D+01   0.43067044D+01
 11   c    -.26616602D+01   -.22128313D+01   0.56743180D+01
 12   c    -.56743180D+01   -.26616602D+01   0.22128313D+01
 13   c    -.65195547D+01   -.12940844D+01   0.00000000D+00
 14   c    -.65195547D+01   0.12940844D+01   0.00000000D+00
 15   c    -.56743180D+01   0.26616602D+01   0.22128313D+01
 16   c    -.48745104D+01   0.13675758D+01   0.43067044D+01
 17   c    -.43067044D+01   0.48745104D+01   0.13675758D+01
 18   c    -.22128313D+01   0.56743180D+01   0.26616602D+01
 19   c    -.13675758D+01   0.43067044D+01   0.48745104D+01
 20   c    -.26616602D+01   0.22128313D+01   0.56743180D+01
 21   c    -.12940844D+01   0.00000000D+00   0.65195547D+01
 22   c    -.22128313D+01   0.56743180D+01   -.26616602D+01
 23   c    -.43067044D+01   0.48745104D+01   -.13675758D+01
 24   c    -.56743180D+01   0.26616602D+01   -.22128313D+01
 25   c    -.48745104D+01   0.13675758D+01   -.43067044D+01
 26   c    -.13675758D+01   0.43067044D+01   -.48745104D+01
 27   c    -.26616602D+01   0.22128313D+01   -.56743180D+01
 28   c    -.12940844D+01   0.00000000D+00   -.65195547D+01
 29   c    0.12940844D+01   0.00000000D+00   -.65195547D+01
 30   c    0.26616602D+01   0.22128313D+01   -.56743180D+01
 31   c    0.13675758D+01   0.43067044D+01   -.48745104D+01
 32   c    0.48745104D+01   0.13675758D+01   -.43067044D+01
 33   c    0.56743180D+01   0.26616602D+01   -.22128313D+01
 34   c    0.43067044D+01   0.48745104D+01   -.13675758D+01
 35   c    0.22128313D+01   0.56743180D+01   -.26616602D+01
 36   c    0.00000000D+00   0.65195547D+01   -.12940844D+01
 37   c    0.12940844D+01   0.00000000D+00   0.65195547D+01
 38   c    0.26616602D+01   0.22128313D+01   0.56743180D+01
 39   c    0.13675758D+01   0.43067044D+01   0.48745104D+01
 40   c    0.22128313D+01   0.56743180D+01   0.26616602D+01
 41   c    0.00000000D+00   0.65195547D+01   0.12940844D+01
 42   c    0.43067044D+01   0.48745104D+01   0.13675758D+01
 43   c    0.48745104D+01   0.13675758D+01   0.43067044D+01
 44   c    0.56743180D+01   0.26616602D+01   0.22128313D+01
 45   c    0.65195547D+01   0.12940844D+01   0.00000000D+00
 46   c    0.65195547D+01   -.12940844D+01   0.00000000D+00
 47   c    0.56743180D+01   -.26616602D+01   0.22128313D+01
 48   c    0.26616602D+01   -.22128313D+01   0.56743180D+01
 49   c    0.48745104D+01   -.13675758D+01   0.43067044D+01
 50   c    0.13675758D+01   -.43067044D+01   0.48745104D+01
 51   c    0.22128313D+01   -.56743180D+01   0.26616602D+01
 52   c    0.00000000D+00   -.65195547D+01   0.12940844D+01
 53   c    0.43067044D+01   -.48745104D+01   0.13675758D+01
 54   c    0.43067044D+01   -.48745104D+01   -.13675758D+01
 55   c    0.56743180D+01   -.26616602D+01   -.22128313D+01
 56   c    0.00000000D+00   -.65195547D+01   -.12940844D+01
 57   c    0.22128313D+01   -.56743180D+01   -.26616602D+01
 58   c    0.13675758D+01   -.43067044D+01   -.48745104D+01
 59   c    0.26616602D+01   -.22128313D+01   -.56743180D+01
 60   c    0.48745104D+01   -.13675758D+01   -.43067044D+01
========================================================================
 ParseGeometry        :: Allocs=14,  DeAllocs=14, 0 bytes are presently allocated.
                         A max of 7968 bytes were allocated.
 Base(1)%BName   = STO-6G
 Opening BasFile = /home/mchalla/MONDOf/BasisSets/STO-6G.bas
 ParseBaseSets        :: Allocs=61,  DeAllocs=60, 480 bytes are presently allocated.
                         A max of 25480 bytes were allocated.
 Current HDF file :: /scratch/mchalla/c60_PM_1D-4_8568.hdf

 PROGRAM OF CALCULATIONS:

  A restricted Roothaan-Hall solution of the SCF using
  a tight accuracy level, STO-6G and the PBEx/PBEc model.
 

 Accuracy level 3 for the STO-6G basis set:
  TrixNeglect = 0.10D-05, CubeNeglect = 0.10D-06,
  TwoENeglect = 0.10D-09, DistNeglect = 0.10D-11
 MaxAtms = 61, MaxBlks = 3601, MaxNon0 = 90001, BndWdth = 60
<<Entering MakeS 09/03/02 @ 12:21:18>>
 MakeS                :: S CheckSum  = 0.2079758492972368D+02
 MakeS                :: CPU Sec = 0.21D+01, WALL Sec = 0.21D+01
 MakeS                :: Allocs=37,  DeAllocs=36, 24 bytes are presently allocated.
                         A max of 1514328 bytes were allocated.
>-Exiting MakeS 09/03/02 @ 12:21:20-<
<<Entering BlokAInv 09/03/02 @ 12:21:20>>
 BlokAInv             :: CPU (Sec,MFLOPS) = (0.13D+00, 156),
                         WALL(Sec,MFLOPS) = (0.14D+00, 145)
 BlokAInv             :: Max(Z^t.A.Z-I)=0.67D-06, TrixThrsh=0.10D-05
 BlokAInv             :: Z CheckSum  = 0.2334035849474413D+02
 BlokAInv             :: CPU (Sec,MFLOPS) = (0.39D+00, 193),
                         WALL(Sec,MFLOPS) = (0.40D+00, 188)
 BlokAInv             :: Allocs=75,  DeAllocs=41, 2255484 bytes are presently allocated.
                         A max of 3754336 bytes were allocated.
>-Exiting BlokAInv 09/03/02 @ 12:21:21-<
<<Entering MakeT 09/03/02 @ 12:21:21>>
 MakeT                :: T CheckSum  = 0.1263168604614581D+03
 MakeT                :: CPU Sec = 0.22D+01, WALL Sec = 0.22D+01
 MakeT                :: Allocs=33,  DeAllocs=32, 24 bytes are presently allocated.
                         A max of 1508752 bytes were allocated.
>-Exiting MakeT 09/03/02 @ 12:21:23-<
<<Entering P2Use 09/03/02 @ 12:21:23>>
 P2Use                :: P[0] CheckSum  = 0.2992908355270476D+02
 P2Use                :: CPU (Sec,MFLOPS) = (0.14D+00, 136),
                         WALL(Sec,MFLOPS) = (0.14D+00, 136)
 P2Use                :: Allocs=52,  DeAllocs=48, 749060 bytes are presently allocated.
                         A max of 3765604 bytes were allocated.
>-Exiting P2Use 09/03/02 @ 12:21:23-<
<<Entering MakeRho 09/03/02 @ 12:21:23>>
 MakeRho : Pruned Rho :: dNel = 0.15D-08, kept 19% of distributions.
 MakeRho : Moments    :: <r> = (0.22D+01, 0.61D-01, -.76D-02), <r^2> = 0.31D+03
 MakeRho              :: Rho CheckSum  = 0.3751010242007360D+04
 MakeRho              :: CPU Sec = 0.30D+02, WALL Sec = 0.30D+02
 MakeRho              :: Allocs=64,  DeAllocs=59, 728 bytes are presently allocated.
                         A max of 40774660 bytes were allocated.
>-Exiting MakeRho 09/03/02 @ 12:21:53-<
<<Entering QCTC 09/03/02 @ 12:21:53>>
 QCTC                 :: J[0] CheckSum  = 0.1818575294401252D+03
 QCTC                 :: CPU Sec = 0.67D+03, WALL Sec = 0.50D+04
 QCTC                 :: Allocs=507223,  DeAllocs=50, 85482544 bytes are presently allocated.
                         A max of 97006368 bytes were allocated.
>-Exiting QCTC 09/03/02 @ 13:44:35-<
<<Entering HiCu 09/03/02 @ 13:44:35>>
 HiCu.GridGen         :: Tau = 0.10D-01, <Rho> = 0.18009461D+03, <Exc> = -.34076462D+03, Pts/Atom = 1547
 HiCu.GridGen         :: Tau = 0.10D-02, <Rho> = 0.18003877D+03, <Exc> = -.34071453D+03, Pts/Atom = 2961
 HiCu.GridGen         :: Tau = 0.10D-03, <Rho> = 0.18000473D+03, <Exc> = -.34058892D+03, Pts/Atom = 5778
 HiCu.GridGen         :: Tau = 0.10D-04, <Rho> = 0.18000102D+03, <Exc> = -.34057345D+03, Pts/Atom = 10847
 HiCu.GridGen         :: Tau = 0.10D-05, <Rho> = 0.18000007D+03, <Exc> = -.34056987D+03, Pts/Atom = 20609
 HiCu.GridGen         :: Tau = 0.10D-06, <Rho> = 0.18000005D+03, <Exc> = -.34056986D+03, Pts/Atom = 38542
 HiCu.GridGen         :: TauRel = 0.10D-06, RhoErr = 0.27D-06, <Exc> = -.34056986D+03
 HiCu.GridGen         :: WALL (Sec) = 0.86D+04
 HiCu.MakeKxc         :: WALL (Sec) = 0.65D+04
 HiCu                 :: Kxc[0] CheckSum  = 0.2136999719947231D+02
 HiCu                 :: WALL (Sec) = 0.15D+05
 HiCu                 :: Allocs=497856,  DeAllocs=198266, 171930592 bytes are presently allocated.
                         A max of 173437016 bytes were allocated.
>-Exiting HiCu 09/03/02 @ 17:55:58-<
<<Entering FockNGrueven 09/03/02 @ 17:55:58>>
 FockNGrueven         :: F[0] CheckSum  = 0.8059520330835382D+02
 FockNGrueven         :: OrthoF[0] CheckSum  = 0.7336075693576426D+02
 FockNGrueven         :: CPU (Sec,MFLOPS) = (0.33D+00, 167),
                         WALL(Sec,MFLOPS) = (0.33D+00, 167)
 FockNGrueven         :: Allocs=37,  DeAllocs=33, 380468 bytes are presently allocated.
                         A max of 2862144 bytes were allocated.
>-Exiting FockNGrueven 09/03/02 @ 17:55:58-<
<<Entering PM 09/03/02 @ 17:55:58>>
 PM                   :: Trix = 0.10D-03
 PM : Pure 1          :: dE=0.10D+01, dP=0.71D-01, ThrX=0.10D-03, %Non0=38
 PM : Pure 2          :: dE=0.61D-01, dP=0.65D-01, ThrX=0.10D-03, %Non0=38
 PM : Pure 3          :: dE=0.37D-01, dP=0.46D-01, ThrX=0.10D-03, %Non0=38
 PM : Pure 4          :: dE=0.13D-01, dP=0.35D-01, ThrX=0.10D-03, %Non0=38
 PM : Pure 5          :: dE=0.74D-02, dP=0.47D-01, ThrX=0.10D-03, %Non0=38
 PM : Pure 6          :: dE=0.98D-02, dP=0.66D-01, ThrX=0.10D-03, %Non0=39
 PM : Pure 7          :: dE=0.13D-01, dP=0.87D-01, ThrX=0.10D-03, %Non0=50
 PM : Pure 8          :: dE=0.15D-01, dP=0.10D+00, ThrX=0.10D-03, %Non0=57
 PM : Pure 9          :: dE=0.13D-01, dP=0.11D+00, ThrX=0.10D-03, %Non0=68
 PM : Pure 10         :: dE=0.83D-02, dP=0.87D-01, ThrX=0.10D-03, %Non0=81
 PM : Pure 11         :: dE=0.40D-02, dP=0.52D-01, ThrX=0.10D-03, %Non0=98
 PM : Pure 12         :: dE=0.20D-02, dP=0.41D-01, ThrX=0.10D-03, %Non0=100
 PM : Pure 13         :: dE=0.10D-02, dP=0.31D-01, ThrX=0.10D-03, %Non0=100
 PM : Pure 14         :: dE=0.51D-03, dP=0.23D-01, ThrX=0.10D-03, %Non0=100
 PM : Pure 15         :: dE=0.24D-03, dP=0.18D-01, ThrX=0.10D-03, %Non0=100
 PM : Pure 16         :: dE=0.11D-03, dP=0.15D-01, ThrX=0.10D-03, %Non0=100
 PM : Pure 17         :: dE=0.58D-04, dP=0.12D-01, ThrX=0.10D-03, %Non0=100
 PM : Pure 18         :: dE=0.36D-04, dP=0.12D-01, ThrX=0.10D-03, %Non0=100
 PM : Pure 19         :: dE=0.20D-04, dP=0.12D-01, ThrX=0.10D-03, %Non0=100
 PM : Pure 20         :: dE=0.98D-05, dP=0.16D-01, ThrX=0.10D-03, %Non0=100
 PM : Pure 21         :: dE=0.46D-05, dP=0.17D-01, ThrX=0.10D-03, %Non0=100
 PM : Pure 22         :: dE=0.20D-05, dP=0.12D-01, ThrX=0.10D-03, %Non0=100
 PM : Pure 23         :: dE=0.42D-06, dP=0.30D-02, ThrX=0.10D-03, %Non0=100
 PM : Pure 24         :: dE=0.17D-07, dP=0.13D-03, ThrX=0.10D-03, %Non0=100
 PM : Pure 25         :: dE=0.28D-10, dP=0.21D-06, ThrX=0.10D-03, %Non0=100
 PM : Pure 26         :: dE=0.38D-15, dP=0.56D-12, ThrX=0.10D-03, %Non0=100
 PM : Met dE/dP goals :: Tr{FP}=-.6039931772943875D+03, dNel = 0.00D+00
 PM                   :: 26 purification steps, 55 matrix multiplies
 PM                   :: Fractional occupation = 0.60D+00, %Non0s = 100
 PM : Max abs errors  :: dE=0.23D-12, dP=0.56D-12, [F,P]=0.29D-02
 PM                   :: Rel dE=0.38D-15, ||dP||_F=0.34D-11, ||[F,P]||_F=0.37D-01
 PM                   :: OrthoP[1] CheckSum  = 0.1341640845775114D+02
 PM                   :: P[1] CheckSum  = 0.1149988905087566D+02
 PM                   :: CPU (Sec,MFLOPS) = (0.12D+02, 191),
                         WALL(Sec,MFLOPS) = (0.12D+02, 191)
 PM                   :: Allocs=370,  DeAllocs=362, 1498120 bytes are presently allocated.
                         A max of 5244152 bytes were allocated.
>-Exiting PM 09/03/02 @ 17:56:10-<
<<Entering SCFStatus 09/03/02 @ 17:56:10>>
 
= = = = = SCFCycle #0, Basis #1, Geometry #1 = = = = =

       MaxDelD = 0.26D+01
       <T>     = 0.25373868D+04
       <V>     = -.43738686D+04
       <DFT>   = -.34056986D+03
       <SCF>   = -2177.05163810

 SCFStatus            :: CPU (Sec,MFLOPS) = (0.80D-01, 8),
                         WALL(Sec,MFLOPS) = (0.80D-01, 8)
 SCFStatus            :: Allocs=16,  DeAllocs=16, 0 bytes are presently allocated.
                         A max of 2247900 bytes were allocated.
>-Exiting SCFStatus 09/03/02 @ 17:56:10-<
<<Entering MakeRho 09/03/02 @ 17:56:10>>
 MakeRho : Pruned Rho :: dNel = -.11D-07, kept 22% of distributions.
 MakeRho : Moments    :: <r> = (-.63D+01, -.98D-01, -.36D-01), <r^2> = 0.33D+03
 MakeRho              :: Rho CheckSum  = 0.3302073517462211D+04
 MakeRho              :: CPU Sec = 0.30D+02, WALL Sec = 0.30D+02
 MakeRho              :: Allocs=64,  DeAllocs=59, 728 bytes are presently allocated.
                         A max of 42000052 bytes were allocated.
>-Exiting MakeRho 09/03/02 @ 17:56:40-<
<<Entering QCTC 09/03/02 @ 17:56:41>>
 QCTC                 :: J[1] CheckSum  = 0.1861897175055211D+03
 QCTC                 :: CPU Sec = 0.17D+04, WALL Sec = 0.60D+04
 QCTC                 :: Allocs=579763,  DeAllocs=50, 97914832 bytes are presently allocated.
                         A max of 111186336 bytes were allocated.
>-Exiting QCTC 09/03/02 @ 19:36:02-<
<<Entering HiCu 09/03/02 @ 19:36:02>>
 HiCu.GridGen         :: Tau = 0.10D-01, <Rho> = 0.17998872D+03, <Exc> = -.32410985D+03, Pts/Atom = 1356
 HiCu.GridGen         :: Tau = 0.10D-02, <Rho> = 0.18001991D+03, <Exc> = -.32466967D+03, Pts/Atom = 2944
 HiCu.GridGen         :: Tau = 0.10D-03, <Rho> = 0.17999923D+03, <Exc> = -.32461775D+03, Pts/Atom = 5510
 HiCu.GridGen         :: Tau = 0.10D-04, <Rho> = 0.17999968D+03, <Exc> = -.32462308D+03, Pts/Atom = 10280
 HiCu.GridGen         :: Tau = 0.10D-05, <Rho> = 0.18000008D+03, <Exc> = -.32462447D+03, Pts/Atom = 19716
 HiCu.GridGen         :: Tau = 0.10D-06, <Rho> = 0.18000003D+03, <Exc> = -.32462474D+03, Pts/Atom = 36850
 HiCu.GridGen         :: TauRel = 0.10D-06, RhoErr = 0.19D-06, <Exc> = -.32462474D+03
 HiCu.GridGen         :: CPU Sec = 0.12D+04, WALL Sec = 0.98D+04
 HiCu.MakeKxc         :: WALL (Sec) = 0.63D+04
 HiCu                 :: Kxc[1] CheckSum  = 0.2125741072937487D+02
 HiCu                 :: WALL (Sec) = 0.16D+05
 HiCu                 :: Allocs=494964,  DeAllocs=189566, 165499792 bytes are presently allocated.
                         A max of 167006216 bytes were allocated.
>-Exiting HiCu 09/04/02 @ 00:04:08-<
<<Entering FockNGrueven 09/04/02 @ 00:04:08>>
 FockNGrueven         :: F[1] CheckSum  = 0.8480369970469194D+02
 FockNGrueven         :: OrthoF[1] CheckSum  = 0.7710321473426137D+02
 FockNGrueven         :: CPU (Sec,MFLOPS) = (0.34D+00, 162),
                         WALL(Sec,MFLOPS) = (0.34D+00, 162)
 FockNGrueven         :: Allocs=37,  DeAllocs=33, 380468 bytes are presently allocated.
                         A max of 2848832 bytes were allocated.
>-Exiting FockNGrueven 09/04/02 @ 00:04:09-<
<<Entering DIIS 09/04/02 @ 00:04:09>>
 DIIS : Damping       :: Co = 0.80D+00, 0.20D+00
 DIIS                 :: F_DIIS[1] CheckSum  = 0.7408739111151593D+02
 DIIS                 :: CPU (Sec,MFLOPS) = (0.58D+00, 185),
                         WALL(Sec,MFLOPS) = (0.58D+00, 185)
 DIIS                 :: Allocs=34,  DeAllocs=30, 144 bytes are presently allocated.
                         A max of 3026148 bytes were allocated.
>-Exiting DIIS 09/04/02 @ 00:04:09-<
<<Entering PM 09/04/02 @ 00:04:09>>
 PM                   :: Trix = 0.10D-03
 PM : Pure 1          :: dE=0.10D+01, dP=0.72D-01, ThrX=0.10D-03, %Non0=38
 PM : Pure 2          :: dE=0.59D-01, dP=0.65D-01, ThrX=0.10D-03, %Non0=38
 PM : Pure 3          :: dE=0.35D-01, dP=0.45D-01, ThrX=0.10D-03, %Non0=38
 PM : Pure 4          :: dE=0.12D-01, dP=0.35D-01, ThrX=0.10D-03, %Non0=38
 PM : Pure 5          :: dE=0.71D-02, dP=0.46D-01, ThrX=0.10D-03, %Non0=38
 PM : Pure 6          :: dE=0.95D-02, dP=0.66D-01, ThrX=0.10D-03, %Non0=39
 PM : Pure 7          :: dE=0.13D-01, dP=0.89D-01, ThrX=0.10D-03, %Non0=50
 PM : Pure 8          :: dE=0.14D-01, dP=0.11D+00, ThrX=0.10D-03, %Non0=57
 PM : Pure 9          :: dE=0.13D-01, dP=0.10D+00, ThrX=0.10D-03, %Non0=68
 PM : Pure 10         :: dE=0.81D-02, dP=0.69D-01, ThrX=0.10D-03, %Non0=81
 PM : Pure 11         :: dE=0.39D-02, dP=0.45D-01, ThrX=0.10D-03, %Non0=98
 PM : Pure 12         :: dE=0.20D-02, dP=0.39D-01, ThrX=0.10D-03, %Non0=100
 PM : Pure 13         :: dE=0.11D-02, dP=0.29D-01, ThrX=0.10D-03, %Non0=100
 PM : Pure 14         :: dE=0.52D-03, dP=0.20D-01, ThrX=0.10D-03, %Non0=100
 PM : Pure 15         :: dE=0.24D-03, dP=0.15D-01, ThrX=0.10D-03, %Non0=100
 PM : Pure 16         :: dE=0.12D-03, dP=0.12D-01, ThrX=0.10D-03, %Non0=100
 PM : Pure 17         :: dE=0.65D-04, dP=0.87D-02, ThrX=0.10D-03, %Non0=100
 PM : Pure 18         :: dE=0.31D-04, dP=0.51D-02, ThrX=0.10D-03, %Non0=100
 PM : Pure 19         :: dE=0.73D-05, dP=0.16D-02, ThrX=0.10D-03, %Non0=100
 PM : Pure 20         :: dE=0.38D-06, dP=0.12D-03, ThrX=0.10D-03, %Non0=100
 PM : Pure 21         :: dE=0.15D-08, dP=0.59D-06, ThrX=0.10D-03, %Non0=100
 PM : Pure 22         :: dE=0.17D-13, dP=0.15D-10, ThrX=0.10D-03, %Non0=100
 PM : Met dE/dP goals :: Tr{FP}=-.6125968181647370D+03, dNel = 0.57D-13
 PM                   :: 22 purification steps, 47 matrix multiplies
 PM                   :: Fractional occupation = 0.60D+00, %Non0s = 100
 PM : Max abs errors  :: dE=0.10D-10, dP=0.15D-10, [F,P]=0.28D-02
 PM                   :: Rel dE=0.17D-13, ||dP||_F=0.26D-09, ||[F,P]||_F=0.37D-01
 PM                   :: OrthoP[2] CheckSum  = 0.1341640883612866D+02
 PM                   :: P[2] CheckSum  = 0.1147699333402889D+02
 PM                   :: CPU (Sec,MFLOPS) = (0.94D+01, 191),
                         WALL(Sec,MFLOPS) = (0.94D+01, 191)
 PM                   :: Allocs=326,  DeAllocs=318, 1498120 bytes are presently allocated.
                         A max of 5244152 bytes were allocated.
>-Exiting PM 09/04/02 @ 00:04:19-<
<<Entering SCFStatus 09/04/02 @ 00:04:19>>
 
= = = = = SCFCycle #1, Basis #1, Geometry #1 = = = = =

       DIISErr = 0.39D-02
       MaxDelD = 0.13D+00
       <T>     = 0.22566154D+04
       <V>     = -.42092171D+04
       <DFT>   = -.32462474D+03
       <SCF>   = -2277.22642701

 SCFStatus            :: CPU (Sec,MFLOPS) = (0.80D-01, 8),
                         WALL(Sec,MFLOPS) = (0.80D-01, 8)
 SCFStatus            :: Allocs=16,  DeAllocs=16, 0 bytes are presently allocated.
                         A max of 2247900 bytes were allocated.
>-Exiting SCFStatus 09/04/02 @ 00:04:19-<
 DIISQ =    0.0000000000000000E+000
 DMaxQ =     19.31710336913773     
 DIISB =    0.0000000000000000E+000
 DIISA =    0.0000000000000000E+000
 DMaxA =     2.622580014572966     
 DMaxB =    0.1290823778825057     
<<Entering MakeRho 09/04/02 @ 00:04:19>>
 MakeRho : Pruned Rho :: dNel = -.20D-07, kept 22% of distributions.
 MakeRho : Moments    :: <r> = (-.90D+00, -.82D-01, 0.70D-02), <r^2> = 0.33D+03
 MakeRho              :: Rho CheckSum  = 0.3303081375872330D+04
 MakeRho              :: CPU Sec = 0.30D+02, WALL Sec = 0.30D+02
 MakeRho              :: Allocs=64,  DeAllocs=59, 728 bytes are presently allocated.
                         A max of 41955732 bytes were allocated.
>-Exiting MakeRho 09/04/02 @ 00:04:49-<
<<Entering QCTC 09/04/02 @ 00:04:49>>
 QCTC                 :: J[2] CheckSum  = 0.1861517044408031D+03
 QCTC                 :: CPU Sec = 0.16D+04, WALL Sec = 0.59D+04
 QCTC                 :: Allocs=576453,  DeAllocs=50, 97370736 bytes are presently allocated.
                         A max of 110574088 bytes were allocated.
>-Exiting QCTC 09/04/02 @ 01:43:20-<
<<Entering HiCu 09/04/02 @ 01:43:20>>
 HiCu.GridGen         :: Tau = 0.10D-01, <Rho> = 0.17995271D+03, <Exc> = -.32390892D+03, Pts/Atom = 1356
 HiCu.GridGen         :: Tau = 0.10D-02, <Rho> = 0.18003412D+03, <Exc> = -.32467414D+03, Pts/Atom = 2919
 HiCu.GridGen         :: Tau = 0.10D-03, <Rho> = 0.17999928D+03, <Exc> = -.32459635D+03, Pts/Atom = 5509
 HiCu.GridGen         :: Tau = 0.10D-04, <Rho> = 0.17999964D+03, <Exc> = -.32460200D+03, Pts/Atom = 10315
 HiCu.GridGen         :: Tau = 0.10D-05, <Rho> = 0.18000008D+03, <Exc> = -.32460346D+03, Pts/Atom = 19699
 HiCu.GridGen         :: Tau = 0.10D-06, <Rho> = 0.18000003D+03, <Exc> = -.32460372D+03, Pts/Atom = 36858
 HiCu.GridGen         :: TauRel = 0.10D-06, RhoErr = 0.17D-06, <Exc> = -.32460372D+03
 HiCu.GridGen         :: CPU Sec = 0.11D+04, WALL Sec = 0.97D+04
 HiCu.MakeKxc         :: WALL (Sec) = 0.63D+04
 HiCu                 :: Kxc[2] CheckSum  = 0.2125898969043761D+02
 HiCu                 :: WALL (Sec) = 0.16D+05
 HiCu                 :: Allocs=494386,  DeAllocs=189608, 165506640 bytes are presently allocated.
                         A max of 167013064 bytes were allocated.
>-Exiting HiCu 09/04/02 @ 06:09:05-<
<<Entering FockNGrueven 09/04/02 @ 06:09:05>>
 FockNGrueven         :: F[2] CheckSum  = 0.8473447317250798D+02
 FockNGrueven         :: OrthoF[2] CheckSum  = 0.7704722490451098D+02
 FockNGrueven         :: CPU (Sec,MFLOPS) = (0.32D+00, 172),
                         WALL(Sec,MFLOPS) = (0.33D+00, 167)
 FockNGrueven         :: Allocs=37,  DeAllocs=33, 380468 bytes are presently allocated.
                         A max of 2847168 bytes were allocated.
>-Exiting FockNGrueven 09/04/02 @ 06:09:05-<
<<Entering DIIS 09/04/02 @ 06:09:06>>
 DIIS                 :: Cond# = 0.84D+01, MIN(E) = 0.28D+00
 DIIS : Pulay C1      :: DIISCo = -.38D+00, 0.14D+01
 DIIS                 :: F_DIIS[2] CheckSum  = 0.7704438196814844D+02
 DIIS                 :: CPU (Sec,MFLOPS) = (0.62D+00, 175),
                         WALL(Sec,MFLOPS) = (0.63D+00, 172)
 DIIS                 :: Allocs=45,  DeAllocs=40, 216 bytes are presently allocated.
                         A max of 3026148 bytes were allocated.
>-Exiting DIIS 09/04/02 @ 06:09:06-<
<<Entering PM 09/04/02 @ 06:09:06>>
 PM                   :: Trix = 0.10D-03
 PM : Pure 1          :: dE=0.10D+01, dP=0.72D-01, ThrX=0.10D-03, %Non0=37
 PM : Pure 2          :: dE=0.56D-01, dP=0.66D-01, ThrX=0.10D-03, %Non0=37
 PM : Pure 3          :: dE=0.32D-01, dP=0.46D-01, ThrX=0.10D-03, %Non0=37
 PM : Pure 4          :: dE=0.11D-01, dP=0.37D-01, ThrX=0.10D-03, %Non0=37
 PM : Pure 5          :: dE=0.62D-02, dP=0.49D-01, ThrX=0.10D-03, %Non0=37
 PM : Pure 6          :: dE=0.84D-02, dP=0.69D-01, ThrX=0.10D-03, %Non0=38
 PM : Pure 7          :: dE=0.11D-01, dP=0.94D-01, ThrX=0.10D-03, %Non0=49
 PM : Pure 8          :: dE=0.13D-01, dP=0.11D+00, ThrX=0.10D-03, %Non0=55
 PM : Pure 9          :: dE=0.12D-01, dP=0.11D+00, ThrX=0.10D-03, %Non0=66
 PM : Pure 10         :: dE=0.80D-02, dP=0.81D-01, ThrX=0.10D-03, %Non0=80
 PM : Pure 11         :: dE=0.39D-02, dP=0.49D-01, ThrX=0.10D-03, %Non0=96
 PM : Pure 12         :: dE=0.19D-02, dP=0.45D-01, ThrX=0.10D-03, %Non0=100
 PM : Pure 13         :: dE=0.10D-02, dP=0.36D-01, ThrX=0.10D-03, %Non0=100
 PM : Pure 14         :: dE=0.52D-03, dP=0.24D-01, ThrX=0.10D-03, %Non0=100
 PM : Pure 15         :: dE=0.23D-03, dP=0.16D-01, ThrX=0.10D-03, %Non0=100
 PM : Pure 16         :: dE=0.95D-04, dP=0.12D-01, ThrX=0.10D-03, %Non0=100
 PM : Pure 17         :: dE=0.51D-04, dP=0.12D-01, ThrX=0.10D-03, %Non0=100
 PM : Pure 18         :: dE=0.28D-04, dP=0.11D-01, ThrX=0.10D-03, %Non0=100
 PM : Pure 19         :: dE=0.94D-05, dP=0.57D-02, ThrX=0.10D-03, %Non0=100
 PM : Pure 20         :: dE=0.11D-05, dP=0.10D-02, ThrX=0.10D-03, %Non0=100
 PM : Pure 21         :: dE=0.16D-07, dP=0.22D-04, ThrX=0.10D-03, %Non0=100
 PM : Pure 22         :: dE=0.50D-11, dP=0.90D-08, ThrX=0.10D-03, %Non0=100
 PM : Met dE/dP goals :: Tr{FP}=-.6473197388208100D+03, dNel = 0.00D+00
 PM                   :: 22 purification steps, 47 matrix multiplies
 PM                   :: Fractional occupation = 0.60D+00, %Non0s = 100
 PM : Max abs errors  :: dE=0.32D-08, dP=0.90D-08, [F,P]=0.32D-02
 PM                   :: Rel dE=0.50D-11, ||dP||_F=0.70D-07, ||[F,P]||_F=0.37D-01
 PM                   :: OrthoP[3] CheckSum  = 0.1341640883194861D+02
 PM                   :: P[3] CheckSum  = 0.1148965752564024D+02
 PM                   :: CPU (Sec,MFLOPS) = (0.93D+01, 191),
                         WALL(Sec,MFLOPS) = (0.94D+01, 191)
 PM                   :: Allocs=327,  DeAllocs=319, 1498120 bytes are presently allocated.
                         A max of 5244152 bytes were allocated.
>-Exiting PM 09/04/02 @ 06:09:16-<
<<Entering SCFStatus 09/04/02 @ 06:09:16>>
 
= = = = = SCFCycle #2, Basis #1, Geometry #1 = = = = =

       DIISErr = 0.17D-02
       MaxDelD = 0.17D+00
       <T>     = 0.22569305D+04
       <V>     = -.42103354D+04
       <DFT>   = -.32460372D+03
       <SCF>   = -2278.00863155

 SCFStatus            :: CPU (Sec,MFLOPS) = (0.70D-01, 9),
                         WALL(Sec,MFLOPS) = (0.70D-01, 9)
 SCFStatus            :: Allocs=16,  DeAllocs=16, 0 bytes are presently allocated.
                         A max of 2247900 bytes were allocated.
>-Exiting SCFStatus 09/04/02 @ 06:09:16-<
 DIISQ =     1.292649972950859     
 DMaxQ =    0.2199378410997721     
 DIISB =    1.6948306915849849E-003
 DIISA =    3.8856535392186009E-003
 DMaxA =    0.1290823778825057     
 DMaxB =    0.1654770410405406     
<<Entering MakeRho 09/04/02 @ 06:09:16>>
 MakeRho : Pruned Rho :: dNel = -.15D-07, kept 22% of distributions.
 MakeRho : Moments    :: <r> = (-.47D+01, 0.18D+00, -.28D-01), <r^2> = 0.34D+03
 MakeRho              :: Rho CheckSum  = 0.3310107891997792D+04
 MakeRho              :: CPU Sec = 0.30D+02, WALL Sec = 0.30D+02
 MakeRho              :: Allocs=64,  DeAllocs=59, 728 bytes are presently allocated.
                         A max of 41969300 bytes were allocated.
>-Exiting MakeRho 09/04/02 @ 06:09:46-<
<<Entering QCTC 09/04/02 @ 06:09:46>>
 QCTC                 :: J[3] CheckSum  = 0.1861542886428204D+03
 QCTC                 :: CPU Sec = 0.16D+04, WALL Sec = 0.59D+04
 QCTC                 :: Allocs=577373,  DeAllocs=50, 97524464 bytes are presently allocated.
                         A max of 110748008 bytes were allocated.
>-Exiting QCTC 09/04/02 @ 07:48:34-<
<<Entering HiCu 09/04/02 @ 07:48:35>>
 HiCu.GridGen         :: Tau = 0.10D-01, <Rho> = 0.17997993D+03, <Exc> = -.32424540D+03, Pts/Atom = 1379
 HiCu.GridGen         :: Tau = 0.10D-02, <Rho> = 0.18003118D+03, <Exc> = -.32491515D+03, Pts/Atom = 2921
 HiCu.GridGen         :: Tau = 0.10D-03, <Rho> = 0.17999912D+03, <Exc> = -.32484736D+03, Pts/Atom = 5497
 HiCu.GridGen         :: Tau = 0.10D-04, <Rho> = 0.17999974D+03, <Exc> = -.32485334D+03, Pts/Atom = 10304
 HiCu.GridGen         :: Tau = 0.10D-05, <Rho> = 0.18000009D+03, <Exc> = -.32485447D+03, Pts/Atom = 19719
 HiCu.GridGen         :: Tau = 0.10D-06, <Rho> = 0.18000003D+03, <Exc> = -.32485470D+03, Pts/Atom = 36894
 HiCu.GridGen         :: TauRel = 0.10D-06, RhoErr = 0.16D-06, <Exc> = -.32485470D+03
 HiCu.GridGen         :: CPU Sec = 0.11D+04, WALL Sec = 0.97D+04
 HiCu.MakeKxc         :: WALL (Sec) = 0.63D+04
 HiCu                 :: Kxc[3] CheckSum  = 0.2126176381866934D+02
 HiCu                 :: WALL (Sec) = 0.16D+05
 HiCu                 :: Allocs=494942,  DeAllocs=189794, 165672032 bytes are presently allocated.
                         A max of 167178456 bytes were allocated.
>-Exiting HiCu 09/04/02 @ 12:15:03-<
<<Entering FockNGrueven 09/04/02 @ 12:15:03>>
 FockNGrueven         :: F[3] CheckSum  = 0.8476239587675755D+02
 FockNGrueven         :: OrthoF[3] CheckSum  = 0.7705949045834034D+02
 FockNGrueven         :: CPU (Sec,MFLOPS) = (0.33D+00, 167),
                         WALL(Sec,MFLOPS) = (0.33D+00, 167)
 FockNGrueven         :: Allocs=37,  DeAllocs=33, 380468 bytes are presently allocated.
                         A max of 2850496 bytes were allocated.
>-Exiting FockNGrueven 09/04/02 @ 12:15:04-<
<<Entering DIIS 09/04/02 @ 12:15:04>>
 DIIS                 :: Cond# = 0.11D+02, MIN(E) = 0.22D+00
 DIIS : Pulay C1      :: DIISCo = -.35D+00, 0.99D+00, 0.35D+00
 DIIS                 :: F_DIIS[3] CheckSum  = 0.7703806115487656D+02
 DIIS                 :: CPU (Sec,MFLOPS) = (0.69D+00, 158),
                         WALL(Sec,MFLOPS) = (0.69D+00, 158)
 DIIS                 :: Allocs=49,  DeAllocs=44, 272 bytes are presently allocated.
                         A max of 3026148 bytes were allocated.
>-Exiting DIIS 09/04/02 @ 12:15:04-<
<<Entering PM 09/04/02 @ 12:15:04>>
 PM                   :: Trix = 0.10D-03
 PM : Pure 1          :: dE=0.10D+01, dP=0.72D-01, ThrX=0.10D-03, %Non0=37
 PM : Pure 2          :: dE=0.56D-01, dP=0.66D-01, ThrX=0.10D-03, %Non0=37
 PM : Pure 3          :: dE=0.32D-01, dP=0.46D-01, ThrX=0.10D-03, %Non0=37
 PM : Pure 4          :: dE=0.11D-01, dP=0.37D-01, ThrX=0.10D-03, %Non0=37
 PM : Pure 5          :: dE=0.62D-02, dP=0.49D-01, ThrX=0.10D-03, %Non0=37
 PM : Pure 6          :: dE=0.84D-02, dP=0.70D-01, ThrX=0.10D-03, %Non0=38
 PM : Pure 7          :: dE=0.11D-01, dP=0.93D-01, ThrX=0.10D-03, %Non0=49
 PM : Pure 8          :: dE=0.13D-01, dP=0.11D+00, ThrX=0.10D-03, %Non0=55
 PM : Pure 9          :: dE=0.12D-01, dP=0.10D+00, ThrX=0.10D-03, %Non0=66
 PM : Pure 10         :: dE=0.80D-02, dP=0.73D-01, ThrX=0.10D-03, %Non0=80
 PM : Pure 11         :: dE=0.39D-02, dP=0.46D-01, ThrX=0.10D-03, %Non0=96
 PM : Pure 12         :: dE=0.19D-02, dP=0.41D-01, ThrX=0.10D-03, %Non0=100
 PM : Pure 13         :: dE=0.11D-02, dP=0.32D-01, ThrX=0.10D-03, %Non0=100
 PM : Pure 14         :: dE=0.51D-03, dP=0.22D-01, ThrX=0.10D-03, %Non0=100
 PM : Pure 15         :: dE=0.22D-03, dP=0.16D-01, ThrX=0.10D-03, %Non0=100
 PM : Pure 16         :: dE=0.10D-03, dP=0.12D-01, ThrX=0.10D-03, %Non0=100
 PM : Pure 17         :: dE=0.55D-04, dP=0.83D-02, ThrX=0.10D-03, %Non0=100
 PM : Pure 18         :: dE=0.25D-04, dP=0.44D-02, ThrX=0.10D-03, %Non0=100
 PM : Pure 19         :: dE=0.49D-05, dP=0.98D-03, ThrX=0.10D-03, %Non0=100
 PM : Pure 20         :: dE=0.18D-06, dP=0.43D-04, ThrX=0.10D-03, %Non0=100
 PM : Pure 21         :: dE=0.26D-09, dP=0.81D-07, ThrX=0.10D-03, %Non0=100
 PM : Pure 22         :: dE=0.53D-15, dP=0.32D-12, ThrX=0.10D-03, %Non0=100
 PM : Met dE/dP goals :: Tr{FP}=-.6473429699739190D+03, dNel = 0.57D-13
 PM                   :: 22 purification steps, 47 matrix multiplies
 PM                   :: Fractional occupation = 0.60D+00, %Non0s = 100
 PM : Max abs errors  :: dE=0.34D-12, dP=0.32D-12, [F,P]=0.32D-02
 PM                   :: Rel dE=0.53D-15, ||dP||_F=0.52D-11, ||[F,P]||_F=0.37D-01
 PM                   :: OrthoP[4] CheckSum  = 0.1341640831929156D+02
 PM                   :: P[4] CheckSum  = 0.1148112547233054D+02
 PM                   :: CPU (Sec,MFLOPS) = (0.93D+01, 191),
                         WALL(Sec,MFLOPS) = (0.93D+01, 191)
 PM                   :: Allocs=326,  DeAllocs=318, 1498120 bytes are presently allocated.
                         A max of 5244152 bytes were allocated.
>-Exiting PM 09/04/02 @ 12:15:14-<
<<Entering SCFStatus 09/04/02 @ 12:15:14>>
 
= = = = = SCFCycle #3, Basis #1, Geometry #1 = = = = =

       DIISErr = 0.23D-02
       MaxDelD = 0.16D+00
       <T>     = 0.22604148D+04
       <V>     = -.42132935D+04
       <DFT>   = -.32485470D+03
       <SCF>   = -2277.73341102

 SCFStatus            :: CPU (Sec,MFLOPS) = (0.70D-01, 9),
                         WALL(Sec,MFLOPS) = (0.70D-01, 9)
 SCFStatus            :: Allocs=16,  DeAllocs=16, 0 bytes are presently allocated.
                         A max of 2247900 bytes were allocated.
>-Exiting SCFStatus 09/04/02 @ 12:15:14-<
 DIISQ =    0.2786961288133736     
 DMaxQ =    6.6410493559333981E-002
 DIISB =    2.3496764114086850E-003
 DIISA =    1.6948306915849849E-003
 DMaxA =    0.1654770410405406     
 DMaxB =    0.1551719924362631     
<<Entering MakeRho 09/04/02 @ 12:15:14>>
 MakeRho : Pruned Rho :: dNel = -.19D-07, kept 22% of distributions.
 MakeRho : Moments    :: <r> = (0.13D+01, -.81D-01, -.26D-01), <r^2> = 0.34D+03
 MakeRho              :: Rho CheckSum  = 0.3309747918941258D+04
 MakeRho              :: CPU Sec = 0.30D+02, WALL Sec = 0.30D+02
 MakeRho              :: Allocs=64,  DeAllocs=59, 728 bytes are presently allocated.
                         A max of 41944220 bytes were allocated.
>-Exiting MakeRho 09/04/02 @ 12:15:44-<
<<Entering QCTC 09/04/02 @ 12:15:44>>
 QCTC                 :: J[4] CheckSum  = 0.1861313164153650D+03
 QCTC                 :: CPU Sec = 0.16D+04, WALL Sec = 0.59D+04
 QCTC                 :: Allocs=575648,  DeAllocs=50, 97236944 bytes are presently allocated.
                         A max of 110422988 bytes were allocated.
>-Exiting QCTC 09/04/02 @ 13:54:10-<
<<Entering HiCu 09/04/02 @ 13:54:10>>
 HiCu.GridGen         :: Tau = 0.10D-01, <Rho> = 0.17994202D+03, <Exc> = -.32409527D+03, Pts/Atom = 1355
 HiCu.GridGen         :: Tau = 0.10D-02, <Rho> = 0.18003024D+03, <Exc> = -.32489017D+03, Pts/Atom = 2893
 HiCu.GridGen         :: Tau = 0.10D-03, <Rho> = 0.17999837D+03, <Exc> = -.32481025D+03, Pts/Atom = 5517
 HiCu.GridGen         :: Tau = 0.10D-04, <Rho> = 0.17999956D+03, <Exc> = -.32481839D+03, Pts/Atom = 10297
 HiCu.GridGen         :: Tau = 0.10D-05, <Rho> = 0.18000008D+03, <Exc> = -.32481998D+03, Pts/Atom = 19737
 HiCu.GridGen         :: Tau = 0.10D-06, <Rho> = 0.18000003D+03, <Exc> = -.32482025D+03, Pts/Atom = 36920
 HiCu.GridGen         :: TauRel = 0.10D-06, RhoErr = 0.14D-06, <Exc> = -.32482025D+03
 HiCu.GridGen         :: CPU Sec = 0.11D+04, WALL Sec = 0.97D+04
 HiCu.MakeKxc         :: WALL (Sec) = 0.63D+04
 HiCu                 :: Kxc[4] CheckSum  = 0.2126219077676327D+02
 HiCu                 :: WALL (Sec) = 0.16D+05
 HiCu                 :: Allocs=494867,  DeAllocs=189929, 165768632 bytes are presently allocated.
                         A max of 167275056 bytes were allocated.
>-Exiting HiCu 09/04/02 @ 18:19:36-<
<<Entering FockNGrueven 09/04/02 @ 18:19:36>>
 FockNGrueven         :: F[4] CheckSum  = 0.8472151799523836D+02
 FockNGrueven         :: OrthoF[4] CheckSum  = 0.7702847222260229D+02
 FockNGrueven         :: CPU (Sec,MFLOPS) = (0.34D+00, 162),
                         WALL(Sec,MFLOPS) = (0.34D+00, 162)
 FockNGrueven         :: Allocs=37,  DeAllocs=33, 380468 bytes are presently allocated.
                         A max of 2847168 bytes were allocated.
>-Exiting FockNGrueven 09/04/02 @ 18:19:36-<
<<Entering DIIS 09/04/02 @ 18:19:36>>
 DIIS                 :: Cond# = 0.76D+02, MIN(E) = 0.34D-01
 DIIS : Pulay C1      :: DIISCo = -.89D-01, 0.17D+00, 0.25D+00, 0.67D+00
 DIIS                 :: F_DIIS[4] CheckSum  = 0.7702860631846558D+02
 DIIS                 :: CPU (Sec,MFLOPS) = (0.76D+00, 145),
                         WALL(Sec,MFLOPS) = (0.77D+00, 143)
 DIIS                 :: Allocs=54,  DeAllocs=49, 344 bytes are presently allocated.
                         A max of 3026148 bytes were allocated.
>-Exiting DIIS 09/04/02 @ 18:19:37-<
<<Entering PM 09/04/02 @ 18:19:37>>
 PM                   :: Trix = 0.10D-03
 PM : Pure 1          :: dE=0.10D+01, dP=0.72D-01, ThrX=0.10D-03, %Non0=37
 PM : Pure 2          :: dE=0.56D-01, dP=0.65D-01, ThrX=0.10D-03, %Non0=37
 PM : Pure 3          :: dE=0.32D-01, dP=0.46D-01, ThrX=0.10D-03, %Non0=37
 PM : Pure 4          :: dE=0.11D-01, dP=0.36D-01, ThrX=0.10D-03, %Non0=37
 PM : Pure 5          :: dE=0.62D-02, dP=0.48D-01, ThrX=0.10D-03, %Non0=37
 PM : Pure 6          :: dE=0.84D-02, dP=0.68D-01, ThrX=0.10D-03, %Non0=38
 PM : Pure 7          :: dE=0.11D-01, dP=0.92D-01, ThrX=0.10D-03, %Non0=49
 PM : Pure 8          :: dE=0.13D-01, dP=0.11D+00, ThrX=0.10D-03, %Non0=55
 PM : Pure 9          :: dE=0.12D-01, dP=0.11D+00, ThrX=0.10D-03, %Non0=66
 PM : Pure 10         :: dE=0.80D-02, dP=0.73D-01, ThrX=0.10D-03, %Non0=80
 PM : Pure 11         :: dE=0.39D-02, dP=0.46D-01, ThrX=0.10D-03, %Non0=96
 PM : Pure 12         :: dE=0.19D-02, dP=0.41D-01, ThrX=0.10D-03, %Non0=100
 PM : Pure 13         :: dE=0.11D-02, dP=0.32D-01, ThrX=0.10D-03, %Non0=100
 PM : Pure 14         :: dE=0.51D-03, dP=0.21D-01, ThrX=0.10D-03, %Non0=100
 PM : Pure 15         :: dE=0.22D-03, dP=0.16D-01, ThrX=0.10D-03, %Non0=100
 PM : Pure 16         :: dE=0.10D-03, dP=0.12D-01, ThrX=0.10D-03, %Non0=100
 PM : Pure 17         :: dE=0.55D-04, dP=0.80D-02, ThrX=0.10D-03, %Non0=100
 PM : Pure 18         :: dE=0.24D-04, dP=0.41D-02, ThrX=0.10D-03, %Non0=100
 PM : Pure 19         :: dE=0.46D-05, dP=0.88D-03, ThrX=0.10D-03, %Non0=100
 PM : Pure 20         :: dE=0.15D-06, dP=0.35D-04, ThrX=0.10D-03, %Non0=100
 PM : Pure 21         :: dE=0.17D-09, dP=0.52D-07, ThrX=0.10D-03, %Non0=100
 PM : Pure 22         :: dE=0.18D-15, dP=0.11D-12, ThrX=0.10D-03, %Non0=100
 PM : Hit dE increase :: Tr{FP}=-.6473574965590758D+03, dNel = 0.00D+00
 PM                   :: 22 purification steps, 47 matrix multiplies
 PM                   :: Fractional occupation = 0.60D+00, %Non0s = 100
 PM : Max abs errors  :: dE=0.11D-12, dP=0.11D-12, [F,P]=0.32D-02
 PM                   :: Rel dE=0.18D-15, ||dP||_F=0.20D-11, ||[F,P]||_F=0.37D-01
 PM                   :: OrthoP[5] CheckSum  = 0.1341640831149533D+02
 PM                   :: P[5] CheckSum  = 0.1148034558399007D+02
 PM                   :: CPU (Sec,MFLOPS) = (0.93D+01, 191),
                         WALL(Sec,MFLOPS) = (0.94D+01, 190)
 PM                   :: Allocs=327,  DeAllocs=319, 1498120 bytes are presently allocated.
                         A max of 5244152 bytes were allocated.
>-Exiting PM 09/04/02 @ 18:19:46-<
<<Entering SCFStatus 09/04/02 @ 18:19:46>>
 
= = = = = SCFCycle #4, Basis #1, Geometry #1 = = = = =

       DIISErr = 0.76D-03
       MaxDelD = 0.55D-01
       <T>     = 0.22601970D+04
       <V>     = -.42134546D+04
       <DFT>   = -.32482025D+03
       <SCF>   = -2278.07787359

 SCFStatus            :: CPU (Sec,MFLOPS) = (0.70D-01, 9),
                         WALL(Sec,MFLOPS) = (0.70D-01, 9)
 SCFStatus            :: Allocs=16,  DeAllocs=16, 0 bytes are presently allocated.
                         A max of 2247900 bytes were allocated.
>-Exiting SCFStatus 09/04/02 @ 18:19:46-<
 DIISQ =     2.094351249107091     
 DMaxQ =     1.837733975140165     
 DIISB =    7.5934379204258429E-004
 DIISA =    2.3496764114086850E-003
 DMaxA =    0.1551719924362631     
 DMaxB =    5.4681655784382910E-002
<<Entering MakeRho 09/04/02 @ 18:19:47>>
 MakeRho : Pruned Rho :: dNel = -.20D-07, kept 22% of distributions.
 MakeRho : Moments    :: <r> = (-.35D+00, 0.41D-01, 0.61D-01), <r^2> = 0.33D+03
 MakeRho              :: Rho CheckSum  = 0.3309609298665700D+04
 MakeRho              :: CPU Sec = 0.30D+02, WALL Sec = 0.30D+02
 MakeRho              :: Allocs=64,  DeAllocs=59, 728 bytes are presently allocated.
                         A max of 41948364 bytes were allocated.
>-Exiting MakeRho 09/04/02 @ 18:20:17-<
<<Entering QCTC 09/04/02 @ 18:20:17>>
 QCTC                 :: J[5] CheckSum  = 0.1861229717411327D+03
 QCTC                 :: CPU Sec = 0.16D+04, WALL Sec = 0.59D+04
 QCTC                 :: Allocs=575808,  DeAllocs=50, 97267248 bytes are presently allocated.
                         A max of 110458588 bytes were allocated.
>-Exiting QCTC 09/04/02 @ 19:58:34-<
<<Entering HiCu 09/04/02 @ 19:58:35>>
 HiCu.GridGen         :: Tau = 0.10D-01, <Rho> = 0.17992919D+03, <Exc> = -.32404854D+03, Pts/Atom = 1353
 HiCu.GridGen         :: Tau = 0.10D-02, <Rho> = 0.18003051D+03, <Exc> = -.32488480D+03, Pts/Atom = 2894
 HiCu.GridGen         :: Tau = 0.10D-03, <Rho> = 0.17999835D+03, <Exc> = -.32480653D+03, Pts/Atom = 5521
 HiCu.GridGen         :: Tau = 0.10D-04, <Rho> = 0.17999953D+03, <Exc> = -.32481504D+03, Pts/Atom = 10309
 HiCu.GridGen         :: Tau = 0.10D-05, <Rho> = 0.18000008D+03, <Exc> = -.32481660D+03, Pts/Atom = 19727
 HiCu.GridGen         :: Tau = 0.10D-06, <Rho> = 0.18000002D+03, <Exc> = -.32481688D+03, Pts/Atom = 36936
 HiCu.GridGen         :: TauRel = 0.10D-06, RhoErr = 0.14D-06, <Exc> = -.32481688D+03
 HiCu.GridGen         :: CPU Sec = 0.11D+04, WALL Sec = 0.97D+04
 HiCu.MakeKxc         :: WALL (Sec) = 0.63D+04
 HiCu                 :: Kxc[5] CheckSum  = 0.2126227651859859D+02
 HiCu                 :: WALL (Sec) = 0.16D+05
 HiCu                 :: Allocs=495055,  DeAllocs=190007, 165837528 bytes are presently allocated.
                         A max of 167343952 bytes were allocated.
>-Exiting HiCu 09/05/02 @ 00:24:40-<
<<Entering FockNGrueven 09/05/02 @ 00:24:40>>
 FockNGrueven         :: F[5] CheckSum  = 0.8471093859430417D+02
 FockNGrueven         :: OrthoF[5] CheckSum  = 0.7702113841196534D+02
 FockNGrueven         :: CPU (Sec,MFLOPS) = (0.33D+00, 167),
                         WALL(Sec,MFLOPS) = (0.33D+00, 167)
 FockNGrueven         :: Allocs=37,  DeAllocs=33, 380468 bytes are presently allocated.
                         A max of 2847168 bytes were allocated.
>-Exiting FockNGrueven 09/05/02 @ 00:24:40-<
<<Entering DIIS 09/05/02 @ 00:24:41>>
 DIIS                 :: Cond# = 0.16D+03, MIN(E) = 0.17D-01
 DIIS : Pulay C1      :: DIISCo = -.43D-01, 0.66D-01, 0.16D+00,
                                  0.48D+00, 0.34D+00
 DIIS                 :: F_DIIS[5] CheckSum  = 0.7702534259036717D+02
 DIIS                 :: CPU (Sec,MFLOPS) = (0.86D+00, 129),
                         WALL(Sec,MFLOPS) = (0.86D+00, 129)
 DIIS                 :: Allocs=60,  DeAllocs=55, 432 bytes are presently allocated.
                         A max of 3026148 bytes were allocated.
>-Exiting DIIS 09/05/02 @ 00:24:41-<
<<Entering PM 09/05/02 @ 00:24:41>>
 PM                   :: Trix = 0.10D-03
 PM : Pure 1          :: dE=0.10D+01, dP=0.72D-01, ThrX=0.10D-03, %Non0=37
 PM : Pure 2          :: dE=0.56D-01, dP=0.65D-01, ThrX=0.10D-03, %Non0=37
 PM : Pure 3          :: dE=0.32D-01, dP=0.46D-01, ThrX=0.10D-03, %Non0=37
 PM : Pure 4          :: dE=0.11D-01, dP=0.36D-01, ThrX=0.10D-03, %Non0=37
 PM : Pure 5          :: dE=0.62D-02, dP=0.48D-01, ThrX=0.10D-03, %Non0=37
 PM : Pure 6          :: dE=0.84D-02, dP=0.69D-01, ThrX=0.10D-03, %Non0=38
 PM : Pure 7          :: dE=0.11D-01, dP=0.93D-01, ThrX=0.10D-03, %Non0=49
 PM : Pure 8          :: dE=0.13D-01, dP=0.11D+00, ThrX=0.10D-03, %Non0=55
 PM : Pure 9          :: dE=0.12D-01, dP=0.11D+00, ThrX=0.10D-03, %Non0=66
 PM : Pure 10         :: dE=0.80D-02, dP=0.72D-01, ThrX=0.10D-03, %Non0=80
 PM : Pure 11         :: dE=0.39D-02, dP=0.46D-01, ThrX=0.10D-03, %Non0=96
 PM : Pure 12         :: dE=0.19D-02, dP=0.41D-01, ThrX=0.10D-03, %Non0=100
 PM : Pure 13         :: dE=0.11D-02, dP=0.31D-01, ThrX=0.10D-03, %Non0=100
 PM : Pure 14         :: dE=0.51D-03, dP=0.21D-01, ThrX=0.10D-03, %Non0=100
 PM : Pure 15         :: dE=0.22D-03, dP=0.16D-01, ThrX=0.10D-03, %Non0=100
 PM : Pure 16         :: dE=0.10D-03, dP=0.12D-01, ThrX=0.10D-03, %Non0=100
 PM : Pure 17         :: dE=0.55D-04, dP=0.76D-02, ThrX=0.10D-03, %Non0=100
 PM : Pure 18         :: dE=0.24D-04, dP=0.40D-02, ThrX=0.10D-03, %Non0=100
 PM : Pure 19         :: dE=0.45D-05, dP=0.83D-03, ThrX=0.10D-03, %Non0=100
 PM : Pure 20         :: dE=0.14D-06, dP=0.29D-04, ThrX=0.10D-03, %Non0=100
 PM : Pure 21         :: dE=0.15D-09, dP=0.36D-07, ThrX=0.10D-03, %Non0=100
 PM : Pure 22         :: dE=0.18D-15, dP=0.50D-13, ThrX=0.10D-03, %Non0=100
 PM : Hit dE increase :: Tr{FP}=-.6473034351670968D+03, dNel = 0.11D-12
 PM                   :: 22 purification steps, 47 matrix multiplies
 PM                   :: Fractional occupation = 0.60D+00, %Non0s = 100
 PM : Max abs errors  :: dE=0.11D-12, dP=0.50D-13, [F,P]=0.32D-02
 PM                   :: Rel dE=0.18D-15, ||dP||_F=0.97D-12, ||[F,P]||_F=0.37D-01
 PM                   :: OrthoP[6] CheckSum  = 0.1341640812928717D+02
 PM                   :: P[6] CheckSum  = 0.1148003225422030D+02
 PM                   :: CPU (Sec,MFLOPS) = (0.93D+01, 191),
                         WALL(Sec,MFLOPS) = (0.94D+01, 191)
 PM                   :: Allocs=327,  DeAllocs=319, 1498120 bytes are presently allocated.
                         A max of 5244152 bytes were allocated.
>-Exiting PM 09/05/02 @ 00:24:51-<
<<Entering SCFStatus 09/05/02 @ 00:24:51>>
 
= = = = = SCFCycle #5, Basis #1, Geometry #1 = = = = =

       DIISErr = 0.40D-03
       MaxDelD = 0.25D-01
       <T>     = 0.22601520D+04
       <V>     = -.42134410D+04
       <DFT>   = -.32481688D+03
       <SCF>   = -2278.10585149

 SCFStatus            :: CPU (Sec,MFLOPS) = (0.70D-01, 9),
                         WALL(Sec,MFLOPS) = (0.70D-01, 9)
 SCFStatus            :: Allocs=16,  DeAllocs=16, 0 bytes are presently allocated.
                         A max of 2247900 bytes were allocated.
>-Exiting SCFStatus 09/05/02 @ 00:24:51-<
 DIISQ =    0.9122211712960372     
 DMaxQ =     1.222261066840675     
 DIISB =    3.9710040001697466E-004
 DIISA =    7.5934379204258429E-004
 DMaxA =    5.4681655784382910E-002
 DMaxB =    2.4606314982659647E-002
<<Entering MakeRho 09/05/02 @ 00:24:51>>
 MakeRho : Pruned Rho :: dNel = -.19D-07, kept 22% of distributions.
 MakeRho : Moments    :: <r> = (0.51D-02, -.24D-01, -.85D-02), <r^2> = 0.33D+03
 MakeRho              :: Rho CheckSum  = 0.3309589771304099D+04
 MakeRho              :: CPU Sec = 0.30D+02, WALL Sec = 0.30D+02
 MakeRho              :: Allocs=64,  DeAllocs=59, 728 bytes are presently allocated.
                         A max of 41958868 bytes were allocated.
>-Exiting MakeRho 09/05/02 @ 00:25:21-<
<<Entering QCTC 09/05/02 @ 00:25:21>>
 QCTC                 :: J[6] CheckSum  = 0.1861242118623694D+03
 QCTC                 :: CPU Sec = 0.16D+04, WALL Sec = 0.59D+04
 QCTC                 :: Allocs=576343,  DeAllocs=50, 97361872 bytes are presently allocated.
                         A max of 110567568 bytes were allocated.
>-Exiting QCTC 09/05/02 @ 02:03:55-<
<<Entering HiCu 09/05/02 @ 02:03:56>>
 HiCu.GridGen         :: Tau = 0.10D-01, <Rho> = 0.17991826D+03, <Exc> = -.32399416D+03, Pts/Atom = 1353
 HiCu.GridGen         :: Tau = 0.10D-02, <Rho> = 0.18003160D+03, <Exc> = -.32489161D+03, Pts/Atom = 2895
 HiCu.GridGen         :: Tau = 0.10D-03, <Rho> = 0.17999847D+03, <Exc> = -.32480527D+03, Pts/Atom = 5514
 HiCu.GridGen         :: Tau = 0.10D-04, <Rho> = 0.17999952D+03, <Exc> = -.32481343D+03, Pts/Atom = 10311
 HiCu.GridGen         :: Tau = 0.10D-05, <Rho> = 0.18000008D+03, <Exc> = -.32481499D+03, Pts/Atom = 19724
 HiCu.GridGen         :: Tau = 0.10D-06, <Rho> = 0.18000002D+03, <Exc> = -.32481528D+03, Pts/Atom = 36968
 HiCu.GridGen         :: TauRel = 0.10D-06, RhoErr = 0.13D-06, <Exc> = -.32481528D+03
 HiCu.GridGen         :: CPU Sec = 0.11D+04, WALL Sec = 0.97D+04
 HiCu.MakeKxc         :: WALL (Sec) = 0.63D+04
 HiCu                 :: Kxc[6] CheckSum  = 0.2126226576063001D+02
 HiCu                 :: WALL (Sec) = 0.16D+05
 HiCu                 :: Allocs=495498,  DeAllocs=190175, 165986584 bytes are presently allocated.
                         A max of 167493008 bytes were allocated.
>-Exiting HiCu 09/05/02 @ 06:29:35-<
<<Entering FockNGrueven 09/05/02 @ 06:29:36>>
 FockNGrueven         :: F[6] CheckSum  = 0.8471209232911342D+02
 FockNGrueven         :: OrthoF[6] CheckSum  = 0.7702187176035936D+02
 FockNGrueven         :: CPU (Sec,MFLOPS) = (0.33D+00, 167),
                         WALL(Sec,MFLOPS) = (0.33D+00, 167)
 FockNGrueven         :: Allocs=37,  DeAllocs=33, 380468 bytes are presently allocated.
                         A max of 2847168 bytes were allocated.
>-Exiting FockNGrueven 09/05/02 @ 06:29:36-<
<<Entering DIIS 09/05/02 @ 06:29:36>>
 DIIS                 :: Cond# = 0.20D+04, MIN(E) = 0.14D-02
 DIIS : Pulay C1      :: DIISCo = -.23D-01, 0.34D-01, 0.83D-01,
                                  0.27D+00, 0.24D+00, 0.40D+00
 DIIS                 :: F_DIIS[6] CheckSum  = 0.7702366901860916D+02
 DIIS                 :: CPU (Sec,MFLOPS) = (0.95D+00, 118),
                         WALL(Sec,MFLOPS) = (0.95D+00, 118)
 DIIS                 :: Allocs=67,  DeAllocs=62, 536 bytes are presently allocated.
                         A max of 3026148 bytes were allocated.
>-Exiting DIIS 09/05/02 @ 06:29:37-<
<<Entering PM 09/05/02 @ 06:29:37>>
 PM                   :: Trix = 0.10D-03
 PM : Pure 1          :: dE=0.10D+01, dP=0.72D-01, ThrX=0.10D-03, %Non0=37
 PM : Pure 2          :: dE=0.56D-01, dP=0.65D-01, ThrX=0.10D-03, %Non0=37
 PM : Pure 3          :: dE=0.32D-01, dP=0.46D-01, ThrX=0.10D-03, %Non0=37
 PM : Pure 4          :: dE=0.11D-01, dP=0.36D-01, ThrX=0.10D-03, %Non0=37
 PM : Pure 5          :: dE=0.62D-02, dP=0.48D-01, ThrX=0.10D-03, %Non0=37
 PM : Pure 6          :: dE=0.84D-02, dP=0.69D-01, ThrX=0.10D-03, %Non0=38
 PM : Pure 7          :: dE=0.11D-01, dP=0.93D-01, ThrX=0.10D-03, %Non0=49
 PM : Pure 8          :: dE=0.13D-01, dP=0.11D+00, ThrX=0.10D-03, %Non0=55
 PM : Pure 9          :: dE=0.12D-01, dP=0.11D+00, ThrX=0.10D-03, %Non0=66
 PM : Pure 10         :: dE=0.80D-02, dP=0.72D-01, ThrX=0.10D-03, %Non0=80
 PM : Pure 11         :: dE=0.39D-02, dP=0.46D-01, ThrX=0.10D-03, %Non0=96
 PM : Pure 12         :: dE=0.19D-02, dP=0.41D-01, ThrX=0.10D-03, %Non0=100
 PM : Pure 13         :: dE=0.11D-02, dP=0.32D-01, ThrX=0.10D-03, %Non0=100
 PM : Pure 14         :: dE=0.51D-03, dP=0.21D-01, ThrX=0.10D-03, %Non0=100
 PM : Pure 15         :: dE=0.22D-03, dP=0.16D-01, ThrX=0.10D-03, %Non0=100
 PM : Pure 16         :: dE=0.10D-03, dP=0.12D-01, ThrX=0.10D-03, %Non0=100
 PM : Pure 17         :: dE=0.55D-04, dP=0.77D-02, ThrX=0.10D-03, %Non0=100
 PM : Pure 18         :: dE=0.24D-04, dP=0.39D-02, ThrX=0.10D-03, %Non0=100
 PM : Pure 19         :: dE=0.45D-05, dP=0.82D-03, ThrX=0.10D-03, %Non0=100
 PM : Pure 20         :: dE=0.14D-06, dP=0.28D-04, ThrX=0.10D-03, %Non0=100
 PM : Pure 21         :: dE=0.14D-09, dP=0.30D-07, ThrX=0.10D-03, %Non0=100
 PM : Pure 22         :: dE=0.35D-15, dP=0.31D-13, ThrX=0.10D-03, %Non0=100
 PM : Met dE/dP goals :: Tr{FP}=-.6472654317722717D+03, dNel = 0.57D-13
 PM                   :: 22 purification steps, 47 matrix multiplies
 PM                   :: Fractional occupation = 0.60D+00, %Non0s = 100
 PM : Max abs errors  :: dE=0.23D-12, dP=0.31D-13, [F,P]=0.32D-02
 PM                   :: Rel dE=0.35D-15, ||dP||_F=0.73D-12, ||[F,P]||_F=0.37D-01
 PM                   :: OrthoP[7] CheckSum  = 0.1341640813897806D+02
 PM                   :: P[7] CheckSum  = 0.1147998312269055D+02
 PM                   :: CPU (Sec,MFLOPS) = (0.93D+01, 191),
                         WALL(Sec,MFLOPS) = (0.93D+01, 191)
 PM                   :: Allocs=326,  DeAllocs=318, 1498120 bytes are presently allocated.
                         A max of 5244152 bytes were allocated.
>-Exiting PM 09/05/02 @ 06:29:46-<
<<Entering SCFStatus 09/05/02 @ 06:29:46>>
 
= = = = = SCFCycle #6, Basis #1, Geometry #1 = = = = =

       DIISErr = 0.16D-03
       MaxDelD = 0.77D-02
       <T>     = 0.22601415D+04
       <V>     = -.42134406D+04
       <DFT>   = -.32481528D+03
       <SCF>   = -2278.11442289

 SCFStatus            :: CPU (Sec,MFLOPS) = (0.70D-01, 9),
                         WALL(Sec,MFLOPS) = (0.70D-01, 9)
 SCFStatus            :: Allocs=16,  DeAllocs=16, 0 bytes are presently allocated.
                         A max of 2247900 bytes were allocated.
>-Exiting SCFStatus 09/05/02 @ 06:29:47-<
 DIISQ =     1.425121613732856     
 DMaxQ =     2.203495587268429     
 DIISB =    1.6374453048799475E-004
 DIISA =    3.9710040001697466E-004
 DMaxA =    2.4606314982659647E-002
 DMaxB =    7.6810828397741204E-003
<<Entering MakeRho 09/05/02 @ 06:29:47>>
 MakeRho : Pruned Rho :: dNel = -.19D-07, kept 22% of distributions.
 MakeRho : Moments    :: <r> = (0.44D-03, 0.34D-02, 0.54D-02), <r^2> = 0.34D+03
 MakeRho              :: Rho CheckSum  = 0.3309593440180423D+04
 MakeRho              :: CPU Sec = 0.30D+02, WALL Sec = 0.30D+02
 MakeRho              :: Allocs=64,  DeAllocs=59, 728 bytes are presently allocated.
                         A max of 41960020 bytes were allocated.
>-Exiting MakeRho 09/05/02 @ 06:30:17-<
<<Entering QCTC 09/05/02 @ 06:30:17>>
 QCTC                 :: J[7] CheckSum  = 0.1861257224994930D+03
 QCTC                 :: CPU Sec = 0.16D+04, WALL Sec = 0.59D+04
 QCTC                 :: Allocs=576433,  DeAllocs=50, 97376560 bytes are presently allocated.
                         A max of 110584056 bytes were allocated.
>-Exiting QCTC 09/05/02 @ 08:08:43-<
<<Entering HiCu 09/05/02 @ 08:08:43>>
 HiCu.GridGen         :: Tau = 0.10D-01, <Rho> = 0.17992382D+03, <Exc> = -.32403687D+03, Pts/Atom = 1354
 HiCu.GridGen         :: Tau = 0.10D-02, <Rho> = 0.18003709D+03, <Exc> = -.32489129D+03, Pts/Atom = 2899
 HiCu.GridGen         :: Tau = 0.10D-03, <Rho> = 0.17999903D+03, <Exc> = -.32480608D+03, Pts/Atom = 5516
 HiCu.GridGen         :: Tau = 0.10D-04, <Rho> = 0.17999959D+03, <Exc> = -.32481299D+03, Pts/Atom = 10312
 HiCu.GridGen         :: Tau = 0.10D-05, <Rho> = 0.18000008D+03, <Exc> = -.32481448D+03, Pts/Atom = 19726
 HiCu.GridGen         :: Tau = 0.10D-06, <Rho> = 0.18000002D+03, <Exc> = -.32481478D+03, Pts/Atom = 36950
 HiCu.GridGen         :: TauRel = 0.10D-06, RhoErr = 0.13D-06, <Exc> = -.32481478D+03
 HiCu.GridGen         :: CPU Sec = 0.11D+04, WALL Sec = 0.97D+04
 HiCu.MakeKxc         :: WALL (Sec) = 0.63D+04
 HiCu                 :: Kxc[7] CheckSum  = 0.2126224868853024D+02
 HiCu                 :: WALL (Sec) = 0.16D+05
 HiCu                 :: Allocs=495324,  DeAllocs=190079, 165906664 bytes are presently allocated.
                         A max of 167413088 bytes were allocated.
>-Exiting HiCu 09/05/02 @ 12:34:56-<
<<Entering FockNGrueven 09/05/02 @ 12:34:56>>
 FockNGrueven         :: F[7] CheckSum  = 0.8471377711139564D+02
 FockNGrueven         :: OrthoF[7] CheckSum  = 0.7702301159649713D+02
 FockNGrueven         :: CPU (Sec,MFLOPS) = (0.34D+00, 162),
                         WALL(Sec,MFLOPS) = (0.34D+00, 162)
 FockNGrueven         :: Allocs=37,  DeAllocs=33, 380468 bytes are presently allocated.
                         A max of 2847168 bytes were allocated.
>-Exiting FockNGrueven 09/05/02 @ 12:34:56-<
<<Entering DIIS 09/05/02 @ 12:34:56>>
 DIIS                 :: Cond# = 0.10D+05, MIN(E) = 0.30D-03
 DIIS : Pulay C1      :: DIISCo = -.27D-02, 0.69D-02, 0.10D-01,
                                  0.37D-01, 0.64D-01, 0.33D+00, 0.55D+00
 DIIS                 :: F_DIIS[7] CheckSum  = 0.7702274340278873D+02
 DIIS                 :: CPU (Sec,MFLOPS) = (0.11D+01, 106),
                         WALL(Sec,MFLOPS) = (0.11D+01, 106)
 DIIS                 :: Allocs=75,  DeAllocs=70, 656 bytes are presently allocated.
                         A max of 3026148 bytes were allocated.
>-Exiting DIIS 09/05/02 @ 12:34:57-<
<<Entering PM 09/05/02 @ 12:34:57>>
 PM                   :: Trix = 0.10D-03
 PM : Pure 1          :: dE=0.10D+01, dP=0.72D-01, ThrX=0.10D-03, %Non0=37
 PM : Pure 2          :: dE=0.56D-01, dP=0.65D-01, ThrX=0.10D-03, %Non0=37
 PM : Pure 3          :: dE=0.32D-01, dP=0.46D-01, ThrX=0.10D-03, %Non0=37
 PM : Pure 4          :: dE=0.11D-01, dP=0.36D-01, ThrX=0.10D-03, %Non0=37
 PM : Pure 5          :: dE=0.62D-02, dP=0.48D-01, ThrX=0.10D-03, %Non0=37
 PM : Pure 6          :: dE=0.84D-02, dP=0.69D-01, ThrX=0.10D-03, %Non0=38
 PM : Pure 7          :: dE=0.11D-01, dP=0.93D-01, ThrX=0.10D-03, %Non0=49
 PM : Pure 8          :: dE=0.13D-01, dP=0.11D+00, ThrX=0.10D-03, %Non0=55
 PM : Pure 9          :: dE=0.12D-01, dP=0.11D+00, ThrX=0.10D-03, %Non0=66
 PM : Pure 10         :: dE=0.80D-02, dP=0.72D-01, ThrX=0.10D-03, %Non0=80
 PM : Pure 11         :: dE=0.39D-02, dP=0.46D-01, ThrX=0.10D-03, %Non0=96
 PM : Pure 12         :: dE=0.19D-02, dP=0.41D-01, ThrX=0.10D-03, %Non0=100
 PM : Pure 13         :: dE=0.11D-02, dP=0.32D-01, ThrX=0.10D-03, %Non0=100
 PM : Pure 14         :: dE=0.51D-03, dP=0.21D-01, ThrX=0.10D-03, %Non0=100
 PM : Pure 15         :: dE=0.22D-03, dP=0.16D-01, ThrX=0.10D-03, %Non0=100
 PM : Pure 16         :: dE=0.10D-03, dP=0.12D-01, ThrX=0.10D-03, %Non0=100
 PM : Pure 17         :: dE=0.55D-04, dP=0.77D-02, ThrX=0.10D-03, %Non0=100
 PM : Pure 18         :: dE=0.24D-04, dP=0.39D-02, ThrX=0.10D-03, %Non0=100
 PM : Pure 19         :: dE=0.45D-05, dP=0.82D-03, ThrX=0.10D-03, %Non0=100
 PM : Pure 20         :: dE=0.14D-06, dP=0.28D-04, ThrX=0.10D-03, %Non0=100
 PM : Pure 21         :: dE=0.14D-09, dP=0.29D-07, ThrX=0.10D-03, %Non0=100
 PM : Pure 22         :: dE=0.18D-15, dP=0.28D-13, ThrX=0.10D-03, %Non0=100
 PM : Met dE/dP goals :: Tr{FP}=-.6472418489929971D+03, dNel = 0.57D-13
 PM                   :: 22 purification steps, 47 matrix multiplies
 PM                   :: Fractional occupation = 0.60D+00, %Non0s = 100
 PM : Max abs errors  :: dE=0.11D-12, dP=0.28D-13, [F,P]=0.32D-02
 PM                   :: Rel dE=0.18D-15, ||dP||_F=0.70D-12, ||[F,P]||_F=0.37D-01
 PM                   :: OrthoP[8] CheckSum  = 0.1341640813028088D+02
 PM                   :: P[8] CheckSum  = 0.1147996529973809D+02
 PM                   :: CPU (Sec,MFLOPS) = (0.93D+01, 191),
                         WALL(Sec,MFLOPS) = (0.93D+01, 191)
 PM                   :: Allocs=326,  DeAllocs=318, 1498120 bytes are presently allocated.
                         A max of 5244152 bytes were allocated.
>-Exiting PM 09/05/02 @ 12:35:07-<
<<Entering SCFStatus 09/05/02 @ 12:35:07>>
 
= = = = = SCFCycle #7, Basis #1, Geometry #1 = = = = =

       DIISErr = 0.13D-03
       MaxDelD = 0.26D-02
       <T>     = 0.22601396D+04
       <V>     = -.42134398D+04
       <DFT>   = -.32481478D+03
       <SCF>   = -2278.11500129

 SCFStatus            :: CPU (Sec,MFLOPS) = (0.70D-01, 9),
                         WALL(Sec,MFLOPS) = (0.70D-01, 9)
 SCFStatus            :: Allocs=16,  DeAllocs=16, 0 bytes are presently allocated.
                         A max of 2247900 bytes were allocated.
>-Exiting SCFStatus 09/05/02 @ 12:35:07-<
 DIISQ =    0.2165656374831447     
 DMaxQ =     1.973048555083093     
 DIISB =    1.3459572212375872E-004
 DIISA =    1.6374453048799475E-004
 DMaxA =    7.6810828397741204E-003
 DMaxB =    2.5835712728746349E-003
<<Entering MakeRho 09/05/02 @ 12:35:07>>
 MakeRho : Pruned Rho :: dNel = -.19D-07, kept 22% of distributions.
 MakeRho : Moments    :: <r> = (-.15D-01, -.46D-02, 0.21D-02), <r^2> = 0.34D+03
 MakeRho              :: Rho CheckSum  = 0.3309597728949354D+04
 MakeRho              :: CPU Sec = 0.30D+02, WALL Sec = 0.30D+02
 MakeRho              :: Allocs=64,  DeAllocs=59, 728 bytes are presently allocated.
                         A max of 41959900 bytes were allocated.
>-Exiting MakeRho 09/05/02 @ 12:35:37-<
<<Entering QCTC 09/05/02 @ 12:35:37>>
 QCTC                 :: J[8] CheckSum  = 0.1861267889649880D+03
 QCTC                 :: CPU Sec = 0.16D+04, WALL Sec = 0.59D+04
 QCTC                 :: Allocs=576418,  DeAllocs=50, 97374256 bytes are presently allocated.
                         A max of 110581524 bytes were allocated.
>-Exiting QCTC 09/05/02 @ 14:13:59-<
<<Entering HiCu 09/05/02 @ 14:13:59>>
 HiCu.GridGen         :: Tau = 0.10D-01, <Rho> = 0.17991750D+03, <Exc> = -.32398727D+03, Pts/Atom = 1353
 HiCu.GridGen         :: Tau = 0.10D-02, <Rho> = 0.18003163D+03, <Exc> = -.32489074D+03, Pts/Atom = 2896
 HiCu.GridGen         :: Tau = 0.10D-03, <Rho> = 0.17999846D+03, <Exc> = -.32480434D+03, Pts/Atom = 5517
 HiCu.GridGen         :: Tau = 0.10D-04, <Rho> = 0.17999953D+03, <Exc> = -.32481257D+03, Pts/Atom = 10316
 HiCu.GridGen         :: Tau = 0.10D-05, <Rho> = 0.18000008D+03, <Exc> = -.32481419D+03, Pts/Atom = 19738
 HiCu.GridGen         :: Tau = 0.10D-06, <Rho> = 0.18000002D+03, <Exc> = -.32481449D+03, Pts/Atom = 36965
 HiCu.GridGen         :: TauRel = 0.10D-06, RhoErr = 0.13D-06, <Exc> = -.32481449D+03
 HiCu.GridGen         :: CPU Sec = 0.11D+04, WALL Sec = 0.97D+04
 HiCu.MakeKxc         :: WALL (Sec) = 0.63D+04
 HiCu                 :: Kxc[8] CheckSum  = 0.2126223726496992D+02
 HiCu                 :: WALL (Sec) = 0.16D+05
 HiCu                 :: Allocs=495477,  DeAllocs=190157, 165972136 bytes are presently allocated.
                         A max of 167478560 bytes were allocated.
>-Exiting HiCu 09/05/02 @ 18:39:34-<
<<Entering FockNGrueven 09/05/02 @ 18:39:34>>
 FockNGrueven         :: F[8] CheckSum  = 0.8471497743850779D+02
 FockNGrueven         :: OrthoF[8] CheckSum  = 0.7702382430985828D+02
 FockNGrueven         :: CPU (Sec,MFLOPS) = (0.33D+00, 167),
                         WALL(Sec,MFLOPS) = (0.33D+00, 167)
 FockNGrueven         :: Allocs=37,  DeAllocs=33, 380468 bytes are presently allocated.
                         A max of 2847168 bytes were allocated.
>-Exiting FockNGrueven 09/05/02 @ 18:39:34-<
<<Entering DIIS 09/05/02 @ 18:39:34>>
 DIIS                 :: Cond# = 0.12D+06, MIN(E) = 0.26D-04
 DIIS : Pulay C1      :: DIISCo = -.18D-02, 0.58D-02, 0.46D-02,
                                  0.17D-01, 0.32D-01, 0.21D+00, 0.37D+00, 0.36D+00
 DIIS                 :: F_DIIS[8] CheckSum  = 0.7702314655942675D+02
 DIIS                 :: CPU (Sec,MFLOPS) = (0.12D+01, 97),
                         WALL(Sec,MFLOPS) = (0.12D+01, 97)
 DIIS                 :: Allocs=84,  DeAllocs=79, 792 bytes are presently allocated.
                         A max of 3026148 bytes were allocated.
>-Exiting DIIS 09/05/02 @ 18:39:35-<
<<Entering PM 09/05/02 @ 18:39:35>>
 PM                   :: Trix = 0.10D-03
 PM : Pure 1          :: dE=0.10D+01, dP=0.72D-01, ThrX=0.10D-03, %Non0=37
 PM : Pure 2          :: dE=0.56D-01, dP=0.65D-01, ThrX=0.10D-03, %Non0=37
 PM : Pure 3          :: dE=0.32D-01, dP=0.46D-01, ThrX=0.10D-03, %Non0=37
 PM : Pure 4          :: dE=0.11D-01, dP=0.36D-01, ThrX=0.10D-03, %Non0=37
 PM : Pure 5          :: dE=0.62D-02, dP=0.48D-01, ThrX=0.10D-03, %Non0=37
 PM : Pure 6          :: dE=0.84D-02, dP=0.69D-01, ThrX=0.10D-03, %Non0=38
 PM : Pure 7          :: dE=0.11D-01, dP=0.93D-01, ThrX=0.10D-03, %Non0=49
 PM : Pure 8          :: dE=0.13D-01, dP=0.11D+00, ThrX=0.10D-03, %Non0=55
 PM : Pure 9          :: dE=0.12D-01, dP=0.11D+00, ThrX=0.10D-03, %Non0=66
 PM : Pure 10         :: dE=0.80D-02, dP=0.72D-01, ThrX=0.10D-03, %Non0=80
 PM : Pure 11         :: dE=0.39D-02, dP=0.46D-01, ThrX=0.10D-03, %Non0=96
 PM : Pure 12         :: dE=0.19D-02, dP=0.41D-01, ThrX=0.10D-03, %Non0=100
 PM : Pure 13         :: dE=0.11D-02, dP=0.32D-01, ThrX=0.10D-03, %Non0=100
 PM : Pure 14         :: dE=0.51D-03, dP=0.21D-01, ThrX=0.10D-03, %Non0=100
 PM : Pure 15         :: dE=0.22D-03, dP=0.16D-01, ThrX=0.10D-03, %Non0=100
 PM : Pure 16         :: dE=0.10D-03, dP=0.12D-01, ThrX=0.10D-03, %Non0=100
 PM : Pure 17         :: dE=0.55D-04, dP=0.77D-02, ThrX=0.10D-03, %Non0=100
 PM : Pure 18         :: dE=0.24D-04, dP=0.39D-02, ThrX=0.10D-03, %Non0=100
 PM : Pure 19         :: dE=0.45D-05, dP=0.81D-03, ThrX=0.10D-03, %Non0=100
 PM : Pure 20         :: dE=0.14D-06, dP=0.27D-04, ThrX=0.10D-03, %Non0=100
 PM : Pure 21         :: dE=0.14D-09, dP=0.29D-07, ThrX=0.10D-03, %Non0=100
 PM : Pure 22         :: dE=0.18D-15, dP=0.27D-13, ThrX=0.10D-03, %Non0=100
 PM : Hit dE increase :: Tr{FP}=-.6472505011623263D+03, dNel = 0.57D-13
 PM                   :: 22 purification steps, 47 matrix multiplies
 PM                   :: Fractional occupation = 0.60D+00, %Non0s = 100
 PM : Max abs errors  :: dE=0.11D-12, dP=0.27D-13, [F,P]=0.32D-02
 PM                   :: Rel dE=0.18D-15, ||dP||_F=0.70D-12, ||[F,P]||_F=0.37D-01
 PM                   :: OrthoP[9] CheckSum  = 0.1341640813034353D+02
 PM                   :: P[9] CheckSum  = 0.1147997365460820D+02
 PM                   :: CPU (Sec,MFLOPS) = (0.93D+01, 191),
                         WALL(Sec,MFLOPS) = (0.93D+01, 191)
 PM                   :: Allocs=326,  DeAllocs=318, 1498120 bytes are presently allocated.
                         A max of 5244152 bytes were allocated.
>-Exiting PM 09/05/02 @ 18:39:45-<
<<Entering SCFStatus 09/05/02 @ 18:39:45>>
 
= = = = = SCFCycle #8, Basis #1, Geometry #1 = = = = =

       DIISErr = 0.12D-03
       MaxDelD = 0.85D-03
       <T>     = 0.22601390D+04
       <V>     = -.42134397D+04
       <DFT>   = -.32481449D+03
       <SCF>   = -2278.11516371

 SCFStatus            :: CPU (Sec,MFLOPS) = (0.70D-01, 9),
                         WALL(Sec,MFLOPS) = (0.80D-01, 8)
 SCFStatus            :: Allocs=16,  DeAllocs=16, 0 bytes are presently allocated.
                         A max of 2247900 bytes were allocated.
>-Exiting SCFStatus 09/05/02 @ 18:39:45-<
 DIISQ =    7.7770952171417163E-002
 DMaxQ =     2.037909805610877     
 DIISB =    1.2488341966591763E-004
 DIISA =    1.3459572212375872E-004
 DMaxA =    2.5835712728746349E-003
 DMaxB =    8.5044370576865074E-004
<<Entering MakeRho 09/05/02 @ 18:39:45>>
 MakeRho : Pruned Rho :: dNel = -.19D-07, kept 22% of distributions.
 MakeRho : Moments    :: <r> = (-.15D-01, -.40D-02, 0.36D-02), <r^2> = 0.34D+03
 MakeRho              :: Rho CheckSum  = 0.3309597047813148D+04
 MakeRho              :: CPU Sec = 0.30D+02, WALL Sec = 0.30D+02
 MakeRho              :: Allocs=64,  DeAllocs=59, 728 bytes are presently allocated.
                         A max of 41960268 bytes were allocated.
>-Exiting MakeRho 09/05/02 @ 18:40:15-<
<<Entering QCTC 09/05/02 @ 18:40:15>>
 QCTC                 :: J[9] CheckSum  = 0.1861264951174060D+03
 QCTC                 :: CPU Sec = 0.16D+04, WALL Sec = 0.59D+04
 QCTC                 :: Allocs=576438,  DeAllocs=50, 97377744 bytes are presently allocated.
                         A max of 110585524 bytes were allocated.
>-Exiting QCTC 09/05/02 @ 20:18:32-<
<<Entering HiCu 09/05/02 @ 20:18:32>>
 HiCu.GridGen         :: Tau = 0.10D-01, <Rho> = 0.17991755D+03, <Exc> = -.32398755D+03, Pts/Atom = 1353
 HiCu.GridGen         :: Tau = 0.10D-02, <Rho> = 0.18003205D+03, <Exc> = -.32489456D+03, Pts/Atom = 2898
 HiCu.GridGen         :: Tau = 0.10D-03, <Rho> = 0.17999846D+03, <Exc> = -.32480445D+03, Pts/Atom = 5517
 HiCu.GridGen         :: Tau = 0.10D-04, <Rho> = 0.17999952D+03, <Exc> = -.32481265D+03, Pts/Atom = 10325
 HiCu.GridGen         :: Tau = 0.10D-05, <Rho> = 0.18000008D+03, <Exc> = -.32481429D+03, Pts/Atom = 19738
 HiCu.GridGen         :: Tau = 0.10D-06, <Rho> = 0.18000002D+03, <Exc> = -.32481458D+03, Pts/Atom = 36960
 HiCu.GridGen         :: TauRel = 0.10D-06, RhoErr = 0.13D-06, <Exc> = -.32481458D+03
 HiCu.GridGen         :: CPU Sec = 0.11D+04, WALL Sec = 0.97D+04
 HiCu.MakeKxc         :: WALL (Sec) = 0.63D+04
 HiCu                 :: Kxc[9] CheckSum  = 0.2126224080491353D+02
 HiCu                 :: WALL (Sec) = 0.16D+05
 HiCu                 :: Allocs=495427,  DeAllocs=190130, 165949728 bytes are presently allocated.
                         A max of 167456152 bytes were allocated.
>-Exiting HiCu 09/06/02 @ 00:44:06-<
<<Entering FockNGrueven 09/06/02 @ 00:44:07>>
 FockNGrueven         :: F[9] CheckSum  = 0.8471464606432885D+02
 FockNGrueven         :: OrthoF[9] CheckSum  = 0.7702359869571433D+02
 FockNGrueven         :: CPU (Sec,MFLOPS) = (0.33D+00, 167),
                         WALL(Sec,MFLOPS) = (0.33D+00, 167)
 FockNGrueven         :: Allocs=37,  DeAllocs=33, 380468 bytes are presently allocated.
                         A max of 2847168 bytes were allocated.
>-Exiting FockNGrueven 09/06/02 @ 00:44:07-<
<<Entering DIIS 09/06/02 @ 00:44:07>>
 DIIS                 :: Cond# = 0.21D+07, MIN(E) = 0.15D-05
 DIIS : Pulay C1      :: DIISCo = -.20D-02, 0.62D-02, 0.34D-02,
                                  0.11D-01, 0.10D-01, 0.88D-01, 0.15D+00,
                                  0.19D+00, 0.55D+00
 DIIS                 :: F_DIIS[9] CheckSum  = 0.7702349905350739D+02
 DIIS                 :: CPU (Sec,MFLOPS) = (0.13D+01, 88),
                         WALL(Sec,MFLOPS) = (0.13D+01, 88)
 DIIS                 :: Allocs=94,  DeAllocs=89, 944 bytes are presently allocated.
                         A max of 3026148 bytes were allocated.
>-Exiting DIIS 09/06/02 @ 00:44:08-<
<<Entering PM 09/06/02 @ 00:44:08>>
 PM                   :: Trix = 0.10D-03
 PM : Pure 1          :: dE=0.10D+01, dP=0.72D-01, ThrX=0.10D-03, %Non0=37
 PM : Pure 2          :: dE=0.56D-01, dP=0.65D-01, ThrX=0.10D-03, %Non0=37
 PM : Pure 3          :: dE=0.32D-01, dP=0.46D-01, ThrX=0.10D-03, %Non0=37
 PM : Pure 4          :: dE=0.11D-01, dP=0.36D-01, ThrX=0.10D-03, %Non0=37
 PM : Pure 5          :: dE=0.62D-02, dP=0.48D-01, ThrX=0.10D-03, %Non0=37
 PM : Pure 6          :: dE=0.84D-02, dP=0.69D-01, ThrX=0.10D-03, %Non0=38
 PM : Pure 7          :: dE=0.11D-01, dP=0.93D-01, ThrX=0.10D-03, %Non0=49
 PM : Pure 8          :: dE=0.13D-01, dP=0.11D+00, ThrX=0.10D-03, %Non0=55
 PM : Pure 9          :: dE=0.12D-01, dP=0.11D+00, ThrX=0.10D-03, %Non0=66
 PM : Pure 10         :: dE=0.80D-02, dP=0.72D-01, ThrX=0.10D-03, %Non0=80
 PM : Pure 11         :: dE=0.39D-02, dP=0.46D-01, ThrX=0.10D-03, %Non0=96
 PM : Pure 12         :: dE=0.19D-02, dP=0.41D-01, ThrX=0.10D-03, %Non0=100
 PM : Pure 13         :: dE=0.11D-02, dP=0.32D-01, ThrX=0.10D-03, %Non0=100
 PM : Pure 14         :: dE=0.51D-03, dP=0.21D-01, ThrX=0.10D-03, %Non0=100
 PM : Pure 15         :: dE=0.22D-03, dP=0.16D-01, ThrX=0.10D-03, %Non0=100
 PM : Pure 16         :: dE=0.10D-03, dP=0.12D-01, ThrX=0.10D-03, %Non0=100
 PM : Pure 17         :: dE=0.55D-04, dP=0.77D-02, ThrX=0.10D-03, %Non0=100
 PM : Pure 18         :: dE=0.24D-04, dP=0.39D-02, ThrX=0.10D-03, %Non0=100
 PM : Pure 19         :: dE=0.45D-05, dP=0.81D-03, ThrX=0.10D-03, %Non0=100
 PM : Pure 20         :: dE=0.14D-06, dP=0.27D-04, ThrX=0.10D-03, %Non0=100
 PM : Pure 21         :: dE=0.14D-09, dP=0.29D-07, ThrX=0.10D-03, %Non0=100
 PM : Pure 22         :: dE=0.35D-15, dP=0.27D-13, ThrX=0.10D-03, %Non0=100
 PM : Met dE/dP goals :: Tr{FP}=-.6472582280762276D+03, dNel = 0.11D-12
 PM                   :: 22 purification steps, 47 matrix multiplies
 PM                   :: Fractional occupation = 0.60D+00, %Non0s = 100
 PM : Max abs errors  :: dE=0.23D-12, dP=0.27D-13, [F,P]=0.32D-02
 PM                   :: Rel dE=0.35D-15, ||dP||_F=0.70D-12, ||[F,P]||_F=0.37D-01
 PM                   :: OrthoP[10] CheckSum  = 0.1341640813033866D+02
 PM                   :: P[10] CheckSum  = 0.1147998099942495D+02
 PM                   :: CPU (Sec,MFLOPS) = (0.93D+01, 191),
                         WALL(Sec,MFLOPS) = (0.93D+01, 191)
 PM                   :: Allocs=326,  DeAllocs=318, 1498120 bytes are presently allocated.
                         A max of 5244152 bytes were allocated.
>-Exiting PM 09/06/02 @ 00:44:18-<
<<Entering SCFStatus 09/06/02 @ 00:44:18>>
 
= = = = = SCFCycle #9, Basis #1, Geometry #1 = = = = =

       DIISErr = 0.12D-03
       MaxDelD = 0.25D-03
       <T>     = 0.22601394D+04
       <V>     = -.42134400D+04
       <DFT>   = -.32481458D+03
       <SCF>   = -2278.11517458

 SCFStatus            :: CPU (Sec,MFLOPS) = (0.70D-01, 9),
                         WALL(Sec,MFLOPS) = (0.70D-01, 9)
 SCFStatus            :: Allocs=16,  DeAllocs=16, 0 bytes are presently allocated.
                         A max of 2247900 bytes were allocated.
>-Exiting SCFStatus 09/06/02 @ 00:44:18-<
 DIISQ =    5.7058708779260936E-003
 DMaxQ =     2.370984295257172     
 DIISB =    1.2417489375586648E-004
 DIISA =    1.2488341966591763E-004
 DMaxA =    8.5044370576865074E-004
 DMaxB =    2.5228349683064022E-004
<<Entering MakeRho 09/06/02 @ 00:44:18>>
 MakeRho : Pruned Rho :: dNel = -.19D-07, kept 22% of distributions.
 MakeRho : Moments    :: <r> = (-.14D-01, -.40D-02, 0.33D-02), <r^2> = 0.34D+03
 MakeRho              :: Rho CheckSum  = 0.3309596420227133D+04
 MakeRho              :: CPU Sec = 0.30D+02, WALL Sec = 0.30D+02
 MakeRho              :: Allocs=64,  DeAllocs=59, 728 bytes are presently allocated.
                         A max of 41960156 bytes were allocated.
>-Exiting MakeRho 09/06/02 @ 00:44:48-<
<<Entering QCTC 09/06/02 @ 00:44:48>>
 QCTC                 :: J[10] CheckSum  = 0.1861262224642221D+03
 QCTC                 :: CPU Sec = 0.16D+04, WALL Sec = 0.59D+04
 QCTC                 :: Allocs=576428,  DeAllocs=50, 97376144 bytes are presently allocated.
                         A max of 110583740 bytes were allocated.
>-Exiting QCTC 09/06/02 @ 02:23:22-<
<<Entering HiCu 09/06/02 @ 02:23:22>>
 HiCu.GridGen         :: Tau = 0.10D-01, <Rho> = 0.17991755D+03, <Exc> = -.32398766D+03, Pts/Atom = 1353
 HiCu.GridGen         :: Tau = 0.10D-02, <Rho> = 0.18003202D+03, <Exc> = -.32489442D+03, Pts/Atom = 2898
 HiCu.GridGen         :: Tau = 0.10D-03, <Rho> = 0.17999845D+03, <Exc> = -.32480450D+03, Pts/Atom = 5518
 HiCu.GridGen         :: Tau = 0.10D-04, <Rho> = 0.17999952D+03, <Exc> = -.32481274D+03, Pts/Atom = 10324
 HiCu.GridGen         :: Tau = 0.10D-05, <Rho> = 0.18000008D+03, <Exc> = -.32481437D+03, Pts/Atom = 19737
 HiCu.GridGen         :: Tau = 0.10D-06, <Rho> = 0.18000002D+03, <Exc> = -.32481467D+03, Pts/Atom = 36957
 HiCu.GridGen         :: TauRel = 0.10D-06, RhoErr = 0.13D-06, <Exc> = -.32481467D+03
 HiCu.GridGen         :: CPU Sec = 0.11D+04, WALL Sec = 0.97D+04
 HiCu.MakeKxc         :: WALL (Sec) = 0.63D+04
 HiCu                 :: Kxc[10] CheckSum  = 0.2126224400961425D+02
 HiCu                 :: WALL (Sec) = 0.16D+05
 HiCu                 :: Allocs=495401,  DeAllocs=190118, 165939584 bytes are presently allocated.
                         A max of 167446008 bytes were allocated.
>-Exiting HiCu 09/06/02 @ 06:49:27-<
<<Entering FockNGrueven 09/06/02 @ 06:49:27>>
 FockNGrueven         :: F[10] CheckSum  = 0.8471433858589620D+02
 FockNGrueven         :: OrthoF[10] CheckSum  = 0.7702338955506532D+02
 FockNGrueven         :: CPU (Sec,MFLOPS) = (0.34D+00, 162),
                         WALL(Sec,MFLOPS) = (0.34D+00, 162)
 FockNGrueven         :: Allocs=37,  DeAllocs=33, 380468 bytes are presently allocated.
                         A max of 2847168 bytes were allocated.
>-Exiting FockNGrueven 09/06/02 @ 06:49:27-<
<<Entering DIIS 09/06/02 @ 06:49:27>>
 DIIS                 :: Cond# = 0.53D+07, MIN(E) = 0.64D-06
 DIIS : Pulay C1      :: DIISCo = -.22D-02, 0.65D-02, 0.31D-02,
                                  0.84D-02, -.38D-02, 0.75D-02, -.49D-02,
                                  0.18D-01, 0.48D+00, 0.49D+00
 DIIS                 :: F_DIIS[10] CheckSum  = 0.7702362250387790D+02
 DIIS                 :: CPU (Sec,MFLOPS) = (0.15D+01, 81),
                         WALL(Sec,MFLOPS) = (0.15D+01, 81)
 DIIS                 :: Allocs=105,  DeAllocs=100, 1112 bytes are presently allocated.
                         A max of 3026148 bytes were allocated.
>-Exiting DIIS 09/06/02 @ 06:49:29-<
<<Entering PM 09/06/02 @ 06:49:29>>
 PM                   :: Trix = 0.10D-03
 PM : Pure 1          :: dE=0.10D+01, dP=0.72D-01, ThrX=0.10D-03, %Non0=37
 PM : Pure 2          :: dE=0.56D-01, dP=0.65D-01, ThrX=0.10D-03, %Non0=37
 PM : Pure 3          :: dE=0.32D-01, dP=0.46D-01, ThrX=0.10D-03, %Non0=37
 PM : Pure 4          :: dE=0.11D-01, dP=0.36D-01, ThrX=0.10D-03, %Non0=37
 PM : Pure 5          :: dE=0.62D-02, dP=0.48D-01, ThrX=0.10D-03, %Non0=37
 PM : Pure 6          :: dE=0.84D-02, dP=0.69D-01, ThrX=0.10D-03, %Non0=38
 PM : Pure 7          :: dE=0.11D-01, dP=0.93D-01, ThrX=0.10D-03, %Non0=49
 PM : Pure 8          :: dE=0.13D-01, dP=0.11D+00, ThrX=0.10D-03, %Non0=55
 PM : Pure 9          :: dE=0.12D-01, dP=0.11D+00, ThrX=0.10D-03, %Non0=66
 PM : Pure 10         :: dE=0.80D-02, dP=0.72D-01, ThrX=0.10D-03, %Non0=80
 PM : Pure 11         :: dE=0.39D-02, dP=0.46D-01, ThrX=0.10D-03, %Non0=96
 PM : Pure 12         :: dE=0.19D-02, dP=0.41D-01, ThrX=0.10D-03, %Non0=100
 PM : Pure 13         :: dE=0.11D-02, dP=0.32D-01, ThrX=0.10D-03, %Non0=100
 PM : Pure 14         :: dE=0.51D-03, dP=0.21D-01, ThrX=0.10D-03, %Non0=100
 PM : Pure 15         :: dE=0.22D-03, dP=0.16D-01, ThrX=0.10D-03, %Non0=100
 PM : Pure 16         :: dE=0.10D-03, dP=0.12D-01, ThrX=0.10D-03, %Non0=100
 PM : Pure 17         :: dE=0.55D-04, dP=0.77D-02, ThrX=0.10D-03, %Non0=100
 PM : Pure 18         :: dE=0.24D-04, dP=0.39D-02, ThrX=0.10D-03, %Non0=100
 PM : Pure 19         :: dE=0.45D-05, dP=0.81D-03, ThrX=0.10D-03, %Non0=100
 PM : Pure 20         :: dE=0.14D-06, dP=0.27D-04, ThrX=0.10D-03, %Non0=100
 PM : Pure 21         :: dE=0.14D-09, dP=0.29D-07, ThrX=0.10D-03, %Non0=100
 PM : Pure 22         :: dE=0.70D-15, dP=0.27D-13, ThrX=0.10D-03, %Non0=100
 PM : Hit dE increase :: Tr{FP}=-.6472609307726035D+03, dNel = 0.11D-12
 PM                   :: 22 purification steps, 47 matrix multiplies
 PM                   :: Fractional occupation = 0.60D+00, %Non0s = 100
 PM : Max abs errors  :: dE=0.45D-12, dP=0.27D-13, [F,P]=0.32D-02
 PM                   :: Rel dE=0.70D-15, ||dP||_F=0.70D-12, ||[F,P]||_F=0.37D-01
 PM                   :: OrthoP[11] CheckSum  = 0.1341640813033262D+02
 PM                   :: P[11] CheckSum  = 0.1147998348941061D+02
 PM                   :: CPU (Sec,MFLOPS) = (0.93D+01, 191),
                         WALL(Sec,MFLOPS) = (0.94D+01, 191)
 PM                   :: Allocs=327,  DeAllocs=319, 1498120 bytes are presently allocated.
                         A max of 5244152 bytes were allocated.
>-Exiting PM 09/06/02 @ 06:49:38-<
<<Entering SCFStatus 09/06/02 @ 06:49:39>>
 
= = = = = SCFCycle #10, Basis #1, Geometry #1 = = = = =

       DIISErr = 0.12D-03
       MaxDelD = 0.16D-03
       <T>     = 0.22601398D+04
       <V>     = -.42134403D+04
       <DFT>   = -.32481467D+03
       <SCF>   = -2278.11517511

 SCFStatus            :: CPU (Sec,MFLOPS) = (0.70D-01, 9),
                         WALL(Sec,MFLOPS) = (0.70D-01, 9)
 SCFStatus            :: Allocs=16,  DeAllocs=16, 0 bytes are presently allocated.
                         A max of 2247900 bytes were allocated.
>-Exiting SCFStatus 09/06/02 @ 06:49:39-<
 DIISQ =    6.7585952596874961E-005
 DMaxQ =    0.5747252816340607     
 DIISB =    1.2416650184455869E-004
 DIISA =    1.2417489375586648E-004
 DMaxA =    2.5228349683064022E-004
 DMaxB =    1.6020794215537753E-004
<<Entering MakeRho 09/06/02 @ 06:49:39>>
 MakeRho : Pruned Rho :: dNel = -.19D-07, kept 22% of distributions.
 MakeRho : Moments    :: <r> = (-.14D-01, -.41D-02, 0.33D-02), <r^2> = 0.34D+03
 MakeRho              :: Rho CheckSum  = 0.3309596196090970D+04
 MakeRho              :: CPU Sec = 0.30D+02, WALL Sec = 0.30D+02
 MakeRho              :: Allocs=64,  DeAllocs=59, 728 bytes are presently allocated.
                         A max of 41960420 bytes were allocated.
>-Exiting MakeRho 09/06/02 @ 06:50:09-<
<<Entering QCTC 09/06/02 @ 06:50:09>>
 QCTC                 :: J[11] CheckSum  = 0.1861261286463494D+03
 QCTC                 :: CPU Sec = 0.16D+04, WALL Sec = 0.59D+04
 QCTC                 :: Allocs=576443,  DeAllocs=50, 97378736 bytes are presently allocated.
                         A max of 110586704 bytes were allocated.
>-Exiting QCTC 09/06/02 @ 08:28:38-<
<<Entering HiCu 09/06/02 @ 08:28:38>>
 HiCu.GridGen         :: Tau = 0.10D-01, <Rho> = 0.17991756D+03, <Exc> = -.32398773D+03, Pts/Atom = 1353
 HiCu.GridGen         :: Tau = 0.10D-02, <Rho> = 0.18003200D+03, <Exc> = -.32489426D+03, Pts/Atom = 2898
 HiCu.GridGen         :: Tau = 0.10D-03, <Rho> = 0.17999845D+03, <Exc> = -.32480453D+03, Pts/Atom = 5518
 HiCu.GridGen         :: Tau = 0.10D-04, <Rho> = 0.17999952D+03, <Exc> = -.32481277D+03, Pts/Atom = 10324
 HiCu.GridGen         :: Tau = 0.10D-05, <Rho> = 0.18000008D+03, <Exc> = -.32481440D+03, Pts/Atom = 19738
 HiCu.GridGen         :: Tau = 0.10D-06, <Rho> = 0.18000002D+03, <Exc> = -.32481470D+03, Pts/Atom = 36957
 HiCu.GridGen         :: TauRel = 0.10D-06, RhoErr = 0.13D-06, <Exc> = -.32481470D+03
 HiCu.GridGen         :: CPU Sec = 0.11D+04, WALL Sec = 0.97D+04
 HiCu.MakeKxc         :: WALL (Sec) = 0.63D+04
 HiCu                 :: Kxc[11] CheckSum  = 0.2126224509206323D+02
 HiCu                 :: WALL (Sec) = 0.16D+05
 HiCu                 :: Allocs=495404,  DeAllocs=190118, 165939776 bytes are presently allocated.
                         A max of 167446200 bytes were allocated.
>-Exiting HiCu 09/06/02 @ 12:54:11-<
<<Entering FockNGrueven 09/06/02 @ 12:54:11>>
 FockNGrueven         :: F[11] CheckSum  = 0.8471423277784903D+02
 FockNGrueven         :: OrthoF[11] CheckSum  = 0.7702331761943627D+02
 FockNGrueven         :: CPU (Sec,MFLOPS) = (0.33D+00, 167),
                         WALL(Sec,MFLOPS) = (0.34D+00, 162)
 FockNGrueven         :: Allocs=37,  DeAllocs=33, 380468 bytes are presently allocated.
                         A max of 2847168 bytes were allocated.
>-Exiting FockNGrueven 09/06/02 @ 12:54:11-<
<<Entering DIIS 09/06/02 @ 12:54:11>>
 DIIS                 :: Cond# = 0.81D+08, MIN(E) = 0.44D-07
 DIIS : Pulay C1      :: DIISCo = -.23D-02, 0.65D-02, 0.31D-02,
                                  0.83D-02, -.54D-02, -.27D-02, -.25D-01,
                                  -.13D-01, 0.41D+00, 0.47D+00, 0.15D+00
 DIIS                 :: F_DIIS[11] CheckSum  = 0.7702361104790811D+02
 DIIS                 :: CPU (Sec,MFLOPS) = (0.16D+01, 74),
                         WALL(Sec,MFLOPS) = (0.16D+01, 74)
 DIIS                 :: Allocs=117,  DeAllocs=112, 1296 bytes are presently allocated.
                         A max of 3026148 bytes were allocated.
>-Exiting DIIS 09/06/02 @ 12:54:13-<
<<Entering PM 09/06/02 @ 12:54:13>>
 PM                   :: Trix = 0.10D-03
 PM : Pure 1          :: dE=0.10D+01, dP=0.72D-01, ThrX=0.10D-03, %Non0=37
 PM : Pure 2          :: dE=0.56D-01, dP=0.65D-01, ThrX=0.10D-03, %Non0=37
 PM : Pure 3          :: dE=0.32D-01, dP=0.46D-01, ThrX=0.10D-03, %Non0=37
 PM : Pure 4          :: dE=0.11D-01, dP=0.36D-01, ThrX=0.10D-03, %Non0=37
 PM : Pure 5          :: dE=0.62D-02, dP=0.48D-01, ThrX=0.10D-03, %Non0=37
 PM : Pure 6          :: dE=0.84D-02, dP=0.69D-01, ThrX=0.10D-03, %Non0=38
 PM : Pure 7          :: dE=0.11D-01, dP=0.93D-01, ThrX=0.10D-03, %Non0=49
 PM : Pure 8          :: dE=0.13D-01, dP=0.11D+00, ThrX=0.10D-03, %Non0=55
 PM : Pure 9          :: dE=0.12D-01, dP=0.11D+00, ThrX=0.10D-03, %Non0=66
 PM : Pure 10         :: dE=0.80D-02, dP=0.72D-01, ThrX=0.10D-03, %Non0=80
 PM : Pure 11         :: dE=0.39D-02, dP=0.46D-01, ThrX=0.10D-03, %Non0=96
 PM : Pure 12         :: dE=0.19D-02, dP=0.41D-01, ThrX=0.10D-03, %Non0=100
 PM : Pure 13         :: dE=0.11D-02, dP=0.32D-01, ThrX=0.10D-03, %Non0=100
 PM : Pure 14         :: dE=0.51D-03, dP=0.21D-01, ThrX=0.10D-03, %Non0=100
 PM : Pure 15         :: dE=0.22D-03, dP=0.16D-01, ThrX=0.10D-03, %Non0=100
 PM : Pure 16         :: dE=0.10D-03, dP=0.12D-01, ThrX=0.10D-03, %Non0=100
 PM : Pure 17         :: dE=0.55D-04, dP=0.77D-02, ThrX=0.10D-03, %Non0=100
 PM : Pure 18         :: dE=0.24D-04, dP=0.39D-02, ThrX=0.10D-03, %Non0=100
 PM : Pure 19         :: dE=0.45D-05, dP=0.81D-03, ThrX=0.10D-03, %Non0=100
 PM : Pure 20         :: dE=0.14D-06, dP=0.27D-04, ThrX=0.10D-03, %Non0=100
 PM : Pure 21         :: dE=0.14D-09, dP=0.29D-07, ThrX=0.10D-03, %Non0=100
 PM : Pure 22         :: dE=0.53D-15, dP=0.27D-13, ThrX=0.10D-03, %Non0=100
 PM : Met dE/dP goals :: Tr{FP}=-.6472606748714683D+03, dNel = 0.00D+00
 PM                   :: 22 purification steps, 47 matrix multiplies
 PM                   :: Fractional occupation = 0.60D+00, %Non0s = 100
 PM : Max abs errors  :: dE=0.34D-12, dP=0.27D-13, [F,P]=0.32D-02
 PM                   :: Rel dE=0.53D-15, ||dP||_F=0.70D-12, ||[F,P]||_F=0.37D-01
 PM                   :: OrthoP[12] CheckSum  = 0.1341640813033289D+02
 PM                   :: P[12] CheckSum  = 0.1147998321492254D+02
 PM                   :: CPU (Sec,MFLOPS) = (0.93D+01, 191),
                         WALL(Sec,MFLOPS) = (0.94D+01, 191)
 PM                   :: Allocs=327,  DeAllocs=319, 1498120 bytes are presently allocated.
                         A max of 5244152 bytes were allocated.
>-Exiting PM 09/06/02 @ 12:54:22-<
<<Entering SCFStatus 09/06/02 @ 12:54:23>>
 
= = = = = SCFCycle #11, Basis #1, Geometry #1 = = = = =

       DIISErr = 0.12D-03
       MaxDelD = 0.87D-05
       <T>     = 0.22601399D+04
       <V>     = -.42134404D+04
       <DFT>   = -.32481470D+03
       <SCF>   = -2278.11517516

 SCFStatus            :: CPU (Sec,MFLOPS) = (0.70D-01, 9),
                         WALL(Sec,MFLOPS) = (0.80D-01, 8)
 SCFStatus            :: Allocs=16,  DeAllocs=16, 0 bytes are presently allocated.
                         A max of 2247900 bytes were allocated.
>-Exiting SCFStatus 09/06/02 @ 12:54:23-<
 DIISQ =    1.4128033649694580E-004
 DMaxQ =     17.49292891512912     
 DIISB =    1.2414896203742629E-004
 DIISA =    1.2416650184455869E-004
 DMaxA =    1.6020794215537753E-004
 DMaxB =    8.6632000204311055E-006
 Normal SCF convergence.
 Convergence statistics for RPBEx/PBEc/STO-6G:
========================================================================
SCF    Ink       Total             Delta       Max         DIIS   
Cycle  Fok       Energy            E_Tot       Delta P     Error  
  0,    F,           0.00000000, 0.0000D+00, 0.0000D+00, 0.0000D+00, 
  1,    F,       -2277.22642701, 0.4399D-01, 0.2493D+01, 0.0000D+00, 
  2,    F,       -2278.00863155, 0.3434D-03, 0.3639D-01, 0.1695D-02, 
  3,    F,       -2277.73341102, 0.1208D-03, 0.1031D-01, 0.2350D-02, 
  4,    F,       -2278.07787359, 0.1512D-03, 0.1005D+00, 0.7593D-03, 
  5,    F,       -2278.10585149, 0.1228D-04, 0.3008D-01, 0.3971D-03, 
  6,    F,       -2278.11442289, 0.3762D-05, 0.1693D-01, 0.1637D-03, 
  7,    F,       -2278.11500129, 0.2539D-06, 0.5098D-02, 0.1346D-03, 
  8,    F,       -2278.11516371, 0.7129D-07, 0.1733D-02, 0.1249D-03, 
  9,    F,       -2278.11517458, 0.4770D-08, 0.5982D-03, 0.1242D-03, 
 10,    F,       -2278.11517511, 0.2335D-09, 0.9208D-04, 0.1242D-03, 
 11,    F,       -2278.11517516, 0.2433D-10, 0.1515D-03, 0.1241D-03, 
========================================================================
>-Succesfull MondoSCF run 09/06/02 @ 12:54:23-<
