

 __    __                 _       ____________ ______ 
|  \  /  |               | |     /       /    |      |
|   \/   | ___  _ __   __| | ___/   ____/   __|  |==='
|        |/ _ \| '_ \ / _  |/ _ \____  \   (__|  ____|
|  |\/|  | (_) | | | | (_| | (_) )     /\     |  |    
|__|  |__|\___/|_| |_|\____|\___/_____/  \____|__|    

 Version 1.0 alpha 4                                  
 A program suite for O(N) SCF theory and ab initio MD 
 Matt Challacombe, Eric Schwegler, C.J. Tymczak,      
 Chee Kwan Gan, Karoly Nemeth and Anders Niklasson    
 Los Alamos National Laboratory (LA-CC 01-2)          
 Copywrite 2001, University of California.            

 Compiled for AMDLinux.PG, executing on zinc20
 a i686 machine running Linux 2.4.2-2

Water Cluster Scaling                                                                                                           
  
<<Starting MondoSCF 08/27/02 @ 13:37:13>>
 ** Auto-Wraps at default value => (Off) **
 ** Atom-Wrap at default value => (AtomWrap-Off) **
 ** Lattice Vector Format at default value => (Vector Format) **
 ** Coodinate Format at default value => (Atomic Coord) **
========================================================================
 Internal representation of the geometry:
 Geometry originally in Angstroms has been converted to AU.
 Geometry has been reordered using the Hilbert curve.
 Number of electrons = 360
------------------------------------------------------------------------
  *** Periodic is Off *** 
------------------------------------------------------------------------
 1   c    -.48745104D+01   -.13675758D+01   -.43067044D+01
 2   c    -.26616602D+01   -.22128313D+01   -.56743180D+01
 3   c    -.13675758D+01   -.43067044D+01   -.48745104D+01
 4   c    -.22128313D+01   -.56743180D+01   -.26616602D+01
 5   c    -.56743180D+01   -.26616602D+01   -.22128313D+01
 6   c    -.43067044D+01   -.48745104D+01   -.13675758D+01
 7   c    -.43067044D+01   -.48745104D+01   0.13675758D+01
 8   c    -.22128313D+01   -.56743180D+01   0.26616602D+01
 9   c    -.13675758D+01   -.43067044D+01   0.48745104D+01
 10   c    -.48745104D+01   -.13675758D+01   0.43067044D+01
 11   c    -.26616602D+01   -.22128313D+01   0.56743180D+01
 12   c    -.56743180D+01   -.26616602D+01   0.22128313D+01
 13   c    -.65195547D+01   -.12940844D+01   0.00000000D+00
 14   c    -.65195547D+01   0.12940844D+01   0.00000000D+00
 15   c    -.56743180D+01   0.26616602D+01   0.22128313D+01
 16   c    -.48745104D+01   0.13675758D+01   0.43067044D+01
 17   c    -.43067044D+01   0.48745104D+01   0.13675758D+01
 18   c    -.22128313D+01   0.56743180D+01   0.26616602D+01
 19   c    -.13675758D+01   0.43067044D+01   0.48745104D+01
 20   c    -.26616602D+01   0.22128313D+01   0.56743180D+01
 21   c    -.12940844D+01   0.00000000D+00   0.65195547D+01
 22   c    -.22128313D+01   0.56743180D+01   -.26616602D+01
 23   c    -.43067044D+01   0.48745104D+01   -.13675758D+01
 24   c    -.56743180D+01   0.26616602D+01   -.22128313D+01
 25   c    -.48745104D+01   0.13675758D+01   -.43067044D+01
 26   c    -.13675758D+01   0.43067044D+01   -.48745104D+01
 27   c    -.26616602D+01   0.22128313D+01   -.56743180D+01
 28   c    -.12940844D+01   0.00000000D+00   -.65195547D+01
 29   c    0.12940844D+01   0.00000000D+00   -.65195547D+01
 30   c    0.26616602D+01   0.22128313D+01   -.56743180D+01
 31   c    0.13675758D+01   0.43067044D+01   -.48745104D+01
 32   c    0.48745104D+01   0.13675758D+01   -.43067044D+01
 33   c    0.56743180D+01   0.26616602D+01   -.22128313D+01
 34   c    0.43067044D+01   0.48745104D+01   -.13675758D+01
 35   c    0.22128313D+01   0.56743180D+01   -.26616602D+01
 36   c    0.00000000D+00   0.65195547D+01   -.12940844D+01
 37   c    0.12940844D+01   0.00000000D+00   0.65195547D+01
 38   c    0.26616602D+01   0.22128313D+01   0.56743180D+01
 39   c    0.13675758D+01   0.43067044D+01   0.48745104D+01
 40   c    0.22128313D+01   0.56743180D+01   0.26616602D+01
 41   c    0.00000000D+00   0.65195547D+01   0.12940844D+01
 42   c    0.43067044D+01   0.48745104D+01   0.13675758D+01
 43   c    0.48745104D+01   0.13675758D+01   0.43067044D+01
 44   c    0.56743180D+01   0.26616602D+01   0.22128313D+01
 45   c    0.65195547D+01   0.12940844D+01   0.00000000D+00
 46   c    0.65195547D+01   -.12940844D+01   0.00000000D+00
 47   c    0.56743180D+01   -.26616602D+01   0.22128313D+01
 48   c    0.26616602D+01   -.22128313D+01   0.56743180D+01
 49   c    0.48745104D+01   -.13675758D+01   0.43067044D+01
 50   c    0.13675758D+01   -.43067044D+01   0.48745104D+01
 51   c    0.22128313D+01   -.56743180D+01   0.26616602D+01
 52   c    0.00000000D+00   -.65195547D+01   0.12940844D+01
 53   c    0.43067044D+01   -.48745104D+01   0.13675758D+01
 54   c    0.43067044D+01   -.48745104D+01   -.13675758D+01
 55   c    0.56743180D+01   -.26616602D+01   -.22128313D+01
 56   c    0.00000000D+00   -.65195547D+01   -.12940844D+01
 57   c    0.22128313D+01   -.56743180D+01   -.26616602D+01
 58   c    0.13675758D+01   -.43067044D+01   -.48745104D+01
 59   c    0.26616602D+01   -.22128313D+01   -.56743180D+01
 60   c    0.48745104D+01   -.13675758D+01   -.43067044D+01
========================================================================
 ParseGeometry        :: Allocs=14,  DeAllocs=14, 0 bytes are presently allocated.
                         A max of 7968 bytes were allocated.
 Base(1)%BName   = STO-6G
 Opening BasFile = /home/mchalla/MONDOf/BasisSets/STO-6G.bas
 ParseBaseSets        :: Allocs=61,  DeAllocs=60, 480 bytes are presently allocated.
                         A max of 25480 bytes were allocated.
 Current HDF file :: /scratch/mchalla/c60_PM_5D-4_2533.hdf

 PROGRAM OF CALCULATIONS:

  A restricted Roothaan-Hall solution of the SCF using
  a tight accuracy level, STO-6G and the PBEx/PBEc model.
 

 Accuracy level 3 for the STO-6G basis set:
  TrixNeglect = 0.10D-05, CubeNeglect = 0.10D-06,
  TwoENeglect = 0.10D-09, DistNeglect = 0.10D-11
 MaxAtms = 61, MaxBlks = 3601, MaxNon0 = 90001, BndWdth = 60
<<Entering MakeS 08/27/02 @ 13:37:14>>
 MakeS                :: S CheckSum  = 0.2079758492972368D+02
 MakeS                :: CPU Sec = 0.17D+01, WALL Sec = 0.17D+01
 MakeS                :: Allocs=37,  DeAllocs=36, 24 bytes are presently allocated.
                         A max of 1514328 bytes were allocated.
>-Exiting MakeS 08/27/02 @ 13:37:16-<
<<Entering BlokAInv 08/27/02 @ 13:37:16>>
 BlokAInv             :: CPU (Sec,MFLOPS) = (0.10D+00, 203),
                         WALL(Sec,MFLOPS) = (0.10D+00, 203)
 BlokAInv             :: Max(Z^t.A.Z-I)=0.67D-06, TrixThrsh=0.10D-05
 BlokAInv             :: Z CheckSum  = 0.2334035849474413D+02
 BlokAInv             :: CPU (Sec,MFLOPS) = (0.33D+00, 228),
                         WALL(Sec,MFLOPS) = (0.37D+00, 203)
 BlokAInv             :: Allocs=75,  DeAllocs=41, 2255484 bytes are presently allocated.
                         A max of 3754336 bytes were allocated.
>-Exiting BlokAInv 08/27/02 @ 13:37:16-<
<<Entering MakeT 08/27/02 @ 13:37:16>>
 MakeT                :: T CheckSum  = 0.1263168604614581D+03
 MakeT                :: CPU Sec = 0.17D+01, WALL Sec = 0.17D+01
 MakeT                :: Allocs=33,  DeAllocs=32, 24 bytes are presently allocated.
                         A max of 1508752 bytes were allocated.
>-Exiting MakeT 08/27/02 @ 13:37:18-<
<<Entering P2Use 08/27/02 @ 13:37:18>>
 P2Use                :: P[0] CheckSum  = 0.1279006156321167D+02
 P2Use                :: CPU Sec = 0.40D-01, WALL Sec = 0.60D-01
 P2Use                :: Allocs=53,  DeAllocs=44, 749804 bytes are presently allocated.
                         A max of 3005540 bytes were allocated.
>-Exiting P2Use 08/27/02 @ 13:37:18-<
<<Entering MakeRho 08/27/02 @ 13:37:19>>
 MakeRho : Pruned Rho :: dNel = -.57D-12, kept 100% of distributions.
 MakeRho : Moments    :: <r> = (-.30D-13, -.27D-14, 0.36D-14), <r^2> = 0.32D+03
 MakeRho              :: Rho CheckSum  = 0.3458428081811825D+04
 MakeRho              :: CPU Sec = 0.58D+00, WALL Sec = 0.59D+00
 MakeRho              :: Allocs=64,  DeAllocs=59, 728 bytes are presently allocated.
                         A max of 1108916 bytes were allocated.
>-Exiting MakeRho 08/27/02 @ 13:37:19-<
<<Entering QCTC 08/27/02 @ 13:37:19>>
 QCTC                 :: J[0] CheckSum  = 0.1848595439169059D+03
 QCTC                 :: CPU Sec = 0.44D+03, WALL Sec = 0.44D+03
 QCTC                 :: Allocs=43553,  DeAllocs=50, 7050224 bytes are presently allocated.
                         A max of 8556744 bytes were allocated.
>-Exiting QCTC 08/27/02 @ 13:44:40-<
<<Entering HiCu 08/27/02 @ 13:44:40>>
 HiCu.GridGen         :: Tau = 0.10D-01, <Rho> = 0.18029765D+03, <Exc> = -.33023509D+03, Pts/Atom = 1442
 HiCu.GridGen         :: Tau = 0.10D-02, <Rho> = 0.18004673D+03, <Exc> = -.32938016D+03, Pts/Atom = 3070
 HiCu.GridGen         :: Tau = 0.10D-03, <Rho> = 0.18000305D+03, <Exc> = -.32921852D+03, Pts/Atom = 5866
 HiCu.GridGen         :: Tau = 0.10D-04, <Rho> = 0.18000076D+03, <Exc> = -.32920819D+03, Pts/Atom = 10476
 HiCu.GridGen         :: Tau = 0.10D-05, <Rho> = 0.18000008D+03, <Exc> = -.32920785D+03, Pts/Atom = 19908
 HiCu.GridGen         :: Tau = 0.10D-06, <Rho> = 0.18000001D+03, <Exc> = -.32920817D+03, Pts/Atom = 37352
 HiCu.GridGen         :: TauRel = 0.10D-06, RhoErr = 0.47D-07, <Exc> = -.32920817D+03
 HiCu.GridGen         :: CPU Sec = 0.64D+03, WALL Sec = 0.64D+03
 HiCu.MakeKxc         :: CPU Sec = 0.27D+03, WALL Sec = 0.46D+04
 HiCu                 :: Kxc[0] CheckSum  = 0.2133185135966743D+02
 HiCu                 :: CPU Sec = 0.90D+03, WALL Sec = 0.52D+04
 HiCu                 :: Allocs=392882,  DeAllocs=192146, 161691128 bytes are presently allocated.
                         A max of 163197552 bytes were allocated.
>-Exiting HiCu 08/27/02 @ 15:11:21-<
<<Entering FockNGrueven 08/27/02 @ 15:11:21>>
 FockNGrueven         :: F[0] CheckSum  = 0.8350696713421978D+02
 FockNGrueven         :: OrthoF[0] CheckSum  = 0.7595568899532943D+02
 FockNGrueven         :: CPU (Sec,MFLOPS) = (0.28D+00, 197),
                         WALL(Sec,MFLOPS) = (0.28D+00, 197)
 FockNGrueven         :: Allocs=37,  DeAllocs=33, 380468 bytes are presently allocated.
                         A max of 2847168 bytes were allocated.
>-Exiting FockNGrueven 08/27/02 @ 15:11:21-<
<<Entering PM 08/27/02 @ 15:11:21>>
 PM                   :: Trix = 0.50D-03
 PM : Pure 1          :: dE=0.10D+01, dP=0.72D-01, ThrX=0.50D-03, %Non0=23
 PM : Pure 2          :: dE=0.57D-01, dP=0.66D-01, ThrX=0.50D-03, %Non0=23
 PM : Pure 3          :: dE=0.33D-01, dP=0.46D-01, ThrX=0.50D-03, %Non0=23
 PM : Pure 4          :: dE=0.11D-01, dP=0.37D-01, ThrX=0.50D-03, %Non0=23
 PM : Pure 5          :: dE=0.65D-02, dP=0.49D-01, ThrX=0.50D-03, %Non0=23
 PM : Pure 6          :: dE=0.88D-02, dP=0.70D-01, ThrX=0.50D-03, %Non0=24
 PM : Pure 7          :: dE=0.12D-01, dP=0.94D-01, ThrX=0.50D-03, %Non0=30
 PM : Pure 8          :: dE=0.14D-01, dP=0.11D+00, ThrX=0.50D-03, %Non0=37
 PM : Pure 9          :: dE=0.12D-01, dP=0.10D+00, ThrX=0.50D-03, %Non0=47
 PM : Pure 10         :: dE=0.80D-02, dP=0.70D-01, ThrX=0.50D-03, %Non0=59
 PM : Pure 11         :: dE=0.38D-02, dP=0.46D-01, ThrX=0.50D-03, %Non0=75
 PM : Pure 12         :: dE=0.19D-02, dP=0.41D-01, ThrX=0.50D-03, %Non0=88
 PM : Pure 13         :: dE=0.11D-02, dP=0.32D-01, ThrX=0.50D-03, %Non0=98
 PM : Pure 14         :: dE=0.54D-03, dP=0.22D-01, ThrX=0.50D-03, %Non0=99
 PM : Pure 15         :: dE=0.24D-03, dP=0.16D-01, ThrX=0.50D-03, %Non0=100
 PM : Pure 16         :: dE=0.11D-03, dP=0.12D-01, ThrX=0.50D-03, %Non0=100
 PM : Pure 17         :: dE=0.60D-04, dP=0.80D-02, ThrX=0.50D-03, %Non0=100
 PM : Pure 18         :: dE=0.26D-04, dP=0.39D-02, ThrX=0.50D-03, %Non0=100
 PM : Pure 19         :: dE=0.48D-05, dP=0.83D-03, ThrX=0.50D-03, %Non0=100
 PM : Pure 20         :: dE=0.15D-06, dP=0.29D-04, ThrX=0.50D-03, %Non0=100
 PM : Pure 21         :: dE=0.15D-09, dP=0.33D-07, ThrX=0.50D-03, %Non0=100
 PM : Pure 22         :: dE=0.36D-15, dP=0.40D-13, ThrX=0.50D-03, %Non0=100
 PM : Met dE/dP goals :: Tr{FP}=-.6342242218381570D+03, dNel = 0.00D+00
 PM                   :: 22 purification steps, 47 matrix multiplies
 PM                   :: Fractional occupation = 0.60D+00, %Non0s = 100
 PM : Max abs errors  :: dE=0.23D-12, dP=0.40D-13, [F,P]=0.16D-01
 PM                   :: Rel dE=0.36D-15, ||dP||_F=0.88D-12, ||[F,P]||_F=0.15D+00
 PM                   :: OrthoP[1] CheckSum  = 0.1341641889191315D+02
 PM                   :: P[1] CheckSum  = 0.1147359061098049D+02
 PM                   :: CPU (Sec,MFLOPS) = (0.67D+01, 233),
                         WALL(Sec,MFLOPS) = (0.67D+01, 233)
 PM                   :: Allocs=335,  DeAllocs=327, 1498120 bytes are presently allocated.
                         A max of 5244152 bytes were allocated.
>-Exiting PM 08/27/02 @ 15:11:28-<
<<Entering SCFStatus 08/27/02 @ 15:11:28>>
 
= = = = = SCFCycle #0, Basis #1, Geometry #1 = = = = =

       MaxDelD = 0.68D+00
       <T>     = 0.23203716D+04
       <V>     = -.42764692D+04
       <DFT>   = -.32920817D+03
       <SCF>   = -2285.30576345

 SCFStatus            :: CPU (Sec,MFLOPS) = (0.40D-01, 4),
                         WALL(Sec,MFLOPS) = (0.40D-01, 4)
 SCFStatus            :: Allocs=16,  DeAllocs=16, 0 bytes are presently allocated.
                         A max of 2247900 bytes were allocated.
>-Exiting SCFStatus 08/27/02 @ 15:11:28-<
<<Entering MakeRho 08/27/02 @ 15:11:28>>
 MakeRho : Pruned Rho :: dNel = -.18D-07, kept 22% of distributions.
 MakeRho : Moments    :: <r> = (-.14D-01, 0.13D-01, 0.37D-01), <r^2> = 0.34D+03
 MakeRho              :: Rho CheckSum  = 0.3307063317498163D+04
 MakeRho              :: CPU Sec = 0.25D+02, WALL Sec = 0.25D+02
 MakeRho              :: Allocs=64,  DeAllocs=59, 728 bytes are presently allocated.
                         A max of 41956900 bytes were allocated.
>-Exiting MakeRho 08/27/02 @ 15:11:53-<
<<Entering QCTC 08/27/02 @ 15:11:53>>
 QCTC                 :: J[1] CheckSum  = 0.1862092340107148D+03
 QCTC                 :: CPU Sec = 0.98D+03, WALL Sec = 0.53D+04
 QCTC                 :: Allocs=577063,  DeAllocs=50, 97457008 bytes are presently allocated.
                         A max of 110665920 bytes were allocated.
>-Exiting QCTC 08/27/02 @ 16:39:53-<
<<Entering HiCu 08/27/02 @ 16:39:53>>
 HiCu.GridGen         :: Tau = 0.10D-01, <Rho> = 0.17991768D+03, <Exc> = -.32388216D+03, Pts/Atom = 1353
 HiCu.GridGen         :: Tau = 0.10D-02, <Rho> = 0.18003152D+03, <Exc> = -.32478529D+03, Pts/Atom = 2894
 HiCu.GridGen         :: Tau = 0.10D-03, <Rho> = 0.17999849D+03, <Exc> = -.32470003D+03, Pts/Atom = 5513
 HiCu.GridGen         :: Tau = 0.10D-04, <Rho> = 0.17999956D+03, <Exc> = -.32470821D+03, Pts/Atom = 10318
 HiCu.GridGen         :: Tau = 0.10D-05, <Rho> = 0.18000008D+03, <Exc> = -.32470960D+03, Pts/Atom = 19722
 HiCu.GridGen         :: Tau = 0.10D-06, <Rho> = 0.18000002D+03, <Exc> = -.32470989D+03, Pts/Atom = 36964
 HiCu.GridGen         :: TauRel = 0.10D-06, RhoErr = 0.12D-06, <Exc> = -.32470989D+03
 HiCu.GridGen         :: WALL (Sec) = 0.78D+04
 HiCu.MakeKxc         :: CPU Sec = 0.22D+03, WALL Sec = 0.45D+04
 HiCu                 :: Kxc[1] CheckSum  = 0.2126013216636536D+02
 HiCu                 :: WALL (Sec) = 0.12D+05
 HiCu                 :: Allocs=495594,  DeAllocs=190151, 165961000 bytes are presently allocated.
                         A max of 167467424 bytes were allocated.
>-Exiting HiCu 08/27/02 @ 20:05:10-<
<<Entering FockNGrueven 08/27/02 @ 20:05:10>>
 FockNGrueven         :: F[1] CheckSum  = 0.8480427111597533D+02
 FockNGrueven         :: OrthoF[1] CheckSum  = 0.7708809265542651D+02
 FockNGrueven         :: CPU (Sec,MFLOPS) = (0.28D+00, 197),
                         WALL(Sec,MFLOPS) = (0.28D+00, 197)
 FockNGrueven         :: Allocs=37,  DeAllocs=33, 380468 bytes are presently allocated.
                         A max of 2847168 bytes were allocated.
>-Exiting FockNGrueven 08/27/02 @ 20:05:11-<
<<Entering DIIS 08/27/02 @ 20:05:11>>
 DIIS : Damping       :: Co = 0.80D+00, 0.20D+00
 DIIS                 :: F_DIIS[1] CheckSum  = 0.7618149106767969D+02
 DIIS                 :: CPU (Sec,MFLOPS) = (0.47D+00, 229),
                         WALL(Sec,MFLOPS) = (0.48D+00, 225)
 DIIS                 :: Allocs=34,  DeAllocs=30, 144 bytes are presently allocated.
                         A max of 3026148 bytes were allocated.
>-Exiting DIIS 08/27/02 @ 20:05:11-<
<<Entering PM 08/27/02 @ 20:05:11>>
 PM                   :: Trix = 0.50D-03
 PM : Pure 1          :: dE=0.10D+01, dP=0.72D-01, ThrX=0.50D-03, %Non0=23
 PM : Pure 2          :: dE=0.57D-01, dP=0.66D-01, ThrX=0.50D-03, %Non0=23
 PM : Pure 3          :: dE=0.33D-01, dP=0.46D-01, ThrX=0.50D-03, %Non0=23
 PM : Pure 4          :: dE=0.11D-01, dP=0.37D-01, ThrX=0.50D-03, %Non0=23
 PM : Pure 5          :: dE=0.64D-02, dP=0.49D-01, ThrX=0.50D-03, %Non0=23
 PM : Pure 6          :: dE=0.87D-02, dP=0.70D-01, ThrX=0.50D-03, %Non0=24
 PM : Pure 7          :: dE=0.12D-01, dP=0.94D-01, ThrX=0.50D-03, %Non0=30
 PM : Pure 8          :: dE=0.13D-01, dP=0.11D+00, ThrX=0.50D-03, %Non0=37
 PM : Pure 9          :: dE=0.12D-01, dP=0.10D+00, ThrX=0.50D-03, %Non0=47
 PM : Pure 10         :: dE=0.80D-02, dP=0.70D-01, ThrX=0.50D-03, %Non0=59
 PM : Pure 11         :: dE=0.38D-02, dP=0.46D-01, ThrX=0.50D-03, %Non0=74
 PM : Pure 12         :: dE=0.19D-02, dP=0.41D-01, ThrX=0.50D-03, %Non0=88
 PM : Pure 13         :: dE=0.11D-02, dP=0.32D-01, ThrX=0.50D-03, %Non0=98
 PM : Pure 14         :: dE=0.53D-03, dP=0.22D-01, ThrX=0.50D-03, %Non0=99
 PM : Pure 15         :: dE=0.23D-03, dP=0.16D-01, ThrX=0.50D-03, %Non0=100
 PM : Pure 16         :: dE=0.11D-03, dP=0.12D-01, ThrX=0.50D-03, %Non0=100
 PM : Pure 17         :: dE=0.59D-04, dP=0.80D-02, ThrX=0.50D-03, %Non0=100
 PM : Pure 18         :: dE=0.25D-04, dP=0.40D-02, ThrX=0.50D-03, %Non0=100
 PM : Pure 19         :: dE=0.48D-05, dP=0.83D-03, ThrX=0.50D-03, %Non0=100
 PM : Pure 20         :: dE=0.15D-06, dP=0.29D-04, ThrX=0.50D-03, %Non0=100
 PM : Pure 21         :: dE=0.15D-09, dP=0.34D-07, ThrX=0.50D-03, %Non0=100
 PM : Pure 22         :: dE=0.71D-15, dP=0.44D-13, ThrX=0.50D-03, %Non0=100
 PM : Hit dE increase :: Tr{FP}=-.6370864328601144D+03, dNel = 0.00D+00
 PM                   :: 22 purification steps, 47 matrix multiplies
 PM                   :: Fractional occupation = 0.60D+00, %Non0s = 100
 PM : Max abs errors  :: dE=0.45D-12, dP=0.44D-13, [F,P]=0.16D-01
 PM                   :: Rel dE=0.71D-15, ||dP||_F=0.94D-12, ||[F,P]||_F=0.15D+00
 PM                   :: OrthoP[2] CheckSum  = 0.1341642049666067D+02
 PM                   :: P[2] CheckSum  = 0.1147524723581995D+02
 PM                   :: CPU (Sec,MFLOPS) = (0.67D+01, 233),
                         WALL(Sec,MFLOPS) = (0.67D+01, 233)
 PM                   :: Allocs=335,  DeAllocs=327, 1498120 bytes are presently allocated.
                         A max of 5244152 bytes were allocated.
>-Exiting PM 08/27/02 @ 20:05:18-<
<<Entering SCFStatus 08/27/02 @ 20:05:18>>
 
= = = = = SCFCycle #1, Basis #1, Geometry #1 = = = = =

       DIISErr = 0.70D-03
       MaxDelD = 0.33D-02
       <T>     = 0.22587820D+04
       <V>     = -.42121677D+04
       <DFT>   = -.32470989D+03
       <SCF>   = -2278.09565593

 SCFStatus            :: CPU (Sec,MFLOPS) = (0.50D-01, 13),
                         WALL(Sec,MFLOPS) = (0.50D-01, 13)
 SCFStatus            :: Allocs=16,  DeAllocs=16, 0 bytes are presently allocated.
                         A max of 2247900 bytes were allocated.
>-Exiting SCFStatus 08/27/02 @ 20:05:18-<
<<Entering MakeRho 08/27/02 @ 20:05:18>>
 MakeRho : Pruned Rho :: dNel = -.18D-07, kept 22% of distributions.
 MakeRho : Moments    :: <r> = (-.80D-02, 0.50D-02, 0.11D-01), <r^2> = 0.34D+03
 MakeRho              :: Rho CheckSum  = 0.3307592785404790D+04
 MakeRho              :: CPU Sec = 0.25D+02, WALL Sec = 0.25D+02
 MakeRho              :: Allocs=64,  DeAllocs=59, 728 bytes are presently allocated.
                         A max of 41955956 bytes were allocated.
>-Exiting MakeRho 08/27/02 @ 20:05:43-<
<<Entering QCTC 08/27/02 @ 20:05:43>>
 QCTC                 :: J[2] CheckSum  = 0.1861823818438819D+03
 QCTC                 :: CPU Sec = 0.98D+03, WALL Sec = 0.53D+04
 QCTC                 :: Allocs=576923,  DeAllocs=50, 97435856 bytes are presently allocated.
                         A max of 110642816 bytes were allocated.
>-Exiting QCTC 08/27/02 @ 21:33:43-<
<<Entering HiCu 08/27/02 @ 21:33:43>>
 HiCu.GridGen         :: Tau = 0.10D-01, <Rho> = 0.17991771D+03, <Exc> = -.32390876D+03, Pts/Atom = 1353
 HiCu.GridGen         :: Tau = 0.10D-02, <Rho> = 0.18003165D+03, <Exc> = -.32481258D+03, Pts/Atom = 2894
 HiCu.GridGen         :: Tau = 0.10D-03, <Rho> = 0.17999845D+03, <Exc> = -.32472580D+03, Pts/Atom = 5516
 HiCu.GridGen         :: Tau = 0.10D-04, <Rho> = 0.17999954D+03, <Exc> = -.32473425D+03, Pts/Atom = 10313
 HiCu.GridGen         :: Tau = 0.10D-05, <Rho> = 0.18000008D+03, <Exc> = -.32473573D+03, Pts/Atom = 19721
 HiCu.GridGen         :: Tau = 0.10D-06, <Rho> = 0.18000002D+03, <Exc> = -.32473602D+03, Pts/Atom = 36975
 HiCu.GridGen         :: TauRel = 0.10D-06, RhoErr = 0.12D-06, <Exc> = -.32473602D+03
 HiCu.GridGen         :: WALL (Sec) = 0.78D+04
 HiCu.MakeKxc         :: CPU Sec = 0.22D+03, WALL Sec = 0.45D+04
 HiCu                 :: Kxc[2] CheckSum  = 0.2126069929332314D+02
 HiCu                 :: WALL (Sec) = 0.12D+05
 HiCu                 :: Allocs=495680,  DeAllocs=190208, 166008608 bytes are presently allocated.
                         A max of 167515032 bytes were allocated.
>-Exiting HiCu 08/28/02 @ 00:59:01-<
<<Entering FockNGrueven 08/28/02 @ 00:59:01>>
 FockNGrueven         :: F[2] CheckSum  = 0.8477478809479062D+02
 FockNGrueven         :: OrthoF[2] CheckSum  = 0.7706723900829547D+02
 FockNGrueven         :: CPU (Sec,MFLOPS) = (0.27D+00, 204),
                         WALL(Sec,MFLOPS) = (0.28D+00, 197)
 FockNGrueven         :: Allocs=37,  DeAllocs=33, 380468 bytes are presently allocated.
                         A max of 2847168 bytes were allocated.
>-Exiting FockNGrueven 08/28/02 @ 00:59:02-<
<<Entering DIIS 08/28/02 @ 00:59:02>>
 DIIS                 :: Cond# = 0.20D+04, MIN(E) = 0.74D-03
 DIIS : Pulay C1      :: DIISCo = -.27D+01, 0.37D+01
 DIIS                 :: F_DIIS[2] CheckSum  = 0.7701141862198180D+02
 DIIS                 :: CPU (Sec,MFLOPS) = (0.52D+00, 208),
                         WALL(Sec,MFLOPS) = (0.52D+00, 208)
 DIIS                 :: Allocs=45,  DeAllocs=40, 216 bytes are presently allocated.
                         A max of 3026148 bytes were allocated.
>-Exiting DIIS 08/28/02 @ 00:59:02-<
<<Entering PM 08/28/02 @ 00:59:02>>
 PM                   :: Trix = 0.50D-03
 PM : Pure 1          :: dE=0.10D+01, dP=0.72D-01, ThrX=0.50D-03, %Non0=23
 PM : Pure 2          :: dE=0.56D-01, dP=0.65D-01, ThrX=0.50D-03, %Non0=23
 PM : Pure 3          :: dE=0.32D-01, dP=0.46D-01, ThrX=0.50D-03, %Non0=23
 PM : Pure 4          :: dE=0.11D-01, dP=0.36D-01, ThrX=0.50D-03, %Non0=23
 PM : Pure 5          :: dE=0.62D-02, dP=0.49D-01, ThrX=0.50D-03, %Non0=23
 PM : Pure 6          :: dE=0.84D-02, dP=0.69D-01, ThrX=0.50D-03, %Non0=24
 PM : Pure 7          :: dE=0.11D-01, dP=0.92D-01, ThrX=0.50D-03, %Non0=30
 PM : Pure 8          :: dE=0.13D-01, dP=0.11D+00, ThrX=0.50D-03, %Non0=36
 PM : Pure 9          :: dE=0.12D-01, dP=0.11D+00, ThrX=0.50D-03, %Non0=46
 PM : Pure 10         :: dE=0.80D-02, dP=0.72D-01, ThrX=0.50D-03, %Non0=58
 PM : Pure 11         :: dE=0.39D-02, dP=0.46D-01, ThrX=0.50D-03, %Non0=74
 PM : Pure 12         :: dE=0.19D-02, dP=0.41D-01, ThrX=0.50D-03, %Non0=87
 PM : Pure 13         :: dE=0.11D-02, dP=0.32D-01, ThrX=0.50D-03, %Non0=98
 PM : Pure 14         :: dE=0.52D-03, dP=0.22D-01, ThrX=0.50D-03, %Non0=99
 PM : Pure 15         :: dE=0.23D-03, dP=0.16D-01, ThrX=0.50D-03, %Non0=100
 PM : Pure 16         :: dE=0.11D-03, dP=0.12D-01, ThrX=0.50D-03, %Non0=100
 PM : Pure 17         :: dE=0.58D-04, dP=0.81D-02, ThrX=0.50D-03, %Non0=100
 PM : Pure 18         :: dE=0.25D-04, dP=0.40D-02, ThrX=0.50D-03, %Non0=100
 PM : Pure 19         :: dE=0.47D-05, dP=0.85D-03, ThrX=0.50D-03, %Non0=100
 PM : Pure 20         :: dE=0.15D-06, dP=0.31D-04, ThrX=0.50D-03, %Non0=100
 PM : Pure 21         :: dE=0.16D-09, dP=0.39D-07, ThrX=0.50D-03, %Non0=100
 PM : Pure 22         :: dE=0.35D-15, dP=0.56D-13, ThrX=0.50D-03, %Non0=100
 PM : Met dE/dP goals :: Tr{FP}=-.6469586384093751D+03, dNel = 0.00D+00
 PM                   :: 22 purification steps, 47 matrix multiplies
 PM                   :: Fractional occupation = 0.60D+00, %Non0s = 100
 PM : Max abs errors  :: dE=0.23D-12, dP=0.56D-13, [F,P]=0.16D-01
 PM                   :: Rel dE=0.35D-15, ||dP||_F=0.10D-11, ||[F,P]||_F=0.14D+00
 PM                   :: OrthoP[3] CheckSum  = 0.1341642688867735D+02
 PM                   :: P[3] CheckSum  = 0.1148085837660497D+02
 PM                   :: CPU (Sec,MFLOPS) = (0.67D+01, 233),
                         WALL(Sec,MFLOPS) = (0.67D+01, 233)
 PM                   :: Allocs=339,  DeAllocs=331, 1498120 bytes are presently allocated.
                         A max of 5244152 bytes were allocated.
>-Exiting PM 08/28/02 @ 00:59:09-<
<<Entering SCFStatus 08/28/02 @ 00:59:09>>
 
= = = = = SCFCycle #2, Basis #1, Geometry #1 = = = = =

       DIISErr = 0.62D-03
       MaxDelD = 0.22D-01
       <T>     = 0.22590923D+04
       <V>     = -.42124555D+04
       <DFT>   = -.32473602D+03
       <SCF>   = -2278.09929527

 SCFStatus            :: CPU (Sec,MFLOPS) = (0.60D-01, 11),
                         WALL(Sec,MFLOPS) = (0.60D-01, 11)
 SCFStatus            :: Allocs=16,  DeAllocs=16, 0 bytes are presently allocated.
                         A max of 2247900 bytes were allocated.
>-Exiting SCFStatus 08/28/02 @ 00:59:09-<
<<Entering MakeRho 08/28/02 @ 00:59:09>>
 MakeRho : Pruned Rho :: dNel = -.19D-07, kept 22% of distributions.
 MakeRho : Moments    :: <r> = (-.38D-01, 0.63D-01, 0.22D+00), <r^2> = 0.34D+03
 MakeRho              :: Rho CheckSum  = 0.3309799470030516D+04
 MakeRho              :: CPU Sec = 0.25D+02, WALL Sec = 0.25D+02
 MakeRho              :: Allocs=64,  DeAllocs=59, 728 bytes are presently allocated.
                         A max of 41954740 bytes were allocated.
>-Exiting MakeRho 08/28/02 @ 00:59:34-<
<<Entering QCTC 08/28/02 @ 00:59:34>>
 QCTC                 :: J[3] CheckSum  = 0.1861302464434010D+03
 QCTC                 :: CPU Sec = 0.97D+03, WALL Sec = 0.53D+04
 QCTC                 :: Allocs=576673,  DeAllocs=50, 97399024 bytes are presently allocated.
                         A max of 110602968 bytes were allocated.
>-Exiting QCTC 08/28/02 @ 02:27:23-<
<<Entering HiCu 08/28/02 @ 02:27:23>>
 HiCu.GridGen         :: Tau = 0.10D-01, <Rho> = 0.17992218D+03, <Exc> = -.32402961D+03, Pts/Atom = 1353
 HiCu.GridGen         :: Tau = 0.10D-02, <Rho> = 0.18003094D+03, <Exc> = -.32489296D+03, Pts/Atom = 2898
 HiCu.GridGen         :: Tau = 0.10D-03, <Rho> = 0.17999845D+03, <Exc> = -.32481083D+03, Pts/Atom = 5517
 HiCu.GridGen         :: Tau = 0.10D-04, <Rho> = 0.17999956D+03, <Exc> = -.32481935D+03, Pts/Atom = 10313
 HiCu.GridGen         :: Tau = 0.10D-05, <Rho> = 0.18000008D+03, <Exc> = -.32482076D+03, Pts/Atom = 19729
 HiCu.GridGen         :: Tau = 0.10D-06, <Rho> = 0.18000002D+03, <Exc> = -.32482104D+03, Pts/Atom = 36942
 HiCu.GridGen         :: TauRel = 0.10D-06, RhoErr = 0.12D-06, <Exc> = -.32482104D+03
 HiCu.GridGen         :: WALL (Sec) = 0.78D+04
 HiCu.MakeKxc         :: CPU Sec = 0.22D+03, WALL Sec = 0.45D+04
 HiCu                 :: Kxc[3] CheckSum  = 0.2126225005985961D+02
 HiCu                 :: WALL (Sec) = 0.12D+05
 HiCu                 :: Allocs=495294,  DeAllocs=190040, 165867472 bytes are presently allocated.
                         A max of 167373896 bytes were allocated.
>-Exiting HiCu 08/28/02 @ 05:52:39-<
<<Entering FockNGrueven 08/28/02 @ 05:52:39>>
 FockNGrueven         :: F[3] CheckSum  = 0.8471922864648903D+02
 FockNGrueven         :: OrthoF[3] CheckSum  = 0.7702637575446923D+02
 FockNGrueven         :: CPU (Sec,MFLOPS) = (0.28D+00, 197),
                         WALL(Sec,MFLOPS) = (0.28D+00, 197)
 FockNGrueven         :: Allocs=37,  DeAllocs=33, 380468 bytes are presently allocated.
                         A max of 2847168 bytes were allocated.
>-Exiting FockNGrueven 08/28/02 @ 05:52:39-<
<<Entering DIIS 08/28/02 @ 05:52:39>>
 DIIS                 :: Cond# = 0.64D+04, MIN(E) = 0.28D-03
 DIIS : Pulay C1      :: DIISCo = -.13D+01, 0.17D+01, 0.55D+00
 DIIS                 :: F_DIIS[3] CheckSum  = 0.7701785581761484D+02
 DIIS                 :: CPU (Sec,MFLOPS) = (0.56D+00, 195),
                         WALL(Sec,MFLOPS) = (0.56D+00, 195)
 DIIS                 :: Allocs=49,  DeAllocs=44, 272 bytes are presently allocated.
                         A max of 3026148 bytes were allocated.
>-Exiting DIIS 08/28/02 @ 05:52:40-<
<<Entering PM 08/28/02 @ 05:52:40>>
 PM                   :: Trix = 0.50D-03
 PM : Pure 1          :: dE=0.10D+01, dP=0.72D-01, ThrX=0.50D-03, %Non0=23
 PM : Pure 2          :: dE=0.56D-01, dP=0.66D-01, ThrX=0.50D-03, %Non0=23
 PM : Pure 3          :: dE=0.32D-01, dP=0.46D-01, ThrX=0.50D-03, %Non0=23
 PM : Pure 4          :: dE=0.11D-01, dP=0.37D-01, ThrX=0.50D-03, %Non0=23
 PM : Pure 5          :: dE=0.62D-02, dP=0.49D-01, ThrX=0.50D-03, %Non0=23
 PM : Pure 6          :: dE=0.84D-02, dP=0.69D-01, ThrX=0.50D-03, %Non0=24
 PM : Pure 7          :: dE=0.11D-01, dP=0.94D-01, ThrX=0.50D-03, %Non0=30
 PM : Pure 8          :: dE=0.13D-01, dP=0.11D+00, ThrX=0.50D-03, %Non0=36
 PM : Pure 9          :: dE=0.12D-01, dP=0.11D+00, ThrX=0.50D-03, %Non0=46
 PM : Pure 10         :: dE=0.80D-02, dP=0.72D-01, ThrX=0.50D-03, %Non0=58
 PM : Pure 11         :: dE=0.39D-02, dP=0.46D-01, ThrX=0.50D-03, %Non0=74
 PM : Pure 12         :: dE=0.19D-02, dP=0.41D-01, ThrX=0.50D-03, %Non0=87
 PM : Pure 13         :: dE=0.11D-02, dP=0.32D-01, ThrX=0.50D-03, %Non0=98
 PM : Pure 14         :: dE=0.52D-03, dP=0.22D-01, ThrX=0.50D-03, %Non0=99
 PM : Pure 15         :: dE=0.23D-03, dP=0.16D-01, ThrX=0.50D-03, %Non0=100
 PM : Pure 16         :: dE=0.11D-03, dP=0.12D-01, ThrX=0.50D-03, %Non0=100
 PM : Pure 17         :: dE=0.58D-04, dP=0.81D-02, ThrX=0.50D-03, %Non0=100
 PM : Pure 18         :: dE=0.25D-04, dP=0.41D-02, ThrX=0.50D-03, %Non0=100
 PM : Pure 19         :: dE=0.47D-05, dP=0.89D-03, ThrX=0.50D-03, %Non0=100
 PM : Pure 20         :: dE=0.15D-06, dP=0.34D-04, ThrX=0.50D-03, %Non0=100
 PM : Pure 21         :: dE=0.17D-09, dP=0.48D-07, ThrX=0.50D-03, %Non0=100
 PM : Pure 22         :: dE=0.53D-15, dP=0.99D-13, ThrX=0.50D-03, %Non0=100
 PM : Met dE/dP goals :: Tr{FP}=-.6471278445301188D+03, dNel = 0.17D-12
 PM                   :: 22 purification steps, 47 matrix multiplies
 PM                   :: Fractional occupation = 0.60D+00, %Non0s = 100
 PM : Max abs errors  :: dE=0.34D-12, dP=0.99D-13, [F,P]=0.15D-01
 PM                   :: Rel dE=0.53D-15, ||dP||_F=0.17D-11, ||[F,P]||_F=0.14D+00
 PM                   :: OrthoP[4] CheckSum  = 0.1341642344966880D+02
 PM                   :: P[4] CheckSum  = 0.1148099601573835D+02
 PM                   :: CPU (Sec,MFLOPS) = (0.67D+01, 233),
                         WALL(Sec,MFLOPS) = (0.67D+01, 233)
 PM                   :: Allocs=339,  DeAllocs=331, 1498120 bytes are presently allocated.
                         A max of 5244152 bytes were allocated.
>-Exiting PM 08/28/02 @ 05:52:46-<
<<Entering SCFStatus 08/28/02 @ 05:52:47>>
 
= = = = = SCFCycle #3, Basis #1, Geometry #1 = = = = =

       DIISErr = 0.50D-03
       MaxDelD = 0.16D-01
       <T>     = 0.22602379D+04
       <V>     = -.42135182D+04
       <DFT>   = -.32482104D+03
       <SCF>   = -2278.10137833

 SCFStatus            :: CPU (Sec,MFLOPS) = (0.60D-01, 11),
                         WALL(Sec,MFLOPS) = (0.60D-01, 11)
 SCFStatus            :: Allocs=16,  DeAllocs=16, 0 bytes are presently allocated.
                         A max of 2247900 bytes were allocated.
>-Exiting SCFStatus 08/28/02 @ 05:52:47-<
<<Entering MakeRho 08/28/02 @ 05:52:47>>
 MakeRho : Pruned Rho :: dNel = -.18D-07, kept 22% of distributions.
 MakeRho : Moments    :: <r> = (0.44D-01, -.75D-01, -.30D+00), <r^2> = 0.33D+03
 MakeRho              :: Rho CheckSum  = 0.3309774807231155D+04
 MakeRho              :: CPU Sec = 0.25D+02, WALL Sec = 0.25D+02
 MakeRho              :: Allocs=64,  DeAllocs=59, 728 bytes are presently allocated.
                         A max of 41956156 bytes were allocated.
>-Exiting MakeRho 08/28/02 @ 05:53:11-<
<<Entering QCTC 08/28/02 @ 05:53:12>>
 QCTC                 :: J[4] CheckSum  = 0.1861236008578999D+03
 QCTC                 :: CPU Sec = 0.97D+03, WALL Sec = 0.53D+04
 QCTC                 :: Allocs=576688,  DeAllocs=50, 97403920 bytes are presently allocated.
                         A max of 110609388 bytes were allocated.
>-Exiting QCTC 08/28/02 @ 07:20:58-<
<<Entering HiCu 08/28/02 @ 07:20:58>>
 HiCu.GridGen         :: Tau = 0.10D-01, <Rho> = 0.17992505D+03, <Exc> = -.32405597D+03, Pts/Atom = 1355
 HiCu.GridGen         :: Tau = 0.10D-02, <Rho> = 0.18003701D+03, <Exc> = -.32489869D+03, Pts/Atom = 2900
 HiCu.GridGen         :: Tau = 0.10D-03, <Rho> = 0.17999899D+03, <Exc> = -.32481390D+03, Pts/Atom = 5514
 HiCu.GridGen         :: Tau = 0.10D-04, <Rho> = 0.17999960D+03, <Exc> = -.32482129D+03, Pts/Atom = 10313
 HiCu.GridGen         :: Tau = 0.10D-05, <Rho> = 0.18000008D+03, <Exc> = -.32482268D+03, Pts/Atom = 19726
 HiCu.GridGen         :: Tau = 0.10D-06, <Rho> = 0.18000002D+03, <Exc> = -.32482297D+03, Pts/Atom = 36955
 HiCu.GridGen         :: TauRel = 0.10D-06, RhoErr = 0.12D-06, <Exc> = -.32482297D+03
 HiCu.GridGen         :: WALL (Sec) = 0.78D+04
 HiCu.MakeKxc         :: CPU Sec = 0.22D+03, WALL Sec = 0.45D+04
 HiCu                 :: Kxc[4] CheckSum  = 0.2126232566769763D+02
 HiCu                 :: WALL (Sec) = 0.12D+05
 HiCu                 :: Allocs=495435,  DeAllocs=190109, 165926776 bytes are presently allocated.
                         A max of 167433200 bytes were allocated.
>-Exiting HiCu 08/28/02 @ 10:46:10-<
<<Entering FockNGrueven 08/28/02 @ 10:46:10>>
 FockNGrueven         :: F[4] CheckSum  = 0.8471175707775358D+02
 FockNGrueven         :: OrthoF[4] CheckSum  = 0.7702131380697963D+02
 FockNGrueven         :: CPU (Sec,MFLOPS) = (0.27D+00, 204),
                         WALL(Sec,MFLOPS) = (0.28D+00, 197)
 FockNGrueven         :: Allocs=37,  DeAllocs=33, 380468 bytes are presently allocated.
                         A max of 2847168 bytes were allocated.
>-Exiting FockNGrueven 08/28/02 @ 10:46:10-<
<<Entering DIIS 08/28/02 @ 10:46:10>>
 DIIS                 :: Cond# = 0.12D+05, MIN(E) = 0.18D-03
 DIIS : Pulay C1      :: DIISCo = -.60D+00, 0.83D+00, 0.44D+00, 0.33D+00
 DIIS                 :: F_DIIS[4] CheckSum  = 0.7702149245137507D+02
 DIIS                 :: CPU (Sec,MFLOPS) = (0.61D+00, 180),
                         WALL(Sec,MFLOPS) = (0.61D+00, 180)
 DIIS                 :: Allocs=54,  DeAllocs=49, 344 bytes are presently allocated.
                         A max of 3026148 bytes were allocated.
>-Exiting DIIS 08/28/02 @ 10:46:11-<
<<Entering PM 08/28/02 @ 10:46:11>>
 PM                   :: Trix = 0.50D-03
 PM : Pure 1          :: dE=0.10D+01, dP=0.72D-01, ThrX=0.50D-03, %Non0=23
 PM : Pure 2          :: dE=0.56D-01, dP=0.65D-01, ThrX=0.50D-03, %Non0=23
 PM : Pure 3          :: dE=0.32D-01, dP=0.46D-01, ThrX=0.50D-03, %Non0=23
 PM : Pure 4          :: dE=0.11D-01, dP=0.36D-01, ThrX=0.50D-03, %Non0=23
 PM : Pure 5          :: dE=0.62D-02, dP=0.48D-01, ThrX=0.50D-03, %Non0=23
 PM : Pure 6          :: dE=0.84D-02, dP=0.69D-01, ThrX=0.50D-03, %Non0=24
 PM : Pure 7          :: dE=0.11D-01, dP=0.93D-01, ThrX=0.50D-03, %Non0=30
 PM : Pure 8          :: dE=0.13D-01, dP=0.11D+00, ThrX=0.50D-03, %Non0=36
 PM : Pure 9          :: dE=0.12D-01, dP=0.11D+00, ThrX=0.50D-03, %Non0=46
 PM : Pure 10         :: dE=0.80D-02, dP=0.72D-01, ThrX=0.50D-03, %Non0=58
 PM : Pure 11         :: dE=0.39D-02, dP=0.46D-01, ThrX=0.50D-03, %Non0=74
 PM : Pure 12         :: dE=0.19D-02, dP=0.41D-01, ThrX=0.50D-03, %Non0=87
 PM : Pure 13         :: dE=0.11D-02, dP=0.32D-01, ThrX=0.50D-03, %Non0=98
 PM : Pure 14         :: dE=0.52D-03, dP=0.22D-01, ThrX=0.50D-03, %Non0=99
 PM : Pure 15         :: dE=0.23D-03, dP=0.16D-01, ThrX=0.50D-03, %Non0=100
 PM : Pure 16         :: dE=0.11D-03, dP=0.12D-01, ThrX=0.50D-03, %Non0=100
 PM : Pure 17         :: dE=0.58D-04, dP=0.81D-02, ThrX=0.50D-03, %Non0=100
 PM : Pure 18         :: dE=0.25D-04, dP=0.40D-02, ThrX=0.50D-03, %Non0=100
 PM : Pure 19         :: dE=0.46D-05, dP=0.85D-03, ThrX=0.50D-03, %Non0=100
 PM : Pure 20         :: dE=0.15D-06, dP=0.31D-04, ThrX=0.50D-03, %Non0=100
 PM : Pure 21         :: dE=0.15D-09, dP=0.39D-07, ThrX=0.50D-03, %Non0=100
 PM : Pure 22         :: dE=0.35D-15, dP=0.56D-13, ThrX=0.50D-03, %Non0=100
 PM : Hit dE increase :: Tr{FP}=-.6472142195293176D+03, dNel = 0.00D+00
 PM                   :: 22 purification steps, 47 matrix multiplies
 PM                   :: Fractional occupation = 0.60D+00, %Non0s = 100
 PM : Max abs errors  :: dE=0.23D-12, dP=0.56D-13, [F,P]=0.16D-01
 PM                   :: Rel dE=0.35D-15, ||dP||_F=0.11D-11, ||[F,P]||_F=0.14D+00
 PM                   :: OrthoP[5] CheckSum  = 0.1341642775835574D+02
 PM                   :: P[5] CheckSum  = 0.1148106594307346D+02
 PM                   :: CPU (Sec,MFLOPS) = (0.66D+01, 234),
                         WALL(Sec,MFLOPS) = (0.67D+01, 233)
 PM                   :: Allocs=339,  DeAllocs=331, 1498120 bytes are presently allocated.
                         A max of 5244152 bytes were allocated.
>-Exiting PM 08/28/02 @ 10:46:18-<
<<Entering SCFStatus 08/28/02 @ 10:46:18>>
 
= = = = = SCFCycle #4, Basis #1, Geometry #1 = = = = =

       DIISErr = 0.51D-03
       MaxDelD = 0.10D-01
       <T>     = 0.22602421D+04
       <V>     = -.42135198D+04
       <DFT>   = -.32482297D+03
       <SCF>   = -2278.10071468

 SCFStatus            :: CPU (Sec,MFLOPS) = (0.50D-01, 13),
                         WALL(Sec,MFLOPS) = (0.50D-01, 13)
 SCFStatus            :: Allocs=16,  DeAllocs=16, 0 bytes are presently allocated.
                         A max of 2247900 bytes were allocated.
>-Exiting SCFStatus 08/28/02 @ 10:46:18-<
<<Entering MakeRho 08/28/02 @ 10:46:18>>
 MakeRho : Pruned Rho :: dNel = -.18D-07, kept 22% of distributions.
 MakeRho : Moments    :: <r> = (-.15D-01, 0.17D-01, 0.78D-01), <r^2> = 0.33D+03
 MakeRho              :: Rho CheckSum  = 0.3309764091868011D+04
 MakeRho              :: CPU Sec = 0.25D+02, WALL Sec = 0.25D+02
 MakeRho              :: Allocs=64,  DeAllocs=59, 728 bytes are presently allocated.
                         A max of 41955516 bytes were allocated.
>-Exiting MakeRho 08/28/02 @ 10:46:42-<
<<Entering QCTC 08/28/02 @ 10:46:42>>
 QCTC                 :: J[5] CheckSum  = 0.1861201286079809D+03
 QCTC                 :: CPU Sec = 0.97D+03, WALL Sec = 0.53D+04
 QCTC                 :: Allocs=576648,  DeAllocs=50, 97397136 bytes are presently allocated.
                         A max of 110601676 bytes were allocated.
>-Exiting QCTC 08/28/02 @ 12:14:28-<
<<Entering HiCu 08/28/02 @ 12:14:28>>
 HiCu.GridGen         :: Tau = 0.10D-01, <Rho> = 0.17992114D+03, <Exc> = -.32402336D+03, Pts/Atom = 1355
 HiCu.GridGen         :: Tau = 0.10D-02, <Rho> = 0.18003159D+03, <Exc> = -.32490005D+03, Pts/Atom = 2895
 HiCu.GridGen         :: Tau = 0.10D-03, <Rho> = 0.17999850D+03, <Exc> = -.32481404D+03, Pts/Atom = 5515
 HiCu.GridGen         :: Tau = 0.10D-04, <Rho> = 0.17999952D+03, <Exc> = -.32482194D+03, Pts/Atom = 10315
 HiCu.GridGen         :: Tau = 0.10D-05, <Rho> = 0.18000008D+03, <Exc> = -.32482356D+03, Pts/Atom = 19733
 HiCu.GridGen         :: Tau = 0.10D-06, <Rho> = 0.18000002D+03, <Exc> = -.32482386D+03, Pts/Atom = 36965
 HiCu.GridGen         :: TauRel = 0.10D-06, RhoErr = 0.12D-06, <Exc> = -.32482386D+03
 HiCu.GridGen         :: WALL (Sec) = 0.78D+04
 HiCu.MakeKxc         :: CPU Sec = 0.22D+03, WALL Sec = 0.45D+04
 HiCu                 :: Kxc[5] CheckSum  = 0.2126236814997249D+02
 HiCu                 :: WALL (Sec) = 0.12D+05
 HiCu                 :: Allocs=495523,  DeAllocs=190157, 165966648 bytes are presently allocated.
                         A max of 167473072 bytes were allocated.
>-Exiting HiCu 08/28/02 @ 15:39:43-<
<<Entering FockNGrueven 08/28/02 @ 15:39:43>>
 FockNGrueven         :: F[5] CheckSum  = 0.8470775630686686D+02
 FockNGrueven         :: OrthoF[5] CheckSum  = 0.7701857414196236D+02
 FockNGrueven         :: CPU (Sec,MFLOPS) = (0.27D+00, 204),
                         WALL(Sec,MFLOPS) = (0.28D+00, 197)
 FockNGrueven         :: Allocs=37,  DeAllocs=33, 380468 bytes are presently allocated.
                         A max of 2847168 bytes were allocated.
>-Exiting FockNGrueven 08/28/02 @ 15:39:43-<
<<Entering DIIS 08/28/02 @ 15:39:44>>
 DIIS                 :: Cond# = 0.19D+05, MIN(E) = 0.12D-03
 DIIS : Pulay C1      :: DIISCo = -.63D+00, 0.86D+00, 0.49D+00,
                                  0.36D+00, -.87D-01
 DIIS                 :: F_DIIS[5] CheckSum  = 0.7702174656488155D+02
 DIIS                 :: CPU (Sec,MFLOPS) = (0.67D+00, 166),
                         WALL(Sec,MFLOPS) = (0.68D+00, 163)
 DIIS                 :: Allocs=60,  DeAllocs=55, 432 bytes are presently allocated.
                         A max of 3026148 bytes were allocated.
>-Exiting DIIS 08/28/02 @ 15:39:44-<
<<Entering PM 08/28/02 @ 15:39:44>>
 PM                   :: Trix = 0.50D-03
 PM : Pure 1          :: dE=0.10D+01, dP=0.72D-01, ThrX=0.50D-03, %Non0=23
 PM : Pure 2          :: dE=0.56D-01, dP=0.65D-01, ThrX=0.50D-03, %Non0=23
 PM : Pure 3          :: dE=0.32D-01, dP=0.46D-01, ThrX=0.50D-03, %Non0=23
 PM : Pure 4          :: dE=0.11D-01, dP=0.36D-01, ThrX=0.50D-03, %Non0=23
 PM : Pure 5          :: dE=0.62D-02, dP=0.48D-01, ThrX=0.50D-03, %Non0=23
 PM : Pure 6          :: dE=0.84D-02, dP=0.69D-01, ThrX=0.50D-03, %Non0=24
 PM : Pure 7          :: dE=0.11D-01, dP=0.93D-01, ThrX=0.50D-03, %Non0=30
 PM : Pure 8          :: dE=0.13D-01, dP=0.11D+00, ThrX=0.50D-03, %Non0=36
 PM : Pure 9          :: dE=0.12D-01, dP=0.11D+00, ThrX=0.50D-03, %Non0=46
 PM : Pure 10         :: dE=0.80D-02, dP=0.72D-01, ThrX=0.50D-03, %Non0=58
 PM : Pure 11         :: dE=0.39D-02, dP=0.46D-01, ThrX=0.50D-03, %Non0=74
 PM : Pure 12         :: dE=0.19D-02, dP=0.41D-01, ThrX=0.50D-03, %Non0=87
 PM : Pure 13         :: dE=0.11D-02, dP=0.32D-01, ThrX=0.50D-03, %Non0=98
 PM : Pure 14         :: dE=0.52D-03, dP=0.22D-01, ThrX=0.50D-03, %Non0=99
 PM : Pure 15         :: dE=0.23D-03, dP=0.16D-01, ThrX=0.50D-03, %Non0=100
 PM : Pure 16         :: dE=0.11D-03, dP=0.12D-01, ThrX=0.50D-03, %Non0=100
 PM : Pure 17         :: dE=0.58D-04, dP=0.81D-02, ThrX=0.50D-03, %Non0=100
 PM : Pure 18         :: dE=0.25D-04, dP=0.40D-02, ThrX=0.50D-03, %Non0=100
 PM : Pure 19         :: dE=0.47D-05, dP=0.85D-03, ThrX=0.50D-03, %Non0=100
 PM : Pure 20         :: dE=0.15D-06, dP=0.31D-04, ThrX=0.50D-03, %Non0=100
 PM : Pure 21         :: dE=0.15D-09, dP=0.39D-07, ThrX=0.50D-03, %Non0=100
 PM : Pure 22         :: dE=0.00D+00, dP=0.58D-13, ThrX=0.50D-03, %Non0=100
 PM : Met dE/dP goals :: Tr{FP}=-.6472201490561840D+03, dNel = 0.00D+00
 PM                   :: 22 purification steps, 47 matrix multiplies
 PM                   :: Fractional occupation = 0.60D+00, %Non0s = 100
 PM : Max abs errors  :: dE=0.00D+00, dP=0.58D-13, [F,P]=0.16D-01
 PM                   :: Rel dE=0.00D+00, ||dP||_F=0.11D-11, ||[F,P]||_F=0.14D+00
 PM                   :: OrthoP[6] CheckSum  = 0.1341642787648916D+02
 PM                   :: P[6] CheckSum  = 0.1148107299407222D+02
 PM                   :: CPU (Sec,MFLOPS) = (0.67D+01, 233),
                         WALL(Sec,MFLOPS) = (0.67D+01, 233)
 PM                   :: Allocs=339,  DeAllocs=331, 1498120 bytes are presently allocated.
                         A max of 5244152 bytes were allocated.
>-Exiting PM 08/28/02 @ 15:39:51-<
<<Entering SCFStatus 08/28/02 @ 15:39:51>>
 
= = = = = SCFCycle #5, Basis #1, Geometry #1 = = = = =

       DIISErr = 0.48D-03
       MaxDelD = 0.12D-02
       <T>     = 0.22602451D+04
       <V>     = -.42135239D+04
       <DFT>   = -.32482386D+03
       <SCF>   = -2278.10270514

 SCFStatus            :: CPU (Sec,MFLOPS) = (0.50D-01, 13),
                         WALL(Sec,MFLOPS) = (0.50D-01, 13)
 SCFStatus            :: Allocs=16,  DeAllocs=16, 0 bytes are presently allocated.
                         A max of 2247900 bytes were allocated.
>-Exiting SCFStatus 08/28/02 @ 15:39:51-<
<<Entering MakeRho 08/28/02 @ 15:39:51>>
 MakeRho : Pruned Rho :: dNel = -.19D-07, kept 22% of distributions.
 MakeRho : Moments    :: <r> = (-.16D-01, 0.18D-01, 0.84D-01), <r^2> = 0.33D+03
 MakeRho              :: Rho CheckSum  = 0.3309763616975791D+04
 MakeRho              :: CPU Sec = 0.25D+02, WALL Sec = 0.25D+02
 MakeRho              :: Allocs=64,  DeAllocs=59, 728 bytes are presently allocated.
                         A max of 41955564 bytes were allocated.
>-Exiting MakeRho 08/28/02 @ 15:40:16-<
<<Entering QCTC 08/28/02 @ 15:40:16>>
 QCTC                 :: J[6] CheckSum  = 0.1861199085492940D+03
 QCTC                 :: CPU Sec = 0.97D+03, WALL Sec = 0.53D+04
 QCTC                 :: Allocs=576648,  DeAllocs=50, 97397232 bytes are presently allocated.
                         A max of 110601820 bytes were allocated.
>-Exiting QCTC 08/28/02 @ 17:08:07-<
<<Entering HiCu 08/28/02 @ 17:08:07>>
 HiCu.GridGen         :: Tau = 0.10D-01, <Rho> = 0.17991950D+03, <Exc> = -.32401057D+03, Pts/Atom = 1354
 HiCu.GridGen         :: Tau = 0.10D-02, <Rho> = 0.18003156D+03, <Exc> = -.32489991D+03, Pts/Atom = 2896
 HiCu.GridGen         :: Tau = 0.10D-03, <Rho> = 0.17999850D+03, <Exc> = -.32481413D+03, Pts/Atom = 5514
 HiCu.GridGen         :: Tau = 0.10D-04, <Rho> = 0.17999952D+03, <Exc> = -.32482201D+03, Pts/Atom = 10316
 HiCu.GridGen         :: Tau = 0.10D-05, <Rho> = 0.18000008D+03, <Exc> = -.32482364D+03, Pts/Atom = 19734
 HiCu.GridGen         :: Tau = 0.10D-06, <Rho> = 0.18000002D+03, <Exc> = -.32482393D+03, Pts/Atom = 36965
 HiCu.GridGen         :: TauRel = 0.10D-06, RhoErr = 0.12D-06, <Exc> = -.32482393D+03
 HiCu.GridGen         :: WALL (Sec) = 0.78D+04
 HiCu.MakeKxc         :: CPU Sec = 0.22D+03, WALL Sec = 0.45D+04
 HiCu                 :: Kxc[6] CheckSum  = 0.2126237072955872D+02
 HiCu                 :: WALL (Sec) = 0.12D+05
 HiCu                 :: Allocs=495529,  DeAllocs=190160, 165969216 bytes are presently allocated.
                         A max of 167475640 bytes were allocated.
>-Exiting HiCu 08/28/02 @ 20:33:26-<
<<Entering FockNGrueven 08/28/02 @ 20:33:26>>
 FockNGrueven         :: F[6] CheckSum  = 0.8470750899838563D+02
 FockNGrueven         :: OrthoF[6] CheckSum  = 0.7701840622152423D+02
 FockNGrueven         :: CPU (Sec,MFLOPS) = (0.27D+00, 204),
                         WALL(Sec,MFLOPS) = (0.28D+00, 197)
 FockNGrueven         :: Allocs=37,  DeAllocs=33, 380468 bytes are presently allocated.
                         A max of 2847168 bytes were allocated.
>-Exiting FockNGrueven 08/28/02 @ 20:33:26-<
<<Entering DIIS 08/28/02 @ 20:33:26>>
 DIIS                 :: Cond# = 0.46D+06, MIN(E) = 0.55D-05
 DIIS : Pulay C1      :: DIISCo = -.62D+00, 0.86D+00, 0.53D+00,
                                  0.38D+00, -.98D+00, 0.84D+00
 DIIS                 :: F_DIIS[6] CheckSum  = 0.7702193236064079D+02
 DIIS                 :: CPU (Sec,MFLOPS) = (0.74D+00, 152),
                         WALL(Sec,MFLOPS) = (0.74D+00, 152)
 DIIS                 :: Allocs=67,  DeAllocs=62, 536 bytes are presently allocated.
                         A max of 3026148 bytes were allocated.
>-Exiting DIIS 08/28/02 @ 20:33:27-<
<<Entering PM 08/28/02 @ 20:33:27>>
 PM                   :: Trix = 0.50D-03
 PM : Pure 1          :: dE=0.10D+01, dP=0.72D-01, ThrX=0.50D-03, %Non0=23
 PM : Pure 2          :: dE=0.56D-01, dP=0.65D-01, ThrX=0.50D-03, %Non0=23
 PM : Pure 3          :: dE=0.32D-01, dP=0.46D-01, ThrX=0.50D-03, %Non0=23
 PM : Pure 4          :: dE=0.11D-01, dP=0.36D-01, ThrX=0.50D-03, %Non0=23
 PM : Pure 5          :: dE=0.62D-02, dP=0.48D-01, ThrX=0.50D-03, %Non0=23
 PM : Pure 6          :: dE=0.84D-02, dP=0.69D-01, ThrX=0.50D-03, %Non0=24
 PM : Pure 7          :: dE=0.11D-01, dP=0.93D-01, ThrX=0.50D-03, %Non0=30
 PM : Pure 8          :: dE=0.13D-01, dP=0.11D+00, ThrX=0.50D-03, %Non0=36
 PM : Pure 9          :: dE=0.12D-01, dP=0.11D+00, ThrX=0.50D-03, %Non0=46
 PM : Pure 10         :: dE=0.80D-02, dP=0.72D-01, ThrX=0.50D-03, %Non0=58
 PM : Pure 11         :: dE=0.39D-02, dP=0.46D-01, ThrX=0.50D-03, %Non0=74
 PM : Pure 12         :: dE=0.19D-02, dP=0.41D-01, ThrX=0.50D-03, %Non0=87
 PM : Pure 13         :: dE=0.11D-02, dP=0.32D-01, ThrX=0.50D-03, %Non0=98
 PM : Pure 14         :: dE=0.52D-03, dP=0.22D-01, ThrX=0.50D-03, %Non0=99
 PM : Pure 15         :: dE=0.23D-03, dP=0.16D-01, ThrX=0.50D-03, %Non0=100
 PM : Pure 16         :: dE=0.11D-03, dP=0.12D-01, ThrX=0.50D-03, %Non0=100
 PM : Pure 17         :: dE=0.58D-04, dP=0.81D-02, ThrX=0.50D-03, %Non0=100
 PM : Pure 18         :: dE=0.25D-04, dP=0.40D-02, ThrX=0.50D-03, %Non0=100
 PM : Pure 19         :: dE=0.46D-05, dP=0.85D-03, ThrX=0.50D-03, %Non0=100
 PM : Pure 20         :: dE=0.15D-06, dP=0.31D-04, ThrX=0.50D-03, %Non0=100
 PM : Pure 21         :: dE=0.15D-09, dP=0.39D-07, ThrX=0.50D-03, %Non0=100
 PM : Pure 22         :: dE=0.18D-15, dP=0.56D-13, ThrX=0.50D-03, %Non0=100
 PM : Met dE/dP goals :: Tr{FP}=-.6472244552728395D+03, dNel = 0.57D-13
 PM                   :: 22 purification steps, 47 matrix multiplies
 PM                   :: Fractional occupation = 0.60D+00, %Non0s = 100
 PM : Max abs errors  :: dE=0.11D-12, dP=0.56D-13, [F,P]=0.16D-01
 PM                   :: Rel dE=0.18D-15, ||dP||_F=0.11D-11, ||[F,P]||_F=0.14D+00
 PM                   :: OrthoP[7] CheckSum  = 0.1341642775945237D+02
 PM                   :: P[7] CheckSum  = 0.1148107618813455D+02
 PM                   :: CPU (Sec,MFLOPS) = (0.67D+01, 234),
                         WALL(Sec,MFLOPS) = (0.67D+01, 234)
 PM                   :: Allocs=338,  DeAllocs=330, 1498120 bytes are presently allocated.
                         A max of 5244152 bytes were allocated.
>-Exiting PM 08/28/02 @ 20:33:34-<
<<Entering SCFStatus 08/28/02 @ 20:33:34>>
 
= = = = = SCFCycle #6, Basis #1, Geometry #1 = = = = =

       DIISErr = 0.49D-03
       MaxDelD = 0.13D-02
       <T>     = 0.22602453D+04
       <V>     = -.42135241D+04
       <DFT>   = -.32482393D+03
       <SCF>   = -2278.10268411

 SCFStatus            :: CPU (Sec,MFLOPS) = (0.50D-01, 13),
                         WALL(Sec,MFLOPS) = (0.50D-01, 13)
 SCFStatus            :: Allocs=16,  DeAllocs=16, 0 bytes are presently allocated.
                         A max of 2247900 bytes were allocated.
>-Exiting SCFStatus 08/28/02 @ 20:33:34-<
 SCF hit DIIS/DMax increase.
 Convergence statistics for RPBEx/PBEc/STO-6G:
========================================================================
SCF    Ink       Total             Delta       Max         DIIS   
Cycle  Fok       Energy            E_Tot       Delta P     Error  
  0,    F,           0.00000000, 0.0000D+00, 0.0000D+00, 0.0000D+00, 
  1,    F,       -2278.09565593, 0.3165D-02, 0.6793D+00, 0.0000D+00, 
  2,    F,       -2278.09929527, 0.1598D-05, 0.1844D-01, 0.6173D-03, 
  3,    F,       -2278.10137833, 0.9144D-06, 0.5500D-02, 0.5035D-03, 
  4,    F,       -2278.10071468, 0.2913D-06, 0.5898D-02, 0.5097D-03, 
  5,    F,       -2278.10270514, 0.8737D-06, 0.9108D-02, 0.4848D-03, 
  6,    F,       -2278.10268411, 0.9233D-08, 0.3607D-04, 0.4852D-03, 
========================================================================
>-Succesfull MondoSCF run 08/28/02 @ 20:33:34-<
