

 __    __                 _       ____________ ______ 
|  \  /  |               | |     /       /    |      |
|   \/   | ___  _ __   __| | ___/   ____/   __|  |==='
|        |/ _ \| '_ \ / _  |/ _ \____  \   (__|  ____|
|  |\/|  | (_) | | | | (_| | (_) )     /\     |  |    
|__|  |__|\___/|_| |_|\____|\___/_____/  \____|__|    

 Version 1.0 alpha 4                                  
 A program suite for O(N) SCF theory and ab initio MD 
 Matt Challacombe, Eric Schwegler, C.J. Tymczak,      
 Chee Kwan Gan, Karoly Nemeth and Anders Niklasson    
 Los Alamos National Laboratory (LA-CC 01-2)          
 Copywrite 2001, University of California.            

 Compiled for AMDLinux.PG, executing on zinc32
 a i686 machine running Linux 2.4.2-2

Water Cluster Scaling                                                                                                           
  
<<Starting MondoSCF 09/03/02 @ 12:22:19>>
 ** Auto-Wraps at default value => (Off) **
 ** Atom-Wrap at default value => (AtomWrap-Off) **
 ** Lattice Vector Format at default value => (Vector Format) **
 ** Coodinate Format at default value => (Atomic Coord) **
========================================================================
 Internal representation of the geometry:
 Geometry originally in Angstroms has been converted to AU.
 Geometry has been reordered using the Hilbert curve.
 Number of electrons = 360
------------------------------------------------------------------------
  *** Periodic is Off *** 
------------------------------------------------------------------------
 1   c    -.48745104D+01   -.13675758D+01   -.43067044D+01
 2   c    -.26616602D+01   -.22128313D+01   -.56743180D+01
 3   c    -.13675758D+01   -.43067044D+01   -.48745104D+01
 4   c    -.22128313D+01   -.56743180D+01   -.26616602D+01
 5   c    -.56743180D+01   -.26616602D+01   -.22128313D+01
 6   c    -.43067044D+01   -.48745104D+01   -.13675758D+01
 7   c    -.43067044D+01   -.48745104D+01   0.13675758D+01
 8   c    -.22128313D+01   -.56743180D+01   0.26616602D+01
 9   c    -.13675758D+01   -.43067044D+01   0.48745104D+01
 10   c    -.48745104D+01   -.13675758D+01   0.43067044D+01
 11   c    -.26616602D+01   -.22128313D+01   0.56743180D+01
 12   c    -.56743180D+01   -.26616602D+01   0.22128313D+01
 13   c    -.65195547D+01   -.12940844D+01   0.00000000D+00
 14   c    -.65195547D+01   0.12940844D+01   0.00000000D+00
 15   c    -.56743180D+01   0.26616602D+01   0.22128313D+01
 16   c    -.48745104D+01   0.13675758D+01   0.43067044D+01
 17   c    -.43067044D+01   0.48745104D+01   0.13675758D+01
 18   c    -.22128313D+01   0.56743180D+01   0.26616602D+01
 19   c    -.13675758D+01   0.43067044D+01   0.48745104D+01
 20   c    -.26616602D+01   0.22128313D+01   0.56743180D+01
 21   c    -.12940844D+01   0.00000000D+00   0.65195547D+01
 22   c    -.22128313D+01   0.56743180D+01   -.26616602D+01
 23   c    -.43067044D+01   0.48745104D+01   -.13675758D+01
 24   c    -.56743180D+01   0.26616602D+01   -.22128313D+01
 25   c    -.48745104D+01   0.13675758D+01   -.43067044D+01
 26   c    -.13675758D+01   0.43067044D+01   -.48745104D+01
 27   c    -.26616602D+01   0.22128313D+01   -.56743180D+01
 28   c    -.12940844D+01   0.00000000D+00   -.65195547D+01
 29   c    0.12940844D+01   0.00000000D+00   -.65195547D+01
 30   c    0.26616602D+01   0.22128313D+01   -.56743180D+01
 31   c    0.13675758D+01   0.43067044D+01   -.48745104D+01
 32   c    0.48745104D+01   0.13675758D+01   -.43067044D+01
 33   c    0.56743180D+01   0.26616602D+01   -.22128313D+01
 34   c    0.43067044D+01   0.48745104D+01   -.13675758D+01
 35   c    0.22128313D+01   0.56743180D+01   -.26616602D+01
 36   c    0.00000000D+00   0.65195547D+01   -.12940844D+01
 37   c    0.12940844D+01   0.00000000D+00   0.65195547D+01
 38   c    0.26616602D+01   0.22128313D+01   0.56743180D+01
 39   c    0.13675758D+01   0.43067044D+01   0.48745104D+01
 40   c    0.22128313D+01   0.56743180D+01   0.26616602D+01
 41   c    0.00000000D+00   0.65195547D+01   0.12940844D+01
 42   c    0.43067044D+01   0.48745104D+01   0.13675758D+01
 43   c    0.48745104D+01   0.13675758D+01   0.43067044D+01
 44   c    0.56743180D+01   0.26616602D+01   0.22128313D+01
 45   c    0.65195547D+01   0.12940844D+01   0.00000000D+00
 46   c    0.65195547D+01   -.12940844D+01   0.00000000D+00
 47   c    0.56743180D+01   -.26616602D+01   0.22128313D+01
 48   c    0.26616602D+01   -.22128313D+01   0.56743180D+01
 49   c    0.48745104D+01   -.13675758D+01   0.43067044D+01
 50   c    0.13675758D+01   -.43067044D+01   0.48745104D+01
 51   c    0.22128313D+01   -.56743180D+01   0.26616602D+01
 52   c    0.00000000D+00   -.65195547D+01   0.12940844D+01
 53   c    0.43067044D+01   -.48745104D+01   0.13675758D+01
 54   c    0.43067044D+01   -.48745104D+01   -.13675758D+01
 55   c    0.56743180D+01   -.26616602D+01   -.22128313D+01
 56   c    0.00000000D+00   -.65195547D+01   -.12940844D+01
 57   c    0.22128313D+01   -.56743180D+01   -.26616602D+01
 58   c    0.13675758D+01   -.43067044D+01   -.48745104D+01
 59   c    0.26616602D+01   -.22128313D+01   -.56743180D+01
 60   c    0.48745104D+01   -.13675758D+01   -.43067044D+01
========================================================================
 ParseGeometry        :: Allocs=14,  DeAllocs=14, 0 bytes are presently allocated.
                         A max of 7968 bytes were allocated.
 Base(1)%BName   = STO-6G
 Opening BasFile = /home/mchalla/MONDOf/BasisSets/STO-6G.bas
 ParseBaseSets        :: Allocs=61,  DeAllocs=60, 480 bytes are presently allocated.
                         A max of 25480 bytes were allocated.
 Current HDF file :: /scratch/mchalla/c60_NT4_5D-3_11733.hdf

 PROGRAM OF CALCULATIONS:

  A restricted Roothaan-Hall solution of the SCF using
  a tight accuracy level, STO-6G and the PBEx/PBEc model.
 

 Accuracy level 3 for the STO-6G basis set:
  TrixNeglect = 0.10D-05, CubeNeglect = 0.10D-06,
  TwoENeglect = 0.10D-09, DistNeglect = 0.10D-11
 MaxAtms = 61, MaxBlks = 3601, MaxNon0 = 90001, BndWdth = 60
<<Entering MakeS 09/03/02 @ 12:22:20>>
 MakeS                :: S CheckSum  = 0.2079758492972368D+02
 MakeS                :: CPU Sec = 0.21D+01, WALL Sec = 0.21D+01
 MakeS                :: Allocs=37,  DeAllocs=36, 24 bytes are presently allocated.
                         A max of 1514328 bytes were allocated.
>-Exiting MakeS 09/03/02 @ 12:22:22-<
<<Entering BlokAInv 09/03/02 @ 12:22:22>>
 BlokAInv             :: CPU (Sec,MFLOPS) = (0.12D+00, 169),
                         WALL(Sec,MFLOPS) = (0.13D+00, 156)
 BlokAInv             :: Max(Z^t.A.Z-I)=0.67D-06, TrixThrsh=0.10D-05
 BlokAInv             :: Z CheckSum  = 0.2334035849474413D+02
 BlokAInv             :: CPU (Sec,MFLOPS) = (0.39D+00, 193),
                         WALL(Sec,MFLOPS) = (0.40D+00, 188)
 BlokAInv             :: Allocs=75,  DeAllocs=41, 2255484 bytes are presently allocated.
                         A max of 3754336 bytes were allocated.
>-Exiting BlokAInv 09/03/02 @ 12:22:22-<
<<Entering MakeT 09/03/02 @ 12:22:23>>
 MakeT                :: T CheckSum  = 0.1263168604614581D+03
 MakeT                :: CPU Sec = 0.22D+01, WALL Sec = 0.22D+01
 MakeT                :: Allocs=33,  DeAllocs=32, 24 bytes are presently allocated.
                         A max of 1508752 bytes were allocated.
>-Exiting MakeT 09/03/02 @ 12:22:25-<
<<Entering P2Use 09/03/02 @ 12:22:25>>
 P2Use                :: P[0] CheckSum  = 0.2992908355270476D+02
 P2Use                :: CPU (Sec,MFLOPS) = (0.13D+00, 146),
                         WALL(Sec,MFLOPS) = (0.13D+00, 146)
 P2Use                :: Allocs=52,  DeAllocs=48, 749060 bytes are presently allocated.
                         A max of 3765604 bytes were allocated.
>-Exiting P2Use 09/03/02 @ 12:22:25-<
<<Entering MakeRho 09/03/02 @ 12:22:25>>
 MakeRho : Pruned Rho :: dNel = 0.15D-08, kept 19% of distributions.
 MakeRho : Moments    :: <r> = (0.22D+01, 0.61D-01, -.76D-02), <r^2> = 0.31D+03
 MakeRho              :: Rho CheckSum  = 0.3751010242007360D+04
 MakeRho              :: CPU Sec = 0.30D+02, WALL Sec = 0.30D+02
 MakeRho              :: Allocs=64,  DeAllocs=59, 728 bytes are presently allocated.
                         A max of 40774660 bytes were allocated.
>-Exiting MakeRho 09/03/02 @ 12:22:55-<
<<Entering QCTC 09/03/02 @ 12:22:55>>
 QCTC                 :: J[0] CheckSum  = 0.1818575294401252D+03
 QCTC                 :: CPU Sec = 0.67D+03, WALL Sec = 0.50D+04
 QCTC                 :: Allocs=507223,  DeAllocs=50, 85482544 bytes are presently allocated.
                         A max of 97006368 bytes were allocated.
>-Exiting QCTC 09/03/02 @ 13:45:39-<
<<Entering HiCu 09/03/02 @ 13:45:39>>
 HiCu.GridGen         :: Tau = 0.10D-01, <Rho> = 0.18009461D+03, <Exc> = -.34076462D+03, Pts/Atom = 1547
 HiCu.GridGen         :: Tau = 0.10D-02, <Rho> = 0.18003877D+03, <Exc> = -.34071453D+03, Pts/Atom = 2961
 HiCu.GridGen         :: Tau = 0.10D-03, <Rho> = 0.18000473D+03, <Exc> = -.34058892D+03, Pts/Atom = 5778
 HiCu.GridGen         :: Tau = 0.10D-04, <Rho> = 0.18000102D+03, <Exc> = -.34057345D+03, Pts/Atom = 10847
 HiCu.GridGen         :: Tau = 0.10D-05, <Rho> = 0.18000007D+03, <Exc> = -.34056987D+03, Pts/Atom = 20609
 HiCu.GridGen         :: Tau = 0.10D-06, <Rho> = 0.18000005D+03, <Exc> = -.34056986D+03, Pts/Atom = 38542
 HiCu.GridGen         :: TauRel = 0.10D-06, RhoErr = 0.27D-06, <Exc> = -.34056986D+03
 HiCu.GridGen         :: WALL (Sec) = 0.86D+04
 HiCu.MakeKxc         :: WALL (Sec) = 0.65D+04
 HiCu                 :: Kxc[0] CheckSum  = 0.2136999719947231D+02
 HiCu                 :: WALL (Sec) = 0.15D+05
 HiCu                 :: Allocs=497856,  DeAllocs=198266, 171930592 bytes are presently allocated.
                         A max of 173437016 bytes were allocated.
>-Exiting HiCu 09/03/02 @ 17:56:50-<
<<Entering FockNGrueven 09/03/02 @ 17:56:50>>
 FockNGrueven         :: F[0] CheckSum  = 0.8059520330835382D+02
 FockNGrueven         :: OrthoF[0] CheckSum  = 0.7336075693576426D+02
 FockNGrueven         :: CPU (Sec,MFLOPS) = (0.33D+00, 167),
                         WALL(Sec,MFLOPS) = (0.45D+00, 122)
 FockNGrueven         :: Allocs=37,  DeAllocs=33, 380468 bytes are presently allocated.
                         A max of 2862144 bytes were allocated.
>-Exiting FockNGrueven 09/03/02 @ 17:56:51-<
<<Entering NT4 09/03/02 @ 17:56:51>>
 NT4                  :: Trix = 0.50D-02
 NT4 : Pure 1         :: dE=0.10D+01, dP=0.43D+00, ThrX=0.50D-02, %Non0=11
 NT4 : Pure 2         :: dE=0.63D-01, dP=0.18D+00, ThrX=0.50D-02, %Non0=11
 NT4 : Pure 3         :: dE=0.12D-01, dP=0.43D-01, ThrX=0.50D-02, %Non0=11
 NT4 : Pure 4         :: dE=0.88D-02, dP=0.60D-01, ThrX=0.50D-02, %Non0=13
 NT4 : Pure 5         :: dE=0.12D-01, dP=0.81D-01, ThrX=0.50D-02, %Non0=16
 NT4 : Pure 6         :: dE=0.15D-01, dP=0.98D-01, ThrX=0.50D-02, %Non0=20
 NT4 : Pure 7         :: dE=0.14D-01, dP=0.11D+00, ThrX=0.50D-02, %Non0=26
 NT4 : Pure 8         :: dE=0.10D-01, dP=0.10D+00, ThrX=0.50D-02, %Non0=31
 NT4 : Pure 9         :: dE=0.55D-02, dP=0.68D-01, ThrX=0.50D-02, %Non0=36
 NT4 : Pure 10        :: dE=0.25D-02, dP=0.52D-01, ThrX=0.50D-02, %Non0=47
 NT4 : Pure 11        :: dE=0.11D-02, dP=0.37D-01, ThrX=0.50D-02, %Non0=54
 NT4 : Pure 12        :: dE=0.39D-03, dP=0.30D-01, ThrX=0.50D-02, %Non0=65
 NT4 : Pure 13        :: dE=0.14D-03, dP=0.23D-01, ThrX=0.50D-02, %Non0=71
 NT4 : Pure 14        :: dE=0.48D-04, dP=0.19D-01, ThrX=0.50D-02, %Non0=76
 NT4 : Pure 15        :: dE=0.16D-04, dP=0.22D-01, ThrX=0.50D-02, %Non0=78
 NT4 : Hit dP increase:: Tr{FP}=-.6037955122684014D+03, dNel = 0.11D-12
 NT4                  :: 15 purification steps, 32 matrix multiplies
 NT4                  :: Fractional occupation = 0.60D+00, %Non0s = 78
 NT4 : Max abs errors :: dE=0.99D-02, dP=0.22D-01, [F,P]=0.72D-01
 NT4                  :: Rel dE=0.16D-04, ||dP||_F=0.24D+00, ||[F,P]||_F=0.98D+00
 NT4                  :: OrthoP[1] CheckSum  = 0.1340469902260336D+02
 NT4                  :: P[1] CheckSum  = 0.1153054697622829D+02
 NT4                  :: CPU (Sec,MFLOPS) = (0.29D+01, 177),
                         WALL(Sec,MFLOPS) = (0.29D+01, 176)
 NT4                  :: Allocs=239,  DeAllocs=235, 749060 bytes are presently allocated.
                         A max of 4495092 bytes were allocated.
>-Exiting NT4 09/03/02 @ 17:56:54-<
<<Entering SCFStatus 09/03/02 @ 17:56:54>>
 
= = = = = SCFCycle #0, Basis #1, Geometry #1 = = = = =

       MaxDelD = 0.26D+01
       <T>     = 0.25373868D+04
       <V>     = -.43738686D+04
       <DFT>   = -.34056986D+03
       <SCF>   = -2177.05163810

 SCFStatus            :: CPU (Sec,MFLOPS) = (0.80D-01, 8),
                         WALL(Sec,MFLOPS) = (0.80D-01, 8)
 SCFStatus            :: Allocs=16,  DeAllocs=16, 0 bytes are presently allocated.
                         A max of 2247900 bytes were allocated.
>-Exiting SCFStatus 09/03/02 @ 17:56:54-<
<<Entering MakeRho 09/03/02 @ 17:56:54>>
 MakeRho : Pruned Rho :: dNel = -.40D-05, kept 25% of distributions.
 MakeRho : Moments    :: <r> = (-.71D+01, -.34D+00, 0.72D-01), <r^2> = 0.33D+03
 ... ning Warning  Warning  Warning Wa ...
MakeRho              :: relative error in density = 0.11D-07. Distribution threshold =
 MakeRho              :: Rho CheckSum  = 0.3306218571002014D+04
 MakeRho              :: CPU Sec = 0.26D+02, WALL Sec = 0.26D+02
 MakeRho              :: Allocs=64,  DeAllocs=59, 728 bytes are presently allocated.
                         A max of 36245252 bytes were allocated.
>-Exiting MakeRho 09/03/02 @ 17:57:20-<
<<Entering QCTC 09/03/02 @ 17:57:20>>
 QCTC                 :: J[1] CheckSum  = 0.1861282875027596D+03
 QCTC                 :: CPU Sec = 0.13D+04, WALL Sec = 0.56D+04
 QCTC                 :: Allocs=556883,  DeAllocs=50, 93891248 bytes are presently allocated.
                         A max of 106560368 bytes were allocated.
>-Exiting QCTC 09/03/02 @ 19:31:08-<
<<Entering HiCu 09/03/02 @ 19:31:09>>
 HiCu.GridGen         :: Tau = 0.10D-01, <Rho> = 0.17998760D+03, <Exc> = -.32424407D+03, Pts/Atom = 1357
 HiCu.GridGen         :: Tau = 0.10D-02, <Rho> = 0.18001896D+03, <Exc> = -.32481087D+03, Pts/Atom = 2940
 HiCu.GridGen         :: Tau = 0.10D-03, <Rho> = 0.17999911D+03, <Exc> = -.32476500D+03, Pts/Atom = 5508
 HiCu.GridGen         :: Tau = 0.10D-04, <Rho> = 0.17999972D+03, <Exc> = -.32477044D+03, Pts/Atom = 10261
 HiCu.GridGen         :: Tau = 0.10D-05, <Rho> = 0.18000009D+03, <Exc> = -.32477182D+03, Pts/Atom = 19703
 HiCu.GridGen         :: Tau = 0.10D-06, <Rho> = 0.18000005D+03, <Exc> = -.32477209D+03, Pts/Atom = 36838
 HiCu.GridGen         :: TauRel = 0.10D-06, RhoErr = 0.26D-06, <Exc> = -.32477209D+03
 HiCu.GridGen         :: CPU Sec = 0.11D+04, WALL Sec = 0.97D+04
 HiCu.MakeKxc         :: WALL (Sec) = 0.63D+04
 HiCu                 :: Kxc[1] CheckSum  = 0.2125913775452795D+02
 HiCu                 :: WALL (Sec) = 0.16D+05
 HiCu                 :: Allocs=490268,  DeAllocs=189506, 165121568 bytes are presently allocated.
                         A max of 166627992 bytes were allocated.
>-Exiting HiCu 09/03/02 @ 23:56:47-<
<<Entering FockNGrueven 09/03/02 @ 23:56:47>>
 FockNGrueven         :: F[1] CheckSum  = 0.8474356029973669D+02
 FockNGrueven         :: OrthoF[1] CheckSum  = 0.7705632019271317D+02
 FockNGrueven         :: CPU (Sec,MFLOPS) = (0.33D+00, 167),
                         WALL(Sec,MFLOPS) = (0.33D+00, 167)
 FockNGrueven         :: Allocs=37,  DeAllocs=33, 380468 bytes are presently allocated.
                         A max of 2847168 bytes were allocated.
>-Exiting FockNGrueven 09/03/02 @ 23:56:48-<
<<Entering DIIS 09/03/02 @ 23:56:48>>
 DIIS : Damping       :: Co = 0.80D+00, 0.20D+00
 DIIS                 :: F_DIIS[1] CheckSum  = 0.7407708271564535D+02
 DIIS                 :: CPU (Sec,MFLOPS) = (0.47D+00, 179),
                         WALL(Sec,MFLOPS) = (0.47D+00, 179)
 DIIS                 :: Allocs=34,  DeAllocs=30, 144 bytes are presently allocated.
                         A max of 3026148 bytes were allocated.
>-Exiting DIIS 09/03/02 @ 23:56:48-<
<<Entering NT4 09/03/02 @ 23:56:48>>
 NT4                  :: Trix = 0.50D-02
 NT4 : Pure 1         :: dE=0.10D+01, dP=0.43D+00, ThrX=0.50D-02, %Non0=11
 NT4 : Pure 2         :: dE=0.62D-01, dP=0.19D+00, ThrX=0.50D-02, %Non0=11
 NT4 : Pure 3         :: dE=0.11D-01, dP=0.43D-01, ThrX=0.50D-02, %Non0=11
 NT4 : Pure 4         :: dE=0.85D-02, dP=0.59D-01, ThrX=0.50D-02, %Non0=13
 NT4 : Pure 5         :: dE=0.12D-01, dP=0.82D-01, ThrX=0.50D-02, %Non0=16
 NT4 : Pure 6         :: dE=0.14D-01, dP=0.10D+00, ThrX=0.50D-02, %Non0=20
 NT4 : Pure 7         :: dE=0.14D-01, dP=0.11D+00, ThrX=0.50D-02, %Non0=26
 NT4 : Pure 8         :: dE=0.10D-01, dP=0.81D-01, ThrX=0.50D-02, %Non0=31
 NT4 : Pure 9         :: dE=0.53D-02, dP=0.55D-01, ThrX=0.50D-02, %Non0=35
 NT4 : Pure 10        :: dE=0.24D-02, dP=0.51D-01, ThrX=0.50D-02, %Non0=47
 NT4 : Pure 11        :: dE=0.11D-02, dP=0.36D-01, ThrX=0.50D-02, %Non0=53
 NT4 : Pure 12        :: dE=0.38D-03, dP=0.25D-01, ThrX=0.50D-02, %Non0=67
 NT4 : Pure 13        :: dE=0.15D-03, dP=0.17D-01, ThrX=0.50D-02, %Non0=72
 NT4 : Pure 14        :: dE=0.44D-04, dP=0.11D-01, ThrX=0.50D-02, %Non0=72
 NT4 : Pure 15        :: dE=0.70D-05, dP=0.94D-02, ThrX=0.50D-02, %Non0=72
 NT4 : Pure 16        :: dE=0.88D-06, dP=0.90D-02, ThrX=0.50D-02, %Non0=71
 NT4 : Pure 17        :: dE=0.52D-07, dP=0.90D-02, ThrX=0.50D-02, %Non0=70
 NT4 : Hit dE increase:: Tr{FP}=-.6122379595138179D+03, dNel = 0.11D-12
 NT4                  :: 17 purification steps, 36 matrix multiplies
 NT4                  :: Fractional occupation = 0.60D+00, %Non0s = 70
 NT4 : Max abs errors :: dE=0.32D-04, dP=0.90D-02, [F,P]=0.72D-01
 NT4                  :: Rel dE=0.52D-07, ||dP||_F=0.62D-01, ||[F,P]||_F=0.98D+00
 NT4                  :: OrthoP[2] CheckSum  = 0.1341779022034033D+02
 NT4                  :: P[2] CheckSum  = 0.1152033493845098D+02
 NT4                  :: CPU (Sec,MFLOPS) = (0.34D+01, 177),
                         WALL(Sec,MFLOPS) = (0.34D+01, 176)
 NT4                  :: Allocs=259,  DeAllocs=255, 749060 bytes are presently allocated.
                         A max of 4495092 bytes were allocated.
>-Exiting NT4 09/03/02 @ 23:56:52-<
<<Entering SCFStatus 09/03/02 @ 23:56:52>>
 
= = = = = SCFCycle #1, Basis #1, Geometry #1 = = = = =

       DIISErr = 0.50D-02
       MaxDelD = 0.13D+00
       <T>     = 0.22587857D+04
       <V>     = -.42108488D+04
       <DFT>   = -.32477209D+03
       <SCF>   = -2276.83520613

 SCFStatus            :: CPU (Sec,MFLOPS) = (0.70D-01, 8),
                         WALL(Sec,MFLOPS) = (0.70D-01, 8)
 SCFStatus            :: Allocs=16,  DeAllocs=16, 0 bytes are presently allocated.
                         A max of 2247900 bytes were allocated.
>-Exiting SCFStatus 09/03/02 @ 23:56:52-<
 DIISQ =    0.0000000000000000E+000
 DMaxQ =     19.53108313214362     
 DIISB =    0.0000000000000000E+000
 DIISA =    0.0000000000000000E+000
 DMaxA =     2.624050738327114     
 DMaxB =    0.1278086850770615     
<<Entering MakeRho 09/03/02 @ 23:56:52>>
 MakeRho : Pruned Rho :: dNel = -.11D-04, kept 26% of distributions.
 MakeRho : Moments    :: <r> = (-.72D+00, -.21D-01, 0.45D-01), <r^2> = 0.33D+03
 ... ning Warning  Warning  Warning Wa ...
MakeRho              :: relative error in density = 0.30D-07. Distribution threshold =
 MakeRho              :: Rho CheckSum  = 0.3307008451041993D+04
 MakeRho              :: CPU Sec = 0.24D+02, WALL Sec = 0.24D+02
 MakeRho              :: Allocs=64,  DeAllocs=59, 728 bytes are presently allocated.
                         A max of 34439604 bytes were allocated.
>-Exiting MakeRho 09/03/02 @ 23:57:17-<
<<Entering QCTC 09/03/02 @ 23:57:17>>
 QCTC                 :: J[2] CheckSum  = 0.1860937166788921D+03
 QCTC                 :: CPU Sec = 0.12D+04, WALL Sec = 0.55D+04
 QCTC                 :: Allocs=549633,  DeAllocs=50, 92626128 bytes are presently allocated.
                         A max of 105109288 bytes were allocated.
>-Exiting QCTC 09/04/02 @ 01:29:02-<
<<Entering HiCu 09/04/02 @ 01:29:02>>
 HiCu.GridGen         :: Tau = 0.10D-01, <Rho> = 0.17994415D+03, <Exc> = -.32398867D+03, Pts/Atom = 1346
 HiCu.GridGen         :: Tau = 0.10D-02, <Rho> = 0.18003340D+03, <Exc> = -.32481472D+03, Pts/Atom = 2907
 HiCu.GridGen         :: Tau = 0.10D-03, <Rho> = 0.17999938D+03, <Exc> = -.32473831D+03, Pts/Atom = 5520
 HiCu.GridGen         :: Tau = 0.10D-04, <Rho> = 0.17999969D+03, <Exc> = -.32474382D+03, Pts/Atom = 10296
 HiCu.GridGen         :: Tau = 0.10D-05, <Rho> = 0.18000010D+03, <Exc> = -.32474523D+03, Pts/Atom = 19714
 HiCu.GridGen         :: Tau = 0.10D-06, <Rho> = 0.18000004D+03, <Exc> = -.32474549D+03, Pts/Atom = 36850
 HiCu.GridGen         :: TauRel = 0.10D-06, RhoErr = 0.24D-06, <Exc> = -.32474549D+03
 HiCu.GridGen         :: CPU Sec = 0.10D+04, WALL Sec = 0.96D+04
 HiCu.MakeKxc         :: WALL (Sec) = 0.63D+04
 HiCu                 :: Kxc[2] CheckSum  = 0.2126049750403650D+02
 HiCu                 :: WALL (Sec) = 0.16D+05
 HiCu                 :: Allocs=488938,  DeAllocs=189566, 165073008 bytes are presently allocated.
                         A max of 166579432 bytes were allocated.
>-Exiting HiCu 09/04/02 @ 05:53:41-<
<<Entering FockNGrueven 09/04/02 @ 05:53:42>>
 FockNGrueven         :: F[2] CheckSum  = 0.8467421421428989D+02
 FockNGrueven         :: OrthoF[2] CheckSum  = 0.7699996458417357D+02
 FockNGrueven         :: CPU (Sec,MFLOPS) = (0.33D+00, 167),
                         WALL(Sec,MFLOPS) = (0.34D+00, 162)
 FockNGrueven         :: Allocs=37,  DeAllocs=33, 380468 bytes are presently allocated.
                         A max of 2847168 bytes were allocated.
>-Exiting FockNGrueven 09/04/02 @ 05:53:42-<
<<Entering DIIS 09/04/02 @ 05:53:42>>
 DIIS                 :: Cond# = 0.11D+02, MIN(E) = 0.34D+00
 DIIS : Pulay C1      :: DIISCo = -.18D+00, 0.12D+01
 DIIS                 :: F_DIIS[2] CheckSum  = 0.7699869740870877D+02
 DIIS                 :: CPU (Sec,MFLOPS) = (0.48D+00, 159),
                         WALL(Sec,MFLOPS) = (0.48D+00, 159)
 DIIS                 :: Allocs=45,  DeAllocs=40, 216 bytes are presently allocated.
                         A max of 3026148 bytes were allocated.
>-Exiting DIIS 09/04/02 @ 05:53:42-<
<<Entering NT4 09/04/02 @ 05:53:43>>
 NT4                  :: Trix = 0.50D-02
 NT4 : Pure 1         :: dE=0.10D+01, dP=0.42D+00, ThrX=0.50D-02, %Non0=11
 NT4 : Pure 2         :: dE=0.64D-01, dP=0.22D+00, ThrX=0.50D-02, %Non0=11
 NT4 : Pure 3         :: dE=0.87D-02, dP=0.49D-01, ThrX=0.50D-02, %Non0=11
 NT4 : Pure 4         :: dE=0.79D-02, dP=0.68D-01, ThrX=0.50D-02, %Non0=13
 NT4 : Pure 5         :: dE=0.11D-01, dP=0.93D-01, ThrX=0.50D-02, %Non0=16
 NT4 : Pure 6         :: dE=0.13D-01, dP=0.11D+00, ThrX=0.50D-02, %Non0=20
 NT4 : Pure 7         :: dE=0.13D-01, dP=0.11D+00, ThrX=0.50D-02, %Non0=25
 NT4 : Pure 8         :: dE=0.92D-02, dP=0.87D-01, ThrX=0.50D-02, %Non0=31
 NT4 : Pure 9         :: dE=0.47D-02, dP=0.60D-01, ThrX=0.50D-02, %Non0=35
 NT4 : Pure 10        :: dE=0.22D-02, dP=0.55D-01, ThrX=0.50D-02, %Non0=44
 NT4 : Pure 11        :: dE=0.98D-03, dP=0.36D-01, ThrX=0.50D-02, %Non0=52
 NT4 : Pure 12        :: dE=0.35D-03, dP=0.25D-01, ThrX=0.50D-02, %Non0=63
 NT4 : Pure 13        :: dE=0.14D-03, dP=0.19D-01, ThrX=0.50D-02, %Non0=72
 NT4 : Pure 14        :: dE=0.48D-04, dP=0.11D-01, ThrX=0.50D-02, %Non0=72
 NT4 : Pure 15        :: dE=0.10D-04, dP=0.11D-01, ThrX=0.50D-02, %Non0=71
 NT4 : Pure 16        :: dE=0.18D-06, dP=0.92D-02, ThrX=0.50D-02, %Non0=70
 NT4 : Pure 17        :: dE=0.92D-06, dP=0.93D-02, ThrX=0.50D-02, %Non0=70
 NT4 : Hit dE increase:: Tr{FP}=-.6464034930787914D+03, dNel = 0.00D+00
 NT4                  :: 17 purification steps, 36 matrix multiplies
 NT4                  :: Fractional occupation = 0.60D+00, %Non0s = 70
 NT4 : Max abs errors :: dE=0.60D-03, dP=0.93D-02, [F,P]=0.72D-01
 NT4                  :: Rel dE=0.92D-06, ||dP||_F=0.67D-01, ||[F,P]||_F=0.98D+00
 NT4                  :: OrthoP[3] CheckSum  = 0.1341812331572813D+02
 NT4                  :: P[3] CheckSum  = 0.1153362706607979D+02
 NT4                  :: CPU (Sec,MFLOPS) = (0.33D+01, 177),
                         WALL(Sec,MFLOPS) = (0.33D+01, 177)
 NT4                  :: Allocs=259,  DeAllocs=255, 749060 bytes are presently allocated.
                         A max of 4495092 bytes were allocated.
>-Exiting NT4 09/04/02 @ 05:53:46-<
<<Entering SCFStatus 09/04/02 @ 05:53:46>>
 
= = = = = SCFCycle #2, Basis #1, Geometry #1 = = = = =

       DIISErr = 0.37D-02
       MaxDelD = 0.21D+00
       <T>     = 0.22589809D+04
       <V>     = -.42118943D+04
       <DFT>   = -.32474549D+03
       <SCF>   = -2277.65883983

 SCFStatus            :: CPU (Sec,MFLOPS) = (0.60D-01, 9),
                         WALL(Sec,MFLOPS) = (0.60D-01, 9)
 SCFStatus            :: Allocs=16,  DeAllocs=16, 0 bytes are presently allocated.
                         A max of 2247900 bytes were allocated.
>-Exiting SCFStatus 09/04/02 @ 05:53:46-<
 DIISQ =    0.3578225032856470     
 DMaxQ =    0.3880910105317720     
 DIISB =    3.6614182073077162E-003
 DIISA =    4.9715560358222088E-003
 DMaxA =    0.1278086850770615     
 DMaxB =    0.2088687815946813     
<<Entering MakeRho 09/04/02 @ 05:53:46>>
 MakeRho : Pruned Rho :: dNel = -.17D-04, kept 27% of distributions.
 MakeRho : Moments    :: <r> = (-.26D+01, -.33D+00, 0.11D+00), <r^2> = 0.33D+03
 ... ning Warning  Warning  Warning Wa ...
MakeRho              :: relative error in density = 0.47D-07. Distribution threshold =
 MakeRho              :: Rho CheckSum  = 0.3314128579009924D+04
 MakeRho              :: CPU Sec = 0.24D+02, WALL Sec = 0.24D+02
 MakeRho              :: Allocs=64,  DeAllocs=59, 728 bytes are presently allocated.
                         A max of 33834116 bytes were allocated.
>-Exiting MakeRho 09/04/02 @ 05:54:10-<
<<Entering QCTC 09/04/02 @ 05:54:10>>
 QCTC                 :: J[3] CheckSum  = 0.1860965690258305D+03
 QCTC                 :: CPU Sec = 0.11D+04, WALL Sec = 0.54D+04
 QCTC                 :: Allocs=544153,  DeAllocs=50, 91684336 bytes are presently allocated.
                         A max of 104034168 bytes were allocated.
>-Exiting QCTC 09/04/02 @ 07:24:52-<
<<Entering HiCu 09/04/02 @ 07:24:53>>
 HiCu.GridGen         :: Tau = 0.10D-01, <Rho> = 0.17997547D+03, <Exc> = -.32435203D+03, Pts/Atom = 1366
 HiCu.GridGen         :: Tau = 0.10D-02, <Rho> = 0.18003171D+03, <Exc> = -.32505549D+03, Pts/Atom = 2923
 HiCu.GridGen         :: Tau = 0.10D-03, <Rho> = 0.17999904D+03, <Exc> = -.32498451D+03, Pts/Atom = 5516
 HiCu.GridGen         :: Tau = 0.10D-04, <Rho> = 0.17999964D+03, <Exc> = -.32499082D+03, Pts/Atom = 10283
 HiCu.GridGen         :: Tau = 0.10D-05, <Rho> = 0.18000009D+03, <Exc> = -.32499231D+03, Pts/Atom = 19709
 HiCu.GridGen         :: Tau = 0.10D-06, <Rho> = 0.18000004D+03, <Exc> = -.32499256D+03, Pts/Atom = 36869
 HiCu.GridGen         :: TauRel = 0.10D-06, RhoErr = 0.24D-06, <Exc> = -.32499256D+03
 HiCu.GridGen         :: CPU Sec = 0.11D+04, WALL Sec = 0.96D+04
 HiCu.MakeKxc         :: WALL (Sec) = 0.63D+04
 HiCu                 :: Kxc[3] CheckSum  = 0.2126304473650289D+02
 HiCu                 :: WALL (Sec) = 0.16D+05
 HiCu                 :: Allocs=488034,  DeAllocs=189662, 165086080 bytes are presently allocated.
                         A max of 166592504 bytes were allocated.
>-Exiting HiCu 09/04/02 @ 11:49:55-<
<<Entering FockNGrueven 09/04/02 @ 11:49:55>>
 FockNGrueven         :: F[3] CheckSum  = 0.8469214933551496D+02
 FockNGrueven         :: OrthoF[3] CheckSum  = 0.7700348272383769D+02
 FockNGrueven         :: CPU (Sec,MFLOPS) = (0.33D+00, 167),
                         WALL(Sec,MFLOPS) = (0.33D+00, 167)
 FockNGrueven         :: Allocs=37,  DeAllocs=33, 380468 bytes are presently allocated.
                         A max of 2847168 bytes were allocated.
>-Exiting FockNGrueven 09/04/02 @ 11:49:55-<
<<Entering DIIS 09/04/02 @ 11:49:55>>
 DIIS                 :: Cond# = 0.18D+02, MIN(E) = 0.23D+00
 DIIS : Pulay C1      :: DIISCo = -.42D-01, 0.61D+00, 0.44D+00
 DIIS                 :: F_DIIS[3] CheckSum  = 0.7699673932526751D+02
 DIIS                 :: CPU (Sec,MFLOPS) = (0.54D+00, 142),
                         WALL(Sec,MFLOPS) = (0.54D+00, 142)
 DIIS                 :: Allocs=49,  DeAllocs=44, 272 bytes are presently allocated.
                         A max of 3026148 bytes were allocated.
>-Exiting DIIS 09/04/02 @ 11:49:56-<
<<Entering NT4 09/04/02 @ 11:49:56>>
 NT4                  :: Trix = 0.50D-02
 NT4 : Pure 1         :: dE=0.10D+01, dP=0.42D+00, ThrX=0.50D-02, %Non0=11
 NT4 : Pure 2         :: dE=0.64D-01, dP=0.22D+00, ThrX=0.50D-02, %Non0=11
 NT4 : Pure 3         :: dE=0.88D-02, dP=0.50D-01, ThrX=0.50D-02, %Non0=11
 NT4 : Pure 4         :: dE=0.78D-02, dP=0.69D-01, ThrX=0.50D-02, %Non0=13
 NT4 : Pure 5         :: dE=0.11D-01, dP=0.94D-01, ThrX=0.50D-02, %Non0=16
 NT4 : Pure 6         :: dE=0.13D-01, dP=0.11D+00, ThrX=0.50D-02, %Non0=19
 NT4 : Pure 7         :: dE=0.13D-01, dP=0.11D+00, ThrX=0.50D-02, %Non0=25
 NT4 : Pure 8         :: dE=0.93D-02, dP=0.86D-01, ThrX=0.50D-02, %Non0=31
 NT4 : Pure 9         :: dE=0.48D-02, dP=0.55D-01, ThrX=0.50D-02, %Non0=35
 NT4 : Pure 10        :: dE=0.22D-02, dP=0.49D-01, ThrX=0.50D-02, %Non0=45
 NT4 : Pure 11        :: dE=0.97D-03, dP=0.36D-01, ThrX=0.50D-02, %Non0=54
 NT4 : Pure 12        :: dE=0.35D-03, dP=0.25D-01, ThrX=0.50D-02, %Non0=65
 NT4 : Pure 13        :: dE=0.13D-03, dP=0.18D-01, ThrX=0.50D-02, %Non0=72
 NT4 : Pure 14        :: dE=0.53D-04, dP=0.14D-01, ThrX=0.50D-02, %Non0=73
 NT4 : Pure 15        :: dE=0.16D-04, dP=0.10D-01, ThrX=0.50D-02, %Non0=73
 NT4 : Pure 16        :: dE=0.19D-05, dP=0.11D-01, ThrX=0.50D-02, %Non0=72
 NT4 : Hit dP increase:: Tr{FP}=-.6465317406090119D+03, dNel = 0.11D-12
 NT4                  :: 16 purification steps, 34 matrix multiplies
 NT4                  :: Fractional occupation = 0.60D+00, %Non0s = 72
 NT4 : Max abs errors :: dE=0.12D-02, dP=0.11D-01, [F,P]=0.73D-01
 NT4                  :: Rel dE=0.19D-05, ||dP||_F=0.12D+00, ||[F,P]||_F=0.98D+00
 NT4                  :: OrthoP[4] CheckSum  = 0.1341939378938395D+02
 NT4                  :: P[4] CheckSum  = 0.1152972554925061D+02
 NT4                  :: CPU (Sec,MFLOPS) = (0.31D+01, 176),
                         WALL(Sec,MFLOPS) = (0.31D+01, 176)
 NT4                  :: Allocs=253,  DeAllocs=249, 749060 bytes are presently allocated.
                         A max of 4495092 bytes were allocated.
>-Exiting NT4 09/04/02 @ 11:49:59-<
<<Entering SCFStatus 09/04/02 @ 11:49:59>>
 
= = = = = SCFCycle #3, Basis #1, Geometry #1 = = = = =

       DIISErr = 0.39D-02
       MaxDelD = 0.18D+00
       <T>     = 0.22624224D+04
       <V>     = -.42149208D+04
       <DFT>   = -.32499256D+03
       <SCF>   = -2277.49090658

 SCFStatus            :: CPU (Sec,MFLOPS) = (0.60D-01, 9),
                         WALL(Sec,MFLOPS) = (0.60D-01, 9)
 SCFStatus            :: Allocs=16,  DeAllocs=16, 0 bytes are presently allocated.
                         A max of 2247900 bytes were allocated.
>-Exiting SCFStatus 09/04/02 @ 11:49:59-<
 DIISQ =    5.4451047849229814E-002
 DMaxQ =    0.1921295892904571     
 DIISB =    3.8722672147003703E-003
 DIISA =    3.6614182073077162E-003
 DMaxA =    0.2088687815946813     
 DMaxB =    0.1752064401983327     
<<Entering MakeRho 09/04/02 @ 11:49:59>>
 MakeRho : Pruned Rho :: dNel = -.68D-05, kept 26% of distributions.
 MakeRho : Moments    :: <r> = (0.33D+01, 0.41D+00, -.41D-01), <r^2> = 0.33D+03
 ... ning Warning  Warning  Warning Wa ...
MakeRho              :: relative error in density = 0.19D-07. Distribution threshold =
 MakeRho              :: Rho CheckSum  = 0.3313788353275430D+04
 MakeRho              :: CPU Sec = 0.24D+02, WALL Sec = 0.24D+02
 MakeRho              :: Allocs=64,  DeAllocs=59, 728 bytes are presently allocated.
                         A max of 34557772 bytes were allocated.
>-Exiting MakeRho 09/04/02 @ 11:50:24-<
<<Entering QCTC 09/04/02 @ 11:50:24>>
 QCTC                 :: J[4] CheckSum  = 0.1860836108826044D+03
 QCTC                 :: CPU Sec = 0.12D+04, WALL Sec = 0.55D+04
 QCTC                 :: Allocs=550018,  DeAllocs=50, 92696176 bytes are presently allocated.
                         A max of 105190644 bytes were allocated.
>-Exiting QCTC 09/04/02 @ 13:22:11-<
<<Entering HiCu 09/04/02 @ 13:22:11>>
 HiCu.GridGen         :: Tau = 0.10D-01, <Rho> = 0.17996932D+03, <Exc> = -.32431787D+03, Pts/Atom = 1365
 HiCu.GridGen         :: Tau = 0.10D-02, <Rho> = 0.18003286D+03, <Exc> = -.32503391D+03, Pts/Atom = 2914
 HiCu.GridGen         :: Tau = 0.10D-03, <Rho> = 0.17999895D+03, <Exc> = -.32495742D+03, Pts/Atom = 5511
 HiCu.GridGen         :: Tau = 0.10D-04, <Rho> = 0.17999967D+03, <Exc> = -.32496407D+03, Pts/Atom = 10301
 HiCu.GridGen         :: Tau = 0.10D-05, <Rho> = 0.18000009D+03, <Exc> = -.32496560D+03, Pts/Atom = 19728
 HiCu.GridGen         :: Tau = 0.10D-06, <Rho> = 0.18000003D+03, <Exc> = -.32496586D+03, Pts/Atom = 36899
 HiCu.GridGen         :: TauRel = 0.10D-06, RhoErr = 0.21D-06, <Exc> = -.32496586D+03
 HiCu.GridGen         :: CPU Sec = 0.11D+04, WALL Sec = 0.96D+04
 HiCu.MakeKxc         :: WALL (Sec) = 0.63D+04
 HiCu                 :: Kxc[4] CheckSum  = 0.2126359665626542D+02
 HiCu                 :: WALL (Sec) = 0.16D+05
 HiCu                 :: Allocs=489525,  DeAllocs=189821, 165293896 bytes are presently allocated.
                         A max of 166800320 bytes were allocated.
>-Exiting HiCu 09/04/02 @ 17:47:23-<
<<Entering FockNGrueven 09/04/02 @ 17:47:24>>
 FockNGrueven         :: F[4] CheckSum  = 0.8467788962029989D+02
 FockNGrueven         :: OrthoF[4] CheckSum  = 0.7699350306272825D+02
 FockNGrueven         :: CPU (Sec,MFLOPS) = (0.33D+00, 167),
                         WALL(Sec,MFLOPS) = (0.34D+00, 162)
 FockNGrueven         :: Allocs=37,  DeAllocs=33, 380468 bytes are presently allocated.
                         A max of 2847168 bytes were allocated.
>-Exiting FockNGrueven 09/04/02 @ 17:47:24-<
<<Entering DIIS 09/04/02 @ 17:47:24>>
 DIIS                 :: Cond# = 0.42D+02, MIN(E) = 0.12D+00
 DIIS : Pulay C1      :: DIISCo = 0.80D-01, 0.19D+00, 0.34D+00, 0.39D+00
 DIIS                 :: F_DIIS[4] CheckSum  = 0.7699031056757161D+02
 DIIS                 :: CPU (Sec,MFLOPS) = (0.64D+00, 127),
                         WALL(Sec,MFLOPS) = (0.64D+00, 127)
 DIIS                 :: Allocs=58,  DeAllocs=53, 344 bytes are presently allocated.
                         A max of 3026148 bytes were allocated.
>-Exiting DIIS 09/04/02 @ 17:47:25-<
<<Entering NT4 09/04/02 @ 17:47:25>>
 NT4                  :: Trix = 0.50D-02
 NT4 : Pure 1         :: dE=0.10D+01, dP=0.42D+00, ThrX=0.50D-02, %Non0=11
 NT4 : Pure 2         :: dE=0.64D-01, dP=0.22D+00, ThrX=0.50D-02, %Non0=11
 NT4 : Pure 3         :: dE=0.89D-02, dP=0.48D-01, ThrX=0.50D-02, %Non0=11
 NT4 : Pure 4         :: dE=0.78D-02, dP=0.66D-01, ThrX=0.50D-02, %Non0=12
 NT4 : Pure 5         :: dE=0.11D-01, dP=0.91D-01, ThrX=0.50D-02, %Non0=16
 NT4 : Pure 6         :: dE=0.13D-01, dP=0.11D+00, ThrX=0.50D-02, %Non0=20
 NT4 : Pure 7         :: dE=0.13D-01, dP=0.11D+00, ThrX=0.50D-02, %Non0=25
 NT4 : Pure 8         :: dE=0.93D-02, dP=0.82D-01, ThrX=0.50D-02, %Non0=31
 NT4 : Pure 9         :: dE=0.48D-02, dP=0.55D-01, ThrX=0.50D-02, %Non0=35
 NT4 : Pure 10        :: dE=0.22D-02, dP=0.50D-01, ThrX=0.50D-02, %Non0=45
 NT4 : Pure 11        :: dE=0.10D-02, dP=0.37D-01, ThrX=0.50D-02, %Non0=53
 NT4 : Pure 12        :: dE=0.36D-03, dP=0.25D-01, ThrX=0.50D-02, %Non0=65
 NT4 : Pure 13        :: dE=0.14D-03, dP=0.18D-01, ThrX=0.50D-02, %Non0=72
 NT4 : Pure 14        :: dE=0.49D-04, dP=0.14D-01, ThrX=0.50D-02, %Non0=73
 NT4 : Pure 15        :: dE=0.11D-04, dP=0.12D-01, ThrX=0.50D-02, %Non0=73
 NT4 : Pure 16        :: dE=0.71D-06, dP=0.10D-01, ThrX=0.50D-02, %Non0=72
 NT4 : Pure 17        :: dE=0.12D-05, dP=0.90D-02, ThrX=0.50D-02, %Non0=72
 NT4 : Hit dE increase:: Tr{FP}=-.6465242750583454D+03, dNel = 0.11D-12
 NT4                  :: 17 purification steps, 36 matrix multiplies
 NT4                  :: Fractional occupation = 0.60D+00, %Non0s = 72
 NT4 : Max abs errors :: dE=0.78D-03, dP=0.90D-02, [F,P]=0.72D-01
 NT4                  :: Rel dE=0.12D-05, ||dP||_F=0.78D-01, ||[F,P]||_F=0.99D+00
 NT4                  :: OrthoP[5] CheckSum  = 0.1341830069613304D+02
 NT4                  :: P[5] CheckSum  = 0.1152646789439283D+02
 NT4                  :: CPU (Sec,MFLOPS) = (0.34D+01, 177),
                         WALL(Sec,MFLOPS) = (0.34D+01, 176)
 NT4                  :: Allocs=259,  DeAllocs=255, 749060 bytes are presently allocated.
                         A max of 4495092 bytes were allocated.
>-Exiting NT4 09/04/02 @ 17:47:28-<
<<Entering SCFStatus 09/04/02 @ 17:47:28>>
 
= = = = = SCFCycle #4, Basis #1, Geometry #1 = = = = =

       DIISErr = 0.35D-02
       MaxDelD = 0.55D-01
       <T>     = 0.22622992D+04
       <V>     = -.42149693D+04
       <DFT>   = -.32496586D+03
       <SCF>   = -2277.63598309

 SCFStatus            :: CPU (Sec,MFLOPS) = (0.60D-01, 9),
                         WALL(Sec,MFLOPS) = (0.60D-01, 9)
 SCFStatus            :: Allocs=16,  DeAllocs=16, 0 bytes are presently allocated.
                         A max of 2247900 bytes were allocated.
>-Exiting SCFStatus 09/04/02 @ 17:47:28-<
 DIISQ =    0.1015618354078868     
 DMaxQ =     2.192711494229766     
 DIISB =    3.5152517908961012E-003
 DIISA =    3.8722672147003703E-003
 DMaxA =    0.1752064401983327     
 DMaxB =    5.4877003611189377E-002
<<Entering MakeRho 09/04/02 @ 17:47:28>>
 MakeRho : Pruned Rho :: dNel = -.95D-05, kept 26% of distributions.
 MakeRho : Moments    :: <r> = (0.31D+00, -.19D+00, 0.91D-01), <r^2> = 0.33D+03
 ... ning Warning  Warning  Warning Wa ...
MakeRho              :: relative error in density = 0.26D-07. Distribution threshold =
 MakeRho              :: Rho CheckSum  = 0.3313701112935997D+04
 MakeRho              :: CPU Sec = 0.24D+02, WALL Sec = 0.24D+02
 MakeRho              :: Allocs=64,  DeAllocs=59, 728 bytes are presently allocated.
                         A max of 34359188 bytes were allocated.
>-Exiting MakeRho 09/04/02 @ 17:47:53-<
<<Entering QCTC 09/04/02 @ 17:47:53>>
 QCTC                 :: J[5] CheckSum  = 0.1860740561250455D+03
 QCTC                 :: CPU Sec = 0.12D+04, WALL Sec = 0.55D+04
 QCTC                 :: Allocs=548033,  DeAllocs=50, 92354768 bytes are presently allocated.
                         A max of 104800808 bytes were allocated.
>-Exiting QCTC 09/04/02 @ 19:19:13-<
<<Entering HiCu 09/04/02 @ 19:19:13>>
 HiCu.GridGen         :: Tau = 0.10D-01, <Rho> = 0.17992010D+03, <Exc> = -.32413600D+03, Pts/Atom = 1345
 HiCu.GridGen         :: Tau = 0.10D-02, <Rho> = 0.18003690D+03, <Exc> = -.32502980D+03, Pts/Atom = 2896
 HiCu.GridGen         :: Tau = 0.10D-03, <Rho> = 0.17999878D+03, <Exc> = -.32494394D+03, Pts/Atom = 5515
 HiCu.GridGen         :: Tau = 0.10D-04, <Rho> = 0.17999967D+03, <Exc> = -.32495234D+03, Pts/Atom = 10278
 HiCu.GridGen         :: Tau = 0.10D-05, <Rho> = 0.18000010D+03, <Exc> = -.32495353D+03, Pts/Atom = 19731
 HiCu.GridGen         :: Tau = 0.10D-06, <Rho> = 0.18000004D+03, <Exc> = -.32495381D+03, Pts/Atom = 36960
 HiCu.GridGen         :: TauRel = 0.10D-06, RhoErr = 0.26D-06, <Exc> = -.32495381D+03
 HiCu.GridGen         :: CPU Sec = 0.10D+04, WALL Sec = 0.96D+04
 HiCu.MakeKxc         :: WALL (Sec) = 0.63D+04
 HiCu                 :: Kxc[5] CheckSum  = 0.2126367058470139D+02
 HiCu                 :: WALL (Sec) = 0.16D+05
 HiCu                 :: Allocs=489746,  DeAllocs=190130, 165528848 bytes are presently allocated.
                         A max of 167035272 bytes were allocated.
>-Exiting HiCu 09/04/02 @ 23:44:15-<
<<Entering FockNGrueven 09/04/02 @ 23:44:15>>
 FockNGrueven         :: F[5] CheckSum  = 0.8466078557220816D+02
 FockNGrueven         :: OrthoF[5] CheckSum  = 0.7698072626409818D+02
 FockNGrueven         :: CPU (Sec,MFLOPS) = (0.33D+00, 167),
                         WALL(Sec,MFLOPS) = (0.33D+00, 167)
 FockNGrueven         :: Allocs=37,  DeAllocs=33, 380468 bytes are presently allocated.
                         A max of 2847168 bytes were allocated.
>-Exiting FockNGrueven 09/04/02 @ 23:44:16-<
<<Entering DIIS 09/04/02 @ 23:44:16>>
 DIIS                 :: Cond# = 0.11D+03, MIN(E) = 0.53D-01
 DIIS : Pulay C1      :: DIISCo = 0.73D-01, 0.19D+00, 0.32D+00,
                                  0.36D+00, 0.63D-01
 DIIS                 :: F_DIIS[5] CheckSum  = 0.7698984189833845D+02
 DIIS                 :: CPU (Sec,MFLOPS) = (0.71D+00, 113),
                         WALL(Sec,MFLOPS) = (0.71D+00, 113)
 DIIS                 :: Allocs=64,  DeAllocs=59, 432 bytes are presently allocated.
                         A max of 3026148 bytes were allocated.
>-Exiting DIIS 09/04/02 @ 23:44:16-<
<<Entering NT4 09/04/02 @ 23:44:16>>
 NT4                  :: Trix = 0.50D-02
 NT4 : Pure 1         :: dE=0.10D+01, dP=0.42D+00, ThrX=0.50D-02, %Non0=11
 NT4 : Pure 2         :: dE=0.64D-01, dP=0.22D+00, ThrX=0.50D-02, %Non0=11
 NT4 : Pure 3         :: dE=0.89D-02, dP=0.48D-01, ThrX=0.50D-02, %Non0=11
 NT4 : Pure 4         :: dE=0.78D-02, dP=0.66D-01, ThrX=0.50D-02, %Non0=12
 NT4 : Pure 5         :: dE=0.11D-01, dP=0.91D-01, ThrX=0.50D-02, %Non0=16
 NT4 : Pure 6         :: dE=0.13D-01, dP=0.11D+00, ThrX=0.50D-02, %Non0=20
 NT4 : Pure 7         :: dE=0.13D-01, dP=0.11D+00, ThrX=0.50D-02, %Non0=25
 NT4 : Pure 8         :: dE=0.93D-02, dP=0.82D-01, ThrX=0.50D-02, %Non0=31
 NT4 : Pure 9         :: dE=0.48D-02, dP=0.54D-01, ThrX=0.50D-02, %Non0=35
 NT4 : Pure 10        :: dE=0.22D-02, dP=0.50D-01, ThrX=0.50D-02, %Non0=45
 NT4 : Pure 11        :: dE=0.10D-02, dP=0.36D-01, ThrX=0.50D-02, %Non0=53
 NT4 : Pure 12        :: dE=0.36D-03, dP=0.25D-01, ThrX=0.50D-02, %Non0=65
 NT4 : Pure 13        :: dE=0.14D-03, dP=0.18D-01, ThrX=0.50D-02, %Non0=72
 NT4 : Pure 14        :: dE=0.49D-04, dP=0.13D-01, ThrX=0.50D-02, %Non0=73
 NT4 : Pure 15        :: dE=0.98D-05, dP=0.12D-01, ThrX=0.50D-02, %Non0=73
 NT4 : Pure 16        :: dE=0.48D-06, dP=0.95D-02, ThrX=0.50D-02, %Non0=72
 NT4 : Pure 17        :: dE=0.34D-06, dP=0.10D-01, ThrX=0.50D-02, %Non0=72
 NT4 : Hit dE increase:: Tr{FP}=-.6465157926022281D+03, dNel = 0.57D-13
 NT4                  :: 17 purification steps, 36 matrix multiplies
 NT4                  :: Fractional occupation = 0.60D+00, %Non0s = 72
 NT4 : Max abs errors :: dE=0.22D-03, dP=0.10D-01, [F,P]=0.72D-01
 NT4                  :: Rel dE=0.34D-06, ||dP||_F=0.78D-01, ||[F,P]||_F=0.98D+00
 NT4                  :: OrthoP[6] CheckSum  = 0.1341872284251414D+02
 NT4                  :: P[6] CheckSum  = 0.1152667232746030D+02
 NT4                  :: CPU (Sec,MFLOPS) = (0.34D+01, 176),
                         WALL(Sec,MFLOPS) = (0.34D+01, 176)
 NT4                  :: Allocs=259,  DeAllocs=255, 749060 bytes are presently allocated.
                         A max of 4495092 bytes were allocated.
>-Exiting NT4 09/04/02 @ 23:44:20-<
<<Entering SCFStatus 09/04/02 @ 23:44:20>>
 
= = = = = SCFCycle #5, Basis #1, Geometry #1 = = = = =

       DIISErr = 0.33D-02
       MaxDelD = 0.22D-01
       <T>     = 0.22622121D+04
       <V>     = -.42150114D+04
       <DFT>   = -.32495381D+03
       <SCF>   = -2277.75308252

 SCFStatus            :: CPU (Sec,MFLOPS) = (0.60D-01, 9),
                         WALL(Sec,MFLOPS) = (0.60D-01, 9)
 SCFStatus            :: Allocs=16,  DeAllocs=16, 0 bytes are presently allocated.
                         A max of 2247900 bytes were allocated.
>-Exiting SCFStatus 09/04/02 @ 23:44:20-<
 DIISQ =    6.4696511927195601E-002
 DMaxQ =     1.509221422746263     
 DIISB =    3.3016467617924117E-003
 DIISA =    3.5152517908961012E-003
 DMaxA =    5.4877003611189377E-002
 DMaxB =    2.1870131951578928E-002
<<Entering MakeRho 09/04/02 @ 23:44:20>>
 MakeRho : Pruned Rho :: dNel = -.13D-04, kept 27% of distributions.
 MakeRho : Moments    :: <r> = (0.30D+00, -.11D+00, 0.67D-01), <r^2> = 0.33D+03
 ... ning Warning  Warning  Warning Wa ...
MakeRho              :: relative error in density = 0.36D-07. Distribution threshold =
 MakeRho              :: Rho CheckSum  = 0.3313679705134212D+04
 MakeRho              :: CPU Sec = 0.24D+02, WALL Sec = 0.24D+02
 MakeRho              :: Allocs=64,  DeAllocs=59, 728 bytes are presently allocated.
                         A max of 34136804 bytes were allocated.
>-Exiting MakeRho 09/04/02 @ 23:44:44-<
<<Entering QCTC 09/04/02 @ 23:44:44>>
 QCTC                 :: J[6] CheckSum  = 0.1860749077842186D+03
 QCTC                 :: CPU Sec = 0.12D+04, WALL Sec = 0.55D+04
 QCTC                 :: Allocs=547423,  DeAllocs=50, 92246320 bytes are presently allocated.
                         A max of 104675712 bytes were allocated.
>-Exiting QCTC 09/05/02 @ 01:15:54-<
<<Entering HiCu 09/05/02 @ 01:15:54>>
 HiCu.GridGen         :: Tau = 0.10D-01, <Rho> = 0.17992140D+03, <Exc> = -.32415004D+03, Pts/Atom = 1346
 HiCu.GridGen         :: Tau = 0.10D-02, <Rho> = 0.18003692D+03, <Exc> = -.32502933D+03, Pts/Atom = 2896
 HiCu.GridGen         :: Tau = 0.10D-03, <Rho> = 0.17999881D+03, <Exc> = -.32494383D+03, Pts/Atom = 5514
 HiCu.GridGen         :: Tau = 0.10D-04, <Rho> = 0.17999966D+03, <Exc> = -.32495190D+03, Pts/Atom = 10274
 HiCu.GridGen         :: Tau = 0.10D-05, <Rho> = 0.18000010D+03, <Exc> = -.32495312D+03, Pts/Atom = 19721
 HiCu.GridGen         :: Tau = 0.10D-06, <Rho> = 0.18000004D+03, <Exc> = -.32495340D+03, Pts/Atom = 36945
 HiCu.GridGen         :: TauRel = 0.10D-06, RhoErr = 0.26D-06, <Exc> = -.32495340D+03
 HiCu.GridGen         :: CPU Sec = 0.10D+04, WALL Sec = 0.96D+04
 HiCu.MakeKxc         :: WALL (Sec) = 0.63D+04
 HiCu                 :: Kxc[6] CheckSum  = 0.2126366448411446D+02
 HiCu                 :: WALL (Sec) = 0.16D+05
 HiCu                 :: Allocs=489474,  DeAllocs=190055, 165456520 bytes are presently allocated.
                         A max of 166962944 bytes were allocated.
>-Exiting HiCu 09/05/02 @ 05:40:59-<
<<Entering FockNGrueven 09/05/02 @ 05:40:59>>
 FockNGrueven         :: F[6] CheckSum  = 0.8466171132445106D+02
 FockNGrueven         :: OrthoF[6] CheckSum  = 0.7698135163782943D+02
 FockNGrueven         :: CPU (Sec,MFLOPS) = (0.33D+00, 167),
                         WALL(Sec,MFLOPS) = (0.33D+00, 167)
 FockNGrueven         :: Allocs=37,  DeAllocs=33, 380468 bytes are presently allocated.
                         A max of 2847168 bytes were allocated.
>-Exiting FockNGrueven 09/05/02 @ 05:40:59-<
<<Entering DIIS 09/05/02 @ 05:41:00>>
 DIIS                 :: Cond# = 0.54D+03, MIN(E) = 0.12D-01
 DIIS : Pulay C1      :: DIISCo = 0.69D-01, 0.19D+00, 0.31D+00,
                                  0.34D+00, -.11D+00, 0.21D+00
 DIIS                 :: F_DIIS[6] CheckSum  = 0.7698974974974099D+02
 DIIS                 :: CPU (Sec,MFLOPS) = (0.80D+00, 102),
                         WALL(Sec,MFLOPS) = (0.80D+00, 102)
 DIIS                 :: Allocs=71,  DeAllocs=66, 536 bytes are presently allocated.
                         A max of 3026148 bytes were allocated.
>-Exiting DIIS 09/05/02 @ 05:41:00-<
<<Entering NT4 09/05/02 @ 05:41:00>>
 NT4                  :: Trix = 0.50D-02
 NT4 : Pure 1         :: dE=0.10D+01, dP=0.42D+00, ThrX=0.50D-02, %Non0=11
 NT4 : Pure 2         :: dE=0.64D-01, dP=0.22D+00, ThrX=0.50D-02, %Non0=11
 NT4 : Pure 3         :: dE=0.89D-02, dP=0.48D-01, ThrX=0.50D-02, %Non0=11
 NT4 : Pure 4         :: dE=0.78D-02, dP=0.66D-01, ThrX=0.50D-02, %Non0=12
 NT4 : Pure 5         :: dE=0.11D-01, dP=0.91D-01, ThrX=0.50D-02, %Non0=16
 NT4 : Pure 6         :: dE=0.13D-01, dP=0.11D+00, ThrX=0.50D-02, %Non0=20
 NT4 : Pure 7         :: dE=0.13D-01, dP=0.11D+00, ThrX=0.50D-02, %Non0=25
 NT4 : Pure 8         :: dE=0.93D-02, dP=0.82D-01, ThrX=0.50D-02, %Non0=31
 NT4 : Pure 9         :: dE=0.48D-02, dP=0.54D-01, ThrX=0.50D-02, %Non0=35
 NT4 : Pure 10        :: dE=0.22D-02, dP=0.50D-01, ThrX=0.50D-02, %Non0=45
 NT4 : Pure 11        :: dE=0.10D-02, dP=0.37D-01, ThrX=0.50D-02, %Non0=53
 NT4 : Pure 12        :: dE=0.36D-03, dP=0.25D-01, ThrX=0.50D-02, %Non0=65
 NT4 : Pure 13        :: dE=0.14D-03, dP=0.18D-01, ThrX=0.50D-02, %Non0=72
 NT4 : Pure 14        :: dE=0.49D-04, dP=0.13D-01, ThrX=0.50D-02, %Non0=73
 NT4 : Pure 15        :: dE=0.10D-04, dP=0.12D-01, ThrX=0.50D-02, %Non0=73
 NT4 : Pure 16        :: dE=0.51D-06, dP=0.12D-01, ThrX=0.50D-02, %Non0=72
 NT4 : Hit dP increase:: Tr{FP}=-.6465141697641234D+03, dNel = 0.57D-13
 NT4                  :: 16 purification steps, 34 matrix multiplies
 NT4                  :: Fractional occupation = 0.60D+00, %Non0s = 72
 NT4 : Max abs errors :: dE=0.33D-03, dP=0.12D-01, [F,P]=0.73D-01
 NT4                  :: Rel dE=0.51D-06, ||dP||_F=0.95D-01, ||[F,P]||_F=0.98D+00
 NT4                  :: OrthoP[7] CheckSum  = 0.1341785034998467D+02
 NT4                  :: P[7] CheckSum  = 0.1152558961928650D+02
 NT4                  :: CPU (Sec,MFLOPS) = (0.31D+01, 177),
                         WALL(Sec,MFLOPS) = (0.31D+01, 177)
 NT4                  :: Allocs=249,  DeAllocs=245, 749060 bytes are presently allocated.
                         A max of 4495092 bytes were allocated.
>-Exiting NT4 09/05/02 @ 05:41:04-<
<<Entering SCFStatus 09/05/02 @ 05:41:04>>
 
= = = = = SCFCycle #6, Basis #1, Geometry #1 = = = = =

       DIISErr = 0.33D-02
       MaxDelD = 0.24D-01
       <T>     = 0.22622047D+04
       <V>     = -.42150057D+04
       <DFT>   = -.32495340D+03
       <SCF>   = -2277.75439945

 SCFStatus            :: CPU (Sec,MFLOPS) = (0.60D-01, 9),
                         WALL(Sec,MFLOPS) = (0.60D-01, 9)
 SCFStatus            :: Allocs=16,  DeAllocs=16, 0 bytes are presently allocated.
                         A max of 2247900 bytes were allocated.
>-Exiting SCFStatus 09/05/02 @ 05:41:04-<
 DIISQ =    4.3455870549924658E-003
 DMaxQ =    8.2841697097993769E-002
 DIISB =    3.2873612473110132E-003
 DIISA =    3.3016467617924117E-003
 DMaxA =    2.1870131951578928E-002
 DMaxB =    2.3845536678214692E-002
 SCF hit DMAX increase.
 Convergence statistics for RPBEx/PBEc/STO-6G:
========================================================================
SCF    Ink       Total             Delta       Max         DIIS   
Cycle  Fok       Energy            E_Tot       Delta P     Error  
  0,    F,           0.00000000, 0.0000D+00, 0.0000D+00, 0.0000D+00, 
  1,    F,       -2276.83520613, 0.4383D-01, 0.2496D+01, 0.0000D+00, 
  2,    F,       -2277.65883983, 0.3616D-03, 0.8106D-01, 0.3661D-02, 
  3,    F,       -2277.49090658, 0.7374D-04, 0.3366D-01, 0.3872D-02, 
  4,    F,       -2277.63598309, 0.6370D-04, 0.1203D+00, 0.3515D-02, 
  5,    F,       -2277.75308252, 0.5141D-04, 0.3301D-01, 0.3302D-02, 
  6,    F,       -2277.75439945, 0.5782D-06, 0.1975D-02, 0.3287D-02, 
========================================================================
>-Succesfull MondoSCF run 09/05/02 @ 05:41:04-<
