

 __    __                 _       ____________ ______ 
|  \  /  |               | |     /       /    |      |
|   \/   | ___  _ __   __| | ___/   ____/   __|  |==='
|        |/ _ \| '_ \ / _  |/ _ \____  \   (__|  ____|
|  |\/|  | (_) | | | | (_| | (_) )     /\     |  |    
|__|  |__|\___/|_| |_|\____|\___/_____/  \____|__|    

 Version 1.0 alpha 4                                  
 A program suite for O(N) SCF theory and ab initio MD 
 Matt Challacombe, Eric Schwegler, C.J. Tymczak,      
 Chee Kwan Gan, Karoly Nemeth and Anders Niklasson    
 Los Alamos National Laboratory (LA-CC 01-2)          
 Copywrite 2001, University of California.            

 Compiled for AMDLinux.PG, executing on zinc20
 a i686 machine running Linux 2.4.2-2

Water Cluster Scaling                                                                                                           
  
<<Starting MondoSCF 08/26/02 @ 14:17:35>>
 ** Auto-Wraps at default value => (Off) **
 ** Atom-Wrap at default value => (AtomWrap-Off) **
 ** Lattice Vector Format at default value => (Vector Format) **
 ** Coodinate Format at default value => (Atomic Coord) **
========================================================================
 Internal representation of the geometry:
 Geometry originally in Angstroms has been converted to AU.
 Geometry has been reordered using the Hilbert curve.
 Number of electrons = 360
------------------------------------------------------------------------
  *** Periodic is Off *** 
------------------------------------------------------------------------
 1   c    -.48745104D+01   -.13675758D+01   -.43067044D+01
 2   c    -.26616602D+01   -.22128313D+01   -.56743180D+01
 3   c    -.13675758D+01   -.43067044D+01   -.48745104D+01
 4   c    -.22128313D+01   -.56743180D+01   -.26616602D+01
 5   c    -.56743180D+01   -.26616602D+01   -.22128313D+01
 6   c    -.43067044D+01   -.48745104D+01   -.13675758D+01
 7   c    -.43067044D+01   -.48745104D+01   0.13675758D+01
 8   c    -.22128313D+01   -.56743180D+01   0.26616602D+01
 9   c    -.13675758D+01   -.43067044D+01   0.48745104D+01
 10   c    -.48745104D+01   -.13675758D+01   0.43067044D+01
 11   c    -.26616602D+01   -.22128313D+01   0.56743180D+01
 12   c    -.56743180D+01   -.26616602D+01   0.22128313D+01
 13   c    -.65195547D+01   -.12940844D+01   0.00000000D+00
 14   c    -.65195547D+01   0.12940844D+01   0.00000000D+00
 15   c    -.56743180D+01   0.26616602D+01   0.22128313D+01
 16   c    -.48745104D+01   0.13675758D+01   0.43067044D+01
 17   c    -.43067044D+01   0.48745104D+01   0.13675758D+01
 18   c    -.22128313D+01   0.56743180D+01   0.26616602D+01
 19   c    -.13675758D+01   0.43067044D+01   0.48745104D+01
 20   c    -.26616602D+01   0.22128313D+01   0.56743180D+01
 21   c    -.12940844D+01   0.00000000D+00   0.65195547D+01
 22   c    -.22128313D+01   0.56743180D+01   -.26616602D+01
 23   c    -.43067044D+01   0.48745104D+01   -.13675758D+01
 24   c    -.56743180D+01   0.26616602D+01   -.22128313D+01
 25   c    -.48745104D+01   0.13675758D+01   -.43067044D+01
 26   c    -.13675758D+01   0.43067044D+01   -.48745104D+01
 27   c    -.26616602D+01   0.22128313D+01   -.56743180D+01
 28   c    -.12940844D+01   0.00000000D+00   -.65195547D+01
 29   c    0.12940844D+01   0.00000000D+00   -.65195547D+01
 30   c    0.26616602D+01   0.22128313D+01   -.56743180D+01
 31   c    0.13675758D+01   0.43067044D+01   -.48745104D+01
 32   c    0.48745104D+01   0.13675758D+01   -.43067044D+01
 33   c    0.56743180D+01   0.26616602D+01   -.22128313D+01
 34   c    0.43067044D+01   0.48745104D+01   -.13675758D+01
 35   c    0.22128313D+01   0.56743180D+01   -.26616602D+01
 36   c    0.00000000D+00   0.65195547D+01   -.12940844D+01
 37   c    0.12940844D+01   0.00000000D+00   0.65195547D+01
 38   c    0.26616602D+01   0.22128313D+01   0.56743180D+01
 39   c    0.13675758D+01   0.43067044D+01   0.48745104D+01
 40   c    0.22128313D+01   0.56743180D+01   0.26616602D+01
 41   c    0.00000000D+00   0.65195547D+01   0.12940844D+01
 42   c    0.43067044D+01   0.48745104D+01   0.13675758D+01
 43   c    0.48745104D+01   0.13675758D+01   0.43067044D+01
 44   c    0.56743180D+01   0.26616602D+01   0.22128313D+01
 45   c    0.65195547D+01   0.12940844D+01   0.00000000D+00
 46   c    0.65195547D+01   -.12940844D+01   0.00000000D+00
 47   c    0.56743180D+01   -.26616602D+01   0.22128313D+01
 48   c    0.26616602D+01   -.22128313D+01   0.56743180D+01
 49   c    0.48745104D+01   -.13675758D+01   0.43067044D+01
 50   c    0.13675758D+01   -.43067044D+01   0.48745104D+01
 51   c    0.22128313D+01   -.56743180D+01   0.26616602D+01
 52   c    0.00000000D+00   -.65195547D+01   0.12940844D+01
 53   c    0.43067044D+01   -.48745104D+01   0.13675758D+01
 54   c    0.43067044D+01   -.48745104D+01   -.13675758D+01
 55   c    0.56743180D+01   -.26616602D+01   -.22128313D+01
 56   c    0.00000000D+00   -.65195547D+01   -.12940844D+01
 57   c    0.22128313D+01   -.56743180D+01   -.26616602D+01
 58   c    0.13675758D+01   -.43067044D+01   -.48745104D+01
 59   c    0.26616602D+01   -.22128313D+01   -.56743180D+01
 60   c    0.48745104D+01   -.13675758D+01   -.43067044D+01
========================================================================
 ParseGeometry        :: Allocs=14,  DeAllocs=14, 0 bytes are presently allocated.
                         A max of 7968 bytes were allocated.
 Base(1)%BName   = STO-6G
 Opening BasFile = /home/mchalla/MONDOf/BasisSets/STO-6G.bas
 ParseBaseSets        :: Allocs=61,  DeAllocs=60, 480 bytes are presently allocated.
                         A max of 25480 bytes were allocated.
 Current HDF file :: /scratch/mchalla/c60_PM_1D-2_780.hdf

 PROGRAM OF CALCULATIONS:

  A restricted Roothaan-Hall solution of the SCF using
  a tight accuracy level, STO-6G and the PBEx/PBEc model.
 

 Accuracy level 3 for the STO-6G basis set:
  TrixNeglect = 0.10D-05, CubeNeglect = 0.10D-06,
  TwoENeglect = 0.10D-09, DistNeglect = 0.10D-11
 MaxAtms = 61, MaxBlks = 3601, MaxNon0 = 90001, BndWdth = 60
<<Entering MakeS 08/26/02 @ 14:17:36>>
 MakeS                :: S CheckSum  = 0.2079758492972368D+02
 MakeS                :: CPU Sec = 0.17D+01, WALL Sec = 0.17D+01
 MakeS                :: Allocs=37,  DeAllocs=36, 24 bytes are presently allocated.
                         A max of 1514328 bytes were allocated.
>-Exiting MakeS 08/26/02 @ 14:17:38-<
<<Entering BlokAInv 08/26/02 @ 14:17:38>>
 BlokAInv             :: CPU (Sec,MFLOPS) = (0.10D+00, 203),
                         WALL(Sec,MFLOPS) = (0.11D+00, 184)
 BlokAInv             :: Max(Z^t.A.Z-I)=0.67D-06, TrixThrsh=0.10D-05
 BlokAInv             :: Z CheckSum  = 0.2334035849474413D+02
 BlokAInv             :: CPU (Sec,MFLOPS) = (0.33D+00, 228),
                         WALL(Sec,MFLOPS) = (0.34D+00, 221)
 BlokAInv             :: Allocs=75,  DeAllocs=41, 2255484 bytes are presently allocated.
                         A max of 3754336 bytes were allocated.
>-Exiting BlokAInv 08/26/02 @ 14:17:38-<
<<Entering MakeT 08/26/02 @ 14:17:39>>
 MakeT                :: T CheckSum  = 0.1263168604614581D+03
 MakeT                :: CPU Sec = 0.17D+01, WALL Sec = 0.17D+01
 MakeT                :: Allocs=33,  DeAllocs=32, 24 bytes are presently allocated.
                         A max of 1508752 bytes were allocated.
>-Exiting MakeT 08/26/02 @ 14:17:40-<
<<Entering P2Use 08/26/02 @ 14:17:40>>
 P2Use                :: P[0] CheckSum  = 0.1279006156321167D+02
 P2Use                :: CPU Sec = 0.30D-01, WALL Sec = 0.40D-01
 P2Use                :: Allocs=53,  DeAllocs=44, 749804 bytes are presently allocated.
                         A max of 3005540 bytes were allocated.
>-Exiting P2Use 08/26/02 @ 14:17:40-<
<<Entering MakeRho 08/26/02 @ 14:17:41>>
 MakeRho : Pruned Rho :: dNel = -.57D-12, kept 100% of distributions.
 MakeRho : Moments    :: <r> = (-.30D-13, -.27D-14, 0.36D-14), <r^2> = 0.32D+03
 MakeRho              :: Rho CheckSum  = 0.3458428081811825D+04
 MakeRho              :: CPU Sec = 0.58D+00, WALL Sec = 0.58D+00
 MakeRho              :: Allocs=64,  DeAllocs=59, 728 bytes are presently allocated.
                         A max of 1108916 bytes were allocated.
>-Exiting MakeRho 08/26/02 @ 14:17:41-<
<<Entering QCTC 08/26/02 @ 14:17:41>>
 QCTC                 :: J[0] CheckSum  = 0.1848595439169059D+03
 QCTC                 :: CPU Sec = 0.44D+03, WALL Sec = 0.44D+03
 QCTC                 :: Allocs=43553,  DeAllocs=50, 7050224 bytes are presently allocated.
                         A max of 8556744 bytes were allocated.
>-Exiting QCTC 08/26/02 @ 14:25:05-<
<<Entering HiCu 08/26/02 @ 14:25:05>>
 HiCu.GridGen         :: Tau = 0.10D-01, <Rho> = 0.18029765D+03, <Exc> = -.33023509D+03, Pts/Atom = 1442
 HiCu.GridGen         :: Tau = 0.10D-02, <Rho> = 0.18004673D+03, <Exc> = -.32938016D+03, Pts/Atom = 3070
 HiCu.GridGen         :: Tau = 0.10D-03, <Rho> = 0.18000305D+03, <Exc> = -.32921852D+03, Pts/Atom = 5866
 HiCu.GridGen         :: Tau = 0.10D-04, <Rho> = 0.18000076D+03, <Exc> = -.32920819D+03, Pts/Atom = 10476
 HiCu.GridGen         :: Tau = 0.10D-05, <Rho> = 0.18000008D+03, <Exc> = -.32920785D+03, Pts/Atom = 19908
 HiCu.GridGen         :: Tau = 0.10D-06, <Rho> = 0.18000001D+03, <Exc> = -.32920817D+03, Pts/Atom = 37352
 HiCu.GridGen         :: TauRel = 0.10D-06, RhoErr = 0.47D-07, <Exc> = -.32920817D+03
 HiCu.GridGen         :: CPU Sec = 0.64D+03, WALL Sec = 0.64D+03
 HiCu.MakeKxc         :: CPU Sec = 0.27D+03, WALL Sec = 0.46D+04
 HiCu                 :: Kxc[0] CheckSum  = 0.2133185135966743D+02
 HiCu                 :: CPU Sec = 0.91D+03, WALL Sec = 0.52D+04
 HiCu                 :: Allocs=392882,  DeAllocs=192146, 161691128 bytes are presently allocated.
                         A max of 163197552 bytes were allocated.
>-Exiting HiCu 08/26/02 @ 15:51:46-<
<<Entering FockNGrueven 08/26/02 @ 15:51:46>>
 FockNGrueven         :: F[0] CheckSum  = 0.8350696713421978D+02
 FockNGrueven         :: OrthoF[0] CheckSum  = 0.7595568899532943D+02
 FockNGrueven         :: CPU (Sec,MFLOPS) = (0.28D+00, 197),
                         WALL(Sec,MFLOPS) = (0.28D+00, 197)
 FockNGrueven         :: Allocs=37,  DeAllocs=33, 380468 bytes are presently allocated.
                         A max of 2847168 bytes were allocated.
>-Exiting FockNGrueven 08/26/02 @ 15:51:47-<
<<Entering PM 08/26/02 @ 15:51:47>>
 PM                   :: Trix = 0.10D-01
 PM : Pure 1          :: dE=0.10D+01, dP=0.72D-01, ThrX=0.10D-01, %Non0=6
 PM : Pure 2          :: dE=0.57D-01, dP=0.66D-01, ThrX=0.10D-01, %Non0=6
 PM : Pure 3          :: dE=0.33D-01, dP=0.46D-01, ThrX=0.10D-01, %Non0=6
 PM : Pure 4          :: dE=0.11D-01, dP=0.37D-01, ThrX=0.10D-01, %Non0=6
 PM : Pure 5          :: dE=0.63D-02, dP=0.49D-01, ThrX=0.10D-01, %Non0=6
 PM : Pure 6          :: dE=0.85D-02, dP=0.70D-01, ThrX=0.10D-01, %Non0=6
 PM : Pure 7          :: dE=0.11D-01, dP=0.95D-01, ThrX=0.10D-01, %Non0=6
 PM : Pure 8          :: dE=0.14D-01, dP=0.11D+00, ThrX=0.10D-01, %Non0=6
 PM : Pure 9          :: dE=0.13D-01, dP=0.11D+00, ThrX=0.10D-01, %Non0=13
 PM : Pure 10         :: dE=0.80D-02, dP=0.78D-01, ThrX=0.10D-01, %Non0=16
 PM : Pure 11         :: dE=0.37D-02, dP=0.52D-01, ThrX=0.10D-01, %Non0=22
 PM : Pure 12         :: dE=0.18D-02, dP=0.44D-01, ThrX=0.10D-01, %Non0=25
 PM : Pure 13         :: dE=0.11D-02, dP=0.34D-01, ThrX=0.10D-01, %Non0=28
 PM : Pure 14         :: dE=0.53D-03, dP=0.31D-01, ThrX=0.10D-01, %Non0=30
 PM : Pure 15         :: dE=0.22D-03, dP=0.32D-01, ThrX=0.10D-01, %Non0=33
 PM : Hit dP increase :: Tr{FP}=-.6331427308965934D+03, dNel = 0.00D+00
 PM                   :: 15 purification steps, 33 matrix multiplies
 PM                   :: Fractional occupation = 0.60D+00, %Non0s = 33
 PM : Max abs errors  :: dE=0.14D+00, dP=0.32D-01, [F,P]=0.12D+00
 PM                   :: Rel dE=0.22D-03, ||dP||_F=0.33D+00, ||[F,P]||_F=0.16D+01
 PM                   :: OrthoP[1] CheckSum  = 0.1332416825003811D+02
 PM                   :: P[1] CheckSum  = 0.1157806430793897D+02
 PM                   :: CPU (Sec,MFLOPS) = (0.86D+00, 214),
                         WALL(Sec,MFLOPS) = (0.89D+00, 206)
 PM                   :: Allocs=246,  DeAllocs=238, 1498120 bytes are presently allocated.
                         A max of 5244152 bytes were allocated.
>-Exiting PM 08/26/02 @ 15:51:48-<
<<Entering SCFStatus 08/26/02 @ 15:51:48>>
 
= = = = = SCFCycle #0, Basis #1, Geometry #1 = = = = =

       MaxDelD = 0.71D+00
       <T>     = 0.23203716D+04
       <V>     = -.42764692D+04
       <DFT>   = -.32920817D+03
       <SCF>   = -2285.30576345

 SCFStatus            :: CPU (Sec,MFLOPS) = (0.30D-01, 2),
                         WALL(Sec,MFLOPS) = (0.30D-01, 2)
 SCFStatus            :: Allocs=16,  DeAllocs=16, 0 bytes are presently allocated.
                         A max of 2247900 bytes were allocated.
>-Exiting SCFStatus 08/26/02 @ 15:51:48-<
<<Entering MakeRho 08/26/02 @ 15:51:48>>
 MakeRho : Pruned Rho :: dNel = 0.26D-03, kept 39% of distributions.
 MakeRho : Moments    :: <r> = (-.95D+00, 0.41D-02, 0.24D+00), <r^2> = 0.34D+03
 ... ning Warning  Warning  Warning Wa ...
MakeRho              :: relative error in density = 0.72D-06. Distribution threshold =
 MakeRho              :: Rho CheckSum  = 0.3317817435147587D+04
 MakeRho              :: CPU Sec = 0.12D+02, WALL Sec = 0.12D+02
 MakeRho              :: Allocs=64,  DeAllocs=59, 728 bytes are presently allocated.
                         A max of 20992708 bytes were allocated.
>-Exiting MakeRho 08/26/02 @ 15:52:00-<
<<Entering QCTC 08/26/02 @ 15:52:00>>
 QCTC                 :: J[1] CheckSum  = 0.1861108032381692D+03
 QCTC                 :: WALL (Sec) = 0.38D+04
 QCTC                 :: Allocs=442243,  DeAllocs=50, 74087824 bytes are presently allocated.
                         A max of 83917056 bytes were allocated.
>-Exiting QCTC 08/26/02 @ 16:54:40-<
<<Entering HiCu 08/26/02 @ 16:54:40>>
 HiCu.GridGen         :: Tau = 0.10D-01, <Rho> = 0.17996308D+03, <Exc> = -.32449655D+03, Pts/Atom = 1356
 HiCu.GridGen         :: Tau = 0.10D-02, <Rho> = 0.18002838D+03, <Exc> = -.32528125D+03, Pts/Atom = 2927
 HiCu.GridGen         :: Tau = 0.10D-03, <Rho> = 0.17999872D+03, <Exc> = -.32520991D+03, Pts/Atom = 5520
 HiCu.GridGen         :: Tau = 0.10D-04, <Rho> = 0.17999973D+03, <Exc> = -.32521553D+03, Pts/Atom = 10290
 HiCu.GridGen         :: Tau = 0.10D-05, <Rho> = 0.18000021D+03, <Exc> = -.32521699D+03, Pts/Atom = 19697
 HiCu.GridGen         :: Tau = 0.10D-06, <Rho> = 0.18000014D+03, <Exc> = -.32521719D+03, Pts/Atom = 36887
 HiCu.GridGen         :: TauRel = 0.10D-06, RhoErr = 0.57D-07, <Exc> = -.32521719D+03
 HiCu.GridGen         :: WALL (Sec) = 0.71D+04
 HiCu.MakeKxc         :: CPU Sec = 0.21D+03, WALL Sec = 0.45D+04
 HiCu                 :: Kxc[1] CheckSum  = 0.2126503641943918D+02
 HiCu                 :: WALL (Sec) = 0.12D+05
 HiCu                 :: Allocs=467844,  DeAllocs=189758, 163869064 bytes are presently allocated.
                         A max of 165375488 bytes were allocated.
>-Exiting HiCu 08/26/02 @ 20:08:16-<
<<Entering FockNGrueven 08/26/02 @ 20:08:16>>
 FockNGrueven         :: F[1] CheckSum  = 0.8471646566199034D+02
 FockNGrueven         :: OrthoF[1] CheckSum  = 0.7700058798013788D+02
 FockNGrueven         :: CPU (Sec,MFLOPS) = (0.28D+00, 197),
                         WALL(Sec,MFLOPS) = (0.28D+00, 197)
 FockNGrueven         :: Allocs=37,  DeAllocs=33, 380468 bytes are presently allocated.
                         A max of 2847168 bytes were allocated.
>-Exiting FockNGrueven 08/26/02 @ 20:08:17-<
<<Entering DIIS 08/26/02 @ 20:08:17>>
 DIIS : Damping       :: Co = 0.80D+00, 0.20D+00
 DIIS                 :: F_DIIS[1] CheckSum  = 0.7616375246252989D+02
 DIIS                 :: CPU (Sec,MFLOPS) = (0.17D+00, 215),
                         WALL(Sec,MFLOPS) = (0.17D+00, 215)
 DIIS                 :: Allocs=34,  DeAllocs=30, 144 bytes are presently allocated.
                         A max of 3026148 bytes were allocated.
>-Exiting DIIS 08/26/02 @ 20:08:17-<
<<Entering PM 08/26/02 @ 20:08:17>>
 PM                   :: Trix = 0.10D-01
 PM : Pure 1          :: dE=0.10D+01, dP=0.72D-01, ThrX=0.10D-01, %Non0=6
 PM : Pure 2          :: dE=0.57D-01, dP=0.66D-01, ThrX=0.10D-01, %Non0=6
 PM : Pure 3          :: dE=0.32D-01, dP=0.46D-01, ThrX=0.10D-01, %Non0=6
 PM : Pure 4          :: dE=0.11D-01, dP=0.37D-01, ThrX=0.10D-01, %Non0=6
 PM : Pure 5          :: dE=0.62D-02, dP=0.50D-01, ThrX=0.10D-01, %Non0=6
 PM : Pure 6          :: dE=0.84D-02, dP=0.71D-01, ThrX=0.10D-01, %Non0=6
 PM : Pure 7          :: dE=0.11D-01, dP=0.96D-01, ThrX=0.10D-01, %Non0=6
 PM : Pure 8          :: dE=0.14D-01, dP=0.11D+00, ThrX=0.10D-01, %Non0=6
 PM : Pure 9          :: dE=0.12D-01, dP=0.11D+00, ThrX=0.10D-01, %Non0=13
 PM : Pure 10         :: dE=0.80D-02, dP=0.78D-01, ThrX=0.10D-01, %Non0=16
 PM : Pure 11         :: dE=0.37D-02, dP=0.52D-01, ThrX=0.10D-01, %Non0=22
 PM : Pure 12         :: dE=0.18D-02, dP=0.42D-01, ThrX=0.10D-01, %Non0=25
 PM : Pure 13         :: dE=0.10D-02, dP=0.34D-01, ThrX=0.10D-01, %Non0=28
 PM : Pure 14         :: dE=0.52D-03, dP=0.31D-01, ThrX=0.10D-01, %Non0=30
 PM : Pure 15         :: dE=0.21D-03, dP=0.33D-01, ThrX=0.10D-01, %Non0=33
 PM : Hit dP increase :: Tr{FP}=-.6358543658005484D+03, dNel = 0.00D+00
 PM                   :: 15 purification steps, 33 matrix multiplies
 PM                   :: Fractional occupation = 0.60D+00, %Non0s = 33
 PM : Max abs errors  :: dE=0.13D+00, dP=0.33D-01, [F,P]=0.12D+00
 PM                   :: Rel dE=0.21D-03, ||dP||_F=0.34D+00, ||[F,P]||_F=0.16D+01
 PM                   :: OrthoP[2] CheckSum  = 0.1332329931277476D+02
 PM                   :: P[2] CheckSum  = 0.1157715187136522D+02
 PM                   :: CPU (Sec,MFLOPS) = (0.86D+00, 212),
                         WALL(Sec,MFLOPS) = (0.88D+00, 208)
 PM                   :: Allocs=246,  DeAllocs=238, 1498120 bytes are presently allocated.
                         A max of 5244152 bytes were allocated.
>-Exiting PM 08/26/02 @ 20:08:18-<
<<Entering SCFStatus 08/26/02 @ 20:08:18>>
 
= = = = = SCFCycle #1, Basis #1, Geometry #1 = = = = =

       DIISErr = 0.53D-02
       MaxDelD = 0.47D-01
       <T>     = 0.22667649D+04
       <V>     = -.42174602D+04
       <DFT>   = -.32521719D+03
       <SCF>   = -2275.91248168

 SCFStatus            :: CPU (Sec,MFLOPS) = (0.40D-01, 7),
                         WALL(Sec,MFLOPS) = (0.40D-01, 7)
 SCFStatus            :: Allocs=16,  DeAllocs=16, 0 bytes are presently allocated.
                         A max of 2247900 bytes were allocated.
>-Exiting SCFStatus 08/26/02 @ 20:08:18-<
<<Entering MakeRho 08/26/02 @ 20:08:18>>
 MakeRho : Pruned Rho :: dNel = 0.16D-03, kept 39% of distributions.
 MakeRho : Moments    :: <r> = (0.26D+00, 0.10D+00, -.48D-01), <r^2> = 0.34D+03
 ... ning Warning  Warning  Warning Wa ...
MakeRho              :: relative error in density = 0.45D-06. Distribution threshold =
 MakeRho              :: Rho CheckSum  = 0.3318180641825399D+04
 MakeRho              :: CPU Sec = 0.12D+02, WALL Sec = 0.16D+02
 MakeRho              :: Allocs=64,  DeAllocs=59, 728 bytes are presently allocated.
                         A max of 20976972 bytes were allocated.
>-Exiting MakeRho 08/26/02 @ 20:08:35-<
<<Entering QCTC 08/26/02 @ 20:08:35>>
 QCTC                 :: J[2] CheckSum  = 0.1860798209256009D+03
 QCTC                 :: WALL (Sec) = 0.38D+04
 QCTC                 :: Allocs=441838,  DeAllocs=50, 74018896 bytes are presently allocated.
                         A max of 83838612 bytes were allocated.
>-Exiting QCTC 08/26/02 @ 21:11:17-<
<<Entering HiCu 08/26/02 @ 21:11:17>>
 HiCu.GridGen         :: Tau = 0.10D-01, <Rho> = 0.17996278D+03, <Exc> = -.32452694D+03, Pts/Atom = 1358
 HiCu.GridGen         :: Tau = 0.10D-02, <Rho> = 0.18002959D+03, <Exc> = -.32530749D+03, Pts/Atom = 2927
 HiCu.GridGen         :: Tau = 0.10D-03, <Rho> = 0.17999875D+03, <Exc> = -.32523112D+03, Pts/Atom = 5521
 HiCu.GridGen         :: Tau = 0.10D-04, <Rho> = 0.17999968D+03, <Exc> = -.32523669D+03, Pts/Atom = 10290
 HiCu.GridGen         :: Tau = 0.10D-05, <Rho> = 0.18000015D+03, <Exc> = -.32523815D+03, Pts/Atom = 19689
 HiCu.GridGen         :: Tau = 0.10D-06, <Rho> = 0.18000009D+03, <Exc> = -.32523836D+03, Pts/Atom = 36899
 HiCu.GridGen         :: TauRel = 0.10D-06, RhoErr = 0.56D-07, <Exc> = -.32523836D+03
 HiCu.GridGen         :: WALL (Sec) = 0.71D+04
 HiCu.MakeKxc         :: CPU Sec = 0.21D+03, WALL Sec = 0.45D+04
 HiCu                 :: Kxc[2] CheckSum  = 0.2126571434604414D+02
 HiCu                 :: WALL (Sec) = 0.12D+05
 HiCu                 :: Allocs=467883,  DeAllocs=189818, 163914784 bytes are presently allocated.
                         A max of 165421208 bytes were allocated.
>-Exiting HiCu 08/27/02 @ 00:24:39-<
<<Entering FockNGrueven 08/27/02 @ 00:24:39>>
 FockNGrueven         :: F[2] CheckSum  = 0.8468158714053179D+02
 FockNGrueven         :: OrthoF[2] CheckSum  = 0.7697583406009231D+02
 FockNGrueven         :: CPU (Sec,MFLOPS) = (0.27D+00, 204),
                         WALL(Sec,MFLOPS) = (0.27D+00, 204)
 FockNGrueven         :: Allocs=37,  DeAllocs=33, 380468 bytes are presently allocated.
                         A max of 2847168 bytes were allocated.
>-Exiting FockNGrueven 08/27/02 @ 00:24:39-<
<<Entering DIIS 08/27/02 @ 00:24:39>>
 DIIS                 :: Cond# = 0.20D+03, MIN(E) = 0.27D-01
 DIIS : Pulay C1      :: DIISCo = 0.29D+00, 0.71D+00
 DIIS                 :: F_DIIS[2] CheckSum  = 0.7698277222863814D+02
 DIIS                 :: CPU (Sec,MFLOPS) = (0.21D+00, 174),
                         WALL(Sec,MFLOPS) = (0.22D+00, 167)
 DIIS                 :: Allocs=45,  DeAllocs=40, 216 bytes are presently allocated.
                         A max of 3026148 bytes were allocated.
>-Exiting DIIS 08/27/02 @ 00:24:40-<
<<Entering PM 08/27/02 @ 00:24:40>>
 PM                   :: Trix = 0.10D-01
 PM : Pure 1          :: dE=0.10D+01, dP=0.72D-01, ThrX=0.10D-01, %Non0=6
 PM : Pure 2          :: dE=0.56D-01, dP=0.66D-01, ThrX=0.10D-01, %Non0=6
 PM : Pure 3          :: dE=0.32D-01, dP=0.46D-01, ThrX=0.10D-01, %Non0=6
 PM : Pure 4          :: dE=0.11D-01, dP=0.37D-01, ThrX=0.10D-01, %Non0=6
 PM : Pure 5          :: dE=0.60D-02, dP=0.49D-01, ThrX=0.10D-01, %Non0=6
 PM : Pure 6          :: dE=0.82D-02, dP=0.70D-01, ThrX=0.10D-01, %Non0=6
 PM : Pure 7          :: dE=0.11D-01, dP=0.95D-01, ThrX=0.10D-01, %Non0=6
 PM : Pure 8          :: dE=0.13D-01, dP=0.11D+00, ThrX=0.10D-01, %Non0=6
 PM : Pure 9          :: dE=0.12D-01, dP=0.11D+00, ThrX=0.10D-01, %Non0=13
 PM : Pure 10         :: dE=0.80D-02, dP=0.79D-01, ThrX=0.10D-01, %Non0=16
 PM : Pure 11         :: dE=0.37D-02, dP=0.52D-01, ThrX=0.10D-01, %Non0=22
 PM : Pure 12         :: dE=0.18D-02, dP=0.40D-01, ThrX=0.10D-01, %Non0=25
 PM : Pure 13         :: dE=0.99D-03, dP=0.40D-01, ThrX=0.10D-01, %Non0=28
 PM : Pure 14         :: dE=0.51D-03, dP=0.32D-01, ThrX=0.10D-01, %Non0=30
 PM : Pure 15         :: dE=0.21D-03, dP=0.28D-01, ThrX=0.10D-01, %Non0=33
 PM : Pure 16         :: dE=0.10D-03, dP=0.33D-01, ThrX=0.10D-01, %Non0=36
 PM : Hit dP increase :: Tr{FP}=-.6464530168499425D+03, dNel = 0.11D-12
 PM                   :: 16 purification steps, 35 matrix multiplies
 PM                   :: Fractional occupation = 0.60D+00, %Non0s = 36
 PM : Max abs errors  :: dE=0.65D-01, dP=0.33D-01, [F,P]=0.12D+00
 PM                   :: Rel dE=0.10D-03, ||dP||_F=0.35D+00, ||[F,P]||_F=0.16D+01
 PM                   :: OrthoP[3] CheckSum  = 0.1334927723302161D+02
 PM                   :: P[3] CheckSum  = 0.1160332495969819D+02
 PM                   :: CPU (Sec,MFLOPS) = (0.95D+00, 212),
                         WALL(Sec,MFLOPS) = (0.95D+00, 212)
 PM                   :: Allocs=261,  DeAllocs=253, 1498120 bytes are presently allocated.
                         A max of 5244152 bytes were allocated.
>-Exiting PM 08/27/02 @ 00:24:41-<
<<Entering SCFStatus 08/27/02 @ 00:24:41>>
 
= = = = = SCFCycle #2, Basis #1, Geometry #1 = = = = =

       DIISErr = 0.53D-02
       MaxDelD = 0.64D-01
       <T>     = 0.22670366D+04
       <V>     = -.42177367D+04
       <DFT>   = -.32523836D+03
       <SCF>   = -2275.93846342

 SCFStatus            :: CPU (Sec,MFLOPS) = (0.30D-01, 10),
                         WALL(Sec,MFLOPS) = (0.30D-01, 10)
 SCFStatus            :: Allocs=16,  DeAllocs=16, 0 bytes are presently allocated.
                         A max of 2247900 bytes were allocated.
>-Exiting SCFStatus 08/27/02 @ 00:24:41-<
<<Entering MakeRho 08/27/02 @ 00:24:41>>
 MakeRho : Pruned Rho :: dNel = 0.39D-03, kept 38% of distributions.
 MakeRho : Moments    :: <r> = (-.67D+00, -.28D+00, -.21D-01), <r^2> = 0.33D+03
 ... ning Warning  Warning  Warning Wa ...
MakeRho              :: relative error in density = 0.11D-05. Distribution threshold =
 MakeRho              :: Rho CheckSum  = 0.3319796993729740D+04
 MakeRho              :: CPU Sec = 0.12D+02, WALL Sec = 0.12D+02
 MakeRho              :: Allocs=64,  DeAllocs=59, 728 bytes are presently allocated.
                         A max of 21861572 bytes were allocated.
>-Exiting MakeRho 08/27/02 @ 00:24:53-<
<<Entering QCTC 08/27/02 @ 00:24:53>>
 QCTC                 :: J[3] CheckSum  = 0.1859688399841992D+03
 QCTC                 :: WALL (Sec) = 0.39D+04
 QCTC                 :: Allocs=451343,  DeAllocs=50, 75652496 bytes are presently allocated.
                         A max of 85703504 bytes were allocated.
>-Exiting QCTC 08/27/02 @ 01:29:52-<
<<Entering HiCu 08/27/02 @ 01:29:56>>
 HiCu.GridGen         :: Tau = 0.10D-01, <Rho> = 0.17998128D+03, <Exc> = -.32469625D+03, Pts/Atom = 1354
 HiCu.GridGen         :: Tau = 0.10D-02, <Rho> = 0.18002756D+03, <Exc> = -.32538631D+03, Pts/Atom = 2918
 HiCu.GridGen         :: Tau = 0.10D-03, <Rho> = 0.17999895D+03, <Exc> = -.32532040D+03, Pts/Atom = 5525
 HiCu.GridGen         :: Tau = 0.10D-04, <Rho> = 0.17999980D+03, <Exc> = -.32532600D+03, Pts/Atom = 10287
 HiCu.GridGen         :: Tau = 0.10D-05, <Rho> = 0.18000027D+03, <Exc> = -.32532731D+03, Pts/Atom = 19710
 HiCu.GridGen         :: Tau = 0.10D-06, <Rho> = 0.18000021D+03, <Exc> = -.32532758D+03, Pts/Atom = 36876
 HiCu.GridGen         :: TauRel = 0.10D-06, RhoErr = 0.86D-07, <Exc> = -.32532758D+03
 HiCu.GridGen         :: WALL (Sec) = 0.73D+04
 HiCu.MakeKxc         :: CPU Sec = 0.22D+03, WALL Sec = 0.45D+04
 HiCu                 :: Kxc[3] CheckSum  = 0.2126785460943283D+02
 HiCu                 :: WALL (Sec) = 0.12D+05
 HiCu                 :: Allocs=469550,  DeAllocs=189701, 163933736 bytes are presently allocated.
                         A max of 165440160 bytes were allocated.
>-Exiting HiCu 08/27/02 @ 04:48:09-<
<<Entering FockNGrueven 08/27/02 @ 04:48:31>>
 FockNGrueven         :: F[3] CheckSum  = 0.8455892053531312D+02
 FockNGrueven         :: OrthoF[3] CheckSum  = 0.7689047410974999D+02
 FockNGrueven         :: CPU (Sec,MFLOPS) = (0.27D+00, 204),
                         WALL(Sec,MFLOPS) = (0.40D+02, 1)
 FockNGrueven         :: Allocs=37,  DeAllocs=33, 380468 bytes are presently allocated.
                         A max of 2847168 bytes were allocated.
>-Exiting FockNGrueven 08/27/02 @ 04:49:11-<
<<Entering DIIS 08/27/02 @ 04:49:11>>
 DIIS                 :: Cond# = 0.37D+03, MIN(E) = 0.21D-01
 DIIS : Pulay C1      :: DIISCo = 0.41D+00, 0.18D+00, 0.41D+00
 DIIS                 :: F_DIIS[3] CheckSum  = 0.7695016341059872D+02
 DIIS                 :: CPU (Sec,MFLOPS) = (0.27D+00, 150),
                         WALL(Sec,MFLOPS) = (0.26D+02, 1)
 DIIS                 :: Allocs=53,  DeAllocs=48, 272 bytes are presently allocated.
                         A max of 3026148 bytes were allocated.
>-Exiting DIIS 08/27/02 @ 04:49:37-<
<<Entering PM 08/27/02 @ 04:49:37>>
 PM                   :: Trix = 0.10D-01
 PM : Pure 1          :: dE=0.10D+01, dP=0.73D-01, ThrX=0.10D-01, %Non0=6
 PM : Pure 2          :: dE=0.56D-01, dP=0.66D-01, ThrX=0.10D-01, %Non0=6
 PM : Pure 3          :: dE=0.32D-01, dP=0.47D-01, ThrX=0.10D-01, %Non0=6
 PM : Pure 4          :: dE=0.11D-01, dP=0.38D-01, ThrX=0.10D-01, %Non0=6
 PM : Pure 5          :: dE=0.60D-02, dP=0.51D-01, ThrX=0.10D-01, %Non0=6
 PM : Pure 6          :: dE=0.82D-02, dP=0.72D-01, ThrX=0.10D-01, %Non0=6
 PM : Pure 7          :: dE=0.11D-01, dP=0.97D-01, ThrX=0.10D-01, %Non0=6
 PM : Pure 8          :: dE=0.13D-01, dP=0.11D+00, ThrX=0.10D-01, %Non0=6
 PM : Pure 9          :: dE=0.12D-01, dP=0.11D+00, ThrX=0.10D-01, %Non0=13
 PM : Pure 10         :: dE=0.80D-02, dP=0.79D-01, ThrX=0.10D-01, %Non0=16
 PM : Pure 11         :: dE=0.37D-02, dP=0.52D-01, ThrX=0.10D-01, %Non0=22
 PM : Pure 12         :: dE=0.18D-02, dP=0.41D-01, ThrX=0.10D-01, %Non0=25
 PM : Pure 13         :: dE=0.10D-02, dP=0.33D-01, ThrX=0.10D-01, %Non0=29
 PM : Pure 14         :: dE=0.50D-03, dP=0.31D-01, ThrX=0.10D-01, %Non0=31
 PM : Pure 15         :: dE=0.21D-03, dP=0.30D-01, ThrX=0.10D-01, %Non0=33
 PM : Pure 16         :: dE=0.11D-03, dP=0.32D-01, ThrX=0.10D-01, %Non0=36
 PM : Hit dP increase :: Tr{FP}=-.6457518930274582D+03, dNel = 0.57D-13
 PM                   :: 16 purification steps, 35 matrix multiplies
 PM                   :: Fractional occupation = 0.60D+00, %Non0s = 36
 PM : Max abs errors  :: dE=0.70D-01, dP=0.32D-01, [F,P]=0.12D+00
 PM                   :: Rel dE=0.11D-03, ||dP||_F=0.35D+00, ||[F,P]||_F=0.16D+01
 PM                   :: OrthoP[4] CheckSum  = 0.1334657511617677D+02
 PM                   :: P[4] CheckSum  = 0.1160008724566078D+02
 PM                   :: CPU (Sec,MFLOPS) = (0.93D+00, 218),
                         WALL(Sec,MFLOPS) = (0.61D+02, 3)
 PM                   :: Allocs=261,  DeAllocs=253, 1498120 bytes are presently allocated.
                         A max of 5244152 bytes were allocated.
>-Exiting PM 08/27/02 @ 04:50:38-<
<<Entering SCFStatus 08/27/02 @ 04:50:38>>
 
= = = = = SCFCycle #3, Basis #1, Geometry #1 = = = = =

       DIISErr = 0.53D-02
       MaxDelD = 0.55D-01
       <T>     = 0.22678892D+04
       <V>     = -.42186328D+04
       <DFT>   = -.32532758D+03
       <SCF>   = -2276.07124086

 SCFStatus            :: CPU Sec = 0.40D-01, WALL Sec = 0.44D+01
 SCFStatus            :: Allocs=16,  DeAllocs=16, 0 bytes are presently allocated.
                         A max of 2247900 bytes were allocated.
>-Exiting SCFStatus 08/27/02 @ 04:50:43-<
<<Entering MakeRho 08/27/02 @ 04:50:43>>
 MakeRho : Pruned Rho :: dNel = 0.34D-03, kept 37% of distributions.
 MakeRho : Moments    :: <r> = (0.24D+01, 0.74D+00, -.28D+00), <r^2> = 0.33D+03
 ... ning Warning  Warning  Warning Wa ...
MakeRho              :: relative error in density = 0.94D-06. Distribution threshold =
 MakeRho              :: Rho CheckSum  = 0.3319844873070352D+04
 MakeRho              :: CPU Sec = 0.12D+02, WALL Sec = 0.61D+02
 MakeRho              :: Allocs=64,  DeAllocs=59, 728 bytes are presently allocated.
                         A max of 22186300 bytes were allocated.
>-Exiting MakeRho 08/27/02 @ 04:51:44-<
<<Entering QCTC 08/27/02 @ 04:51:44>>
 QCTC                 :: J[4] CheckSum  = 0.1859972341017237D+03
 QCTC                 :: WALL (Sec) = 0.40D+04
 QCTC                 :: Allocs=454958,  DeAllocs=50, 76269488 bytes are presently allocated.
                         A max of 86406308 bytes were allocated.
>-Exiting QCTC 08/27/02 @ 05:58:09-<
<<Entering HiCu 08/27/02 @ 05:58:09>>
 HiCu.GridGen         :: Tau = 0.10D-01, <Rho> = 0.17997591D+03, <Exc> = -.32464690D+03, Pts/Atom = 1359
 HiCu.GridGen         :: Tau = 0.10D-02, <Rho> = 0.18003550D+03, <Exc> = -.32538592D+03, Pts/Atom = 2931
 HiCu.GridGen         :: Tau = 0.10D-03, <Rho> = 0.17999902D+03, <Exc> = -.32531330D+03, Pts/Atom = 5537
 HiCu.GridGen         :: Tau = 0.10D-04, <Rho> = 0.17999984D+03, <Exc> = -.32531881D+03, Pts/Atom = 10291
 HiCu.GridGen         :: Tau = 0.10D-05, <Rho> = 0.18000025D+03, <Exc> = -.32532017D+03, Pts/Atom = 19707
 HiCu.GridGen         :: Tau = 0.10D-06, <Rho> = 0.18000018D+03, <Exc> = -.32532040D+03, Pts/Atom = 36884
 HiCu.GridGen         :: TauRel = 0.10D-06, RhoErr = 0.78D-07, <Exc> = -.32532040D+03
 HiCu.GridGen         :: WALL (Sec) = 0.75D+04
 HiCu.MakeKxc         :: CPU Sec = 0.21D+03, WALL Sec = 0.45D+04
 HiCu                 :: Kxc[4] CheckSum  = 0.2126756580407216D+02
 HiCu                 :: WALL (Sec) = 0.12D+05
 HiCu                 :: Allocs=470351,  DeAllocs=189740, 164008928 bytes are presently allocated.
                         A max of 165515352 bytes were allocated.
>-Exiting HiCu 08/27/02 @ 09:18:33-<
<<Entering FockNGrueven 08/27/02 @ 09:18:33>>
 FockNGrueven         :: F[4] CheckSum  = 0.8459378574836428D+02
 FockNGrueven         :: OrthoF[4] CheckSum  = 0.7691471855703716D+02
 FockNGrueven         :: CPU (Sec,MFLOPS) = (0.28D+00, 197),
                         WALL(Sec,MFLOPS) = (0.28D+00, 197)
 FockNGrueven         :: Allocs=37,  DeAllocs=33, 380468 bytes are presently allocated.
                         A max of 2847168 bytes were allocated.
>-Exiting FockNGrueven 08/27/02 @ 09:18:33-<
<<Entering DIIS 08/27/02 @ 09:18:33>>
 DIIS                 :: Cond# = 0.54D+03, MIN(E) = 0.19D-01
 DIIS : Pulay C1      :: DIISCo = 0.43D+00, 0.43D-01, 0.36D+00, 0.16D+00
 DIIS                 :: F_DIIS[4] CheckSum  = 0.7694427954983789D+02
 DIIS                 :: CPU (Sec,MFLOPS) = (0.33D+00, 126),
                         WALL(Sec,MFLOPS) = (0.33D+00, 126)
 DIIS                 :: Allocs=54,  DeAllocs=49, 344 bytes are presently allocated.
                         A max of 3026148 bytes were allocated.
>-Exiting DIIS 08/27/02 @ 09:18:34-<
<<Entering PM 08/27/02 @ 09:18:34>>
 PM                   :: Trix = 0.10D-01
 PM : Pure 1          :: dE=0.10D+01, dP=0.72D-01, ThrX=0.10D-01, %Non0=6
 PM : Pure 2          :: dE=0.56D-01, dP=0.66D-01, ThrX=0.10D-01, %Non0=6
 PM : Pure 3          :: dE=0.32D-01, dP=0.46D-01, ThrX=0.10D-01, %Non0=6
 PM : Pure 4          :: dE=0.11D-01, dP=0.37D-01, ThrX=0.10D-01, %Non0=6
 PM : Pure 5          :: dE=0.60D-02, dP=0.50D-01, ThrX=0.10D-01, %Non0=6
 PM : Pure 6          :: dE=0.82D-02, dP=0.71D-01, ThrX=0.10D-01, %Non0=6
 PM : Pure 7          :: dE=0.11D-01, dP=0.95D-01, ThrX=0.10D-01, %Non0=6
 PM : Pure 8          :: dE=0.13D-01, dP=0.11D+00, ThrX=0.10D-01, %Non0=6
 PM : Pure 9          :: dE=0.12D-01, dP=0.11D+00, ThrX=0.10D-01, %Non0=13
 PM : Pure 10         :: dE=0.80D-02, dP=0.80D-01, ThrX=0.10D-01, %Non0=16
 PM : Pure 11         :: dE=0.37D-02, dP=0.52D-01, ThrX=0.10D-01, %Non0=22
 PM : Pure 12         :: dE=0.18D-02, dP=0.41D-01, ThrX=0.10D-01, %Non0=25
 PM : Pure 13         :: dE=0.10D-02, dP=0.39D-01, ThrX=0.10D-01, %Non0=28
 PM : Pure 14         :: dE=0.50D-03, dP=0.31D-01, ThrX=0.10D-01, %Non0=30
 PM : Pure 15         :: dE=0.21D-03, dP=0.26D-01, ThrX=0.10D-01, %Non0=32
 PM : Pure 16         :: dE=0.10D-03, dP=0.34D-01, ThrX=0.10D-01, %Non0=35
 PM : Hit dP increase :: Tr{FP}=-.6456338057097709D+03, dNel = 0.17D-12
 PM                   :: 16 purification steps, 35 matrix multiplies
 PM                   :: Fractional occupation = 0.60D+00, %Non0s = 35
 PM : Max abs errors  :: dE=0.66D-01, dP=0.34D-01, [F,P]=0.12D+00
 PM                   :: Rel dE=0.10D-03, ||dP||_F=0.35D+00, ||[F,P]||_F=0.16D+01
 PM                   :: OrthoP[5] CheckSum  = 0.1334934302469113D+02
 PM                   :: P[5] CheckSum  = 0.1160153261441740D+02
 PM                   :: CPU (Sec,MFLOPS) = (0.97D+00, 207),
                         WALL(Sec,MFLOPS) = (0.97D+00, 207)
 PM                   :: Allocs=261,  DeAllocs=253, 1498120 bytes are presently allocated.
                         A max of 5244152 bytes were allocated.
>-Exiting PM 08/27/02 @ 09:18:35-<
<<Entering SCFStatus 08/27/02 @ 09:18:35>>
 
= = = = = SCFCycle #4, Basis #1, Geometry #1 = = = = =

       DIISErr = 0.54D-02
       MaxDelD = 0.59D-01
       <T>     = 0.22678633D+04
       <V>     = -.42185832D+04
       <DFT>   = -.32532040D+03
       <SCF>   = -2276.04035344

 SCFStatus            :: CPU (Sec,MFLOPS) = (0.40D-01, 8),
                         WALL(Sec,MFLOPS) = (0.50D-01, 6)
 SCFStatus            :: Allocs=16,  DeAllocs=16, 0 bytes are presently allocated.
                         A max of 2247900 bytes were allocated.
>-Exiting SCFStatus 08/27/02 @ 09:18:35-<
 SCF hit DIIS/DMax increase.
 Convergence statistics for RPBEx/PBEc/STO-6G:
========================================================================
SCF    Ink       Total             Delta       Max         DIIS   
Cycle  Fok       Energy            E_Tot       Delta P     Error  
  0,    F,           0.00000000, 0.0000D+00, 0.0000D+00, 0.0000D+00, 
  1,    F,       -2275.91248168, 0.4127D-02, 0.6589D+00, 0.0000D+00, 
  2,    F,       -2275.93846342, 0.1142D-04, 0.1729D-01, 0.5285D-02, 
  3,    F,       -2276.07124086, 0.5834D-04, 0.9258D-02, 0.5328D-02, 
  4,    F,       -2276.04035344, 0.1357D-04, 0.4005D-02, 0.5351D-02, 
========================================================================
>-Succesfull MondoSCF run 08/27/02 @ 09:18:35-<
