

 __    __                 _       ____________ ______ 
|  \  /  |               | |     /       /    |      |
|   \/   | ___  _ __   __| | ___/   ____/   __|  |==='
|        |/ _ \| '_ \ / _  |/ _ \____  \   (__|  ____|
|  |\/|  | (_) | | | | (_| | (_) )     /\     |  |    
|__|  |__|\___/|_| |_|\____|\___/_____/  \____|__|    

 Version 1.0 alpha 4                                  
 A program suite for O(N) SCF theory and ab initio MD 
 Matt Challacombe, Eric Schwegler, C.J. Tymczak,      
 Chee Kwan Gan, Karoly Nemeth and Anders Niklasson    
 Los Alamos National Laboratory (LA-CC 01-2)          
 Copywrite 2001, University of California.            

 Compiled for AMDLinux.PG, executing on zinc17
 a i686 machine running Linux 2.4.18-3

Water Cluster Scaling                                                                                                           
  
<<Starting MondoSCF 08/26/02 @ 16:34:07>>
 ** Auto-Wraps at default value => (Off) **
 ** Atom-Wrap at default value => (AtomWrap-Off) **
 ** Lattice Vector Format at default value => (Vector Format) **
 ** Coodinate Format at default value => (Atomic Coord) **
========================================================================
 Internal representation of the geometry:
 Geometry originally in Angstroms has been converted to AU.
 Geometry has been reordered using the Hilbert curve.
 Number of electrons = 360
------------------------------------------------------------------------
  *** Periodic is Off *** 
------------------------------------------------------------------------
 1   c    -.48745104D+01   -.13675758D+01   -.43067044D+01
 2   c    -.26616602D+01   -.22128313D+01   -.56743180D+01
 3   c    -.13675758D+01   -.43067044D+01   -.48745104D+01
 4   c    -.22128313D+01   -.56743180D+01   -.26616602D+01
 5   c    -.56743180D+01   -.26616602D+01   -.22128313D+01
 6   c    -.43067044D+01   -.48745104D+01   -.13675758D+01
 7   c    -.43067044D+01   -.48745104D+01   0.13675758D+01
 8   c    -.22128313D+01   -.56743180D+01   0.26616602D+01
 9   c    -.13675758D+01   -.43067044D+01   0.48745104D+01
 10   c    -.48745104D+01   -.13675758D+01   0.43067044D+01
 11   c    -.26616602D+01   -.22128313D+01   0.56743180D+01
 12   c    -.56743180D+01   -.26616602D+01   0.22128313D+01
 13   c    -.65195547D+01   -.12940844D+01   0.00000000D+00
 14   c    -.65195547D+01   0.12940844D+01   0.00000000D+00
 15   c    -.56743180D+01   0.26616602D+01   0.22128313D+01
 16   c    -.48745104D+01   0.13675758D+01   0.43067044D+01
 17   c    -.43067044D+01   0.48745104D+01   0.13675758D+01
 18   c    -.22128313D+01   0.56743180D+01   0.26616602D+01
 19   c    -.13675758D+01   0.43067044D+01   0.48745104D+01
 20   c    -.26616602D+01   0.22128313D+01   0.56743180D+01
 21   c    -.12940844D+01   0.00000000D+00   0.65195547D+01
 22   c    -.22128313D+01   0.56743180D+01   -.26616602D+01
 23   c    -.43067044D+01   0.48745104D+01   -.13675758D+01
 24   c    -.56743180D+01   0.26616602D+01   -.22128313D+01
 25   c    -.48745104D+01   0.13675758D+01   -.43067044D+01
 26   c    -.13675758D+01   0.43067044D+01   -.48745104D+01
 27   c    -.26616602D+01   0.22128313D+01   -.56743180D+01
 28   c    -.12940844D+01   0.00000000D+00   -.65195547D+01
 29   c    0.12940844D+01   0.00000000D+00   -.65195547D+01
 30   c    0.26616602D+01   0.22128313D+01   -.56743180D+01
 31   c    0.13675758D+01   0.43067044D+01   -.48745104D+01
 32   c    0.48745104D+01   0.13675758D+01   -.43067044D+01
 33   c    0.56743180D+01   0.26616602D+01   -.22128313D+01
 34   c    0.43067044D+01   0.48745104D+01   -.13675758D+01
 35   c    0.22128313D+01   0.56743180D+01   -.26616602D+01
 36   c    0.00000000D+00   0.65195547D+01   -.12940844D+01
 37   c    0.12940844D+01   0.00000000D+00   0.65195547D+01
 38   c    0.26616602D+01   0.22128313D+01   0.56743180D+01
 39   c    0.13675758D+01   0.43067044D+01   0.48745104D+01
 40   c    0.22128313D+01   0.56743180D+01   0.26616602D+01
 41   c    0.00000000D+00   0.65195547D+01   0.12940844D+01
 42   c    0.43067044D+01   0.48745104D+01   0.13675758D+01
 43   c    0.48745104D+01   0.13675758D+01   0.43067044D+01
 44   c    0.56743180D+01   0.26616602D+01   0.22128313D+01
 45   c    0.65195547D+01   0.12940844D+01   0.00000000D+00
 46   c    0.65195547D+01   -.12940844D+01   0.00000000D+00
 47   c    0.56743180D+01   -.26616602D+01   0.22128313D+01
 48   c    0.26616602D+01   -.22128313D+01   0.56743180D+01
 49   c    0.48745104D+01   -.13675758D+01   0.43067044D+01
 50   c    0.13675758D+01   -.43067044D+01   0.48745104D+01
 51   c    0.22128313D+01   -.56743180D+01   0.26616602D+01
 52   c    0.00000000D+00   -.65195547D+01   0.12940844D+01
 53   c    0.43067044D+01   -.48745104D+01   0.13675758D+01
 54   c    0.43067044D+01   -.48745104D+01   -.13675758D+01
 55   c    0.56743180D+01   -.26616602D+01   -.22128313D+01
 56   c    0.00000000D+00   -.65195547D+01   -.12940844D+01
 57   c    0.22128313D+01   -.56743180D+01   -.26616602D+01
 58   c    0.13675758D+01   -.43067044D+01   -.48745104D+01
 59   c    0.26616602D+01   -.22128313D+01   -.56743180D+01
 60   c    0.48745104D+01   -.13675758D+01   -.43067044D+01
========================================================================
 ParseGeometry        :: Allocs=14,  DeAllocs=14, 0 bytes are presently allocated.
                         A max of 7968 bytes were allocated.
 Base(1)%BName   = STO-6G
 Opening BasFile = /home/mchalla/MONDOf/BasisSets/STO-6G.bas
 ParseBaseSets        :: Allocs=61,  DeAllocs=60, 480 bytes are presently allocated.
                         A max of 25480 bytes were allocated.
 Current HDF file :: /scratch/mchalla/c60_PM_5D-2_1595.hdf

 PROGRAM OF CALCULATIONS:

  A restricted Roothaan-Hall solution of the SCF using
  a tight accuracy level, STO-6G and the PBEx/PBEc model.
 

 Accuracy level 3 for the STO-6G basis set:
  TrixNeglect = 0.10D-05, CubeNeglect = 0.10D-06,
  TwoENeglect = 0.10D-09, DistNeglect = 0.10D-11
 MaxAtms = 61, MaxBlks = 3601, MaxNon0 = 90001, BndWdth = 60
<<Entering MakeS 08/26/02 @ 16:34:08>>
 MakeS                :: S CheckSum  = 0.2079758492972368D+02
 MakeS                :: CPU Sec = 0.21D+01, WALL Sec = 0.21D+01
 MakeS                :: Allocs=37,  DeAllocs=36, 24 bytes are presently allocated.
                         A max of 1514328 bytes were allocated.
>-Exiting MakeS 08/26/02 @ 16:34:10-<
<<Entering BlokAInv 08/26/02 @ 16:34:11>>
 BlokAInv             :: CPU (Sec,MFLOPS) = (0.13D+00, 156),
                         WALL(Sec,MFLOPS) = (0.15D+00, 135)
 BlokAInv             :: Max(Z^t.A.Z-I)=0.67D-06, TrixThrsh=0.10D-05
 BlokAInv             :: Z CheckSum  = 0.2334035849474413D+02
 BlokAInv             :: CPU (Sec,MFLOPS) = (0.41D+00, 183),
                         WALL(Sec,MFLOPS) = (0.45D+00, 167)
 BlokAInv             :: Allocs=75,  DeAllocs=41, 2255484 bytes are presently allocated.
                         A max of 3754336 bytes were allocated.
>-Exiting BlokAInv 08/26/02 @ 16:34:11-<
<<Entering MakeT 08/26/02 @ 16:34:11>>
 MakeT                :: T CheckSum  = 0.1263168604614581D+03
 MakeT                :: CPU Sec = 0.22D+01, WALL Sec = 0.23D+01
 MakeT                :: Allocs=33,  DeAllocs=32, 24 bytes are presently allocated.
                         A max of 1508752 bytes were allocated.
>-Exiting MakeT 08/26/02 @ 16:34:13-<
<<Entering P2Use 08/26/02 @ 16:34:14>>
 P2Use                :: P[0] CheckSum  = 0.1279006156321167D+02
 P2Use                :: CPU Sec = 0.40D-01, WALL Sec = 0.10D+00
 P2Use                :: Allocs=53,  DeAllocs=44, 749804 bytes are presently allocated.
                         A max of 3005540 bytes were allocated.
>-Exiting P2Use 08/26/02 @ 16:34:14-<
<<Entering MakeRho 08/26/02 @ 16:34:14>>
 MakeRho : Pruned Rho :: dNel = -.57D-12, kept 100% of distributions.
 MakeRho : Moments    :: <r> = (-.30D-13, -.27D-14, 0.36D-14), <r^2> = 0.32D+03
 MakeRho              :: Rho CheckSum  = 0.3458428081811825D+04
 MakeRho              :: CPU Sec = 0.74D+00, WALL Sec = 0.74D+00
 MakeRho              :: Allocs=64,  DeAllocs=59, 728 bytes are presently allocated.
                         A max of 1108916 bytes were allocated.
>-Exiting MakeRho 08/26/02 @ 16:34:15-<
<<Entering QCTC 08/26/02 @ 16:34:15>>
 QCTC                 :: J[0] CheckSum  = 0.1848595439169059D+03
 QCTC                 :: CPU Sec = 0.51D+03, WALL Sec = 0.51D+03
 QCTC                 :: Allocs=43553,  DeAllocs=50, 7050224 bytes are presently allocated.
                         A max of 8556744 bytes were allocated.
>-Exiting QCTC 08/26/02 @ 16:42:45-<
<<Entering HiCu 08/26/02 @ 16:42:45>>
 HiCu.GridGen         :: Tau = 0.10D-01, <Rho> = 0.18029765D+03, <Exc> = -.33023509D+03, Pts/Atom = 1442
 HiCu.GridGen         :: Tau = 0.10D-02, <Rho> = 0.18004673D+03, <Exc> = -.32938016D+03, Pts/Atom = 3070
 HiCu.GridGen         :: Tau = 0.10D-03, <Rho> = 0.18000305D+03, <Exc> = -.32921852D+03, Pts/Atom = 5866
 HiCu.GridGen         :: Tau = 0.10D-04, <Rho> = 0.18000076D+03, <Exc> = -.32920819D+03, Pts/Atom = 10476
 HiCu.GridGen         :: Tau = 0.10D-05, <Rho> = 0.18000008D+03, <Exc> = -.32920785D+03, Pts/Atom = 19908
 HiCu.GridGen         :: Tau = 0.10D-06, <Rho> = 0.18000001D+03, <Exc> = -.32920817D+03, Pts/Atom = 37352
 HiCu.GridGen         :: TauRel = 0.10D-06, RhoErr = 0.47D-07, <Exc> = -.32920817D+03
 HiCu.GridGen         :: CPU Sec = 0.78D+03, WALL Sec = 0.78D+03
 HiCu.MakeKxc         :: WALL (Sec) = 0.64D+04
 HiCu                 :: Kxc[0] CheckSum  = 0.2133185135966743D+02
 HiCu                 :: WALL (Sec) = 0.72D+04
 HiCu                 :: Allocs=392882,  DeAllocs=192146, 161691128 bytes are presently allocated.
                         A max of 163197552 bytes were allocated.
>-Exiting HiCu 08/26/02 @ 18:41:58-<
<<Entering FockNGrueven 08/26/02 @ 18:41:58>>
 FockNGrueven         :: F[0] CheckSum  = 0.8350696713421978D+02
 FockNGrueven         :: OrthoF[0] CheckSum  = 0.7595568899532943D+02
 FockNGrueven         :: CPU (Sec,MFLOPS) = (0.35D+00, 157),
                         WALL(Sec,MFLOPS) = (0.36D+00, 153)
 FockNGrueven         :: Allocs=37,  DeAllocs=33, 380468 bytes are presently allocated.
                         A max of 2847168 bytes were allocated.
>-Exiting FockNGrueven 08/26/02 @ 18:41:58-<
<<Entering PM 08/26/02 @ 18:41:59>>
 PM                   :: Trix = 0.50D-01
 PM : Pure 1          :: dE=0.10D+01, dP=0.75D-01, ThrX=0.50D-01, %Non0=1
 PM : Pure 2          :: dE=0.57D-01, dP=0.68D-01, ThrX=0.50D-01, %Non0=1
 PM : Pure 3          :: dE=0.32D-01, dP=0.49D-01, ThrX=0.50D-01, %Non0=1
 PM : Pure 4          :: dE=0.96D-02, dP=0.40D-01, ThrX=0.50D-01, %Non0=1
 PM : Pure 5          :: dE=0.35D-02, dP=0.55D-01, ThrX=0.50D-01, %Non0=1
 PM : Hit dP increase :: Tr{FP}=-.5875316510711025D+03, dNel = 0.00D+00
 PM                   :: 5 purification steps, 13 matrix multiplies
 PM                   :: Fractional occupation = 0.60D+00, %Non0s = 1
 PM : Max abs errors  :: dE=0.21D+01, dP=0.55D-01, [F,P]=0.36D+00
 PM                   :: Rel dE=0.35D-02, ||dP||_F=0.37D+00, ||[F,P]||_F=0.42D+01
 PM                   :: OrthoP[1] CheckSum  = 0.1101102198641605D+02
 PM                   :: P[1] CheckSum  = 0.2010801183178167D+02
 PM                   :: CPU (Sec,MFLOPS) = (0.51D+00, 150),
                         WALL(Sec,MFLOPS) = (0.51D+00, 150)
 PM                   :: Allocs=108,  DeAllocs=100, 1498120 bytes are presently allocated.
                         A max of 5244152 bytes were allocated.
>-Exiting PM 08/26/02 @ 18:42:00-<
<<Entering SCFStatus 08/26/02 @ 18:42:00>>
 
= = = = = SCFCycle #0, Basis #1, Geometry #1 = = = = =

       MaxDelD = 0.11D+01
       <T>     = 0.23203716D+04
       <V>     = -.42764692D+04
       <DFT>   = -.32920817D+03
       <SCF>   = -2285.30576345

 SCFStatus            :: CPU (Sec,MFLOPS) = (0.30D-01, 1),
                         WALL(Sec,MFLOPS) = (0.30D-01, 1)
 SCFStatus            :: Allocs=16,  DeAllocs=16, 0 bytes are presently allocated.
                         A max of 2247900 bytes were allocated.
>-Exiting SCFStatus 08/26/02 @ 18:42:00-<
<<Entering MakeRho 08/26/02 @ 18:42:00>>
 MakeRho : Pruned Rho :: dNel = 0.37D+00, kept 57% of distributions.
 MakeRho : Moments    :: <r> = (0.26D+01, 0.15D+00, -.40D-01), <r^2> = 0.34D+03
 ... ning Warning  Warning  Warning Wa ...
MakeRho              :: relative error in density = 0.10D-02. Distribution threshold =
 MakeRho              :: Rho CheckSum  = 0.3454470502086838D+04
 MakeRho              :: CPU Sec = 0.58D+01, WALL Sec = 0.58D+01
 MakeRho              :: Allocs=64,  DeAllocs=59, 728 bytes are presently allocated.
                         A max of 8685564 bytes were allocated.
>-Exiting MakeRho 08/26/02 @ 18:42:06-<
<<Entering QCTC 08/26/02 @ 18:42:06>>
 QCTC                 :: J[1] CheckSum  = 0.1825993287561341D+03
 QCTC                 :: WALL (Sec) = 0.22D+04
 QCTC                 :: Allocs=236688,  DeAllocs=50, 39338096 bytes are presently allocated.
                         A max of 44452236 bytes were allocated.
>-Exiting QCTC 08/26/02 @ 19:19:05-<
<<Entering HiCu 08/26/02 @ 19:19:05>>
 HiCu.GridGen         :: Tau = 0.10D-01, <Rho> = 0.18025177D+03, <Exc> = -.33480776D+03, Pts/Atom = 1485
 HiCu.GridGen         :: Tau = 0.10D-02, <Rho> = 0.18022687D+03, <Exc> = -.33491091D+03, Pts/Atom = 2927
 HiCu.GridGen         :: Tau = 0.10D-03, <Rho> = 0.18019053D+03, <Exc> = -.33477959D+03, Pts/Atom = 5668
 HiCu.GridGen         :: Tau = 0.10D-04, <Rho> = 0.18018672D+03, <Exc> = -.33476551D+03, Pts/Atom = 10593
 HiCu.GridGen         :: Tau = 0.10D-05, <Rho> = 0.18018602D+03, <Exc> = -.33476284D+03, Pts/Atom = 20225
 HiCu.GridGen         :: Tau = 0.10D-06, <Rho> = 0.18018598D+03, <Exc> = -.33476287D+03, Pts/Atom = 38288
 HiCu.GridGen         :: TauRel = 0.10D-06, RhoErr = 0.61D-07, <Exc> = -.33476287D+03
 HiCu.GridGen         :: CPU Sec = 0.76D+03, WALL Sec = 0.51D+04
 HiCu.MakeKxc         :: WALL (Sec) = 0.65D+04
 HiCu                 :: Kxc[1] CheckSum  = 0.2133690718706850D+02
 HiCu                 :: WALL (Sec) = 0.12D+05
 HiCu                 :: Allocs=441145,  DeAllocs=196964, 167673648 bytes are presently allocated.
                         A max of 169180072 bytes were allocated.
>-Exiting HiCu 08/26/02 @ 22:31:37-<
<<Entering FockNGrueven 08/26/02 @ 22:31:37>>
 FockNGrueven         :: F[1] CheckSum  = 0.8124776563662518D+02
 FockNGrueven         :: OrthoF[1] CheckSum  = 0.7402408263998740D+02
 FockNGrueven         :: CPU (Sec,MFLOPS) = (0.34D+00, 162),
                         WALL(Sec,MFLOPS) = (0.90D+01, 6)
 FockNGrueven         :: Allocs=37,  DeAllocs=33, 380468 bytes are presently allocated.
                         A max of 2862144 bytes were allocated.
>-Exiting FockNGrueven 08/26/02 @ 22:31:46-<
<<Entering DIIS 08/26/02 @ 22:31:46>>
 DIIS : Damping       :: Co = 0.80D+00, 0.20D+00
 DIIS                 :: F_DIIS[1] CheckSum  = 0.7556358192573165D+02
 DIIS                 :: CPU (Sec,MFLOPS) = (0.11D+00, 22),
                         WALL(Sec,MFLOPS) = (0.12D+00, 20)
 DIIS                 :: Allocs=34,  DeAllocs=30, 144 bytes are presently allocated.
                         A max of 3026004 bytes were allocated.
>-Exiting DIIS 08/26/02 @ 22:31:46-<
<<Entering PM 08/26/02 @ 22:31:46>>
 PM                   :: Trix = 0.50D-01
 PM : Pure 1          :: dE=0.10D+01, dP=0.74D-01, ThrX=0.50D-01, %Non0=1
 PM : Pure 2          :: dE=0.58D-01, dP=0.67D-01, ThrX=0.50D-01, %Non0=1
 PM : Pure 3          :: dE=0.33D-01, dP=0.48D-01, ThrX=0.50D-01, %Non0=1
 PM : Pure 4          :: dE=0.10D-01, dP=0.37D-01, ThrX=0.50D-01, %Non0=1
 PM : Pure 5          :: dE=0.35D-02, dP=0.51D-01, ThrX=0.50D-01, %Non0=1
 PM : Hit dP increase :: Tr{FP}=-.5820158035183329D+03, dNel = 0.11D-12
 PM                   :: 5 purification steps, 13 matrix multiplies
 PM                   :: Fractional occupation = 0.60D+00, %Non0s = 1
 PM : Max abs errors  :: dE=0.20D+01, dP=0.51D-01, [F,P]=0.36D+00
 PM                   :: Rel dE=0.35D-02, ||dP||_F=0.36D+00, ||[F,P]||_F=0.42D+01
 PM                   :: OrthoP[2] CheckSum  = 0.1100968284080973D+02
 PM                   :: P[2] CheckSum  = 0.2013122692085796D+02
 PM                   :: CPU (Sec,MFLOPS) = (0.50D+00, 153),
                         WALL(Sec,MFLOPS) = (0.50D+00, 153)
 PM                   :: Allocs=108,  DeAllocs=100, 1498120 bytes are presently allocated.
                         A max of 5244152 bytes were allocated.
>-Exiting PM 08/26/02 @ 22:31:47-<
<<Entering SCFStatus 08/26/02 @ 22:31:47>>
 
= = = = = SCFCycle #1, Basis #1, Geometry #1 = = = = =

       DIISErr = 0.14D-01
       MaxDelD = 0.37D-01
       <T>     = 0.24490626D+04
       <V>     = -.42981632D+04
       <DFT>   = -.33476287D+03
       <SCF>   = -2183.86354518

 SCFStatus            :: CPU (Sec,MFLOPS) = (0.40D-01, 2),
                         WALL(Sec,MFLOPS) = (0.40D-01, 2)
 SCFStatus            :: Allocs=16,  DeAllocs=16, 0 bytes are presently allocated.
                         A max of 2247900 bytes were allocated.
>-Exiting SCFStatus 08/26/02 @ 22:31:47-<
<<Entering MakeRho 08/26/02 @ 22:31:47>>
 MakeRho : Pruned Rho :: dNel = 0.37D+00, kept 57% of distributions.
 MakeRho : Moments    :: <r> = (0.42D+00, 0.20D-01, 0.26D-02), <r^2> = 0.34D+03
 ... ning Warning  Warning  Warning Wa ...
MakeRho              :: relative error in density = 0.10D-02. Distribution threshold =
 MakeRho              :: Rho CheckSum  = 0.3454454300775620D+04
 MakeRho              :: CPU Sec = 0.58D+01, WALL Sec = 0.58D+01
 MakeRho              :: Allocs=64,  DeAllocs=59, 728 bytes are presently allocated.
                         A max of 8687204 bytes were allocated.
>-Exiting MakeRho 08/26/02 @ 22:31:53-<
<<Entering QCTC 08/26/02 @ 22:31:53>>
 QCTC                 :: J[2] CheckSum  = 0.1825728838954307D+03
 QCTC                 :: WALL (Sec) = 0.22D+04
 QCTC                 :: Allocs=236843,  DeAllocs=50, 39362672 bytes are presently allocated.
                         A max of 44479568 bytes were allocated.
>-Exiting QCTC 08/26/02 @ 23:08:43-<
<<Entering HiCu 08/26/02 @ 23:08:44>>
 HiCu.GridGen         :: Tau = 0.10D-01, <Rho> = 0.18026212D+03, <Exc> = -.33489505D+03, Pts/Atom = 1482
 HiCu.GridGen         :: Tau = 0.10D-02, <Rho> = 0.18022374D+03, <Exc> = -.33490208D+03, Pts/Atom = 2935
 HiCu.GridGen         :: Tau = 0.10D-03, <Rho> = 0.18018989D+03, <Exc> = -.33477929D+03, Pts/Atom = 5675
 HiCu.GridGen         :: Tau = 0.10D-04, <Rho> = 0.18018622D+03, <Exc> = -.33476596D+03, Pts/Atom = 10618
 HiCu.GridGen         :: Tau = 0.10D-05, <Rho> = 0.18018550D+03, <Exc> = -.33476318D+03, Pts/Atom = 20225
 HiCu.GridGen         :: Tau = 0.10D-06, <Rho> = 0.18018547D+03, <Exc> = -.33476322D+03, Pts/Atom = 38260
 HiCu.GridGen         :: TauRel = 0.10D-06, RhoErr = 0.60D-07, <Exc> = -.33476322D+03
 HiCu.GridGen         :: CPU Sec = 0.75D+03, WALL Sec = 0.51D+04
 HiCu.MakeKxc         :: WALL (Sec) = 0.65D+04
 HiCu                 :: Kxc[2] CheckSum  = 0.2133701405433351D+02
 HiCu                 :: WALL (Sec) = 0.12D+05
 HiCu                 :: Allocs=440888,  DeAllocs=196820, 167553584 bytes are presently allocated.
                         A max of 169060008 bytes were allocated.
>-Exiting HiCu 08/27/02 @ 02:21:45-<
<<Entering FockNGrueven 08/27/02 @ 02:21:49>>
 FockNGrueven         :: F[2] CheckSum  = 0.8121267417088855D+02
 FockNGrueven         :: OrthoF[2] CheckSum  = 0.7399844752369663D+02
 FockNGrueven         :: CPU (Sec,MFLOPS) = (0.36D+00, 153),
                         WALL(Sec,MFLOPS) = (0.13D+02, 4)
 FockNGrueven         :: Allocs=37,  DeAllocs=33, 380468 bytes are presently allocated.
                         A max of 2870880 bytes were allocated.
>-Exiting FockNGrueven 08/27/02 @ 02:22:02-<
<<Entering DIIS 08/27/02 @ 02:22:02>>
 DIIS                 :: Cond# = 0.32D+05, MIN(E) = 0.11D-02
 DIIS : Pulay C1      :: DIISCo = 0.41D+01, -.31D+01
 DIIS                 :: F_DIIS[2] CheckSum  = 0.7416770407943902D+02
 DIIS                 :: CPU Sec = 0.17D+00, WALL Sec = 0.13D+02
 DIIS                 :: Allocs=45,  DeAllocs=40, 216 bytes are presently allocated.
                         A max of 3026004 bytes were allocated.
>-Exiting DIIS 08/27/02 @ 02:22:15-<
<<Entering PM 08/27/02 @ 02:22:16>>
 PM                   :: Trix = 0.50D-01
 PM : Pure 1          :: dE=0.10D+01, dP=0.76D-01, ThrX=0.50D-01, %Non0=1
 PM : Pure 2          :: dE=0.63D-01, dP=0.75D-01, ThrX=0.50D-01, %Non0=1
 PM : Pure 3          :: dE=0.40D-01, dP=0.61D-01, ThrX=0.50D-01, %Non0=1
 PM : Pure 4          :: dE=0.15D-01, dP=0.52D-01, ThrX=0.50D-01, %Non0=1
 PM : Pure 5          :: dE=0.49D-02, dP=0.68D-01, ThrX=0.50D-01, %Non0=1
 PM : Hit dP increase :: Tr{FP}=-.5627769204049803D+03, dNel = 0.00D+00
 PM                   :: 5 purification steps, 13 matrix multiplies
 PM                   :: Fractional occupation = 0.60D+00, %Non0s = 1
 PM : Max abs errors  :: dE=0.28D+01, dP=0.68D-01, [F,P]=0.43D+00
 PM                   :: Rel dE=0.49D-02, ||dP||_F=0.39D+00, ||[F,P]||_F=0.43D+01
 PM                   :: OrthoP[3] CheckSum  = 0.1101850055018571D+02
 PM                   :: P[3] CheckSum  = 0.2041020794126240D+02
 PM                   :: CPU (Sec,MFLOPS) = (0.52D+00, 147),
                         WALL(Sec,MFLOPS) = (0.18D+02, 4)
 PM                   :: Allocs=108,  DeAllocs=100, 1498120 bytes are presently allocated.
                         A max of 5244152 bytes were allocated.
>-Exiting PM 08/27/02 @ 02:22:33-<
<<Entering SCFStatus 08/27/02 @ 02:22:33>>
 
= = = = = SCFCycle #2, Basis #1, Geometry #1 = = = = =

       DIISErr = 0.14D-01
       MaxDelD = 0.38D+00
       <T>     = 0.24491710D+04
       <V>     = -.42982294D+04
       <DFT>   = -.33476322D+03
       <SCF>   = -2183.82162498

 SCFStatus            :: CPU Sec = 0.40D-01, WALL Sec = 0.13D+02
 SCFStatus            :: Allocs=16,  DeAllocs=16, 0 bytes are presently allocated.
                         A max of 2247900 bytes were allocated.
>-Exiting SCFStatus 08/27/02 @ 02:22:46-<
<<Entering MakeRho 08/27/02 @ 02:22:46>>
 MakeRho : Pruned Rho :: dNel = 0.43D+00, kept 57% of distributions.
 MakeRho : Moments    :: <r> = (-.35D+02, -.21D+01, 0.72D+00), <r^2> = 0.34D+03
 ... ning Warning  Warning  Warning Wa ...
MakeRho              :: relative error in density = 0.12D-02. Distribution threshold =
 MakeRho              :: Rho CheckSum  = 0.3456135435967649D+04
 MakeRho              :: CPU Sec = 0.58D+01, WALL Sec = 0.57D+02
 MakeRho              :: Allocs=64,  DeAllocs=59, 728 bytes are presently allocated.
                         A max of 8692572 bytes were allocated.
>-Exiting MakeRho 08/27/02 @ 02:23:43-<
<<Entering QCTC 08/27/02 @ 02:23:43>>
 QCTC                 :: J[3] CheckSum  = 0.1830167885461105D+03
 QCTC                 :: WALL (Sec) = 0.22D+04
 QCTC                 :: Allocs=237543,  DeAllocs=50, 39468904 bytes are presently allocated.
                         A max of 44596208 bytes were allocated.
>-Exiting QCTC 08/27/02 @ 03:01:11-<
<<Entering HiCu 08/27/02 @ 03:01:42>>
 HiCu.GridGen         :: Tau = 0.10D-01, <Rho> = 0.18024391D+03, <Exc> = -.33489084D+03, Pts/Atom = 1470
 HiCu.GridGen         :: Tau = 0.10D-02, <Rho> = 0.18024603D+03, <Exc> = -.33510657D+03, Pts/Atom = 2937
 HiCu.GridGen         :: Tau = 0.10D-03, <Rho> = 0.18021876D+03, <Exc> = -.33503330D+03, Pts/Atom = 5719
 HiCu.GridGen         :: Tau = 0.10D-04, <Rho> = 0.18021573D+03, <Exc> = -.33502161D+03, Pts/Atom = 10610
 HiCu.GridGen         :: Tau = 0.10D-05, <Rho> = 0.18021499D+03, <Exc> = -.33501908D+03, Pts/Atom = 20203
 HiCu.GridGen         :: Tau = 0.10D-06, <Rho> = 0.18021495D+03, <Exc> = -.33501914D+03, Pts/Atom = 38365
 HiCu.GridGen         :: TauRel = 0.10D-06, RhoErr = 0.40D-07, <Exc> = -.33501914D+03
 HiCu.GridGen         :: CPU Sec = 0.78D+03, WALL Sec = 0.52D+04
 HiCu.MakeKxc         :: WALL (Sec) = 0.65D+04
 HiCu                 :: Kxc[3] CheckSum  = 0.2133614814385932D+02
 HiCu                 :: WALL (Sec) = 0.12D+05
 HiCu                 :: Allocs=442108,  DeAllocs=197360, 168009192 bytes are presently allocated.
                         A max of 169515616 bytes were allocated.
>-Exiting HiCu 08/27/02 @ 06:18:19-<
<<Entering FockNGrueven 08/27/02 @ 06:18:41>>
 FockNGrueven         :: F[3] CheckSum  = 0.8239996874735824D+02
 FockNGrueven         :: OrthoF[3] CheckSum  = 0.7494877685255688D+02
 FockNGrueven         :: CPU (Sec,MFLOPS) = (0.35D+00, 157),
                         WALL(Sec,MFLOPS) = (0.48D+02, 1)
 FockNGrueven         :: Allocs=37,  DeAllocs=33, 380468 bytes are presently allocated.
                         A max of 2911232 bytes were allocated.
>-Exiting FockNGrueven 08/27/02 @ 06:19:29-<
<<Entering DIIS 08/27/02 @ 06:19:29>>
 DIIS                 :: Cond# = 0.21D+06, MIN(E) = 0.25D-03
 DIIS : Pulay C1      :: DIISCo = 0.80D+01, -.74D+01, 0.40D+00
 DIIS                 :: F_DIIS[3] CheckSum  = 0.7409834760585922D+02
 DIIS                 :: CPU Sec = 0.23D+00, WALL Sec = 0.12D+03
 DIIS                 :: Allocs=53,  DeAllocs=48, 272 bytes are presently allocated.
                         A max of 3025956 bytes were allocated.
>-Exiting DIIS 08/27/02 @ 06:21:27-<
<<Entering PM 08/27/02 @ 06:21:27>>
 PM                   :: Trix = 0.50D-01
 PM : Pure 1          :: dE=0.10D+01, dP=0.73D-01, ThrX=0.50D-01, %Non0=1
 PM : Pure 2          :: dE=0.62D-01, dP=0.70D-01, ThrX=0.50D-01, %Non0=1
 PM : Pure 3          :: dE=0.39D-01, dP=0.53D-01, ThrX=0.50D-01, %Non0=1
 PM : Pure 4          :: dE=0.13D-01, dP=0.41D-01, ThrX=0.50D-01, %Non0=1
 PM : Pure 5          :: dE=0.40D-02, dP=0.55D-01, ThrX=0.50D-01, %Non0=1
 PM : Hit dP increase :: Tr{FP}=-.5613696282173161D+03, dNel = 0.57D-13
 PM                   :: 5 purification steps, 13 matrix multiplies
 PM                   :: Fractional occupation = 0.60D+00, %Non0s = 1
 PM : Max abs errors  :: dE=0.22D+01, dP=0.55D-01, [F,P]=0.41D+00
 PM                   :: Rel dE=0.40D-02, ||dP||_F=0.35D+00, ||[F,P]||_F=0.43D+01
 PM                   :: OrthoP[4] CheckSum  = 0.1100701428850309D+02
 PM                   :: P[4] CheckSum  = 0.2032616080542297D+02
 PM                   :: CPU (Sec,MFLOPS) = (0.52D+00, 147),
                         WALL(Sec,MFLOPS) = (0.26D+02, 2)
 PM                   :: Allocs=108,  DeAllocs=100, 1498120 bytes are presently allocated.
                         A max of 5244152 bytes were allocated.
>-Exiting PM 08/27/02 @ 06:21:53-<
<<Entering SCFStatus 08/27/02 @ 06:22:07>>
 
= = = = = SCFCycle #3, Basis #1, Geometry #1 = = = = =

       DIISErr = 0.14D-01
       MaxDelD = 0.18D+00
       <T>     = 0.24510363D+04
       <V>     = -.42920731D+04
       <DFT>   = -.33501914D+03
       <SCF>   = -2176.05589693

 SCFStatus            :: CPU Sec = 0.30D-01, WALL Sec = 0.86D+01
 SCFStatus            :: Allocs=16,  DeAllocs=16, 0 bytes are presently allocated.
                         A max of 2247900 bytes were allocated.
>-Exiting SCFStatus 08/27/02 @ 06:22:15-<
<<Entering MakeRho 08/27/02 @ 06:22:15>>
 MakeRho : Pruned Rho :: dNel = 0.44D+00, kept 56% of distributions.
 MakeRho : Moments    :: <r> = (-.13D+02, -.81D+00, 0.20D+00), <r^2> = 0.34D+03
 ... ning Warning  Warning  Warning Wa ...
MakeRho              :: relative error in density = 0.12D-02. Distribution threshold =
 MakeRho              :: Rho CheckSum  = 0.3455628587483661D+04
 MakeRho              :: CPU Sec = 0.59D+01, WALL Sec = 0.22D+02
 MakeRho              :: Allocs=64,  DeAllocs=59, 728 bytes are presently allocated.
                         A max of 8773164 bytes were allocated.
>-Exiting MakeRho 08/27/02 @ 06:22:37-<
<<Entering QCTC 08/27/02 @ 06:22:42>>
 QCTC                 :: J[4] CheckSum  = 0.1824364974666202D+03
 QCTC                 :: WALL (Sec) = 0.23D+04
 QCTC                 :: Allocs=238998,  DeAllocs=50, 39721136 bytes are presently allocated.
                         A max of 44884692 bytes were allocated.
>-Exiting QCTC 08/27/02 @ 07:01:03-<
<<Entering HiCu 08/27/02 @ 07:01:04>>
 HiCu.GridGen         :: Tau = 0.10D-01, <Rho> = 0.18029651D+03, <Exc> = -.33491436D+03, Pts/Atom = 1494
 HiCu.GridGen         :: Tau = 0.10D-02, <Rho> = 0.18026019D+03, <Exc> = -.33502528D+03, Pts/Atom = 2935
 HiCu.GridGen         :: Tau = 0.10D-03, <Rho> = 0.18022708D+03, <Exc> = -.33491595D+03, Pts/Atom = 5715
 HiCu.GridGen         :: Tau = 0.10D-04, <Rho> = 0.18022318D+03, <Exc> = -.33490073D+03, Pts/Atom = 10620
 HiCu.GridGen         :: Tau = 0.10D-05, <Rho> = 0.18022240D+03, <Exc> = -.33489771D+03, Pts/Atom = 20183
 HiCu.GridGen         :: Tau = 0.10D-06, <Rho> = 0.18022236D+03, <Exc> = -.33489775D+03, Pts/Atom = 38247
 HiCu.GridGen         :: TauRel = 0.10D-06, RhoErr = 0.56D-07, <Exc> = -.33489775D+03
 HiCu.GridGen         :: CPU Sec = 0.81D+03, WALL Sec = 0.52D+04
