

 __    __                 _       ____________ ______ 
|  \  /  |               | |     /       /    |      |
|   \/   | ___  _ __   __| | ___/   ____/   __|  |==='
|        |/ _ \| '_ \ / _  |/ _ \____  \   (__|  ____|
|  |\/|  | (_) | | | | (_| | (_) )     /\     |  |    
|__|  |__|\___/|_| |_|\____|\___/_____/  \____|__|    

 Version 1.0 alpha 4                                  
 A program suite for O(N) SCF theory and ab initio MD 
 Matt Challacombe, Eric Schwegler, C.J. Tymczak,      
 Chee Kwan Gan, Karoly Nemeth and Anders Niklasson    
 Los Alamos National Laboratory (LA-CC 01-2)          
 Copywrite 2001, University of California.            

 Compiled for AMDLinux.PG, executing on zinc31
 a i686 machine running Linux 2.4.2-2

Water Cluster Scaling                                                                                                           
  
<<Starting MondoSCF 08/25/02 @ 21:14:13>>
 ** Auto-Wraps at default value => (Off) **
 ** Atom-Wrap at default value => (AtomWrap-Off) **
 ** Lattice Vector Format at default value => (Vector Format) **
 ** Coodinate Format at default value => (Atomic Coord) **
========================================================================
 Internal representation of the geometry:
 Geometry originally in Angstroms has been converted to AU.
 Geometry has been reordered using the Hilbert curve.
 Number of electrons = 360
------------------------------------------------------------------------
  *** Periodic is Off *** 
------------------------------------------------------------------------
 1   c    -.48745104D+01   -.13675758D+01   -.43067044D+01
 2   c    -.26616602D+01   -.22128313D+01   -.56743180D+01
 3   c    -.13675758D+01   -.43067044D+01   -.48745104D+01
 4   c    -.22128313D+01   -.56743180D+01   -.26616602D+01
 5   c    -.56743180D+01   -.26616602D+01   -.22128313D+01
 6   c    -.43067044D+01   -.48745104D+01   -.13675758D+01
 7   c    -.43067044D+01   -.48745104D+01   0.13675758D+01
 8   c    -.22128313D+01   -.56743180D+01   0.26616602D+01
 9   c    -.13675758D+01   -.43067044D+01   0.48745104D+01
 10   c    -.48745104D+01   -.13675758D+01   0.43067044D+01
 11   c    -.26616602D+01   -.22128313D+01   0.56743180D+01
 12   c    -.56743180D+01   -.26616602D+01   0.22128313D+01
 13   c    -.65195547D+01   -.12940844D+01   0.00000000D+00
 14   c    -.65195547D+01   0.12940844D+01   0.00000000D+00
 15   c    -.56743180D+01   0.26616602D+01   0.22128313D+01
 16   c    -.48745104D+01   0.13675758D+01   0.43067044D+01
 17   c    -.43067044D+01   0.48745104D+01   0.13675758D+01
 18   c    -.22128313D+01   0.56743180D+01   0.26616602D+01
 19   c    -.13675758D+01   0.43067044D+01   0.48745104D+01
 20   c    -.26616602D+01   0.22128313D+01   0.56743180D+01
 21   c    -.12940844D+01   0.00000000D+00   0.65195547D+01
 22   c    -.22128313D+01   0.56743180D+01   -.26616602D+01
 23   c    -.43067044D+01   0.48745104D+01   -.13675758D+01
 24   c    -.56743180D+01   0.26616602D+01   -.22128313D+01
 25   c    -.48745104D+01   0.13675758D+01   -.43067044D+01
 26   c    -.13675758D+01   0.43067044D+01   -.48745104D+01
 27   c    -.26616602D+01   0.22128313D+01   -.56743180D+01
 28   c    -.12940844D+01   0.00000000D+00   -.65195547D+01
 29   c    0.12940844D+01   0.00000000D+00   -.65195547D+01
 30   c    0.26616602D+01   0.22128313D+01   -.56743180D+01
 31   c    0.13675758D+01   0.43067044D+01   -.48745104D+01
 32   c    0.48745104D+01   0.13675758D+01   -.43067044D+01
 33   c    0.56743180D+01   0.26616602D+01   -.22128313D+01
 34   c    0.43067044D+01   0.48745104D+01   -.13675758D+01
 35   c    0.22128313D+01   0.56743180D+01   -.26616602D+01
 36   c    0.00000000D+00   0.65195547D+01   -.12940844D+01
 37   c    0.12940844D+01   0.00000000D+00   0.65195547D+01
 38   c    0.26616602D+01   0.22128313D+01   0.56743180D+01
 39   c    0.13675758D+01   0.43067044D+01   0.48745104D+01
 40   c    0.22128313D+01   0.56743180D+01   0.26616602D+01
 41   c    0.00000000D+00   0.65195547D+01   0.12940844D+01
 42   c    0.43067044D+01   0.48745104D+01   0.13675758D+01
 43   c    0.48745104D+01   0.13675758D+01   0.43067044D+01
 44   c    0.56743180D+01   0.26616602D+01   0.22128313D+01
 45   c    0.65195547D+01   0.12940844D+01   0.00000000D+00
 46   c    0.65195547D+01   -.12940844D+01   0.00000000D+00
 47   c    0.56743180D+01   -.26616602D+01   0.22128313D+01
 48   c    0.26616602D+01   -.22128313D+01   0.56743180D+01
 49   c    0.48745104D+01   -.13675758D+01   0.43067044D+01
 50   c    0.13675758D+01   -.43067044D+01   0.48745104D+01
 51   c    0.22128313D+01   -.56743180D+01   0.26616602D+01
 52   c    0.00000000D+00   -.65195547D+01   0.12940844D+01
 53   c    0.43067044D+01   -.48745104D+01   0.13675758D+01
 54   c    0.43067044D+01   -.48745104D+01   -.13675758D+01
 55   c    0.56743180D+01   -.26616602D+01   -.22128313D+01
 56   c    0.00000000D+00   -.65195547D+01   -.12940844D+01
 57   c    0.22128313D+01   -.56743180D+01   -.26616602D+01
 58   c    0.13675758D+01   -.43067044D+01   -.48745104D+01
 59   c    0.26616602D+01   -.22128313D+01   -.56743180D+01
 60   c    0.48745104D+01   -.13675758D+01   -.43067044D+01
========================================================================
 ParseGeometry        :: Allocs=14,  DeAllocs=14, 0 bytes are presently allocated.
                         A max of 7968 bytes were allocated.
 Base(1)%BName   = STO-6G
 Opening BasFile = /home/mchalla/MONDOf/BasisSets/STO-6G.bas
 ParseBaseSets        :: Allocs=61,  DeAllocs=60, 480 bytes are presently allocated.
                         A max of 25480 bytes were allocated.
 Current HDF file :: /scratch/mchalla/c60_NT4_5D-5_24806.hdf

 PROGRAM OF CALCULATIONS:

  A restricted Roothaan-Hall solution of the SCF using
  a tight accuracy level, STO-6G and the PBEx/PBEc model.
 

 Accuracy level 3 for the STO-6G basis set:
  TrixNeglect = 0.10D-05, CubeNeglect = 0.10D-06,
  TwoENeglect = 0.10D-09, DistNeglect = 0.10D-11
 MaxAtms = 61, MaxBlks = 3601, MaxNon0 = 90001, BndWdth = 60
<<Entering MakeS 08/25/02 @ 21:14:14>>
 MakeS                :: S CheckSum  = 0.2079758492972368D+02
 MakeS                :: CPU Sec = 0.21D+01, WALL Sec = 0.21D+01
 MakeS                :: Allocs=37,  DeAllocs=36, 24 bytes are presently allocated.
                         A max of 1514328 bytes were allocated.
>-Exiting MakeS 08/25/02 @ 21:14:16-<
<<Entering BlokAInv 08/25/02 @ 21:14:16>>
 BlokAInv             :: CPU (Sec,MFLOPS) = (0.13D+00, 156),
                         WALL(Sec,MFLOPS) = (0.13D+00, 156)
 BlokAInv             :: Max(Z^t.A.Z-I)=0.67D-06, TrixThrsh=0.10D-05
 BlokAInv             :: Z CheckSum  = 0.2334035849474413D+02
 BlokAInv             :: CPU (Sec,MFLOPS) = (0.40D+00, 188),
                         WALL(Sec,MFLOPS) = (0.40D+00, 188)
 BlokAInv             :: Allocs=75,  DeAllocs=41, 2255484 bytes are presently allocated.
                         A max of 3754336 bytes were allocated.
>-Exiting BlokAInv 08/25/02 @ 21:14:16-<
<<Entering MakeT 08/25/02 @ 21:14:16>>
 MakeT                :: T CheckSum  = 0.1263168604614581D+03
 MakeT                :: CPU Sec = 0.22D+01, WALL Sec = 0.22D+01
 MakeT                :: Allocs=33,  DeAllocs=32, 24 bytes are presently allocated.
                         A max of 1508752 bytes were allocated.
>-Exiting MakeT 08/25/02 @ 21:14:19-<
<<Entering P2Use 08/25/02 @ 21:14:19>>
 P2Use                :: P[0] CheckSum  = 0.1279006156321167D+02
 P2Use                :: CPU Sec = 0.40D-01, WALL Sec = 0.40D-01
 P2Use                :: Allocs=53,  DeAllocs=44, 749804 bytes are presently allocated.
                         A max of 3005540 bytes were allocated.
>-Exiting P2Use 08/25/02 @ 21:14:19-<
<<Entering MakeRho 08/25/02 @ 21:14:19>>
 MakeRho : Pruned Rho :: dNel = -.57D-12, kept 100% of distributions.
 MakeRho : Moments    :: <r> = (-.30D-13, -.27D-14, 0.36D-14), <r^2> = 0.32D+03
 MakeRho              :: Rho CheckSum  = 0.3458428081811825D+04
 MakeRho              :: CPU Sec = 0.73D+00, WALL Sec = 0.73D+00
 MakeRho              :: Allocs=64,  DeAllocs=59, 728 bytes are presently allocated.
                         A max of 1108916 bytes were allocated.
>-Exiting MakeRho 08/25/02 @ 21:14:20-<
<<Entering QCTC 08/25/02 @ 21:14:20>>
 QCTC                 :: J[0] CheckSum  = 0.1848595439169059D+03
 QCTC                 :: CPU Sec = 0.51D+03, WALL Sec = 0.51D+03
 QCTC                 :: Allocs=43553,  DeAllocs=50, 7050224 bytes are presently allocated.
                         A max of 8556744 bytes were allocated.
>-Exiting QCTC 08/25/02 @ 21:22:46-<
<<Entering HiCu 08/25/02 @ 21:22:46>>
 HiCu.GridGen         :: Tau = 0.10D-01, <Rho> = 0.18029765D+03, <Exc> = -.33023509D+03, Pts/Atom = 1442
 HiCu.GridGen         :: Tau = 0.10D-02, <Rho> = 0.18004673D+03, <Exc> = -.32938016D+03, Pts/Atom = 3070
 HiCu.GridGen         :: Tau = 0.10D-03, <Rho> = 0.18000305D+03, <Exc> = -.32921852D+03, Pts/Atom = 5866
 HiCu.GridGen         :: Tau = 0.10D-04, <Rho> = 0.18000076D+03, <Exc> = -.32920819D+03, Pts/Atom = 10476
 HiCu.GridGen         :: Tau = 0.10D-05, <Rho> = 0.18000008D+03, <Exc> = -.32920785D+03, Pts/Atom = 19908
 HiCu.GridGen         :: Tau = 0.10D-06, <Rho> = 0.18000001D+03, <Exc> = -.32920817D+03, Pts/Atom = 37352
 HiCu.GridGen         :: TauRel = 0.10D-06, RhoErr = 0.47D-07, <Exc> = -.32920817D+03
 HiCu.GridGen         :: CPU Sec = 0.78D+03, WALL Sec = 0.78D+03
 HiCu.MakeKxc         :: WALL (Sec) = 0.64D+04
 HiCu                 :: Kxc[0] CheckSum  = 0.2133185135966743D+02
 HiCu                 :: WALL (Sec) = 0.72D+04
 HiCu                 :: Allocs=392882,  DeAllocs=192146, 161691128 bytes are presently allocated.
                         A max of 163197552 bytes were allocated.
>-Exiting HiCu 08/25/02 @ 23:22:20-<
<<Entering FockNGrueven 08/25/02 @ 23:22:20>>
 FockNGrueven         :: F[0] CheckSum  = 0.8350696713421978D+02
 FockNGrueven         :: OrthoF[0] CheckSum  = 0.7595568899532943D+02
 FockNGrueven         :: CPU (Sec,MFLOPS) = (0.35D+00, 157),
                         WALL(Sec,MFLOPS) = (0.47D+00, 117)
 FockNGrueven         :: Allocs=37,  DeAllocs=33, 380468 bytes are presently allocated.
                         A max of 2847168 bytes were allocated.
>-Exiting FockNGrueven 08/25/02 @ 23:22:20-<
<<Entering NT4 08/25/02 @ 23:22:20>>
 NT4                  :: Trix = 0.50D-04
 NT4 : Pure 1         :: dE=0.10D+01, dP=0.42D+00, ThrX=0.50D-04, %Non0=52
 NT4 : Pure 2         :: dE=0.63D-01, dP=0.21D+00, ThrX=0.50D-04, %Non0=49
 NT4 : Pure 3         :: dE=0.95D-02, dP=0.47D-01, ThrX=0.50D-04, %Non0=50
 NT4 : Pure 4         :: dE=0.81D-02, dP=0.64D-01, ThrX=0.50D-04, %Non0=55
 NT4 : Pure 5         :: dE=0.11D-01, dP=0.88D-01, ThrX=0.50D-04, %Non0=60
 NT4 : Pure 6         :: dE=0.13D-01, dP=0.11D+00, ThrX=0.50D-04, %Non0=65
 NT4 : Pure 7         :: dE=0.13D-01, dP=0.11D+00, ThrX=0.50D-04, %Non0=76
 NT4 : Pure 8         :: dE=0.97D-02, dP=0.82D-01, ThrX=0.50D-04, %Non0=87
 NT4 : Pure 9         :: dE=0.50D-02, dP=0.54D-01, ThrX=0.50D-04, %Non0=99
 NT4 : Pure 10        :: dE=0.23D-02, dP=0.49D-01, ThrX=0.50D-04, %Non0=100
 NT4 : Pure 11        :: dE=0.10D-02, dP=0.34D-01, ThrX=0.50D-04, %Non0=100
 NT4 : Pure 12        :: dE=0.38D-03, dP=0.23D-01, ThrX=0.50D-04, %Non0=100
 NT4 : Pure 13        :: dE=0.13D-03, dP=0.15D-01, ThrX=0.50D-04, %Non0=100
 NT4 : Pure 14        :: dE=0.49D-04, dP=0.82D-02, ThrX=0.50D-04, %Non0=100
 NT4 : Pure 15        :: dE=0.15D-04, dP=0.29D-02, ThrX=0.50D-04, %Non0=100
 NT4 : Pure 16        :: dE=0.14D-05, dP=0.28D-03, ThrX=0.50D-04, %Non0=100
 NT4 : Pure 17        :: dE=0.11D-07, dP=0.23D-05, ThrX=0.50D-04, %Non0=100
 NT4 : Pure 18        :: dE=0.70D-12, dP=0.14D-09, ThrX=0.50D-04, %Non0=100
 NT4 : Met dE/dP goals:: Tr{FP}=-.6342311761825582D+03, dNel = 0.57D-13
 NT4                  :: 18 purification steps, 38 matrix multiplies
 NT4                  :: Fractional occupation = 0.60D+00, %Non0s = 100
 NT4 : Max abs errors :: dE=0.44D-09, dP=0.14D-09, [F,P]=0.95D-03
 NT4                  :: Rel dE=0.70D-12, ||dP||_F=0.38D-08, ||[F,P]||_F=0.94D-02
 NT4                  :: OrthoP[1] CheckSum  = 0.1341640804642336D+02
 NT4                  :: P[1] CheckSum  = 0.1147232228828562D+02
 NT4                  :: CPU (Sec,MFLOPS) = (0.86D+01, 189),
                         WALL(Sec,MFLOPS) = (0.86D+01, 189)
 NT4                  :: Allocs=256,  DeAllocs=252, 749060 bytes are presently allocated.
                         A max of 4495092 bytes were allocated.
>-Exiting NT4 08/25/02 @ 23:22:29-<
<<Entering SCFStatus 08/25/02 @ 23:22:29>>
 
= = = = = SCFCycle #0, Basis #1, Geometry #1 = = = = =

       MaxDelD = 0.68D+00
       <T>     = 0.23203716D+04
       <V>     = -.42764692D+04
       <DFT>   = -.32920817D+03
       <SCF>   = -2285.30576345

 SCFStatus            :: CPU (Sec,MFLOPS) = (0.50D-01, 3),
                         WALL(Sec,MFLOPS) = (0.50D-01, 3)
 SCFStatus            :: Allocs=16,  DeAllocs=16, 0 bytes are presently allocated.
                         A max of 2247900 bytes were allocated.
>-Exiting SCFStatus 08/25/02 @ 23:22:29-<
<<Entering MakeRho 08/25/02 @ 23:22:29>>
 MakeRho : Pruned Rho :: dNel = -.19D-07, kept 22% of distributions.
 MakeRho : Moments    :: <r> = (-.30D-02, -.34D-02, 0.10D-02), <r^2> = 0.34D+03
 MakeRho              :: Rho CheckSum  = 0.3306887654927235D+04
 MakeRho              :: CPU Sec = 0.31D+02, WALL Sec = 0.31D+02
 MakeRho              :: Allocs=64,  DeAllocs=59, 728 bytes are presently allocated.
                         A max of 41963108 bytes were allocated.
>-Exiting MakeRho 08/25/02 @ 23:23:00-<
<<Entering QCTC 08/25/02 @ 23:23:01>>
 QCTC                 :: J[1] CheckSum  = 0.1862164928130331D+03
 QCTC                 :: CPU Sec = 0.17D+04, WALL Sec = 0.60D+04
 QCTC                 :: Allocs=577433,  DeAllocs=50, 97520336 bytes are presently allocated.
                         A max of 110738120 bytes were allocated.
>-Exiting QCTC 08/26/02 @ 01:02:46-<
<<Entering HiCu 08/26/02 @ 01:02:46>>
 HiCu.GridGen         :: Tau = 0.10D-01, <Rho> = 0.17992168D+03, <Exc> = -.32390717D+03, Pts/Atom = 1353
 HiCu.GridGen         :: Tau = 0.10D-02, <Rho> = 0.18003741D+03, <Exc> = -.32477754D+03, Pts/Atom = 2902
 HiCu.GridGen         :: Tau = 0.10D-03, <Rho> = 0.17999898D+03, <Exc> = -.32469030D+03, Pts/Atom = 5516
 HiCu.GridGen         :: Tau = 0.10D-04, <Rho> = 0.17999961D+03, <Exc> = -.32469762D+03, Pts/Atom = 10313
 HiCu.GridGen         :: Tau = 0.10D-05, <Rho> = 0.18000008D+03, <Exc> = -.32469899D+03, Pts/Atom = 19700
 HiCu.GridGen         :: Tau = 0.10D-06, <Rho> = 0.18000002D+03, <Exc> = -.32469929D+03, Pts/Atom = 36992
 HiCu.GridGen         :: TauRel = 0.10D-06, RhoErr = 0.14D-06, <Exc> = -.32469929D+03
 HiCu.GridGen         :: CPU Sec = 0.11D+04, WALL Sec = 0.97D+04
 HiCu.MakeKxc         :: WALL (Sec) = 0.63D+04
 HiCu                 :: Kxc[1] CheckSum  = 0.2125998928626931D+02
 HiCu                 :: WALL (Sec) = 0.16D+05
 HiCu                 :: Allocs=495962,  DeAllocs=190298, 166088912 bytes are presently allocated.
                         A max of 167595336 bytes were allocated.
>-Exiting HiCu 08/26/02 @ 05:30:08-<
<<Entering FockNGrueven 08/26/02 @ 05:30:08>>
 FockNGrueven         :: F[1] CheckSum  = 0.8481213987929134D+02
 FockNGrueven         :: OrthoF[1] CheckSum  = 0.7709383476921694D+02
 FockNGrueven         :: CPU (Sec,MFLOPS) = (0.34D+00, 162),
                         WALL(Sec,MFLOPS) = (0.34D+00, 162)
 FockNGrueven         :: Allocs=37,  DeAllocs=33, 380468 bytes are presently allocated.
                         A max of 2847168 bytes were allocated.
>-Exiting FockNGrueven 08/26/02 @ 05:30:08-<
<<Entering DIIS 08/26/02 @ 05:30:09>>
 DIIS : Damping       :: Co = 0.80D+00, 0.20D+00
 DIIS                 :: F_DIIS[1] CheckSum  = 0.7618262537008111D+02
 DIIS                 :: CPU (Sec,MFLOPS) = (0.59D+00, 183),
                         WALL(Sec,MFLOPS) = (0.59D+00, 183)
 DIIS                 :: Allocs=34,  DeAllocs=30, 144 bytes are presently allocated.
                         A max of 3026148 bytes were allocated.
>-Exiting DIIS 08/26/02 @ 05:30:09-<
<<Entering NT4 08/26/02 @ 05:30:09>>
 NT4                  :: Trix = 0.50D-04
 NT4 : Pure 1         :: dE=0.10D+01, dP=0.42D+00, ThrX=0.50D-04, %Non0=52
 NT4 : Pure 2         :: dE=0.63D-01, dP=0.21D+00, ThrX=0.50D-04, %Non0=49
 NT4 : Pure 3         :: dE=0.94D-02, dP=0.46D-01, ThrX=0.50D-04, %Non0=50
 NT4 : Pure 4         :: dE=0.80D-02, dP=0.64D-01, ThrX=0.50D-04, %Non0=55
 NT4 : Pure 5         :: dE=0.11D-01, dP=0.88D-01, ThrX=0.50D-04, %Non0=60
 NT4 : Pure 6         :: dE=0.13D-01, dP=0.11D+00, ThrX=0.50D-04, %Non0=65
 NT4 : Pure 7         :: dE=0.13D-01, dP=0.11D+00, ThrX=0.50D-04, %Non0=76
 NT4 : Pure 8         :: dE=0.97D-02, dP=0.82D-01, ThrX=0.50D-04, %Non0=87
 NT4 : Pure 9         :: dE=0.50D-02, dP=0.54D-01, ThrX=0.50D-04, %Non0=99
 NT4 : Pure 10        :: dE=0.23D-02, dP=0.49D-01, ThrX=0.50D-04, %Non0=100
 NT4 : Pure 11        :: dE=0.10D-02, dP=0.34D-01, ThrX=0.50D-04, %Non0=100
 NT4 : Pure 12        :: dE=0.38D-03, dP=0.23D-01, ThrX=0.50D-04, %Non0=100
 NT4 : Pure 13        :: dE=0.13D-03, dP=0.15D-01, ThrX=0.50D-04, %Non0=100
 NT4 : Pure 14        :: dE=0.49D-04, dP=0.83D-02, ThrX=0.50D-04, %Non0=100
 NT4 : Pure 15        :: dE=0.15D-04, dP=0.29D-02, ThrX=0.50D-04, %Non0=100
 NT4 : Pure 16        :: dE=0.14D-05, dP=0.29D-03, ThrX=0.50D-04, %Non0=100
 NT4 : Pure 17        :: dE=0.11D-07, dP=0.23D-05, ThrX=0.50D-04, %Non0=100
 NT4 : Pure 18        :: dE=0.71D-12, dP=0.15D-09, ThrX=0.50D-04, %Non0=100
 NT4 : Met dE/dP goals:: Tr{FP}=-.6371154414572208D+03, dNel = 0.57D-13
 NT4                  :: 18 purification steps, 38 matrix multiplies
 NT4                  :: Fractional occupation = 0.60D+00, %Non0s = 100
 NT4 : Max abs errors :: dE=0.45D-09, dP=0.15D-09, [F,P]=0.95D-03
 NT4                  :: Rel dE=0.71D-12, ||dP||_F=0.39D-08, ||[F,P]||_F=0.94D-02
 NT4                  :: OrthoP[2] CheckSum  = 0.1341640805658679D+02
 NT4                  :: P[2] CheckSum  = 0.1147396142209988D+02
 NT4                  :: CPU (Sec,MFLOPS) = (0.86D+01, 190),
                         WALL(Sec,MFLOPS) = (0.86D+01, 189)
 NT4                  :: Allocs=256,  DeAllocs=252, 749060 bytes are presently allocated.
                         A max of 4495092 bytes were allocated.
>-Exiting NT4 08/26/02 @ 05:30:18-<
<<Entering SCFStatus 08/26/02 @ 05:30:18>>
 
= = = = = SCFCycle #1, Basis #1, Geometry #1 = = = = =

       DIISErr = 0.52D-03
       MaxDelD = 0.25D-02
       <T>     = 0.22586646D+04
       <V>     = -.42120740D+04
       <DFT>   = -.32469929D+03
       <SCF>   = -2278.10870849

 SCFStatus            :: CPU (Sec,MFLOPS) = (0.80D-01, 8),
                         WALL(Sec,MFLOPS) = (0.80D-01, 8)
 SCFStatus            :: Allocs=16,  DeAllocs=16, 0 bytes are presently allocated.
                         A max of 2247900 bytes were allocated.
>-Exiting SCFStatus 08/26/02 @ 05:30:18-<
<<Entering MakeRho 08/26/02 @ 05:30:18>>
 MakeRho : Pruned Rho :: dNel = -.20D-07, kept 22% of distributions.
 MakeRho : Moments    :: <r> = (-.12D-02, -.12D-02, 0.62D-03), <r^2> = 0.34D+03
 MakeRho              :: Rho CheckSum  = 0.3307405862320516D+04
 MakeRho              :: CPU Sec = 0.31D+02, WALL Sec = 0.31D+02
 MakeRho              :: Allocs=64,  DeAllocs=59, 728 bytes are presently allocated.
                         A max of 41955740 bytes were allocated.
>-Exiting MakeRho 08/26/02 @ 05:30:49-<
<<Entering QCTC 08/26/02 @ 05:30:49>>
 QCTC                 :: J[2] CheckSum  = 0.1861888896752015D+03
 QCTC                 :: CPU Sec = 0.17D+04, WALL Sec = 0.60D+04
 QCTC                 :: Allocs=576548,  DeAllocs=50, 97383824 bytes are presently allocated.
                         A max of 110587868 bytes were allocated.
>-Exiting QCTC 08/26/02 @ 07:10:17-<
<<Entering HiCu 08/26/02 @ 07:10:18>>
 HiCu.GridGen         :: Tau = 0.10D-01, <Rho> = 0.17992179D+03, <Exc> = -.32393400D+03, Pts/Atom = 1353
 HiCu.GridGen         :: Tau = 0.10D-02, <Rho> = 0.18003736D+03, <Exc> = -.32480376D+03, Pts/Atom = 2902
 HiCu.GridGen         :: Tau = 0.10D-03, <Rho> = 0.17999897D+03, <Exc> = -.32471667D+03, Pts/Atom = 5516
 HiCu.GridGen         :: Tau = 0.10D-04, <Rho> = 0.17999961D+03, <Exc> = -.32472407D+03, Pts/Atom = 10313
 HiCu.GridGen         :: Tau = 0.10D-05, <Rho> = 0.18000008D+03, <Exc> = -.32472543D+03, Pts/Atom = 19714
 HiCu.GridGen         :: Tau = 0.10D-06, <Rho> = 0.18000002D+03, <Exc> = -.32472573D+03, Pts/Atom = 36976
 HiCu.GridGen         :: TauRel = 0.10D-06, RhoErr = 0.14D-06, <Exc> = -.32472573D+03
 HiCu.GridGen         :: CPU Sec = 0.11D+04, WALL Sec = 0.97D+04
 HiCu.MakeKxc         :: WALL (Sec) = 0.63D+04
 HiCu                 :: Kxc[2] CheckSum  = 0.2126056608247115D+02
 HiCu                 :: WALL (Sec) = 0.16D+05
 HiCu                 :: Allocs=495623,  DeAllocs=190217, 166017752 bytes are presently allocated.
                         A max of 167524176 bytes were allocated.
>-Exiting HiCu 08/26/02 @ 11:37:19-<
<<Entering FockNGrueven 08/26/02 @ 11:37:19>>
 FockNGrueven         :: F[2] CheckSum  = 0.8478181153751783D+02
 FockNGrueven         :: OrthoF[2] CheckSum  = 0.7707240208641358D+02
 FockNGrueven         :: CPU (Sec,MFLOPS) = (0.34D+00, 162),
                         WALL(Sec,MFLOPS) = (0.34D+00, 162)
 FockNGrueven         :: Allocs=37,  DeAllocs=33, 380468 bytes are presently allocated.
                         A max of 2847168 bytes were allocated.
>-Exiting FockNGrueven 08/26/02 @ 11:37:19-<
<<Entering DIIS 08/26/02 @ 11:37:19>>
 DIIS                 :: Cond# = 0.22D+04, MIN(E) = 0.66D-03
 DIIS : Pulay C1      :: DIISCo = -.32D+01, 0.42D+01
 DIIS                 :: F_DIIS[2] CheckSum  = 0.7700488990554223D+02
 DIIS                 :: CPU (Sec,MFLOPS) = (0.62D+00, 175),
                         WALL(Sec,MFLOPS) = (0.63D+00, 172)
 DIIS                 :: Allocs=45,  DeAllocs=40, 216 bytes are presently allocated.
                         A max of 3026148 bytes were allocated.
>-Exiting DIIS 08/26/02 @ 11:37:20-<
<<Entering NT4 08/26/02 @ 11:37:20>>
 NT4                  :: Trix = 0.50D-04
 NT4 : Pure 1         :: dE=0.10D+01, dP=0.42D+00, ThrX=0.50D-04, %Non0=52
 NT4 : Pure 2         :: dE=0.64D-01, dP=0.22D+00, ThrX=0.50D-04, %Non0=49
 NT4 : Pure 3         :: dE=0.89D-02, dP=0.46D-01, ThrX=0.50D-04, %Non0=50
 NT4 : Pure 4         :: dE=0.78D-02, dP=0.64D-01, ThrX=0.50D-04, %Non0=55
 NT4 : Pure 5         :: dE=0.11D-01, dP=0.88D-01, ThrX=0.50D-04, %Non0=60
 NT4 : Pure 6         :: dE=0.13D-01, dP=0.11D+00, ThrX=0.50D-04, %Non0=65
 NT4 : Pure 7         :: dE=0.13D-01, dP=0.11D+00, ThrX=0.50D-04, %Non0=76
 NT4 : Pure 8         :: dE=0.95D-02, dP=0.83D-01, ThrX=0.50D-04, %Non0=87
 NT4 : Pure 9         :: dE=0.49D-02, dP=0.54D-01, ThrX=0.50D-04, %Non0=99
 NT4 : Pure 10        :: dE=0.22D-02, dP=0.49D-01, ThrX=0.50D-04, %Non0=100
 NT4 : Pure 11        :: dE=0.99D-03, dP=0.34D-01, ThrX=0.50D-04, %Non0=100
 NT4 : Pure 12        :: dE=0.37D-03, dP=0.23D-01, ThrX=0.50D-04, %Non0=100
 NT4 : Pure 13        :: dE=0.13D-03, dP=0.15D-01, ThrX=0.50D-04, %Non0=100
 NT4 : Pure 14        :: dE=0.49D-04, dP=0.84D-02, ThrX=0.50D-04, %Non0=100
 NT4 : Pure 15        :: dE=0.15D-04, dP=0.31D-02, ThrX=0.50D-04, %Non0=100
 NT4 : Pure 16        :: dE=0.15D-05, dP=0.31D-03, ThrX=0.50D-04, %Non0=100
 NT4 : Pure 17        :: dE=0.13D-07, dP=0.28D-05, ThrX=0.50D-04, %Non0=100
 NT4 : Pure 18        :: dE=0.98D-12, dP=0.21D-09, ThrX=0.50D-04, %Non0=100
 NT4 : Met dE/dP goals:: Tr{FP}=-.6468197049227405D+03, dNel = 0.17D-12
 NT4                  :: 18 purification steps, 38 matrix multiplies
 NT4                  :: Fractional occupation = 0.60D+00, %Non0s = 100
 NT4 : Max abs errors :: dE=0.64D-09, dP=0.21D-09, [F,P]=0.97D-03
 NT4                  :: Rel dE=0.98D-12, ||dP||_F=0.56D-08, ||[F,P]||_F=0.96D-02
 NT4                  :: OrthoP[3] CheckSum  = 0.1341640806799578D+02
 NT4                  :: P[3] CheckSum  = 0.1147911702215698D+02
 NT4                  :: CPU (Sec,MFLOPS) = (0.86D+01, 189),
                         WALL(Sec,MFLOPS) = (0.86D+01, 189)
 NT4                  :: Allocs=257,  DeAllocs=253, 749060 bytes are presently allocated.
                         A max of 4495092 bytes were allocated.
>-Exiting NT4 08/26/02 @ 11:37:29-<
<<Entering SCFStatus 08/26/02 @ 11:37:29>>
 
= = = = = SCFCycle #2, Basis #1, Geometry #1 = = = = =

       DIISErr = 0.40D-03
       MaxDelD = 0.45D-02
       <T>     = 0.22589764D+04
       <V>     = -.42123631D+04
       <DFT>   = -.32472573D+03
       <SCF>   = -2278.11250465

 SCFStatus            :: CPU (Sec,MFLOPS) = (0.70D-01, 9),
                         WALL(Sec,MFLOPS) = (0.70D-01, 9)
 SCFStatus            :: Allocs=16,  DeAllocs=16, 0 bytes are presently allocated.
                         A max of 2247900 bytes were allocated.
>-Exiting SCFStatus 08/26/02 @ 11:37:29-<
<<Entering MakeRho 08/26/02 @ 11:37:29>>
 MakeRho : Pruned Rho :: dNel = -.20D-07, kept 22% of distributions.
 MakeRho : Moments    :: <r> = (-.19D-01, -.23D-01, 0.33D-02), <r^2> = 0.34D+03
 MakeRho              :: Rho CheckSum  = 0.3309614206270581D+04
 MakeRho              :: CPU Sec = 0.31D+02, WALL Sec = 0.31D+02
 MakeRho              :: Allocs=64,  DeAllocs=59, 728 bytes are presently allocated.
                         A max of 41955476 bytes were allocated.
>-Exiting MakeRho 08/26/02 @ 11:38:00-<
<<Entering QCTC 08/26/02 @ 11:38:00>>
 QCTC                 :: J[3] CheckSum  = 0.1861428802835577D+03
 QCTC                 :: CPU Sec = 0.17D+04, WALL Sec = 0.60D+04
 QCTC                 :: Allocs=576473,  DeAllocs=50, 97372976 bytes are presently allocated.
                         A max of 110576216 bytes were allocated.
>-Exiting QCTC 08/26/02 @ 13:17:37-<
<<Entering HiCu 08/26/02 @ 13:17:37>>
 HiCu.GridGen         :: Tau = 0.10D-01, <Rho> = 0.17992184D+03, <Exc> = -.32401697D+03, Pts/Atom = 1353
 HiCu.GridGen         :: Tau = 0.10D-02, <Rho> = 0.18003741D+03, <Exc> = -.32488755D+03, Pts/Atom = 2902
 HiCu.GridGen         :: Tau = 0.10D-03, <Rho> = 0.17999897D+03, <Exc> = -.32479960D+03, Pts/Atom = 5518
 HiCu.GridGen         :: Tau = 0.10D-04, <Rho> = 0.17999958D+03, <Exc> = -.32480679D+03, Pts/Atom = 10314
 HiCu.GridGen         :: Tau = 0.10D-05, <Rho> = 0.18000008D+03, <Exc> = -.32480834D+03, Pts/Atom = 19731
 HiCu.GridGen         :: Tau = 0.10D-06, <Rho> = 0.18000002D+03, <Exc> = -.32480865D+03, Pts/Atom = 36937
 HiCu.GridGen         :: TauRel = 0.10D-06, RhoErr = 0.14D-06, <Exc> = -.32480865D+03
 HiCu.GridGen         :: CPU Sec = 0.11D+04, WALL Sec = 0.97D+04
 HiCu.MakeKxc         :: WALL (Sec) = 0.63D+04
 HiCu                 :: Kxc[3] CheckSum  = 0.2126204126630202D+02
 HiCu                 :: WALL (Sec) = 0.16D+05
 HiCu                 :: Allocs=495206,  DeAllocs=190016, 165849008 bytes are presently allocated.
                         A max of 167355432 bytes were allocated.
>-Exiting HiCu 08/26/02 @ 17:44:33-<
<<Entering FockNGrueven 08/26/02 @ 17:44:33>>
 FockNGrueven         :: F[3] CheckSum  = 0.8473310345604783D+02
 FockNGrueven         :: OrthoF[3] CheckSum  = 0.7703618610907044D+02
 FockNGrueven         :: CPU (Sec,MFLOPS) = (0.34D+00, 162),
                         WALL(Sec,MFLOPS) = (0.34D+00, 162)
 FockNGrueven         :: Allocs=37,  DeAllocs=33, 380468 bytes are presently allocated.
                         A max of 2847168 bytes were allocated.
>-Exiting FockNGrueven 08/26/02 @ 17:44:33-<
<<Entering DIIS 08/26/02 @ 17:44:33>>
 DIIS                 :: Cond# = 0.23D+05, MIN(E) = 0.77D-04
 DIIS : Pulay C1      :: DIISCo = -.11D+01, 0.14D+01, 0.72D+00
 DIIS                 :: F_DIIS[3] CheckSum  = 0.7702343668839293D+02
 DIIS                 :: CPU (Sec,MFLOPS) = (0.70D+00, 156),
                         WALL(Sec,MFLOPS) = (0.70D+00, 156)
 DIIS                 :: Allocs=49,  DeAllocs=44, 272 bytes are presently allocated.
                         A max of 3026148 bytes were allocated.
>-Exiting DIIS 08/26/02 @ 17:44:34-<
<<Entering NT4 08/26/02 @ 17:44:34>>
 NT4                  :: Trix = 0.50D-04
 NT4 : Pure 1         :: dE=0.10D+01, dP=0.42D+00, ThrX=0.50D-04, %Non0=52
 NT4 : Pure 2         :: dE=0.64D-01, dP=0.22D+00, ThrX=0.50D-04, %Non0=49
 NT4 : Pure 3         :: dE=0.89D-02, dP=0.46D-01, ThrX=0.50D-04, %Non0=50
 NT4 : Pure 4         :: dE=0.78D-02, dP=0.64D-01, ThrX=0.50D-04, %Non0=55
 NT4 : Pure 5         :: dE=0.11D-01, dP=0.88D-01, ThrX=0.50D-04, %Non0=60
 NT4 : Pure 6         :: dE=0.13D-01, dP=0.11D+00, ThrX=0.50D-04, %Non0=65
 NT4 : Pure 7         :: dE=0.13D-01, dP=0.11D+00, ThrX=0.50D-04, %Non0=76
 NT4 : Pure 8         :: dE=0.95D-02, dP=0.83D-01, ThrX=0.50D-04, %Non0=87
 NT4 : Pure 9         :: dE=0.49D-02, dP=0.54D-01, ThrX=0.50D-04, %Non0=99
 NT4 : Pure 10        :: dE=0.22D-02, dP=0.49D-01, ThrX=0.50D-04, %Non0=100
 NT4 : Pure 11        :: dE=0.99D-03, dP=0.34D-01, ThrX=0.50D-04, %Non0=100
 NT4 : Pure 12        :: dE=0.37D-03, dP=0.23D-01, ThrX=0.50D-04, %Non0=100
 NT4 : Pure 13        :: dE=0.13D-03, dP=0.15D-01, ThrX=0.50D-04, %Non0=100
 NT4 : Pure 14        :: dE=0.49D-04, dP=0.84D-02, ThrX=0.50D-04, %Non0=100
 NT4 : Pure 15        :: dE=0.15D-04, dP=0.30D-02, ThrX=0.50D-04, %Non0=100
 NT4 : Pure 16        :: dE=0.15D-05, dP=0.31D-03, ThrX=0.50D-04, %Non0=100
 NT4 : Pure 17        :: dE=0.13D-07, dP=0.27D-05, ThrX=0.50D-04, %Non0=100
 NT4 : Pure 18        :: dE=0.92D-12, dP=0.20D-09, ThrX=0.50D-04, %Non0=100
 NT4 : Met dE/dP goals:: Tr{FP}=-.6472569320889097D+03, dNel = 0.57D-13
 NT4                  :: 18 purification steps, 38 matrix multiplies
 NT4                  :: Fractional occupation = 0.60D+00, %Non0s = 100
 NT4 : Max abs errors :: dE=0.59D-09, dP=0.20D-09, [F,P]=0.96D-03
 NT4                  :: Rel dE=0.92D-12, ||dP||_F=0.52D-08, ||[F,P]||_F=0.96D-02
 NT4                  :: OrthoP[4] CheckSum  = 0.1341640807324574D+02
 NT4                  :: P[4] CheckSum  = 0.1147952381728660D+02
 NT4                  :: CPU (Sec,MFLOPS) = (0.86D+01, 190),
                         WALL(Sec,MFLOPS) = (0.86D+01, 189)
 NT4                  :: Allocs=256,  DeAllocs=252, 749060 bytes are presently allocated.
                         A max of 4495092 bytes were allocated.
>-Exiting NT4 08/26/02 @ 17:44:43-<
<<Entering SCFStatus 08/26/02 @ 17:44:43>>
 
= = = = = SCFCycle #3, Basis #1, Geometry #1 = = = = =

       DIISErr = 0.63D-04
       MaxDelD = 0.28D-02
       <T>     = 0.22601103D+04
       <V>     = -.42134178D+04
       <DFT>   = -.32480865D+03
       <SCF>   = -2278.11612419

 SCFStatus            :: CPU (Sec,MFLOPS) = (0.80D-01, 8),
                         WALL(Sec,MFLOPS) = (0.80D-01, 8)
 SCFStatus            :: Allocs=16,  DeAllocs=16, 0 bytes are presently allocated.
                         A max of 2247900 bytes were allocated.
>-Exiting SCFStatus 08/26/02 @ 17:44:43-<
<<Entering MakeRho 08/26/02 @ 17:44:43>>
 MakeRho : Pruned Rho :: dNel = -.21D-07, kept 22% of distributions.
 MakeRho : Moments    :: <r> = (0.37D-01, 0.45D-01, -.65D-02), <r^2> = 0.34D+03
 MakeRho              :: Rho CheckSum  = 0.3309570281743941D+04
 MakeRho              :: CPU Sec = 0.31D+02, WALL Sec = 0.31D+02
 MakeRho              :: Allocs=64,  DeAllocs=59, 728 bytes are presently allocated.
                         A max of 41935964 bytes were allocated.
>-Exiting MakeRho 08/26/02 @ 17:45:14-<
<<Entering QCTC 08/26/02 @ 17:45:14>>
 QCTC                 :: J[4] CheckSum  = 0.1861263651350090D+03
 QCTC                 :: CPU Sec = 0.17D+04, WALL Sec = 0.60D+04
 QCTC                 :: Allocs=574658,  DeAllocs=50, 97084208 bytes are presently allocated.
                         A max of 110254868 bytes were allocated.
>-Exiting QCTC 08/26/02 @ 19:25:01-<
<<Entering HiCu 08/26/02 @ 19:25:01>>
 HiCu.GridGen         :: Tau = 0.10D-01, <Rho> = 0.17992204D+03, <Exc> = -.32402290D+03, Pts/Atom = 1353
 HiCu.GridGen         :: Tau = 0.10D-02, <Rho> = 0.18003750D+03, <Exc> = -.32489358D+03, Pts/Atom = 2902
 HiCu.GridGen         :: Tau = 0.10D-03, <Rho> = 0.17999898D+03, <Exc> = -.32480465D+03, Pts/Atom = 5517
 HiCu.GridGen         :: Tau = 0.10D-04, <Rho> = 0.17999958D+03, <Exc> = -.32481189D+03, Pts/Atom = 10319
 HiCu.GridGen         :: Tau = 0.10D-05, <Rho> = 0.18000008D+03, <Exc> = -.32481346D+03, Pts/Atom = 19730
 HiCu.GridGen         :: Tau = 0.10D-06, <Rho> = 0.18000002D+03, <Exc> = -.32481376D+03, Pts/Atom = 36946
 HiCu.GridGen         :: TauRel = 0.10D-06, RhoErr = 0.14D-06, <Exc> = -.32481376D+03
 HiCu.GridGen         :: CPU Sec = 0.11D+04, WALL Sec = 0.97D+04
 HiCu.MakeKxc         :: WALL (Sec) = 0.63D+04
 HiCu                 :: Kxc[4] CheckSum  = 0.2126223777046062D+02
 HiCu                 :: WALL (Sec) = 0.16D+05
 HiCu                 :: Allocs=494927,  DeAllocs=190058, 165873488 bytes are presently allocated.
                         A max of 167379912 bytes were allocated.
>-Exiting HiCu 08/26/02 @ 23:53:06-<
<<Entering FockNGrueven 08/26/02 @ 23:53:07>>
 FockNGrueven         :: F[4] CheckSum  = 0.8471446964090930D+02
 FockNGrueven         :: OrthoF[4] CheckSum  = 0.7702351877793683D+02
 FockNGrueven         :: CPU (Sec,MFLOPS) = (0.34D+00, 162),
                         WALL(Sec,MFLOPS) = (0.34D+00, 162)
 FockNGrueven         :: Allocs=37,  DeAllocs=33, 380468 bytes are presently allocated.
                         A max of 2847168 bytes were allocated.
>-Exiting FockNGrueven 08/26/02 @ 23:53:07-<
<<Entering DIIS 08/26/02 @ 23:53:07>>
 DIIS                 :: Cond# = 0.11D+06, MIN(E) = 0.19D-04
 DIIS : Pulay C1      :: DIISCo = -.80D+00, 0.10D+01, 0.54D+00, 0.25D+00
 DIIS                 :: F_DIIS[4] CheckSum  = 0.7702355506094401D+02
 DIIS                 :: CPU (Sec,MFLOPS) = (0.77D+00, 143),
                         WALL(Sec,MFLOPS) = (0.78D+00, 141)
 DIIS                 :: Allocs=54,  DeAllocs=49, 344 bytes are presently allocated.
                         A max of 3026148 bytes were allocated.
>-Exiting DIIS 08/26/02 @ 23:53:08-<
<<Entering NT4 08/26/02 @ 23:53:08>>
 NT4                  :: Trix = 0.50D-04
 NT4 : Pure 1         :: dE=0.10D+01, dP=0.42D+00, ThrX=0.50D-04, %Non0=52
 NT4 : Pure 2         :: dE=0.64D-01, dP=0.22D+00, ThrX=0.50D-04, %Non0=49
 NT4 : Pure 3         :: dE=0.89D-02, dP=0.46D-01, ThrX=0.50D-04, %Non0=50
 NT4 : Pure 4         :: dE=0.78D-02, dP=0.64D-01, ThrX=0.50D-04, %Non0=55
 NT4 : Pure 5         :: dE=0.11D-01, dP=0.88D-01, ThrX=0.50D-04, %Non0=60
 NT4 : Pure 6         :: dE=0.13D-01, dP=0.11D+00, ThrX=0.50D-04, %Non0=65
 NT4 : Pure 7         :: dE=0.13D-01, dP=0.11D+00, ThrX=0.50D-04, %Non0=76
 NT4 : Pure 8         :: dE=0.95D-02, dP=0.83D-01, ThrX=0.50D-04, %Non0=87
 NT4 : Pure 9         :: dE=0.49D-02, dP=0.54D-01, ThrX=0.50D-04, %Non0=99
 NT4 : Pure 10        :: dE=0.22D-02, dP=0.49D-01, ThrX=0.50D-04, %Non0=100
 NT4 : Pure 11        :: dE=0.99D-03, dP=0.34D-01, ThrX=0.50D-04, %Non0=100
 NT4 : Pure 12        :: dE=0.37D-03, dP=0.23D-01, ThrX=0.50D-04, %Non0=100
 NT4 : Pure 13        :: dE=0.13D-03, dP=0.15D-01, ThrX=0.50D-04, %Non0=100
 NT4 : Pure 14        :: dE=0.49D-04, dP=0.84D-02, ThrX=0.50D-04, %Non0=100
 NT4 : Pure 15        :: dE=0.15D-04, dP=0.30D-02, ThrX=0.50D-04, %Non0=100
 NT4 : Pure 16        :: dE=0.15D-05, dP=0.31D-03, ThrX=0.50D-04, %Non0=100
 NT4 : Pure 17        :: dE=0.13D-07, dP=0.27D-05, ThrX=0.50D-04, %Non0=100
 NT4 : Pure 18        :: dE=0.92D-12, dP=0.20D-09, ThrX=0.50D-04, %Non0=100
 NT4 : Met dE/dP goals:: Tr{FP}=-.6472597407282239D+03, dNel = 0.00D+00
 NT4                  :: 18 purification steps, 38 matrix multiplies
 NT4                  :: Fractional occupation = 0.60D+00, %Non0s = 100
 NT4 : Max abs errors :: dE=0.59D-09, dP=0.20D-09, [F,P]=0.97D-03
 NT4                  :: Rel dE=0.92D-12, ||dP||_F=0.52D-08, ||[F,P]||_F=0.96D-02
 NT4                  :: OrthoP[5] CheckSum  = 0.1341640806810728D+02
 NT4                  :: P[5] CheckSum  = 0.1147952633523956D+02
 NT4                  :: CPU (Sec,MFLOPS) = (0.86D+01, 190),
                         WALL(Sec,MFLOPS) = (0.86D+01, 190)
 NT4                  :: Allocs=256,  DeAllocs=252, 749060 bytes are presently allocated.
                         A max of 4495092 bytes were allocated.
>-Exiting NT4 08/26/02 @ 23:53:16-<
<<Entering SCFStatus 08/26/02 @ 23:53:17>>
 
= = = = = SCFCycle #4, Basis #1, Geometry #1 = = = = =

       DIISErr = 0.41D-04
       MaxDelD = 0.14D-02
       <T>     = 0.22601280D+04
       <V>     = -.42134306D+04
       <DFT>   = -.32481376D+03
       <SCF>   = -2278.11634246

 SCFStatus            :: CPU (Sec,MFLOPS) = (0.80D-01, 8),
                         WALL(Sec,MFLOPS) = (0.80D-01, 8)
 SCFStatus            :: Allocs=16,  DeAllocs=16, 0 bytes are presently allocated.
                         A max of 2247900 bytes were allocated.
>-Exiting SCFStatus 08/26/02 @ 23:53:17-<
<<Entering MakeRho 08/26/02 @ 23:53:17>>
 MakeRho : Pruned Rho :: dNel = -.21D-07, kept 22% of distributions.
 MakeRho : Moments    :: <r> = (-.36D-02, -.43D-02, 0.92D-03), <r^2> = 0.34D+03
 MakeRho              :: Rho CheckSum  = 0.3309569925195512D+04
 MakeRho              :: CPU Sec = 0.31D+02, WALL Sec = 0.31D+02
 MakeRho              :: Allocs=64,  DeAllocs=59, 728 bytes are presently allocated.
                         A max of 41935308 bytes were allocated.
>-Exiting MakeRho 08/26/02 @ 23:53:48-<
<<Entering QCTC 08/26/02 @ 23:53:48>>
 QCTC                 :: J[5] CheckSum  = 0.1861262591135402D+03
 QCTC                 :: CPU Sec = 0.17D+04, WALL Sec = 0.60D+04
 QCTC                 :: Allocs=574608,  DeAllocs=50, 97076016 bytes are presently allocated.
                         A max of 110245660 bytes were allocated.
>-Exiting QCTC 08/27/02 @ 01:33:08-<
<<Entering HiCu 08/27/02 @ 01:33:08>>
 HiCu.GridGen         :: Tau = 0.10D-01, <Rho> = 0.17991753D+03, <Exc> = -.32398686D+03, Pts/Atom = 1353
 HiCu.GridGen         :: Tau = 0.10D-02, <Rho> = 0.18003204D+03, <Exc> = -.32489373D+03, Pts/Atom = 2898
 HiCu.GridGen         :: Tau = 0.10D-03, <Rho> = 0.17999841D+03, <Exc> = -.32480335D+03, Pts/Atom = 5520
 HiCu.GridGen         :: Tau = 0.10D-04, <Rho> = 0.17999952D+03, <Exc> = -.32481187D+03, Pts/Atom = 10324
 HiCu.GridGen         :: Tau = 0.10D-05, <Rho> = 0.18000008D+03, <Exc> = -.32481351D+03, Pts/Atom = 19737
 HiCu.GridGen         :: Tau = 0.10D-06, <Rho> = 0.18000002D+03, <Exc> = -.32481380D+03, Pts/Atom = 36964
 HiCu.GridGen         :: TauRel = 0.10D-06, RhoErr = 0.14D-06, <Exc> = -.32481380D+03
 HiCu.GridGen         :: CPU Sec = 0.11D+04, WALL Sec = 0.12D+05
 HiCu.MakeKxc         :: WALL (Sec) = 0.63D+04
 HiCu                 :: Kxc[5] CheckSum  = 0.2126223931644044D+02
 HiCu                 :: WALL (Sec) = 0.21D+05
 HiCu                 :: Allocs=495109,  DeAllocs=190154, 165953712 bytes are presently allocated.
                         A max of 167460136 bytes were allocated.
>-Exiting HiCu 08/27/02 @ 07:28:01-<
<<Entering FockNGrueven 08/27/02 @ 07:28:28>>
 FockNGrueven         :: F[5] CheckSum  = 0.8471434793475284D+02
 FockNGrueven         :: OrthoF[5] CheckSum  = 0.7702343524217233D+02
 FockNGrueven         :: CPU Sec = 0.34D+00, WALL Sec = 0.58D+03
 FockNGrueven         :: Allocs=37,  DeAllocs=33, 380468 bytes are presently allocated.
                         A max of 2847168 bytes were allocated.
>-Exiting FockNGrueven 08/27/02 @ 07:38:09-<
<<Entering DIIS 08/27/02 @ 07:38:09>>
 DIIS                 :: Cond# = 0.26D+07, MIN(E) = 0.86D-06
 DIIS : Pulay C1      :: DIISCo = -.51D+00, 0.64D+00, 0.34D+00,
                                  0.17D+00, 0.35D+00
 DIIS                 :: F_DIIS[5] CheckSum  = 0.7702350716696306D+02
 DIIS                 :: CPU Sec = 0.87D+00, WALL Sec = 0.21D+03
 DIIS                 :: Allocs=60,  DeAllocs=55, 432 bytes are presently allocated.
                         A max of 3026148 bytes were allocated.
>-Exiting DIIS 08/27/02 @ 07:41:35-<
<<Entering NT4 08/27/02 @ 07:41:40>>
 NT4                  :: Trix = 0.50D-04
 NT4 : Pure 1         :: dE=0.10D+01, dP=0.42D+00, ThrX=0.50D-04, %Non0=52
 NT4 : Pure 2         :: dE=0.64D-01, dP=0.22D+00, ThrX=0.50D-04, %Non0=49
 NT4 : Pure 3         :: dE=0.89D-02, dP=0.46D-01, ThrX=0.50D-04, %Non0=50
 NT4 : Pure 4         :: dE=0.78D-02, dP=0.64D-01, ThrX=0.50D-04, %Non0=55
 NT4 : Pure 5         :: dE=0.11D-01, dP=0.88D-01, ThrX=0.50D-04, %Non0=60
 NT4 : Pure 6         :: dE=0.13D-01, dP=0.11D+00, ThrX=0.50D-04, %Non0=65
 NT4 : Pure 7         :: dE=0.13D-01, dP=0.11D+00, ThrX=0.50D-04, %Non0=76
 NT4 : Pure 8         :: dE=0.95D-02, dP=0.83D-01, ThrX=0.50D-04, %Non0=87
 NT4 : Pure 9         :: dE=0.49D-02, dP=0.54D-01, ThrX=0.50D-04, %Non0=99
 NT4 : Pure 10        :: dE=0.22D-02, dP=0.49D-01, ThrX=0.50D-04, %Non0=100
 NT4 : Pure 11        :: dE=0.99D-03, dP=0.34D-01, ThrX=0.50D-04, %Non0=100
 NT4 : Pure 12        :: dE=0.37D-03, dP=0.23D-01, ThrX=0.50D-04, %Non0=100
 NT4 : Pure 13        :: dE=0.13D-03, dP=0.15D-01, ThrX=0.50D-04, %Non0=100
 NT4 : Pure 14        :: dE=0.49D-04, dP=0.84D-02, ThrX=0.50D-04, %Non0=100
 NT4 : Pure 15        :: dE=0.15D-04, dP=0.30D-02, ThrX=0.50D-04, %Non0=100
 NT4 : Pure 16        :: dE=0.15D-05, dP=0.31D-03, ThrX=0.50D-04, %Non0=100
 NT4 : Pure 17        :: dE=0.13D-07, dP=0.27D-05, ThrX=0.50D-04, %Non0=100
 NT4 : Pure 18        :: dE=0.92D-12, dP=0.20D-09, ThrX=0.50D-04, %Non0=100
 NT4 : Met dE/dP goals:: Tr{FP}=-.6472586727935658D+03, dNel = 0.00D+00
 NT4                  :: 18 purification steps, 38 matrix multiplies
 NT4                  :: Fractional occupation = 0.60D+00, %Non0s = 100
 NT4 : Max abs errors :: dE=0.60D-09, dP=0.20D-09, [F,P]=0.97D-03
 NT4                  :: Rel dE=0.92D-12, ||dP||_F=0.52D-08, ||[F,P]||_F=0.96D-02
 NT4                  :: OrthoP[6] CheckSum  = 0.1341640806810768D+02
 NT4                  :: P[6] CheckSum  = 0.1147952520703113D+02
 NT4                  :: CPU (Sec,MFLOPS) = (0.86D+01, 188),
                         WALL(Sec,MFLOPS) = (0.27D+03, 5)
 NT4                  :: Allocs=256,  DeAllocs=252, 749060 bytes are presently allocated.
                         A max of 4495092 bytes were allocated.
>-Exiting NT4 08/27/02 @ 07:46:12-<
<<Entering SCFStatus 08/27/02 @ 07:46:12>>
 
= = = = = SCFCycle #5, Basis #1, Geometry #1 = = = = =

       DIISErr = 0.32D-04
       MaxDelD = 0.12D-03
       <T>     = 0.22601282D+04
       <V>     = -.42134308D+04
       <DFT>   = -.32481380D+03
       <SCF>   = -2278.11639007

 SCFStatus            :: CPU Sec = 0.70D-01, WALL Sec = 0.86D+01
 SCFStatus            :: Allocs=16,  DeAllocs=16, 0 bytes are presently allocated.
                         A max of 2247900 bytes were allocated.
>-Exiting SCFStatus 08/27/02 @ 07:46:21-<
<<Entering MakeRho 08/27/02 @ 07:51:19>>
 MakeRho : Pruned Rho :: dNel = -.21D-07, kept 22% of distributions.
 MakeRho : Moments    :: <r> = (-.15D-02, -.20D-02, 0.30D-03), <r^2> = 0.34D+03
 MakeRho              :: Rho CheckSum  = 0.3309570130469940D+04
 MakeRho              :: CPU Sec = 0.31D+02, WALL Sec = 0.22D+03
 MakeRho              :: Allocs=64,  DeAllocs=59, 728 bytes are presently allocated.
                         A max of 41934988 bytes were allocated.
>-Exiting MakeRho 08/27/02 @ 07:55:01-<
<<Entering QCTC 08/27/02 @ 07:55:01>>
 QCTC                 :: J[6] CheckSum  = 0.1861263022825086D+03
 QCTC                 :: CPU Sec = 0.17D+04, WALL Sec = 0.60D+04
 QCTC                 :: Allocs=574588,  DeAllocs=50, 97072624 bytes are presently allocated.
                         A max of 110241804 bytes were allocated.
>-Exiting QCTC 08/27/02 @ 09:34:19-<
<<Entering HiCu 08/27/02 @ 09:34:19>>
 HiCu.GridGen         :: Tau = 0.10D-01, <Rho> = 0.17992196D+03, <Exc> = -.32402258D+03, Pts/Atom = 1353
 HiCu.GridGen         :: Tau = 0.10D-02, <Rho> = 0.18003749D+03, <Exc> = -.32489354D+03, Pts/Atom = 2902
 HiCu.GridGen         :: Tau = 0.10D-03, <Rho> = 0.17999893D+03, <Exc> = -.32480433D+03, Pts/Atom = 5520
 HiCu.GridGen         :: Tau = 0.10D-04, <Rho> = 0.17999958D+03, <Exc> = -.32481192D+03, Pts/Atom = 10320
 HiCu.GridGen         :: Tau = 0.10D-05, <Rho> = 0.18000008D+03, <Exc> = -.32481349D+03, Pts/Atom = 19733
 HiCu.GridGen         :: Tau = 0.10D-06, <Rho> = 0.18000002D+03, <Exc> = -.32481379D+03, Pts/Atom = 36950
 HiCu.GridGen         :: TauRel = 0.10D-06, RhoErr = 0.14D-06, <Exc> = -.32481379D+03
 HiCu.GridGen         :: CPU Sec = 0.11D+04, WALL Sec = 0.97D+04
 HiCu.MakeKxc         :: WALL (Sec) = 0.63D+04
 HiCu                 :: Kxc[6] CheckSum  = 0.2126223890096534D+02
 HiCu                 :: WALL (Sec) = 0.16D+05
 HiCu                 :: Allocs=494961,  DeAllocs=190082, 165893008 bytes are presently allocated.
                         A max of 167399432 bytes were allocated.
>-Exiting HiCu 08/27/02 @ 14:01:27-<
<<Entering FockNGrueven 08/27/02 @ 14:01:27>>
 FockNGrueven         :: F[6] CheckSum  = 0.8471439656316071D+02
 FockNGrueven         :: OrthoF[6] CheckSum  = 0.7702346808979986D+02
 FockNGrueven         :: CPU (Sec,MFLOPS) = (0.34D+00, 162),
                         WALL(Sec,MFLOPS) = (0.34D+00, 162)
 FockNGrueven         :: Allocs=37,  DeAllocs=33, 380468 bytes are presently allocated.
                         A max of 2847168 bytes were allocated.
>-Exiting FockNGrueven 08/27/02 @ 14:01:28-<
<<Entering DIIS 08/27/02 @ 14:01:28>>
 DIIS                 :: Cond# = 0.32D+08, MIN(E) = 0.77D-07
 DIIS : Pulay C1      :: DIISCo = -.56D+00, 0.71D+00, 0.38D+00,
                                  0.21D+00, 0.75D+00, -.49D+00
 DIIS                 :: F_DIIS[6] CheckSum  = 0.7702351099207044D+02
 DIIS                 :: CPU (Sec,MFLOPS) = (0.98D+00, 114),
                         WALL(Sec,MFLOPS) = (0.98D+00, 114)
 DIIS                 :: Allocs=67,  DeAllocs=62, 536 bytes are presently allocated.
                         A max of 3026148 bytes were allocated.
>-Exiting DIIS 08/27/02 @ 14:01:29-<
<<Entering NT4 08/27/02 @ 14:01:29>>
 NT4                  :: Trix = 0.50D-04
 NT4 : Pure 1         :: dE=0.10D+01, dP=0.42D+00, ThrX=0.50D-04, %Non0=52
 NT4 : Pure 2         :: dE=0.64D-01, dP=0.22D+00, ThrX=0.50D-04, %Non0=49
 NT4 : Pure 3         :: dE=0.89D-02, dP=0.46D-01, ThrX=0.50D-04, %Non0=50
 NT4 : Pure 4         :: dE=0.78D-02, dP=0.64D-01, ThrX=0.50D-04, %Non0=55
 NT4 : Pure 5         :: dE=0.11D-01, dP=0.88D-01, ThrX=0.50D-04, %Non0=60
 NT4 : Pure 6         :: dE=0.13D-01, dP=0.11D+00, ThrX=0.50D-04, %Non0=65
 NT4 : Pure 7         :: dE=0.13D-01, dP=0.11D+00, ThrX=0.50D-04, %Non0=76
 NT4 : Pure 8         :: dE=0.95D-02, dP=0.83D-01, ThrX=0.50D-04, %Non0=87
 NT4 : Pure 9         :: dE=0.49D-02, dP=0.54D-01, ThrX=0.50D-04, %Non0=99
 NT4 : Pure 10        :: dE=0.22D-02, dP=0.49D-01, ThrX=0.50D-04, %Non0=100
 NT4 : Pure 11        :: dE=0.99D-03, dP=0.34D-01, ThrX=0.50D-04, %Non0=100
 NT4 : Pure 12        :: dE=0.37D-03, dP=0.23D-01, ThrX=0.50D-04, %Non0=100
 NT4 : Pure 13        :: dE=0.13D-03, dP=0.15D-01, ThrX=0.50D-04, %Non0=100
 NT4 : Pure 14        :: dE=0.49D-04, dP=0.84D-02, ThrX=0.50D-04, %Non0=100
 NT4 : Pure 15        :: dE=0.15D-04, dP=0.30D-02, ThrX=0.50D-04, %Non0=100
 NT4 : Pure 16        :: dE=0.15D-05, dP=0.31D-03, ThrX=0.50D-04, %Non0=100
 NT4 : Pure 17        :: dE=0.13D-07, dP=0.27D-05, ThrX=0.50D-04, %Non0=100
 NT4 : Pure 18        :: dE=0.92D-12, dP=0.20D-09, ThrX=0.50D-04, %Non0=100
 NT4 : Met dE/dP goals:: Tr{FP}=-.6472587588814881D+03, dNel = 0.57D-13
 NT4                  :: 18 purification steps, 38 matrix multiplies
 NT4                  :: Fractional occupation = 0.60D+00, %Non0s = 100
 NT4 : Max abs errors :: dE=0.60D-09, dP=0.20D-09, [F,P]=0.97D-03
 NT4                  :: Rel dE=0.92D-12, ||dP||_F=0.52D-08, ||[F,P]||_F=0.96D-02
 NT4                  :: OrthoP[7] CheckSum  = 0.1341640806810544D+02
 NT4                  :: P[7] CheckSum  = 0.1147952537979559D+02
 NT4                  :: CPU (Sec,MFLOPS) = (0.86D+01, 190),
                         WALL(Sec,MFLOPS) = (0.86D+01, 189)
 NT4                  :: Allocs=257,  DeAllocs=253, 749060 bytes are presently allocated.
                         A max of 4495092 bytes were allocated.
>-Exiting NT4 08/27/02 @ 14:01:37-<
<<Entering SCFStatus 08/27/02 @ 14:01:38>>
 
= = = = = SCFCycle #6, Basis #1, Geometry #1 = = = = =

       DIISErr = 0.32D-04
       MaxDelD = 0.89D-04
       <T>     = 0.22601282D+04
       <V>     = -.42134308D+04
       <DFT>   = -.32481379D+03
       <SCF>   = -2278.11639065

 SCFStatus            :: CPU (Sec,MFLOPS) = (0.70D-01, 9),
                         WALL(Sec,MFLOPS) = (0.70D-01, 9)
 SCFStatus            :: Allocs=16,  DeAllocs=16, 0 bytes are presently allocated.
                         A max of 2247900 bytes were allocated.
>-Exiting SCFStatus 08/27/02 @ 14:01:38-<
<<Entering MakeRho 08/27/02 @ 14:01:38>>
 MakeRho : Pruned Rho :: dNel = -.21D-07, kept 22% of distributions.
 MakeRho : Moments    :: <r> = (-.13D-02, -.20D-02, -.93D-04), <r^2> = 0.34D+03
 MakeRho              :: Rho CheckSum  = 0.3309570121622151D+04
 MakeRho              :: CPU Sec = 0.31D+02, WALL Sec = 0.31D+02
 MakeRho              :: Allocs=64,  DeAllocs=59, 728 bytes are presently allocated.
                         A max of 41934988 bytes were allocated.
>-Exiting MakeRho 08/27/02 @ 14:02:09-<
<<Entering QCTC 08/27/02 @ 14:02:09>>
 QCTC                 :: J[7] CheckSum  = 0.1861262983634885D+03
 QCTC                 :: CPU Sec = 0.17D+04, WALL Sec = 0.60D+04
 QCTC                 :: Allocs=574588,  DeAllocs=50, 97072624 bytes are presently allocated.
                         A max of 110241804 bytes were allocated.
>-Exiting QCTC 08/27/02 @ 15:41:25-<
<<Entering HiCu 08/27/02 @ 15:41:25>>
 HiCu.GridGen         :: Tau = 0.10D-01, <Rho> = 0.17992196D+03, <Exc> = -.32402260D+03, Pts/Atom = 1353
 HiCu.GridGen         :: Tau = 0.10D-02, <Rho> = 0.18003749D+03, <Exc> = -.32489355D+03, Pts/Atom = 2902
 HiCu.GridGen         :: Tau = 0.10D-03, <Rho> = 0.17999893D+03, <Exc> = -.32480433D+03, Pts/Atom = 5520
 HiCu.GridGen         :: Tau = 0.10D-04, <Rho> = 0.17999958D+03, <Exc> = -.32481192D+03, Pts/Atom = 10320
 HiCu.GridGen         :: Tau = 0.10D-05, <Rho> = 0.18000008D+03, <Exc> = -.32481349D+03, Pts/Atom = 19733
 HiCu.GridGen         :: Tau = 0.10D-06, <Rho> = 0.18000002D+03, <Exc> = -.32481379D+03, Pts/Atom = 36951
 HiCu.GridGen         :: TauRel = 0.10D-06, RhoErr = 0.14D-06, <Exc> = -.32481379D+03
 HiCu.GridGen         :: CPU Sec = 0.11D+04, WALL Sec = 0.97D+04
 HiCu.MakeKxc         :: WALL (Sec) = 0.63D+04
 HiCu                 :: Kxc[7] CheckSum  = 0.2126223893635911D+02
 HiCu                 :: WALL (Sec) = 0.16D+05
 HiCu                 :: Allocs=494973,  DeAllocs=190088, 165898048 bytes are presently allocated.
                         A max of 167404472 bytes were allocated.
>-Exiting HiCu 08/27/02 @ 20:08:25-<
<<Entering FockNGrueven 08/27/02 @ 20:08:25>>
 FockNGrueven         :: F[7] CheckSum  = 0.8471439213875300D+02
 FockNGrueven         :: OrthoF[7] CheckSum  = 0.7702346508079192D+02
 FockNGrueven         :: CPU (Sec,MFLOPS) = (0.34D+00, 162),
                         WALL(Sec,MFLOPS) = (0.34D+00, 162)
 FockNGrueven         :: Allocs=37,  DeAllocs=33, 380468 bytes are presently allocated.
                         A max of 2847168 bytes were allocated.
>-Exiting FockNGrueven 08/27/02 @ 20:08:25-<
<<Entering DIIS 08/27/02 @ 20:08:25>>
 DIIS                 :: Cond# = 0.83D+09, MIN(E) = 0.32D-08
 DIIS : Pulay C1      :: DIISCo = -.73D+00, 0.92D+00, 0.50D+00,
                                  0.39D+00, 0.36D+01, -.70D+01, 0.33D+01
 DIIS                 :: F_DIIS[7] CheckSum  = 0.7702349525187982D+02
 DIIS                 :: CPU (Sec,MFLOPS) = (0.11D+01, 104),
                         WALL(Sec,MFLOPS) = (0.11D+01, 104)
 DIIS                 :: Allocs=75,  DeAllocs=70, 656 bytes are presently allocated.
                         A max of 3026148 bytes were allocated.
>-Exiting DIIS 08/27/02 @ 20:08:26-<
<<Entering NT4 08/27/02 @ 20:08:26>>
 NT4                  :: Trix = 0.50D-04
 NT4 : Pure 1         :: dE=0.10D+01, dP=0.42D+00, ThrX=0.50D-04, %Non0=52
 NT4 : Pure 2         :: dE=0.64D-01, dP=0.22D+00, ThrX=0.50D-04, %Non0=49
 NT4 : Pure 3         :: dE=0.89D-02, dP=0.46D-01, ThrX=0.50D-04, %Non0=50
 NT4 : Pure 4         :: dE=0.78D-02, dP=0.64D-01, ThrX=0.50D-04, %Non0=55
 NT4 : Pure 5         :: dE=0.11D-01, dP=0.88D-01, ThrX=0.50D-04, %Non0=60
 NT4 : Pure 6         :: dE=0.13D-01, dP=0.11D+00, ThrX=0.50D-04, %Non0=65
 NT4 : Pure 7         :: dE=0.13D-01, dP=0.11D+00, ThrX=0.50D-04, %Non0=76
 NT4 : Pure 8         :: dE=0.95D-02, dP=0.83D-01, ThrX=0.50D-04, %Non0=87
 NT4 : Pure 9         :: dE=0.49D-02, dP=0.54D-01, ThrX=0.50D-04, %Non0=99
 NT4 : Pure 10        :: dE=0.22D-02, dP=0.49D-01, ThrX=0.50D-04, %Non0=100
 NT4 : Pure 11        :: dE=0.99D-03, dP=0.34D-01, ThrX=0.50D-04, %Non0=100
 NT4 : Pure 12        :: dE=0.37D-03, dP=0.23D-01, ThrX=0.50D-04, %Non0=100
 NT4 : Pure 13        :: dE=0.13D-03, dP=0.15D-01, ThrX=0.50D-04, %Non0=100
 NT4 : Pure 14        :: dE=0.49D-04, dP=0.84D-02, ThrX=0.50D-04, %Non0=100
 NT4 : Pure 15        :: dE=0.15D-04, dP=0.30D-02, ThrX=0.50D-04, %Non0=100
 NT4 : Pure 16        :: dE=0.15D-05, dP=0.31D-03, ThrX=0.50D-04, %Non0=100
 NT4 : Pure 17        :: dE=0.13D-07, dP=0.27D-05, ThrX=0.50D-04, %Non0=100
 NT4 : Pure 18        :: dE=0.92D-12, dP=0.20D-09, ThrX=0.50D-04, %Non0=100
 NT4 : Met dE/dP goals:: Tr{FP}=-.6472584075411937D+03, dNel = 0.00D+00
 NT4                  :: 18 purification steps, 38 matrix multiplies
 NT4                  :: Fractional occupation = 0.60D+00, %Non0s = 100
 NT4 : Max abs errors :: dE=0.60D-09, dP=0.20D-09, [F,P]=0.97D-03
 NT4                  :: Rel dE=0.92D-12, ||dP||_F=0.52D-08, ||[F,P]||_F=0.96D-02
 NT4                  :: OrthoP[8] CheckSum  = 0.1341640806776067D+02
 NT4                  :: P[8] CheckSum  = 0.1147952555177630D+02
 NT4                  :: CPU (Sec,MFLOPS) = (0.86D+01, 189),
                         WALL(Sec,MFLOPS) = (0.86D+01, 188)
 NT4                  :: Allocs=256,  DeAllocs=252, 749060 bytes are presently allocated.
                         A max of 4495092 bytes were allocated.
>-Exiting NT4 08/27/02 @ 20:08:35-<
<<Entering SCFStatus 08/27/02 @ 20:08:35>>
 
= = = = = SCFCycle #7, Basis #1, Geometry #1 = = = = =

       DIISErr = 0.32D-04
       MaxDelD = 0.14D-03
       <T>     = 0.22601282D+04
       <V>     = -.42134308D+04
       <DFT>   = -.32481379D+03
       <SCF>   = -2278.11639038

 SCFStatus            :: CPU (Sec,MFLOPS) = (0.80D-01, 8),
                         WALL(Sec,MFLOPS) = (0.80D-01, 8)
 SCFStatus            :: Allocs=16,  DeAllocs=16, 0 bytes are presently allocated.
                         A max of 2247900 bytes were allocated.
>-Exiting SCFStatus 08/27/02 @ 20:08:35-<
<<Entering MakeRho 08/27/02 @ 20:08:35>>
 MakeRho : Pruned Rho :: dNel = -.21D-07, kept 22% of distributions.
 MakeRho : Moments    :: <r> = (-.92D-03, -.46D-03, 0.13D-02), <r^2> = 0.34D+03
 MakeRho              :: Rho CheckSum  = 0.3309570252745363D+04
 MakeRho              :: CPU Sec = 0.31D+02, WALL Sec = 0.31D+02
 MakeRho              :: Allocs=64,  DeAllocs=59, 728 bytes are presently allocated.
                         A max of 41934932 bytes were allocated.
>-Exiting MakeRho 08/27/02 @ 20:09:06-<
<<Entering QCTC 08/27/02 @ 20:09:06>>
 QCTC                 :: J[8] CheckSum  = 0.1861263087732438D+03
 QCTC                 :: CPU Sec = 0.17D+04, WALL Sec = 0.60D+04
 QCTC                 :: Allocs=574583,  DeAllocs=50, 97071824 bytes are presently allocated.
                         A max of 110240912 bytes were allocated.
>-Exiting QCTC 08/27/02 @ 21:48:27-<
<<Entering HiCu 08/27/02 @ 21:48:27>>
 HiCu.GridGen         :: Tau = 0.10D-01, <Rho> = 0.17992197D+03, <Exc> = -.32402262D+03, Pts/Atom = 1353
 HiCu.GridGen         :: Tau = 0.10D-02, <Rho> = 0.18003749D+03, <Exc> = -.32489355D+03, Pts/Atom = 2902
 HiCu.GridGen         :: Tau = 0.10D-03, <Rho> = 0.17999893D+03, <Exc> = -.32480433D+03, Pts/Atom = 5520
 HiCu.GridGen         :: Tau = 0.10D-04, <Rho> = 0.17999958D+03, <Exc> = -.32481192D+03, Pts/Atom = 10320
 HiCu.GridGen         :: Tau = 0.10D-05, <Rho> = 0.18000008D+03, <Exc> = -.32481349D+03, Pts/Atom = 19731
 HiCu.GridGen         :: Tau = 0.10D-06, <Rho> = 0.18000002D+03, <Exc> = -.32481379D+03, Pts/Atom = 36950
 HiCu.GridGen         :: TauRel = 0.10D-06, RhoErr = 0.14D-06, <Exc> = -.32481379D+03
 HiCu.GridGen         :: CPU Sec = 0.11D+04, WALL Sec = 0.97D+04
 HiCu.MakeKxc         :: WALL (Sec) = 0.63D+04
 HiCu                 :: Kxc[8] CheckSum  = 0.2126223890087424D+02
 HiCu                 :: WALL (Sec) = 0.16D+05
 HiCu                 :: Allocs=494960,  DeAllocs=190082, 165892976 bytes are presently allocated.
                         A max of 167399400 bytes were allocated.
>-Exiting HiCu 08/28/02 @ 02:15:32-<
<<Entering FockNGrueven 08/28/02 @ 02:15:33>>
 FockNGrueven         :: F[8] CheckSum  = 0.8471440396504420D+02
 FockNGrueven         :: OrthoF[8] CheckSum  = 0.7702347300932215D+02
 FockNGrueven         :: CPU (Sec,MFLOPS) = (0.34D+00, 162),
                         WALL(Sec,MFLOPS) = (0.34D+00, 162)
 FockNGrueven         :: Allocs=37,  DeAllocs=33, 380468 bytes are presently allocated.
                         A max of 2847168 bytes were allocated.
>-Exiting FockNGrueven 08/28/02 @ 02:15:33-<
<<Entering DIIS 08/28/02 @ 02:15:33>>
 DIIS                 :: Cond# = 0.19D+10, MIN(E) = 0.15D-08
 DIIS : Pulay C1      :: DIISCo = -.85D+00, 0.11D+01, 0.59D+00,
                                  0.54D+00, 0.63D+01, -.14D+02, 0.64D+01, 0.71D+00
 DIIS                 :: F_DIIS[8] CheckSum  = 0.7702347678788266D+02
 DIIS                 :: CPU (Sec,MFLOPS) = (0.12D+01, 94),
                         WALL(Sec,MFLOPS) = (0.12D+01, 93)
 DIIS                 :: Allocs=84,  DeAllocs=79, 792 bytes are presently allocated.
                         A max of 3026148 bytes were allocated.
>-Exiting DIIS 08/28/02 @ 02:15:34-<
<<Entering NT4 08/28/02 @ 02:15:34>>
 NT4                  :: Trix = 0.50D-04
 NT4 : Pure 1         :: dE=0.10D+01, dP=0.42D+00, ThrX=0.50D-04, %Non0=52
 NT4 : Pure 2         :: dE=0.64D-01, dP=0.22D+00, ThrX=0.50D-04, %Non0=49
 NT4 : Pure 3         :: dE=0.89D-02, dP=0.46D-01, ThrX=0.50D-04, %Non0=50
 NT4 : Pure 4         :: dE=0.78D-02, dP=0.64D-01, ThrX=0.50D-04, %Non0=55
 NT4 : Pure 5         :: dE=0.11D-01, dP=0.88D-01, ThrX=0.50D-04, %Non0=60
 NT4 : Pure 6         :: dE=0.13D-01, dP=0.11D+00, ThrX=0.50D-04, %Non0=65
 NT4 : Pure 7         :: dE=0.13D-01, dP=0.11D+00, ThrX=0.50D-04, %Non0=76
 NT4 : Pure 8         :: dE=0.95D-02, dP=0.83D-01, ThrX=0.50D-04, %Non0=87
 NT4 : Pure 9         :: dE=0.49D-02, dP=0.54D-01, ThrX=0.50D-04, %Non0=99
 NT4 : Pure 10        :: dE=0.22D-02, dP=0.49D-01, ThrX=0.50D-04, %Non0=100
 NT4 : Pure 11        :: dE=0.99D-03, dP=0.34D-01, ThrX=0.50D-04, %Non0=100
 NT4 : Pure 12        :: dE=0.37D-03, dP=0.23D-01, ThrX=0.50D-04, %Non0=100
 NT4 : Pure 13        :: dE=0.13D-03, dP=0.15D-01, ThrX=0.50D-04, %Non0=100
 NT4 : Pure 14        :: dE=0.49D-04, dP=0.84D-02, ThrX=0.50D-04, %Non0=100
 NT4 : Pure 15        :: dE=0.15D-04, dP=0.30D-02, ThrX=0.50D-04, %Non0=100
 NT4 : Pure 16        :: dE=0.15D-05, dP=0.31D-03, ThrX=0.50D-04, %Non0=100
 NT4 : Pure 17        :: dE=0.13D-07, dP=0.27D-05, ThrX=0.50D-04, %Non0=100
 NT4 : Pure 18        :: dE=0.92D-12, dP=0.20D-09, ThrX=0.50D-04, %Non0=100
 NT4 : Met dE/dP goals:: Tr{FP}=-.6472579951184606D+03, dNel = 0.17D-12
 NT4                  :: 18 purification steps, 38 matrix multiplies
 NT4                  :: Fractional occupation = 0.60D+00, %Non0s = 100
 NT4 : Max abs errors :: dE=0.60D-09, dP=0.20D-09, [F,P]=0.97D-03
 NT4                  :: Rel dE=0.92D-12, ||dP||_F=0.52D-08, ||[F,P]||_F=0.96D-02
 NT4                  :: OrthoP[9] CheckSum  = 0.1341640806811012D+02
 NT4                  :: P[9] CheckSum  = 0.1147952553716524D+02
 NT4                  :: CPU (Sec,MFLOPS) = (0.85D+01, 190),
                         WALL(Sec,MFLOPS) = (0.86D+01, 190)
 NT4                  :: Allocs=256,  DeAllocs=252, 749060 bytes are presently allocated.
                         A max of 4495092 bytes were allocated.
>-Exiting NT4 08/28/02 @ 02:15:43-<
<<Entering SCFStatus 08/28/02 @ 02:15:43>>
 
= = = = = SCFCycle #8, Basis #1, Geometry #1 = = = = =

       DIISErr = 0.32D-04
       MaxDelD = 0.14D-03
       <T>     = 0.22601282D+04
       <V>     = -.42134308D+04
       <DFT>   = -.32481379D+03
       <SCF>   = -2278.11639018

 SCFStatus            :: CPU (Sec,MFLOPS) = (0.70D-01, 9),
                         WALL(Sec,MFLOPS) = (0.70D-01, 9)
 SCFStatus            :: Allocs=16,  DeAllocs=16, 0 bytes are presently allocated.
                         A max of 2247900 bytes were allocated.
>-Exiting SCFStatus 08/28/02 @ 02:15:43-<
<<Entering MakeRho 08/28/02 @ 02:15:43>>
 MakeRho : Pruned Rho :: dNel = -.21D-07, kept 22% of distributions.
 MakeRho : Moments    :: <r> = (-.12D-02, -.18D-02, -.13D-03), <r^2> = 0.34D+03
 MakeRho              :: Rho CheckSum  = 0.3309570368570986D+04
 MakeRho              :: CPU Sec = 0.31D+02, WALL Sec = 0.31D+02
 MakeRho              :: Allocs=64,  DeAllocs=59, 728 bytes are presently allocated.
                         A max of 41934876 bytes were allocated.
>-Exiting MakeRho 08/28/02 @ 02:16:14-<
<<Entering QCTC 08/28/02 @ 02:16:14>>
 QCTC                 :: J[9] CheckSum  = 0.1861263221171551D+03
 QCTC                 :: CPU Sec = 0.17D+04, WALL Sec = 0.60D+04
 QCTC                 :: Allocs=574578,  DeAllocs=50, 97071024 bytes are presently allocated.
                         A max of 110240020 bytes were allocated.
>-Exiting QCTC 08/28/02 @ 03:55:48-<
<<Entering HiCu 08/28/02 @ 03:55:48>>
 HiCu.GridGen         :: Tau = 0.10D-01, <Rho> = 0.17992196D+03, <Exc> = -.32402258D+03, Pts/Atom = 1353
 HiCu.GridGen         :: Tau = 0.10D-02, <Rho> = 0.18003749D+03, <Exc> = -.32489354D+03, Pts/Atom = 2902
 HiCu.GridGen         :: Tau = 0.10D-03, <Rho> = 0.17999893D+03, <Exc> = -.32480433D+03, Pts/Atom = 5520
 HiCu.GridGen         :: Tau = 0.10D-04, <Rho> = 0.17999958D+03, <Exc> = -.32481192D+03, Pts/Atom = 10320
 HiCu.GridGen         :: Tau = 0.10D-05, <Rho> = 0.18000008D+03, <Exc> = -.32481349D+03, Pts/Atom = 19733
 HiCu.GridGen         :: Tau = 0.10D-06, <Rho> = 0.18000002D+03, <Exc> = -.32481379D+03, Pts/Atom = 36950
 HiCu.GridGen         :: TauRel = 0.10D-06, RhoErr = 0.14D-06, <Exc> = -.32481379D+03
 HiCu.GridGen         :: CPU Sec = 0.11D+04, WALL Sec = 0.97D+04
 HiCu.MakeKxc         :: WALL (Sec) = 0.63D+04
 HiCu                 :: Kxc[9] CheckSum  = 0.2126223882382443D+02
 HiCu                 :: WALL (Sec) = 0.16D+05
 HiCu                 :: Allocs=494959,  DeAllocs=190082, 165892944 bytes are presently allocated.
                         A max of 167399368 bytes were allocated.
>-Exiting HiCu 08/28/02 @ 08:22:57-<
<<Entering FockNGrueven 08/28/02 @ 08:22:57>>
 FockNGrueven         :: F[9] CheckSum  = 0.8471441907035677D+02
 FockNGrueven         :: OrthoF[9] CheckSum  = 0.7702348317033136D+02
 FockNGrueven         :: CPU (Sec,MFLOPS) = (0.34D+00, 162),
                         WALL(Sec,MFLOPS) = (0.34D+00, 162)
 FockNGrueven         :: Allocs=37,  DeAllocs=33, 380468 bytes are presently allocated.
                         A max of 2847168 bytes were allocated.
>-Exiting FockNGrueven 08/28/02 @ 08:22:58-<
<<Entering DIIS 08/28/02 @ 08:22:58>>
 DIIS                 :: Cond# = 0.29D+10, MIN(E) = 0.10D-08
 DIIS : Pulay C1      :: DIISCo = -.85D+00, 0.11D+01, 0.59D+00,
                                  0.55D+00, 0.68D+01, -.15D+02, 0.69D+01,
                                  0.77D+00, 0.44D+00
 DIIS                 :: F_DIIS[9] CheckSum  = 0.7702347629347624D+02
 DIIS                 :: CPU (Sec,MFLOPS) = (0.14D+01, 86),
                         WALL(Sec,MFLOPS) = (0.14D+01, 86)
 DIIS                 :: Allocs=94,  DeAllocs=89, 944 bytes are presently allocated.
                         A max of 3026148 bytes were allocated.
>-Exiting DIIS 08/28/02 @ 08:22:59-<
<<Entering NT4 08/28/02 @ 08:22:59>>
 NT4                  :: Trix = 0.50D-04
 NT4 : Pure 1         :: dE=0.10D+01, dP=0.42D+00, ThrX=0.50D-04, %Non0=52
 NT4 : Pure 2         :: dE=0.64D-01, dP=0.22D+00, ThrX=0.50D-04, %Non0=49
 NT4 : Pure 3         :: dE=0.89D-02, dP=0.46D-01, ThrX=0.50D-04, %Non0=50
 NT4 : Pure 4         :: dE=0.78D-02, dP=0.64D-01, ThrX=0.50D-04, %Non0=55
 NT4 : Pure 5         :: dE=0.11D-01, dP=0.88D-01, ThrX=0.50D-04, %Non0=60
 NT4 : Pure 6         :: dE=0.13D-01, dP=0.11D+00, ThrX=0.50D-04, %Non0=65
 NT4 : Pure 7         :: dE=0.13D-01, dP=0.11D+00, ThrX=0.50D-04, %Non0=76
 NT4 : Pure 8         :: dE=0.95D-02, dP=0.83D-01, ThrX=0.50D-04, %Non0=87
 NT4 : Pure 9         :: dE=0.49D-02, dP=0.54D-01, ThrX=0.50D-04, %Non0=99
 NT4 : Pure 10        :: dE=0.22D-02, dP=0.49D-01, ThrX=0.50D-04, %Non0=100
 NT4 : Pure 11        :: dE=0.99D-03, dP=0.34D-01, ThrX=0.50D-04, %Non0=100
 NT4 : Pure 12        :: dE=0.37D-03, dP=0.23D-01, ThrX=0.50D-04, %Non0=100
 NT4 : Pure 13        :: dE=0.13D-03, dP=0.15D-01, ThrX=0.50D-04, %Non0=100
 NT4 : Pure 14        :: dE=0.49D-04, dP=0.84D-02, ThrX=0.50D-04, %Non0=100
 NT4 : Pure 15        :: dE=0.15D-04, dP=0.30D-02, ThrX=0.50D-04, %Non0=100
 NT4 : Pure 16        :: dE=0.15D-05, dP=0.31D-03, ThrX=0.50D-04, %Non0=100
 NT4 : Pure 17        :: dE=0.13D-07, dP=0.27D-05, ThrX=0.50D-04, %Non0=100
 NT4 : Pure 18        :: dE=0.92D-12, dP=0.20D-09, ThrX=0.50D-04, %Non0=100
 NT4 : Met dE/dP goals:: Tr{FP}=-.6472579845992910D+03, dNel = 0.00D+00
 NT4                  :: 18 purification steps, 38 matrix multiplies
 NT4                  :: Fractional occupation = 0.60D+00, %Non0s = 100
 NT4 : Max abs errors :: dE=0.60D-09, dP=0.20D-09, [F,P]=0.97D-03
 NT4                  :: Rel dE=0.92D-12, ||dP||_F=0.52D-08, ||[F,P]||_F=0.96D-02
 NT4                  :: OrthoP[10] CheckSum  = 0.1341640806811046D+02
 NT4                  :: P[10] CheckSum  = 0.1147952550299141D+02
 NT4                  :: CPU (Sec,MFLOPS) = (0.85D+01, 190),
                         WALL(Sec,MFLOPS) = (0.86D+01, 190)
 NT4                  :: Allocs=256,  DeAllocs=252, 749060 bytes are presently allocated.
                         A max of 4495092 bytes were allocated.
>-Exiting NT4 08/28/02 @ 08:23:08-<
<<Entering SCFStatus 08/28/02 @ 08:23:08>>
 
= = = = = SCFCycle #9, Basis #1, Geometry #1 = = = = =

       DIISErr = 0.32D-04
       MaxDelD = 0.42D-04
       <T>     = 0.22601282D+04
       <V>     = -.42134308D+04
       <DFT>   = -.32481379D+03
       <SCF>   = -2278.11639069

 SCFStatus            :: CPU (Sec,MFLOPS) = (0.70D-01, 9),
                         WALL(Sec,MFLOPS) = (0.70D-01, 9)
 SCFStatus            :: Allocs=16,  DeAllocs=16, 0 bytes are presently allocated.
                         A max of 2247900 bytes were allocated.
>-Exiting SCFStatus 08/28/02 @ 08:23:08-<
 Normal SCF convergence.
 Convergence statistics for RPBEx/PBEc/STO-6G:
========================================================================
SCF    Ink       Total             Delta       Max         DIIS   
Cycle  Fok       Energy            E_Tot       Delta P     Error  
  0,    F,           0.00000000, 0.0000D+00, 0.0000D+00, 0.0000D+00, 
  1,    F,       -2278.10870849, 0.3159D-02, 0.6783D+00, 0.0000D+00, 
  2,    F,       -2278.11250465, 0.1666D-05, 0.2007D-02, 0.4003D-03, 
  3,    F,       -2278.11612419, 0.1589D-05, 0.1684D-02, 0.6277D-04, 
  4,    F,       -2278.11634246, 0.9581D-07, 0.1400D-02, 0.4126D-04, 
  5,    F,       -2278.11639007, 0.2090D-07, 0.1303D-02, 0.3217D-04, 
  6,    F,       -2278.11639065, 0.2547D-09, 0.3013D-04, 0.3209D-04, 
  7,    F,       -2278.11639038, 0.1209D-09, 0.5551D-04, 0.3213D-04, 
  8,    F,       -2278.11639018, 0.8659D-10, 0.5720D-05, 0.3219D-04, 
  9,    F,       -2278.11639069, 0.2254D-09, 0.9674D-04, 0.3209D-04, 
========================================================================
>-Succesfull MondoSCF run 08/28/02 @ 08:23:08-<
