

 __    __                 _       ____________ ______ 
|  \  /  |               | |     /       /    |      |
|   \/   | ___  _ __   __| | ___/   ____/   __|  |==='
|        |/ _ \| '_ \ / _  |/ _ \____  \   (__|  ____|
|  |\/|  | (_) | | | | (_| | (_) )     /\     |  |    
|__|  |__|\___/|_| |_|\____|\___/_____/  \____|__|    

 Version 1.0 alpha 4                                  
 A program suite for O(N) SCF theory and ab initio MD 
 Matt Challacombe, Eric Schwegler, C.J. Tymczak,      
 Chee Kwan Gan, Karoly Nemeth and Anders Niklasson    
 Los Alamos National Laboratory (LA-CC 01-2)          
 Copywrite 2001, University of California.            

 Compiled for AMDLinux.PG, executing on zinc23
 a i686 machine running Linux 2.4.2-2

Water Cluster Scaling                                                                                                           
  
<<Starting MondoSCF 08/27/02 @ 13:35:13>>
 ** Auto-Wraps at default value => (Off) **
 ** Atom-Wrap at default value => (AtomWrap-Off) **
 ** Lattice Vector Format at default value => (Vector Format) **
 ** Coodinate Format at default value => (Atomic Coord) **
========================================================================
 Internal representation of the geometry:
 Geometry originally in Angstroms has been converted to AU.
 Geometry has been reordered using the Hilbert curve.
 Number of electrons = 360
------------------------------------------------------------------------
  *** Periodic is Off *** 
------------------------------------------------------------------------
 1   c    -.48745104D+01   -.13675758D+01   -.43067044D+01
 2   c    -.26616602D+01   -.22128313D+01   -.56743180D+01
 3   c    -.13675758D+01   -.43067044D+01   -.48745104D+01
 4   c    -.22128313D+01   -.56743180D+01   -.26616602D+01
 5   c    -.56743180D+01   -.26616602D+01   -.22128313D+01
 6   c    -.43067044D+01   -.48745104D+01   -.13675758D+01
 7   c    -.43067044D+01   -.48745104D+01   0.13675758D+01
 8   c    -.22128313D+01   -.56743180D+01   0.26616602D+01
 9   c    -.13675758D+01   -.43067044D+01   0.48745104D+01
 10   c    -.48745104D+01   -.13675758D+01   0.43067044D+01
 11   c    -.26616602D+01   -.22128313D+01   0.56743180D+01
 12   c    -.56743180D+01   -.26616602D+01   0.22128313D+01
 13   c    -.65195547D+01   -.12940844D+01   0.00000000D+00
 14   c    -.65195547D+01   0.12940844D+01   0.00000000D+00
 15   c    -.56743180D+01   0.26616602D+01   0.22128313D+01
 16   c    -.48745104D+01   0.13675758D+01   0.43067044D+01
 17   c    -.43067044D+01   0.48745104D+01   0.13675758D+01
 18   c    -.22128313D+01   0.56743180D+01   0.26616602D+01
 19   c    -.13675758D+01   0.43067044D+01   0.48745104D+01
 20   c    -.26616602D+01   0.22128313D+01   0.56743180D+01
 21   c    -.12940844D+01   0.00000000D+00   0.65195547D+01
 22   c    -.22128313D+01   0.56743180D+01   -.26616602D+01
 23   c    -.43067044D+01   0.48745104D+01   -.13675758D+01
 24   c    -.56743180D+01   0.26616602D+01   -.22128313D+01
 25   c    -.48745104D+01   0.13675758D+01   -.43067044D+01
 26   c    -.13675758D+01   0.43067044D+01   -.48745104D+01
 27   c    -.26616602D+01   0.22128313D+01   -.56743180D+01
 28   c    -.12940844D+01   0.00000000D+00   -.65195547D+01
 29   c    0.12940844D+01   0.00000000D+00   -.65195547D+01
 30   c    0.26616602D+01   0.22128313D+01   -.56743180D+01
 31   c    0.13675758D+01   0.43067044D+01   -.48745104D+01
 32   c    0.48745104D+01   0.13675758D+01   -.43067044D+01
 33   c    0.56743180D+01   0.26616602D+01   -.22128313D+01
 34   c    0.43067044D+01   0.48745104D+01   -.13675758D+01
 35   c    0.22128313D+01   0.56743180D+01   -.26616602D+01
 36   c    0.00000000D+00   0.65195547D+01   -.12940844D+01
 37   c    0.12940844D+01   0.00000000D+00   0.65195547D+01
 38   c    0.26616602D+01   0.22128313D+01   0.56743180D+01
 39   c    0.13675758D+01   0.43067044D+01   0.48745104D+01
 40   c    0.22128313D+01   0.56743180D+01   0.26616602D+01
 41   c    0.00000000D+00   0.65195547D+01   0.12940844D+01
 42   c    0.43067044D+01   0.48745104D+01   0.13675758D+01
 43   c    0.48745104D+01   0.13675758D+01   0.43067044D+01
 44   c    0.56743180D+01   0.26616602D+01   0.22128313D+01
 45   c    0.65195547D+01   0.12940844D+01   0.00000000D+00
 46   c    0.65195547D+01   -.12940844D+01   0.00000000D+00
 47   c    0.56743180D+01   -.26616602D+01   0.22128313D+01
 48   c    0.26616602D+01   -.22128313D+01   0.56743180D+01
 49   c    0.48745104D+01   -.13675758D+01   0.43067044D+01
 50   c    0.13675758D+01   -.43067044D+01   0.48745104D+01
 51   c    0.22128313D+01   -.56743180D+01   0.26616602D+01
 52   c    0.00000000D+00   -.65195547D+01   0.12940844D+01
 53   c    0.43067044D+01   -.48745104D+01   0.13675758D+01
 54   c    0.43067044D+01   -.48745104D+01   -.13675758D+01
 55   c    0.56743180D+01   -.26616602D+01   -.22128313D+01
 56   c    0.00000000D+00   -.65195547D+01   -.12940844D+01
 57   c    0.22128313D+01   -.56743180D+01   -.26616602D+01
 58   c    0.13675758D+01   -.43067044D+01   -.48745104D+01
 59   c    0.26616602D+01   -.22128313D+01   -.56743180D+01
 60   c    0.48745104D+01   -.13675758D+01   -.43067044D+01
========================================================================
 ParseGeometry        :: Allocs=14,  DeAllocs=14, 0 bytes are presently allocated.
                         A max of 7968 bytes were allocated.
 Base(1)%BName   = STO-6G
 Opening BasFile = /home/mchalla/MONDOf/BasisSets/STO-6G.bas
 ParseBaseSets        :: Allocs=61,  DeAllocs=60, 480 bytes are presently allocated.
                         A max of 25480 bytes were allocated.
 Current HDF file :: /scratch/mchalla/c60_rh_3477.hdf

 PROGRAM OF CALCULATIONS:

  A restricted Roothaan-Hall solution of the SCF using
  a tight accuracy level, STO-6G and the PBEx/PBEc model.
 

 Accuracy level 3 for the STO-6G basis set:
  TrixNeglect = 0.10D-05, CubeNeglect = 0.10D-06,
  TwoENeglect = 0.10D-09, DistNeglect = 0.10D-11
 MaxAtms = 61, MaxBlks = 3601, MaxNon0 = 90001, BndWdth = 60
<<Entering MakeS 08/27/02 @ 13:35:14>>
 MakeS                :: S CheckSum  = 0.2079758492972368D+02
 MakeS                :: CPU Sec = 0.21D+01, WALL Sec = 0.21D+01
 MakeS                :: Allocs=37,  DeAllocs=36, 24 bytes are presently allocated.
                         A max of 1514328 bytes were allocated.
>-Exiting MakeS 08/27/02 @ 13:35:16-<
<<Entering LowdinO 08/27/02 @ 13:35:17>>
 LowdinO              :: X CheckSum  = 0.2334035849474320D+02
 LowdinO              :: CPU Sec = 0.27D+01, WALL Sec = 0.27D+01
 LowdinO              :: Allocs=20,  DeAllocs=20, 0 bytes are presently allocated.
                         A max of 2162880 bytes were allocated.
>-Exiting LowdinO 08/27/02 @ 13:35:20-<
<<Entering MakeT 08/27/02 @ 13:35:20>>
 MakeT                :: T CheckSum  = 0.1263168604614581D+03
 MakeT                :: CPU Sec = 0.21D+01, WALL Sec = 0.22D+01
 MakeT                :: Allocs=33,  DeAllocs=32, 24 bytes are presently allocated.
                         A max of 1508752 bytes were allocated.
>-Exiting MakeT 08/27/02 @ 13:35:23-<
<<Entering P2Use 08/27/02 @ 13:35:23>>
 P2Use                :: P[0] CheckSum  = 0.1279006156321167D+02
 P2Use                :: CPU Sec = 0.30D-01, WALL Sec = 0.40D-01
 P2Use                :: Allocs=53,  DeAllocs=44, 749804 bytes are presently allocated.
                         A max of 3005540 bytes were allocated.
>-Exiting P2Use 08/27/02 @ 13:35:23-<
<<Entering MakeRho 08/27/02 @ 13:35:23>>
 MakeRho : Pruned Rho :: dNel = -.57D-12, kept 100% of distributions.
 MakeRho : Moments    :: <r> = (-.30D-13, -.27D-14, 0.36D-14), <r^2> = 0.32D+03
 MakeRho              :: Rho CheckSum  = 0.3458428081811825D+04
 MakeRho              :: CPU Sec = 0.73D+00, WALL Sec = 0.73D+00
 MakeRho              :: Allocs=64,  DeAllocs=59, 728 bytes are presently allocated.
                         A max of 1108916 bytes were allocated.
>-Exiting MakeRho 08/27/02 @ 13:35:24-<
<<Entering QCTC 08/27/02 @ 13:35:24>>
 QCTC                 :: J[0] CheckSum  = 0.1848595439169059D+03
 QCTC                 :: CPU Sec = 0.50D+03, WALL Sec = 0.50D+03
 QCTC                 :: Allocs=43553,  DeAllocs=50, 7050224 bytes are presently allocated.
                         A max of 8556744 bytes were allocated.
>-Exiting QCTC 08/27/02 @ 13:43:43-<
<<Entering HiCu 08/27/02 @ 13:43:43>>
 HiCu.GridGen         :: Tau = 0.10D-01, <Rho> = 0.18029765D+03, <Exc> = -.33023509D+03, Pts/Atom = 1442
 HiCu.GridGen         :: Tau = 0.10D-02, <Rho> = 0.18004673D+03, <Exc> = -.32938016D+03, Pts/Atom = 3070
 HiCu.GridGen         :: Tau = 0.10D-03, <Rho> = 0.18000305D+03, <Exc> = -.32921852D+03, Pts/Atom = 5866
 HiCu.GridGen         :: Tau = 0.10D-04, <Rho> = 0.18000076D+03, <Exc> = -.32920819D+03, Pts/Atom = 10476
 HiCu.GridGen         :: Tau = 0.10D-05, <Rho> = 0.18000008D+03, <Exc> = -.32920785D+03, Pts/Atom = 19908
 HiCu.GridGen         :: Tau = 0.10D-06, <Rho> = 0.18000001D+03, <Exc> = -.32920817D+03, Pts/Atom = 37352
 HiCu.GridGen         :: TauRel = 0.10D-06, RhoErr = 0.47D-07, <Exc> = -.32920817D+03
 HiCu.GridGen         :: CPU Sec = 0.78D+03, WALL Sec = 0.78D+03
 HiCu.MakeKxc         :: WALL (Sec) = 0.63D+04
 HiCu                 :: Kxc[0] CheckSum  = 0.2133185135966743D+02
 HiCu                 :: WALL (Sec) = 0.71D+04
 HiCu                 :: Allocs=392882,  DeAllocs=192146, 161691128 bytes are presently allocated.
                         A max of 163197552 bytes were allocated.
>-Exiting HiCu 08/27/02 @ 15:42:27-<
<<Entering FockNGrueven 08/27/02 @ 15:42:27>>
 FockNGrueven         :: F[0] CheckSum  = 0.8350696713421978D+02
 FockNGrueven         :: OrthoF[0] CheckSum  = 0.7595568899532914D+02
 FockNGrueven         :: CPU (Sec,MFLOPS) = (0.57D+00, 186),
                         WALL(Sec,MFLOPS) = (0.57D+00, 186)
 FockNGrueven         :: Allocs=37,  DeAllocs=33, 736564 bytes are presently allocated.
                         A max of 2847168 bytes were allocated.
>-Exiting FockNGrueven 08/27/02 @ 15:42:27-<
<<Entering RHEqs 08/27/02 @ 15:42:28>>
 RHEqs                :: HOMO = -.11019067D+00, LUMO = -.25837106D-01
 RHEqs                :: OrthoP[1] CheckSum  = 0.1341640786499855D+02
 RHEqs                :: P[1] CheckSum  = 0.1147226064182645D+02
 RHEqs                :: CPU (Sec,MFLOPS) = (0.36D+01, 29),
                         WALL(Sec,MFLOPS) = (0.36D+01, 29)
 RHEqs                :: Allocs=31,  DeAllocs=29, 1440000 bytes are presently allocated.
                         A max of 3687912 bytes were allocated.
>-Exiting RHEqs 08/27/02 @ 15:42:31-<
<<Entering SCFStatus 08/27/02 @ 15:42:31>>
 
= = = = = SCFCycle #0, Basis #1, Geometry #1 = = = = =

       Gap     = 0.84D-01
       MaxDelD = 0.68D+00
       <T>     = 0.23203716D+04
       <V>     = -.42764692D+04
       <DFT>   = -.32920817D+03
       <SCF>   = -2285.30576345

 SCFStatus            :: CPU (Sec,MFLOPS) = (0.40D-01, 4),
                         WALL(Sec,MFLOPS) = (0.40D-01, 4)
 SCFStatus            :: Allocs=16,  DeAllocs=16, 0 bytes are presently allocated.
                         A max of 2247900 bytes were allocated.
>-Exiting SCFStatus 08/27/02 @ 15:42:31-<
<<Entering MakeRho 08/27/02 @ 15:42:32>>
 MakeRho : Pruned Rho :: dNel = -.42D-07, kept 22% of distributions.
 MakeRho : Moments    :: <r> = (0.14D-07, -.69D-09, -.63D-08), <r^2> = 0.34D+03
 MakeRho              :: Rho CheckSum  = 0.3306883543522912D+04
 MakeRho              :: CPU Sec = 0.31D+02, WALL Sec = 0.31D+02
 MakeRho              :: Allocs=64,  DeAllocs=59, 728 bytes are presently allocated.
                         A max of 41971796 bytes were allocated.
>-Exiting MakeRho 08/27/02 @ 15:43:02-<
<<Entering QCTC 08/27/02 @ 15:43:03>>
 QCTC                 :: J[1] CheckSum  = 0.1862165843900088D+03
 QCTC                 :: CPU Sec = 0.16D+04, WALL Sec = 0.59D+04
 QCTC                 :: Allocs=577853,  DeAllocs=50, 97595504 bytes are presently allocated.
                         A max of 110825000 bytes were allocated.
>-Exiting QCTC 08/27/02 @ 17:21:18-<
<<Entering HiCu 08/27/02 @ 17:21:19>>
 HiCu.GridGen         :: Tau = 0.10D-01, <Rho> = 0.17991732D+03, <Exc> = -.32387064D+03, Pts/Atom = 1353
 HiCu.GridGen         :: Tau = 0.10D-02, <Rho> = 0.18003174D+03, <Exc> = -.32477598D+03, Pts/Atom = 2898
 HiCu.GridGen         :: Tau = 0.10D-03, <Rho> = 0.17999847D+03, <Exc> = -.32468922D+03, Pts/Atom = 5516
 HiCu.GridGen         :: Tau = 0.10D-04, <Rho> = 0.17999955D+03, <Exc> = -.32469744D+03, Pts/Atom = 10318
 HiCu.GridGen         :: Tau = 0.10D-05, <Rho> = 0.18000008D+03, <Exc> = -.32469889D+03, Pts/Atom = 19707
 HiCu.GridGen         :: Tau = 0.10D-06, <Rho> = 0.18000002D+03, <Exc> = -.32469918D+03, Pts/Atom = 37002
 HiCu.GridGen         :: TauRel = 0.10D-06, RhoErr = 0.14D-06, <Exc> = -.32469918D+03
 HiCu.GridGen         :: CPU Sec = 0.11D+04, WALL Sec = 0.97D+04
 HiCu.MakeKxc         :: WALL (Sec) = 0.63D+04
 HiCu                 :: Kxc[1] CheckSum  = 0.2125998758855164D+02
 HiCu                 :: WALL (Sec) = 0.16D+05
 HiCu                 :: Allocs=496142,  DeAllocs=190346, 166135904 bytes are presently allocated.
                         A max of 167642328 bytes were allocated.
>-Exiting HiCu 08/27/02 @ 21:47:27-<
<<Entering FockNGrueven 08/27/02 @ 21:47:27>>
 FockNGrueven         :: F[1] CheckSum  = 0.8481224015534824D+02
 FockNGrueven         :: OrthoF[1] CheckSum  = 0.7709390650739279D+02
 FockNGrueven         :: CPU (Sec,MFLOPS) = (0.57D+00, 186),
                         WALL(Sec,MFLOPS) = (0.57D+00, 186)
 FockNGrueven         :: Allocs=37,  DeAllocs=33, 736564 bytes are presently allocated.
                         A max of 2847168 bytes were allocated.
>-Exiting FockNGrueven 08/27/02 @ 21:47:27-<
<<Entering DIIS 08/27/02 @ 21:47:28>>
 DIIS : Damping       :: Co = 0.80D+00, 0.20D+00
 DIIS                 :: F_DIIS[1] CheckSum  = 0.7618263952421960D+02
 DIIS                 :: CPU (Sec,MFLOPS) = (0.57D+00, 187),
                         WALL(Sec,MFLOPS) = (0.57D+00, 187)
 DIIS                 :: Allocs=34,  DeAllocs=30, 144 bytes are presently allocated.
                         A max of 3026148 bytes were allocated.
>-Exiting DIIS 08/27/02 @ 21:47:28-<
<<Entering RHEqs 08/27/02 @ 21:47:28>>
 RHEqs                :: HOMO = -.11906556D+00, LUMO = -.34872514D-01
 RHEqs                :: OrthoP[2] CheckSum  = 0.1341640786499861D+02
 RHEqs                :: P[2] CheckSum  = 0.1147389972981691D+02
 RHEqs                :: CPU (Sec,MFLOPS) = (0.35D+01, 30),
                         WALL(Sec,MFLOPS) = (0.35D+01, 30)
 RHEqs                :: Allocs=31,  DeAllocs=29, 1440000 bytes are presently allocated.
                         A max of 3687912 bytes were allocated.
>-Exiting RHEqs 08/27/02 @ 21:47:32-<
<<Entering SCFStatus 08/27/02 @ 21:47:32>>
 
= = = = = SCFCycle #1, Basis #1, Geometry #1 = = = = =

       Gap     = 0.84D-01
       DIISErr = 0.52D-03
       MaxDelD = 0.25D-02
       <T>     = 0.22586630D+04
       <V>     = -.42120726D+04
       <DFT>   = -.32469918D+03
       <SCF>   = -2278.10875468

 SCFStatus            :: CPU (Sec,MFLOPS) = (0.70D-01, 9),
                         WALL(Sec,MFLOPS) = (0.70D-01, 9)
 SCFStatus            :: Allocs=16,  DeAllocs=16, 0 bytes are presently allocated.
                         A max of 2247900 bytes were allocated.
>-Exiting SCFStatus 08/27/02 @ 21:47:32-<
<<Entering MakeRho 08/27/02 @ 21:47:32>>
 MakeRho : Pruned Rho :: dNel = -.42D-07, kept 22% of distributions.
 MakeRho : Moments    :: <r> = (0.48D-09, -.37D-08, -.58D-09), <r^2> = 0.34D+03
 MakeRho              :: Rho CheckSum  = 0.3307401648881693D+04
 MakeRho              :: CPU Sec = 0.31D+02, WALL Sec = 0.31D+02
 MakeRho              :: Allocs=64,  DeAllocs=59, 728 bytes are presently allocated.
                         A max of 41958356 bytes were allocated.
>-Exiting MakeRho 08/27/02 @ 21:48:03-<
<<Entering QCTC 08/27/02 @ 21:48:03>>
 QCTC                 :: J[2] CheckSum  = 0.1861889714126158D+03
 QCTC                 :: CPU Sec = 0.16D+04, WALL Sec = 0.59D+04
 QCTC                 :: Allocs=576653,  DeAllocs=50, 97403504 bytes are presently allocated.
                         A max of 110610920 bytes were allocated.
>-Exiting QCTC 08/27/02 @ 23:26:09-<
<<Entering HiCu 08/27/02 @ 23:26:09>>
 HiCu.GridGen         :: Tau = 0.10D-01, <Rho> = 0.17992178D+03, <Exc> = -.32393389D+03, Pts/Atom = 1353
 HiCu.GridGen         :: Tau = 0.10D-02, <Rho> = 0.18003735D+03, <Exc> = -.32480365D+03, Pts/Atom = 2902
 HiCu.GridGen         :: Tau = 0.10D-03, <Rho> = 0.17999897D+03, <Exc> = -.32471657D+03, Pts/Atom = 5516
 HiCu.GridGen         :: Tau = 0.10D-04, <Rho> = 0.17999961D+03, <Exc> = -.32472397D+03, Pts/Atom = 10313
 HiCu.GridGen         :: Tau = 0.10D-05, <Rho> = 0.18000008D+03, <Exc> = -.32472533D+03, Pts/Atom = 19712
 HiCu.GridGen         :: Tau = 0.10D-06, <Rho> = 0.18000002D+03, <Exc> = -.32472563D+03, Pts/Atom = 36978
 HiCu.GridGen         :: TauRel = 0.10D-06, RhoErr = 0.14D-06, <Exc> = -.32472563D+03
 HiCu.GridGen         :: CPU Sec = 0.11D+04, WALL Sec = 0.97D+04
 HiCu.MakeKxc         :: WALL (Sec) = 0.63D+04
 HiCu                 :: Kxc[2] CheckSum  = 0.2126056442556266D+02
 HiCu                 :: WALL (Sec) = 0.16D+05
 HiCu                 :: Allocs=495662,  DeAllocs=190226, 166027424 bytes are presently allocated.
                         A max of 167533848 bytes were allocated.
>-Exiting HiCu 08/28/02 @ 03:52:09-<
<<Entering FockNGrueven 08/28/02 @ 03:52:09>>
 FockNGrueven         :: F[2] CheckSum  = 0.8478190056080041D+02
 FockNGrueven         :: OrthoF[2] CheckSum  = 0.7707246608654380D+02
 FockNGrueven         :: CPU (Sec,MFLOPS) = (0.58D+00, 183),
                         WALL(Sec,MFLOPS) = (0.58D+00, 183)
 FockNGrueven         :: Allocs=37,  DeAllocs=33, 736564 bytes are presently allocated.
                         A max of 2847168 bytes were allocated.
>-Exiting FockNGrueven 08/28/02 @ 03:52:10-<
<<Entering DIIS 08/28/02 @ 03:52:10>>
 DIIS                 :: Cond# = 0.22D+04, MIN(E) = 0.66D-03
 DIIS : Pulay C1      :: DIISCo = -.32D+01, 0.42D+01
 DIIS                 :: F_DIIS[2] CheckSum  = 0.7700487470166061D+02
 DIIS                 :: CPU (Sec,MFLOPS) = (0.62D+00, 173),
                         WALL(Sec,MFLOPS) = (0.62D+00, 173)
 DIIS                 :: Allocs=45,  DeAllocs=40, 216 bytes are presently allocated.
                         A max of 3026148 bytes were allocated.
>-Exiting DIIS 08/28/02 @ 03:52:11-<
<<Entering RHEqs 08/28/02 @ 03:52:11>>
 RHEqs                :: HOMO = -.14512261D+00, LUMO = -.62042495D-01
 RHEqs                :: OrthoP[3] CheckSum  = 0.1341640786499868D+02
 RHEqs                :: P[3] CheckSum  = 0.1147905669897205D+02
 RHEqs                :: CPU (Sec,MFLOPS) = (0.36D+01, 29),
                         WALL(Sec,MFLOPS) = (0.36D+01, 29)
 RHEqs                :: Allocs=31,  DeAllocs=29, 1440000 bytes are presently allocated.
                         A max of 3687912 bytes were allocated.
>-Exiting RHEqs 08/28/02 @ 03:52:14-<
<<Entering SCFStatus 08/28/02 @ 03:52:15>>
 
= = = = = SCFCycle #2, Basis #1, Geometry #1 = = = = =

       Gap     = 0.83D-01
       DIISErr = 0.40D-03
       MaxDelD = 0.44D-02
       <T>     = 0.22589749D+04
       <V>     = -.42123618D+04
       <DFT>   = -.32472563D+03
       <SCF>   = -2278.11255516

 SCFStatus            :: CPU (Sec,MFLOPS) = (0.70D-01, 9),
                         WALL(Sec,MFLOPS) = (0.70D-01, 9)
 SCFStatus            :: Allocs=16,  DeAllocs=16, 0 bytes are presently allocated.
                         A max of 2247900 bytes were allocated.
>-Exiting SCFStatus 08/28/02 @ 03:52:15-<
<<Entering MakeRho 08/28/02 @ 03:52:15>>
 MakeRho : Pruned Rho :: dNel = -.42D-07, kept 22% of distributions.
 MakeRho : Moments    :: <r> = (0.21D-06, 0.46D-07, -.14D-07), <r^2> = 0.34D+03
 MakeRho              :: Rho CheckSum  = 0.3309610268802912D+04
 MakeRho              :: CPU Sec = 0.31D+02, WALL Sec = 0.31D+02
 MakeRho              :: Allocs=64,  DeAllocs=59, 728 bytes are presently allocated.
                         A max of 41958356 bytes were allocated.
>-Exiting MakeRho 08/28/02 @ 03:52:46-<
<<Entering QCTC 08/28/02 @ 03:52:46>>
 QCTC                 :: J[3] CheckSum  = 0.1861430026837888D+03
 QCTC                 :: CPU Sec = 0.16D+04, WALL Sec = 0.59D+04
 QCTC                 :: Allocs=576653,  DeAllocs=50, 97403504 bytes are presently allocated.
                         A max of 110610920 bytes were allocated.
>-Exiting QCTC 08/28/02 @ 05:30:59-<
<<Entering HiCu 08/28/02 @ 05:30:59>>
 HiCu.GridGen         :: Tau = 0.10D-01, <Rho> = 0.17991742D+03, <Exc> = -.32398084D+03, Pts/Atom = 1353
 HiCu.GridGen         :: Tau = 0.10D-02, <Rho> = 0.18003192D+03, <Exc> = -.32488711D+03, Pts/Atom = 2893
 HiCu.GridGen         :: Tau = 0.10D-03, <Rho> = 0.17999842D+03, <Exc> = -.32479815D+03, Pts/Atom = 5520
 HiCu.GridGen         :: Tau = 0.10D-04, <Rho> = 0.17999953D+03, <Exc> = -.32480664D+03, Pts/Atom = 10327
 HiCu.GridGen         :: Tau = 0.10D-05, <Rho> = 0.18000008D+03, <Exc> = -.32480823D+03, Pts/Atom = 19740
 HiCu.GridGen         :: Tau = 0.10D-06, <Rho> = 0.18000002D+03, <Exc> = -.32480853D+03, Pts/Atom = 36964
 HiCu.GridGen         :: TauRel = 0.10D-06, RhoErr = 0.14D-06, <Exc> = -.32480853D+03
 HiCu.GridGen         :: CPU Sec = 0.11D+04, WALL Sec = 0.97D+04
 HiCu.MakeKxc         :: WALL (Sec) = 0.63D+04
 HiCu                 :: Kxc[3] CheckSum  = 0.2126203922564239D+02
 HiCu                 :: WALL (Sec) = 0.16D+05
 HiCu                 :: Allocs=495518,  DeAllocs=190154, 165966944 bytes are presently allocated.
                         A max of 167473368 bytes were allocated.
>-Exiting HiCu 08/28/02 @ 09:56:57-<
<<Entering FockNGrueven 08/28/02 @ 09:56:57>>
 FockNGrueven         :: F[3] CheckSum  = 0.8473323779892844D+02
 FockNGrueven         :: OrthoF[3] CheckSum  = 0.7703628097485887D+02
 FockNGrueven         :: CPU (Sec,MFLOPS) = (0.57D+00, 186),
                         WALL(Sec,MFLOPS) = (0.57D+00, 186)
 FockNGrueven         :: Allocs=37,  DeAllocs=33, 736564 bytes are presently allocated.
                         A max of 2847168 bytes were allocated.
>-Exiting FockNGrueven 08/28/02 @ 09:56:58-<
<<Entering DIIS 08/28/02 @ 09:56:58>>
 DIIS                 :: Cond# = 0.23D+05, MIN(E) = 0.76D-04
 DIIS : Pulay C1      :: DIISCo = -.11D+01, 0.13D+01, 0.72D+00
 DIIS                 :: F_DIIS[3] CheckSum  = 0.7702360898095272D+02
 DIIS                 :: CPU (Sec,MFLOPS) = (0.69D+00, 156),
                         WALL(Sec,MFLOPS) = (0.71D+00, 152)
 DIIS                 :: Allocs=49,  DeAllocs=44, 272 bytes are presently allocated.
                         A max of 3026148 bytes were allocated.
>-Exiting DIIS 08/28/02 @ 09:56:59-<
<<Entering RHEqs 08/28/02 @ 09:56:59>>
 RHEqs                :: HOMO = -.14753202D+00, LUMO = -.64294619D-01
 RHEqs                :: OrthoP[4] CheckSum  = 0.1341640786499883D+02
 RHEqs                :: P[4] CheckSum  = 0.1147946731501137D+02
 RHEqs                :: CPU (Sec,MFLOPS) = (0.35D+01, 30),
                         WALL(Sec,MFLOPS) = (0.35D+01, 30)
 RHEqs                :: Allocs=31,  DeAllocs=29, 1440000 bytes are presently allocated.
                         A max of 3687912 bytes were allocated.
>-Exiting RHEqs 08/28/02 @ 09:57:02-<
<<Entering SCFStatus 08/28/02 @ 09:57:02>>
 
= = = = = SCFCycle #3, Basis #1, Geometry #1 = = = = =

       Gap     = 0.83D-01
       DIISErr = 0.53D-04
       MaxDelD = 0.16D-02
       <T>     = 0.22601087D+04
       <V>     = -.42134164D+04
       <DFT>   = -.32480853D+03
       <SCF>   = -2278.11619531

 SCFStatus            :: CPU (Sec,MFLOPS) = (0.70D-01, 9),
                         WALL(Sec,MFLOPS) = (0.80D-01, 8)
 SCFStatus            :: Allocs=16,  DeAllocs=16, 0 bytes are presently allocated.
                         A max of 2247900 bytes were allocated.
>-Exiting SCFStatus 08/28/02 @ 09:57:02-<
<<Entering MakeRho 08/28/02 @ 09:57:03>>
 MakeRho : Pruned Rho :: dNel = -.43D-07, kept 22% of distributions.
 MakeRho : Moments    :: <r> = (-.46D-06, -.87D-07, 0.73D-07), <r^2> = 0.34D+03
 MakeRho              :: Rho CheckSum  = 0.3309565831914643D+04
 MakeRho              :: CPU Sec = 0.31D+02, WALL Sec = 0.31D+02
 MakeRho              :: Allocs=64,  DeAllocs=59, 728 bytes are presently allocated.
                         A max of 41931476 bytes were allocated.
>-Exiting MakeRho 08/28/02 @ 09:57:34-<
<<Entering QCTC 08/28/02 @ 09:57:34>>
 QCTC                 :: J[4] CheckSum  = 0.1861263271608197D+03
 QCTC                 :: CPU Sec = 0.16D+04, WALL Sec = 0.59D+04
 QCTC                 :: Allocs=574253,  DeAllocs=50, 97019504 bytes are presently allocated.
                         A max of 110182760 bytes were allocated.
>-Exiting QCTC 08/28/02 @ 11:35:50-<
<<Entering HiCu 08/28/02 @ 11:35:51>>
 HiCu.GridGen         :: Tau = 0.10D-01, <Rho> = 0.17991755D+03, <Exc> = -.32398679D+03, Pts/Atom = 1353
 HiCu.GridGen         :: Tau = 0.10D-02, <Rho> = 0.18003204D+03, <Exc> = -.32489362D+03, Pts/Atom = 2898
 HiCu.GridGen         :: Tau = 0.10D-03, <Rho> = 0.17999841D+03, <Exc> = -.32480325D+03, Pts/Atom = 5520
 HiCu.GridGen         :: Tau = 0.10D-04, <Rho> = 0.17999952D+03, <Exc> = -.32481178D+03, Pts/Atom = 10322
 HiCu.GridGen         :: Tau = 0.10D-05, <Rho> = 0.18000008D+03, <Exc> = -.32481340D+03, Pts/Atom = 19740
 HiCu.GridGen         :: Tau = 0.10D-06, <Rho> = 0.18000002D+03, <Exc> = -.32481369D+03, Pts/Atom = 36964
 HiCu.GridGen         :: TauRel = 0.10D-06, RhoErr = 0.14D-06, <Exc> = -.32481369D+03
 HiCu.GridGen         :: CPU Sec = 0.11D+04, WALL Sec = 0.97D+04
 HiCu.MakeKxc         :: WALL (Sec) = 0.63D+04
 HiCu                 :: Kxc[4] CheckSum  = 0.2126223768062259D+02
 HiCu                 :: WALL (Sec) = 0.16D+05
 HiCu                 :: Allocs=495038,  DeAllocs=190154, 165951584 bytes are presently allocated.
                         A max of 167458008 bytes were allocated.
>-Exiting HiCu 08/28/02 @ 16:01:54-<
<<Entering FockNGrueven 08/28/02 @ 16:01:54>>
 FockNGrueven         :: F[4] CheckSum  = 0.8471442128769917D+02
 FockNGrueven         :: OrthoF[4] CheckSum  = 0.7702348890948218D+02
 FockNGrueven         :: CPU (Sec,MFLOPS) = (0.57D+00, 186),
                         WALL(Sec,MFLOPS) = (0.57D+00, 186)
 FockNGrueven         :: Allocs=37,  DeAllocs=33, 736564 bytes are presently allocated.
                         A max of 2847168 bytes were allocated.
>-Exiting FockNGrueven 08/28/02 @ 16:01:54-<
<<Entering DIIS 08/28/02 @ 16:01:54>>
 DIIS                 :: Cond# = 0.31D+07, MIN(E) = 0.65D-06
 DIIS : Pulay C1      :: DIISCo = -.24D+00, 0.30D+00, 0.16D+00, 0.78D+00
 DIIS                 :: F_DIIS[4] CheckSum  = 0.7702352834258272D+02
 DIIS                 :: CPU (Sec,MFLOPS) = (0.76D+00, 143),
                         WALL(Sec,MFLOPS) = (0.77D+00, 141)
 DIIS                 :: Allocs=54,  DeAllocs=49, 344 bytes are presently allocated.
                         A max of 3026148 bytes were allocated.
>-Exiting DIIS 08/28/02 @ 16:01:55-<
<<Entering RHEqs 08/28/02 @ 16:01:55>>
 RHEqs                :: HOMO = -.14751748D+00, LUMO = -.64290566D-01
 RHEqs                :: OrthoP[5] CheckSum  = 0.1341640786499878D+02
 RHEqs                :: P[5] CheckSum  = 0.1147946557603812D+02
 RHEqs                :: CPU (Sec,MFLOPS) = (0.36D+01, 29),
                         WALL(Sec,MFLOPS) = (0.36D+01, 29)
 RHEqs                :: Allocs=31,  DeAllocs=29, 1440000 bytes are presently allocated.
                         A max of 3687912 bytes were allocated.
>-Exiting RHEqs 08/28/02 @ 16:01:59-<
<<Entering SCFStatus 08/28/02 @ 16:01:59>>
 
= = = = = SCFCycle #4, Basis #1, Geometry #1 = = = = =

       Gap     = 0.83D-01
       DIISErr = 0.14D-05
       MaxDelD = 0.58D-04
       <T>     = 0.22601267D+04
       <V>     = -.42134295D+04
       <DFT>   = -.32481369D+03
       <SCF>   = -2278.11645279

 SCFStatus            :: CPU (Sec,MFLOPS) = (0.80D-01, 8),
                         WALL(Sec,MFLOPS) = (0.80D-01, 8)
 SCFStatus            :: Allocs=16,  DeAllocs=16, 0 bytes are presently allocated.
                         A max of 2247900 bytes were allocated.
>-Exiting SCFStatus 08/28/02 @ 16:01:59-<
<<Entering MakeRho 08/28/02 @ 16:01:59>>
 MakeRho : Pruned Rho :: dNel = -.43D-07, kept 22% of distributions.
 MakeRho : Moments    :: <r> = (0.11D-05, 0.19D-06, -.14D-06), <r^2> = 0.34D+03
 MakeRho              :: Rho CheckSum  = 0.3309566392775526D+04
 MakeRho              :: CPU Sec = 0.31D+02, WALL Sec = 0.31D+02
 MakeRho              :: Allocs=64,  DeAllocs=59, 728 bytes are presently allocated.
                         A max of 41931476 bytes were allocated.
>-Exiting MakeRho 08/28/02 @ 16:02:30-<
<<Entering QCTC 08/28/02 @ 16:02:30>>
 QCTC                 :: J[5] CheckSum  = 0.1861264015017763D+03
 QCTC                 :: CPU Sec = 0.16D+04, WALL Sec = 0.59D+04
 QCTC                 :: Allocs=574253,  DeAllocs=50, 97019504 bytes are presently allocated.
                         A max of 110182760 bytes were allocated.
>-Exiting QCTC 08/28/02 @ 17:40:47-<
<<Entering HiCu 08/28/02 @ 17:40:47>>
 HiCu.GridGen         :: Tau = 0.10D-01, <Rho> = 0.17992196D+03, <Exc> = -.32402249D+03, Pts/Atom = 1353
 HiCu.GridGen         :: Tau = 0.10D-02, <Rho> = 0.18003749D+03, <Exc> = -.32489343D+03, Pts/Atom = 2902
 HiCu.GridGen         :: Tau = 0.10D-03, <Rho> = 0.17999893D+03, <Exc> = -.32480422D+03, Pts/Atom = 5520
 HiCu.GridGen         :: Tau = 0.10D-04, <Rho> = 0.17999958D+03, <Exc> = -.32481183D+03, Pts/Atom = 10318
 HiCu.GridGen         :: Tau = 0.10D-05, <Rho> = 0.18000008D+03, <Exc> = -.32481339D+03, Pts/Atom = 19735
 HiCu.GridGen         :: Tau = 0.10D-06, <Rho> = 0.18000003D+03, <Exc> = -.32481369D+03, Pts/Atom = 36950
 HiCu.GridGen         :: TauRel = 0.10D-06, RhoErr = 0.14D-06, <Exc> = -.32481369D+03
 HiCu.GridGen         :: CPU Sec = 0.11D+04, WALL Sec = 0.97D+04
 HiCu.MakeKxc         :: WALL (Sec) = 0.63D+04
 HiCu                 :: Kxc[5] CheckSum  = 0.2126223726428077D+02
 HiCu                 :: WALL (Sec) = 0.16D+05
 HiCu                 :: Allocs=494894,  DeAllocs=190082, 165891104 bytes are presently allocated.
                         A max of 167397528 bytes were allocated.
>-Exiting HiCu 08/28/02 @ 22:06:45-<
<<Entering FockNGrueven 08/28/02 @ 22:06:46>>
 FockNGrueven         :: F[5] CheckSum  = 0.8471450531799439D+02
 FockNGrueven         :: OrthoF[5] CheckSum  = 0.7702354540899501D+02
 FockNGrueven         :: CPU (Sec,MFLOPS) = (0.56D+00, 190),
                         WALL(Sec,MFLOPS) = (0.57D+00, 186)
 FockNGrueven         :: Allocs=37,  DeAllocs=33, 736564 bytes are presently allocated.
                         A max of 2847168 bytes were allocated.
>-Exiting FockNGrueven 08/28/02 @ 22:06:46-<
<<Entering DIIS 08/28/02 @ 22:06:46>>
 DIIS                 :: Cond# = 0.35D+08, MIN(E) = 0.65D-07
 DIIS : Pulay C1      :: DIISCo = -.16D+00, 0.21D+00, 0.11D+00,
                                  0.55D+00, 0.29D+00
 DIIS                 :: F_DIIS[5] CheckSum  = 0.7702353137223456D+02
 DIIS                 :: CPU (Sec,MFLOPS) = (0.86D+00, 128),
                         WALL(Sec,MFLOPS) = (0.86D+00, 128)
 DIIS                 :: Allocs=60,  DeAllocs=55, 432 bytes are presently allocated.
                         A max of 3026148 bytes were allocated.
>-Exiting DIIS 08/28/02 @ 22:06:47-<
<<Entering RHEqs 08/28/02 @ 22:06:47>>
 RHEqs                :: HOMO = -.14751977D+00, LUMO = -.64289681D-01
 RHEqs                :: OrthoP[6] CheckSum  = 0.1341640786499872D+02
 RHEqs                :: P[6] CheckSum  = 0.1147946548306751D+02
 RHEqs                :: CPU (Sec,MFLOPS) = (0.35D+01, 30),
                         WALL(Sec,MFLOPS) = (0.36D+01, 29)
 RHEqs                :: Allocs=31,  DeAllocs=29, 1440000 bytes are presently allocated.
                         A max of 3687912 bytes were allocated.
>-Exiting RHEqs 08/28/02 @ 22:06:51-<
<<Entering SCFStatus 08/28/02 @ 22:06:51>>
 
= = = = = SCFCycle #5, Basis #1, Geometry #1 = = = = =

       Gap     = 0.83D-01
       DIISErr = 0.83D-06
       MaxDelD = 0.36D-04
       <T>     = 0.22601267D+04
       <V>     = -.42134295D+04
       <DFT>   = -.32481369D+03
       <SCF>   = -2278.11645304

 SCFStatus            :: CPU (Sec,MFLOPS) = (0.70D-01, 9),
                         WALL(Sec,MFLOPS) = (0.80D-01, 8)
 SCFStatus            :: Allocs=16,  DeAllocs=16, 0 bytes are presently allocated.
                         A max of 2247900 bytes were allocated.
>-Exiting SCFStatus 08/28/02 @ 22:06:51-<
 Normal SCF convergence.
 Convergence statistics for RPBEx/PBEc/STO-6G:
========================================================================
SCF    Ink       Total             Delta       Max         DIIS   
Cycle  Fok       Energy            E_Tot       Delta P     Error  
  0,    F,           0.00000000, 0.0000D+00, 0.0000D+00, 0.0000D+00, 
  1,    F,       -2278.10875468, 0.3159D-02, 0.6783D+00, 0.0000D+00, 
  2,    F,       -2278.11255516, 0.1668D-05, 0.1952D-02, 0.3991D-03, 
  3,    F,       -2278.11619531, 0.1598D-05, 0.2823D-02, 0.5273D-04, 
  4,    F,       -2278.11645279, 0.1130D-06, 0.1563D-02, 0.1352D-05, 
  5,    F,       -2278.11645304, 0.1065D-09, 0.2230D-04, 0.8305D-06, 
========================================================================
>-Succesfull MondoSCF run 08/28/02 @ 22:06:51-<
