

 __    __                 _       ____________ ______ 
|  \  /  |               | |     /       /    |      |
|   \/   | ___  _ __   __| | ___/   ____/   __|  |==='
|        |/ _ \| '_ \ / _  |/ _ \____  \   (__|  ____|
|  |\/|  | (_) | | | | (_| | (_) )     /\     |  |    
|__|  |__|\___/|_| |_|\____|\___/_____/  \____|__|    

 Version 1.0 alpha 4                                  
 A program suite for O(N) SCF theory and ab initio MD 
 Matt Challacombe, Eric Schwegler, C.J. Tymczak,      
 Chee Kwan Gan, Karoly Nemeth and Anders Niklasson    
 Los Alamos National Laboratory (LA-CC 01-2)          
 Copywrite 2001, University of California.            

 Compiled for AMDLinux.PG, executing on zinc19
 a i686 machine running Linux 2.4.2-2

Water Cluster Scaling                                                                                                           
  
<<Starting MondoSCF 09/03/02 @ 12:21:25>>
 ** Auto-Wraps at default value => (Off) **
 ** Atom-Wrap at default value => (AtomWrap-Off) **
 ** Lattice Vector Format at default value => (Vector Format) **
 ** Coodinate Format at default value => (Atomic Coord) **
========================================================================
 Internal representation of the geometry:
 Geometry originally in Angstroms has been converted to AU.
 Geometry has been reordered using the Hilbert curve.
 Number of electrons = 360
------------------------------------------------------------------------
  *** Periodic is Off *** 
------------------------------------------------------------------------
 1   c    -.48745104D+01   -.13675758D+01   -.43067044D+01
 2   c    -.26616602D+01   -.22128313D+01   -.56743180D+01
 3   c    -.13675758D+01   -.43067044D+01   -.48745104D+01
 4   c    -.22128313D+01   -.56743180D+01   -.26616602D+01
 5   c    -.56743180D+01   -.26616602D+01   -.22128313D+01
 6   c    -.43067044D+01   -.48745104D+01   -.13675758D+01
 7   c    -.43067044D+01   -.48745104D+01   0.13675758D+01
 8   c    -.22128313D+01   -.56743180D+01   0.26616602D+01
 9   c    -.13675758D+01   -.43067044D+01   0.48745104D+01
 10   c    -.48745104D+01   -.13675758D+01   0.43067044D+01
 11   c    -.26616602D+01   -.22128313D+01   0.56743180D+01
 12   c    -.56743180D+01   -.26616602D+01   0.22128313D+01
 13   c    -.65195547D+01   -.12940844D+01   0.00000000D+00
 14   c    -.65195547D+01   0.12940844D+01   0.00000000D+00
 15   c    -.56743180D+01   0.26616602D+01   0.22128313D+01
 16   c    -.48745104D+01   0.13675758D+01   0.43067044D+01
 17   c    -.43067044D+01   0.48745104D+01   0.13675758D+01
 18   c    -.22128313D+01   0.56743180D+01   0.26616602D+01
 19   c    -.13675758D+01   0.43067044D+01   0.48745104D+01
 20   c    -.26616602D+01   0.22128313D+01   0.56743180D+01
 21   c    -.12940844D+01   0.00000000D+00   0.65195547D+01
 22   c    -.22128313D+01   0.56743180D+01   -.26616602D+01
 23   c    -.43067044D+01   0.48745104D+01   -.13675758D+01
 24   c    -.56743180D+01   0.26616602D+01   -.22128313D+01
 25   c    -.48745104D+01   0.13675758D+01   -.43067044D+01
 26   c    -.13675758D+01   0.43067044D+01   -.48745104D+01
 27   c    -.26616602D+01   0.22128313D+01   -.56743180D+01
 28   c    -.12940844D+01   0.00000000D+00   -.65195547D+01
 29   c    0.12940844D+01   0.00000000D+00   -.65195547D+01
 30   c    0.26616602D+01   0.22128313D+01   -.56743180D+01
 31   c    0.13675758D+01   0.43067044D+01   -.48745104D+01
 32   c    0.48745104D+01   0.13675758D+01   -.43067044D+01
 33   c    0.56743180D+01   0.26616602D+01   -.22128313D+01
 34   c    0.43067044D+01   0.48745104D+01   -.13675758D+01
 35   c    0.22128313D+01   0.56743180D+01   -.26616602D+01
 36   c    0.00000000D+00   0.65195547D+01   -.12940844D+01
 37   c    0.12940844D+01   0.00000000D+00   0.65195547D+01
 38   c    0.26616602D+01   0.22128313D+01   0.56743180D+01
 39   c    0.13675758D+01   0.43067044D+01   0.48745104D+01
 40   c    0.22128313D+01   0.56743180D+01   0.26616602D+01
 41   c    0.00000000D+00   0.65195547D+01   0.12940844D+01
 42   c    0.43067044D+01   0.48745104D+01   0.13675758D+01
 43   c    0.48745104D+01   0.13675758D+01   0.43067044D+01
 44   c    0.56743180D+01   0.26616602D+01   0.22128313D+01
 45   c    0.65195547D+01   0.12940844D+01   0.00000000D+00
 46   c    0.65195547D+01   -.12940844D+01   0.00000000D+00
 47   c    0.56743180D+01   -.26616602D+01   0.22128313D+01
 48   c    0.26616602D+01   -.22128313D+01   0.56743180D+01
 49   c    0.48745104D+01   -.13675758D+01   0.43067044D+01
 50   c    0.13675758D+01   -.43067044D+01   0.48745104D+01
 51   c    0.22128313D+01   -.56743180D+01   0.26616602D+01
 52   c    0.00000000D+00   -.65195547D+01   0.12940844D+01
 53   c    0.43067044D+01   -.48745104D+01   0.13675758D+01
 54   c    0.43067044D+01   -.48745104D+01   -.13675758D+01
 55   c    0.56743180D+01   -.26616602D+01   -.22128313D+01
 56   c    0.00000000D+00   -.65195547D+01   -.12940844D+01
 57   c    0.22128313D+01   -.56743180D+01   -.26616602D+01
 58   c    0.13675758D+01   -.43067044D+01   -.48745104D+01
 59   c    0.26616602D+01   -.22128313D+01   -.56743180D+01
 60   c    0.48745104D+01   -.13675758D+01   -.43067044D+01
========================================================================
 ParseGeometry        :: Allocs=14,  DeAllocs=14, 0 bytes are presently allocated.
                         A max of 7968 bytes were allocated.
 Base(1)%BName   = STO-6G
 Opening BasFile = /home/mchalla/MONDOf/BasisSets/STO-6G.bas
 ParseBaseSets        :: Allocs=61,  DeAllocs=60, 480 bytes are presently allocated.
                         A max of 25480 bytes were allocated.
 Current HDF file :: /scratch/mchalla/c60_PM_1D-3_9275.hdf

 PROGRAM OF CALCULATIONS:

  A restricted Roothaan-Hall solution of the SCF using
  a tight accuracy level, STO-6G and the PBEx/PBEc model.
 

 Accuracy level 3 for the STO-6G basis set:
  TrixNeglect = 0.10D-05, CubeNeglect = 0.10D-06,
  TwoENeglect = 0.10D-09, DistNeglect = 0.10D-11
 MaxAtms = 61, MaxBlks = 3601, MaxNon0 = 90001, BndWdth = 60
<<Entering MakeS 09/03/02 @ 12:21:27>>
 MakeS                :: S CheckSum  = 0.2079758492972368D+02
 MakeS                :: CPU Sec = 0.21D+01, WALL Sec = 0.21D+01
 MakeS                :: Allocs=37,  DeAllocs=36, 24 bytes are presently allocated.
                         A max of 1514328 bytes were allocated.
>-Exiting MakeS 09/03/02 @ 12:21:29-<
<<Entering BlokAInv 09/03/02 @ 12:21:29>>
 BlokAInv             :: CPU (Sec,MFLOPS) = (0.14D+00, 145),
                         WALL(Sec,MFLOPS) = (0.16D+00, 127)
 BlokAInv             :: Max(Z^t.A.Z-I)=0.67D-06, TrixThrsh=0.10D-05
 BlokAInv             :: Z CheckSum  = 0.2334035849474413D+02
 BlokAInv             :: CPU (Sec,MFLOPS) = (0.41D+00, 183),
                         WALL(Sec,MFLOPS) = (0.43D+00, 175)
 BlokAInv             :: Allocs=75,  DeAllocs=41, 2255484 bytes are presently allocated.
                         A max of 3754336 bytes were allocated.
>-Exiting BlokAInv 09/03/02 @ 12:21:30-<
<<Entering MakeT 09/03/02 @ 12:21:30>>
 MakeT                :: T CheckSum  = 0.1263168604614581D+03
 MakeT                :: CPU Sec = 0.22D+01, WALL Sec = 0.22D+01
 MakeT                :: Allocs=33,  DeAllocs=32, 24 bytes are presently allocated.
                         A max of 1508752 bytes were allocated.
>-Exiting MakeT 09/03/02 @ 12:21:32-<
<<Entering P2Use 09/03/02 @ 12:21:33>>
 P2Use                :: P[0] CheckSum  = 0.2992908355270476D+02
 P2Use                :: CPU (Sec,MFLOPS) = (0.14D+00, 136),
                         WALL(Sec,MFLOPS) = (0.14D+00, 136)
 P2Use                :: Allocs=52,  DeAllocs=48, 749060 bytes are presently allocated.
                         A max of 3765604 bytes were allocated.
>-Exiting P2Use 09/03/02 @ 12:21:33-<
<<Entering MakeRho 09/03/02 @ 12:21:33>>
 MakeRho : Pruned Rho :: dNel = 0.15D-08, kept 19% of distributions.
 MakeRho : Moments    :: <r> = (0.22D+01, 0.61D-01, -.76D-02), <r^2> = 0.31D+03
 MakeRho              :: Rho CheckSum  = 0.3751010242007360D+04
 MakeRho              :: CPU Sec = 0.30D+02, WALL Sec = 0.30D+02
 MakeRho              :: Allocs=64,  DeAllocs=59, 728 bytes are presently allocated.
                         A max of 40774660 bytes were allocated.
>-Exiting MakeRho 09/03/02 @ 12:22:03-<
<<Entering QCTC 09/03/02 @ 12:22:03>>
 QCTC                 :: J[0] CheckSum  = 0.1818575294401252D+03
 QCTC                 :: CPU Sec = 0.67D+03, WALL Sec = 0.50D+04
 QCTC                 :: Allocs=507223,  DeAllocs=50, 85482544 bytes are presently allocated.
                         A max of 97006368 bytes were allocated.
>-Exiting QCTC 09/03/02 @ 13:44:53-<
<<Entering HiCu 09/03/02 @ 13:44:53>>
 HiCu.GridGen         :: Tau = 0.10D-01, <Rho> = 0.18009461D+03, <Exc> = -.34076462D+03, Pts/Atom = 1547
 HiCu.GridGen         :: Tau = 0.10D-02, <Rho> = 0.18003877D+03, <Exc> = -.34071453D+03, Pts/Atom = 2961
 HiCu.GridGen         :: Tau = 0.10D-03, <Rho> = 0.18000473D+03, <Exc> = -.34058892D+03, Pts/Atom = 5778
 HiCu.GridGen         :: Tau = 0.10D-04, <Rho> = 0.18000102D+03, <Exc> = -.34057345D+03, Pts/Atom = 10847
 HiCu.GridGen         :: Tau = 0.10D-05, <Rho> = 0.18000007D+03, <Exc> = -.34056987D+03, Pts/Atom = 20609
 HiCu.GridGen         :: Tau = 0.10D-06, <Rho> = 0.18000005D+03, <Exc> = -.34056986D+03, Pts/Atom = 38542
 HiCu.GridGen         :: TauRel = 0.10D-06, RhoErr = 0.27D-06, <Exc> = -.34056986D+03
 HiCu.GridGen         :: CPU Sec = 0.33D+02, WALL Sec = 0.86D+04
 HiCu.MakeKxc         :: WALL (Sec) = 0.65D+04
 HiCu                 :: Kxc[0] CheckSum  = 0.2136999719947231D+02
 HiCu                 :: WALL (Sec) = 0.15D+05
 HiCu                 :: Allocs=497856,  DeAllocs=198266, 171930592 bytes are presently allocated.
                         A max of 173437016 bytes were allocated.
>-Exiting HiCu 09/03/02 @ 17:57:11-<
<<Entering FockNGrueven 09/03/02 @ 17:57:11>>
 FockNGrueven         :: F[0] CheckSum  = 0.8059520330835382D+02
 FockNGrueven         :: OrthoF[0] CheckSum  = 0.7336075693576426D+02
 FockNGrueven         :: CPU (Sec,MFLOPS) = (0.33D+00, 167),
                         WALL(Sec,MFLOPS) = (0.34D+00, 162)
 FockNGrueven         :: Allocs=37,  DeAllocs=33, 380468 bytes are presently allocated.
                         A max of 2862144 bytes were allocated.
>-Exiting FockNGrueven 09/03/02 @ 17:57:11-<
<<Entering PM 09/03/02 @ 17:57:11>>
 PM                   :: Trix = 0.10D-02
 PM : Pure 1          :: dE=0.10D+01, dP=0.71D-01, ThrX=0.10D-02, %Non0=21
 PM : Pure 2          :: dE=0.61D-01, dP=0.65D-01, ThrX=0.10D-02, %Non0=21
 PM : Pure 3          :: dE=0.37D-01, dP=0.46D-01, ThrX=0.10D-02, %Non0=21
 PM : Pure 4          :: dE=0.13D-01, dP=0.35D-01, ThrX=0.10D-02, %Non0=21
 PM : Pure 5          :: dE=0.74D-02, dP=0.47D-01, ThrX=0.10D-02, %Non0=21
 PM : Pure 6          :: dE=0.98D-02, dP=0.66D-01, ThrX=0.10D-02, %Non0=21
 PM : Pure 7          :: dE=0.13D-01, dP=0.88D-01, ThrX=0.10D-02, %Non0=24
 PM : Pure 8          :: dE=0.15D-01, dP=0.10D+00, ThrX=0.10D-02, %Non0=31
 PM : Pure 9          :: dE=0.13D-01, dP=0.11D+00, ThrX=0.10D-02, %Non0=41
 PM : Pure 10         :: dE=0.83D-02, dP=0.87D-01, ThrX=0.10D-02, %Non0=50
 PM : Pure 11         :: dE=0.40D-02, dP=0.52D-01, ThrX=0.10D-02, %Non0=64
 PM : Pure 12         :: dE=0.19D-02, dP=0.41D-01, ThrX=0.10D-02, %Non0=79
 PM : Pure 13         :: dE=0.10D-02, dP=0.31D-01, ThrX=0.10D-02, %Non0=88
 PM : Pure 14         :: dE=0.51D-03, dP=0.23D-01, ThrX=0.10D-02, %Non0=97
 PM : Pure 15         :: dE=0.24D-03, dP=0.18D-01, ThrX=0.10D-02, %Non0=98
 PM : Pure 16         :: dE=0.11D-03, dP=0.14D-01, ThrX=0.10D-02, %Non0=99
 PM : Pure 17         :: dE=0.60D-04, dP=0.12D-01, ThrX=0.10D-02, %Non0=99
 PM : Pure 18         :: dE=0.36D-04, dP=0.12D-01, ThrX=0.10D-02, %Non0=99
 PM : Pure 19         :: dE=0.19D-04, dP=0.12D-01, ThrX=0.10D-02, %Non0=99
 PM : Pure 20         :: dE=0.91D-05, dP=0.15D-01, ThrX=0.10D-02, %Non0=99
 PM : Hit dP increase :: Tr{FP}=-.6039710666369014D+03, dNel = 0.17D-12
 PM                   :: 20 purification steps, 43 matrix multiplies
 PM                   :: Fractional occupation = 0.60D+00, %Non0s = 99
 PM : Max abs errors  :: dE=0.55D-02, dP=0.15D-01, [F,P]=0.25D-01
 PM                   :: Rel dE=0.91D-05, ||dP||_F=0.13D+00, ||[F,P]||_F=0.23D+00
 PM                   :: OrthoP[1] CheckSum  = 0.1340460931399844D+02
 PM                   :: P[1] CheckSum  = 0.1148749012859262D+02
 PM                   :: CPU (Sec,MFLOPS) = (0.66D+01, 188),
                         WALL(Sec,MFLOPS) = (0.67D+01, 188)
 PM                   :: Allocs=329,  DeAllocs=321, 1498120 bytes are presently allocated.
                         A max of 5244152 bytes were allocated.
>-Exiting PM 09/03/02 @ 17:57:18-<
<<Entering SCFStatus 09/03/02 @ 17:57:18>>
 
= = = = = SCFCycle #0, Basis #1, Geometry #1 = = = = =

       MaxDelD = 0.26D+01
       <T>     = 0.25373868D+04
       <V>     = -.43738686D+04
       <DFT>   = -.34056986D+03
       <SCF>   = -2177.05163810

 SCFStatus            :: CPU (Sec,MFLOPS) = (0.70D-01, 9),
                         WALL(Sec,MFLOPS) = (0.70D-01, 9)
 SCFStatus            :: Allocs=16,  DeAllocs=16, 0 bytes are presently allocated.
                         A max of 2247900 bytes were allocated.
>-Exiting SCFStatus 09/03/02 @ 17:57:18-<
<<Entering MakeRho 09/03/02 @ 17:57:18>>
 MakeRho : Pruned Rho :: dNel = -.88D-08, kept 22% of distributions.
 MakeRho : Moments    :: <r> = (-.74D+01, -.75D-01, -.43D-01), <r^2> = 0.33D+03
 MakeRho              :: Rho CheckSum  = 0.3302193415394721D+04
 MakeRho              :: CPU Sec = 0.30D+02, WALL Sec = 0.30D+02
 MakeRho              :: Allocs=64,  DeAllocs=59, 728 bytes are presently allocated.
                         A max of 41975868 bytes were allocated.
>-Exiting MakeRho 09/03/02 @ 17:57:49-<
<<Entering QCTC 09/03/02 @ 17:57:49>>
 QCTC                 :: J[1] CheckSum  = 0.1861909336702275D+03
 QCTC                 :: CPU Sec = 0.16D+04, WALL Sec = 0.59D+04
 QCTC                 :: Allocs=578328,  DeAllocs=50, 97669008 bytes are presently allocated.
                         A max of 110905996 bytes were allocated.
>-Exiting QCTC 09/03/02 @ 19:36:54-<
<<Entering HiCu 09/03/02 @ 19:36:54>>
 HiCu.GridGen         :: Tau = 0.10D-01, <Rho> = 0.17998334D+03, <Exc> = -.32411485D+03, Pts/Atom = 1353
 HiCu.GridGen         :: Tau = 0.10D-02, <Rho> = 0.18001930D+03, <Exc> = -.32468905D+03, Pts/Atom = 2942
 HiCu.GridGen         :: Tau = 0.10D-03, <Rho> = 0.17999912D+03, <Exc> = -.32463863D+03, Pts/Atom = 5513
 HiCu.GridGen         :: Tau = 0.10D-04, <Rho> = 0.17999967D+03, <Exc> = -.32464418D+03, Pts/Atom = 10279
 HiCu.GridGen         :: Tau = 0.10D-05, <Rho> = 0.18000008D+03, <Exc> = -.32464552D+03, Pts/Atom = 19726
 HiCu.GridGen         :: Tau = 0.10D-06, <Rho> = 0.18000004D+03, <Exc> = -.32464580D+03, Pts/Atom = 36833
 HiCu.GridGen         :: TauRel = 0.10D-06, RhoErr = 0.20D-06, <Exc> = -.32464580D+03
 HiCu.GridGen         :: CPU Sec = 0.12D+04, WALL Sec = 0.98D+04
 HiCu.MakeKxc         :: WALL (Sec) = 0.63D+04
 HiCu                 :: Kxc[1] CheckSum  = 0.2125754849671227D+02
 HiCu                 :: WALL (Sec) = 0.16D+05
 HiCu                 :: Allocs=494503,  DeAllocs=189479, 165409416 bytes are presently allocated.
                         A max of 166915840 bytes were allocated.
>-Exiting HiCu 09/04/02 @ 00:04:06-<
<<Entering FockNGrueven 09/04/02 @ 00:04:06>>
 FockNGrueven         :: F[1] CheckSum  = 0.8481344800774623D+02
 FockNGrueven         :: OrthoF[1] CheckSum  = 0.7711072368530876D+02
 FockNGrueven         :: CPU (Sec,MFLOPS) = (0.34D+00, 162),
                         WALL(Sec,MFLOPS) = (0.34D+00, 162)
 FockNGrueven         :: Allocs=37,  DeAllocs=33, 380468 bytes are presently allocated.
                         A max of 2847584 bytes were allocated.
>-Exiting FockNGrueven 09/04/02 @ 00:04:06-<
<<Entering DIIS 09/04/02 @ 00:04:06>>
 DIIS : Damping       :: Co = 0.80D+00, 0.20D+00
 DIIS                 :: F_DIIS[1] CheckSum  = 0.7408617873806517D+02
 DIIS                 :: CPU (Sec,MFLOPS) = (0.58D+00, 185),
                         WALL(Sec,MFLOPS) = (0.58D+00, 185)
 DIIS                 :: Allocs=34,  DeAllocs=30, 144 bytes are presently allocated.
                         A max of 3026148 bytes were allocated.
>-Exiting DIIS 09/04/02 @ 00:04:07-<
<<Entering PM 09/04/02 @ 00:04:07>>
 PM                   :: Trix = 0.10D-02
 PM : Pure 1          :: dE=0.10D+01, dP=0.72D-01, ThrX=0.10D-02, %Non0=21
 PM : Pure 2          :: dE=0.59D-01, dP=0.65D-01, ThrX=0.10D-02, %Non0=21
 PM : Pure 3          :: dE=0.35D-01, dP=0.46D-01, ThrX=0.10D-02, %Non0=21
 PM : Pure 4          :: dE=0.12D-01, dP=0.35D-01, ThrX=0.10D-02, %Non0=21
 PM : Pure 5          :: dE=0.71D-02, dP=0.47D-01, ThrX=0.10D-02, %Non0=21
 PM : Pure 6          :: dE=0.95D-02, dP=0.67D-01, ThrX=0.10D-02, %Non0=21
 PM : Pure 7          :: dE=0.13D-01, dP=0.90D-01, ThrX=0.10D-02, %Non0=24
 PM : Pure 8          :: dE=0.14D-01, dP=0.11D+00, ThrX=0.10D-02, %Non0=31
 PM : Pure 9          :: dE=0.13D-01, dP=0.10D+00, ThrX=0.10D-02, %Non0=41
 PM : Pure 10         :: dE=0.81D-02, dP=0.69D-01, ThrX=0.10D-02, %Non0=50
 PM : Pure 11         :: dE=0.39D-02, dP=0.45D-01, ThrX=0.10D-02, %Non0=64
 PM : Pure 12         :: dE=0.20D-02, dP=0.39D-01, ThrX=0.10D-02, %Non0=79
 PM : Pure 13         :: dE=0.11D-02, dP=0.30D-01, ThrX=0.10D-02, %Non0=89
 PM : Pure 14         :: dE=0.53D-03, dP=0.21D-01, ThrX=0.10D-02, %Non0=97
 PM : Pure 15         :: dE=0.24D-03, dP=0.16D-01, ThrX=0.10D-02, %Non0=98
 PM : Pure 16         :: dE=0.13D-03, dP=0.12D-01, ThrX=0.10D-02, %Non0=99
 PM : Pure 17         :: dE=0.67D-04, dP=0.82D-02, ThrX=0.10D-02, %Non0=99
 PM : Pure 18         :: dE=0.28D-04, dP=0.44D-02, ThrX=0.10D-02, %Non0=99
 PM : Pure 19         :: dE=0.55D-05, dP=0.14D-02, ThrX=0.10D-02, %Non0=99
 PM : Pure 20         :: dE=0.22D-06, dP=0.31D-03, ThrX=0.10D-02, %Non0=99
 PM : Pure 21         :: dE=0.70D-09, dP=0.15D-03, ThrX=0.10D-02, %Non0=99
 PM : Hit dE increase :: Tr{FP}=-.6125630293148390D+03, dNel = 0.11D-12
 PM                   :: 21 purification steps, 45 matrix multiplies
 PM                   :: Fractional occupation = 0.60D+00, %Non0s = 99
 PM : Max abs errors  :: dE=0.43D-06, dP=0.15D-03, [F,P]=0.24D-01
 PM                   :: Rel dE=0.70D-09, ||dP||_F=0.57D-03, ||[F,P]||_F=0.22D+00
 PM                   :: OrthoP[2] CheckSum  = 0.1341645982448360D+02
 PM                   :: P[2] CheckSum  = 0.1147615792168419D+02
 PM                   :: CPU (Sec,MFLOPS) = (0.72D+01, 189),
                         WALL(Sec,MFLOPS) = (0.72D+01, 188)
 PM                   :: Allocs=332,  DeAllocs=324, 1498120 bytes are presently allocated.
                         A max of 5244152 bytes were allocated.
>-Exiting PM 09/04/02 @ 00:04:14-<
<<Entering SCFStatus 09/04/02 @ 00:04:14>>
 
= = = = = SCFCycle #1, Basis #1, Geometry #1 = = = = =

       DIISErr = 0.40D-02
       MaxDelD = 0.15D+00
       <T>     = 0.22568355D+04
       <V>     = -.42092564D+04
       <DFT>   = -.32464580D+03
       <SCF>   = -2277.06664502

 SCFStatus            :: CPU (Sec,MFLOPS) = (0.70D-01, 9),
                         WALL(Sec,MFLOPS) = (0.70D-01, 9)
 SCFStatus            :: Allocs=16,  DeAllocs=16, 0 bytes are presently allocated.
                         A max of 2247900 bytes were allocated.
>-Exiting SCFStatus 09/04/02 @ 00:04:14-<
 DIISQ =    0.0000000000000000E+000
 DMaxQ =     16.99928417026008     
 DIISB =    0.0000000000000000E+000
 DIISA =    0.0000000000000000E+000
 DMaxA =     2.624824653237559     
 DMaxB =    0.1458293912362645     
<<Entering MakeRho 09/04/02 @ 00:04:15>>
 MakeRho : Pruned Rho :: dNel = -.17D-07, kept 22% of distributions.
 MakeRho : Moments    :: <r> = (-.26D+00, -.11D+00, 0.79D-01), <r^2> = 0.33D+03
 MakeRho              :: Rho CheckSum  = 0.3303172743452734D+04
 MakeRho              :: CPU Sec = 0.30D+02, WALL Sec = 0.30D+02
 MakeRho              :: Allocs=64,  DeAllocs=59, 728 bytes are presently allocated.
                         A max of 41951084 bytes were allocated.
>-Exiting MakeRho 09/04/02 @ 00:04:45-<
<<Entering QCTC 09/04/02 @ 00:04:45>>
 QCTC                 :: J[2] CheckSum  = 0.1861459650816740D+03
 QCTC                 :: CPU Sec = 0.16D+04, WALL Sec = 0.59D+04
 QCTC                 :: Allocs=576578,  DeAllocs=50, 97378640 bytes are presently allocated.
                         A max of 110578244 bytes were allocated.
>-Exiting QCTC 09/04/02 @ 01:43:40-<
<<Entering HiCu 09/04/02 @ 01:43:41>>
 HiCu.GridGen         :: Tau = 0.10D-01, <Rho> = 0.17995628D+03, <Exc> = -.32391517D+03, Pts/Atom = 1358
 HiCu.GridGen         :: Tau = 0.10D-02, <Rho> = 0.18003383D+03, <Exc> = -.32468370D+03, Pts/Atom = 2921
 HiCu.GridGen         :: Tau = 0.10D-03, <Rho> = 0.17999927D+03, <Exc> = -.32460731D+03, Pts/Atom = 5512
 HiCu.GridGen         :: Tau = 0.10D-04, <Rho> = 0.17999966D+03, <Exc> = -.32461331D+03, Pts/Atom = 10329
 HiCu.GridGen         :: Tau = 0.10D-05, <Rho> = 0.18000008D+03, <Exc> = -.32461467D+03, Pts/Atom = 19694
 HiCu.GridGen         :: Tau = 0.10D-06, <Rho> = 0.18000003D+03, <Exc> = -.32461493D+03, Pts/Atom = 36853
 HiCu.GridGen         :: TauRel = 0.10D-06, RhoErr = 0.15D-06, <Exc> = -.32461493D+03
 HiCu.GridGen         :: CPU Sec = 0.11D+04, WALL Sec = 0.97D+04
 HiCu.MakeKxc         :: WALL (Sec) = 0.63D+04
 HiCu                 :: Kxc[2] CheckSum  = 0.2125911060975885D+02
 HiCu                 :: WALL (Sec) = 0.16D+05
 HiCu                 :: Allocs=494357,  DeAllocs=189581, 165478712 bytes are presently allocated.
                         A max of 166985136 bytes were allocated.
>-Exiting HiCu 09/04/02 @ 06:09:20-<
<<Entering FockNGrueven 09/04/02 @ 06:09:21>>
 FockNGrueven         :: F[2] CheckSum  = 0.8472804036168292D+02
 FockNGrueven         :: OrthoF[2] CheckSum  = 0.7704224641762077D+02
 FockNGrueven         :: CPU (Sec,MFLOPS) = (0.33D+00, 167),
                         WALL(Sec,MFLOPS) = (0.34D+00, 162)
 FockNGrueven         :: Allocs=37,  DeAllocs=33, 380468 bytes are presently allocated.
                         A max of 2847168 bytes were allocated.
>-Exiting FockNGrueven 09/04/02 @ 06:09:21-<
<<Entering DIIS 09/04/02 @ 06:09:21>>
 DIIS                 :: Cond# = 0.72D+01, MIN(E) = 0.33D+00
 DIIS : Pulay C1      :: DIISCo = -.28D+00, 0.13D+01
 DIIS                 :: F_DIIS[2] CheckSum  = 0.7704232125221412D+02
 DIIS                 :: CPU (Sec,MFLOPS) = (0.64D+00, 169),
                         WALL(Sec,MFLOPS) = (0.70D+00, 154)
 DIIS                 :: Allocs=45,  DeAllocs=40, 216 bytes are presently allocated.
                         A max of 3026148 bytes were allocated.
>-Exiting DIIS 09/04/02 @ 06:09:22-<
<<Entering PM 09/04/02 @ 06:09:22>>
 PM                   :: Trix = 0.10D-02
 PM : Pure 1          :: dE=0.10D+01, dP=0.72D-01, ThrX=0.10D-02, %Non0=21
 PM : Pure 2          :: dE=0.56D-01, dP=0.66D-01, ThrX=0.10D-02, %Non0=21
 PM : Pure 3          :: dE=0.32D-01, dP=0.46D-01, ThrX=0.10D-02, %Non0=21
 PM : Pure 4          :: dE=0.11D-01, dP=0.37D-01, ThrX=0.10D-02, %Non0=21
 PM : Pure 5          :: dE=0.63D-02, dP=0.49D-01, ThrX=0.10D-02, %Non0=21
 PM : Pure 6          :: dE=0.84D-02, dP=0.70D-01, ThrX=0.10D-02, %Non0=21
 PM : Pure 7          :: dE=0.11D-01, dP=0.95D-01, ThrX=0.10D-02, %Non0=24
 PM : Pure 8          :: dE=0.13D-01, dP=0.11D+00, ThrX=0.10D-02, %Non0=30
 PM : Pure 9          :: dE=0.12D-01, dP=0.11D+00, ThrX=0.10D-02, %Non0=39
 PM : Pure 10         :: dE=0.80D-02, dP=0.83D-01, ThrX=0.10D-02, %Non0=48
 PM : Pure 11         :: dE=0.39D-02, dP=0.51D-01, ThrX=0.10D-02, %Non0=63
 PM : Pure 12         :: dE=0.19D-02, dP=0.45D-01, ThrX=0.10D-02, %Non0=77
 PM : Pure 13         :: dE=0.10D-02, dP=0.37D-01, ThrX=0.10D-02, %Non0=86
 PM : Pure 14         :: dE=0.51D-03, dP=0.27D-01, ThrX=0.10D-02, %Non0=96
 PM : Pure 15         :: dE=0.23D-03, dP=0.17D-01, ThrX=0.10D-02, %Non0=98
 PM : Pure 16         :: dE=0.93D-04, dP=0.12D-01, ThrX=0.10D-02, %Non0=99
 PM : Pure 17         :: dE=0.47D-04, dP=0.13D-01, ThrX=0.10D-02, %Non0=99
 PM : Pure 18         :: dE=0.28D-04, dP=0.15D-01, ThrX=0.10D-02, %Non0=99
 PM : Pure 19         :: dE=0.13D-04, dP=0.13D-01, ThrX=0.10D-02, %Non0=99
 PM : Pure 20         :: dE=0.31D-05, dP=0.51D-02, ThrX=0.10D-02, %Non0=99
 PM : Pure 21         :: dE=0.22D-06, dP=0.91D-03, ThrX=0.10D-02, %Non0=99
 PM : Pure 22         :: dE=0.15D-08, dP=0.26D-03, ThrX=0.10D-02, %Non0=99
 PM : Hit dE increase :: Tr{FP}=-.6472610430378119D+03, dNel = 0.57D-13
 PM                   :: 22 purification steps, 47 matrix multiplies
 PM                   :: Fractional occupation = 0.60D+00, %Non0s = 99
 PM : Max abs errors  :: dE=0.94D-06, dP=0.26D-03, [F,P]=0.24D-01
 PM                   :: Rel dE=0.15D-08, ||dP||_F=0.85D-03, ||[F,P]||_F=0.22D+00
 PM                   :: OrthoP[3] CheckSum  = 0.1341646374950747D+02
 PM                   :: P[3] CheckSum  = 0.1149337093622168D+02
 PM                   :: CPU (Sec,MFLOPS) = (0.77D+01, 188),
                         WALL(Sec,MFLOPS) = (0.78D+01, 186)
 PM                   :: Allocs=351,  DeAllocs=343, 1498120 bytes are presently allocated.
                         A max of 5244152 bytes were allocated.
>-Exiting PM 09/04/02 @ 06:09:30-<
<<Entering SCFStatus 09/04/02 @ 06:09:30>>
 
= = = = = SCFCycle #2, Basis #1, Geometry #1 = = = = =

       DIISErr = 0.18D-02
       MaxDelD = 0.19D+00
       <T>     = 0.22570609D+04
       <V>     = -.42104315D+04
       <DFT>   = -.32461493D+03
       <SCF>   = -2277.98553204

 SCFStatus            :: CPU (Sec,MFLOPS) = (0.80D-01, 8),
                         WALL(Sec,MFLOPS) = (0.80D-01, 8)
 SCFStatus            :: Allocs=16,  DeAllocs=16, 0 bytes are presently allocated.
                         A max of 2247900 bytes were allocated.
>-Exiting SCFStatus 09/04/02 @ 06:09:30-<
 DIISQ =     1.237170591752596     
 DMaxQ =    0.2324830790138122     
 DIISB =    1.8069365164085390E-003
 DIISA =    4.0424252356730666E-003
 DMaxA =    0.1458293912362645     
 DMaxB =    0.1900015325380544     
<<Entering MakeRho 09/04/02 @ 06:09:30>>
 MakeRho : Pruned Rho :: dNel = -.12D-07, kept 22% of distributions.
 MakeRho : Moments    :: <r> = (-.64D+01, 0.29D+00, -.19D+00), <r^2> = 0.34D+03
 MakeRho              :: Rho CheckSum  = 0.3310360978904046D+04
 MakeRho              :: CPU Sec = 0.30D+02, WALL Sec = 0.30D+02
 MakeRho              :: Allocs=64,  DeAllocs=59, 728 bytes are presently allocated.
                         A max of 41976004 bytes were allocated.
>-Exiting MakeRho 09/04/02 @ 06:10:00-<
<<Entering QCTC 09/04/02 @ 06:10:00>>
 QCTC                 :: J[3] CheckSum  = 0.1861605477106264D+03
 QCTC                 :: CPU Sec = 0.16D+04, WALL Sec = 0.59D+04
 QCTC                 :: Allocs=578023,  DeAllocs=50, 97627312 bytes are presently allocated.
                         A max of 110862240 bytes were allocated.
>-Exiting QCTC 09/04/02 @ 07:49:07-<
<<Entering HiCu 09/04/02 @ 07:49:07>>
 HiCu.GridGen         :: Tau = 0.10D-01, <Rho> = 0.17999748D+03, <Exc> = -.32439525D+03, Pts/Atom = 1383
 HiCu.GridGen         :: Tau = 0.10D-02, <Rho> = 0.18003151D+03, <Exc> = -.32494001D+03, Pts/Atom = 2935
 HiCu.GridGen         :: Tau = 0.10D-03, <Rho> = 0.17999908D+03, <Exc> = -.32486813D+03, Pts/Atom = 5521
 HiCu.GridGen         :: Tau = 0.10D-04, <Rho> = 0.17999968D+03, <Exc> = -.32487525D+03, Pts/Atom = 10304
 HiCu.GridGen         :: Tau = 0.10D-05, <Rho> = 0.18000008D+03, <Exc> = -.32487656D+03, Pts/Atom = 19727
 HiCu.GridGen         :: Tau = 0.10D-06, <Rho> = 0.18000003D+03, <Exc> = -.32487678D+03, Pts/Atom = 36945
 HiCu.GridGen         :: TauRel = 0.10D-06, RhoErr = 0.14D-06, <Exc> = -.32487678D+03
 HiCu.GridGen         :: CPU Sec = 0.12D+04, WALL Sec = 0.98D+04
 HiCu.MakeKxc         :: WALL (Sec) = 0.63D+04
 HiCu                 :: Kxc[3] CheckSum  = 0.2126173210468715D+02
 HiCu                 :: WALL (Sec) = 0.16D+05
 HiCu                 :: Allocs=495594,  DeAllocs=190055, 165894856 bytes are presently allocated.
                         A max of 167401280 bytes were allocated.
>-Exiting HiCu 09/04/02 @ 12:16:33-<
<<Entering FockNGrueven 09/04/02 @ 12:16:33>>
 FockNGrueven         :: F[3] CheckSum  = 0.8477847363258779D+02
 FockNGrueven         :: OrthoF[3] CheckSum  = 0.7707164837885188D+02
 FockNGrueven         :: CPU (Sec,MFLOPS) = (0.33D+00, 167),
                         WALL(Sec,MFLOPS) = (0.38D+00, 145)
 FockNGrueven         :: Allocs=37,  DeAllocs=33, 380468 bytes are presently allocated.
                         A max of 2849248 bytes were allocated.
>-Exiting FockNGrueven 09/04/02 @ 12:16:34-<
<<Entering DIIS 09/04/02 @ 12:16:34>>
 DIIS                 :: Cond# = 0.88D+01, MIN(E) = 0.29D+00
 DIIS : Pulay C1      :: DIISCo = -.28D+00, 0.94D+00, 0.34D+00
 DIIS                 :: F_DIIS[3] CheckSum  = 0.7703537757408563D+02
 DIIS                 :: CPU (Sec,MFLOPS) = (0.69D+00, 158),
                         WALL(Sec,MFLOPS) = (0.72D+00, 151)
 DIIS                 :: Allocs=49,  DeAllocs=44, 272 bytes are presently allocated.
                         A max of 3026148 bytes were allocated.
>-Exiting DIIS 09/04/02 @ 12:16:34-<
<<Entering PM 09/04/02 @ 12:16:34>>
 PM                   :: Trix = 0.10D-02
 PM : Pure 1          :: dE=0.10D+01, dP=0.72D-01, ThrX=0.10D-02, %Non0=21
 PM : Pure 2          :: dE=0.56D-01, dP=0.65D-01, ThrX=0.10D-02, %Non0=21
 PM : Pure 3          :: dE=0.32D-01, dP=0.46D-01, ThrX=0.10D-02, %Non0=21
 PM : Pure 4          :: dE=0.11D-01, dP=0.36D-01, ThrX=0.10D-02, %Non0=21
 PM : Pure 5          :: dE=0.62D-02, dP=0.48D-01, ThrX=0.10D-02, %Non0=21
 PM : Pure 6          :: dE=0.84D-02, dP=0.69D-01, ThrX=0.10D-02, %Non0=21
 PM : Pure 7          :: dE=0.11D-01, dP=0.93D-01, ThrX=0.10D-02, %Non0=24
 PM : Pure 8          :: dE=0.13D-01, dP=0.11D+00, ThrX=0.10D-02, %Non0=30
 PM : Pure 9          :: dE=0.12D-01, dP=0.10D+00, ThrX=0.10D-02, %Non0=39
 PM : Pure 10         :: dE=0.80D-02, dP=0.73D-01, ThrX=0.10D-02, %Non0=48
 PM : Pure 11         :: dE=0.39D-02, dP=0.46D-01, ThrX=0.10D-02, %Non0=63
 PM : Pure 12         :: dE=0.19D-02, dP=0.41D-01, ThrX=0.10D-02, %Non0=78
 PM : Pure 13         :: dE=0.11D-02, dP=0.32D-01, ThrX=0.10D-02, %Non0=87
 PM : Pure 14         :: dE=0.51D-03, dP=0.23D-01, ThrX=0.10D-02, %Non0=96
 PM : Pure 15         :: dE=0.23D-03, dP=0.17D-01, ThrX=0.10D-02, %Non0=98
 PM : Pure 16         :: dE=0.11D-03, dP=0.12D-01, ThrX=0.10D-02, %Non0=99
 PM : Pure 17         :: dE=0.56D-04, dP=0.89D-02, ThrX=0.10D-02, %Non0=99
 PM : Pure 18         :: dE=0.23D-04, dP=0.47D-02, ThrX=0.10D-02, %Non0=99
 PM : Pure 19         :: dE=0.42D-05, dP=0.14D-02, ThrX=0.10D-02, %Non0=99
 PM : Pure 20         :: dE=0.13D-06, dP=0.34D-03, ThrX=0.10D-02, %Non0=99
 PM : Pure 21         :: dE=0.95D-09, dP=0.18D-03, ThrX=0.10D-02, %Non0=99
 PM : Hit dE increase :: Tr{FP}=-.6472802014689452D+03, dNel = 0.11D-12
 PM                   :: 21 purification steps, 45 matrix multiplies
 PM                   :: Fractional occupation = 0.60D+00, %Non0s = 99
 PM : Max abs errors  :: dE=0.62D-06, dP=0.18D-03, [F,P]=0.23D-01
 PM                   :: Rel dE=0.95D-09, ||dP||_F=0.65D-03, ||[F,P]||_F=0.22D+00
 PM                   :: OrthoP[4] CheckSum  = 0.1341646222415193D+02
 PM                   :: P[4] CheckSum  = 0.1148121939043484D+02
 PM                   :: CPU (Sec,MFLOPS) = (0.71D+01, 188),
                         WALL(Sec,MFLOPS) = (0.73D+01, 185)
 PM                   :: Allocs=332,  DeAllocs=324, 1498120 bytes are presently allocated.
                         A max of 5244152 bytes were allocated.
>-Exiting PM 09/04/02 @ 12:16:42-<
<<Entering SCFStatus 09/04/02 @ 12:16:42>>
 
= = = = = SCFCycle #3, Basis #1, Geometry #1 = = = = =

       DIISErr = 0.28D-02
       MaxDelD = 0.16D+00
       <T>     = 0.22606301D+04
       <V>     = -.42133168D+04
       <DFT>   = -.32487678D+03
       <SCF>   = -2277.56353353

 SCFStatus            :: CPU (Sec,MFLOPS) = (0.70D-01, 9),
                         WALL(Sec,MFLOPS) = (0.70D-01, 9)
 SCFStatus            :: Allocs=16,  DeAllocs=16, 0 bytes are presently allocated.
                         A max of 2247900 bytes were allocated.
>-Exiting SCFStatus 09/04/02 @ 12:16:42-<
 DIISQ =    0.3515921529443494     
 DMaxQ =    0.1981039623751155     
 DIISB =    2.7867283294205034E-003
 DIISA =    1.8069365164085390E-003
 DMaxA =    0.1900015325380544     
 DMaxB =    0.1585851800050776     
<<Entering MakeRho 09/04/02 @ 12:16:42>>
 MakeRho : Pruned Rho :: dNel = -.15D-07, kept 22% of distributions.
 MakeRho : Moments    :: <r> = (0.12D+01, -.14D-01, 0.19D-01), <r^2> = 0.34D+03
 MakeRho              :: Rho CheckSum  = 0.3309871241567526D+04
 MakeRho              :: CPU Sec = 0.30D+02, WALL Sec = 0.30D+02
 MakeRho              :: Allocs=64,  DeAllocs=59, 728 bytes are presently allocated.
                         A max of 41939140 bytes were allocated.
>-Exiting MakeRho 09/04/02 @ 12:17:12-<
<<Entering QCTC 09/04/02 @ 12:17:12>>
 QCTC                 :: J[4] CheckSum  = 0.1861278282708428D+03
 QCTC                 :: CPU Sec = 0.16D+04, WALL Sec = 0.59D+04
 QCTC                 :: Allocs=575803,  DeAllocs=50, 97248112 bytes are presently allocated.
                         A max of 110430192 bytes were allocated.
>-Exiting QCTC 09/04/02 @ 13:55:34-<
<<Entering HiCu 09/04/02 @ 13:55:34>>
 HiCu.GridGen         :: Tau = 0.10D-01, <Rho> = 0.17993158D+03, <Exc> = -.32406982D+03, Pts/Atom = 1349
 HiCu.GridGen         :: Tau = 0.10D-02, <Rho> = 0.18003083D+03, <Exc> = -.32490274D+03, Pts/Atom = 2896
 HiCu.GridGen         :: Tau = 0.10D-03, <Rho> = 0.17999844D+03, <Exc> = -.32481886D+03, Pts/Atom = 5524
 HiCu.GridGen         :: Tau = 0.10D-04, <Rho> = 0.17999956D+03, <Exc> = -.32482667D+03, Pts/Atom = 10274
 HiCu.GridGen         :: Tau = 0.10D-05, <Rho> = 0.18000008D+03, <Exc> = -.32482822D+03, Pts/Atom = 19728
 HiCu.GridGen         :: Tau = 0.10D-06, <Rho> = 0.18000002D+03, <Exc> = -.32482848D+03, Pts/Atom = 36893
 HiCu.GridGen         :: TauRel = 0.10D-06, RhoErr = 0.13D-06, <Exc> = -.32482848D+03
 HiCu.GridGen         :: CPU Sec = 0.11D+04, WALL Sec = 0.97D+04
 HiCu.MakeKxc         :: WALL (Sec) = 0.63D+04
 HiCu                 :: Kxc[4] CheckSum  = 0.2126228417229240D+02
 HiCu                 :: WALL (Sec) = 0.16D+05
 HiCu                 :: Allocs=494616,  DeAllocs=189788, 165644368 bytes are presently allocated.
                         A max of 167150792 bytes were allocated.
>-Exiting HiCu 09/04/02 @ 18:21:02-<
<<Entering FockNGrueven 09/04/02 @ 18:21:02>>
 FockNGrueven         :: F[4] CheckSum  = 0.8471765455243759D+02
 FockNGrueven         :: OrthoF[4] CheckSum  = 0.7702532631061496D+02
 FockNGrueven         :: CPU (Sec,MFLOPS) = (0.33D+00, 167),
                         WALL(Sec,MFLOPS) = (0.36D+00, 153)
 FockNGrueven         :: Allocs=37,  DeAllocs=33, 380468 bytes are presently allocated.
                         A max of 2847168 bytes were allocated.
>-Exiting FockNGrueven 09/04/02 @ 18:21:03-<
<<Entering DIIS 09/04/02 @ 18:21:03>>
 DIIS                 :: Cond# = 0.64D+02, MIN(E) = 0.42D-01
 DIIS : Pulay C1      :: DIISCo = -.99D-01, 0.22D+00, 0.21D+00, 0.67D+00
 DIIS                 :: F_DIIS[4] CheckSum  = 0.7702644546092323D+02
 DIIS                 :: CPU (Sec,MFLOPS) = (0.77D+00, 142),
                         WALL(Sec,MFLOPS) = (0.81D+00, 135)
 DIIS                 :: Allocs=54,  DeAllocs=49, 344 bytes are presently allocated.
                         A max of 3026148 bytes were allocated.
>-Exiting DIIS 09/04/02 @ 18:21:04-<
<<Entering PM 09/04/02 @ 18:21:04>>
 PM                   :: Trix = 0.10D-02
 PM : Pure 1          :: dE=0.10D+01, dP=0.72D-01, ThrX=0.10D-02, %Non0=21
 PM : Pure 2          :: dE=0.56D-01, dP=0.65D-01, ThrX=0.10D-02, %Non0=21
 PM : Pure 3          :: dE=0.32D-01, dP=0.46D-01, ThrX=0.10D-02, %Non0=21
 PM : Pure 4          :: dE=0.11D-01, dP=0.36D-01, ThrX=0.10D-02, %Non0=21
 PM : Pure 5          :: dE=0.62D-02, dP=0.48D-01, ThrX=0.10D-02, %Non0=21
 PM : Pure 6          :: dE=0.84D-02, dP=0.69D-01, ThrX=0.10D-02, %Non0=21
 PM : Pure 7          :: dE=0.11D-01, dP=0.93D-01, ThrX=0.10D-02, %Non0=24
 PM : Pure 8          :: dE=0.13D-01, dP=0.11D+00, ThrX=0.10D-02, %Non0=30
 PM : Pure 9          :: dE=0.12D-01, dP=0.11D+00, ThrX=0.10D-02, %Non0=40
 PM : Pure 10         :: dE=0.80D-02, dP=0.73D-01, ThrX=0.10D-02, %Non0=49
 PM : Pure 11         :: dE=0.39D-02, dP=0.47D-01, ThrX=0.10D-02, %Non0=63
 PM : Pure 12         :: dE=0.19D-02, dP=0.41D-01, ThrX=0.10D-02, %Non0=78
 PM : Pure 13         :: dE=0.11D-02, dP=0.32D-01, ThrX=0.10D-02, %Non0=87
 PM : Pure 14         :: dE=0.51D-03, dP=0.22D-01, ThrX=0.10D-02, %Non0=95
 PM : Pure 15         :: dE=0.23D-03, dP=0.17D-01, ThrX=0.10D-02, %Non0=98
 PM : Pure 16         :: dE=0.11D-03, dP=0.12D-01, ThrX=0.10D-02, %Non0=99
 PM : Pure 17         :: dE=0.56D-04, dP=0.80D-02, ThrX=0.10D-02, %Non0=99
 PM : Pure 18         :: dE=0.22D-04, dP=0.39D-02, ThrX=0.10D-02, %Non0=99
 PM : Pure 19         :: dE=0.37D-05, dP=0.12D-02, ThrX=0.10D-02, %Non0=99
 PM : Pure 20         :: dE=0.99D-07, dP=0.25D-03, ThrX=0.10D-02, %Non0=99
 PM : Pure 21         :: dE=0.23D-08, dP=0.16D-03, ThrX=0.10D-02, %Non0=99
 PM : Hit dE increase :: Tr{FP}=-.6472978388427551D+03, dNel = 0.00D+00
 PM                   :: 21 purification steps, 45 matrix multiplies
 PM                   :: Fractional occupation = 0.60D+00, %Non0s = 99
 PM : Max abs errors  :: dE=0.15D-05, dP=0.16D-03, [F,P]=0.23D-01
 PM                   :: Rel dE=0.23D-08, ||dP||_F=0.82D-03, ||[F,P]||_F=0.22D+00
 PM                   :: OrthoP[5] CheckSum  = 0.1341647038644693D+02
 PM                   :: P[5] CheckSum  = 0.1148078414017676D+02
 PM                   :: CPU (Sec,MFLOPS) = (0.71D+01, 188),
                         WALL(Sec,MFLOPS) = (0.72D+01, 185)
 PM                   :: Allocs=336,  DeAllocs=328, 1498120 bytes are presently allocated.
                         A max of 5244152 bytes were allocated.
>-Exiting PM 09/04/02 @ 18:21:11-<
<<Entering SCFStatus 09/04/02 @ 18:21:11>>
 
= = = = = SCFCycle #4, Basis #1, Geometry #1 = = = = =

       DIISErr = 0.10D-02
       MaxDelD = 0.45D-01
       <T>     = 0.22603224D+04
       <V>     = -.42135474D+04
       <DFT>   = -.32482848D+03
       <SCF>   = -2278.05353577

 SCFStatus            :: CPU (Sec,MFLOPS) = (0.80D-01, 8),
                         WALL(Sec,MFLOPS) = (0.80D-01, 8)
 SCFStatus            :: Allocs=16,  DeAllocs=16, 0 bytes are presently allocated.
                         A max of 2247900 bytes were allocated.
>-Exiting SCFStatus 09/04/02 @ 18:21:11-<
 DIISQ =     1.795999784690183     
 DMaxQ =     2.507095058049092     
 DIISB =    9.9668402861815437E-004
 DIISA =    2.7867283294205034E-003
 DMaxA =    0.1585851800050776     
 DMaxB =    4.5218386550746796E-002
<<Entering MakeRho 09/04/02 @ 18:21:11>>
 MakeRho : Pruned Rho :: dNel = -.18D-07, kept 22% of distributions.
 MakeRho : Moments    :: <r> = (-.45D+00, -.65D-01, 0.79D-01), <r^2> = 0.33D+03
 MakeRho              :: Rho CheckSum  = 0.3309765222177966D+04
 MakeRho              :: CPU Sec = 0.30D+02, WALL Sec = 0.30D+02
 MakeRho              :: Allocs=64,  DeAllocs=59, 728 bytes are presently allocated.
                         A max of 41940372 bytes were allocated.
>-Exiting MakeRho 09/04/02 @ 18:21:41-<
<<Entering QCTC 09/04/02 @ 18:21:42>>
 QCTC                 :: J[5] CheckSum  = 0.1861208050373329D+03
 QCTC                 :: CPU Sec = 0.16D+04, WALL Sec = 0.59D+04
 QCTC                 :: Allocs=575883,  DeAllocs=50, 97261584 bytes are presently allocated.
                         A max of 110445472 bytes were allocated.
>-Exiting QCTC 09/04/02 @ 20:00:05-<
<<Entering HiCu 09/04/02 @ 20:00:06>>
 HiCu.GridGen         :: Tau = 0.10D-01, <Rho> = 0.17992069D+03, <Exc> = -.32401721D+03, Pts/Atom = 1351
 HiCu.GridGen         :: Tau = 0.10D-02, <Rho> = 0.18003687D+03, <Exc> = -.32490124D+03, Pts/Atom = 2900
 HiCu.GridGen         :: Tau = 0.10D-03, <Rho> = 0.17999891D+03, <Exc> = -.32481630D+03, Pts/Atom = 5521
 HiCu.GridGen         :: Tau = 0.10D-04, <Rho> = 0.17999962D+03, <Exc> = -.32482430D+03, Pts/Atom = 10305
 HiCu.GridGen         :: Tau = 0.10D-05, <Rho> = 0.18000008D+03, <Exc> = -.32482562D+03, Pts/Atom = 19720
 HiCu.GridGen         :: Tau = 0.10D-06, <Rho> = 0.18000002D+03, <Exc> = -.32482591D+03, Pts/Atom = 36950
 HiCu.GridGen         :: TauRel = 0.10D-06, RhoErr = 0.13D-06, <Exc> = -.32482591D+03
 HiCu.GridGen         :: CPU Sec = 0.11D+04, WALL Sec = 0.97D+04
 HiCu.MakeKxc         :: WALL (Sec) = 0.63D+04
 HiCu                 :: Kxc[5] CheckSum  = 0.2126235289791173D+02
 HiCu                 :: WALL (Sec) = 0.16D+05
 HiCu                 :: Allocs=495214,  DeAllocs=190079, 165889656 bytes are presently allocated.
                         A max of 167396080 bytes were allocated.
>-Exiting HiCu 09/05/02 @ 00:25:54-<
<<Entering FockNGrueven 09/05/02 @ 00:25:54>>
 FockNGrueven         :: F[5] CheckSum  = 0.8470902581925158D+02
 FockNGrueven         :: OrthoF[5] CheckSum  = 0.7701941516379242D+02
 FockNGrueven         :: CPU (Sec,MFLOPS) = (0.34D+00, 162),
                         WALL(Sec,MFLOPS) = (0.34D+00, 162)
 FockNGrueven         :: Allocs=37,  DeAllocs=33, 380468 bytes are presently allocated.
                         A max of 2847168 bytes were allocated.
>-Exiting FockNGrueven 09/05/02 @ 00:25:54-<
<<Entering DIIS 09/05/02 @ 00:25:55>>
 DIIS                 :: Cond# = 0.13D+03, MIN(E) = 0.23D-01
 DIIS : Pulay C1      :: DIISCo = -.62D-01, 0.13D+00, 0.14D+00,
                                  0.50D+00, 0.29D+00
 DIIS                 :: F_DIIS[5] CheckSum  = 0.7702383678048399D+02
 DIIS                 :: CPU (Sec,MFLOPS) = (0.85D+00, 130),
                         WALL(Sec,MFLOPS) = (0.85D+00, 130)
 DIIS                 :: Allocs=60,  DeAllocs=55, 432 bytes are presently allocated.
                         A max of 3026148 bytes were allocated.
>-Exiting DIIS 09/05/02 @ 00:25:55-<
<<Entering PM 09/05/02 @ 00:25:55>>
 PM                   :: Trix = 0.10D-02
 PM : Pure 1          :: dE=0.10D+01, dP=0.72D-01, ThrX=0.10D-02, %Non0=21
 PM : Pure 2          :: dE=0.56D-01, dP=0.65D-01, ThrX=0.10D-02, %Non0=21
 PM : Pure 3          :: dE=0.32D-01, dP=0.46D-01, ThrX=0.10D-02, %Non0=21
 PM : Pure 4          :: dE=0.11D-01, dP=0.36D-01, ThrX=0.10D-02, %Non0=21
 PM : Pure 5          :: dE=0.62D-02, dP=0.48D-01, ThrX=0.10D-02, %Non0=21
 PM : Pure 6          :: dE=0.84D-02, dP=0.69D-01, ThrX=0.10D-02, %Non0=21
 PM : Pure 7          :: dE=0.11D-01, dP=0.93D-01, ThrX=0.10D-02, %Non0=24
 PM : Pure 8          :: dE=0.13D-01, dP=0.11D+00, ThrX=0.10D-02, %Non0=30
 PM : Pure 9          :: dE=0.12D-01, dP=0.11D+00, ThrX=0.10D-02, %Non0=40
 PM : Pure 10         :: dE=0.80D-02, dP=0.72D-01, ThrX=0.10D-02, %Non0=49
 PM : Pure 11         :: dE=0.39D-02, dP=0.47D-01, ThrX=0.10D-02, %Non0=63
 PM : Pure 12         :: dE=0.19D-02, dP=0.41D-01, ThrX=0.10D-02, %Non0=78
 PM : Pure 13         :: dE=0.11D-02, dP=0.32D-01, ThrX=0.10D-02, %Non0=87
 PM : Pure 14         :: dE=0.51D-03, dP=0.22D-01, ThrX=0.10D-02, %Non0=95
 PM : Pure 15         :: dE=0.23D-03, dP=0.17D-01, ThrX=0.10D-02, %Non0=98
 PM : Pure 16         :: dE=0.11D-03, dP=0.12D-01, ThrX=0.10D-02, %Non0=99
 PM : Pure 17         :: dE=0.56D-04, dP=0.81D-02, ThrX=0.10D-02, %Non0=99
 PM : Pure 18         :: dE=0.22D-04, dP=0.39D-02, ThrX=0.10D-02, %Non0=99
 PM : Pure 19         :: dE=0.36D-05, dP=0.13D-02, ThrX=0.10D-02, %Non0=99
 PM : Pure 20         :: dE=0.89D-07, dP=0.33D-03, ThrX=0.10D-02, %Non0=99
 PM : Pure 21         :: dE=0.46D-09, dP=0.22D-03, ThrX=0.10D-02, %Non0=99
 PM : Pure 22         :: dE=0.23D-09, dP=0.17D-03, ThrX=0.10D-02, %Non0=99
 PM : Pure 23         :: dE=0.33D-09, dP=0.15D-03, ThrX=0.10D-02, %Non0=99
 PM : Pure 24         :: dE=0.40D-09, dP=0.13D-03, ThrX=0.10D-02, %Non0=99
 PM : Pure 25         :: dE=0.45D-09, dP=0.11D-03, ThrX=0.10D-02, %Non0=99
 PM : Pure 26         :: dE=0.50D-09, dP=0.99D-04, ThrX=0.10D-02, %Non0=99
 PM : Pure 27         :: dE=0.54D-09, dP=0.96D-04, ThrX=0.10D-02, %Non0=99
 PM : Pure 28         :: dE=0.57D-09, dP=0.95D-04, ThrX=0.10D-02, %Non0=99
 PM : Pure 29         :: dE=0.61D-09, dP=0.97D-04, ThrX=0.10D-02, %Non0=99
 PM : Hit dP increase :: Tr{FP}=-.6472569801388687D+03, dNel = 0.00D+00
 PM                   :: 29 purification steps, 61 matrix multiplies
 PM                   :: Fractional occupation = 0.60D+00, %Non0s = 99
 PM : Max abs errors  :: dE=0.39D-06, dP=0.97D-04, [F,P]=0.23D-01
 PM                   :: Rel dE=0.61D-09, ||dP||_F=0.33D-03, ||[F,P]||_F=0.22D+00
 PM                   :: OrthoP[6] CheckSum  = 0.1341646969041397D+02
 PM                   :: P[6] CheckSum  = 0.1148036343350213D+02
 PM                   :: CPU (Sec,MFLOPS) = (0.12D+02, 190),
                         WALL(Sec,MFLOPS) = (0.12D+02, 190)
 PM                   :: Allocs=424,  DeAllocs=416, 1498120 bytes are presently allocated.
                         A max of 5244152 bytes were allocated.
>-Exiting PM 09/05/02 @ 00:26:07-<
<<Entering SCFStatus 09/05/02 @ 00:26:07>>
 
= = = = = SCFCycle #5, Basis #1, Geometry #1 = = = = =

       DIISErr = 0.85D-03
       MaxDelD = 0.23D-01
       <T>     = 0.22602856D+04
       <V>     = -.42135308D+04
       <DFT>   = -.32482591D+03
       <SCF>   = -2278.07109069

 SCFStatus            :: CPU (Sec,MFLOPS) = (0.70D-01, 9),
                         WALL(Sec,MFLOPS) = (0.70D-01, 9)
 SCFStatus            :: Allocs=16,  DeAllocs=16, 0 bytes are presently allocated.
                         A max of 2247900 bytes were allocated.
>-Exiting SCFStatus 09/05/02 @ 00:26:07-<
 DIISQ =    0.1674453647069756     
 DMaxQ =    0.9569234480446907     
 DIISB =    8.5373076869281874E-004
 DIISA =    9.9668402861815437E-004
 DMaxA =    4.5218386550746796E-002
 DMaxB =    2.3106875537685383E-002
<<Entering MakeRho 09/05/02 @ 00:26:07>>
 MakeRho : Pruned Rho :: dNel = -.17D-07, kept 22% of distributions.
 MakeRho : Moments    :: <r> = (0.34D-01, 0.21D-01, 0.23D-01), <r^2> = 0.33D+03
 MakeRho              :: Rho CheckSum  = 0.3309737278808640D+04
 MakeRho              :: CPU Sec = 0.30D+02, WALL Sec = 0.30D+02
 MakeRho              :: Allocs=64,  DeAllocs=59, 728 bytes are presently allocated.
                         A max of 41939716 bytes were allocated.
>-Exiting MakeRho 09/05/02 @ 00:26:38-<
<<Entering QCTC 09/05/02 @ 00:26:38>>
 QCTC                 :: J[6] CheckSum  = 0.1861213315789327D+03
 QCTC                 :: CPU Sec = 0.16D+04, WALL Sec = 0.59D+04
 QCTC                 :: Allocs=575803,  DeAllocs=50, 97249264 bytes are presently allocated.
                         A max of 110431920 bytes were allocated.
>-Exiting QCTC 09/05/02 @ 02:05:09-<
<<Entering HiCu 09/05/02 @ 02:05:09>>
 HiCu.GridGen         :: Tau = 0.10D-01, <Rho> = 0.17992407D+03, <Exc> = -.32404731D+03, Pts/Atom = 1354
 HiCu.GridGen         :: Tau = 0.10D-02, <Rho> = 0.18003721D+03, <Exc> = -.32490160D+03, Pts/Atom = 2899
 HiCu.GridGen         :: Tau = 0.10D-03, <Rho> = 0.17999900D+03, <Exc> = -.32481527D+03, Pts/Atom = 5511
 HiCu.GridGen         :: Tau = 0.10D-04, <Rho> = 0.17999958D+03, <Exc> = -.32482249D+03, Pts/Atom = 10309
 HiCu.GridGen         :: Tau = 0.10D-05, <Rho> = 0.18000008D+03, <Exc> = -.32482397D+03, Pts/Atom = 19719
 HiCu.GridGen         :: Tau = 0.10D-06, <Rho> = 0.18000002D+03, <Exc> = -.32482426D+03, Pts/Atom = 36958
 HiCu.GridGen         :: TauRel = 0.10D-06, RhoErr = 0.13D-06, <Exc> = -.32482426D+03
 HiCu.GridGen         :: CPU Sec = 0.11D+04, WALL Sec = 0.97D+04
 HiCu.MakeKxc         :: WALL (Sec) = 0.63D+04
 HiCu                 :: Kxc[6] CheckSum  = 0.2126235080896727D+02
 HiCu                 :: WALL (Sec) = 0.16D+05
 HiCu                 :: Allocs=495288,  DeAllocs=190124, 165927184 bytes are presently allocated.
                         A max of 167433608 bytes were allocated.
>-Exiting HiCu 09/05/02 @ 06:30:50-<
<<Entering FockNGrueven 09/05/02 @ 06:30:50>>
 FockNGrueven         :: F[6] CheckSum  = 0.8470921288273671D+02
 FockNGrueven         :: OrthoF[6] CheckSum  = 0.7701945549782079D+02
 FockNGrueven         :: CPU (Sec,MFLOPS) = (0.33D+00, 167),
                         WALL(Sec,MFLOPS) = (0.33D+00, 167)
 FockNGrueven         :: Allocs=37,  DeAllocs=33, 380468 bytes are presently allocated.
                         A max of 2847168 bytes were allocated.
>-Exiting FockNGrueven 09/05/02 @ 06:30:50-<
<<Entering DIIS 09/05/02 @ 06:30:50>>
 DIIS                 :: Cond# = 0.11D+04, MIN(E) = 0.28D-02
 DIIS : Pulay C1      :: DIISCo = -.52D-01, 0.11D+00, 0.12D+00,
                                  0.39D+00, 0.23D+00, 0.19D+00
 DIIS                 :: F_DIIS[6] CheckSum  = 0.7702311187666497D+02
 DIIS                 :: CPU (Sec,MFLOPS) = (0.94D+00, 119),
                         WALL(Sec,MFLOPS) = (0.94D+00, 119)
 DIIS                 :: Allocs=67,  DeAllocs=62, 536 bytes are presently allocated.
                         A max of 3026148 bytes were allocated.
>-Exiting DIIS 09/05/02 @ 06:30:51-<
<<Entering PM 09/05/02 @ 06:30:51>>
 PM                   :: Trix = 0.10D-02
 PM : Pure 1          :: dE=0.10D+01, dP=0.72D-01, ThrX=0.10D-02, %Non0=21
 PM : Pure 2          :: dE=0.56D-01, dP=0.65D-01, ThrX=0.10D-02, %Non0=21
 PM : Pure 3          :: dE=0.32D-01, dP=0.46D-01, ThrX=0.10D-02, %Non0=21
 PM : Pure 4          :: dE=0.11D-01, dP=0.36D-01, ThrX=0.10D-02, %Non0=21
 PM : Pure 5          :: dE=0.62D-02, dP=0.48D-01, ThrX=0.10D-02, %Non0=21
 PM : Pure 6          :: dE=0.84D-02, dP=0.69D-01, ThrX=0.10D-02, %Non0=21
 PM : Pure 7          :: dE=0.11D-01, dP=0.93D-01, ThrX=0.10D-02, %Non0=24
 PM : Pure 8          :: dE=0.13D-01, dP=0.11D+00, ThrX=0.10D-02, %Non0=30
 PM : Pure 9          :: dE=0.12D-01, dP=0.11D+00, ThrX=0.10D-02, %Non0=40
 PM : Pure 10         :: dE=0.80D-02, dP=0.72D-01, ThrX=0.10D-02, %Non0=49
 PM : Pure 11         :: dE=0.39D-02, dP=0.47D-01, ThrX=0.10D-02, %Non0=63
 PM : Pure 12         :: dE=0.19D-02, dP=0.41D-01, ThrX=0.10D-02, %Non0=78
 PM : Pure 13         :: dE=0.11D-02, dP=0.32D-01, ThrX=0.10D-02, %Non0=87
 PM : Pure 14         :: dE=0.51D-03, dP=0.22D-01, ThrX=0.10D-02, %Non0=95
 PM : Pure 15         :: dE=0.23D-03, dP=0.17D-01, ThrX=0.10D-02, %Non0=98
 PM : Pure 16         :: dE=0.11D-03, dP=0.12D-01, ThrX=0.10D-02, %Non0=99
 PM : Pure 17         :: dE=0.56D-04, dP=0.81D-02, ThrX=0.10D-02, %Non0=99
 PM : Pure 18         :: dE=0.22D-04, dP=0.39D-02, ThrX=0.10D-02, %Non0=99
 PM : Pure 19         :: dE=0.37D-05, dP=0.13D-02, ThrX=0.10D-02, %Non0=99
 PM : Pure 20         :: dE=0.94D-07, dP=0.33D-03, ThrX=0.10D-02, %Non0=99
 PM : Pure 21         :: dE=0.21D-08, dP=0.20D-03, ThrX=0.10D-02, %Non0=99
 PM : Hit dE increase :: Tr{FP}=-.6472405218768804D+03, dNel = 0.28D-12
 PM                   :: 21 purification steps, 45 matrix multiplies
 PM                   :: Fractional occupation = 0.60D+00, %Non0s = 99
 PM : Max abs errors  :: dE=0.13D-05, dP=0.20D-03, [F,P]=0.23D-01
 PM                   :: Rel dE=0.21D-08, ||dP||_F=0.10D-02, ||[F,P]||_F=0.22D+00
 PM                   :: OrthoP[7] CheckSum  = 0.1341646745109427D+02
 PM                   :: P[7] CheckSum  = 0.1148033456933814D+02
 PM                   :: CPU (Sec,MFLOPS) = (0.71D+01, 189),
                         WALL(Sec,MFLOPS) = (0.71D+01, 189)
 PM                   :: Allocs=332,  DeAllocs=324, 1498120 bytes are presently allocated.
                         A max of 5244152 bytes were allocated.
>-Exiting PM 09/05/02 @ 06:30:58-<
<<Entering SCFStatus 09/05/02 @ 06:30:58>>
 
= = = = = SCFCycle #6, Basis #1, Geometry #1 = = = = =

       DIISErr = 0.74D-03
       MaxDelD = 0.38D-02
       <T>     = 0.22602736D+04
       <V>     = -.42135321D+04
       <DFT>   = -.32482426D+03
       <SCF>   = -2278.08277202

 SCFStatus            :: CPU (Sec,MFLOPS) = (0.70D-01, 9),
                         WALL(Sec,MFLOPS) = (0.70D-01, 9)
 SCFStatus            :: Allocs=16,  DeAllocs=16, 0 bytes are presently allocated.
                         A max of 2247900 bytes were allocated.
>-Exiting SCFStatus 09/05/02 @ 06:30:59-<
 DIISQ =    0.1473877761327567     
 DMaxQ =     5.121097484497953     
 DIISB =    7.4406472375912713E-004
 DIISA =    8.5373076869281874E-004
 DMaxA =    2.3106875537685383E-002
 DMaxB =    3.7749563041929868E-003
<<Entering MakeRho 09/05/02 @ 06:30:59>>
 MakeRho : Pruned Rho :: dNel = -.16D-07, kept 22% of distributions.
 MakeRho : Moments    :: <r> = (0.14D-01, 0.90D-02, 0.20D-01), <r^2> = 0.33D+03
 MakeRho              :: Rho CheckSum  = 0.3309738620959733D+04
 MakeRho              :: CPU Sec = 0.30D+02, WALL Sec = 0.30D+02
 MakeRho              :: Allocs=64,  DeAllocs=59, 728 bytes are presently allocated.
                         A max of 41940716 bytes were allocated.
>-Exiting MakeRho 09/05/02 @ 06:31:29-<
<<Entering QCTC 09/05/02 @ 06:31:29>>
 QCTC                 :: J[7] CheckSum  = 0.1861219630033010D+03
 QCTC                 :: CPU Sec = 0.16D+04, WALL Sec = 0.59D+04
 QCTC                 :: Allocs=575858,  DeAllocs=50, 97258832 bytes are presently allocated.
                         A max of 110442884 bytes were allocated.
>-Exiting QCTC 09/05/02 @ 08:09:56-<
<<Entering HiCu 09/05/02 @ 08:09:56>>
 HiCu.GridGen         :: Tau = 0.10D-01, <Rho> = 0.17992584D+03, <Exc> = -.32406045D+03, Pts/Atom = 1355
 HiCu.GridGen         :: Tau = 0.10D-02, <Rho> = 0.18003707D+03, <Exc> = -.32490020D+03, Pts/Atom = 2900
 HiCu.GridGen         :: Tau = 0.10D-03, <Rho> = 0.17999903D+03, <Exc> = -.32481525D+03, Pts/Atom = 5513
 HiCu.GridGen         :: Tau = 0.10D-04, <Rho> = 0.17999957D+03, <Exc> = -.32482220D+03, Pts/Atom = 10309
 HiCu.GridGen         :: Tau = 0.10D-05, <Rho> = 0.18000008D+03, <Exc> = -.32482372D+03, Pts/Atom = 19719
 HiCu.GridGen         :: Tau = 0.10D-06, <Rho> = 0.18000002D+03, <Exc> = -.32482402D+03, Pts/Atom = 36958
 HiCu.GridGen         :: TauRel = 0.10D-06, RhoErr = 0.13D-06, <Exc> = -.32482402D+03
 HiCu.GridGen         :: CPU Sec = 0.11D+04, WALL Sec = 0.97D+04
 HiCu.MakeKxc         :: WALL (Sec) = 0.63D+04
 HiCu                 :: Kxc[7] CheckSum  = 0.2126234385100937D+02
 HiCu                 :: WALL (Sec) = 0.16D+05
 HiCu                 :: Allocs=495293,  DeAllocs=190121, 165925400 bytes are presently allocated.
                         A max of 167431824 bytes were allocated.
>-Exiting HiCu 09/05/02 @ 12:35:32-<
<<Entering FockNGrueven 09/05/02 @ 12:35:32>>
 FockNGrueven         :: F[7] CheckSum  = 0.8470991185493260D+02
 FockNGrueven         :: OrthoF[7] CheckSum  = 0.7701992691220411D+02
 FockNGrueven         :: CPU (Sec,MFLOPS) = (0.34D+00, 162),
                         WALL(Sec,MFLOPS) = (0.34D+00, 162)
 FockNGrueven         :: Allocs=37,  DeAllocs=33, 380468 bytes are presently allocated.
                         A max of 2847168 bytes were allocated.
>-Exiting FockNGrueven 09/05/02 @ 12:35:32-<
<<Entering DIIS 09/05/02 @ 12:35:32>>
 DIIS                 :: Cond# = 0.88D+04, MIN(E) = 0.36D-03
 DIIS : Pulay C1      :: DIISCo = -.52D-01, 0.11D+00, 0.12D+00,
                                  0.39D+00, 0.23D+00, 0.19D+00, -.51D-03
 DIIS                 :: F_DIIS[7] CheckSum  = 0.7702311195598328D+02
 DIIS                 :: CPU (Sec,MFLOPS) = (0.11D+01, 107),
                         WALL(Sec,MFLOPS) = (0.11D+01, 107)
 DIIS                 :: Allocs=75,  DeAllocs=70, 656 bytes are presently allocated.
                         A max of 3026148 bytes were allocated.
>-Exiting DIIS 09/05/02 @ 12:35:33-<
<<Entering PM 09/05/02 @ 12:35:33>>
 PM                   :: Trix = 0.10D-02
 PM : Pure 1          :: dE=0.10D+01, dP=0.72D-01, ThrX=0.10D-02, %Non0=21
 PM : Pure 2          :: dE=0.56D-01, dP=0.65D-01, ThrX=0.10D-02, %Non0=21
 PM : Pure 3          :: dE=0.32D-01, dP=0.46D-01, ThrX=0.10D-02, %Non0=21
 PM : Pure 4          :: dE=0.11D-01, dP=0.36D-01, ThrX=0.10D-02, %Non0=21
 PM : Pure 5          :: dE=0.62D-02, dP=0.48D-01, ThrX=0.10D-02, %Non0=21
 PM : Pure 6          :: dE=0.84D-02, dP=0.69D-01, ThrX=0.10D-02, %Non0=21
 PM : Pure 7          :: dE=0.11D-01, dP=0.93D-01, ThrX=0.10D-02, %Non0=24
 PM : Pure 8          :: dE=0.13D-01, dP=0.11D+00, ThrX=0.10D-02, %Non0=30
 PM : Pure 9          :: dE=0.12D-01, dP=0.11D+00, ThrX=0.10D-02, %Non0=40
 PM : Pure 10         :: dE=0.80D-02, dP=0.72D-01, ThrX=0.10D-02, %Non0=49
 PM : Pure 11         :: dE=0.39D-02, dP=0.47D-01, ThrX=0.10D-02, %Non0=63
 PM : Pure 12         :: dE=0.19D-02, dP=0.41D-01, ThrX=0.10D-02, %Non0=78
 PM : Pure 13         :: dE=0.11D-02, dP=0.32D-01, ThrX=0.10D-02, %Non0=87
 PM : Pure 14         :: dE=0.51D-03, dP=0.22D-01, ThrX=0.10D-02, %Non0=95
 PM : Pure 15         :: dE=0.23D-03, dP=0.17D-01, ThrX=0.10D-02, %Non0=98
 PM : Pure 16         :: dE=0.11D-03, dP=0.12D-01, ThrX=0.10D-02, %Non0=99
 PM : Pure 17         :: dE=0.56D-04, dP=0.81D-02, ThrX=0.10D-02, %Non0=99
 PM : Pure 18         :: dE=0.22D-04, dP=0.39D-02, ThrX=0.10D-02, %Non0=99
 PM : Pure 19         :: dE=0.37D-05, dP=0.13D-02, ThrX=0.10D-02, %Non0=99
 PM : Pure 20         :: dE=0.94D-07, dP=0.33D-03, ThrX=0.10D-02, %Non0=99
 PM : Pure 21         :: dE=0.21D-08, dP=0.20D-03, ThrX=0.10D-02, %Non0=99
 PM : Hit dE increase :: Tr{FP}=-.6472405245357933D+03, dNel = 0.57D-13
 PM                   :: 21 purification steps, 45 matrix multiplies
 PM                   :: Fractional occupation = 0.60D+00, %Non0s = 99
 PM : Max abs errors  :: dE=0.13D-05, dP=0.20D-03, [F,P]=0.23D-01
 PM                   :: Rel dE=0.21D-08, ||dP||_F=0.10D-02, ||[F,P]||_F=0.22D+00
 PM                   :: OrthoP[8] CheckSum  = 0.1341646745106477D+02
 PM                   :: P[8] CheckSum  = 0.1148033457036422D+02
 PM                   :: CPU (Sec,MFLOPS) = (0.71D+01, 189),
                         WALL(Sec,MFLOPS) = (0.72D+01, 187)
 PM                   :: Allocs=332,  DeAllocs=324, 1498120 bytes are presently allocated.
                         A max of 5244152 bytes were allocated.
>-Exiting PM 09/05/02 @ 12:35:40-<
<<Entering SCFStatus 09/05/02 @ 12:35:41>>
 
= = = = = SCFCycle #7, Basis #1, Geometry #1 = = = = =

       DIISErr = 0.74D-03
       MaxDelD = 0.23D-05
       <T>     = 0.22602727D+04
       <V>     = -.42135319D+04
       <DFT>   = -.32482402D+03
       <SCF>   = -2278.08324075

 SCFStatus            :: CPU (Sec,MFLOPS) = (0.80D-01, 8),
                         WALL(Sec,MFLOPS) = (0.80D-01, 8)
 SCFStatus            :: Allocs=16,  DeAllocs=16, 0 bytes are presently allocated.
                         A max of 2247900 bytes were allocated.
>-Exiting SCFStatus 09/05/02 @ 12:35:41-<
 DIISQ =    7.5239657950351146E-003
 DMaxQ =     1643.878203254747     
 DIISB =    7.3850821322348104E-004
 DIISA =    7.4406472375912713E-004
 DMaxA =    3.7749563041929868E-003
 DMaxB =    2.2949761853026081E-006
<<Entering MakeRho 09/05/02 @ 12:35:41>>
 MakeRho : Pruned Rho :: dNel = -.16D-07, kept 22% of distributions.
 MakeRho : Moments    :: <r> = (0.14D-01, 0.90D-02, 0.20D-01), <r^2> = 0.33D+03
 MakeRho              :: Rho CheckSum  = 0.3309738619687012D+04
 MakeRho              :: CPU Sec = 0.30D+02, WALL Sec = 0.30D+02
 MakeRho              :: Allocs=64,  DeAllocs=59, 728 bytes are presently allocated.
                         A max of 41940716 bytes were allocated.
>-Exiting MakeRho 09/05/02 @ 12:36:11-<
<<Entering QCTC 09/05/02 @ 12:36:11>>
 QCTC                 :: J[8] CheckSum  = 0.1861219628529006D+03
 QCTC                 :: CPU Sec = 0.16D+04, WALL Sec = 0.59D+04
 QCTC                 :: Allocs=575858,  DeAllocs=50, 97258832 bytes are presently allocated.
                         A max of 110442884 bytes were allocated.
>-Exiting QCTC 09/05/02 @ 14:14:35-<
<<Entering HiCu 09/05/02 @ 14:14:35>>
 HiCu.GridGen         :: Tau = 0.10D-01, <Rho> = 0.17992584D+03, <Exc> = -.32406045D+03, Pts/Atom = 1355
 HiCu.GridGen         :: Tau = 0.10D-02, <Rho> = 0.18003707D+03, <Exc> = -.32490020D+03, Pts/Atom = 2900
 HiCu.GridGen         :: Tau = 0.10D-03, <Rho> = 0.17999903D+03, <Exc> = -.32481525D+03, Pts/Atom = 5513
 HiCu.GridGen         :: Tau = 0.10D-04, <Rho> = 0.17999957D+03, <Exc> = -.32482220D+03, Pts/Atom = 10309
 HiCu.GridGen         :: Tau = 0.10D-05, <Rho> = 0.18000008D+03, <Exc> = -.32482372D+03, Pts/Atom = 19719
 HiCu.GridGen         :: Tau = 0.10D-06, <Rho> = 0.18000002D+03, <Exc> = -.32482402D+03, Pts/Atom = 36958
 HiCu.GridGen         :: TauRel = 0.10D-06, RhoErr = 0.13D-06, <Exc> = -.32482402D+03
 HiCu.GridGen         :: CPU Sec = 0.11D+04, WALL Sec = 0.97D+04
 HiCu.MakeKxc         :: WALL (Sec) = 0.63D+04
 HiCu                 :: Kxc[8] CheckSum  = 0.2126234385263889D+02
 HiCu                 :: WALL (Sec) = 0.16D+05
 HiCu                 :: Allocs=495293,  DeAllocs=190121, 165925400 bytes are presently allocated.
                         A max of 167431824 bytes were allocated.
>-Exiting HiCu 09/05/02 @ 18:40:13-<
<<Entering FockNGrueven 09/05/02 @ 18:40:13>>
 FockNGrueven         :: F[8] CheckSum  = 0.8470991168208948D+02
 FockNGrueven         :: OrthoF[8] CheckSum  = 0.7701992679447888D+02
 FockNGrueven         :: CPU (Sec,MFLOPS) = (0.33D+00, 167),
                         WALL(Sec,MFLOPS) = (0.34D+00, 162)
 FockNGrueven         :: Allocs=37,  DeAllocs=33, 380468 bytes are presently allocated.
                         A max of 2847168 bytes were allocated.
>-Exiting FockNGrueven 09/05/02 @ 18:40:13-<
<<Entering DIIS 09/05/02 @ 18:40:13>>
 DIIS                 :: Cond# = 0.97D+11, MIN(E) = 0.34D-10
 DIIS : Pulay C1      :: DIISCo = -.52D-01, 0.11D+00, 0.12D+00,
                                  0.39D+00, 0.23D+00, 0.19D+00, -.26D-03, -.29D-03
 DIIS                 :: F_DIIS[8] CheckSum  = 0.7702311196147731D+02
 DIIS                 :: CPU (Sec,MFLOPS) = (0.12D+01, 98),
                         WALL(Sec,MFLOPS) = (0.12D+01, 98)
 DIIS                 :: Allocs=84,  DeAllocs=79, 792 bytes are presently allocated.
                         A max of 3026148 bytes were allocated.
>-Exiting DIIS 09/05/02 @ 18:40:15-<
<<Entering PM 09/05/02 @ 18:40:15>>
 PM                   :: Trix = 0.10D-02
 PM : Pure 1          :: dE=0.10D+01, dP=0.72D-01, ThrX=0.10D-02, %Non0=21
 PM : Pure 2          :: dE=0.56D-01, dP=0.65D-01, ThrX=0.10D-02, %Non0=21
 PM : Pure 3          :: dE=0.32D-01, dP=0.46D-01, ThrX=0.10D-02, %Non0=21
 PM : Pure 4          :: dE=0.11D-01, dP=0.36D-01, ThrX=0.10D-02, %Non0=21
 PM : Pure 5          :: dE=0.62D-02, dP=0.48D-01, ThrX=0.10D-02, %Non0=21
 PM : Pure 6          :: dE=0.84D-02, dP=0.69D-01, ThrX=0.10D-02, %Non0=21
 PM : Pure 7          :: dE=0.11D-01, dP=0.93D-01, ThrX=0.10D-02, %Non0=24
 PM : Pure 8          :: dE=0.13D-01, dP=0.11D+00, ThrX=0.10D-02, %Non0=30
 PM : Pure 9          :: dE=0.12D-01, dP=0.11D+00, ThrX=0.10D-02, %Non0=40
 PM : Pure 10         :: dE=0.80D-02, dP=0.72D-01, ThrX=0.10D-02, %Non0=49
 PM : Pure 11         :: dE=0.39D-02, dP=0.47D-01, ThrX=0.10D-02, %Non0=63
 PM : Pure 12         :: dE=0.19D-02, dP=0.41D-01, ThrX=0.10D-02, %Non0=78
 PM : Pure 13         :: dE=0.11D-02, dP=0.32D-01, ThrX=0.10D-02, %Non0=87
 PM : Pure 14         :: dE=0.51D-03, dP=0.22D-01, ThrX=0.10D-02, %Non0=95
 PM : Pure 15         :: dE=0.23D-03, dP=0.17D-01, ThrX=0.10D-02, %Non0=98
 PM : Pure 16         :: dE=0.11D-03, dP=0.12D-01, ThrX=0.10D-02, %Non0=99
 PM : Pure 17         :: dE=0.56D-04, dP=0.81D-02, ThrX=0.10D-02, %Non0=99
 PM : Pure 18         :: dE=0.22D-04, dP=0.39D-02, ThrX=0.10D-02, %Non0=99
 PM : Pure 19         :: dE=0.37D-05, dP=0.13D-02, ThrX=0.10D-02, %Non0=99
 PM : Pure 20         :: dE=0.94D-07, dP=0.33D-03, ThrX=0.10D-02, %Non0=99
 PM : Pure 21         :: dE=0.21D-08, dP=0.20D-03, ThrX=0.10D-02, %Non0=99
 PM : Hit dE increase :: Tr{FP}=-.6472405247190790D+03, dNel = 0.28D-12
 PM                   :: 21 purification steps, 45 matrix multiplies
 PM                   :: Fractional occupation = 0.60D+00, %Non0s = 99
 PM : Max abs errors  :: dE=0.13D-05, dP=0.20D-03, [F,P]=0.23D-01
 PM                   :: Rel dE=0.21D-08, ||dP||_F=0.10D-02, ||[F,P]||_F=0.22D+00
 PM                   :: OrthoP[9] CheckSum  = 0.1341646745106266D+02
 PM                   :: P[9] CheckSum  = 0.1148033457043667D+02
 PM                   :: CPU (Sec,MFLOPS) = (0.71D+01, 189),
                         WALL(Sec,MFLOPS) = (0.71D+01, 189)
 PM                   :: Allocs=332,  DeAllocs=324, 1498120 bytes are presently allocated.
                         A max of 5244152 bytes were allocated.
>-Exiting PM 09/05/02 @ 18:40:22-<
<<Entering SCFStatus 09/05/02 @ 18:40:22>>
 
= = = = = SCFCycle #8, Basis #1, Geometry #1 = = = = =

       DIISErr = 0.74D-03
       MaxDelD = 0.16D-06
       <T>     = 0.22602727D+04
       <V>     = -.42135319D+04
       <DFT>   = -.32482402D+03
       <SCF>   = -2278.08324085

 SCFStatus            :: CPU (Sec,MFLOPS) = (0.70D-01, 9),
                         WALL(Sec,MFLOPS) = (0.70D-01, 9)
 SCFStatus            :: Allocs=16,  DeAllocs=16, 0 bytes are presently allocated.
                         A max of 2247900 bytes were allocated.
>-Exiting SCFStatus 09/05/02 @ 18:40:22-<
 DIISQ =    1.3140956581224683E-006
 DMaxQ =     13.62342173476785     
 DIISB =    7.3850724275431991E-004
 DIISA =    7.3850821322348104E-004
 DMaxA =    2.2949761853026081E-006
 DMaxB =    1.5693838466315979E-007
 Normal SCF convergence.
 Convergence statistics for RPBEx/PBEc/STO-6G:
========================================================================
SCF    Ink       Total             Delta       Max         DIIS   
Cycle  Fok       Energy            E_Tot       Delta P     Error  
  0,    F,           0.00000000, 0.0000D+00, 0.0000D+00, 0.0000D+00, 
  1,    F,       -2277.06664502, 0.4392D-01, 0.2479D+01, 0.0000D+00, 
  2,    F,       -2277.98553204, 0.4034D-03, 0.4417D-01, 0.1807D-02, 
  3,    F,       -2277.56353353, 0.1853D-03, 0.3142D-01, 0.2787D-02, 
  4,    F,       -2278.05353577, 0.2151D-03, 0.1134D+00, 0.9967D-03, 
  5,    F,       -2278.07109069, 0.7706D-05, 0.2211D-01, 0.8537D-03, 
  6,    F,       -2278.08277202, 0.5128D-05, 0.1933D-01, 0.7441D-03, 
  7,    F,       -2278.08324075, 0.2058D-06, 0.3773D-02, 0.7385D-03, 
  8,    F,       -2278.08324085, 0.4463D-10, 0.2138D-05, 0.7385D-03, 
========================================================================
>-Succesfull MondoSCF run 09/05/02 @ 18:40:22-<
