

 __    __                 _       ____________ ______ 
|  \  /  |               | |     /       /    |      |
|   \/   | ___  _ __   __| | ___/   ____/   __|  |==='
|        |/ _ \| '_ \ / _  |/ _ \____  \   (__|  ____|
|  |\/|  | (_) | | | | (_| | (_) )     /\     |  |    
|__|  |__|\___/|_| |_|\____|\___/_____/  \____|__|    

 Version 1.0 alpha 4                                  
 A program suite for O(N) SCF theory and ab initio MD 
 Matt Challacombe, Eric Schwegler, C.J. Tymczak,      
 Chee Kwan Gan, Karoly Nemeth and Anders Niklasson    
 Los Alamos National Laboratory (LA-CC 01-2)          
 Copywrite 2001, University of California.            

 Compiled for AMDLinux.PG, executing on zinc26
 a i686 machine running Linux 2.4.2-2

Water Cluster Scaling                                                                                                           
  
<<Starting MondoSCF 08/25/02 @ 12:25:52>>
 ** Auto-Wraps at default value => (Off) **
 ** Atom-Wrap at default value => (AtomWrap-Off) **
 ** Lattice Vector Format at default value => (Vector Format) **
 ** Coodinate Format at default value => (Atomic Coord) **
========================================================================
 Internal representation of the geometry:
 Geometry originally in Angstroms has been converted to AU.
 Geometry has been reordered using the Hilbert curve.
 Number of electrons = 360
------------------------------------------------------------------------
  *** Periodic is Off *** 
------------------------------------------------------------------------
 1   c    -.48745104D+01   -.13675758D+01   -.43067044D+01
 2   c    -.26616602D+01   -.22128313D+01   -.56743180D+01
 3   c    -.13675758D+01   -.43067044D+01   -.48745104D+01
 4   c    -.22128313D+01   -.56743180D+01   -.26616602D+01
 5   c    -.56743180D+01   -.26616602D+01   -.22128313D+01
 6   c    -.43067044D+01   -.48745104D+01   -.13675758D+01
 7   c    -.43067044D+01   -.48745104D+01   0.13675758D+01
 8   c    -.22128313D+01   -.56743180D+01   0.26616602D+01
 9   c    -.13675758D+01   -.43067044D+01   0.48745104D+01
 10   c    -.48745104D+01   -.13675758D+01   0.43067044D+01
 11   c    -.26616602D+01   -.22128313D+01   0.56743180D+01
 12   c    -.56743180D+01   -.26616602D+01   0.22128313D+01
 13   c    -.65195547D+01   -.12940844D+01   0.00000000D+00
 14   c    -.65195547D+01   0.12940844D+01   0.00000000D+00
 15   c    -.56743180D+01   0.26616602D+01   0.22128313D+01
 16   c    -.48745104D+01   0.13675758D+01   0.43067044D+01
 17   c    -.43067044D+01   0.48745104D+01   0.13675758D+01
 18   c    -.22128313D+01   0.56743180D+01   0.26616602D+01
 19   c    -.13675758D+01   0.43067044D+01   0.48745104D+01
 20   c    -.26616602D+01   0.22128313D+01   0.56743180D+01
 21   c    -.12940844D+01   0.00000000D+00   0.65195547D+01
 22   c    -.22128313D+01   0.56743180D+01   -.26616602D+01
 23   c    -.43067044D+01   0.48745104D+01   -.13675758D+01
 24   c    -.56743180D+01   0.26616602D+01   -.22128313D+01
 25   c    -.48745104D+01   0.13675758D+01   -.43067044D+01
 26   c    -.13675758D+01   0.43067044D+01   -.48745104D+01
 27   c    -.26616602D+01   0.22128313D+01   -.56743180D+01
 28   c    -.12940844D+01   0.00000000D+00   -.65195547D+01
 29   c    0.12940844D+01   0.00000000D+00   -.65195547D+01
 30   c    0.26616602D+01   0.22128313D+01   -.56743180D+01
 31   c    0.13675758D+01   0.43067044D+01   -.48745104D+01
 32   c    0.48745104D+01   0.13675758D+01   -.43067044D+01
 33   c    0.56743180D+01   0.26616602D+01   -.22128313D+01
 34   c    0.43067044D+01   0.48745104D+01   -.13675758D+01
 35   c    0.22128313D+01   0.56743180D+01   -.26616602D+01
 36   c    0.00000000D+00   0.65195547D+01   -.12940844D+01
 37   c    0.12940844D+01   0.00000000D+00   0.65195547D+01
 38   c    0.26616602D+01   0.22128313D+01   0.56743180D+01
 39   c    0.13675758D+01   0.43067044D+01   0.48745104D+01
 40   c    0.22128313D+01   0.56743180D+01   0.26616602D+01
 41   c    0.00000000D+00   0.65195547D+01   0.12940844D+01
 42   c    0.43067044D+01   0.48745104D+01   0.13675758D+01
 43   c    0.48745104D+01   0.13675758D+01   0.43067044D+01
 44   c    0.56743180D+01   0.26616602D+01   0.22128313D+01
 45   c    0.65195547D+01   0.12940844D+01   0.00000000D+00
 46   c    0.65195547D+01   -.12940844D+01   0.00000000D+00
 47   c    0.56743180D+01   -.26616602D+01   0.22128313D+01
 48   c    0.26616602D+01   -.22128313D+01   0.56743180D+01
 49   c    0.48745104D+01   -.13675758D+01   0.43067044D+01
 50   c    0.13675758D+01   -.43067044D+01   0.48745104D+01
 51   c    0.22128313D+01   -.56743180D+01   0.26616602D+01
 52   c    0.00000000D+00   -.65195547D+01   0.12940844D+01
 53   c    0.43067044D+01   -.48745104D+01   0.13675758D+01
 54   c    0.43067044D+01   -.48745104D+01   -.13675758D+01
 55   c    0.56743180D+01   -.26616602D+01   -.22128313D+01
 56   c    0.00000000D+00   -.65195547D+01   -.12940844D+01
 57   c    0.22128313D+01   -.56743180D+01   -.26616602D+01
 58   c    0.13675758D+01   -.43067044D+01   -.48745104D+01
 59   c    0.26616602D+01   -.22128313D+01   -.56743180D+01
 60   c    0.48745104D+01   -.13675758D+01   -.43067044D+01
========================================================================
 ParseGeometry        :: Allocs=14,  DeAllocs=14, 0 bytes are presently allocated.
                         A max of 7968 bytes were allocated.
 Base(1)%BName   = STO-6G
 Opening BasFile = /home/mchalla/MONDOf/BasisSets/STO-6G.bas
 ParseBaseSets        :: Allocs=61,  DeAllocs=60, 480 bytes are presently allocated.
                         A max of 25480 bytes were allocated.
 Current HDF file :: /scratch/mchalla/c60_NT4_1D-5_26638.hdf

 PROGRAM OF CALCULATIONS:

  A restricted Roothaan-Hall solution of the SCF using
  a tight accuracy level, STO-6G and the PBEx/PBEc model.
 

 Accuracy level 3 for the STO-6G basis set:
  TrixNeglect = 0.10D-05, CubeNeglect = 0.10D-06,
  TwoENeglect = 0.10D-09, DistNeglect = 0.10D-11
 MaxAtms = 61, MaxBlks = 3601, MaxNon0 = 90001, BndWdth = 60
<<Entering MakeS 08/25/02 @ 12:25:53>>
 MakeS                :: S CheckSum  = 0.2079758492972368D+02
 MakeS                :: CPU Sec = 0.21D+01, WALL Sec = 0.21D+01
 MakeS                :: Allocs=37,  DeAllocs=36, 24 bytes are presently allocated.
                         A max of 1514328 bytes were allocated.
>-Exiting MakeS 08/25/02 @ 12:25:55-<
<<Entering BlokAInv 08/25/02 @ 12:25:55>>
 BlokAInv             :: CPU (Sec,MFLOPS) = (0.12D+00, 169),
                         WALL(Sec,MFLOPS) = (0.13D+00, 156)
 BlokAInv             :: Max(Z^t.A.Z-I)=0.67D-06, TrixThrsh=0.10D-05
 BlokAInv             :: Z CheckSum  = 0.2334035849474413D+02
 BlokAInv             :: CPU (Sec,MFLOPS) = (0.39D+00, 193),
                         WALL(Sec,MFLOPS) = (0.40D+00, 188)
 BlokAInv             :: Allocs=75,  DeAllocs=41, 2255484 bytes are presently allocated.
                         A max of 3754336 bytes were allocated.
>-Exiting BlokAInv 08/25/02 @ 12:25:55-<
<<Entering MakeT 08/25/02 @ 12:25:56>>
 MakeT                :: T CheckSum  = 0.1263168604614581D+03
 MakeT                :: CPU Sec = 0.22D+01, WALL Sec = 0.22D+01
 MakeT                :: Allocs=33,  DeAllocs=32, 24 bytes are presently allocated.
                         A max of 1508752 bytes were allocated.
>-Exiting MakeT 08/25/02 @ 12:25:58-<
<<Entering P2Use 08/25/02 @ 12:25:58>>
 P2Use                :: P[0] CheckSum  = 0.1279006156321167D+02
 P2Use                :: CPU Sec = 0.30D-01, WALL Sec = 0.40D-01
 P2Use                :: Allocs=53,  DeAllocs=44, 749804 bytes are presently allocated.
                         A max of 3005540 bytes were allocated.
>-Exiting P2Use 08/25/02 @ 12:25:58-<
<<Entering MakeRho 08/25/02 @ 12:25:58>>
 MakeRho : Pruned Rho :: dNel = -.57D-12, kept 100% of distributions.
 MakeRho : Moments    :: <r> = (-.30D-13, -.27D-14, 0.36D-14), <r^2> = 0.32D+03
 MakeRho              :: Rho CheckSum  = 0.3458428081811825D+04
 MakeRho              :: CPU Sec = 0.73D+00, WALL Sec = 0.73D+00
 MakeRho              :: Allocs=64,  DeAllocs=59, 728 bytes are presently allocated.
                         A max of 1108916 bytes were allocated.
>-Exiting MakeRho 08/25/02 @ 12:25:59-<
<<Entering QCTC 08/25/02 @ 12:25:59>>
 QCTC                 :: J[0] CheckSum  = 0.1848595439169059D+03
 QCTC                 :: CPU Sec = 0.50D+03, WALL Sec = 0.50D+03
 QCTC                 :: Allocs=43553,  DeAllocs=50, 7050224 bytes are presently allocated.
                         A max of 8556744 bytes were allocated.
>-Exiting QCTC 08/25/02 @ 12:34:19-<
<<Entering HiCu 08/25/02 @ 12:34:19>>
 HiCu.GridGen         :: Tau = 0.10D-01, <Rho> = 0.18029765D+03, <Exc> = -.33023509D+03, Pts/Atom = 1442
 HiCu.GridGen         :: Tau = 0.10D-02, <Rho> = 0.18004673D+03, <Exc> = -.32938016D+03, Pts/Atom = 3070
 HiCu.GridGen         :: Tau = 0.10D-03, <Rho> = 0.18000305D+03, <Exc> = -.32921852D+03, Pts/Atom = 5866
 HiCu.GridGen         :: Tau = 0.10D-04, <Rho> = 0.18000076D+03, <Exc> = -.32920819D+03, Pts/Atom = 10476
 HiCu.GridGen         :: Tau = 0.10D-05, <Rho> = 0.18000008D+03, <Exc> = -.32920785D+03, Pts/Atom = 19908
 HiCu.GridGen         :: Tau = 0.10D-06, <Rho> = 0.18000001D+03, <Exc> = -.32920817D+03, Pts/Atom = 37352
 HiCu.GridGen         :: TauRel = 0.10D-06, RhoErr = 0.47D-07, <Exc> = -.32920817D+03
 HiCu.GridGen         :: CPU Sec = 0.78D+03, WALL Sec = 0.78D+03
 HiCu.MakeKxc         :: WALL (Sec) = 0.63D+04
 HiCu                 :: Kxc[0] CheckSum  = 0.2133185135966743D+02
 HiCu                 :: WALL (Sec) = 0.71D+04
 HiCu                 :: Allocs=392882,  DeAllocs=192146, 161691128 bytes are presently allocated.
                         A max of 163197552 bytes were allocated.
>-Exiting HiCu 08/25/02 @ 14:32:41-<
<<Entering FockNGrueven 08/25/02 @ 14:32:41>>
 FockNGrueven         :: F[0] CheckSum  = 0.8350696713421978D+02
 FockNGrueven         :: OrthoF[0] CheckSum  = 0.7595568899532943D+02
 FockNGrueven         :: CPU (Sec,MFLOPS) = (0.32D+00, 172),
                         WALL(Sec,MFLOPS) = (0.47D+00, 117)
 FockNGrueven         :: Allocs=37,  DeAllocs=33, 380468 bytes are presently allocated.
                         A max of 2847168 bytes were allocated.
>-Exiting FockNGrueven 08/25/02 @ 14:32:41-<
<<Entering NT4 08/25/02 @ 14:32:42>>
 NT4                  :: Trix = 0.10D-04
 NT4 : Pure 1         :: dE=0.10D+01, dP=0.42D+00, ThrX=0.10D-04, %Non0=68
 NT4 : Pure 2         :: dE=0.63D-01, dP=0.21D+00, ThrX=0.10D-04, %Non0=64
 NT4 : Pure 3         :: dE=0.95D-02, dP=0.47D-01, ThrX=0.10D-04, %Non0=67
 NT4 : Pure 4         :: dE=0.81D-02, dP=0.64D-01, ThrX=0.10D-04, %Non0=70
 NT4 : Pure 5         :: dE=0.11D-01, dP=0.88D-01, ThrX=0.10D-04, %Non0=75
 NT4 : Pure 6         :: dE=0.13D-01, dP=0.11D+00, ThrX=0.10D-04, %Non0=82
 NT4 : Pure 7         :: dE=0.13D-01, dP=0.11D+00, ThrX=0.10D-04, %Non0=89
 NT4 : Pure 8         :: dE=0.97D-02, dP=0.82D-01, ThrX=0.10D-04, %Non0=99
 NT4 : Pure 9         :: dE=0.50D-02, dP=0.54D-01, ThrX=0.10D-04, %Non0=100
 NT4 : Pure 10        :: dE=0.23D-02, dP=0.49D-01, ThrX=0.10D-04, %Non0=100
 NT4 : Pure 11        :: dE=0.10D-02, dP=0.34D-01, ThrX=0.10D-04, %Non0=100
 NT4 : Pure 12        :: dE=0.38D-03, dP=0.23D-01, ThrX=0.10D-04, %Non0=100
 NT4 : Pure 13        :: dE=0.13D-03, dP=0.15D-01, ThrX=0.10D-04, %Non0=100
 NT4 : Pure 14        :: dE=0.49D-04, dP=0.83D-02, ThrX=0.10D-04, %Non0=100
 NT4 : Pure 15        :: dE=0.15D-04, dP=0.29D-02, ThrX=0.10D-04, %Non0=100
 NT4 : Pure 16        :: dE=0.14D-05, dP=0.28D-03, ThrX=0.10D-04, %Non0=100
 NT4 : Pure 17        :: dE=0.11D-07, dP=0.23D-05, ThrX=0.10D-04, %Non0=100
 NT4 : Pure 18        :: dE=0.71D-12, dP=0.14D-09, ThrX=0.10D-04, %Non0=100
 NT4 : Met dE/dP goals:: Tr{FP}=-.6342312040677178D+03, dNel = 0.57D-13
 NT4                  :: 18 purification steps, 38 matrix multiplies
 NT4                  :: Fractional occupation = 0.60D+00, %Non0s = 100
 NT4 : Max abs errors :: dE=0.45D-09, dP=0.14D-09, [F,P]=0.23D-03
 NT4                  :: Rel dE=0.71D-12, ||dP||_F=0.39D-08, ||[F,P]||_F=0.19D-02
 NT4                  :: OrthoP[1] CheckSum  = 0.1341640786950834D+02
 NT4                  :: P[1] CheckSum  = 0.1147226405525738D+02
 NT4                  :: CPU (Sec,MFLOPS) = (0.95D+01, 190),
                         WALL(Sec,MFLOPS) = (0.95D+01, 190)
 NT4                  :: Allocs=252,  DeAllocs=248, 749060 bytes are presently allocated.
                         A max of 4495092 bytes were allocated.
>-Exiting NT4 08/25/02 @ 14:32:51-<
<<Entering SCFStatus 08/25/02 @ 14:32:51>>
 
= = = = = SCFCycle #0, Basis #1, Geometry #1 = = = = =

       MaxDelD = 0.68D+00
       <T>     = 0.23203716D+04
       <V>     = -.42764692D+04
       <DFT>   = -.32920817D+03
       <SCF>   = -2285.30576345

 SCFStatus            :: CPU (Sec,MFLOPS) = (0.40D-01, 4),
                         WALL(Sec,MFLOPS) = (0.40D-01, 4)
 SCFStatus            :: Allocs=16,  DeAllocs=16, 0 bytes are presently allocated.
                         A max of 2247900 bytes were allocated.
>-Exiting SCFStatus 08/25/02 @ 14:32:51-<
<<Entering MakeRho 08/25/02 @ 14:32:51>>
 MakeRho : Pruned Rho :: dNel = -.19D-07, kept 22% of distributions.
 MakeRho : Moments    :: <r> = (-.39D-03, -.16D-05, 0.81D-04), <r^2> = 0.34D+03
 MakeRho              :: Rho CheckSum  = 0.3306883725775923D+04
 MakeRho              :: CPU Sec = 0.31D+02, WALL Sec = 0.31D+02
 MakeRho              :: Allocs=64,  DeAllocs=59, 728 bytes are presently allocated.
                         A max of 41969508 bytes were allocated.
>-Exiting MakeRho 08/25/02 @ 14:33:23-<
<<Entering QCTC 08/25/02 @ 14:33:23>>
 QCTC                 :: J[1] CheckSum  = 0.1862165832261801D+03
 QCTC                 :: CPU Sec = 0.16D+04, WALL Sec = 0.59D+04
 QCTC                 :: Allocs=577743,  DeAllocs=50, 97575792 bytes are presently allocated.
                         A max of 110802208 bytes were allocated.
>-Exiting QCTC 08/25/02 @ 16:11:26-<
<<Entering HiCu 08/25/02 @ 16:11:26>>
 HiCu.GridGen         :: Tau = 0.10D-01, <Rho> = 0.17991731D+03, <Exc> = -.32387064D+03, Pts/Atom = 1353
 HiCu.GridGen         :: Tau = 0.10D-02, <Rho> = 0.18003174D+03, <Exc> = -.32477598D+03, Pts/Atom = 2898
 HiCu.GridGen         :: Tau = 0.10D-03, <Rho> = 0.17999847D+03, <Exc> = -.32468922D+03, Pts/Atom = 5516
 HiCu.GridGen         :: Tau = 0.10D-04, <Rho> = 0.17999955D+03, <Exc> = -.32469744D+03, Pts/Atom = 10318
 HiCu.GridGen         :: Tau = 0.10D-05, <Rho> = 0.18000008D+03, <Exc> = -.32469889D+03, Pts/Atom = 19707
 HiCu.GridGen         :: Tau = 0.10D-06, <Rho> = 0.18000002D+03, <Exc> = -.32469918D+03, Pts/Atom = 37002
 HiCu.GridGen         :: TauRel = 0.10D-06, RhoErr = 0.14D-06, <Exc> = -.32469918D+03
 HiCu.GridGen         :: CPU Sec = 0.11D+04, WALL Sec = 0.97D+04
 HiCu.MakeKxc         :: WALL (Sec) = 0.63D+04
 HiCu                 :: Kxc[1] CheckSum  = 0.2125998760742406D+02
 HiCu                 :: WALL (Sec) = 0.16D+05
 HiCu                 :: Allocs=496120,  DeAllocs=190346, 166134144 bytes are presently allocated.
                         A max of 167640568 bytes were allocated.
>-Exiting HiCu 08/25/02 @ 20:37:22-<
<<Entering FockNGrueven 08/25/02 @ 20:37:22>>
 FockNGrueven         :: F[1] CheckSum  = 0.8481223890262163D+02
 FockNGrueven         :: OrthoF[1] CheckSum  = 0.7709390559029124D+02
 FockNGrueven         :: CPU (Sec,MFLOPS) = (0.34D+00, 162),
                         WALL(Sec,MFLOPS) = (0.38D+00, 145)
 FockNGrueven         :: Allocs=37,  DeAllocs=33, 380468 bytes are presently allocated.
                         A max of 2847168 bytes were allocated.
>-Exiting FockNGrueven 08/25/02 @ 20:37:22-<
<<Entering DIIS 08/25/02 @ 20:37:22>>
 DIIS : Damping       :: Co = 0.80D+00, 0.20D+00
 DIIS                 :: F_DIIS[1] CheckSum  = 0.7618263934296341D+02
 DIIS                 :: CPU (Sec,MFLOPS) = (0.59D+00, 183),
                         WALL(Sec,MFLOPS) = (0.62D+00, 174)
 DIIS                 :: Allocs=34,  DeAllocs=30, 144 bytes are presently allocated.
                         A max of 3026148 bytes were allocated.
>-Exiting DIIS 08/25/02 @ 20:37:23-<
<<Entering NT4 08/25/02 @ 20:37:23>>
 NT4                  :: Trix = 0.10D-04
 NT4 : Pure 1         :: dE=0.10D+01, dP=0.42D+00, ThrX=0.10D-04, %Non0=68
 NT4 : Pure 2         :: dE=0.63D-01, dP=0.21D+00, ThrX=0.10D-04, %Non0=64
 NT4 : Pure 3         :: dE=0.94D-02, dP=0.46D-01, ThrX=0.10D-04, %Non0=67
 NT4 : Pure 4         :: dE=0.80D-02, dP=0.64D-01, ThrX=0.10D-04, %Non0=70
 NT4 : Pure 5         :: dE=0.11D-01, dP=0.88D-01, ThrX=0.10D-04, %Non0=75
 NT4 : Pure 6         :: dE=0.13D-01, dP=0.11D+00, ThrX=0.10D-04, %Non0=82
 NT4 : Pure 7         :: dE=0.13D-01, dP=0.11D+00, ThrX=0.10D-04, %Non0=89
 NT4 : Pure 8         :: dE=0.97D-02, dP=0.82D-01, ThrX=0.10D-04, %Non0=99
 NT4 : Pure 9         :: dE=0.50D-02, dP=0.54D-01, ThrX=0.10D-04, %Non0=100
 NT4 : Pure 10        :: dE=0.23D-02, dP=0.49D-01, ThrX=0.10D-04, %Non0=100
 NT4 : Pure 11        :: dE=0.10D-02, dP=0.34D-01, ThrX=0.10D-04, %Non0=100
 NT4 : Pure 12        :: dE=0.38D-03, dP=0.23D-01, ThrX=0.10D-04, %Non0=100
 NT4 : Pure 13        :: dE=0.13D-03, dP=0.15D-01, ThrX=0.10D-04, %Non0=100
 NT4 : Pure 14        :: dE=0.49D-04, dP=0.83D-02, ThrX=0.10D-04, %Non0=100
 NT4 : Pure 15        :: dE=0.15D-04, dP=0.29D-02, ThrX=0.10D-04, %Non0=100
 NT4 : Pure 16        :: dE=0.14D-05, dP=0.29D-03, ThrX=0.10D-04, %Non0=100
 NT4 : Pure 17        :: dE=0.11D-07, dP=0.23D-05, ThrX=0.10D-04, %Non0=100
 NT4 : Pure 18        :: dE=0.73D-12, dP=0.15D-09, ThrX=0.10D-04, %Non0=100
 NT4 : Met dE/dP goals:: Tr{FP}=-.6371157533439022D+03, dNel = 0.57D-13
 NT4                  :: 18 purification steps, 38 matrix multiplies
 NT4                  :: Fractional occupation = 0.60D+00, %Non0s = 100
 NT4 : Max abs errors :: dE=0.46D-09, dP=0.15D-09, [F,P]=0.23D-03
 NT4                  :: Rel dE=0.73D-12, ||dP||_F=0.40D-08, ||[F,P]||_F=0.19D-02
 NT4                  :: OrthoP[2] CheckSum  = 0.1341640786956939D+02
 NT4                  :: P[2] CheckSum  = 0.1147390312685191D+02
 NT4                  :: CPU (Sec,MFLOPS) = (0.94D+01, 191),
                         WALL(Sec,MFLOPS) = (0.96D+01, 188)
 NT4                  :: Allocs=252,  DeAllocs=248, 749060 bytes are presently allocated.
                         A max of 4495092 bytes were allocated.
>-Exiting NT4 08/25/02 @ 20:37:33-<
<<Entering SCFStatus 08/25/02 @ 20:37:33>>
 
= = = = = SCFCycle #1, Basis #1, Geometry #1 = = = = =

       DIISErr = 0.52D-03
       MaxDelD = 0.25D-02
       <T>     = 0.22586631D+04
       <V>     = -.42120726D+04
       <DFT>   = -.32469918D+03
       <SCF>   = -2278.10875250

 SCFStatus            :: CPU (Sec,MFLOPS) = (0.70D-01, 9),
                         WALL(Sec,MFLOPS) = (0.70D-01, 9)
 SCFStatus            :: Allocs=16,  DeAllocs=16, 0 bytes are presently allocated.
                         A max of 2247900 bytes were allocated.
>-Exiting SCFStatus 08/25/02 @ 20:37:33-<
<<Entering MakeRho 08/25/02 @ 20:37:33>>
 MakeRho : Pruned Rho :: dNel = -.20D-07, kept 22% of distributions.
 MakeRho : Moments    :: <r> = (-.14D-03, 0.26D-04, 0.46D-04), <r^2> = 0.34D+03
 MakeRho              :: Rho CheckSum  = 0.3307401827988123D+04
 MakeRho              :: CPU Sec = 0.31D+02, WALL Sec = 0.31D+02
 MakeRho              :: Allocs=64,  DeAllocs=59, 728 bytes are presently allocated.
                         A max of 41958356 bytes were allocated.
>-Exiting MakeRho 08/25/02 @ 20:38:04-<
<<Entering QCTC 08/25/02 @ 20:38:04>>
 QCTC                 :: J[2] CheckSum  = 0.1861889704861346D+03
 QCTC                 :: CPU Sec = 0.16D+04, WALL Sec = 0.59D+04
 QCTC                 :: Allocs=576653,  DeAllocs=50, 97403504 bytes are presently allocated.
                         A max of 110610920 bytes were allocated.
>-Exiting QCTC 08/25/02 @ 22:16:21-<
<<Entering HiCu 08/25/02 @ 22:16:21>>
 HiCu.GridGen         :: Tau = 0.10D-01, <Rho> = 0.17991740D+03, <Exc> = -.32389773D+03, Pts/Atom = 1353
 HiCu.GridGen         :: Tau = 0.10D-02, <Rho> = 0.18003170D+03, <Exc> = -.32480224D+03, Pts/Atom = 2898
 HiCu.GridGen         :: Tau = 0.10D-03, <Rho> = 0.17999846D+03, <Exc> = -.32471559D+03, Pts/Atom = 5516
 HiCu.GridGen         :: Tau = 0.10D-04, <Rho> = 0.17999955D+03, <Exc> = -.32472389D+03, Pts/Atom = 10318
 HiCu.GridGen         :: Tau = 0.10D-05, <Rho> = 0.18000008D+03, <Exc> = -.32472533D+03, Pts/Atom = 19716
 HiCu.GridGen         :: Tau = 0.10D-06, <Rho> = 0.18000002D+03, <Exc> = -.32472563D+03, Pts/Atom = 36992
 HiCu.GridGen         :: TauRel = 0.10D-06, RhoErr = 0.14D-06, <Exc> = -.32472563D+03
 HiCu.GridGen         :: CPU Sec = 0.11D+04, WALL Sec = 0.97D+04
 HiCu.MakeKxc         :: WALL (Sec) = 0.63D+04
 HiCu                 :: Kxc[2] CheckSum  = 0.2126056451401836D+02
 HiCu                 :: WALL (Sec) = 0.16D+05
 HiCu                 :: Allocs=495806,  DeAllocs=190298, 166087904 bytes are presently allocated.
                         A max of 167594328 bytes were allocated.
>-Exiting HiCu 08/26/02 @ 02:41:44-<
<<Entering FockNGrueven 08/26/02 @ 02:41:45>>
 FockNGrueven         :: F[2] CheckSum  = 0.8478189971026052D+02
 FockNGrueven         :: OrthoF[2] CheckSum  = 0.7707246545733680D+02
 FockNGrueven         :: CPU (Sec,MFLOPS) = (0.34D+00, 162),
                         WALL(Sec,MFLOPS) = (0.37D+00, 149)
 FockNGrueven         :: Allocs=37,  DeAllocs=33, 380468 bytes are presently allocated.
                         A max of 2847168 bytes were allocated.
>-Exiting FockNGrueven 08/26/02 @ 02:41:45-<
<<Entering DIIS 08/26/02 @ 02:41:45>>
 DIIS                 :: Cond# = 0.22D+04, MIN(E) = 0.66D-03
 DIIS : Pulay C1      :: DIISCo = -.32D+01, 0.42D+01
 DIIS                 :: F_DIIS[2] CheckSum  = 0.7700487375983445D+02
 DIIS                 :: CPU (Sec,MFLOPS) = (0.63D+00, 172),
                         WALL(Sec,MFLOPS) = (0.72D+00, 150)
 DIIS                 :: Allocs=45,  DeAllocs=40, 216 bytes are presently allocated.
                         A max of 3026148 bytes were allocated.
>-Exiting DIIS 08/26/02 @ 02:41:46-<
<<Entering NT4 08/26/02 @ 02:41:46>>
 NT4                  :: Trix = 0.10D-04
 NT4 : Pure 1         :: dE=0.10D+01, dP=0.42D+00, ThrX=0.10D-04, %Non0=68
 NT4 : Pure 2         :: dE=0.64D-01, dP=0.22D+00, ThrX=0.10D-04, %Non0=64
 NT4 : Pure 3         :: dE=0.89D-02, dP=0.46D-01, ThrX=0.10D-04, %Non0=67
 NT4 : Pure 4         :: dE=0.78D-02, dP=0.64D-01, ThrX=0.10D-04, %Non0=70
 NT4 : Pure 5         :: dE=0.11D-01, dP=0.88D-01, ThrX=0.10D-04, %Non0=75
 NT4 : Pure 6         :: dE=0.13D-01, dP=0.11D+00, ThrX=0.10D-04, %Non0=82
 NT4 : Pure 7         :: dE=0.13D-01, dP=0.11D+00, ThrX=0.10D-04, %Non0=89
 NT4 : Pure 8         :: dE=0.95D-02, dP=0.83D-01, ThrX=0.10D-04, %Non0=99
 NT4 : Pure 9         :: dE=0.49D-02, dP=0.54D-01, ThrX=0.10D-04, %Non0=100
 NT4 : Pure 10        :: dE=0.22D-02, dP=0.49D-01, ThrX=0.10D-04, %Non0=100
 NT4 : Pure 11        :: dE=0.99D-03, dP=0.34D-01, ThrX=0.10D-04, %Non0=100
 NT4 : Pure 12        :: dE=0.37D-03, dP=0.23D-01, ThrX=0.10D-04, %Non0=100
 NT4 : Pure 13        :: dE=0.13D-03, dP=0.15D-01, ThrX=0.10D-04, %Non0=100
 NT4 : Pure 14        :: dE=0.49D-04, dP=0.85D-02, ThrX=0.10D-04, %Non0=100
 NT4 : Pure 15        :: dE=0.15D-04, dP=0.31D-02, ThrX=0.10D-04, %Non0=100
 NT4 : Pure 16        :: dE=0.15D-05, dP=0.31D-03, ThrX=0.10D-04, %Non0=100
 NT4 : Pure 17        :: dE=0.13D-07, dP=0.27D-05, ThrX=0.10D-04, %Non0=100
 NT4 : Pure 18        :: dE=0.10D-11, dP=0.21D-09, ThrX=0.10D-04, %Non0=100
 NT4 : Met dE/dP goals:: Tr{FP}=-.6468193234653463D+03, dNel = 0.00D+00
 NT4                  :: 18 purification steps, 38 matrix multiplies
 NT4                  :: Fractional occupation = 0.60D+00, %Non0s = 100
 NT4 : Max abs errors :: dE=0.64D-09, dP=0.21D-09, [F,P]=0.24D-03
 NT4                  :: Rel dE=0.10D-11, ||dP||_F=0.57D-08, ||[F,P]||_F=0.19D-02
 NT4                  :: OrthoP[3] CheckSum  = 0.1341640786981608D+02
 NT4                  :: P[3] CheckSum  = 0.1147905968341297D+02
 NT4                  :: CPU (Sec,MFLOPS) = (0.95D+01, 189),
                         WALL(Sec,MFLOPS) = (0.96D+01, 187)
 NT4                  :: Allocs=253,  DeAllocs=249, 749060 bytes are presently allocated.
                         A max of 4495092 bytes were allocated.
>-Exiting NT4 08/26/02 @ 02:41:56-<
<<Entering SCFStatus 08/26/02 @ 02:41:56>>
 
= = = = = SCFCycle #2, Basis #1, Geometry #1 = = = = =

       DIISErr = 0.40D-03
       MaxDelD = 0.44D-02
       <T>     = 0.22589749D+04
       <V>     = -.42123618D+04
       <DFT>   = -.32472563D+03
       <SCF>   = -2278.11255285

 SCFStatus            :: CPU (Sec,MFLOPS) = (0.80D-01, 8),
                         WALL(Sec,MFLOPS) = (0.80D-01, 8)
 SCFStatus            :: Allocs=16,  DeAllocs=16, 0 bytes are presently allocated.
                         A max of 2247900 bytes were allocated.
>-Exiting SCFStatus 08/26/02 @ 02:41:56-<
<<Entering MakeRho 08/26/02 @ 02:41:56>>
 MakeRho : Pruned Rho :: dNel = -.20D-07, kept 22% of distributions.
 MakeRho : Moments    :: <r> = (-.26D-02, -.35D-03, 0.34D-03), <r^2> = 0.34D+03
 MakeRho              :: Rho CheckSum  = 0.3309610405439985D+04
 MakeRho              :: CPU Sec = 0.31D+02, WALL Sec = 0.31D+02
 MakeRho              :: Allocs=64,  DeAllocs=59, 728 bytes are presently allocated.
                         A max of 41958356 bytes were allocated.
>-Exiting MakeRho 08/26/02 @ 02:42:27-<
<<Entering QCTC 08/26/02 @ 02:42:27>>
 QCTC                 :: J[3] CheckSum  = 0.1861430005467103D+03
 QCTC                 :: CPU Sec = 0.16D+04, WALL Sec = 0.59D+04
 QCTC                 :: Allocs=576653,  DeAllocs=50, 97403504 bytes are presently allocated.
                         A max of 110610920 bytes were allocated.
>-Exiting QCTC 08/26/02 @ 04:20:52-<
<<Entering HiCu 08/26/02 @ 04:20:52>>
 HiCu.GridGen         :: Tau = 0.10D-01, <Rho> = 0.17991742D+03, <Exc> = -.32398085D+03, Pts/Atom = 1353
 HiCu.GridGen         :: Tau = 0.10D-02, <Rho> = 0.18003192D+03, <Exc> = -.32488711D+03, Pts/Atom = 2893
 HiCu.GridGen         :: Tau = 0.10D-03, <Rho> = 0.17999842D+03, <Exc> = -.32479815D+03, Pts/Atom = 5520
 HiCu.GridGen         :: Tau = 0.10D-04, <Rho> = 0.17999953D+03, <Exc> = -.32480664D+03, Pts/Atom = 10327
 HiCu.GridGen         :: Tau = 0.10D-05, <Rho> = 0.18000008D+03, <Exc> = -.32480823D+03, Pts/Atom = 19740
 HiCu.GridGen         :: Tau = 0.10D-06, <Rho> = 0.18000002D+03, <Exc> = -.32480853D+03, Pts/Atom = 36964
 HiCu.GridGen         :: TauRel = 0.10D-06, RhoErr = 0.14D-06, <Exc> = -.32480853D+03
 HiCu.GridGen         :: CPU Sec = 0.11D+04, WALL Sec = 0.97D+04
 HiCu.MakeKxc         :: WALL (Sec) = 0.63D+04
 HiCu                 :: Kxc[3] CheckSum  = 0.2126203925238558D+02
 HiCu                 :: WALL (Sec) = 0.16D+05
 HiCu                 :: Allocs=495518,  DeAllocs=190154, 165966944 bytes are presently allocated.
                         A max of 167473368 bytes were allocated.
>-Exiting HiCu 08/26/02 @ 08:46:12-<
<<Entering FockNGrueven 08/26/02 @ 08:46:12>>
 FockNGrueven         :: F[3] CheckSum  = 0.8473323544273002D+02
 FockNGrueven         :: OrthoF[3] CheckSum  = 0.7703627931984548D+02
 FockNGrueven         :: CPU (Sec,MFLOPS) = (0.35D+00, 157),
                         WALL(Sec,MFLOPS) = (0.38D+00, 145)
 FockNGrueven         :: Allocs=37,  DeAllocs=33, 380468 bytes are presently allocated.
                         A max of 2847168 bytes were allocated.
>-Exiting FockNGrueven 08/26/02 @ 08:46:12-<
<<Entering DIIS 08/26/02 @ 08:46:12>>
 DIIS                 :: Cond# = 0.23D+05, MIN(E) = 0.76D-04
 DIIS : Pulay C1      :: DIISCo = -.11D+01, 0.13D+01, 0.72D+00
 DIIS                 :: F_DIIS[3] CheckSum  = 0.7702360308893171D+02
 DIIS                 :: CPU (Sec,MFLOPS) = (0.69D+00, 158),
                         WALL(Sec,MFLOPS) = (0.73D+00, 149)
 DIIS                 :: Allocs=49,  DeAllocs=44, 272 bytes are presently allocated.
                         A max of 3026148 bytes were allocated.
>-Exiting DIIS 08/26/02 @ 08:46:13-<
<<Entering NT4 08/26/02 @ 08:46:13>>
 NT4                  :: Trix = 0.10D-04
 NT4 : Pure 1         :: dE=0.10D+01, dP=0.42D+00, ThrX=0.10D-04, %Non0=68
 NT4 : Pure 2         :: dE=0.64D-01, dP=0.22D+00, ThrX=0.10D-04, %Non0=64
 NT4 : Pure 3         :: dE=0.89D-02, dP=0.46D-01, ThrX=0.10D-04, %Non0=67
 NT4 : Pure 4         :: dE=0.78D-02, dP=0.64D-01, ThrX=0.10D-04, %Non0=70
 NT4 : Pure 5         :: dE=0.11D-01, dP=0.88D-01, ThrX=0.10D-04, %Non0=75
 NT4 : Pure 6         :: dE=0.13D-01, dP=0.11D+00, ThrX=0.10D-04, %Non0=82
 NT4 : Pure 7         :: dE=0.13D-01, dP=0.11D+00, ThrX=0.10D-04, %Non0=89
 NT4 : Pure 8         :: dE=0.95D-02, dP=0.83D-01, ThrX=0.10D-04, %Non0=99
 NT4 : Pure 9         :: dE=0.49D-02, dP=0.54D-01, ThrX=0.10D-04, %Non0=100
 NT4 : Pure 10        :: dE=0.22D-02, dP=0.49D-01, ThrX=0.10D-04, %Non0=100
 NT4 : Pure 11        :: dE=0.99D-03, dP=0.34D-01, ThrX=0.10D-04, %Non0=100
 NT4 : Pure 12        :: dE=0.37D-03, dP=0.23D-01, ThrX=0.10D-04, %Non0=100
 NT4 : Pure 13        :: dE=0.13D-03, dP=0.15D-01, ThrX=0.10D-04, %Non0=100
 NT4 : Pure 14        :: dE=0.49D-04, dP=0.84D-02, ThrX=0.10D-04, %Non0=100
 NT4 : Pure 15        :: dE=0.15D-04, dP=0.30D-02, ThrX=0.10D-04, %Non0=100
 NT4 : Pure 16        :: dE=0.15D-05, dP=0.31D-03, ThrX=0.10D-04, %Non0=100
 NT4 : Pure 17        :: dE=0.13D-07, dP=0.26D-05, ThrX=0.10D-04, %Non0=100
 NT4 : Pure 18        :: dE=0.93D-12, dP=0.19D-09, ThrX=0.10D-04, %Non0=100
 NT4 : Met dE/dP goals:: Tr{FP}=-.6472607277300215D+03, dNel = 0.00D+00
 NT4                  :: 18 purification steps, 38 matrix multiplies
 NT4                  :: Fractional occupation = 0.60D+00, %Non0s = 100
 NT4 : Max abs errors :: dE=0.60D-09, dP=0.19D-09, [F,P]=0.24D-03
 NT4                  :: Rel dE=0.93D-12, ||dP||_F=0.53D-08, ||[F,P]||_F=0.19D-02
 NT4                  :: OrthoP[4] CheckSum  = 0.1341640786978443D+02
 NT4                  :: P[4] CheckSum  = 0.1147947040934704D+02
 NT4                  :: CPU (Sec,MFLOPS) = (0.95D+01, 190),
                         WALL(Sec,MFLOPS) = (0.96D+01, 187)
 NT4                  :: Allocs=253,  DeAllocs=249, 749060 bytes are presently allocated.
                         A max of 4495092 bytes were allocated.
>-Exiting NT4 08/26/02 @ 08:46:23-<
<<Entering SCFStatus 08/26/02 @ 08:46:23>>
 
= = = = = SCFCycle #3, Basis #1, Geometry #1 = = = = =

       DIISErr = 0.53D-04
       MaxDelD = 0.17D-02
       <T>     = 0.22601088D+04
       <V>     = -.42134164D+04
       <DFT>   = -.32480853D+03
       <SCF>   = -2278.11619309

 SCFStatus            :: CPU (Sec,MFLOPS) = (0.70D-01, 9),
                         WALL(Sec,MFLOPS) = (0.70D-01, 9)
 SCFStatus            :: Allocs=16,  DeAllocs=16, 0 bytes are presently allocated.
                         A max of 2247900 bytes were allocated.
>-Exiting SCFStatus 08/26/02 @ 08:46:23-<
<<Entering MakeRho 08/26/02 @ 08:46:24>>
 MakeRho : Pruned Rho :: dNel = -.22D-07, kept 22% of distributions.
 MakeRho : Moments    :: <r> = (0.53D-02, 0.78D-03, -.53D-03), <r^2> = 0.34D+03
 MakeRho              :: Rho CheckSum  = 0.3309566027633215D+04
 MakeRho              :: CPU Sec = 0.31D+02, WALL Sec = 0.31D+02
 MakeRho              :: Allocs=64,  DeAllocs=59, 728 bytes are presently allocated.
                         A max of 41931476 bytes were allocated.
>-Exiting MakeRho 08/26/02 @ 08:46:55-<
<<Entering QCTC 08/26/02 @ 08:46:55>>
 QCTC                 :: J[4] CheckSum  = 0.1861263292817603D+03
 QCTC                 :: CPU Sec = 0.16D+04, WALL Sec = 0.59D+04
 QCTC                 :: Allocs=574253,  DeAllocs=50, 97019504 bytes are presently allocated.
                         A max of 110182760 bytes were allocated.
>-Exiting QCTC 08/26/02 @ 10:24:35-<
<<Entering HiCu 08/26/02 @ 10:24:36>>
 HiCu.GridGen         :: Tau = 0.10D-01, <Rho> = 0.17992197D+03, <Exc> = -.32402252D+03, Pts/Atom = 1353
 HiCu.GridGen         :: Tau = 0.10D-02, <Rho> = 0.18003749D+03, <Exc> = -.32489344D+03, Pts/Atom = 2902
 HiCu.GridGen         :: Tau = 0.10D-03, <Rho> = 0.17999893D+03, <Exc> = -.32480423D+03, Pts/Atom = 5520
 HiCu.GridGen         :: Tau = 0.10D-04, <Rho> = 0.17999958D+03, <Exc> = -.32481183D+03, Pts/Atom = 10320
 HiCu.GridGen         :: Tau = 0.10D-05, <Rho> = 0.18000008D+03, <Exc> = -.32481340D+03, Pts/Atom = 19733
 HiCu.GridGen         :: Tau = 0.10D-06, <Rho> = 0.18000003D+03, <Exc> = -.32481369D+03, Pts/Atom = 36950
 HiCu.GridGen         :: TauRel = 0.10D-06, RhoErr = 0.14D-06, <Exc> = -.32481369D+03
 HiCu.GridGen         :: CPU Sec = 0.11D+04, WALL Sec = 0.97D+04
 HiCu.MakeKxc         :: WALL (Sec) = 0.63D+04
 HiCu                 :: Kxc[4] CheckSum  = 0.2126223757551907D+02
 HiCu                 :: WALL (Sec) = 0.16D+05
 HiCu                 :: Allocs=494894,  DeAllocs=190082, 165891104 bytes are presently allocated.
                         A max of 167397528 bytes were allocated.
>-Exiting HiCu 08/26/02 @ 14:49:48-<
<<Entering FockNGrueven 08/26/02 @ 14:49:48>>
 FockNGrueven         :: F[4] CheckSum  = 0.8471442361815686D+02
 FockNGrueven         :: OrthoF[4] CheckSum  = 0.7702349041829740D+02
 FockNGrueven         :: CPU (Sec,MFLOPS) = (0.34D+00, 162),
                         WALL(Sec,MFLOPS) = (0.44D+00, 125)
 FockNGrueven         :: Allocs=37,  DeAllocs=33, 380468 bytes are presently allocated.
                         A max of 2847168 bytes were allocated.
>-Exiting FockNGrueven 08/26/02 @ 14:49:48-<
<<Entering DIIS 08/26/02 @ 14:49:49>>
 DIIS                 :: Cond# = 0.19D+07, MIN(E) = 0.10D-05
 DIIS : Pulay C1      :: DIISCo = -.46D+00, 0.57D+00, 0.31D+00, 0.57D+00
 DIIS                 :: F_DIIS[4] CheckSum  = 0.7702354915356585D+02
 DIIS                 :: CPU (Sec,MFLOPS) = (0.77D+00, 143),
                         WALL(Sec,MFLOPS) = (0.81D+00, 136)
 DIIS                 :: Allocs=54,  DeAllocs=49, 344 bytes are presently allocated.
                         A max of 3026148 bytes were allocated.
>-Exiting DIIS 08/26/02 @ 14:49:49-<
<<Entering NT4 08/26/02 @ 14:49:49>>
 NT4                  :: Trix = 0.10D-04
 NT4 : Pure 1         :: dE=0.10D+01, dP=0.42D+00, ThrX=0.10D-04, %Non0=68
 NT4 : Pure 2         :: dE=0.64D-01, dP=0.22D+00, ThrX=0.10D-04, %Non0=64
 NT4 : Pure 3         :: dE=0.89D-02, dP=0.46D-01, ThrX=0.10D-04, %Non0=67
 NT4 : Pure 4         :: dE=0.78D-02, dP=0.64D-01, ThrX=0.10D-04, %Non0=70
 NT4 : Pure 5         :: dE=0.11D-01, dP=0.88D-01, ThrX=0.10D-04, %Non0=75
 NT4 : Pure 6         :: dE=0.13D-01, dP=0.11D+00, ThrX=0.10D-04, %Non0=82
 NT4 : Pure 7         :: dE=0.13D-01, dP=0.11D+00, ThrX=0.10D-04, %Non0=89
 NT4 : Pure 8         :: dE=0.95D-02, dP=0.83D-01, ThrX=0.10D-04, %Non0=99
 NT4 : Pure 9         :: dE=0.49D-02, dP=0.54D-01, ThrX=0.10D-04, %Non0=100
 NT4 : Pure 10        :: dE=0.22D-02, dP=0.49D-01, ThrX=0.10D-04, %Non0=100
 NT4 : Pure 11        :: dE=0.99D-03, dP=0.34D-01, ThrX=0.10D-04, %Non0=100
 NT4 : Pure 12        :: dE=0.37D-03, dP=0.23D-01, ThrX=0.10D-04, %Non0=100
 NT4 : Pure 13        :: dE=0.13D-03, dP=0.15D-01, ThrX=0.10D-04, %Non0=100
 NT4 : Pure 14        :: dE=0.49D-04, dP=0.84D-02, ThrX=0.10D-04, %Non0=100
 NT4 : Pure 15        :: dE=0.15D-04, dP=0.30D-02, ThrX=0.10D-04, %Non0=100
 NT4 : Pure 16        :: dE=0.15D-05, dP=0.31D-03, ThrX=0.10D-04, %Non0=100
 NT4 : Pure 17        :: dE=0.13D-07, dP=0.26D-05, ThrX=0.10D-04, %Non0=100
 NT4 : Pure 18        :: dE=0.93D-12, dP=0.19D-09, ThrX=0.10D-04, %Non0=100
 NT4 : Met dE/dP goals:: Tr{FP}=-.6472595737232188D+03, dNel = 0.11D-12
 NT4                  :: 18 purification steps, 38 matrix multiplies
 NT4                  :: Fractional occupation = 0.60D+00, %Non0s = 100
 NT4 : Max abs errors :: dE=0.60D-09, dP=0.19D-09, [F,P]=0.24D-03
 NT4                  :: Rel dE=0.93D-12, ||dP||_F=0.53D-08, ||[F,P]||_F=0.19D-02
 NT4                  :: OrthoP[5] CheckSum  = 0.1341640786978601D+02
 NT4                  :: P[5] CheckSum  = 0.1147946936944349D+02
 NT4                  :: CPU (Sec,MFLOPS) = (0.95D+01, 189),
                         WALL(Sec,MFLOPS) = (0.96D+01, 187)
 NT4                  :: Allocs=253,  DeAllocs=249, 749060 bytes are presently allocated.
                         A max of 4495092 bytes were allocated.
>-Exiting NT4 08/26/02 @ 14:49:59-<
<<Entering SCFStatus 08/26/02 @ 14:49:59>>
 
= = = = = SCFCycle #4, Basis #1, Geometry #1 = = = = =

       DIISErr = 0.73D-05
       MaxDelD = 0.44D-03
       <T>     = 0.22601267D+04
       <V>     = -.42134295D+04
       <DFT>   = -.32481369D+03
       <SCF>   = -2278.11644994

 SCFStatus            :: CPU (Sec,MFLOPS) = (0.70D-01, 9),
                         WALL(Sec,MFLOPS) = (0.80D-01, 8)
 SCFStatus            :: Allocs=16,  DeAllocs=16, 0 bytes are presently allocated.
                         A max of 2247900 bytes were allocated.
>-Exiting SCFStatus 08/26/02 @ 14:49:59-<
<<Entering MakeRho 08/26/02 @ 14:50:00>>
 MakeRho : Pruned Rho :: dNel = -.22D-07, kept 22% of distributions.
 MakeRho : Moments    :: <r> = (-.82D-02, -.12D-02, 0.85D-03), <r^2> = 0.34D+03
 MakeRho              :: Rho CheckSum  = 0.3309566441137399D+04
 MakeRho              :: CPU Sec = 0.31D+02, WALL Sec = 0.31D+02
 MakeRho              :: Allocs=64,  DeAllocs=59, 728 bytes are presently allocated.
                         A max of 41931476 bytes were allocated.
>-Exiting MakeRho 08/26/02 @ 14:50:31-<
<<Entering QCTC 08/26/02 @ 14:50:31>>
 QCTC                 :: J[5] CheckSum  = 0.1861263793533337D+03
 QCTC                 :: CPU Sec = 0.16D+04, WALL Sec = 0.59D+04
 QCTC                 :: Allocs=574253,  DeAllocs=50, 97019504 bytes are presently allocated.
                         A max of 110182760 bytes were allocated.
>-Exiting QCTC 08/26/02 @ 16:28:13-<
<<Entering HiCu 08/26/02 @ 16:28:14>>
 HiCu.GridGen         :: Tau = 0.10D-01, <Rho> = 0.17991756D+03, <Exc> = -.32398683D+03, Pts/Atom = 1353
 HiCu.GridGen         :: Tau = 0.10D-02, <Rho> = 0.18003204D+03, <Exc> = -.32489362D+03, Pts/Atom = 2898
 HiCu.GridGen         :: Tau = 0.10D-03, <Rho> = 0.17999841D+03, <Exc> = -.32480325D+03, Pts/Atom = 5520
 HiCu.GridGen         :: Tau = 0.10D-04, <Rho> = 0.17999952D+03, <Exc> = -.32481176D+03, Pts/Atom = 10326
 HiCu.GridGen         :: Tau = 0.10D-05, <Rho> = 0.18000008D+03, <Exc> = -.32481340D+03, Pts/Atom = 19736
 HiCu.GridGen         :: Tau = 0.10D-06, <Rho> = 0.18000002D+03, <Exc> = -.32481369D+03, Pts/Atom = 36965
 HiCu.GridGen         :: TauRel = 0.10D-06, RhoErr = 0.14D-06, <Exc> = -.32481369D+03
 HiCu.GridGen         :: CPU Sec = 0.11D+04, WALL Sec = 0.97D+04
 HiCu.MakeKxc         :: WALL (Sec) = 0.63D+04
 HiCu                 :: Kxc[5] CheckSum  = 0.2126223746181625D+02
 HiCu                 :: WALL (Sec) = 0.16D+05
 HiCu                 :: Allocs=495044,  DeAllocs=190157, 165954104 bytes are presently allocated.
                         A max of 167460528 bytes were allocated.
>-Exiting HiCu 08/26/02 @ 20:53:33-<
<<Entering FockNGrueven 08/26/02 @ 20:53:33>>
 FockNGrueven         :: F[5] CheckSum  = 0.8471448053550283D+02
 FockNGrueven         :: OrthoF[5] CheckSum  = 0.7702352868225965D+02
 FockNGrueven         :: CPU (Sec,MFLOPS) = (0.33D+00, 167),
                         WALL(Sec,MFLOPS) = (0.39D+00, 141)
 FockNGrueven         :: Allocs=37,  DeAllocs=33, 380468 bytes are presently allocated.
                         A max of 2847168 bytes were allocated.
>-Exiting FockNGrueven 08/26/02 @ 20:53:33-<
<<Entering DIIS 08/26/02 @ 20:53:33>>
 DIIS                 :: Cond# = 0.36D+07, MIN(E) = 0.62D-06
 DIIS : Pulay C1      :: DIISCo = -.20D+00, 0.26D+00, 0.14D+00,
                                  0.51D+00, 0.30D+00
 DIIS                 :: F_DIIS[5] CheckSum  = 0.7702352827349431D+02
 DIIS                 :: CPU (Sec,MFLOPS) = (0.88D+00, 126),
                         WALL(Sec,MFLOPS) = (0.90D+00, 123)
 DIIS                 :: Allocs=60,  DeAllocs=55, 432 bytes are presently allocated.
                         A max of 3026148 bytes were allocated.
>-Exiting DIIS 08/26/02 @ 20:53:34-<
<<Entering NT4 08/26/02 @ 20:53:34>>
 NT4                  :: Trix = 0.10D-04
 NT4 : Pure 1         :: dE=0.10D+01, dP=0.42D+00, ThrX=0.10D-04, %Non0=68
 NT4 : Pure 2         :: dE=0.64D-01, dP=0.22D+00, ThrX=0.10D-04, %Non0=64
 NT4 : Pure 3         :: dE=0.89D-02, dP=0.46D-01, ThrX=0.10D-04, %Non0=67
 NT4 : Pure 4         :: dE=0.78D-02, dP=0.64D-01, ThrX=0.10D-04, %Non0=70
 NT4 : Pure 5         :: dE=0.11D-01, dP=0.88D-01, ThrX=0.10D-04, %Non0=75
 NT4 : Pure 6         :: dE=0.13D-01, dP=0.11D+00, ThrX=0.10D-04, %Non0=82
 NT4 : Pure 7         :: dE=0.13D-01, dP=0.11D+00, ThrX=0.10D-04, %Non0=89
 NT4 : Pure 8         :: dE=0.95D-02, dP=0.83D-01, ThrX=0.10D-04, %Non0=99
 NT4 : Pure 9         :: dE=0.49D-02, dP=0.54D-01, ThrX=0.10D-04, %Non0=100
 NT4 : Pure 10        :: dE=0.22D-02, dP=0.49D-01, ThrX=0.10D-04, %Non0=100
 NT4 : Pure 11        :: dE=0.99D-03, dP=0.34D-01, ThrX=0.10D-04, %Non0=100
 NT4 : Pure 12        :: dE=0.37D-03, dP=0.23D-01, ThrX=0.10D-04, %Non0=100
 NT4 : Pure 13        :: dE=0.13D-03, dP=0.15D-01, ThrX=0.10D-04, %Non0=100
 NT4 : Pure 14        :: dE=0.49D-04, dP=0.84D-02, ThrX=0.10D-04, %Non0=100
 NT4 : Pure 15        :: dE=0.15D-04, dP=0.30D-02, ThrX=0.10D-04, %Non0=100
 NT4 : Pure 16        :: dE=0.15D-05, dP=0.31D-03, ThrX=0.10D-04, %Non0=100
 NT4 : Pure 17        :: dE=0.13D-07, dP=0.26D-05, ThrX=0.10D-04, %Non0=100
 NT4 : Pure 18        :: dE=0.93D-12, dP=0.20D-09, ThrX=0.10D-04, %Non0=100
 NT4 : Met dE/dP goals:: Tr{FP}=-.6472591198046403D+03, dNel = 0.00D+00
 NT4                  :: 18 purification steps, 38 matrix multiplies
 NT4                  :: Fractional occupation = 0.60D+00, %Non0s = 100
 NT4 : Max abs errors :: dE=0.60D-09, dP=0.20D-09, [F,P]=0.24D-03
 NT4                  :: Rel dE=0.93D-12, ||dP||_F=0.53D-08, ||[F,P]||_F=0.19D-02
 NT4                  :: OrthoP[6] CheckSum  = 0.1341640786978642D+02
 NT4                  :: P[6] CheckSum  = 0.1147946875962498D+02
 NT4                  :: CPU (Sec,MFLOPS) = (0.95D+01, 189),
                         WALL(Sec,MFLOPS) = (0.96D+01, 187)
 NT4                  :: Allocs=253,  DeAllocs=249, 749060 bytes are presently allocated.
                         A max of 4495092 bytes were allocated.
>-Exiting NT4 08/26/02 @ 20:53:44-<
<<Entering SCFStatus 08/26/02 @ 20:53:44>>
 
= = = = = SCFCycle #5, Basis #1, Geometry #1 = = = = =

       DIISErr = 0.81D-05
       MaxDelD = 0.26D-03
       <T>     = 0.22601268D+04
       <V>     = -.42134295D+04
       <DFT>   = -.32481369D+03
       <SCF>   = -2278.11644881

 SCFStatus            :: CPU (Sec,MFLOPS) = (0.70D-01, 9),
                         WALL(Sec,MFLOPS) = (0.70D-01, 9)
 SCFStatus            :: Allocs=16,  DeAllocs=16, 0 bytes are presently allocated.
                         A max of 2247900 bytes were allocated.
>-Exiting SCFStatus 08/26/02 @ 20:53:44-<
<<Entering MakeRho 08/26/02 @ 20:53:45>>
 MakeRho : Pruned Rho :: dNel = -.22D-07, kept 22% of distributions.
 MakeRho : Moments    :: <r> = (-.96D-04, 0.60D-05, 0.66D-04), <r^2> = 0.34D+03
 MakeRho              :: Rho CheckSum  = 0.3309566533424524D+04
 MakeRho              :: CPU Sec = 0.31D+02, WALL Sec = 0.31D+02
 MakeRho              :: Allocs=64,  DeAllocs=59, 728 bytes are presently allocated.
                         A max of 41931476 bytes were allocated.
>-Exiting MakeRho 08/26/02 @ 20:54:16-<
<<Entering QCTC 08/26/02 @ 20:54:16>>
 QCTC                 :: J[6] CheckSum  = 0.1861263991337008D+03
 QCTC                 :: CPU Sec = 0.16D+04, WALL Sec = 0.59D+04
 QCTC                 :: Allocs=574253,  DeAllocs=50, 97019504 bytes are presently allocated.
                         A max of 110182760 bytes were allocated.
>-Exiting QCTC 08/26/02 @ 22:31:58-<
<<Entering HiCu 08/26/02 @ 22:31:58>>
 HiCu.GridGen         :: Tau = 0.10D-01, <Rho> = 0.17992195D+03, <Exc> = -.32402247D+03, Pts/Atom = 1353
 HiCu.GridGen         :: Tau = 0.10D-02, <Rho> = 0.18003749D+03, <Exc> = -.32489344D+03, Pts/Atom = 2902
 HiCu.GridGen         :: Tau = 0.10D-03, <Rho> = 0.17999893D+03, <Exc> = -.32480423D+03, Pts/Atom = 5520
 HiCu.GridGen         :: Tau = 0.10D-04, <Rho> = 0.17999958D+03, <Exc> = -.32481184D+03, Pts/Atom = 10318
 HiCu.GridGen         :: Tau = 0.10D-05, <Rho> = 0.18000008D+03, <Exc> = -.32481340D+03, Pts/Atom = 19735
 HiCu.GridGen         :: Tau = 0.10D-06, <Rho> = 0.18000003D+03, <Exc> = -.32481369D+03, Pts/Atom = 36950
 HiCu.GridGen         :: TauRel = 0.10D-06, RhoErr = 0.14D-06, <Exc> = -.32481369D+03
 HiCu.GridGen         :: CPU Sec = 0.11D+04, WALL Sec = 0.16D+05
 HiCu.MakeKxc         :: WALL (Sec) = 0.63D+04
 HiCu                 :: Kxc[6] CheckSum  = 0.2126223728047664D+02
 HiCu                 :: WALL (Sec) = 0.23D+05
 HiCu                 :: Allocs=494894,  DeAllocs=190082, 165891104 bytes are presently allocated.
                         A max of 167397528 bytes were allocated.
>-Exiting HiCu 08/27/02 @ 04:48:28-<
<<Entering FockNGrueven 08/27/02 @ 04:48:28>>
 FockNGrueven         :: F[6] CheckSum  = 0.8471450269617591D+02
 FockNGrueven         :: OrthoF[6] CheckSum  = 0.7702354357470011D+02
 FockNGrueven         :: CPU Sec = 0.33D+00, WALL Sec = 0.18D+03
 FockNGrueven         :: Allocs=37,  DeAllocs=33, 380468 bytes are presently allocated.
                         A max of 2847168 bytes were allocated.
>-Exiting FockNGrueven 08/27/02 @ 04:51:32-<
<<Entering DIIS 08/27/02 @ 04:51:36>>
 DIIS                 :: Cond# = 0.17D+09, MIN(E) = 0.14D-07
 DIIS : Pulay C1      :: DIISCo = -.21D+00, 0.27D+00, 0.15D+00,
                                  0.54D+00, 0.31D+00, -.54D-01
 DIIS                 :: F_DIIS[6] CheckSum  = 0.7702352781960768D+02
 DIIS                 :: CPU (Sec,MFLOPS) = (0.97D+00, 116),
                         WALL(Sec,MFLOPS) = (0.10D+03, 1)
 DIIS                 :: Allocs=67,  DeAllocs=62, 536 bytes are presently allocated.
                         A max of 3026148 bytes were allocated.
>-Exiting DIIS 08/27/02 @ 04:53:17-<
<<Entering NT4 08/27/02 @ 04:53:26>>
 NT4                  :: Trix = 0.10D-04
 NT4 : Pure 1         :: dE=0.10D+01, dP=0.42D+00, ThrX=0.10D-04, %Non0=68
 NT4 : Pure 2         :: dE=0.64D-01, dP=0.22D+00, ThrX=0.10D-04, %Non0=64
 NT4 : Pure 3         :: dE=0.89D-02, dP=0.46D-01, ThrX=0.10D-04, %Non0=67
 NT4 : Pure 4         :: dE=0.78D-02, dP=0.64D-01, ThrX=0.10D-04, %Non0=70
 NT4 : Pure 5         :: dE=0.11D-01, dP=0.88D-01, ThrX=0.10D-04, %Non0=75
 NT4 : Pure 6         :: dE=0.13D-01, dP=0.11D+00, ThrX=0.10D-04, %Non0=82
 NT4 : Pure 7         :: dE=0.13D-01, dP=0.11D+00, ThrX=0.10D-04, %Non0=89
 NT4 : Pure 8         :: dE=0.95D-02, dP=0.83D-01, ThrX=0.10D-04, %Non0=99
 NT4 : Pure 9         :: dE=0.49D-02, dP=0.54D-01, ThrX=0.10D-04, %Non0=100
 NT4 : Pure 10        :: dE=0.22D-02, dP=0.49D-01, ThrX=0.10D-04, %Non0=100
 NT4 : Pure 11        :: dE=0.99D-03, dP=0.34D-01, ThrX=0.10D-04, %Non0=100
 NT4 : Pure 12        :: dE=0.37D-03, dP=0.23D-01, ThrX=0.10D-04, %Non0=100
 NT4 : Pure 13        :: dE=0.13D-03, dP=0.15D-01, ThrX=0.10D-04, %Non0=100
 NT4 : Pure 14        :: dE=0.49D-04, dP=0.84D-02, ThrX=0.10D-04, %Non0=100
 NT4 : Pure 15        :: dE=0.15D-04, dP=0.30D-02, ThrX=0.10D-04, %Non0=100
 NT4 : Pure 16        :: dE=0.15D-05, dP=0.31D-03, ThrX=0.10D-04, %Non0=100
 NT4 : Pure 17        :: dE=0.13D-07, dP=0.26D-05, ThrX=0.10D-04, %Non0=100
 NT4 : Pure 18        :: dE=0.93D-12, dP=0.20D-09, ThrX=0.10D-04, %Non0=100
 NT4 : Met dE/dP goals:: Tr{FP}=-.6472591093271869D+03, dNel = 0.00D+00
 NT4                  :: 18 purification steps, 38 matrix multiplies
 NT4                  :: Fractional occupation = 0.60D+00, %Non0s = 100
 NT4 : Max abs errors :: dE=0.60D-09, dP=0.20D-09, [F,P]=0.24D-03
 NT4                  :: Rel dE=0.93D-12, ||dP||_F=0.53D-08, ||[F,P]||_F=0.19D-02
 NT4                  :: OrthoP[7] CheckSum  = 0.1341640786978650D+02
 NT4                  :: P[7] CheckSum  = 0.1147946877154069D+02
 NT4                  :: CPU (Sec,MFLOPS) = (0.95D+01, 189),
                         WALL(Sec,MFLOPS) = (0.76D+03, 2)
 NT4                  :: Allocs=253,  DeAllocs=249, 749060 bytes are presently allocated.
                         A max of 4495092 bytes were allocated.
>-Exiting NT4 08/27/02 @ 05:06:03-<
<<Entering SCFStatus 08/27/02 @ 05:06:07>>
 
= = = = = SCFCycle #6, Basis #1, Geometry #1 = = = = =

       DIISErr = 0.64D-05
       MaxDelD = 0.34D-05
       <T>     = 0.22601267D+04
       <V>     = -.42134295D+04
       <DFT>   = -.32481369D+03
       <SCF>   = -2278.11645082

 SCFStatus            :: CPU Sec = 0.70D-01, WALL Sec = 0.87D+01
 SCFStatus            :: Allocs=16,  DeAllocs=16, 0 bytes are presently allocated.
                         A max of 2247900 bytes were allocated.
>-Exiting SCFStatus 08/27/02 @ 05:06:16-<
 Normal SCF convergence.
 Convergence statistics for RPBEx/PBEc/STO-6G:
========================================================================
SCF    Ink       Total             Delta       Max         DIIS   
Cycle  Fok       Energy            E_Tot       Delta P     Error  
  0,    F,           0.00000000, 0.0000D+00, 0.0000D+00, 0.0000D+00, 
  1,    F,       -2278.10875250, 0.3159D-02, 0.6783D+00, 0.0000D+00, 
  2,    F,       -2278.11255285, 0.1668D-05, 0.1950D-02, 0.3992D-03, 
  3,    F,       -2278.11619309, 0.1598D-05, 0.2784D-02, 0.5315D-04, 
  4,    F,       -2278.11644994, 0.1127D-06, 0.1217D-02, 0.7330D-05, 
  5,    F,       -2278.11644881, 0.4932D-09, 0.1771D-03, 0.8127D-05, 
  6,    F,       -2278.11645082, 0.8826D-09, 0.2613D-03, 0.6418D-05, 
========================================================================
>-Succesfull MondoSCF run 08/27/02 @ 05:06:20-<
