

 __    __                 _       ____________ ______ 
|  \  /  |               | |     /       /    |      |
|   \/   | ___  _ __   __| | ___/   ____/   __|  |==='
|        |/ _ \| '_ \ / _  |/ _ \____  \   (__|  ____|
|  |\/|  | (_) | | | | (_| | (_) )     /\     |  |    
|__|  |__|\___/|_| |_|\____|\___/_____/  \____|__|    

 Version 1.0 alpha 4                                  
 A program suite for O(N) SCF theory and ab initio MD 
 Matt Challacombe, Eric Schwegler, C.J. Tymczak,      
 Chee Kwan Gan, Karoly Nemeth and Anders Niklasson    
 Los Alamos National Laboratory (LA-CC 01-2)          
 Copywrite 2001, University of California.            

 Compiled for AMDLinux.PG, executing on zinc21
 a i686 machine running Linux 2.4.2-2

Water Cluster Scaling                                                                                                           
  
<<Starting MondoSCF 08/25/02 @ 12:25:56>>
 ** Auto-Wraps at default value => (Off) **
 ** Atom-Wrap at default value => (AtomWrap-Off) **
 ** Lattice Vector Format at default value => (Vector Format) **
 ** Coodinate Format at default value => (Atomic Coord) **
========================================================================
 Internal representation of the geometry:
 Geometry originally in Angstroms has been converted to AU.
 Geometry has been reordered using the Hilbert curve.
 Number of electrons = 360
------------------------------------------------------------------------
  *** Periodic is Off *** 
------------------------------------------------------------------------
 1   c    -.48745104D+01   -.13675758D+01   -.43067044D+01
 2   c    -.26616602D+01   -.22128313D+01   -.56743180D+01
 3   c    -.13675758D+01   -.43067044D+01   -.48745104D+01
 4   c    -.22128313D+01   -.56743180D+01   -.26616602D+01
 5   c    -.56743180D+01   -.26616602D+01   -.22128313D+01
 6   c    -.43067044D+01   -.48745104D+01   -.13675758D+01
 7   c    -.43067044D+01   -.48745104D+01   0.13675758D+01
 8   c    -.22128313D+01   -.56743180D+01   0.26616602D+01
 9   c    -.13675758D+01   -.43067044D+01   0.48745104D+01
 10   c    -.48745104D+01   -.13675758D+01   0.43067044D+01
 11   c    -.26616602D+01   -.22128313D+01   0.56743180D+01
 12   c    -.56743180D+01   -.26616602D+01   0.22128313D+01
 13   c    -.65195547D+01   -.12940844D+01   0.00000000D+00
 14   c    -.65195547D+01   0.12940844D+01   0.00000000D+00
 15   c    -.56743180D+01   0.26616602D+01   0.22128313D+01
 16   c    -.48745104D+01   0.13675758D+01   0.43067044D+01
 17   c    -.43067044D+01   0.48745104D+01   0.13675758D+01
 18   c    -.22128313D+01   0.56743180D+01   0.26616602D+01
 19   c    -.13675758D+01   0.43067044D+01   0.48745104D+01
 20   c    -.26616602D+01   0.22128313D+01   0.56743180D+01
 21   c    -.12940844D+01   0.00000000D+00   0.65195547D+01
 22   c    -.22128313D+01   0.56743180D+01   -.26616602D+01
 23   c    -.43067044D+01   0.48745104D+01   -.13675758D+01
 24   c    -.56743180D+01   0.26616602D+01   -.22128313D+01
 25   c    -.48745104D+01   0.13675758D+01   -.43067044D+01
 26   c    -.13675758D+01   0.43067044D+01   -.48745104D+01
 27   c    -.26616602D+01   0.22128313D+01   -.56743180D+01
 28   c    -.12940844D+01   0.00000000D+00   -.65195547D+01
 29   c    0.12940844D+01   0.00000000D+00   -.65195547D+01
 30   c    0.26616602D+01   0.22128313D+01   -.56743180D+01
 31   c    0.13675758D+01   0.43067044D+01   -.48745104D+01
 32   c    0.48745104D+01   0.13675758D+01   -.43067044D+01
 33   c    0.56743180D+01   0.26616602D+01   -.22128313D+01
 34   c    0.43067044D+01   0.48745104D+01   -.13675758D+01
 35   c    0.22128313D+01   0.56743180D+01   -.26616602D+01
 36   c    0.00000000D+00   0.65195547D+01   -.12940844D+01
 37   c    0.12940844D+01   0.00000000D+00   0.65195547D+01
 38   c    0.26616602D+01   0.22128313D+01   0.56743180D+01
 39   c    0.13675758D+01   0.43067044D+01   0.48745104D+01
 40   c    0.22128313D+01   0.56743180D+01   0.26616602D+01
 41   c    0.00000000D+00   0.65195547D+01   0.12940844D+01
 42   c    0.43067044D+01   0.48745104D+01   0.13675758D+01
 43   c    0.48745104D+01   0.13675758D+01   0.43067044D+01
 44   c    0.56743180D+01   0.26616602D+01   0.22128313D+01
 45   c    0.65195547D+01   0.12940844D+01   0.00000000D+00
 46   c    0.65195547D+01   -.12940844D+01   0.00000000D+00
 47   c    0.56743180D+01   -.26616602D+01   0.22128313D+01
 48   c    0.26616602D+01   -.22128313D+01   0.56743180D+01
 49   c    0.48745104D+01   -.13675758D+01   0.43067044D+01
 50   c    0.13675758D+01   -.43067044D+01   0.48745104D+01
 51   c    0.22128313D+01   -.56743180D+01   0.26616602D+01
 52   c    0.00000000D+00   -.65195547D+01   0.12940844D+01
 53   c    0.43067044D+01   -.48745104D+01   0.13675758D+01
 54   c    0.43067044D+01   -.48745104D+01   -.13675758D+01
 55   c    0.56743180D+01   -.26616602D+01   -.22128313D+01
 56   c    0.00000000D+00   -.65195547D+01   -.12940844D+01
 57   c    0.22128313D+01   -.56743180D+01   -.26616602D+01
 58   c    0.13675758D+01   -.43067044D+01   -.48745104D+01
 59   c    0.26616602D+01   -.22128313D+01   -.56743180D+01
 60   c    0.48745104D+01   -.13675758D+01   -.43067044D+01
========================================================================
 ParseGeometry        :: Allocs=14,  DeAllocs=14, 0 bytes are presently allocated.
                         A max of 7968 bytes were allocated.
 Base(1)%BName   = STO-6G
 Opening BasFile = /home/mchalla/MONDOf/BasisSets/STO-6G.bas
 ParseBaseSets        :: Allocs=61,  DeAllocs=60, 480 bytes are presently allocated.
                         A max of 25480 bytes were allocated.
 Current HDF file :: /scratch/mchalla/c60_NT4_1D-2_11006.hdf

 PROGRAM OF CALCULATIONS:

  A restricted Roothaan-Hall solution of the SCF using
  a tight accuracy level, STO-6G and the PBEx/PBEc model.
 

 Accuracy level 3 for the STO-6G basis set:
  TrixNeglect = 0.10D-05, CubeNeglect = 0.10D-06,
  TwoENeglect = 0.10D-09, DistNeglect = 0.10D-11
 MaxAtms = 61, MaxBlks = 3601, MaxNon0 = 90001, BndWdth = 60
<<Entering MakeS 08/25/02 @ 12:25:57>>
 MakeS                :: S CheckSum  = 0.2079758492972368D+02
 MakeS                :: CPU Sec = 0.21D+01, WALL Sec = 0.21D+01
 MakeS                :: Allocs=37,  DeAllocs=36, 24 bytes are presently allocated.
                         A max of 1514328 bytes were allocated.
>-Exiting MakeS 08/25/02 @ 12:26:00-<
<<Entering BlokAInv 08/25/02 @ 12:26:00>>
 BlokAInv             :: CPU (Sec,MFLOPS) = (0.14D+00, 145),
                         WALL(Sec,MFLOPS) = (0.14D+00, 145)
 BlokAInv             :: Max(Z^t.A.Z-I)=0.67D-06, TrixThrsh=0.10D-05
 BlokAInv             :: Z CheckSum  = 0.2334035849474413D+02
 BlokAInv             :: CPU (Sec,MFLOPS) = (0.41D+00, 183),
                         WALL(Sec,MFLOPS) = (0.41D+00, 183)
 BlokAInv             :: Allocs=75,  DeAllocs=41, 2255484 bytes are presently allocated.
                         A max of 3754336 bytes were allocated.
>-Exiting BlokAInv 08/25/02 @ 12:26:00-<
<<Entering MakeT 08/25/02 @ 12:26:00>>
 MakeT                :: T CheckSum  = 0.1263168604614581D+03
 MakeT                :: CPU Sec = 0.22D+01, WALL Sec = 0.22D+01
 MakeT                :: Allocs=33,  DeAllocs=32, 24 bytes are presently allocated.
                         A max of 1508752 bytes were allocated.
>-Exiting MakeT 08/25/02 @ 12:26:02-<
<<Entering P2Use 08/25/02 @ 12:26:02>>
 P2Use                :: P[0] CheckSum  = 0.1279006156321167D+02
 P2Use                :: CPU Sec = 0.50D-01, WALL Sec = 0.50D-01
 P2Use                :: Allocs=53,  DeAllocs=44, 749804 bytes are presently allocated.
                         A max of 3005540 bytes were allocated.
>-Exiting P2Use 08/25/02 @ 12:26:03-<
<<Entering MakeRho 08/25/02 @ 12:26:03>>
 MakeRho : Pruned Rho :: dNel = -.57D-12, kept 100% of distributions.
 MakeRho : Moments    :: <r> = (-.30D-13, -.27D-14, 0.36D-14), <r^2> = 0.32D+03
 MakeRho              :: Rho CheckSum  = 0.3458428081811825D+04
 MakeRho              :: CPU Sec = 0.73D+00, WALL Sec = 0.73D+00
 MakeRho              :: Allocs=64,  DeAllocs=59, 728 bytes are presently allocated.
                         A max of 1108916 bytes were allocated.
>-Exiting MakeRho 08/25/02 @ 12:26:03-<
<<Entering QCTC 08/25/02 @ 12:26:04>>
 QCTC                 :: J[0] CheckSum  = 0.1848595439169059D+03
 QCTC                 :: CPU Sec = 0.50D+03, WALL Sec = 0.50D+03
 QCTC                 :: Allocs=43553,  DeAllocs=50, 7050224 bytes are presently allocated.
                         A max of 8556744 bytes were allocated.
>-Exiting QCTC 08/25/02 @ 12:34:28-<
<<Entering HiCu 08/25/02 @ 12:34:28>>
 HiCu.GridGen         :: Tau = 0.10D-01, <Rho> = 0.18029765D+03, <Exc> = -.33023509D+03, Pts/Atom = 1442
 HiCu.GridGen         :: Tau = 0.10D-02, <Rho> = 0.18004673D+03, <Exc> = -.32938016D+03, Pts/Atom = 3070
 HiCu.GridGen         :: Tau = 0.10D-03, <Rho> = 0.18000305D+03, <Exc> = -.32921852D+03, Pts/Atom = 5866
 HiCu.GridGen         :: Tau = 0.10D-04, <Rho> = 0.18000076D+03, <Exc> = -.32920819D+03, Pts/Atom = 10476
 HiCu.GridGen         :: Tau = 0.10D-05, <Rho> = 0.18000008D+03, <Exc> = -.32920785D+03, Pts/Atom = 19908
 HiCu.GridGen         :: Tau = 0.10D-06, <Rho> = 0.18000001D+03, <Exc> = -.32920817D+03, Pts/Atom = 37352
 HiCu.GridGen         :: TauRel = 0.10D-06, RhoErr = 0.47D-07, <Exc> = -.32920817D+03
 HiCu.GridGen         :: CPU Sec = 0.78D+03, WALL Sec = 0.78D+03
 HiCu.MakeKxc         :: WALL (Sec) = 0.63D+04
 HiCu                 :: Kxc[0] CheckSum  = 0.2133185135966743D+02
 HiCu                 :: WALL (Sec) = 0.71D+04
 HiCu                 :: Allocs=392882,  DeAllocs=192146, 161691128 bytes are presently allocated.
                         A max of 163197552 bytes were allocated.
>-Exiting HiCu 08/25/02 @ 14:33:14-<
<<Entering FockNGrueven 08/25/02 @ 14:33:14>>
 FockNGrueven         :: F[0] CheckSum  = 0.8350696713421978D+02
 FockNGrueven         :: OrthoF[0] CheckSum  = 0.7595568899532943D+02
 FockNGrueven         :: CPU (Sec,MFLOPS) = (0.34D+00, 162),
                         WALL(Sec,MFLOPS) = (0.34D+00, 162)
 FockNGrueven         :: Allocs=37,  DeAllocs=33, 380468 bytes are presently allocated.
                         A max of 2847168 bytes were allocated.
>-Exiting FockNGrueven 08/25/02 @ 14:33:14-<
<<Entering NT4 08/25/02 @ 14:33:14>>
 NT4                  :: Trix = 0.10D-01
 NT4 : Pure 1         :: dE=0.10D+01, dP=0.42D+00, ThrX=0.10D-01, %Non0=10
 NT4 : Pure 2         :: dE=0.63D-01, dP=0.21D+00, ThrX=0.10D-01, %Non0=9
 NT4 : Pure 3         :: dE=0.94D-02, dP=0.47D-01, ThrX=0.10D-01, %Non0=9
 NT4 : Pure 4         :: dE=0.80D-02, dP=0.64D-01, ThrX=0.10D-01, %Non0=9
 NT4 : Pure 5         :: dE=0.11D-01, dP=0.88D-01, ThrX=0.10D-01, %Non0=13
 NT4 : Pure 6         :: dE=0.14D-01, dP=0.11D+00, ThrX=0.10D-01, %Non0=16
 NT4 : Pure 7         :: dE=0.13D-01, dP=0.11D+00, ThrX=0.10D-01, %Non0=19
 NT4 : Pure 8         :: dE=0.91D-02, dP=0.85D-01, ThrX=0.10D-01, %Non0=23
 NT4 : Pure 9         :: dE=0.49D-02, dP=0.57D-01, ThrX=0.10D-01, %Non0=27
 NT4 : Pure 10        :: dE=0.23D-02, dP=0.51D-01, ThrX=0.10D-01, %Non0=30
 NT4 : Pure 11        :: dE=0.11D-02, dP=0.40D-01, ThrX=0.10D-01, %Non0=36
 NT4 : Pure 12        :: dE=0.36D-03, dP=0.28D-01, ThrX=0.10D-01, %Non0=43
 NT4 : Pure 13        :: dE=0.15D-03, dP=0.27D-01, ThrX=0.10D-01, %Non0=43
 NT4 : Pure 14        :: dE=0.79D-04, dP=0.21D-01, ThrX=0.10D-01, %Non0=45
 NT4 : Pure 15        :: dE=0.46D-05, dP=0.20D-01, ThrX=0.10D-01, %Non0=43
 NT4 : Pure 16        :: dE=0.68D-05, dP=0.20D-01, ThrX=0.10D-01, %Non0=45
 NT4 : Hit dE increase:: Tr{FP}=-.6338335836763660D+03, dNel = 0.57D-13
 NT4                  :: 16 purification steps, 34 matrix multiplies
 NT4                  :: Fractional occupation = 0.60D+00, %Non0s = 45
 NT4 : Max abs errors :: dE=0.43D-02, dP=0.20D-01, [F,P]=0.22D+00
 NT4                  :: Rel dE=0.68D-05, ||dP||_F=0.17D+00, ||[F,P]||_F=0.14D+01
 NT4                  :: OrthoP[1] CheckSum  = 0.1341895307891338D+02
 NT4                  :: P[1] CheckSum  = 0.1152785431767362D+02
 NT4                  :: CPU (Sec,MFLOPS) = (0.18D+01, 166),
                         WALL(Sec,MFLOPS) = (0.18D+01, 166)
 NT4                  :: Allocs=245,  DeAllocs=241, 749060 bytes are presently allocated.
                         A max of 4495092 bytes were allocated.
>-Exiting NT4 08/25/02 @ 14:33:16-<
<<Entering SCFStatus 08/25/02 @ 14:33:16>>
 
= = = = = SCFCycle #0, Basis #1, Geometry #1 = = = = =

       MaxDelD = 0.70D+00
       <T>     = 0.23203716D+04
       <V>     = -.42764692D+04
       <DFT>   = -.32920817D+03
       <SCF>   = -2285.30576345

 SCFStatus            :: CPU (Sec,MFLOPS) = (0.40D-01, 2),
                         WALL(Sec,MFLOPS) = (0.40D-01, 2)
 SCFStatus            :: Allocs=16,  DeAllocs=16, 0 bytes are presently allocated.
                         A max of 2247900 bytes were allocated.
>-Exiting SCFStatus 08/25/02 @ 14:33:16-<
<<Entering MakeRho 08/25/02 @ 14:33:16>>
 MakeRho : Pruned Rho :: dNel = 0.17D-03, kept 35% of distributions.
 MakeRho : Moments    :: <r> = (-.99D+00, -.34D+00, 0.23D-01), <r^2> = 0.33D+03
 ... ning Warning  Warning  Warning Wa ...
MakeRho              :: relative error in density = 0.48D-06. Distribution threshold =
 MakeRho              :: Rho CheckSum  = 0.3308860419865827D+04
 MakeRho              :: CPU Sec = 0.17D+02, WALL Sec = 0.17D+02
 MakeRho              :: Allocs=64,  DeAllocs=59, 728 bytes are presently allocated.
                         A max of 24642284 bytes were allocated.
>-Exiting MakeRho 08/25/02 @ 14:33:34-<
<<Entering QCTC 08/25/02 @ 14:33:34>>
 QCTC                 :: J[1] CheckSum  = 0.1860842565265856D+03
 QCTC                 :: CPU Sec = 0.33D+03, WALL Sec = 0.46D+04
 QCTC                 :: Allocs=479288,  DeAllocs=50, 80454608 bytes are presently allocated.
                         A max of 91185260 bytes were allocated.
>-Exiting QCTC 08/25/02 @ 15:50:36-<
<<Entering HiCu 08/25/02 @ 15:50:36>>
 HiCu.GridGen         :: Tau = 0.10D-01, <Rho> = 0.17995368D+03, <Exc> = -.32426605D+03, Pts/Atom = 1370
 HiCu.GridGen         :: Tau = 0.10D-02, <Rho> = 0.18003063D+03, <Exc> = -.32496447D+03, Pts/Atom = 2904
 HiCu.GridGen         :: Tau = 0.10D-03, <Rho> = 0.17999913D+03, <Exc> = -.32490537D+03, Pts/Atom = 5502
 HiCu.GridGen         :: Tau = 0.10D-04, <Rho> = 0.17999973D+03, <Exc> = -.32491073D+03, Pts/Atom = 10278
 HiCu.GridGen         :: Tau = 0.10D-05, <Rho> = 0.18000018D+03, <Exc> = -.32491222D+03, Pts/Atom = 19681
 HiCu.GridGen         :: Tau = 0.10D-06, <Rho> = 0.18000012D+03, <Exc> = -.32491244D+03, Pts/Atom = 36855
 HiCu.GridGen         :: TauRel = 0.10D-06, RhoErr = 0.20D-06, <Exc> = -.32491244D+03
 HiCu.GridGen         :: CPU Sec = 0.71D+03, WALL Sec = 0.93D+04
 HiCu.MakeKxc         :: WALL (Sec) = 0.63D+04
 HiCu                 :: Kxc[1] CheckSum  = 0.2126252351810976D+02
 HiCu                 :: WALL (Sec) = 0.16D+05
 HiCu                 :: Allocs=474923,  DeAllocs=189593, 164187320 bytes are presently allocated.
                         A max of 165693744 bytes were allocated.
>-Exiting HiCu 08/25/02 @ 20:11:22-<
<<Entering FockNGrueven 08/25/02 @ 20:11:22>>
 FockNGrueven         :: F[1] CheckSum  = 0.8467093627497425D+02
 FockNGrueven         :: OrthoF[1] CheckSum  = 0.7698809409206015D+02
 FockNGrueven         :: CPU (Sec,MFLOPS) = (0.34D+00, 162),
                         WALL(Sec,MFLOPS) = (0.34D+00, 162)
 FockNGrueven         :: Allocs=37,  DeAllocs=33, 380468 bytes are presently allocated.
                         A max of 2847168 bytes were allocated.
>-Exiting FockNGrueven 08/25/02 @ 20:11:23-<
<<Entering DIIS 08/25/02 @ 20:11:23>>
 DIIS : Damping       :: Co = 0.80D+00, 0.20D+00
 DIIS                 :: F_DIIS[1] CheckSum  = 0.7616151728111018D+02
 DIIS                 :: CPU (Sec,MFLOPS) = (0.29D+00, 161),
                         WALL(Sec,MFLOPS) = (0.29D+00, 161)
 DIIS                 :: Allocs=34,  DeAllocs=30, 144 bytes are presently allocated.
                         A max of 3026148 bytes were allocated.
>-Exiting DIIS 08/25/02 @ 20:11:23-<
<<Entering NT4 08/25/02 @ 20:11:23>>
 NT4                  :: Trix = 0.10D-01
 NT4 : Pure 1         :: dE=0.10D+01, dP=0.42D+00, ThrX=0.10D-01, %Non0=10
 NT4 : Pure 2         :: dE=0.63D-01, dP=0.21D+00, ThrX=0.10D-01, %Non0=9
 NT4 : Pure 3         :: dE=0.93D-02, dP=0.47D-01, ThrX=0.10D-01, %Non0=9
 NT4 : Pure 4         :: dE=0.79D-02, dP=0.66D-01, ThrX=0.10D-01, %Non0=9
 NT4 : Pure 5         :: dE=0.11D-01, dP=0.90D-01, ThrX=0.10D-01, %Non0=13
 NT4 : Pure 6         :: dE=0.13D-01, dP=0.11D+00, ThrX=0.10D-01, %Non0=16
 NT4 : Pure 7         :: dE=0.13D-01, dP=0.11D+00, ThrX=0.10D-01, %Non0=19
 NT4 : Pure 8         :: dE=0.91D-02, dP=0.85D-01, ThrX=0.10D-01, %Non0=23
 NT4 : Pure 9         :: dE=0.49D-02, dP=0.58D-01, ThrX=0.10D-01, %Non0=27
 NT4 : Pure 10        :: dE=0.23D-02, dP=0.51D-01, ThrX=0.10D-01, %Non0=30
 NT4 : Pure 11        :: dE=0.11D-02, dP=0.40D-01, ThrX=0.10D-01, %Non0=36
 NT4 : Pure 12        :: dE=0.37D-03, dP=0.28D-01, ThrX=0.10D-01, %Non0=43
 NT4 : Pure 13        :: dE=0.15D-03, dP=0.27D-01, ThrX=0.10D-01, %Non0=44
 NT4 : Pure 14        :: dE=0.82D-04, dP=0.19D-01, ThrX=0.10D-01, %Non0=45
 NT4 : Pure 15        :: dE=0.55D-05, dP=0.21D-01, ThrX=0.10D-01, %Non0=43
 NT4 : Hit dP increase:: Tr{FP}=-.6363251743957474D+03, dNel = 0.00D+00
 NT4                  :: 15 purification steps, 32 matrix multiplies
 NT4                  :: Fractional occupation = 0.60D+00, %Non0s = 43
 NT4 : Max abs errors :: dE=0.35D-02, dP=0.21D-01, [F,P]=0.22D+00
 NT4                  :: Rel dE=0.55D-05, ||dP||_F=0.21D+00, ||[F,P]||_F=0.14D+01
 NT4                  :: OrthoP[2] CheckSum  = 0.1341595958612344D+02
 NT4                  :: P[2] CheckSum  = 0.1152718022603336D+02
 NT4                  :: CPU (Sec,MFLOPS) = (0.17D+01, 164),
                         WALL(Sec,MFLOPS) = (0.17D+01, 164)
 NT4                  :: Allocs=235,  DeAllocs=231, 749060 bytes are presently allocated.
                         A max of 4495092 bytes were allocated.
>-Exiting NT4 08/25/02 @ 20:11:25-<
<<Entering SCFStatus 08/25/02 @ 20:11:25>>
 
= = = = = SCFCycle #1, Basis #1, Geometry #1 = = = = =

       DIISErr = 0.46D-02
       MaxDelD = 0.11D+00
       <T>     = 0.22611963D+04
       <V>     = -.42135906D+04
       <DFT>   = -.32491244D+03
       <SCF>   = -2277.30681399

 SCFStatus            :: CPU (Sec,MFLOPS) = (0.50D-01, 7),
                         WALL(Sec,MFLOPS) = (0.50D-01, 7)
 SCFStatus            :: Allocs=16,  DeAllocs=16, 0 bytes are presently allocated.
                         A max of 2247900 bytes were allocated.
>-Exiting SCFStatus 08/25/02 @ 20:11:25-<
<<Entering MakeRho 08/25/02 @ 20:11:25>>
 MakeRho : Pruned Rho :: dNel = 0.13D-03, kept 35% of distributions.
 MakeRho : Moments    :: <r> = (-.35D+00, -.17D+00, -.15D+00), <r^2> = 0.33D+03
 ... ning Warning  Warning  Warning Wa ...
MakeRho              :: relative error in density = 0.36D-06. Distribution threshold =
 MakeRho              :: Rho CheckSum  = 0.3309483413021666D+04
 MakeRho              :: CPU Sec = 0.17D+02, WALL Sec = 0.17D+02
 MakeRho              :: Allocs=64,  DeAllocs=59, 728 bytes are presently allocated.
                         A max of 24609884 bytes were allocated.
>-Exiting MakeRho 08/25/02 @ 20:11:42-<
<<Entering QCTC 08/25/02 @ 20:11:43>>
 QCTC                 :: J[2] CheckSum  = 0.1860714079819585D+03
 QCTC                 :: CPU Sec = 0.32D+03, WALL Sec = 0.46D+04
 QCTC                 :: Allocs=479688,  DeAllocs=50, 80517936 bytes are presently allocated.
                         A max of 91255612 bytes were allocated.
>-Exiting QCTC 08/25/02 @ 21:28:45-<
<<Entering HiCu 08/25/02 @ 21:28:45>>
 HiCu.GridGen         :: Tau = 0.10D-01, <Rho> = 0.17996492D+03, <Exc> = -.32433064D+03, Pts/Atom = 1370
 HiCu.GridGen         :: Tau = 0.10D-02, <Rho> = 0.18002936D+03, <Exc> = -.32498543D+03, Pts/Atom = 2909
 HiCu.GridGen         :: Tau = 0.10D-03, <Rho> = 0.17999847D+03, <Exc> = -.32492459D+03, Pts/Atom = 5516
 HiCu.GridGen         :: Tau = 0.10D-04, <Rho> = 0.17999968D+03, <Exc> = -.32493228D+03, Pts/Atom = 10306
 HiCu.GridGen         :: Tau = 0.10D-05, <Rho> = 0.18000016D+03, <Exc> = -.32493365D+03, Pts/Atom = 19723
 HiCu.GridGen         :: Tau = 0.10D-06, <Rho> = 0.18000010D+03, <Exc> = -.32493389D+03, Pts/Atom = 36839
 HiCu.GridGen         :: TauRel = 0.10D-06, RhoErr = 0.19D-06, <Exc> = -.32493389D+03
 HiCu.GridGen         :: CPU Sec = 0.71D+03, WALL Sec = 0.93D+04
 HiCu.MakeKxc         :: WALL (Sec) = 0.62D+04
 HiCu                 :: Kxc[2] CheckSum  = 0.2126294793284144D+02
 HiCu                 :: WALL (Sec) = 0.16D+05
 HiCu                 :: Allocs=474841,  DeAllocs=189512, 164121504 bytes are presently allocated.
                         A max of 165627928 bytes were allocated.
>-Exiting HiCu 08/26/02 @ 01:47:59-<
<<Entering FockNGrueven 08/26/02 @ 01:47:59>>
 FockNGrueven         :: F[2] CheckSum  = 0.8465680698735471D+02
 FockNGrueven         :: OrthoF[2] CheckSum  = 0.7697748320930523D+02
 FockNGrueven         :: CPU (Sec,MFLOPS) = (0.34D+00, 162),
                         WALL(Sec,MFLOPS) = (0.38D+00, 145)
 FockNGrueven         :: Allocs=37,  DeAllocs=33, 380468 bytes are presently allocated.
                         A max of 2847168 bytes were allocated.
>-Exiting FockNGrueven 08/26/02 @ 01:47:59-<
<<Entering DIIS 08/26/02 @ 01:47:59>>
 DIIS                 :: Cond# = 0.62D+02, MIN(E) = 0.68D-01
 DIIS : Pulay C1      :: DIISCo = 0.70D+00, 0.30D+00
 DIIS                 :: F_DIIS[2] CheckSum  = 0.7698473099097195D+02
 DIIS                 :: CPU (Sec,MFLOPS) = (0.33D+00, 142),
                         WALL(Sec,MFLOPS) = (0.39D+00, 120)
 DIIS                 :: Allocs=45,  DeAllocs=40, 216 bytes are presently allocated.
                         A max of 3026148 bytes were allocated.
>-Exiting DIIS 08/26/02 @ 01:48:00-<
<<Entering NT4 08/26/02 @ 01:48:00>>
 NT4                  :: Trix = 0.10D-01
 NT4 : Pure 1         :: dE=0.10D+01, dP=0.42D+00, ThrX=0.10D-01, %Non0=10
 NT4 : Pure 2         :: dE=0.64D-01, dP=0.22D+00, ThrX=0.10D-01, %Non0=9
 NT4 : Pure 3         :: dE=0.88D-02, dP=0.49D-01, ThrX=0.10D-01, %Non0=9
 NT4 : Pure 4         :: dE=0.78D-02, dP=0.68D-01, ThrX=0.10D-01, %Non0=9
 NT4 : Pure 5         :: dE=0.11D-01, dP=0.93D-01, ThrX=0.10D-01, %Non0=13
 NT4 : Pure 6         :: dE=0.13D-01, dP=0.11D+00, ThrX=0.10D-01, %Non0=16
 NT4 : Pure 7         :: dE=0.13D-01, dP=0.11D+00, ThrX=0.10D-01, %Non0=19
 NT4 : Pure 8         :: dE=0.89D-02, dP=0.86D-01, ThrX=0.10D-01, %Non0=23
 NT4 : Pure 9         :: dE=0.48D-02, dP=0.60D-01, ThrX=0.10D-01, %Non0=27
 NT4 : Pure 10        :: dE=0.23D-02, dP=0.50D-01, ThrX=0.10D-01, %Non0=30
 NT4 : Pure 11        :: dE=0.10D-02, dP=0.39D-01, ThrX=0.10D-01, %Non0=36
 NT4 : Pure 12        :: dE=0.36D-03, dP=0.30D-01, ThrX=0.10D-01, %Non0=43
 NT4 : Pure 13        :: dE=0.14D-03, dP=0.28D-01, ThrX=0.10D-01, %Non0=45
 NT4 : Pure 14        :: dE=0.74D-04, dP=0.23D-01, ThrX=0.10D-01, %Non0=48
 NT4 : Pure 15        :: dE=0.56D-05, dP=0.20D-01, ThrX=0.10D-01, %Non0=45
 NT4 : Pure 16        :: dE=0.74D-05, dP=0.22D-01, ThrX=0.10D-01, %Non0=48
 NT4 : Hit dP increase:: Tr{FP}=-.6462648402211754D+03, dNel = 0.57D-13
 NT4                  :: 16 purification steps, 34 matrix multiplies
 NT4                  :: Fractional occupation = 0.60D+00, %Non0s = 48
 NT4 : Max abs errors :: dE=0.48D-02, dP=0.22D-01, [F,P]=0.23D+00
 NT4                  :: Rel dE=0.74D-05, ||dP||_F=0.22D+00, ||[F,P]||_F=0.14D+01
 NT4                  :: OrthoP[3] CheckSum  = 0.1341873188978041D+02
 NT4                  :: P[3] CheckSum  = 0.1153751375994176D+02
 NT4                  :: CPU (Sec,MFLOPS) = (0.18D+01, 168),
                         WALL(Sec,MFLOPS) = (0.19D+01, 164)
 NT4                  :: Allocs=245,  DeAllocs=241, 749060 bytes are presently allocated.
                         A max of 4495092 bytes were allocated.
>-Exiting NT4 08/26/02 @ 01:48:02-<
<<Entering SCFStatus 08/26/02 @ 01:48:02>>
 
= = = = = SCFCycle #2, Basis #1, Geometry #1 = = = = =

       DIISErr = 0.47D-02
       MaxDelD = 0.10D+00
       <T>     = 0.22615118D+04
       <V>     = -.42138863D+04
       <DFT>   = -.32493389D+03
       <SCF>   = -2277.30836221

 SCFStatus            :: CPU (Sec,MFLOPS) = (0.50D-01, 7),
                         WALL(Sec,MFLOPS) = (0.50D-01, 7)
 SCFStatus            :: Allocs=16,  DeAllocs=16, 0 bytes are presently allocated.
                         A max of 2247900 bytes were allocated.
>-Exiting SCFStatus 08/26/02 @ 01:48:02-<
<<Entering MakeRho 08/26/02 @ 01:48:02>>
 MakeRho : Pruned Rho :: dNel = 0.39D-03, kept 34% of distributions.
 MakeRho : Moments    :: <r> = (0.11D+01, 0.67D+00, -.80D-02), <r^2> = 0.33D+03
 ... ning Warning  Warning  Warning Wa ...
MakeRho              :: relative error in density = 0.11D-05. Distribution threshold =
 MakeRho              :: Rho CheckSum  = 0.3311695004338813D+04
 MakeRho              :: CPU Sec = 0.18D+02, WALL Sec = 0.18D+02
 MakeRho              :: Allocs=64,  DeAllocs=59, 728 bytes are presently allocated.
                         A max of 25529012 bytes were allocated.
>-Exiting MakeRho 08/26/02 @ 01:48:20-<
<<Entering QCTC 08/26/02 @ 01:48:20>>
 QCTC                 :: J[3] CheckSum  = 0.1860139275173226D+03
 QCTC                 :: CPU Sec = 0.41D+03, WALL Sec = 0.47D+04
 QCTC                 :: Allocs=485903,  DeAllocs=50, 81603440 bytes are presently allocated.
                         A max of 92501024 bytes were allocated.
>-Exiting QCTC 08/26/02 @ 03:06:45-<
<<Entering HiCu 08/26/02 @ 03:06:46>>
 HiCu.GridGen         :: Tau = 0.10D-01, <Rho> = 0.17997648D+03, <Exc> = -.32446727D+03, Pts/Atom = 1366
 HiCu.GridGen         :: Tau = 0.10D-02, <Rho> = 0.18002864D+03, <Exc> = -.32508314D+03, Pts/Atom = 2903
 HiCu.GridGen         :: Tau = 0.10D-03, <Rho> = 0.17999865D+03, <Exc> = -.32501960D+03, Pts/Atom = 5537
 HiCu.GridGen         :: Tau = 0.10D-04, <Rho> = 0.17999983D+03, <Exc> = -.32502737D+03, Pts/Atom = 10305
 HiCu.GridGen         :: Tau = 0.10D-05, <Rho> = 0.18000029D+03, <Exc> = -.32502871D+03, Pts/Atom = 19724
 HiCu.GridGen         :: Tau = 0.10D-06, <Rho> = 0.18000024D+03, <Exc> = -.32502899D+03, Pts/Atom = 36936
 HiCu.GridGen         :: TauRel = 0.10D-06, RhoErr = 0.25D-06, <Exc> = -.32502899D+03
 HiCu.GridGen         :: CPU Sec = 0.79D+03, WALL Sec = 0.94D+04
 HiCu.MakeKxc         :: WALL (Sec) = 0.63D+04
 HiCu                 :: Kxc[3] CheckSum  = 0.2126461302468582D+02
 HiCu                 :: WALL (Sec) = 0.16D+05
 HiCu                 :: Allocs=477074,  DeAllocs=190007, 164622632 bytes are presently allocated.
                         A max of 166129056 bytes were allocated.
>-Exiting HiCu 08/26/02 @ 07:27:31-<
<<Entering FockNGrueven 08/26/02 @ 07:27:31>>
 FockNGrueven         :: F[3] CheckSum  = 0.8459647191382489D+02
 FockNGrueven         :: OrthoF[3] CheckSum  = 0.7693332353926809D+02
 FockNGrueven         :: CPU (Sec,MFLOPS) = (0.33D+00, 167),
                         WALL(Sec,MFLOPS) = (0.38D+00, 145)
 FockNGrueven         :: Allocs=37,  DeAllocs=33, 380468 bytes are presently allocated.
                         A max of 2847168 bytes were allocated.
>-Exiting FockNGrueven 08/26/02 @ 07:27:31-<
<<Entering DIIS 08/26/02 @ 07:27:31>>
 DIIS                 :: Cond# = 0.10D+03, MIN(E) = 0.59D-01
 DIIS : Pulay C1      :: DIISCo = 0.72D+00, -.73D-01, 0.35D+00
 DIIS                 :: F_DIIS[3] CheckSum  = 0.7696808627246679D+02
 DIIS                 :: CPU (Sec,MFLOPS) = (0.41D+00, 126),
                         WALL(Sec,MFLOPS) = (0.44D+00, 117)
 DIIS                 :: Allocs=49,  DeAllocs=44, 272 bytes are presently allocated.
                         A max of 3026148 bytes were allocated.
>-Exiting DIIS 08/26/02 @ 07:27:32-<
<<Entering NT4 08/26/02 @ 07:27:32>>
 NT4                  :: Trix = 0.10D-01
 NT4 : Pure 1         :: dE=0.10D+01, dP=0.42D+00, ThrX=0.10D-01, %Non0=10
 NT4 : Pure 2         :: dE=0.64D-01, dP=0.22D+00, ThrX=0.10D-01, %Non0=9
 NT4 : Pure 3         :: dE=0.89D-02, dP=0.47D-01, ThrX=0.10D-01, %Non0=9
 NT4 : Pure 4         :: dE=0.77D-02, dP=0.66D-01, ThrX=0.10D-01, %Non0=9
 NT4 : Pure 5         :: dE=0.11D-01, dP=0.90D-01, ThrX=0.10D-01, %Non0=13
 NT4 : Pure 6         :: dE=0.13D-01, dP=0.11D+00, ThrX=0.10D-01, %Non0=16
 NT4 : Pure 7         :: dE=0.13D-01, dP=0.11D+00, ThrX=0.10D-01, %Non0=19
 NT4 : Pure 8         :: dE=0.89D-02, dP=0.86D-01, ThrX=0.10D-01, %Non0=23
 NT4 : Pure 9         :: dE=0.49D-02, dP=0.58D-01, ThrX=0.10D-01, %Non0=27
 NT4 : Pure 10        :: dE=0.23D-02, dP=0.51D-01, ThrX=0.10D-01, %Non0=30
 NT4 : Pure 11        :: dE=0.10D-02, dP=0.40D-01, ThrX=0.10D-01, %Non0=36
 NT4 : Pure 12        :: dE=0.36D-03, dP=0.28D-01, ThrX=0.10D-01, %Non0=43
 NT4 : Pure 13        :: dE=0.15D-03, dP=0.28D-01, ThrX=0.10D-01, %Non0=44
 NT4 : Hit dP increase:: Tr{FP}=-.6458948874201766D+03, dNel = 0.00D+00
 NT4                  :: 13 purification steps, 28 matrix multiplies
 NT4                  :: Fractional occupation = 0.60D+00, %Non0s = 44
 NT4 : Max abs errors :: dE=0.94D-01, dP=0.28D-01, [F,P]=0.23D+00
 NT4                  :: Rel dE=0.15D-03, ||dP||_F=0.43D+00, ||[F,P]||_F=0.14D+01
 NT4                  :: OrthoP[4] CheckSum  = 0.1337770373961254D+02
 NT4                  :: P[4] CheckSum  = 0.1149646153688548D+02
 NT4                  :: CPU (Sec,MFLOPS) = (0.14D+01, 164),
                         WALL(Sec,MFLOPS) = (0.15D+01, 155)
 NT4                  :: Allocs=207,  DeAllocs=203, 749060 bytes are presently allocated.
                         A max of 4495092 bytes were allocated.
>-Exiting NT4 08/26/02 @ 07:27:34-<
<<Entering SCFStatus 08/26/02 @ 07:27:34>>
 
= = = = = SCFCycle #3, Basis #1, Geometry #1 = = = = =

       DIISErr = 0.48D-02
       MaxDelD = 0.85D-01
       <T>     = 0.22627327D+04
       <V>     = -.42149750D+04
       <DFT>   = -.32502899D+03
       <SCF>   = -2277.27128558

 SCFStatus            :: CPU (Sec,MFLOPS) = (0.50D-01, 7),
                         WALL(Sec,MFLOPS) = (0.50D-01, 7)
 SCFStatus            :: Allocs=16,  DeAllocs=16, 0 bytes are presently allocated.
                         A max of 2247900 bytes were allocated.
>-Exiting SCFStatus 08/26/02 @ 07:27:34-<
<<Entering MakeRho 08/26/02 @ 07:27:34>>
 MakeRho : Pruned Rho :: dNel = 0.45D-03, kept 35% of distributions.
 MakeRho : Moments    :: <r> = (0.87D+00, -.35D+00, -.19D+00), <r^2> = 0.33D+03
 ... ning Warning  Warning  Warning Wa ...
MakeRho              :: relative error in density = 0.12D-05. Distribution threshold =
 MakeRho              :: Rho CheckSum  = 0.3311922315416166D+04
 MakeRho              :: CPU Sec = 0.17D+02, WALL Sec = 0.17D+02
 MakeRho              :: Allocs=64,  DeAllocs=59, 728 bytes are presently allocated.
                         A max of 24224892 bytes were allocated.
>-Exiting MakeRho 08/26/02 @ 07:27:51-<
<<Entering QCTC 08/26/02 @ 07:27:51>>
 QCTC                 :: J[4] CheckSum  = 0.1860304999522873D+03
 QCTC                 :: CPU Sec = 0.28D+03, WALL Sec = 0.46D+04
 QCTC                 :: Allocs=477798,  DeAllocs=50, 80182224 bytes are presently allocated.
                         A max of 90868468 bytes were allocated.
>-Exiting QCTC 08/26/02 @ 08:44:05-<
<<Entering HiCu 08/26/02 @ 08:44:05>>
 HiCu.GridGen         :: Tau = 0.10D-01, <Rho> = 0.17994851D+03, <Exc> = -.32432733D+03, Pts/Atom = 1355
 HiCu.GridGen         :: Tau = 0.10D-02, <Rho> = 0.18003157D+03, <Exc> = -.32510059D+03, Pts/Atom = 2907
 HiCu.GridGen         :: Tau = 0.10D-03, <Rho> = 0.17999874D+03, <Exc> = -.32502232D+03, Pts/Atom = 5528
 HiCu.GridGen         :: Tau = 0.10D-04, <Rho> = 0.17999982D+03, <Exc> = -.32502970D+03, Pts/Atom = 10294
 HiCu.GridGen         :: Tau = 0.10D-05, <Rho> = 0.18000031D+03, <Exc> = -.32503115D+03, Pts/Atom = 19736
 HiCu.GridGen         :: Tau = 0.10D-06, <Rho> = 0.18000024D+03, <Exc> = -.32503140D+03, Pts/Atom = 36901
 HiCu.GridGen         :: TauRel = 0.10D-06, RhoErr = 0.11D-06, <Exc> = -.32503140D+03
 HiCu.GridGen         :: CPU Sec = 0.67D+03, WALL Sec = 0.93D+04
 HiCu.MakeKxc         :: WALL (Sec) = 0.63D+04
 HiCu                 :: Kxc[4] CheckSum  = 0.2126469066602206D+02
 HiCu                 :: WALL (Sec) = 0.16D+05
 HiCu                 :: Allocs=475093,  DeAllocs=189827, 164357352 bytes are presently allocated.
                         A max of 165863776 bytes were allocated.
>-Exiting HiCu 08/26/02 @ 13:02:48-<
<<Entering FockNGrueven 08/26/02 @ 13:02:48>>
 FockNGrueven         :: F[4] CheckSum  = 0.8461527973464750D+02
 FockNGrueven         :: OrthoF[4] CheckSum  = 0.7694496115768841D+02
 FockNGrueven         :: CPU (Sec,MFLOPS) = (0.33D+00, 167),
                         WALL(Sec,MFLOPS) = (0.38D+00, 145)
 FockNGrueven         :: Allocs=37,  DeAllocs=33, 380468 bytes are presently allocated.
                         A max of 2847168 bytes were allocated.
>-Exiting FockNGrueven 08/26/02 @ 13:02:49-<
<<Entering DIIS 08/26/02 @ 13:02:49>>
 DIIS                 :: Cond# = 0.16D+03, MIN(E) = 0.50D-01
 DIIS : Pulay C1      :: DIISCo = 0.72D+00, -.14D+00, 0.30D+00, 0.13D+00
 DIIS                 :: F_DIIS[4] CheckSum  = 0.7696620157627638D+02
 DIIS                 :: CPU (Sec,MFLOPS) = (0.47D+00, 106),
                         WALL(Sec,MFLOPS) = (0.50D+00, 100)
 DIIS                 :: Allocs=58,  DeAllocs=53, 344 bytes are presently allocated.
                         A max of 3026148 bytes were allocated.
>-Exiting DIIS 08/26/02 @ 13:02:49-<
<<Entering NT4 08/26/02 @ 13:02:49>>
 NT4                  :: Trix = 0.10D-01
 NT4 : Pure 1         :: dE=0.10D+01, dP=0.42D+00, ThrX=0.10D-01, %Non0=10
 NT4 : Pure 2         :: dE=0.64D-01, dP=0.22D+00, ThrX=0.10D-01, %Non0=9
 NT4 : Pure 3         :: dE=0.89D-02, dP=0.47D-01, ThrX=0.10D-01, %Non0=9
 NT4 : Pure 4         :: dE=0.77D-02, dP=0.65D-01, ThrX=0.10D-01, %Non0=9
 NT4 : Pure 5         :: dE=0.11D-01, dP=0.90D-01, ThrX=0.10D-01, %Non0=13
 NT4 : Pure 6         :: dE=0.13D-01, dP=0.11D+00, ThrX=0.10D-01, %Non0=16
 NT4 : Pure 7         :: dE=0.13D-01, dP=0.11D+00, ThrX=0.10D-01, %Non0=19
 NT4 : Pure 8         :: dE=0.89D-02, dP=0.86D-01, ThrX=0.10D-01, %Non0=23
 NT4 : Pure 9         :: dE=0.49D-02, dP=0.58D-01, ThrX=0.10D-01, %Non0=27
 NT4 : Pure 10        :: dE=0.23D-02, dP=0.51D-01, ThrX=0.10D-01, %Non0=30
 NT4 : Pure 11        :: dE=0.10D-02, dP=0.40D-01, ThrX=0.10D-01, %Non0=36
 NT4 : Pure 12        :: dE=0.36D-03, dP=0.28D-01, ThrX=0.10D-01, %Non0=43
 NT4 : Pure 13        :: dE=0.14D-03, dP=0.27D-01, ThrX=0.10D-01, %Non0=43
 NT4 : Pure 14        :: dE=0.79D-04, dP=0.20D-01, ThrX=0.10D-01, %Non0=45
 NT4 : Pure 15        :: dE=0.81D-05, dP=0.23D-01, ThrX=0.10D-01, %Non0=44
 NT4 : Hit dP increase:: Tr{FP}=-.6459272040889458D+03, dNel = 0.11D-12
 NT4                  :: 15 purification steps, 32 matrix multiplies
 NT4                  :: Fractional occupation = 0.60D+00, %Non0s = 44
 NT4 : Max abs errors :: dE=0.52D-02, dP=0.23D-01, [F,P]=0.23D+00
 NT4                  :: Rel dE=0.81D-05, ||dP||_F=0.22D+00, ||[F,P]||_F=0.14D+01
 NT4                  :: OrthoP[5] CheckSum  = 0.1341606577198157D+02
 NT4                  :: P[5] CheckSum  = 0.1153461318598596D+02
 NT4                  :: CPU (Sec,MFLOPS) = (0.17D+01, 167),
                         WALL(Sec,MFLOPS) = (0.18D+01, 158)
 NT4                  :: Allocs=235,  DeAllocs=231, 749060 bytes are presently allocated.
                         A max of 4495092 bytes were allocated.
>-Exiting NT4 08/26/02 @ 13:02:51-<
<<Entering SCFStatus 08/26/02 @ 13:02:51>>
 
= = = = = SCFCycle #4, Basis #1, Geometry #1 = = = = =

       DIISErr = 0.47D-02
       MaxDelD = 0.43D-01
       <T>     = 0.22629649D+04
       <V>     = -.42151098D+04
       <DFT>   = -.32503140D+03
       <SCF>   = -2277.17634365

 SCFStatus            :: CPU (Sec,MFLOPS) = (0.60D-01, 6),
                         WALL(Sec,MFLOPS) = (0.60D-01, 6)
 SCFStatus            :: Allocs=16,  DeAllocs=16, 0 bytes are presently allocated.
                         A max of 2247900 bytes were allocated.
>-Exiting SCFStatus 08/26/02 @ 13:02:51-<
<<Entering MakeRho 08/26/02 @ 13:02:52>>
 MakeRho : Pruned Rho :: dNel = 0.37D-03, kept 34% of distributions.
 MakeRho : Moments    :: <r> = (-.42D+00, 0.24D-01, -.96D-01), <r^2> = 0.33D+03
 ... ning Warning  Warning  Warning Wa ...
MakeRho              :: relative error in density = 0.10D-05. Distribution threshold =
 MakeRho              :: Rho CheckSum  = 0.3311701894616725D+04
 MakeRho              :: CPU Sec = 0.17D+02, WALL Sec = 0.17D+02
 MakeRho              :: Allocs=64,  DeAllocs=59, 728 bytes are presently allocated.
                         A max of 24757260 bytes were allocated.
>-Exiting MakeRho 08/26/02 @ 13:03:09-<
<<Entering QCTC 08/26/02 @ 13:03:09>>
 QCTC                 :: J[5] CheckSum  = 0.1860235167437566D+03
 QCTC                 :: CPU Sec = 0.34D+03, WALL Sec = 0.46D+04
 QCTC                 :: Allocs=480088,  DeAllocs=50, 80593648 bytes are presently allocated.
                         A max of 91344540 bytes were allocated.
>-Exiting QCTC 08/26/02 @ 14:20:23-<
<<Entering HiCu 08/26/02 @ 14:20:23>>
 HiCu.GridGen         :: Tau = 0.10D-01, <Rho> = 0.17995230D+03, <Exc> = -.32432723D+03, Pts/Atom = 1353
 HiCu.GridGen         :: Tau = 0.10D-02, <Rho> = 0.18003162D+03, <Exc> = -.32508552D+03, Pts/Atom = 2900
 HiCu.GridGen         :: Tau = 0.10D-03, <Rho> = 0.17999866D+03, <Exc> = -.32500875D+03, Pts/Atom = 5528
 HiCu.GridGen         :: Tau = 0.10D-04, <Rho> = 0.17999979D+03, <Exc> = -.32501684D+03, Pts/Atom = 10298
 HiCu.GridGen         :: Tau = 0.10D-05, <Rho> = 0.18000028D+03, <Exc> = -.32501833D+03, Pts/Atom = 19732
 HiCu.GridGen         :: Tau = 0.10D-06, <Rho> = 0.18000022D+03, <Exc> = -.32501858D+03, Pts/Atom = 36898
 HiCu.GridGen         :: TauRel = 0.10D-06, RhoErr = 0.20D-06, <Exc> = -.32501858D+03
 HiCu.GridGen         :: CPU Sec = 0.72D+03, WALL Sec = 0.93D+04
 HiCu.MakeKxc         :: WALL (Sec) = 0.63D+04
 HiCu                 :: Kxc[5] CheckSum  = 0.2126448902813137D+02
 HiCu                 :: WALL (Sec) = 0.16D+05
 HiCu                 :: Allocs=475521,  DeAllocs=189812, 164381920 bytes are presently allocated.
                         A max of 165888344 bytes were allocated.
>-Exiting HiCu 08/26/02 @ 18:40:00-<
<<Entering FockNGrueven 08/26/02 @ 18:40:04>>
 FockNGrueven         :: F[5] CheckSum  = 0.8460606580451187D+02
 FockNGrueven         :: OrthoF[5] CheckSum  = 0.7693978098695742D+02
 FockNGrueven         :: CPU (Sec,MFLOPS) = (0.32D+00, 172),
                         WALL(Sec,MFLOPS) = (0.11D+01, 52)
 FockNGrueven         :: Allocs=37,  DeAllocs=33, 380468 bytes are presently allocated.
                         A max of 2847168 bytes were allocated.
>-Exiting FockNGrueven 08/26/02 @ 18:40:05-<
<<Entering DIIS 08/26/02 @ 18:40:06>>
 DIIS                 :: Cond# = 0.35D+03, MIN(E) = 0.28D-01
 DIIS : Pulay C1      :: DIISCo = 0.72D+00, -.12D+00, 0.31D+00,
                                  0.24D+00, -.15D+00
 DIIS                 :: F_DIIS[5] CheckSum  = 0.7696754293461078D+02
 DIIS                 :: CPU (Sec,MFLOPS) = (0.56D+00, 90),
                         WALL(Sec,MFLOPS) = (0.59D+00, 85)
 DIIS                 :: Allocs=64,  DeAllocs=59, 432 bytes are presently allocated.
                         A max of 3026148 bytes were allocated.
>-Exiting DIIS 08/26/02 @ 18:40:06-<
<<Entering NT4 08/26/02 @ 18:40:06>>
 NT4                  :: Trix = 0.10D-01
 NT4 : Pure 1         :: dE=0.10D+01, dP=0.42D+00, ThrX=0.10D-01, %Non0=10
 NT4 : Pure 2         :: dE=0.64D-01, dP=0.22D+00, ThrX=0.10D-01, %Non0=9
 NT4 : Pure 3         :: dE=0.89D-02, dP=0.46D-01, ThrX=0.10D-01, %Non0=9
 NT4 : Pure 4         :: dE=0.77D-02, dP=0.64D-01, ThrX=0.10D-01, %Non0=9
 NT4 : Pure 5         :: dE=0.11D-01, dP=0.89D-01, ThrX=0.10D-01, %Non0=13
 NT4 : Pure 6         :: dE=0.13D-01, dP=0.11D+00, ThrX=0.10D-01, %Non0=16
 NT4 : Pure 7         :: dE=0.13D-01, dP=0.11D+00, ThrX=0.10D-01, %Non0=19
 NT4 : Pure 8         :: dE=0.89D-02, dP=0.87D-01, ThrX=0.10D-01, %Non0=23
 NT4 : Pure 9         :: dE=0.49D-02, dP=0.58D-01, ThrX=0.10D-01, %Non0=27
 NT4 : Pure 10        :: dE=0.23D-02, dP=0.51D-01, ThrX=0.10D-01, %Non0=30
 NT4 : Pure 11        :: dE=0.10D-02, dP=0.40D-01, ThrX=0.10D-01, %Non0=36
 NT4 : Pure 12        :: dE=0.36D-03, dP=0.28D-01, ThrX=0.10D-01, %Non0=43
 NT4 : Pure 13        :: dE=0.15D-03, dP=0.28D-01, ThrX=0.10D-01, %Non0=43
 NT4 : Pure 14        :: dE=0.78D-04, dP=0.18D-01, ThrX=0.10D-01, %Non0=45
 NT4 : Pure 15        :: dE=0.11D-04, dP=0.19D-01, ThrX=0.10D-01, %Non0=43
 NT4 : Hit dP increase:: Tr{FP}=-.6459597340055404D+03, dNel = 0.11D-12
 NT4                  :: 15 purification steps, 32 matrix multiplies
 NT4                  :: Fractional occupation = 0.60D+00, %Non0s = 43
 NT4 : Max abs errors :: dE=0.72D-02, dP=0.19D-01, [F,P]=0.23D+00
 NT4                  :: Rel dE=0.11D-04, ||dP||_F=0.21D+00, ||[F,P]||_F=0.14D+01
 NT4                  :: OrthoP[6] CheckSum  = 0.1341658271036001D+02
 NT4                  :: P[6] CheckSum  = 0.1153445034270848D+02
 NT4                  :: CPU (Sec,MFLOPS) = (0.17D+01, 163),
                         WALL(Sec,MFLOPS) = (0.17D+01, 158)
 NT4                  :: Allocs=235,  DeAllocs=231, 749060 bytes are presently allocated.
                         A max of 4495092 bytes were allocated.
>-Exiting NT4 08/26/02 @ 18:40:08-<
<<Entering SCFStatus 08/26/02 @ 18:40:08>>
 
= = = = = SCFCycle #5, Basis #1, Geometry #1 = = = = =

       DIISErr = 0.47D-02
       MaxDelD = 0.41D-01
       <T>     = 0.22626764D+04
       <V>     = -.42149578D+04
       <DFT>   = -.32501858D+03
       <SCF>   = -2277.29991546

 SCFStatus            :: CPU (Sec,MFLOPS) = (0.50D-01, 7),
                         WALL(Sec,MFLOPS) = (0.50D-01, 7)
 SCFStatus            :: Allocs=16,  DeAllocs=16, 0 bytes are presently allocated.
                         A max of 2247900 bytes were allocated.
>-Exiting SCFStatus 08/26/02 @ 18:40:08-<
<<Entering MakeRho 08/26/02 @ 18:40:08>>
 MakeRho : Pruned Rho :: dNel = 0.27D-03, kept 35% of distributions.
 MakeRho : Moments    :: <r> = (-.81D+00, 0.16D+00, -.75D-01), <r^2> = 0.33D+03
 ... ning Warning  Warning  Warning Wa ...
MakeRho              :: relative error in density = 0.76D-06. Distribution threshold =
 MakeRho              :: Rho CheckSum  = 0.3311649398401386D+04
 MakeRho              :: CPU Sec = 0.17D+02, WALL Sec = 0.17D+02
 MakeRho              :: Allocs=64,  DeAllocs=59, 728 bytes are presently allocated.
                         A max of 24546132 bytes were allocated.
>-Exiting MakeRho 08/26/02 @ 18:40:26-<
<<Entering QCTC 08/26/02 @ 18:40:26>>
 QCTC                 :: J[6] CheckSum  = 0.1860227271356987D+03
 QCTC                 :: CPU Sec = 0.30D+03, WALL Sec = 0.46D+04
 QCTC                 :: Allocs=478533,  DeAllocs=50, 80322864 bytes are presently allocated.
                         A max of 91034152 bytes were allocated.
>-Exiting QCTC 08/26/02 @ 19:57:07-<
<<Entering HiCu 08/26/02 @ 19:57:12>>
 HiCu.GridGen         :: Tau = 0.10D-01, <Rho> = 0.17994163D+03, <Exc> = -.32430295D+03, Pts/Atom = 1362
 HiCu.GridGen         :: Tau = 0.10D-02, <Rho> = 0.18003485D+03, <Exc> = -.32508935D+03, Pts/Atom = 2904
 HiCu.GridGen         :: Tau = 0.10D-03, <Rho> = 0.17999905D+03, <Exc> = -.32500995D+03, Pts/Atom = 5525
 HiCu.GridGen         :: Tau = 0.10D-04, <Rho> = 0.17999977D+03, <Exc> = -.32501702D+03, Pts/Atom = 10284
 HiCu.GridGen         :: Tau = 0.10D-05, <Rho> = 0.18000022D+03, <Exc> = -.32501842D+03, Pts/Atom = 19727
 HiCu.GridGen         :: Tau = 0.10D-06, <Rho> = 0.18000017D+03, <Exc> = -.32501869D+03, Pts/Atom = 36855
 HiCu.GridGen         :: TauRel = 0.10D-06, RhoErr = 0.20D-06, <Exc> = -.32501869D+03
 HiCu.GridGen         :: CPU Sec = 0.69D+03, WALL Sec = 0.93D+04
 HiCu.MakeKxc         :: WALL (Sec) = 0.63D+04
 HiCu                 :: Kxc[6] CheckSum  = 0.2126449043269719D+02
 HiCu                 :: WALL (Sec) = 0.16D+05
 HiCu                 :: Allocs=474766,  DeAllocs=189590, 164174496 bytes are presently allocated.
                         A max of 165680920 bytes were allocated.
>-Exiting HiCu 08/27/02 @ 00:16:27-<
<<Entering FockNGrueven 08/27/02 @ 00:16:27>>
 FockNGrueven         :: F[6] CheckSum  = 0.8460537629847508D+02
 FockNGrueven         :: OrthoF[6] CheckSum  = 0.7693938571985213D+02
 FockNGrueven         :: CPU (Sec,MFLOPS) = (0.34D+00, 162),
                         WALL(Sec,MFLOPS) = (0.37D+00, 149)
 FockNGrueven         :: Allocs=37,  DeAllocs=33, 380468 bytes are presently allocated.
                         A max of 2847168 bytes were allocated.
>-Exiting FockNGrueven 08/27/02 @ 00:16:27-<
<<Entering DIIS 08/27/02 @ 00:16:27>>
 DIIS                 :: Cond# = 0.10D+04, MIN(E) = 0.11D-01
 DIIS : Pulay C1      :: DIISCo = 0.72D+00, -.12D+00, 0.31D+00,
                                  0.24D+00, -.13D+00, -.23D-01
 DIIS                 :: F_DIIS[6] CheckSum  = 0.7696759315963602D+02
 DIIS                 :: CPU (Sec,MFLOPS) = (0.63D+00, 80),
                         WALL(Sec,MFLOPS) = (0.66D+00, 77)
 DIIS                 :: Allocs=71,  DeAllocs=66, 536 bytes are presently allocated.
                         A max of 3026148 bytes were allocated.
>-Exiting DIIS 08/27/02 @ 00:16:28-<
<<Entering NT4 08/27/02 @ 00:16:28>>
 NT4                  :: Trix = 0.10D-01
 NT4 : Pure 1         :: dE=0.10D+01, dP=0.42D+00, ThrX=0.10D-01, %Non0=10
 NT4 : Pure 2         :: dE=0.64D-01, dP=0.22D+00, ThrX=0.10D-01, %Non0=9
 NT4 : Pure 3         :: dE=0.89D-02, dP=0.46D-01, ThrX=0.10D-01, %Non0=9
 NT4 : Pure 4         :: dE=0.77D-02, dP=0.64D-01, ThrX=0.10D-01, %Non0=9
 NT4 : Pure 5         :: dE=0.11D-01, dP=0.88D-01, ThrX=0.10D-01, %Non0=13
 NT4 : Pure 6         :: dE=0.13D-01, dP=0.11D+00, ThrX=0.10D-01, %Non0=16
 NT4 : Pure 7         :: dE=0.13D-01, dP=0.11D+00, ThrX=0.10D-01, %Non0=19
 NT4 : Pure 8         :: dE=0.89D-02, dP=0.87D-01, ThrX=0.10D-01, %Non0=23
 NT4 : Pure 9         :: dE=0.49D-02, dP=0.58D-01, ThrX=0.10D-01, %Non0=27
 NT4 : Pure 10        :: dE=0.23D-02, dP=0.51D-01, ThrX=0.10D-01, %Non0=30
 NT4 : Pure 11        :: dE=0.10D-02, dP=0.40D-01, ThrX=0.10D-01, %Non0=36
 NT4 : Pure 12        :: dE=0.36D-03, dP=0.28D-01, ThrX=0.10D-01, %Non0=43
 NT4 : Pure 13        :: dE=0.15D-03, dP=0.28D-01, ThrX=0.10D-01, %Non0=43
 NT4 : Pure 14        :: dE=0.77D-04, dP=0.19D-01, ThrX=0.10D-01, %Non0=45
 NT4 : Pure 15        :: dE=0.12D-04, dP=0.19D-01, ThrX=0.10D-01, %Non0=43
 NT4 : Hit dP increase:: Tr{FP}=-.6459614205214158D+03, dNel = 0.11D-12
 NT4                  :: 15 purification steps, 32 matrix multiplies
 NT4                  :: Fractional occupation = 0.60D+00, %Non0s = 43
 NT4 : Max abs errors :: dE=0.80D-02, dP=0.19D-01, [F,P]=0.23D+00
 NT4                  :: Rel dE=0.12D-04, ||dP||_F=0.20D+00, ||[F,P]||_F=0.14D+01
 NT4                  :: OrthoP[7] CheckSum  = 0.1341667560012563D+02
 NT4                  :: P[7] CheckSum  = 0.1153441135121395D+02
 NT4                  :: CPU (Sec,MFLOPS) = (0.17D+01, 164),
                         WALL(Sec,MFLOPS) = (0.17D+01, 158)
 NT4                  :: Allocs=231,  DeAllocs=227, 749060 bytes are presently allocated.
                         A max of 4495092 bytes were allocated.
>-Exiting NT4 08/27/02 @ 00:16:30-<
<<Entering SCFStatus 08/27/02 @ 00:16:30>>
 
= = = = = SCFCycle #6, Basis #1, Geometry #1 = = = = =

       DIISErr = 0.47D-02
       MaxDelD = 0.33D-01
       <T>     = 0.22626669D+04
       <V>     = -.42149435D+04
       <DFT>   = -.32501869D+03
       <SCF>   = -2277.29531632

 SCFStatus            :: CPU (Sec,MFLOPS) = (0.50D-01, 7),
                         WALL(Sec,MFLOPS) = (0.50D-01, 7)
 SCFStatus            :: Allocs=16,  DeAllocs=16, 0 bytes are presently allocated.
                         A max of 2247900 bytes were allocated.
>-Exiting SCFStatus 08/27/02 @ 00:16:30-<
<<Entering MakeRho 08/27/02 @ 00:16:30>>
 MakeRho : Pruned Rho :: dNel = 0.36D-03, kept 35% of distributions.
 MakeRho : Moments    :: <r> = (-.87D+00, 0.14D+00, -.86D-01), <r^2> = 0.33D+03
 ... ning Warning  Warning  Warning Wa ...
MakeRho              :: relative error in density = 0.99D-06. Distribution threshold =
 MakeRho              :: Rho CheckSum  = 0.3311647396213194D+04
 MakeRho              :: CPU Sec = 0.17D+02, WALL Sec = 0.22D+02
 MakeRho              :: Allocs=64,  DeAllocs=59, 728 bytes are presently allocated.
                         A max of 24447484 bytes were allocated.
>-Exiting MakeRho 08/27/02 @ 00:16:52-<
<<Entering QCTC 08/27/02 @ 00:16:52>>
 QCTC                 :: J[7] CheckSum  = 0.1860224566595312D+03
 QCTC                 :: CPU Sec = 0.29D+03, WALL Sec = 0.46D+04
 QCTC                 :: Allocs=477568,  DeAllocs=50, 80157232 bytes are presently allocated.
                         A max of 90845148 bytes were allocated.
>-Exiting QCTC 08/27/02 @ 01:33:16-<
<<Entering HiCu 08/27/02 @ 01:33:16>>
 HiCu.GridGen         :: Tau = 0.10D-01, <Rho> = 0.17994149D+03, <Exc> = -.32430179D+03, Pts/Atom = 1361
 HiCu.GridGen         :: Tau = 0.10D-02, <Rho> = 0.18003474D+03, <Exc> = -.32508817D+03, Pts/Atom = 2903
 HiCu.GridGen         :: Tau = 0.10D-03, <Rho> = 0.17999910D+03, <Exc> = -.32500997D+03, Pts/Atom = 5525
 HiCu.GridGen         :: Tau = 0.10D-04, <Rho> = 0.17999981D+03, <Exc> = -.32501700D+03, Pts/Atom = 10288
 HiCu.GridGen         :: Tau = 0.10D-05, <Rho> = 0.18000026D+03, <Exc> = -.32501840D+03, Pts/Atom = 19727
 HiCu.GridGen         :: Tau = 0.10D-06, <Rho> = 0.18000021D+03, <Exc> = -.32501866D+03, Pts/Atom = 36848
 HiCu.GridGen         :: TauRel = 0.10D-06, RhoErr = 0.19D-06, <Exc> = -.32501866D+03
 HiCu.GridGen         :: CPU Sec = 0.69D+03, WALL Sec = 0.94D+04
 HiCu.MakeKxc         :: WALL (Sec) = 0.63D+04
 HiCu                 :: Kxc[7] CheckSum  = 0.2126449074328813D+02
 HiCu                 :: WALL (Sec) = 0.16D+05
 HiCu                 :: Allocs=474507,  DeAllocs=189557, 164134984 bytes are presently allocated.
                         A max of 165641408 bytes were allocated.
>-Exiting HiCu 08/27/02 @ 05:53:58-<
<<Entering FockNGrueven 08/27/02 @ 05:54:15>>
 FockNGrueven         :: F[7] CheckSum  = 0.8460511019507111D+02
 FockNGrueven         :: OrthoF[7] CheckSum  = 0.7693922656988976D+02
 FockNGrueven         :: CPU (Sec,MFLOPS) = (0.34D+00, 162),
                         WALL(Sec,MFLOPS) = (0.13D+02, 4)
 FockNGrueven         :: Allocs=37,  DeAllocs=33, 380468 bytes are presently allocated.
                         A max of 2847168 bytes were allocated.
>-Exiting FockNGrueven 08/27/02 @ 05:54:28-<
<<Entering DIIS 08/27/02 @ 05:55:25>>
 DIIS                 :: Cond# = 0.95D+04, MIN(E) = 0.15D-02
 DIIS : Pulay C1      :: DIISCo = 0.72D+00, -.12D+00, 0.31D+00,
                                  0.24D+00, -.13D+00, -.71D-01, 0.50D-01
 DIIS                 :: F_DIIS[7] CheckSum  = 0.7696757218197593D+02
 DIIS                 :: CPU (Sec,MFLOPS) = (0.76D+00, 68),
                         WALL(Sec,MFLOPS) = (0.26D+02, 2)
 DIIS                 :: Allocs=79,  DeAllocs=74, 656 bytes are presently allocated.
                         A max of 3026148 bytes were allocated.
>-Exiting DIIS 08/27/02 @ 05:55:51-<
<<Entering NT4 08/27/02 @ 05:56:09>>
 NT4                  :: Trix = 0.10D-01
 NT4 : Pure 1         :: dE=0.10D+01, dP=0.42D+00, ThrX=0.10D-01, %Non0=10
 NT4 : Pure 2         :: dE=0.64D-01, dP=0.22D+00, ThrX=0.10D-01, %Non0=9
 NT4 : Pure 3         :: dE=0.89D-02, dP=0.46D-01, ThrX=0.10D-01, %Non0=9
 NT4 : Pure 4         :: dE=0.77D-02, dP=0.64D-01, ThrX=0.10D-01, %Non0=9
 NT4 : Pure 5         :: dE=0.11D-01, dP=0.88D-01, ThrX=0.10D-01, %Non0=13
 NT4 : Pure 6         :: dE=0.13D-01, dP=0.11D+00, ThrX=0.10D-01, %Non0=16
 NT4 : Pure 7         :: dE=0.13D-01, dP=0.11D+00, ThrX=0.10D-01, %Non0=19
 NT4 : Pure 8         :: dE=0.89D-02, dP=0.87D-01, ThrX=0.10D-01, %Non0=23
 NT4 : Pure 9         :: dE=0.49D-02, dP=0.58D-01, ThrX=0.10D-01, %Non0=27
 NT4 : Pure 10        :: dE=0.23D-02, dP=0.51D-01, ThrX=0.10D-01, %Non0=30
 NT4 : Pure 11        :: dE=0.10D-02, dP=0.40D-01, ThrX=0.10D-01, %Non0=36
 NT4 : Pure 12        :: dE=0.36D-03, dP=0.28D-01, ThrX=0.10D-01, %Non0=43
 NT4 : Pure 13        :: dE=0.15D-03, dP=0.28D-01, ThrX=0.10D-01, %Non0=43
 NT4 : Pure 14        :: dE=0.77D-04, dP=0.19D-01, ThrX=0.10D-01, %Non0=45
 NT4 : Pure 15        :: dE=0.12D-04, dP=0.19D-01, ThrX=0.10D-01, %Non0=43
 NT4 : Hit dP increase:: Tr{FP}=-.6459607530379092D+03, dNel = 0.00D+00
 NT4                  :: 15 purification steps, 32 matrix multiplies
 NT4                  :: Fractional occupation = 0.60D+00, %Non0s = 43
 NT4 : Max abs errors :: dE=0.79D-02, dP=0.19D-01, [F,P]=0.23D+00
 NT4                  :: Rel dE=0.12D-04, ||dP||_F=0.20D+00, ||[F,P]||_F=0.14D+01
 NT4                  :: OrthoP[8] CheckSum  = 0.1341668612444822D+02
 NT4                  :: P[8] CheckSum  = 0.1153448488841022D+02
 NT4                  :: CPU (Sec,MFLOPS) = (0.17D+01, 165),
                         WALL(Sec,MFLOPS) = (0.12D+03, 2)
 NT4                  :: Allocs=235,  DeAllocs=231, 749060 bytes are presently allocated.
                         A max of 4495092 bytes were allocated.
>-Exiting NT4 08/27/02 @ 05:58:12-<
<<Entering SCFStatus 08/27/02 @ 05:59:00>>
 
= = = = = SCFCycle #7, Basis #1, Geometry #1 = = = = =

       DIISErr = 0.47D-02
       MaxDelD = 0.33D-01
       <T>     = 0.22626643D+04
       <V>     = -.42149418D+04
       <DFT>   = -.32501866D+03
       <SCF>   = -2277.29612594

 SCFStatus            :: CPU (Sec,MFLOPS) = (0.50D-01, 7),
                         WALL(Sec,MFLOPS) = (0.50D-01, 7)
 SCFStatus            :: Allocs=16,  DeAllocs=16, 0 bytes are presently allocated.
                         A max of 2247900 bytes were allocated.
>-Exiting SCFStatus 08/27/02 @ 05:59:00-<
 SCF convergence stalled.
 Convergence statistics for RPBEx/PBEc/STO-6G:
========================================================================
SCF    Ink       Total             Delta       Max         DIIS   
Cycle  Fok       Energy            E_Tot       Delta P     Error  
  0,    F,           0.00000000, 0.0000D+00, 0.0000D+00, 0.0000D+00, 
  1,    F,       -2277.30681399, 0.3512D-02, 0.5970D+00, 0.0000D+00, 
  2,    F,       -2277.30836221, 0.6798D-06, 0.6255D-02, 0.4666D-02, 
  3,    F,       -2277.27128558, 0.1628D-04, 0.1564D-01, 0.4806D-02, 
  4,    F,       -2277.17634365, 0.4169D-04, 0.4159D-01, 0.4711D-02, 
  5,    F,       -2277.29991546, 0.5426D-04, 0.1680D-02, 0.4738D-02, 
  6,    F,       -2277.29531632, 0.2020D-05, 0.8916D-02, 0.4748D-02, 
  7,    F,       -2277.29612594, 0.3555D-06, 0.5811D-04, 0.4747D-02, 
========================================================================
>-Succesfull MondoSCF run 08/27/02 @ 06:00:41-<
