

 __    __                 _       ____________ ______ 
|  \  /  |               | |     /       /    |      |
|   \/   | ___  _ __   __| | ___/   ____/   __|  |==='
|        |/ _ \| '_ \ / _  |/ _ \____  \   (__|  ____|
|  |\/|  | (_) | | | | (_| | (_) )     /\     |  |    
|__|  |__|\___/|_| |_|\____|\___/_____/  \____|__|    

 Version 1.0 alpha 4                                  
 A program suite for O(N) SCF theory and ab initio MD 
 Matt Challacombe, Eric Schwegler, C.J. Tymczak,      
 Chee Kwan Gan, Karoly Nemeth and Anders Niklasson    
 Los Alamos National Laboratory (LA-CC 01-2)          
 Copywrite 2001, University of California.            

 Compiled for AMDLinux.PG, executing on zinc28
 a i686 machine running Linux 2.4.2-2

Water Cluster Scaling                                                                                                           
  
<<Starting MondoSCF 09/01/02 @ 09:03:03>>
 ** Auto-Wraps at default value => (Off) **
 ** Atom-Wrap at default value => (AtomWrap-Off) **
 ** Lattice Vector Format at default value => (Vector Format) **
 ** Coodinate Format at default value => (Atomic Coord) **
========================================================================
 Internal representation of the geometry:
 Geometry originally in Angstroms has been converted to AU.
 Geometry has been reordered using the Hilbert curve.
 Number of electrons = 360
------------------------------------------------------------------------
  *** Periodic is Off *** 
------------------------------------------------------------------------
 1   c    -.48745104D+01   -.13675758D+01   -.43067044D+01
 2   c    -.26616602D+01   -.22128313D+01   -.56743180D+01
 3   c    -.13675758D+01   -.43067044D+01   -.48745104D+01
 4   c    -.22128313D+01   -.56743180D+01   -.26616602D+01
 5   c    -.56743180D+01   -.26616602D+01   -.22128313D+01
 6   c    -.43067044D+01   -.48745104D+01   -.13675758D+01
 7   c    -.43067044D+01   -.48745104D+01   0.13675758D+01
 8   c    -.22128313D+01   -.56743180D+01   0.26616602D+01
 9   c    -.13675758D+01   -.43067044D+01   0.48745104D+01
 10   c    -.48745104D+01   -.13675758D+01   0.43067044D+01
 11   c    -.26616602D+01   -.22128313D+01   0.56743180D+01
 12   c    -.56743180D+01   -.26616602D+01   0.22128313D+01
 13   c    -.65195547D+01   -.12940844D+01   0.00000000D+00
 14   c    -.65195547D+01   0.12940844D+01   0.00000000D+00
 15   c    -.56743180D+01   0.26616602D+01   0.22128313D+01
 16   c    -.48745104D+01   0.13675758D+01   0.43067044D+01
 17   c    -.43067044D+01   0.48745104D+01   0.13675758D+01
 18   c    -.22128313D+01   0.56743180D+01   0.26616602D+01
 19   c    -.13675758D+01   0.43067044D+01   0.48745104D+01
 20   c    -.26616602D+01   0.22128313D+01   0.56743180D+01
 21   c    -.12940844D+01   0.00000000D+00   0.65195547D+01
 22   c    -.22128313D+01   0.56743180D+01   -.26616602D+01
 23   c    -.43067044D+01   0.48745104D+01   -.13675758D+01
 24   c    -.56743180D+01   0.26616602D+01   -.22128313D+01
 25   c    -.48745104D+01   0.13675758D+01   -.43067044D+01
 26   c    -.13675758D+01   0.43067044D+01   -.48745104D+01
 27   c    -.26616602D+01   0.22128313D+01   -.56743180D+01
 28   c    -.12940844D+01   0.00000000D+00   -.65195547D+01
 29   c    0.12940844D+01   0.00000000D+00   -.65195547D+01
 30   c    0.26616602D+01   0.22128313D+01   -.56743180D+01
 31   c    0.13675758D+01   0.43067044D+01   -.48745104D+01
 32   c    0.48745104D+01   0.13675758D+01   -.43067044D+01
 33   c    0.56743180D+01   0.26616602D+01   -.22128313D+01
 34   c    0.43067044D+01   0.48745104D+01   -.13675758D+01
 35   c    0.22128313D+01   0.56743180D+01   -.26616602D+01
 36   c    0.00000000D+00   0.65195547D+01   -.12940844D+01
 37   c    0.12940844D+01   0.00000000D+00   0.65195547D+01
 38   c    0.26616602D+01   0.22128313D+01   0.56743180D+01
 39   c    0.13675758D+01   0.43067044D+01   0.48745104D+01
 40   c    0.22128313D+01   0.56743180D+01   0.26616602D+01
 41   c    0.00000000D+00   0.65195547D+01   0.12940844D+01
 42   c    0.43067044D+01   0.48745104D+01   0.13675758D+01
 43   c    0.48745104D+01   0.13675758D+01   0.43067044D+01
 44   c    0.56743180D+01   0.26616602D+01   0.22128313D+01
 45   c    0.65195547D+01   0.12940844D+01   0.00000000D+00
 46   c    0.65195547D+01   -.12940844D+01   0.00000000D+00
 47   c    0.56743180D+01   -.26616602D+01   0.22128313D+01
 48   c    0.26616602D+01   -.22128313D+01   0.56743180D+01
 49   c    0.48745104D+01   -.13675758D+01   0.43067044D+01
 50   c    0.13675758D+01   -.43067044D+01   0.48745104D+01
 51   c    0.22128313D+01   -.56743180D+01   0.26616602D+01
 52   c    0.00000000D+00   -.65195547D+01   0.12940844D+01
 53   c    0.43067044D+01   -.48745104D+01   0.13675758D+01
 54   c    0.43067044D+01   -.48745104D+01   -.13675758D+01
 55   c    0.56743180D+01   -.26616602D+01   -.22128313D+01
 56   c    0.00000000D+00   -.65195547D+01   -.12940844D+01
 57   c    0.22128313D+01   -.56743180D+01   -.26616602D+01
 58   c    0.13675758D+01   -.43067044D+01   -.48745104D+01
 59   c    0.26616602D+01   -.22128313D+01   -.56743180D+01
 60   c    0.48745104D+01   -.13675758D+01   -.43067044D+01
========================================================================
 ParseGeometry        :: Allocs=14,  DeAllocs=14, 0 bytes are presently allocated.
                         A max of 7968 bytes were allocated.
 Base(1)%BName   = STO-6G
 Opening BasFile = /home/mchalla/MONDOf/BasisSets/STO-6G.bas
 ParseBaseSets        :: Allocs=61,  DeAllocs=60, 480 bytes are presently allocated.
                         A max of 25480 bytes were allocated.
 Current HDF file :: /scratch/mchalla/c60_PMb_5D-3_4129.hdf

 PROGRAM OF CALCULATIONS:

  A restricted Roothaan-Hall solution of the SCF using
  a tight accuracy level, STO-6G and the PBEx/PBEc model.
 

 Accuracy level 3 for the STO-6G basis set:
  TrixNeglect = 0.10D-05, CubeNeglect = 0.10D-06,
  TwoENeglect = 0.10D-09, DistNeglect = 0.10D-11
 MaxAtms = 61, MaxBlks = 3601, MaxNon0 = 90001, BndWdth = 60
<<Entering MakeS 09/01/02 @ 09:03:03>>
 MakeS                :: S CheckSum  = 0.2079758492972368D+02
 MakeS                :: CPU Sec = 0.21D+01, WALL Sec = 0.21D+01
 MakeS                :: Allocs=37,  DeAllocs=36, 24 bytes are presently allocated.
                         A max of 1514328 bytes were allocated.
>-Exiting MakeS 09/01/02 @ 09:03:06-<
<<Entering BlokAInv 09/01/02 @ 09:03:06>>
 BlokAInv             :: CPU (Sec,MFLOPS) = (0.14D+00, 145),
                         WALL(Sec,MFLOPS) = (0.14D+00, 145)
 BlokAInv             :: Max(Z^t.A.Z-I)=0.67D-06, TrixThrsh=0.10D-05
 BlokAInv             :: Z CheckSum  = 0.2334035849474413D+02
 BlokAInv             :: CPU (Sec,MFLOPS) = (0.41D+00, 183),
                         WALL(Sec,MFLOPS) = (0.41D+00, 183)
 BlokAInv             :: Allocs=75,  DeAllocs=41, 2255484 bytes are presently allocated.
                         A max of 3754336 bytes were allocated.
>-Exiting BlokAInv 09/01/02 @ 09:03:06-<
<<Entering MakeT 09/01/02 @ 09:03:06>>
 MakeT                :: T CheckSum  = 0.1263168604614581D+03
 MakeT                :: CPU Sec = 0.22D+01, WALL Sec = 0.22D+01
 MakeT                :: Allocs=33,  DeAllocs=32, 24 bytes are presently allocated.
                         A max of 1508752 bytes were allocated.
>-Exiting MakeT 09/01/02 @ 09:03:08-<
<<Entering P2Use 09/01/02 @ 09:03:09>>
 P2Use                :: P[0] CheckSum  = 0.1279006156321167D+02
 P2Use                :: CPU Sec = 0.40D-01, WALL Sec = 0.40D-01
 P2Use                :: Allocs=53,  DeAllocs=44, 749804 bytes are presently allocated.
                         A max of 3005540 bytes were allocated.
>-Exiting P2Use 09/01/02 @ 09:03:09-<
<<Entering MakeRho 09/01/02 @ 09:03:09>>
 MakeRho : Pruned Rho :: dNel = -.57D-12, kept 100% of distributions.
 MakeRho : Moments    :: <r> = (-.30D-13, -.27D-14, 0.36D-14), <r^2> = 0.32D+03
 MakeRho              :: Rho CheckSum  = 0.3458428081811825D+04
 MakeRho              :: CPU Sec = 0.72D+00, WALL Sec = 0.72D+00
 MakeRho              :: Allocs=64,  DeAllocs=59, 728 bytes are presently allocated.
                         A max of 1108916 bytes were allocated.
>-Exiting MakeRho 09/01/02 @ 09:03:09-<
<<Entering QCTC 09/01/02 @ 09:03:09>>
 QCTC                 :: TauPAC = 0.10D-03
 QCTC                 :: TauMAC = 0.10D-03
 QCTC                 :: J[0] CheckSum  = 0.1848596779249644D+03
 QCTC                 :: CPU Sec = 0.25D+03, WALL Sec = 0.25D+03
 QCTC                 :: Allocs=43553,  DeAllocs=50, 7050224 bytes are presently allocated.
                         A max of 8556744 bytes were allocated.
>-Exiting QCTC 09/01/02 @ 09:07:21-<
<<Entering HiCu 09/01/02 @ 09:07:21>>
 HiCu                 :: TauRel = 0.10D-02
 HiCu                 :: TauRho = 0.10D-03
 HiCu.GridGen         :: Tau = 0.10D-01, <Rho> = 0.18001991D+03, <Exc> = -.32846405D+03, Pts/Atom = 1647
 HiCu.GridGen         :: Tau = 0.10D-02, <Rho> = 0.18000650D+03, <Exc> = -.32916272D+03, Pts/Atom = 2958
 HiCu.GridGen         :: TauRel = 0.10D-02, RhoErr = 0.38D-04, <Exc> = -.32916272D+03
 HiCu.GridGen         :: CPU Sec = 0.37D+02, WALL Sec = 0.37D+02
 HiCu.MakeKxc         :: CPU Sec = 0.11D+03, WALL Sec = 0.11D+03
 HiCu                 :: Kxc[0] CheckSum  = 0.2132654101827012D+02
 HiCu                 :: CPU Sec = 0.14D+03, WALL Sec = 0.14D+03
 HiCu                 :: Allocs=39122,  DeAllocs=15266, 13111928 bytes are presently allocated.
                         A max of 14618352 bytes were allocated.
>-Exiting HiCu 09/01/02 @ 09:09:44-<
<<Entering FockNGrueven 09/01/02 @ 09:09:44>>
 FockNGrueven         :: F[0] CheckSum  = 0.8350071332048552D+02
 FockNGrueven         :: OrthoF[0] CheckSum  = 0.7595036182801228D+02
 FockNGrueven         :: CPU (Sec,MFLOPS) = (0.33D+00, 167),
                         WALL(Sec,MFLOPS) = (0.34D+00, 162)
 FockNGrueven         :: Allocs=37,  DeAllocs=33, 380468 bytes are presently allocated.
                         A max of 2847168 bytes were allocated.
>-Exiting FockNGrueven 09/01/02 @ 09:09:45-<
<<Entering PM 09/01/02 @ 09:09:45>>
 PM                   :: Trix = 0.50D-02
 PM : Pure 1          :: dE=0.10D+01, dP=0.72D-01, ThrX=0.50D-02, %Non0=10
 PM : Pure 2          :: dE=0.57D-01, dP=0.66D-01, ThrX=0.50D-02, %Non0=10
 PM : Pure 3          :: dE=0.33D-01, dP=0.46D-01, ThrX=0.50D-02, %Non0=10
 PM : Pure 4          :: dE=0.11D-01, dP=0.37D-01, ThrX=0.50D-02, %Non0=10
 PM : Pure 5          :: dE=0.65D-02, dP=0.49D-01, ThrX=0.50D-02, %Non0=10
 PM : Pure 6          :: dE=0.88D-02, dP=0.70D-01, ThrX=0.50D-02, %Non0=10
 PM : Pure 7          :: dE=0.12D-01, dP=0.95D-01, ThrX=0.50D-02, %Non0=10
 PM : Pure 8          :: dE=0.14D-01, dP=0.11D+00, ThrX=0.50D-02, %Non0=15
 PM : Pure 9          :: dE=0.12D-01, dP=0.11D+00, ThrX=0.50D-02, %Non0=23
 PM : Pure 10         :: dE=0.79D-02, dP=0.69D-01, ThrX=0.50D-02, %Non0=30
 PM : Pure 11         :: dE=0.37D-02, dP=0.46D-01, ThrX=0.50D-02, %Non0=33
 PM : Pure 12         :: dE=0.18D-02, dP=0.43D-01, ThrX=0.50D-02, %Non0=41
 PM : Pure 13         :: dE=0.11D-02, dP=0.35D-01, ThrX=0.50D-02, %Non0=46
 PM : Pure 14         :: dE=0.51D-03, dP=0.24D-01, ThrX=0.50D-02, %Non0=51
 PM : Pure 15         :: dE=0.23D-03, dP=0.21D-01, ThrX=0.50D-02, %Non0=57
 PM : Pure 16         :: dE=0.13D-03, dP=0.19D-01, ThrX=0.50D-02, %Non0=61
 PM : Pure 17         :: dE=0.67D-04, dP=0.19D-01, ThrX=0.50D-02, %Non0=64
 PM : Pure 18         :: dE=0.17D-04, dP=0.17D-01, ThrX=0.50D-02, %Non0=65
 PM : Pure 19         :: dE=0.16D-05, dP=0.14D-01, ThrX=0.50D-02, %Non0=66
 PM : Pure 20         :: dE=0.15D-05, dP=0.13D-01, ThrX=0.50D-02, %Non0=66
 PM : Hit dE increase :: Tr{FP}=-.6339301906546225D+03, dNel = 0.57D-13
 PM                   :: 20 purification steps, 43 matrix multiplies
 PM                   :: Fractional occupation = 0.60D+00, %Non0s = 66
 PM : Max abs errors  :: dE=0.93D-03, dP=0.13D-01, [F,P]=0.75D-01
 PM                   :: Rel dE=0.15D-05, ||dP||_F=0.67D-01, ||[F,P]||_F=0.98D+00
 PM                   :: OrthoP[1] CheckSum  = 0.1342101799205125D+02
 PM                   :: P[1] CheckSum  = 0.1152083665745682D+02
 PM                   :: CPU (Sec,MFLOPS) = (0.30D+01, 183),
                         WALL(Sec,MFLOPS) = (0.31D+01, 183)
 PM                   :: Allocs=325,  DeAllocs=317, 1498120 bytes are presently allocated.
                         A max of 5244152 bytes were allocated.
>-Exiting PM 09/01/02 @ 09:09:48-<
<<Entering SCFStatus 09/01/02 @ 09:09:48>>
 
= = = = = SCFCycle #0, Basis #1, Geometry #1 = = = = =

       MaxDelD = 0.77D+00
       <T>     = 0.23203716D+04
       <V>     = -.42764707D+04
       <DFT>   = -.32916272D+03
       <SCF>   = -2285.26179507

 SCFStatus            :: CPU (Sec,MFLOPS) = (0.40D-01, 3),
                         WALL(Sec,MFLOPS) = (0.40D-01, 3)
 SCFStatus            :: Allocs=16,  DeAllocs=16, 0 bytes are presently allocated.
                         A max of 2247900 bytes were allocated.
>-Exiting SCFStatus 09/01/02 @ 09:09:48-<
<<Entering MakeRho 09/01/02 @ 09:09:48>>
 MakeRho : Pruned Rho :: dNel = -.65D-05, kept 28% of distributions.
 MakeRho : Moments    :: <r> = (-.25D+00, -.99D-01, 0.27D+00), <r^2> = 0.34D+03
 ... ning Warning  Warning  Warning Wa ...
MakeRho              :: relative error in density = 0.18D-07. Distribution threshold =
 MakeRho              :: Rho CheckSum  = 0.3310003026207698D+04
 MakeRho              :: CPU Sec = 0.23D+02, WALL Sec = 0.23D+02
 MakeRho              :: Allocs=64,  DeAllocs=59, 728 bytes are presently allocated.
                         A max of 33201780 bytes were allocated.
>-Exiting MakeRho 09/01/02 @ 09:10:12-<
<<Entering QCTC 09/01/02 @ 09:10:12>>
 QCTC                 :: TauPAC = 0.10D-03
 QCTC                 :: TauMAC = 0.10D-03
 QCTC                 :: J[1] CheckSum  = 0.1882596322552717D+03
 QCTC                 :: CPU Sec = 0.11D+04, WALL Sec = 0.11D+04
 QCTC                 :: Allocs=546283,  DeAllocs=50, 92010064 bytes are presently allocated.
                         A max of 104391552 bytes were allocated.
>-Exiting QCTC 09/01/02 @ 09:28:47-<
<<Entering HiCu 09/01/02 @ 09:28:47>>
 HiCu                 :: TauRel = 0.10D-02
 HiCu                 :: TauRho = 0.10D-03
 HiCu.GridGen         :: Tau = 0.10D-01, <Rho> = 0.18054178D+03, <Exc> = -.32462921D+03, Pts/Atom = 1694
 HiCu.GridGen         :: Tau = 0.10D-02, <Rho> = 0.18054599D+03, <Exc> = -.32526544D+03, Pts/Atom = 2907
 HiCu.GridGen         :: TauRel = 0.10D-02, RhoErr = 0.30D-02, <Exc> = -.32526544D+03
 HiCu.GridGen         :: CPU Sec = 0.16D+03, WALL Sec = 0.16D+03
 HiCu.MakeKxc         :: CPU Sec = 0.10D+03, WALL Sec = 0.10D+03
 HiCu                 :: Kxc[1] CheckSum  = 0.2126472095149164D+02
 HiCu                 :: CPU Sec = 0.26D+03, WALL Sec = 0.26D+03
 HiCu                 :: Allocs=139146,  DeAllocs=15005, 18380320 bytes are presently allocated.
                         A max of 19886744 bytes were allocated.
>-Exiting HiCu 09/01/02 @ 09:33:07-<
<<Entering FockNGrueven 09/01/02 @ 09:33:07>>
 FockNGrueven         :: F[1] CheckSum  = 0.8922929822677668D+02
 FockNGrueven         :: OrthoF[1] CheckSum  = 0.8957672959299588D+02
 FockNGrueven         :: CPU (Sec,MFLOPS) = (0.34D+00, 162),
                         WALL(Sec,MFLOPS) = (0.34D+00, 162)
 FockNGrueven         :: Allocs=37,  DeAllocs=33, 380468 bytes are presently allocated.
                         A max of 2848000 bytes were allocated.
>-Exiting FockNGrueven 09/01/02 @ 09:33:07-<
<<Entering DIIS 09/01/02 @ 09:33:07>>
 DIIS : Damping       :: Co = 0.80D+00, 0.20D+00
 DIIS                 :: F_DIIS[1] CheckSum  = 0.7671965878756546D+02
 DIIS                 :: CPU (Sec,MFLOPS) = (0.42D+00, 171),
                         WALL(Sec,MFLOPS) = (0.42D+00, 171)
 DIIS                 :: Allocs=34,  DeAllocs=30, 144 bytes are presently allocated.
                         A max of 3026148 bytes were allocated.
>-Exiting DIIS 09/01/02 @ 09:33:08-<
<<Entering PM 09/01/02 @ 09:33:08>>
 PM                   :: Trix = 0.50D-02
 PM : Pure 1          :: dE=0.10D+01, dP=0.72D-01, ThrX=0.50D-02, %Non0=11
 PM : Pure 2          :: dE=0.59D-01, dP=0.82D-01, ThrX=0.50D-02, %Non0=11
 PM : Pure 3          :: dE=0.36D-01, dP=0.11D+00, ThrX=0.50D-02, %Non0=11
 PM : Pure 4          :: dE=0.15D-01, dP=0.13D+00, ThrX=0.50D-02, %Non0=11
 PM : Pure 5          :: dE=0.95D-02, dP=0.12D+00, ThrX=0.50D-02, %Non0=11
 PM : Pure 6          :: dE=0.99D-02, dP=0.97D-01, ThrX=0.50D-02, %Non0=11
 PM : Pure 7          :: dE=0.11D-01, dP=0.96D-01, ThrX=0.50D-02, %Non0=11
 PM : Pure 8          :: dE=0.13D-01, dP=0.11D+00, ThrX=0.50D-02, %Non0=15
 PM : Pure 9          :: dE=0.11D-01, dP=0.11D+00, ThrX=0.50D-02, %Non0=24
 PM : Pure 10         :: dE=0.72D-02, dP=0.74D-01, ThrX=0.50D-02, %Non0=31
 PM : Pure 11         :: dE=0.34D-02, dP=0.48D-01, ThrX=0.50D-02, %Non0=35
 PM : Pure 12         :: dE=0.17D-02, dP=0.50D-01, ThrX=0.50D-02, %Non0=40
 PM : Pure 13         :: dE=0.95D-03, dP=0.42D-01, ThrX=0.50D-02, %Non0=46
 PM : Pure 14         :: dE=0.44D-03, dP=0.49D-01, ThrX=0.50D-02, %Non0=52
 PM : Pure 15         :: dE=0.21D-03, dP=0.52D-01, ThrX=0.50D-02, %Non0=57
 PM : Hit dP increase :: Tr{FP}=-.6473849690882554D+03, dNel = 0.11D-12
 PM                   :: 15 purification steps, 33 matrix multiplies
 PM                   :: Fractional occupation = 0.60D+00, %Non0s = 57
 PM : Max abs errors  :: dE=0.13D+00, dP=0.52D-01, [F,P]=0.11D+00
 PM                   :: Rel dE=0.21D-03, ||dP||_F=0.33D+00, ||[F,P]||_F=0.11D+01
 PM                   :: OrthoP[2] CheckSum  = 0.1327278020471127D+02
 PM                   :: P[2] CheckSum  = 0.1313759919455208D+02
 PM                   :: CPU (Sec,MFLOPS) = (0.18D+01, 175),
                         WALL(Sec,MFLOPS) = (0.18D+01, 175)
 PM                   :: Allocs=254,  DeAllocs=246, 1498120 bytes are presently allocated.
                         A max of 5244152 bytes were allocated.
>-Exiting PM 09/01/02 @ 09:33:10-<
<<Entering SCFStatus 09/01/02 @ 09:33:10>>
 
= = = = = SCFCycle #1, Basis #1, Geometry #1 = = = = =

       DIISErr = 0.88D-01
       MaxDelD = 0.14D+01
       <T>     = 0.22606943D+04
       <V>     = -.42139489D+04
       <DFT>   = -.32526544D+03
       <SCF>   = -2278.51996066

 SCFStatus            :: CPU (Sec,MFLOPS) = (0.60D-01, 9),
                         WALL(Sec,MFLOPS) = (0.60D-01, 9)
 SCFStatus            :: Allocs=16,  DeAllocs=16, 0 bytes are presently allocated.
                         A max of 2247900 bytes were allocated.
>-Exiting SCFStatus 09/01/02 @ 09:33:10-<
 DIISQ =    0.0000000000000000E+000
 DMaxQ =    0.4636434022142678     
 DIISB =    0.0000000000000000E+000
 DIISA =    0.0000000000000000E+000
 DMaxA =    0.7717453236235031     
 DMaxB =     1.438866095447577     
<<Entering MakeRho 09/01/02 @ 09:33:10>>
 MakeRho : Pruned Rho :: dNel = 0.62D-04, kept 28% of distributions.
 MakeRho : Moments    :: <r> = (0.90D+01, 0.23D+01, -.89D+00), <r^2> = 0.34D+03
 ... ning Warning  Warning  Warning Wa ...
MakeRho              :: relative error in density = 0.17D-06. Distribution threshold =
 MakeRho              :: Rho CheckSum  = 0.3326721490411305D+04
 MakeRho              :: CPU Sec = 0.23D+02, WALL Sec = 0.23D+02
 MakeRho              :: Allocs=64,  DeAllocs=59, 728 bytes are presently allocated.
                         A max of 32558380 bytes were allocated.
>-Exiting MakeRho 09/01/02 @ 09:33:33-<
<<Entering QCTC 09/01/02 @ 09:33:33>>
 QCTC                 :: TauPAC = 0.10D-03
 QCTC                 :: TauMAC = 0.10D-03
 QCTC                 :: J[2] CheckSum  = 0.2246130034669604D+03
 QCTC                 :: CPU Sec = 0.11D+04, WALL Sec = 0.11D+04
 QCTC                 :: Allocs=536498,  DeAllocs=50, 90308720 bytes are presently allocated.
                         A max of 102442292 bytes were allocated.
>-Exiting QCTC 09/01/02 @ 09:52:03-<
<<Entering HiCu 09/01/02 @ 09:52:03>>
 HiCu                 :: TauRel = 0.10D-02
 HiCu                 :: TauRho = 0.10D-03
 HiCu.GridGen         :: Tau = 0.10D-01, <Rho> = 0.18048974D+03, <Exc> = -.32582133D+03, Pts/Atom = 1603
 HiCu.GridGen         :: Tau = 0.10D-02, <Rho> = 0.18050708D+03, <Exc> = -.32631362D+03, Pts/Atom = 2923
 HiCu.GridGen         :: TauRel = 0.10D-02, RhoErr = 0.28D-02, <Exc> = -.32631362D+03
 HiCu.GridGen         :: CPU Sec = 0.15D+03, WALL Sec = 0.15D+03
 HiCu.MakeKxc         :: CPU Sec = 0.10D+03, WALL Sec = 0.10D+03
 HiCu                 :: Kxc[2] CheckSum  = 0.2127627486764657D+02
 HiCu                 :: CPU Sec = 0.26D+03, WALL Sec = 0.26D+03
 HiCu                 :: Allocs=137351,  DeAllocs=15086, 18317864 bytes are presently allocated.
                         A max of 19824288 bytes were allocated.
>-Exiting HiCu 09/01/02 @ 09:56:21-<
<<Entering FockNGrueven 09/01/02 @ 09:56:21>>
 FockNGrueven         :: F[2] CheckSum  = 0.1518156264139444D+03
 FockNGrueven         :: OrthoF[2] CheckSum  = 0.2139808044370508D+03
 FockNGrueven         :: CPU (Sec,MFLOPS) = (0.34D+00, 162),
                         WALL(Sec,MFLOPS) = (0.34D+00, 162)
 FockNGrueven         :: Allocs=37,  DeAllocs=33, 380468 bytes are presently allocated.
                         A max of 2859648 bytes were allocated.
>-Exiting FockNGrueven 09/01/02 @ 09:56:21-<
<<Entering DIIS 09/01/02 @ 09:56:21>>
 DIIS                 :: Cond# = 0.83D+07, MIN(E) = 0.15D-02
 DIIS : Pulay C1      :: DIISCo = 0.95D+00, 0.54D-01
 DIIS                 :: F_DIIS[2] CheckSum  = 0.8898388869850194D+02
 DIIS                 :: CPU (Sec,MFLOPS) = (0.42D+00, 150),
                         WALL(Sec,MFLOPS) = (0.42D+00, 150)
 DIIS                 :: Allocs=45,  DeAllocs=40, 216 bytes are presently allocated.
                         A max of 3026148 bytes were allocated.
>-Exiting DIIS 09/01/02 @ 09:56:22-<
<<Entering PM 09/01/02 @ 09:56:22>>
 PM                   :: Trix = 0.50D-02
 PM : Pure 1          :: dE=0.10D+01, dP=0.79D-01, ThrX=0.50D-02, %Non0=7
 PM : Pure 2          :: dE=0.68D-01, dP=0.99D-01, ThrX=0.50D-02, %Non0=7
 PM : Pure 3          :: dE=0.77D-01, dP=0.11D+00, ThrX=0.50D-02, %Non0=7
 PM : Pure 4          :: dE=0.80D-01, dP=0.11D+00, ThrX=0.50D-02, %Non0=7
 PM : Pure 5          :: dE=0.73D-01, dP=0.95D-01, ThrX=0.50D-02, %Non0=7
 PM : Pure 6          :: dE=0.55D-01, dP=0.10D+00, ThrX=0.50D-02, %Non0=7
 PM : Pure 7          :: dE=0.31D-01, dP=0.98D-01, ThrX=0.50D-02, %Non0=7
 PM : Pure 8          :: dE=0.11D-01, dP=0.61D-01, ThrX=0.50D-02, %Non0=7
 PM : Pure 9          :: dE=0.67D-02, dP=0.63D-01, ThrX=0.50D-02, %Non0=8
 PM : Pure 10         :: dE=0.80D-02, dP=0.87D-01, ThrX=0.50D-02, %Non0=9
 PM : Pure 11         :: dE=0.10D-01, dP=0.11D+00, ThrX=0.50D-02, %Non0=9
 PM : Pure 12         :: dE=0.10D-01, dP=0.12D+00, ThrX=0.50D-02, %Non0=16
 PM : Pure 13         :: dE=0.79D-02, dP=0.97D-01, ThrX=0.50D-02, %Non0=21
 PM : Pure 14         :: dE=0.40D-02, dP=0.61D-01, ThrX=0.50D-02, %Non0=29
 PM : Pure 15         :: dE=0.18D-02, dP=0.56D-01, ThrX=0.50D-02, %Non0=31
 PM : Pure 16         :: dE=0.10D-02, dP=0.51D-01, ThrX=0.50D-02, %Non0=35
 PM : Pure 17         :: dE=0.49D-03, dP=0.39D-01, ThrX=0.50D-02, %Non0=42
 PM : Pure 18         :: dE=0.24D-03, dP=0.36D-01, ThrX=0.50D-02, %Non0=48
 PM : Pure 19         :: dE=0.13D-03, dP=0.37D-01, ThrX=0.50D-02, %Non0=52
 PM : Hit dP increase :: Tr{FP}=-.7210851011609002D+03, dNel = 0.00D+00
 PM                   :: 19 purification steps, 41 matrix multiplies
 PM                   :: Fractional occupation = 0.60D+00, %Non0s = 52
 PM : Max abs errors  :: dE=0.92D-01, dP=0.37D-01, [F,P]=0.49D+00
 PM                   :: Rel dE=0.13D-03, ||dP||_F=0.31D+00, ||[F,P]||_F=0.27D+01
 PM                   :: OrthoP[3] CheckSum  = 0.1327942386083147D+02
 PM                   :: P[3] CheckSum  = 0.1405040145694912D+02
 PM                   :: CPU (Sec,MFLOPS) = (0.17D+01, 169),
                         WALL(Sec,MFLOPS) = (0.17D+01, 169)
 PM                   :: Allocs=314,  DeAllocs=306, 1498120 bytes are presently allocated.
                         A max of 5244152 bytes were allocated.
>-Exiting PM 09/01/02 @ 09:56:24-<
<<Entering SCFStatus 09/01/02 @ 09:56:24>>
 
= = = = = SCFCycle #2, Basis #1, Geometry #1 = = = = =

       DIISErr = 0.37D+00
       MaxDelD = 0.11D+01
       <T>     = 0.22784725D+04
       <V>     = -.42219368D+04
       <DFT>   = -.32631362D+03
       <SCF>   = -2269.77786144

 SCFStatus            :: CPU (Sec,MFLOPS) = (0.60D-01, 8),
                         WALL(Sec,MFLOPS) = (0.60D-01, 8)
 SCFStatus            :: Allocs=16,  DeAllocs=16, 0 bytes are presently allocated.
                         A max of 2247900 bytes were allocated.
>-Exiting SCFStatus 09/01/02 @ 09:56:24-<
 DIISQ =    0.7653701480400023     
 DMaxQ =    0.2847880641892269     
 DIISB =    0.3742673476082348     
 DIISA =    8.7814292362781146E-002
 DMaxA =     1.438866095447577     
 DMaxB =     1.119924861969808     
<<Entering MakeRho 09/01/02 @ 09:56:24>>
 MakeRho : Pruned Rho :: dNel = 0.12D-03, kept 28% of distributions.
 MakeRho : Moments    :: <r> = (0.58D-01, 0.61D+01, 0.24D+00), <r^2> = 0.32D+03
 ... ning Warning  Warning  Warning Wa ...
MakeRho              :: relative error in density = 0.34D-06. Distribution threshold =
 MakeRho              :: Rho CheckSum  = 0.3346574530961150D+04
 MakeRho              :: CPU Sec = 0.22D+02, WALL Sec = 0.22D+02
 MakeRho              :: Allocs=64,  DeAllocs=59, 728 bytes are presently allocated.
                         A max of 31362916 bytes were allocated.
>-Exiting MakeRho 09/01/02 @ 09:56:46-<
<<Entering QCTC 09/01/02 @ 09:56:46>>
 QCTC                 :: TauPAC = 0.10D-03
 QCTC                 :: TauMAC = 0.10D-03
 QCTC                 :: J[3] CheckSum  = 0.3134980452473842D+03
 QCTC                 :: CPU Sec = 0.11D+04, WALL Sec = 0.11D+04
 QCTC                 :: Allocs=523553,  DeAllocs=50, 88109936 bytes are presently allocated.
                         A max of 99941528 bytes were allocated.
>-Exiting QCTC 09/01/02 @ 10:15:05-<
<<Entering HiCu 09/01/02 @ 10:15:05>>
 HiCu                 :: TauRel = 0.10D-02
 HiCu                 :: TauRho = 0.10D-03
 HiCu.GridGen         :: Tau = 0.10D-01, <Rho> = 0.18045564D+03, <Exc> = -.32679994D+03, Pts/Atom = 1596
 HiCu.GridGen         :: Tau = 0.10D-02, <Rho> = 0.18045188D+03, <Exc> = -.32729529D+03, Pts/Atom = 2943
 HiCu.GridGen         :: TauRel = 0.10D-02, RhoErr = 0.25D-02, <Exc> = -.32729529D+03
 HiCu.GridGen         :: CPU Sec = 0.16D+03, WALL Sec = 0.16D+03
 HiCu.MakeKxc         :: CPU Sec = 0.10D+03, WALL Sec = 0.10D+03
 HiCu                 :: Kxc[3] CheckSum  = 0.2129111925556775D+02
 HiCu                 :: CPU Sec = 0.26D+03, WALL Sec = 0.26D+03
 HiCu                 :: Allocs=134966,  DeAllocs=15188, 18256904 bytes are presently allocated.
                         A max of 19763328 bytes were allocated.
>-Exiting HiCu 09/01/02 @ 10:19:25-<
<<Entering FockNGrueven 09/01/02 @ 10:19:26>>
 FockNGrueven         :: F[3] CheckSum  = 0.2664009425963804D+03
 FockNGrueven         :: OrthoF[3] CheckSum  = 0.3928994754156564D+03
 FockNGrueven         :: CPU (Sec,MFLOPS) = (0.34D+00, 162),
                         WALL(Sec,MFLOPS) = (0.34D+00, 162)
 FockNGrueven         :: Allocs=37,  DeAllocs=33, 380468 bytes are presently allocated.
                         A max of 2853824 bytes were allocated.
>-Exiting FockNGrueven 09/01/02 @ 10:19:26-<
<<Entering DIIS 09/01/02 @ 10:19:26>>
 DIIS                 :: Cond# = 0.22D+08, MIN(E) = 0.16D-02
 DIIS : Pulay C1      :: DIISCo = 0.93D+00, 0.52D-01, 0.18D-01
 DIIS                 :: F_DIIS[3] CheckSum  = 0.8943999607775001D+02
 DIIS                 :: CPU (Sec,MFLOPS) = (0.45D+00, 130),
                         WALL(Sec,MFLOPS) = (0.45D+00, 130)
 DIIS                 :: Allocs=49,  DeAllocs=44, 272 bytes are presently allocated.
                         A max of 3026148 bytes were allocated.
>-Exiting DIIS 09/01/02 @ 10:19:26-<
<<Entering PM 09/01/02 @ 10:19:27>>
 PM                   :: Trix = 0.50D-02
 PM : Pure 1          :: dE=0.10D+01, dP=0.78D-01, ThrX=0.50D-02, %Non0=8
 PM : Pure 2          :: dE=0.69D-01, dP=0.98D-01, ThrX=0.50D-02, %Non0=8
 PM : Pure 3          :: dE=0.79D-01, dP=0.11D+00, ThrX=0.50D-02, %Non0=8
 PM : Pure 4          :: dE=0.81D-01, dP=0.11D+00, ThrX=0.50D-02, %Non0=8
 PM : Pure 5          :: dE=0.73D-01, dP=0.10D+00, ThrX=0.50D-02, %Non0=8
 PM : Pure 6          :: dE=0.55D-01, dP=0.93D-01, ThrX=0.50D-02, %Non0=8
 PM : Pure 7          :: dE=0.30D-01, dP=0.74D-01, ThrX=0.50D-02, %Non0=8
 PM : Pure 8          :: dE=0.11D-01, dP=0.62D-01, ThrX=0.50D-02, %Non0=8
 PM : Pure 9          :: dE=0.69D-02, dP=0.80D-01, ThrX=0.50D-02, %Non0=8
 PM : Pure 10         :: dE=0.84D-02, dP=0.88D-01, ThrX=0.50D-02, %Non0=10
 PM : Pure 11         :: dE=0.10D-01, dP=0.11D+00, ThrX=0.50D-02, %Non0=11
 PM : Pure 12         :: dE=0.10D-01, dP=0.12D+00, ThrX=0.50D-02, %Non0=19
 PM : Pure 13         :: dE=0.75D-02, dP=0.94D-01, ThrX=0.50D-02, %Non0=24
 PM : Pure 14         :: dE=0.39D-02, dP=0.58D-01, ThrX=0.50D-02, %Non0=32
 PM : Pure 15         :: dE=0.18D-02, dP=0.56D-01, ThrX=0.50D-02, %Non0=36
 PM : Pure 16         :: dE=0.10D-02, dP=0.50D-01, ThrX=0.50D-02, %Non0=41
 PM : Pure 17         :: dE=0.50D-03, dP=0.36D-01, ThrX=0.50D-02, %Non0=49
 PM : Pure 18         :: dE=0.24D-03, dP=0.35D-01, ThrX=0.50D-02, %Non0=54
 PM : Pure 19         :: dE=0.13D-03, dP=0.35D-01, ThrX=0.50D-02, %Non0=59
 PM : Hit dP increase :: Tr{FP}=-.7265084986990042D+03, dNel = 0.00D+00
 PM                   :: 19 purification steps, 41 matrix multiplies
 PM                   :: Fractional occupation = 0.60D+00, %Non0s = 59
 PM : Max abs errors  :: dE=0.93D-01, dP=0.35D-01, [F,P]=0.47D+00
 PM                   :: Rel dE=0.13D-03, ||dP||_F=0.33D+00, ||[F,P]||_F=0.31D+01
 PM                   :: OrthoP[4] CheckSum  = 0.1328258748545379D+02
 PM                   :: P[4] CheckSum  = 0.1439780449472342D+02
 PM                   :: CPU (Sec,MFLOPS) = (0.19D+01, 176),
                         WALL(Sec,MFLOPS) = (0.20D+01, 172)
 PM                   :: Allocs=318,  DeAllocs=310, 1498120 bytes are presently allocated.
                         A max of 5244152 bytes were allocated.
>-Exiting PM 09/01/02 @ 10:19:28-<
<<Entering SCFStatus 09/01/02 @ 10:19:29>>
 
= = = = = SCFCycle #3, Basis #1, Geometry #1 = = = = =

       DIISErr = 0.62D+00
       MaxDelD = 0.94D+00
       <T>     = 0.22927589D+04
       <V>     = -.45237920D+04
       <DFT>   = -.32729529D+03
       <SCF>   = -2558.32837046

 SCFStatus            :: CPU (Sec,MFLOPS) = (0.60D-01, 8),
                         WALL(Sec,MFLOPS) = (0.60D-01, 8)
 SCFStatus            :: Allocs=16,  DeAllocs=16, 0 bytes are presently allocated.
                         A max of 2247900 bytes were allocated.
>-Exiting SCFStatus 09/01/02 @ 10:19:29-<
 DIISQ =    0.3952764389070245     
 DMaxQ =    0.1956639162101669     
 DIISB =    0.6189065081767033     
 DIISA =    0.3742673476082348     
 DMaxA =     1.119924861969808     
 DMaxB =    0.9366552312790164     
<<Entering MakeRho 09/01/02 @ 10:19:29>>
 MakeRho : Pruned Rho :: dNel = 0.69D-04, kept 26% of distributions.
 MakeRho : Moments    :: <r> = (-.20D+00, 0.35D+01, 0.29D+01), <r^2> = 0.32D+03
 ... ning Warning  Warning  Warning Wa ...
MakeRho              :: relative error in density = 0.19D-06. Distribution threshold =
 MakeRho              :: Rho CheckSum  = 0.3348983962062665D+04
 MakeRho              :: CPU Sec = 0.24D+02, WALL Sec = 0.24D+02
 MakeRho              :: Allocs=64,  DeAllocs=59, 728 bytes are presently allocated.
                         A max of 33825492 bytes were allocated.
>-Exiting MakeRho 09/01/02 @ 10:19:53-<
<<Entering QCTC 09/01/02 @ 10:19:53>>
 QCTC                 :: TauPAC = 0.10D-03
 QCTC                 :: TauMAC = 0.10D-03
 QCTC                 :: J[4] CheckSum  = 0.3912617418047792D+04
 QCTC                 :: CPU Sec = 0.11D+04, WALL Sec = 0.11D+04
 QCTC                 :: Allocs=537163,  DeAllocs=50, 90467728 bytes are presently allocated.
                         A max of 102639840 bytes were allocated.
>-Exiting QCTC 09/01/02 @ 10:38:19-<
<<Entering HiCu 09/01/02 @ 10:38:20>>
 HiCu                 :: TauRel = 0.10D-02
 HiCu                 :: TauRho = 0.10D-03
 HiCu.GridGen         :: Tau = 0.10D-01, <Rho> = 0.18047970D+03, <Exc> = -.32707742D+03, Pts/Atom = 1604
 HiCu.GridGen         :: Tau = 0.10D-02, <Rho> = 0.18046104D+03, <Exc> = -.32750127D+03, Pts/Atom = 2948
 HiCu.GridGen         :: TauRel = 0.10D-02, RhoErr = 0.26D-02, <Exc> = -.32750127D+03
 HiCu.GridGen         :: CPU Sec = 0.16D+03, WALL Sec = 0.16D+03
 HiCu.MakeKxc         :: CPU Sec = 0.10D+03, WALL Sec = 0.10D+03
 HiCu                 :: Kxc[4] CheckSum  = 0.2129333715540826D+02
 HiCu                 :: CPU Sec = 0.26D+03, WALL Sec = 0.26D+03
 HiCu                 :: Allocs=137736,  DeAllocs=15212, 18454264 bytes are presently allocated.
                         A max of 19960688 bytes were allocated.
>-Exiting HiCu 09/01/02 @ 10:42:39-<
<<Entering FockNGrueven 09/01/02 @ 10:42:40>>
 FockNGrueven         :: F[4] CheckSum  = 0.3909128120314386D+04
 FockNGrueven         :: OrthoF[4] CheckSum  = 0.6674594624200100D+04
 FockNGrueven         :: CPU (Sec,MFLOPS) = (0.34D+00, 162),
                         WALL(Sec,MFLOPS) = (0.34D+00, 162)
 FockNGrueven         :: Allocs=37,  DeAllocs=33, 380468 bytes are presently allocated.
                         A max of 2854240 bytes were allocated.
>-Exiting FockNGrueven 09/01/02 @ 10:42:40-<
<<Entering DIIS 09/01/02 @ 10:42:40>>
 DIIS                 :: Cond# = 0.14D+11, MIN(E) = 0.16D-02
 DIIS : Pulay C1      :: DIISCo = 0.93D+00, 0.52D-01, 0.18D-01, -.16D-04
 DIIS                 :: F_DIIS[4] CheckSum  = 0.8943923346336551D+02
 DIIS                 :: CPU (Sec,MFLOPS) = (0.57D+00, 118),
                         WALL(Sec,MFLOPS) = (0.57D+00, 118)
 DIIS                 :: Allocs=54,  DeAllocs=49, 344 bytes are presently allocated.
                         A max of 3026148 bytes were allocated.
>-Exiting DIIS 09/01/02 @ 10:42:41-<
<<Entering PM 09/01/02 @ 10:42:41>>
 PM                   :: Trix = 0.50D-02
 PM : Pure 1          :: dE=0.10D+01, dP=0.78D-01, ThrX=0.50D-02, %Non0=8
 PM : Pure 2          :: dE=0.69D-01, dP=0.98D-01, ThrX=0.50D-02, %Non0=8
 PM : Pure 3          :: dE=0.79D-01, dP=0.11D+00, ThrX=0.50D-02, %Non0=8
 PM : Pure 4          :: dE=0.81D-01, dP=0.11D+00, ThrX=0.50D-02, %Non0=8
 PM : Pure 5          :: dE=0.73D-01, dP=0.10D+00, ThrX=0.50D-02, %Non0=8
 PM : Pure 6          :: dE=0.55D-01, dP=0.93D-01, ThrX=0.50D-02, %Non0=8
 PM : Pure 7          :: dE=0.30D-01, dP=0.74D-01, ThrX=0.50D-02, %Non0=8
 PM : Pure 8          :: dE=0.11D-01, dP=0.62D-01, ThrX=0.50D-02, %Non0=8
 PM : Pure 9          :: dE=0.69D-02, dP=0.80D-01, ThrX=0.50D-02, %Non0=8
 PM : Pure 10         :: dE=0.84D-02, dP=0.88D-01, ThrX=0.50D-02, %Non0=10
 PM : Pure 11         :: dE=0.10D-01, dP=0.11D+00, ThrX=0.50D-02, %Non0=11
 PM : Pure 12         :: dE=0.10D-01, dP=0.12D+00, ThrX=0.50D-02, %Non0=19
 PM : Pure 13         :: dE=0.75D-02, dP=0.94D-01, ThrX=0.50D-02, %Non0=24
 PM : Pure 14         :: dE=0.39D-02, dP=0.58D-01, ThrX=0.50D-02, %Non0=32
 PM : Pure 15         :: dE=0.18D-02, dP=0.56D-01, ThrX=0.50D-02, %Non0=36
 PM : Pure 16         :: dE=0.10D-02, dP=0.50D-01, ThrX=0.50D-02, %Non0=41
 PM : Pure 17         :: dE=0.50D-03, dP=0.36D-01, ThrX=0.50D-02, %Non0=49
 PM : Pure 18         :: dE=0.24D-03, dP=0.35D-01, ThrX=0.50D-02, %Non0=54
 PM : Pure 19         :: dE=0.12D-03, dP=0.35D-01, ThrX=0.50D-02, %Non0=60
 PM : Hit dP increase :: Tr{FP}=-.7265046327677933D+03, dNel = 0.57D-13
 PM                   :: 19 purification steps, 41 matrix multiplies
 PM                   :: Fractional occupation = 0.60D+00, %Non0s = 60
 PM : Max abs errors  :: dE=0.90D-01, dP=0.35D-01, [F,P]=0.47D+00
 PM                   :: Rel dE=0.12D-03, ||dP||_F=0.33D+00, ||[F,P]||_F=0.30D+01
 PM                   :: OrthoP[5] CheckSum  = 0.1328261648107764D+02
 PM                   :: P[5] CheckSum  = 0.1439709303750233D+02
 PM                   :: CPU (Sec,MFLOPS) = (0.19D+01, 175),
                         WALL(Sec,MFLOPS) = (0.20D+01, 172)
 PM                   :: Allocs=318,  DeAllocs=310, 1498120 bytes are presently allocated.
                         A max of 5244152 bytes were allocated.
>-Exiting PM 09/01/02 @ 10:42:43-<
<<Entering SCFStatus 09/01/02 @ 10:42:43>>
 
= = = = = SCFCycle #4, Basis #1, Geometry #1 = = = = =

       DIISErr = 0.15D+02
       MaxDelD = 0.30D-01
       <T>     = 0.22970694D+04
       <V>     = -.48767413D+04
       <DFT>   = -.32750127D+03
       <SCF>   = -2907.17316777

 SCFStatus            :: CPU (Sec,MFLOPS) = (0.60D-01, 9),
                         WALL(Sec,MFLOPS) = (0.60D-01, 9)
 SCFStatus            :: Allocs=16,  DeAllocs=16, 0 bytes are presently allocated.
                         A max of 2247900 bytes were allocated.
>-Exiting SCFStatus 09/01/02 @ 10:42:43-<
 DIISQ =    0.9598311029133566     
 DMaxQ =     30.43443903669416     
 DIISB =     15.40760521359934     
 DIISA =    0.6189065081767033     
 DMaxA =    0.9366552312790164     
 DMaxB =    2.9797103431228301E-002
<<Entering MakeRho 09/01/02 @ 10:42:43>>
 MakeRho : Pruned Rho :: dNel = 0.71D-04, kept 26% of distributions.
 MakeRho : Moments    :: <r> = (-.21D+00, 0.35D+01, 0.28D+01), <r^2> = 0.32D+03
 ... ning Warning  Warning  Warning Wa ...
MakeRho              :: relative error in density = 0.20D-06. Distribution threshold =
 MakeRho              :: Rho CheckSum  = 0.3348974188145519D+04
 MakeRho              :: CPU Sec = 0.24D+02, WALL Sec = 0.24D+02
 MakeRho              :: Allocs=64,  DeAllocs=59, 728 bytes are presently allocated.
                         A max of 33821340 bytes were allocated.
>-Exiting MakeRho 09/01/02 @ 10:43:07-<
<<Entering QCTC 09/01/02 @ 10:43:07>>
 QCTC                 :: TauPAC = 0.10D-03
 QCTC                 :: TauMAC = 0.10D-03
 QCTC                 :: J[5] CheckSum  = 0.3911217771563830D+04
 QCTC                 :: CPU Sec = 0.11D+04, WALL Sec = 0.11D+04
 QCTC                 :: Allocs=537488,  DeAllocs=50, 90522416 bytes are presently allocated.
                         A max of 102701852 bytes were allocated.
>-Exiting QCTC 09/01/02 @ 11:01:36-<
<<Entering HiCu 09/01/02 @ 11:01:36>>
 HiCu                 :: TauRel = 0.10D-02
 HiCu                 :: TauRho = 0.10D-03
 HiCu.GridGen         :: Tau = 0.10D-01, <Rho> = 0.18047986D+03, <Exc> = -.32708024D+03, Pts/Atom = 1603
 HiCu.GridGen         :: Tau = 0.10D-02, <Rho> = 0.18046072D+03, <Exc> = -.32750001D+03, Pts/Atom = 2947
 HiCu.GridGen         :: TauRel = 0.10D-02, RhoErr = 0.26D-02, <Exc> = -.32750001D+03
 HiCu.GridGen         :: CPU Sec = 0.15D+03, WALL Sec = 0.15D+03
 HiCu.MakeKxc         :: CPU Sec = 0.10D+03, WALL Sec = 0.10D+03
 HiCu                 :: Kxc[5] CheckSum  = 0.2129329467725037D+02
 HiCu                 :: CPU Sec = 0.26D+03, WALL Sec = 0.26D+03
 HiCu                 :: Allocs=137795,  DeAllocs=15209, 18455144 bytes are presently allocated.
                         A max of 19961568 bytes were allocated.
>-Exiting HiCu 09/01/02 @ 11:05:56-<
<<Entering FockNGrueven 09/01/02 @ 11:05:56>>
 FockNGrueven         :: F[5] CheckSum  = 0.3907727218742593D+04
 FockNGrueven         :: OrthoF[5] CheckSum  = 0.6671953503924010D+04
 FockNGrueven         :: CPU (Sec,MFLOPS) = (0.34D+00, 162),
                         WALL(Sec,MFLOPS) = (0.34D+00, 162)
 FockNGrueven         :: Allocs=37,  DeAllocs=33, 380468 bytes are presently allocated.
                         A max of 2854240 bytes were allocated.
>-Exiting FockNGrueven 09/01/02 @ 11:05:56-<
<<Entering DIIS 09/01/02 @ 11:05:56>>
 DIIS                 :: Cond# = 0.27D+11, MIN(E) = 0.16D-02
 DIIS : Pulay C1      :: DIISCo = 0.93D+00, 0.52D-01, 0.18D-01,
                                  0.52D-02, -.53D-02
 DIIS                 :: F_DIIS[5] CheckSum  = 0.8945131947288785D+02
 DIIS                 :: CPU (Sec,MFLOPS) = (0.65D+00, 105),
                         WALL(Sec,MFLOPS) = (0.66D+00, 103)
 DIIS                 :: Allocs=60,  DeAllocs=55, 432 bytes are presently allocated.
                         A max of 3026148 bytes were allocated.
>-Exiting DIIS 09/01/02 @ 11:05:57-<
<<Entering PM 09/01/02 @ 11:05:57>>
 PM                   :: Trix = 0.50D-02
 PM : Pure 1          :: dE=0.10D+01, dP=0.78D-01, ThrX=0.50D-02, %Non0=8
 PM : Pure 2          :: dE=0.69D-01, dP=0.98D-01, ThrX=0.50D-02, %Non0=8
 PM : Pure 3          :: dE=0.79D-01, dP=0.11D+00, ThrX=0.50D-02, %Non0=8
 PM : Pure 4          :: dE=0.81D-01, dP=0.11D+00, ThrX=0.50D-02, %Non0=8
 PM : Pure 5          :: dE=0.73D-01, dP=0.10D+00, ThrX=0.50D-02, %Non0=8
 PM : Pure 6          :: dE=0.55D-01, dP=0.92D-01, ThrX=0.50D-02, %Non0=8
 PM : Pure 7          :: dE=0.30D-01, dP=0.74D-01, ThrX=0.50D-02, %Non0=8
 PM : Pure 8          :: dE=0.11D-01, dP=0.62D-01, ThrX=0.50D-02, %Non0=8
 PM : Pure 9          :: dE=0.69D-02, dP=0.80D-01, ThrX=0.50D-02, %Non0=8
 PM : Pure 10         :: dE=0.84D-02, dP=0.88D-01, ThrX=0.50D-02, %Non0=10
 PM : Pure 11         :: dE=0.10D-01, dP=0.11D+00, ThrX=0.50D-02, %Non0=11
 PM : Pure 12         :: dE=0.10D-01, dP=0.12D+00, ThrX=0.50D-02, %Non0=19
 PM : Pure 13         :: dE=0.75D-02, dP=0.94D-01, ThrX=0.50D-02, %Non0=24
 PM : Pure 14         :: dE=0.39D-02, dP=0.58D-01, ThrX=0.50D-02, %Non0=32
 PM : Pure 15         :: dE=0.18D-02, dP=0.56D-01, ThrX=0.50D-02, %Non0=36
 PM : Pure 16         :: dE=0.10D-02, dP=0.50D-01, ThrX=0.50D-02, %Non0=41
 PM : Pure 17         :: dE=0.50D-03, dP=0.36D-01, ThrX=0.50D-02, %Non0=49
 PM : Pure 18         :: dE=0.24D-03, dP=0.35D-01, ThrX=0.50D-02, %Non0=54
 PM : Pure 19         :: dE=0.13D-03, dP=0.35D-01, ThrX=0.50D-02, %Non0=59
 PM : Hit dP increase :: Tr{FP}=-.7265681587007648D+03, dNel = 0.57D-13
 PM                   :: 19 purification steps, 41 matrix multiplies
 PM                   :: Fractional occupation = 0.60D+00, %Non0s = 59
 PM : Max abs errors  :: dE=0.91D-01, dP=0.35D-01, [F,P]=0.47D+00
 PM                   :: Rel dE=0.13D-03, ||dP||_F=0.33D+00, ||[F,P]||_F=0.30D+01
 PM                   :: OrthoP[6] CheckSum  = 0.1328249365647183D+02
 PM                   :: P[6] CheckSum  = 0.1439845676945949D+02
 PM                   :: CPU (Sec,MFLOPS) = (0.19D+01, 175),
                         WALL(Sec,MFLOPS) = (0.19D+01, 174)
 PM                   :: Allocs=318,  DeAllocs=310, 1498120 bytes are presently allocated.
                         A max of 5244152 bytes were allocated.
>-Exiting PM 09/01/02 @ 11:05:59-<
<<Entering SCFStatus 09/01/02 @ 11:05:59>>
 
= = = = = SCFCycle #5, Basis #1, Geometry #1 = = = = =

       DIISErr = 0.15D+02
       MaxDelD = 0.24D-01
       <T>     = 0.22970611D+04
       <V>     = -.48686747D+04
       <DFT>   = -.32750001D+03
       <SCF>   = -2899.11368211

 SCFStatus            :: CPU (Sec,MFLOPS) = (0.60D-01, 9),
                         WALL(Sec,MFLOPS) = (0.60D-01, 9)
 SCFStatus            :: Allocs=16,  DeAllocs=16, 0 bytes are presently allocated.
                         A max of 2247900 bytes were allocated.
>-Exiting SCFStatus 09/01/02 @ 11:05:59-<
 DIISQ =    4.1383245858788609E-004
 DMaxQ =    0.2517306929700013     
 DIISB =     15.40123168402626     
 DIISA =     15.40760521359934     
 DMaxA =    2.9797103431228301E-002
 DMaxB =    2.3804723810461370E-002
<<Entering MakeRho 09/01/02 @ 11:05:59>>
 MakeRho : Pruned Rho :: dNel = 0.65D-04, kept 26% of distributions.
 MakeRho : Moments    :: <r> = (-.19D+00, 0.35D+01, 0.28D+01), <r^2> = 0.32D+03
 ... ning Warning  Warning  Warning Wa ...
MakeRho              :: relative error in density = 0.18D-06. Distribution threshold =
 MakeRho              :: Rho CheckSum  = 0.3349008588439156D+04
 MakeRho              :: CPU Sec = 0.24D+02, WALL Sec = 0.24D+02
 MakeRho              :: Allocs=64,  DeAllocs=59, 728 bytes are presently allocated.
                         A max of 33830036 bytes were allocated.
>-Exiting MakeRho 09/01/02 @ 11:06:23-<
<<Entering QCTC 09/01/02 @ 11:06:23>>
 QCTC                 :: TauPAC = 0.10D-03
 QCTC                 :: TauMAC = 0.10D-03
 QCTC                 :: J[6] CheckSum  = 0.3917959494287100D+04
 QCTC                 :: CPU Sec = 0.11D+04, WALL Sec = 0.11D+04
 QCTC                 :: Allocs=537453,  DeAllocs=50, 90516720 bytes are presently allocated.
                         A max of 102695464 bytes were allocated.
>-Exiting QCTC 09/01/02 @ 11:24:50-<
<<Entering HiCu 09/01/02 @ 11:24:50>>
 HiCu                 :: TauRel = 0.10D-02
 HiCu                 :: TauRho = 0.10D-03
 HiCu.GridGen         :: Tau = 0.10D-01, <Rho> = 0.18047965D+03, <Exc> = -.32707629D+03, Pts/Atom = 1603
 HiCu.GridGen         :: Tau = 0.10D-02, <Rho> = 0.18046105D+03, <Exc> = -.32750236D+03, Pts/Atom = 2947
 HiCu.GridGen         :: TauRel = 0.10D-02, RhoErr = 0.26D-02, <Exc> = -.32750236D+03
 HiCu.GridGen         :: CPU Sec = 0.15D+03, WALL Sec = 0.15D+03
 HiCu.MakeKxc         :: CPU Sec = 0.10D+03, WALL Sec = 0.10D+03
 HiCu                 :: Kxc[6] CheckSum  = 0.2129336529121255D+02
 HiCu                 :: CPU Sec = 0.26D+03, WALL Sec = 0.26D+03
 HiCu                 :: Allocs=137788,  DeAllocs=15209, 18454896 bytes are presently allocated.
                         A max of 19961320 bytes were allocated.
>-Exiting HiCu 09/01/02 @ 11:29:10-<
<<Entering FockNGrueven 09/01/02 @ 11:29:10>>
 FockNGrueven         :: F[6] CheckSum  = 0.3914474973837985D+04
 FockNGrueven         :: OrthoF[6] CheckSum  = 0.6685791003070686D+04
 FockNGrueven         :: CPU (Sec,MFLOPS) = (0.34D+00, 162),
                         WALL(Sec,MFLOPS) = (0.34D+00, 162)
 FockNGrueven         :: Allocs=37,  DeAllocs=33, 380468 bytes are presently allocated.
                         A max of 2854240 bytes were allocated.
>-Exiting FockNGrueven 09/01/02 @ 11:29:10-<
<<Entering DIIS 09/01/02 @ 11:29:10>>
 DIIS                 :: Cond# = 0.41D+11, MIN(E) = 0.16D-02
 DIIS : Pulay C1      :: DIISCo = 0.93D+00, 0.52D-01, 0.18D-01,
                                  0.54D-02, -.39D-02, -.15D-02
 DIIS                 :: F_DIIS[6] CheckSum  = 0.8945088636161364D+02
 DIIS                 :: CPU (Sec,MFLOPS) = (0.76D+00, 91),
                         WALL(Sec,MFLOPS) = (0.76D+00, 91)
 DIIS                 :: Allocs=67,  DeAllocs=62, 536 bytes are presently allocated.
                         A max of 3026148 bytes were allocated.
>-Exiting DIIS 09/01/02 @ 11:29:11-<
<<Entering PM 09/01/02 @ 11:29:11>>
 PM                   :: Trix = 0.50D-02
 PM : Pure 1          :: dE=0.10D+01, dP=0.78D-01, ThrX=0.50D-02, %Non0=8
 PM : Pure 2          :: dE=0.69D-01, dP=0.98D-01, ThrX=0.50D-02, %Non0=8
 PM : Pure 3          :: dE=0.79D-01, dP=0.11D+00, ThrX=0.50D-02, %Non0=8
 PM : Pure 4          :: dE=0.81D-01, dP=0.11D+00, ThrX=0.50D-02, %Non0=8
 PM : Pure 5          :: dE=0.73D-01, dP=0.10D+00, ThrX=0.50D-02, %Non0=8
 PM : Pure 6          :: dE=0.55D-01, dP=0.92D-01, ThrX=0.50D-02, %Non0=8
 PM : Pure 7          :: dE=0.30D-01, dP=0.74D-01, ThrX=0.50D-02, %Non0=8
 PM : Pure 8          :: dE=0.11D-01, dP=0.62D-01, ThrX=0.50D-02, %Non0=8
 PM : Pure 9          :: dE=0.69D-02, dP=0.80D-01, ThrX=0.50D-02, %Non0=8
 PM : Pure 10         :: dE=0.84D-02, dP=0.88D-01, ThrX=0.50D-02, %Non0=10
 PM : Pure 11         :: dE=0.10D-01, dP=0.11D+00, ThrX=0.50D-02, %Non0=11
 PM : Pure 12         :: dE=0.10D-01, dP=0.12D+00, ThrX=0.50D-02, %Non0=19
 PM : Pure 13         :: dE=0.75D-02, dP=0.94D-01, ThrX=0.50D-02, %Non0=24
 PM : Pure 14         :: dE=0.39D-02, dP=0.58D-01, ThrX=0.50D-02, %Non0=32
 PM : Pure 15         :: dE=0.18D-02, dP=0.56D-01, ThrX=0.50D-02, %Non0=36
 PM : Pure 16         :: dE=0.10D-02, dP=0.50D-01, ThrX=0.50D-02, %Non0=41
 PM : Pure 17         :: dE=0.50D-03, dP=0.36D-01, ThrX=0.50D-02, %Non0=49
 PM : Pure 18         :: dE=0.24D-03, dP=0.35D-01, ThrX=0.50D-02, %Non0=54
 PM : Pure 19         :: dE=0.12D-03, dP=0.35D-01, ThrX=0.50D-02, %Non0=59
 PM : Hit dP increase :: Tr{FP}=-.7265678218825749D+03, dNel = 0.00D+00
 PM                   :: 19 purification steps, 41 matrix multiplies
 PM                   :: Fractional occupation = 0.60D+00, %Non0s = 59
 PM : Max abs errors  :: dE=0.90D-01, dP=0.35D-01, [F,P]=0.47D+00
 PM                   :: Rel dE=0.12D-03, ||dP||_F=0.33D+00, ||[F,P]||_F=0.31D+01
 PM                   :: OrthoP[7] CheckSum  = 0.1328232546371991D+02
 PM                   :: P[7] CheckSum  = 0.1440033512999224D+02
 PM                   :: CPU (Sec,MFLOPS) = (0.19D+01, 173),
                         WALL(Sec,MFLOPS) = (0.19D+01, 173)
 PM                   :: Allocs=318,  DeAllocs=310, 1498120 bytes are presently allocated.
                         A max of 5244152 bytes were allocated.
>-Exiting PM 09/01/02 @ 11:29:13-<
<<Entering SCFStatus 09/01/02 @ 11:29:13>>
 
= = = = = SCFCycle #6, Basis #1, Geometry #1 = = = = =

       DIISErr = 0.15D+02
       MaxDelD = 0.28D-01
       <T>     = 0.22970785D+04
       <V>     = -.48478742D+04
       <DFT>   = -.32750236D+03
       <SCF>   = -2878.29814002

 SCFStatus            :: CPU (Sec,MFLOPS) = (0.60D-01, 9),
                         WALL(Sec,MFLOPS) = (0.60D-01, 9)
 SCFStatus            :: Allocs=16,  DeAllocs=16, 0 bytes are presently allocated.
                         A max of 2247900 bytes were allocated.
>-Exiting SCFStatus 09/01/02 @ 11:29:13-<
 DIISQ =    2.3365654616228690E-003
 DMaxQ =    0.1480667811724886     
 DIISB =     15.43730195058464     
 DIISA =     15.40123168402626     
 DMaxA =    2.3804723810461370E-002
 DMaxB =    2.7942006819763474E-002
<<Entering MakeRho 09/01/02 @ 11:29:13>>
 MakeRho : Pruned Rho :: dNel = 0.84D-04, kept 26% of distributions.
 MakeRho : Moments    :: <r> = (-.23D+00, 0.36D+01, 0.28D+01), <r^2> = 0.32D+03
 ... ning Warning  Warning  Warning Wa ...
MakeRho              :: relative error in density = 0.23D-06. Distribution threshold =
 MakeRho              :: Rho CheckSum  = 0.3349045887377805D+04
 MakeRho              :: CPU Sec = 0.24D+02, WALL Sec = 0.24D+02
 MakeRho              :: Allocs=64,  DeAllocs=59, 728 bytes are presently allocated.
                         A max of 33811868 bytes were allocated.
>-Exiting MakeRho 09/01/02 @ 11:29:37-<
<<Entering QCTC 09/01/02 @ 11:29:37>>
 QCTC                 :: TauPAC = 0.10D-03
 QCTC                 :: TauMAC = 0.10D-03
