

 __    __                 _       ____________ ______ 
|  \  /  |               | |     /       /    |      |
|   \/   | ___  _ __   __| | ___/   ____/   __|  |==='
|        |/ _ \| '_ \ / _  |/ _ \____  \   (__|  ____|
|  |\/|  | (_) | | | | (_| | (_) )     /\     |  |    
|__|  |__|\___/|_| |_|\____|\___/_____/  \____|__|    

 Version 1.0 alpha 4                                  
 A program suite for O(N) SCF theory and ab initio MD 
 Matt Challacombe, Eric Schwegler, C.J. Tymczak,      
 Chee Kwan Gan, Karoly Nemeth and Anders Niklasson    
 Los Alamos National Laboratory (LA-CC 01-2)          
 Copywrite 2001, University of California.            

 Compiled for AMDLinux.PG, executing on magnesium
 a i686 machine running Linux 2.4.18-5smp

Water Cluster Scaling                                                                                                           
  
<<Starting MondoSCF 08/12/02 @ 09:33:14>>
 ** Auto-Wraps at default value => (Off) **
 ** Atom-Wrap at default value => (AtomWrap-Off) **
 ** Lattice Vector Format at default value => (Vector Format) **
 ** Coodinate Format at default value => (Atomic Coord) **
========================================================================
 Internal representation of the geometry:
 Geometry originally in Angstroms has been converted to AU.
 Geometry has been reordered using the Hilbert curve.
 Number of electrons = 1440
------------------------------------------------------------------------
  *** Periodic is Off *** 
------------------------------------------------------------------------
 1   c    -.89277837D+01   -.76526722D+01   -.71186545D+01
 2   c    -.69890949D+01   -.72638421D+01   -.90433782D+01
 3   c    -.11008561D+02   -.58355305D+01   -.69574609D+01
 4   c    -.11019276D+02   -.35664799D+01   -.83789316D+01
 5   c    -.12330651D+02   -.16556645D+01   -.69049076D+01
 6   c    -.84483791D+01   -.22676712D+00   -.10423483D+02
 7   c    -.89043700D+01   -.29231037D+01   -.99817027D+01
 8   c    -.69578766D+01   -.48706554D+01   -.10444383D+02
 9   c    -.46938715D+01   -.41498383D+01   -.11779928D+02
 10   c    -.61919518D+01   0.47156222D+00   -.11766322D+02
 11   c    -.44506449D+01   -.15237050D+01   -.12585140D+02
 12   c    -.21006194D+01   -.76437527D+00   -.13613397D+02
 13   c    0.81825135D-02   -.22917652D+01   -.13630556D+02
 14   c    0.12339911D-01   -.47663803D+01   -.12616982D+02
 15   c    -.24250098D+01   -.58004005D+01   -.11790492D+02
 16   c    -.47593883D+01   -.88937308D+01   -.90427735D+01
 17   c    -.16988637D-01   -.94263690D+01   -.10021614D+02
 18   c    -.24498975D+01   -.81599313D+01   -.10455911D+02
 19   c    -.51362752D-01   -.11616788D+02   -.84050099D+01
 20   c    -.22585816D+01   -.12259163D+02   -.69320818D+01
 21   c    -.46115928D+01   -.10831645D+02   -.71212812D+01
 22   c    -.62721139D+01   -.10809573D+02   -.49143269D+01
 23   c    -.14326013D+01   -.13160959D+02   -.46317562D+01
 24   c    -.28469667D+01   -.12846187D+02   -.23757446D+01
 25   c    -.15413172D+01   -.12868486D+02   -.21146034D-01
 26   c    -.53989283D+01   -.11840740D+02   -.25342926D+01
 27   c    -.13106119D+02   -.12538899D+01   -.23424098D+01
 28   c    -.12993397D+02   -.27060120D+01   -.45949632D+01
 29   c    -.12189337D+02   -.52334449D+01   -.45947365D+01
 30   c    -.11400698D+02   -.64212133D+01   -.23216418D+01
 31   c    -.96969021D+01   -.85553187D+01   -.25009768D+01
 32   c    -.88879671D+01   -.96525314D+01   -.19333787D+00
 33   c    -.84479633D+01   -.91663427D+01   -.49053696D+01
 34   c    -.67133272D+01   -.11332781D+02   -.20397702D+00
 35   c    -.98344931D+01   -.86657354D+01   0.21849957D+01
 36   c    -.89544666D+01   -.97351124D+01   0.44921621D+01
 37   c    -.89056361D+01   -.83200289D+01   0.67813384D+01
 38   c    -.68455513D+01   -.11341247D+02   0.44874945D+01
 39   c    -.28753882D+01   -.12453162D+02   0.22904802D+01
 40   c    -.55510134D+01   -.11952215D+02   0.21554026D+01
 41   c    -.15383503D+01   -.12043866D+02   0.46108558D+01
 42   c    -.28113831D+01   -.11065612D+02   0.68122732D+01
 43   c    -.55205321D+01   -.10873049D+02   0.67495343D+01
 44   c    -.28063943D+01   -.77152221D+01   0.10114437D+02
 45   c    -.14981559D+01   -.96331995D+01   0.86743525D+01
 46   c    -.54808857D+01   -.72993690D+01   0.96710885D+01
 47   c    -.67799211D+01   -.90239518D+01   0.81336074D+01
 48   c    -.98211516D+01   -.57630596D+01   0.68662816D+01
 49   c    -.81352326D+01   0.35683696D+00   0.10129423D+02
 50   c    -.95368046D+01   -.15021621D+01   0.87283042D+01
 51   c    -.65743378D+01   -.48521360D+01   0.10147677D+02
 52   c    -.87947470D+01   -.40854553D+01   0.87194792D+01
 53   c    -.14311651D+01   -.58935640D+01   0.11498756D+02
 54   c    -.27063900D+01   -.36970977D+01   0.12428973D+02
 55   c    -.51927591D+01   -.30294575D+01   0.11516897D+02
 56   c    -.59320011D+01   -.40185023D+00   0.11527914D+02
 57   c    -.12670424D+01   -.17812557D+01   0.13662171D+02
 58   c    -.11842988D+02   -.51164142D+01   0.33712712D-01
 59   c    -.11066065D+02   -.62422752D+01   0.23278212D+01
 60   c    -.11085567D+02   -.48075574D+01   0.46615194D+01
 61   c    -.11871164D+02   -.22252468D+01   0.46704011D+01
 62   c    -.11332101D+02   -.69256568D+00   0.68441718D+01
 63   c    -.12701302D+02   -.10831342D+01   0.23266306D+01
 64   c    -.12701075D+02   -.25064759D+01   0.32673362D-01
 65   c    -.13046914D+02   0.16063616D+01   0.21922711D+01
 66   c    -.11239013D+02   0.67000235D+01   0.21931782D+01
 67   c    -.10595051D+02   0.59410339D+01   0.68006325D+01
 68   c    -.11972340D+02   0.55416026D+01   0.45044265D+01
 69   c    -.12847699D+02   0.30428368D+01   0.45166152D+01
 70   c    -.11972869D+02   0.19336054D+01   0.67873099D+01
 71   c    -.10607977D+02   0.37154659D+01   0.81492355D+01
 72   c    -.85312436D+01   0.30050612D+01   0.97015698D+01
 73   c    -.65739032D+01   0.48233366D+01   0.10132824D+02
 74   c    -.65139800D+01   0.71466224D+01   0.87308931D+01
 75   c    -.84600576D+01   0.76134037D+01   0.68511260D+01
 76   c    -.79466757D+01   0.90900922D+01   0.46652421D+01
 77   c    -.84881011D+01   0.96867165D+01   0.22846787D-01
 78   c    -.93172940D+01   0.86244449D+01   0.23027256D+01
 79   c    -.49099239D+01   0.11755022D+02   0.22997965D+01
 80   c    -.24477621D+01   0.12900063D+02   0.21248457D+01
 81   c    -.10133089D+01   0.13160959D+02   0.44488307D+01
 82   c    -.17906854D+01   0.12017731D+02   0.67229459D+01
 83   c    -.40886489D+01   0.10598169D+02   0.68231580D+01
 84   c    -.57360743D+01   0.10640688D+02   0.46267673D+01
 85   c    -.43111075D+01   0.86700061D+01   0.86896971D+01
 86   c    0.34219158D+00   0.11266131D+02   0.80861753D+01
 87   c    0.30025856D+00   0.91047943D+01   0.96414198D+01
 88   c    -.20669256D+01   0.78924406D+01   0.10108295D+02
 89   c    -.43577081D+01   0.40511379D+01   0.11516236D+02
 90   c    -.21329148D+01   0.56006565D+01   0.11488268D+02
 91   c    0.24126132D+00   0.45564317D+01   0.12387078D+02
 92   c    0.15473076D+00   0.21850335D+01   0.13590569D+02
 93   c    -.19617812D+01   0.72125172D+00   0.13605271D+02
 94   c    -.42367657D+01   0.15000834D+01   0.12404502D+02
 95   c    -.12382807D+01   0.12365535D+02   -.49504018D+01
 96   c    -.25392059D+01   0.12704288D+02   -.25711612D+01
 97   c    -.11633153D+01   0.13069024D+02   -.23837004D+00
 98   c    -.62634401D+01   0.11306930D+02   -.14154048D-01
 99   c    -.51959906D+01   0.12033038D+02   -.23779556D+01
 100   c    -.95646402D+01   0.88428405D+01   -.23668251D+01
 101   c    -.65292301D+01   0.11428005D+02   -.46335325D+01
 102   c    -.86470838D+01   0.98781269D+01   -.46046008D+01
 103   c    -.11283535D+02   0.51732950D+01   -.48994359D+01
 104   c    -.11095791D+02   0.65687631D+01   -.24972162D+01
 105   c    -.11895220D+02   0.54816416D+01   -.19021982D+00
 106   c    -.12828802D+02   0.28984050D+01   -.17997750D+00
 107   c    -.12917959D+02   0.14726824D+01   -.25061546D+01
 108   c    -.12187769D+02   0.26088990D+01   -.48950706D+01
 109   c    -.11682381D+02   0.10110601D+01   -.70960723D+01
 110   c    -.98663539D+01   0.17402676D+01   -.90150134D+01
 111   c    -.67103981D+01   0.50601004D+01   -.10440849D+02
 112   c    -.99615205D+01   0.60789461D+01   -.70978108D+01
 113   c    -.89946044D+01   0.43547035D+01   -.90258604D+01
 114   c    -.88477727D+01   0.86036012D+01   -.69215372D+01
 115   c    -.67225679D+01   0.93133067D+01   -.83852811D+01
 116   c    -.54611380D+01   0.75116230D+01   -.99978788D+01
 117   c    -.53265140D+01   0.11148023D+02   -.69370518D+01
 118   c    -.25910222D+01   0.11378702D+02   -.71501940D+01
 119   c    -.13311041D+01   0.98910715D+01   -.90700800D+01
 120   c    -.27574882D+01   0.79213912D+01   -.10464943D+02
 121   c    -.13927847D+01   0.59957415D+01   -.11804381D+02
 122   c    -.53230747D+01   0.31342995D+01   -.11776394D+02
 123   c    -.13005472D+01   0.17122429D+01   -.13619463D+02
 124   c    -.27508741D+01   0.37143698D+01   -.12600107D+02
 125   c    0.13021346D+01   0.17191404D+01   -.13642102D+02
 126   c    0.27572236D+01   0.37288451D+01   -.12641719D+02
 127   c    0.53446175D+01   0.31452032D+01   -.11847070D+02
 128   c    0.67532193D+01   0.50536375D+01   -.10524753D+02
 129   c    0.14101135D+01   0.60006926D+01   -.11828778D+02
 130   c    0.28100414D+01   0.79319926D+01   -.10508199D+02
 131   c    0.14286517D+01   0.98854779D+01   -.90983125D+01
 132   c    0.27616267D+01   0.11353285D+02   -.71744770D+01
 133   c    0.55164881D+01   0.11084811D+02   -.70070095D+01
 134   c    0.68552456D+01   0.92792727D+01   -.84698086D+01
 135   c    0.55310012D+01   0.75074278D+01   -.10071899D+02
 136   c    0.90347044D+01   0.85205288D+01   -.70195384D+01
 137   c    0.90611416D+01   0.43072147D+01   -.91266206D+01
 138   c    0.10091477D+02   0.59763340D+01   -.72204729D+01
 139   c    0.11686519D+02   0.85997650D+00   -.72020103D+01
 140   c    0.98949076D+01   0.16691950D+01   -.91332347D+01
 141   c    0.12209539D+02   0.23792217D+01   -.50199059D+01
 142   c    0.12869053D+02   0.11616524D+01   -.26105431D+01
 143   c    0.12903427D+02   0.25130521D+01   -.32514625D+00
 144   c    0.12155719D+02   0.51693454D+01   -.30723165D+00
 145   c    0.11375262D+02   0.63510478D+01   -.26464101D+01
 146   c    0.11438606D+02   0.50000260D+01   -.50138399D+01
 147   c    0.89259128D+01   0.97530081D+01   -.47178899D+01
 148   c    0.88888931D+01   0.94508787D+01   -.10144049D+00
 149   c    0.99103656D+01   0.86750706D+01   -.24582689D+01
 150   c    0.67840596D+01   0.11284877D+02   -.46853299D+01
 151   c    0.55118772D+01   0.11812280D+02   -.24529966D+01
 152   c    0.66369444D+01   0.11050154D+02   -.61019252D-01
 153   c    0.15899021D+01   0.12973952D+02   -.27159142D+00
 154   c    0.28635396D+01   0.12560763D+02   -.25699140D+01
 155   c    0.14889151D+01   0.12312623D+02   -.49762532D+01
 156   c    0.45487027D+01   0.12944245D+01   0.12391179D+02
 157   c    0.48057244D+01   0.38340273D+01   0.11465516D+02
 158   c    0.22514951D+01   0.62914647D+00   0.13646600D+02
 159   c    0.26003008D+01   0.54838903D+01   0.11481729D+02
 160   c    0.69744873D+01   0.44918220D+01   0.10066910D+02
 161   c    0.70297807D+01   0.68291863D+01   0.86265802D+01
 162   c    0.26703718D+01   0.77870128D+01   0.10085657D+02
 163   c    0.48669893D+01   0.84594151D+01   0.86624661D+01
 164   c    0.62513836D+01   0.10374029D+02   0.45776533D+01
 165   c    0.47108790D+01   0.10415036D+02   0.67675056D+01
 166   c    0.24473274D+01   0.11930974D+02   0.67150468D+01
 167   c    0.16347453D+01   0.13088374D+02   0.44184250D+01
 168   c    0.29454214D+01   0.12732029D+02   0.21112586D+01
 169   c    0.53809948D+01   0.11500986D+02   0.22106582D+01
 170   c    0.97400635D+01   0.83250178D+01   0.22195588D+01
 171   c    0.84355667D+01   0.87612988D+01   0.45413517D+01
 172   c    0.88781217D+01   0.25954253D+01   0.95934019D+01
 173   c    0.10933085D+02   0.32237969D+01   0.80326583D+01
 174   c    0.12217419D+02   0.14140442D+01   0.66670100D+01
 175   c    0.13065603D+02   0.25332911D+01   0.43628482D+01
 176   c    0.12315666D+02   0.50805472D+01   0.43808573D+01
 177   c    0.10990231D+02   0.54724953D+01   0.66553882D+01
 178   c    0.89109462D+01   0.72155029D+01   0.67511028D+01
 179   c    0.11612574D+02   0.63457944D+01   0.20485197D+01
 180   c    0.13110957D+02   0.11626539D+01   0.20627682D+01
 181   c    0.12679003D+02   -.15343063D+01   0.21856571D+01
 182   c    0.11460961D+02   -.12026216D+01   0.67417486D+01
 183   c    0.11889740D+02   -.27005696D+01   0.45548443D+01
 184   c    0.11019465D+02   -.52717686D+01   0.45460193D+01
 185   c    0.96992265D+01   -.61883235D+01   0.67549578D+01
 186   c    0.13896100D+01   -.18748727D+01   0.13678460D+02
 187   c    0.61377544D+01   -.69543806D+00   0.11463909D+02
 188   c    0.52195744D+01   -.32791659D+01   0.11460035D+02
 189   c    0.27260242D+01   -.38339139D+01   0.12398700D+02
 190   c    0.13267577D+01   -.59572100D+01   0.11483808D+02
 191   c    0.65092746D+01   -.51574969D+01   0.10057103D+02
 192   c    0.87501116D+01   -.44933716D+01   0.86200607D+01
 193   c    0.96496590D+01   -.19486854D+01   0.86311534D+01
 194   c    0.83345987D+01   -.44673122D-01   0.10058785D+02
 195   c    0.65196869D+01   -.93283867D+01   0.80649348D+01
 196   c    0.52915918D+01   -.75477546D+01   0.96074236D+01
 197   c    0.12102561D+01   -.96991131D+01   0.86730297D+01
 198   c    0.26095415D+01   -.78485801D+01   0.10081405D+02
 199   c    0.65177972D+01   -.11607377D+02   0.44210328D+01
 200   c    0.51937229D+01   -.11121208D+02   0.67177302D+01
 201   c    0.24693616D+01   -.11204072D+02   0.67962861D+01
 202   c    0.11765812D+01   -.12089919D+02   0.46128400D+01
 203   c    0.25263936D+01   -.12506660D+02   0.22538762D+01
 204   c    0.52256026D+01   -.12096533D+02   0.21213308D+01
 205   c    0.87089912D+01   -.10105253D+02   0.44221289D+01
 206   c    0.86770737D+01   -.87017157D+01   0.66854915D+01
 207   c    0.96888330D+01   -.90617463D+01   0.20846512D+01
 208   c    0.10990117D+02   -.66668021D+01   0.22287428D+01
 209   c    0.87351072D+01   -.99663015D+01   -.26786866D+00
 210   c    0.83561416D+01   -.93781621D+01   -.49824137D+01
 211   c    0.96131306D+01   -.88738887D+01   -.26106565D+01
 212   c    0.11353001D+02   -.67486083D+01   -.24434913D+01
 213   c    0.11779758D+02   -.55185668D+01   -.93768204D-01
 214   c    0.12064918D+02   -.54900508D+01   -.47063437D+01
 215   c    0.12844373D+02   -.29755625D+01   -.46929644D+01
 216   c    0.12959741D+02   -.15894107D+01   -.24737269D+01
 217   c    0.12604529D+02   -.28816999D+01   -.79444081D-01
 218   c    0.64461955D+01   -.11504387D+02   -.26747182D+00
 219   c    0.51493521D+01   -.11909752D+02   -.25586134D+01
 220   c    0.12187410D+01   -.12863384D+02   -.16988637D-01
 221   c    0.25589347D+01   -.12831258D+02   -.24058668D+01
 222   c    0.11983886D+01   -.13153891D+02   -.46283169D+01
 223   c    0.61075188D+01   -.10926452D+02   -.49738722D+01
 224   c    0.44999856D+01   -.10905344D+02   -.71621371D+01
 225   c    0.20991832D+01   -.12285128D+02   -.69576120D+01
 226   c    0.24426976D+01   -.81884662D+01   -.10495160D+02
 227   c    0.47193072D+01   -.89565264D+01   -.91041896D+01
 228   c    0.69660591D+01   -.73463854D+01   -.91096131D+01
 229   c    0.24441905D+01   -.58126649D+01   -.11829911D+02
 230   c    0.21120711D+01   -.75781792D+00   -.13647393D+02
 231   c    0.44712240D+01   -.15203979D+01   -.12648938D+02
 232   c    0.62104711D+01   0.47216694D+00   -.11852229D+02
 233   c    0.47155466D+01   -.41653529D+01   -.11841004D+02
 234   c    0.69606734D+01   -.49173316D+01   -.10516703D+02
 235   c    0.89053526D+01   -.29864285D+01   -.10072504D+02
 236   c    0.84702054D+01   -.26138690D+00   -.10527323D+02
 237   c    0.12273355D+02   -.18483977D+01   -.70141526D+01
 238   c    0.10986565D+02   -.36900112D+01   -.84655000D+01
 239   c    0.10944291D+02   -.59969509D+01   -.70044961D+01
 240   c    0.88678605D+01   -.78037746D+01   -.71974939D+01
========================================================================
 ParseGeometry        :: Allocs=14,  DeAllocs=14, 0 bytes are presently allocated.
                         A max of 31728 bytes were allocated.
 Base(1)%BName   = 6-31Gss
 Opening BasFile = /scratch/mchalla/MONDO/BasisSets/6-31Gss.bas
 ParseBaseSets        :: Allocs=60,  DeAllocs=59, 1920 bytes are presently allocated.
                         A max of 52424 bytes were allocated.
 Current HDF file :: /n/scratch/mchalla/Scratch/c240_6323.hdf
 Restart HDF file :: /scratch/mchalla/MONDO/Benchmarks/FULLERENES/c240.hdf
 Restart using 6-31Gss/PBEx/PBEc density from previous geometry #1

 PROGRAM OF CALCULATIONS:

  A restricted Roothaan-Hall solution of the SCF using
  a good accuracy level, 6-31Gss and the PBEx/PBEc model.
 

 Accuracy level 2 for the 6-31Gss basis set:
  TrixNeglect = 0.10D-04, CubeNeglect = 0.10D-04,
  TwoENeglect = 0.10D-07, DistNeglect = 0.10D-09
 MaxAtms = 241, MaxBlks = 57601, MaxNon0 = 12960001, BndWdth = 240
<<Entering MakeS 08/12/02 @ 09:33:17>>
 MakeS                :: S CheckSum  = 0.1054411290692023D+03
 MakeS                :: CPU Sec = 0.78D+01, WALL Sec = 0.21D+02
 MakeS                :: Allocs=37,  DeAllocs=36, 24 bytes are presently allocated.
                         A max of 208470344 bytes were allocated.
>-Exiting MakeS 08/12/02 @ 09:33:38-<
<<Entering LowdinO 08/12/02 @ 09:33:38>>
 ... ning Warning  Warning  Warning Wa ...
Illconditioning detected in MakeS: Cond(S)=0.22D+06
 LowdinO              :: X CheckSum  = 0.8587806882304064D+03
 LowdinO              :: WALL (Sec) = 0.45D+04
 LowdinO              :: Allocs=20,  DeAllocs=20, 0 bytes are presently allocated.
                         A max of 311070720 bytes were allocated.
>-Exiting LowdinO 08/12/02 @ 10:48:11-<
<<Entering MakeT 08/12/02 @ 10:48:12>>
 MakeT                :: T CheckSum  = 0.2792565866668660D+03
 MakeT                :: CPU Sec = 0.11D+02, WALL Sec = 0.30D+02
 MakeT                :: Allocs=33,  DeAllocs=32, 24 bytes are presently allocated.
                         A max of 208321472 bytes were allocated.
>-Exiting MakeT 08/12/02 @ 10:48:42-<
<<Entering P2Use 08/12/02 @ 10:48:42>>
 P2Use                :: P[0] CheckSum  = 0.2097684098624355D+02
 P2Use                :: CPU Sec = 0.39D+01, WALL Sec = 0.28D+02
 P2Use                :: Allocs=39,  DeAllocs=39, 0 bytes are presently allocated.
                         A max of 416600208 bytes were allocated.
>-Exiting P2Use 08/12/02 @ 10:49:09-<
<<Entering MakeRho 08/12/02 @ 10:49:10>>
 MakeRho : Pruned Rho :: dNel = -.19D-04, kept 11% of distributions.
 MakeRho : Moments    :: <r> = (0.21D-01, 0.49D-02, 0.19D+00), <r^2> = 0.14D+04
 MakeRho              :: Rho CheckSum  = 0.1463184487947326D+05
 MakeRho              :: CPU Sec = 0.16D+03, WALL Sec = 0.34D+03
 MakeRho              :: Allocs=65,  DeAllocs=59, 644 bytes are presently allocated.
                         A max of 320434072 bytes were allocated.
>-Exiting MakeRho 08/12/02 @ 10:54:48-<
<<Entering QCTC 08/12/02 @ 10:54:48>>
 QCTC                 :: J[0] CheckSum  = 0.3879108028064013D+03
 QCTC                 :: CPU Sec = 0.19D+04, WALL Sec = 0.10D+05
 QCTC                 :: Allocs=1487883,  DeAllocs=50, 178275184 bytes are presently allocated.
                         A max of 386591928 bytes were allocated.
>-Exiting QCTC 08/12/02 @ 13:44:10-<
<<Entering HiCu 08/12/02 @ 13:44:11>>
 HiCu.GridGen         :: Tau = 0.10D-01, <Rho> = 0.71981810D+03, <Exc> = -.12900028D+04, Pts/Atom = 1478
 HiCu.GridGen         :: Tau = 0.10D-02, <Rho> = 0.71999939D+03, <Exc> = -.12921699D+04, Pts/Atom = 2903
 HiCu.GridGen         :: Tau = 0.10D-03, <Rho> = 0.72000266D+03, <Exc> = -.12922541D+04, Pts/Atom = 5553
 HiCu.GridGen         :: Tau = 0.10D-04, <Rho> = 0.72000152D+03, <Exc> = -.12922560D+04, Pts/Atom = 10675
 HiCu.GridGen         :: TauRel = 0.10D-04, RhoErr = 0.21D-05, <Exc> = -.12922560D+04
 HiCu.GridGen         :: CPU Sec = 0.93D-01, WALL Sec = 0.47D+04
 HiCu.MakeKxc         :: WALL (Sec) = 0.30D+04
 HiCu                 :: Kxc[0] CheckSum  = 0.6865586869104305D+02
 HiCu                 :: WALL (Sec) = 0.77D+04
 HiCu                 :: Allocs=736582,  DeAllocs=219653, 204938712 bytes are presently allocated.
                         A max of 413255360 bytes were allocated.
>-Exiting HiCu 08/12/02 @ 15:52:26-<
<<Entering FockNGrueven 08/12/02 @ 15:52:26>>
 FockNGrueven         :: F[0] CheckSum  = 0.2083245884802391D+03
 FockNGrueven         :: OrthoF[0] CheckSum  = 0.1892271436811601D+03
 FockNGrueven         :: CPU (Sec,MFLOPS) = (0.23D+03, 562),
                         WALL(Sec,MFLOPS) = (0.26D+03, 497)
 FockNGrueven         :: Allocs=41,  DeAllocs=37, 104141764 bytes are presently allocated.
                         A max of 312428220 bytes were allocated.
>-Exiting FockNGrueven 08/12/02 @ 15:56:46-<
<<Entering RHEqs 08/12/02 @ 15:56:46>>
 RHEqs                :: HOMO = -.18559554D+00, LUMO = -.14969017D+00
 RHEqs                :: OrthoP[1] CheckSum  = 0.2683281572998508D+02
 RHEqs                :: P[1] CheckSum  = 0.2097678544438712D+02
 RHEqs                :: CPU (Sec,MFLOPS) = (-.15D+04, 0),
                         WALL(Sec,MFLOPS) = (0.29D+04, 64)
 RHEqs                :: Allocs=31,  DeAllocs=29, 207360000 bytes are presently allocated.
                         A max of 519788232 bytes were allocated.
>-Exiting RHEqs 08/12/02 @ 16:45:20-<
<<Entering SCFStatus 08/12/02 @ 16:45:21>>
 
= = = = = SCFCycle #0, Basis #1, Geometry #1 = = = = =

       Gap     = 0.36D-01
       MaxDelD = 0.34D-02
       <T>     = 0.90449114D+04
       <V>     = -.16888984D+05
       <DFT>   = -.12922560D+04
       <SCF>   = -9136.32837636

 SCFStatus            :: CPU (Sec,MFLOPS) = (0.45D+01, 14),
                         WALL(Sec,MFLOPS) = (0.46D+01, 14)
 SCFStatus            :: Allocs=16,  DeAllocs=16, 0 bytes are presently allocated.
                         A max of 312428220 bytes were allocated.
>-Exiting SCFStatus 08/12/02 @ 16:45:25-<
<<Entering MakeRho 08/12/02 @ 16:45:26>>
 MakeRho : Pruned Rho :: dNel = -.19D-04, kept 11% of distributions.
 MakeRho : Moments    :: <r> = (-.38D-01, -.31D-01, -.81D-01), <r^2> = 0.14D+04
 MakeRho              :: Rho CheckSum  = 0.1463184433455454D+05
 MakeRho              :: CPU Sec = 0.16D+03, WALL Sec = 0.17D+03
 MakeRho              :: Allocs=64,  DeAllocs=59, 632 bytes are presently allocated.
                         A max of 320434332 bytes were allocated.
>-Exiting MakeRho 08/12/02 @ 16:48:20-<
<<Entering QCTC 08/12/02 @ 16:48:21>>
 QCTC                 :: J[1] CheckSum  = 0.3879090374965649D+03
 QCTC                 :: CPU Sec = 0.18D+04, WALL Sec = 0.62D+04
 QCTC                 :: Allocs=1487913,  DeAllocs=50, 178278256 bytes are presently allocated.
                         A max of 386595000 bytes were allocated.
>-Exiting QCTC 08/12/02 @ 18:32:19-<
<<Entering HiCu 08/12/02 @ 18:32:20>>
 HiCu.GridGen         :: Tau = 0.10D-01, <Rho> = 0.71981544D+03, <Exc> = -.12899980D+04, Pts/Atom = 1478
 HiCu.GridGen         :: Tau = 0.10D-02, <Rho> = 0.72000005D+03, <Exc> = -.12921736D+04, Pts/Atom = 2904
 HiCu.GridGen         :: Tau = 0.10D-03, <Rho> = 0.72000258D+03, <Exc> = -.12922535D+04, Pts/Atom = 5552
 HiCu.GridGen         :: Tau = 0.10D-04, <Rho> = 0.72000151D+03, <Exc> = -.12922555D+04, Pts/Atom = 10675
 HiCu.GridGen         :: TauRel = 0.10D-04, RhoErr = 0.21D-05, <Exc> = -.12922555D+04
 HiCu.GridGen         :: WALL (Sec) = 0.44D+04
 HiCu.MakeKxc         :: WALL (Sec) = 0.30D+04
 HiCu                 :: Kxc[1] CheckSum  = 0.6865583978786822D+02
 HiCu                 :: WALL (Sec) = 0.74D+04
 HiCu                 :: Allocs=736606,  DeAllocs=219662, 204946400 bytes are presently allocated.
                         A max of 413263048 bytes were allocated.
>-Exiting HiCu 08/12/02 @ 20:35:28-<
<<Entering FockNGrueven 08/12/02 @ 20:35:28>>
 FockNGrueven         :: F[1] CheckSum  = 0.2083222107179975D+03
 FockNGrueven         :: OrthoF[1] CheckSum  = 0.1892277528866001D+03
 FockNGrueven         :: CPU (Sec,MFLOPS) = (0.22D+03, 589),
                         WALL(Sec,MFLOPS) = (0.24D+03, 530)
 FockNGrueven         :: Allocs=41,  DeAllocs=37, 104141764 bytes are presently allocated.
                         A max of 312428220 bytes were allocated.
>-Exiting FockNGrueven 08/12/02 @ 20:39:32-<
<<Entering DIIS 08/12/02 @ 20:39:32>>
 DIIS : Damping       :: Co = 0.80D+00, 0.20D+00
 DIIS                 :: F_DIIS[1] CheckSum  = 0.1892272606812514D+03
 DIIS                 :: CPU (Sec,MFLOPS) = (0.32D+03, 583),
                         WALL(Sec,MFLOPS) = (0.37D+03, 502)
 DIIS                 :: Allocs=34,  DeAllocs=30, 144 bytes are presently allocated.
                         A max of 417031908 bytes were allocated.
>-Exiting DIIS 08/12/02 @ 20:45:44-<
<<Entering RHEqs 08/12/02 @ 20:45:44>>
 RHEqs                :: HOMO = -.18558044D+00, LUMO = -.14967439D+00
 RHEqs                :: OrthoP[2] CheckSum  = 0.2683281572998274D+02
 RHEqs                :: P[2] CheckSum  = 0.2097681826210626D+02
 RHEqs                :: CPU (Sec,MFLOPS) = (-.16D+04, 0),
                         WALL(Sec,MFLOPS) = (0.28D+04, 66)
 RHEqs                :: Allocs=31,  DeAllocs=29, 207360000 bytes are presently allocated.
                         A max of 519788232 bytes were allocated.
>-Exiting RHEqs 08/12/02 @ 21:32:29-<
<<Entering SCFStatus 08/12/02 @ 21:32:29>>
 
= = = = = SCFCycle #1, Basis #1, Geometry #1 = = = = =

       Gap     = 0.36D-01
       DIISErr = 0.27D-05
       MaxDelD = 0.79D-03
       <T>     = 0.90449084D+04
       <V>     = -.16888981D+05
       <DFT>   = -.12922555D+04
       <SCF>   = -9136.32828723

 SCFStatus            :: CPU (Sec,MFLOPS) = (0.42D+01, 15),
                         WALL(Sec,MFLOPS) = (0.43D+01, 15)
 SCFStatus            :: Allocs=16,  DeAllocs=16, 0 bytes are presently allocated.
                         A max of 312428220 bytes were allocated.
>-Exiting SCFStatus 08/12/02 @ 21:32:33-<
 Normal SCF convergence.
 Convergence statistics for RPBEx/PBEc/6-31Gss:
========================================================================
SCF    Ink       Total             Delta       Max         DIIS   
Cycle  Fok       Energy            E_Tot       Delta P     Error  
  0,    F,           0.00000000, 0.0000D+00, 0.0000D+00, 0.0000D+00, 
  1,    F,       -9136.32828723, 0.9755D-08, 0.2655D-02, 0.0000D+00, 
========================================================================
>-Succesfull MondoSCF run 08/12/02 @ 21:32:36-<
