

 __    __                 _       ____________ ______ 
|  \  /  |               | |     /       /    |      |
|   \/   | ___  _ __   __| | ___/   ____/   __|  |==='
|        |/ _ \| '_ \ / _  |/ _ \____  \   (__|  ____|
|  |\/|  | (_) | | | | (_| | (_) )     /\     |  |    
|__|  |__|\___/|_| |_|\____|\___/_____/  \____|__|    

 Version 1.0 alpha 4                                  
 A program suite for O(N) SCF theory and ab initio MD 
 Matt Challacombe, Eric Schwegler, C.J. Tymczak,      
 Chee Kwan Gan, Karoly Nemeth and Anders Niklasson    
 Los Alamos National Laboratory (LA-CC 01-2)          
 Copywrite 2001, University of California.            

 Compiled for AMDLinux.PG, executing on magnesium
 a i686 machine running Linux 2.4.18-5smp

Water Cluster Scaling                                                                                                           
  
<<Starting MondoSCF 08/12/02 @ 22:36:08>>
 ** Auto-Wraps at default value => (Off) **
 ** Atom-Wrap at default value => (AtomWrap-Off) **
 ** Lattice Vector Format at default value => (Vector Format) **
 ** Coodinate Format at default value => (Atomic Coord) **
========================================================================
 Internal representation of the geometry:
 Geometry originally in Angstroms has been converted to AU.
 Geometry has been reordered using the Hilbert curve.
 Number of electrons = 360
------------------------------------------------------------------------
  *** Periodic is Off *** 
------------------------------------------------------------------------
 1   c    -.48745104D+01   -.13675758D+01   -.43067044D+01
 2   c    -.26616602D+01   -.22128313D+01   -.56743180D+01
 3   c    -.13675758D+01   -.43067044D+01   -.48745104D+01
 4   c    -.22128313D+01   -.56743180D+01   -.26616602D+01
 5   c    -.56743180D+01   -.26616602D+01   -.22128313D+01
 6   c    -.43067044D+01   -.48745104D+01   -.13675758D+01
 7   c    -.43067044D+01   -.48745104D+01   0.13675758D+01
 8   c    -.22128313D+01   -.56743180D+01   0.26616602D+01
 9   c    -.13675758D+01   -.43067044D+01   0.48745104D+01
 10   c    -.48745104D+01   -.13675758D+01   0.43067044D+01
 11   c    -.26616602D+01   -.22128313D+01   0.56743180D+01
 12   c    -.56743180D+01   -.26616602D+01   0.22128313D+01
 13   c    -.65195547D+01   -.12940844D+01   0.00000000D+00
 14   c    -.65195547D+01   0.12940844D+01   0.00000000D+00
 15   c    -.56743180D+01   0.26616602D+01   0.22128313D+01
 16   c    -.48745104D+01   0.13675758D+01   0.43067044D+01
 17   c    -.43067044D+01   0.48745104D+01   0.13675758D+01
 18   c    -.22128313D+01   0.56743180D+01   0.26616602D+01
 19   c    -.13675758D+01   0.43067044D+01   0.48745104D+01
 20   c    -.26616602D+01   0.22128313D+01   0.56743180D+01
 21   c    -.12940844D+01   0.00000000D+00   0.65195547D+01
 22   c    -.22128313D+01   0.56743180D+01   -.26616602D+01
 23   c    -.43067044D+01   0.48745104D+01   -.13675758D+01
 24   c    -.56743180D+01   0.26616602D+01   -.22128313D+01
 25   c    -.48745104D+01   0.13675758D+01   -.43067044D+01
 26   c    -.13675758D+01   0.43067044D+01   -.48745104D+01
 27   c    -.26616602D+01   0.22128313D+01   -.56743180D+01
 28   c    -.12940844D+01   0.00000000D+00   -.65195547D+01
 29   c    0.12940844D+01   0.00000000D+00   -.65195547D+01
 30   c    0.26616602D+01   0.22128313D+01   -.56743180D+01
 31   c    0.13675758D+01   0.43067044D+01   -.48745104D+01
 32   c    0.48745104D+01   0.13675758D+01   -.43067044D+01
 33   c    0.56743180D+01   0.26616602D+01   -.22128313D+01
 34   c    0.43067044D+01   0.48745104D+01   -.13675758D+01
 35   c    0.22128313D+01   0.56743180D+01   -.26616602D+01
 36   c    0.00000000D+00   0.65195547D+01   -.12940844D+01
 37   c    0.12940844D+01   0.00000000D+00   0.65195547D+01
 38   c    0.26616602D+01   0.22128313D+01   0.56743180D+01
 39   c    0.13675758D+01   0.43067044D+01   0.48745104D+01
 40   c    0.22128313D+01   0.56743180D+01   0.26616602D+01
 41   c    0.00000000D+00   0.65195547D+01   0.12940844D+01
 42   c    0.43067044D+01   0.48745104D+01   0.13675758D+01
 43   c    0.48745104D+01   0.13675758D+01   0.43067044D+01
 44   c    0.56743180D+01   0.26616602D+01   0.22128313D+01
 45   c    0.65195547D+01   0.12940844D+01   0.00000000D+00
 46   c    0.65195547D+01   -.12940844D+01   0.00000000D+00
 47   c    0.56743180D+01   -.26616602D+01   0.22128313D+01
 48   c    0.26616602D+01   -.22128313D+01   0.56743180D+01
 49   c    0.48745104D+01   -.13675758D+01   0.43067044D+01
 50   c    0.13675758D+01   -.43067044D+01   0.48745104D+01
 51   c    0.22128313D+01   -.56743180D+01   0.26616602D+01
 52   c    0.00000000D+00   -.65195547D+01   0.12940844D+01
 53   c    0.43067044D+01   -.48745104D+01   0.13675758D+01
 54   c    0.43067044D+01   -.48745104D+01   -.13675758D+01
 55   c    0.56743180D+01   -.26616602D+01   -.22128313D+01
 56   c    0.00000000D+00   -.65195547D+01   -.12940844D+01
 57   c    0.22128313D+01   -.56743180D+01   -.26616602D+01
 58   c    0.13675758D+01   -.43067044D+01   -.48745104D+01
 59   c    0.26616602D+01   -.22128313D+01   -.56743180D+01
 60   c    0.48745104D+01   -.13675758D+01   -.43067044D+01
========================================================================
 ParseGeometry        :: Allocs=14,  DeAllocs=14, 0 bytes are presently allocated.
                         A max of 7968 bytes were allocated.
 Base(1)%BName   = 6-31Gss
 Opening BasFile = /scratch/mchalla/MONDO/BasisSets/6-31Gss.bas
 ParseBaseSets        :: Allocs=60,  DeAllocs=59, 480 bytes are presently allocated.
                         A max of 27224 bytes were allocated.
 Current HDF file :: /n/scratch/mchalla/Scratch/c60_11775.hdf
 Restart HDF file :: /scratch/mchalla/MONDO/Benchmarks/FULLERENES/c60.hdf
 Restart using 6-31Gss/PBEx/PBEc density from previous geometry #1

 PROGRAM OF CALCULATIONS:

  A restricted Roothaan-Hall solution of the SCF using
  a tight accuracy level, 6-31Gss and the PBEx/PBEc model.
 

 Accuracy level 3 for the 6-31Gss basis set:
  TrixNeglect = 0.10D-05, CubeNeglect = 0.10D-06,
  TwoENeglect = 0.10D-09, DistNeglect = 0.10D-11
 MaxAtms = 61, MaxBlks = 3601, MaxNon0 = 810001, BndWdth = 60
<<Entering MakeS 08/12/02 @ 22:36:10>>
 MakeS                :: S CheckSum  = 0.5331639030351771D+02
 MakeS                :: CPU Sec = 0.20D+01, WALL Sec = 0.31D+01
 MakeS                :: Allocs=37,  DeAllocs=36, 24 bytes are presently allocated.
                         A max of 13181864 bytes were allocated.
>-Exiting MakeS 08/12/02 @ 22:36:13-<
<<Entering LowdinO 08/12/02 @ 22:36:13>>
 ... ning Warning  Warning  Warning Wa ...
Illconditioning detected in MakeS: Cond(S)=0.31D+05
 LowdinO              :: X CheckSum  = 0.2832623812956124D+03
 LowdinO              :: CPU Sec = 0.47D+02, WALL Sec = 0.48D+02
 LowdinO              :: Allocs=20,  DeAllocs=20, 0 bytes are presently allocated.
                         A max of 19447680 bytes were allocated.
>-Exiting LowdinO 08/12/02 @ 22:37:01-<
<<Entering MakeT 08/12/02 @ 22:37:02>>
 MakeT                :: T CheckSum  = 0.1397435047575697D+03
 MakeT                :: CPU Sec = 0.18D+01, WALL Sec = 0.28D+01
 MakeT                :: Allocs=33,  DeAllocs=32, 24 bytes are presently allocated.
                         A max of 13032992 bytes were allocated.
>-Exiting MakeT 08/12/02 @ 22:37:04-<
<<Entering P2Use 08/12/02 @ 22:37:05>>
 P2Use                :: P[0] CheckSum  = 0.1009922504152704D+02
 P2Use                :: CPU Sec = 0.29D+00, WALL Sec = 0.15D+01
 P2Use                :: Allocs=39,  DeAllocs=39, 0 bytes are presently allocated.
                         A max of 26046288 bytes were allocated.
>-Exiting P2Use 08/12/02 @ 22:37:06-<
<<Entering MakeRho 08/12/02 @ 22:37:06>>
 MakeRho : Pruned Rho :: dNel = 0.32D-08, kept 20% of distributions.
 MakeRho : Moments    :: <r> = (-.40D-04, 0.19D-03, -.27D-03), <r^2> = 0.36D+03
 MakeRho              :: Rho CheckSum  = 0.3660080292403587D+04
 MakeRho              :: CPU Sec = 0.27D+02, WALL Sec = 0.29D+02
 MakeRho              :: Allocs=65,  DeAllocs=59, 644 bytes are presently allocated.
                         A max of 45764584 bytes were allocated.
>-Exiting MakeRho 08/12/02 @ 22:37:35-<
<<Entering QCTC 08/12/02 @ 22:37:35>>
 QCTC                 :: J[0] CheckSum  = 0.1942778080074585D+03
 QCTC                 :: WALL (Sec) = 0.27D+04
 QCTC                 :: Allocs=446753,  DeAllocs=50, 53819168 bytes are presently allocated.
                         A max of 66847432 bytes were allocated.
>-Exiting QCTC 08/12/02 @ 23:23:10-<
<<Entering HiCu 08/12/02 @ 23:23:10>>
 HiCu.GridGen         :: Tau = 0.10D-01, <Rho> = 0.18012721D+03, <Exc> = -.32427375D+03, Pts/Atom = 1488
 HiCu.GridGen         :: Tau = 0.10D-02, <Rho> = 0.18002624D+03, <Exc> = -.32394538D+03, Pts/Atom = 3028
 HiCu.GridGen         :: Tau = 0.10D-03, <Rho> = 0.18000051D+03, <Exc> = -.32382141D+03, Pts/Atom = 5819
 HiCu.GridGen         :: Tau = 0.10D-04, <Rho> = 0.17999997D+03, <Exc> = -.32381915D+03, Pts/Atom = 10859
 HiCu.GridGen         :: Tau = 0.10D-05, <Rho> = 0.18000000D+03, <Exc> = -.32382024D+03, Pts/Atom = 20076
 HiCu.GridGen         :: Tau = 0.10D-06, <Rho> = 0.17999999D+03, <Exc> = -.32382038D+03, Pts/Atom = 37923
 HiCu.GridGen         :: TauRel = 0.10D-06, RhoErr = 0.28D-07, <Exc> = -.32382038D+03
 HiCu.GridGen         :: WALL (Sec) = 0.74D+04
 HiCu.MakeKxc         :: WALL (Sec) = 0.42D+04
 HiCu                 :: Kxc[0] CheckSum  = 0.3482625138808898D+02
 HiCu                 :: WALL (Sec) = 0.12D+05
 HiCu                 :: Allocs=479402,  DeAllocs=195086, 170071904 bytes are presently allocated.
                         A max of 183100072 bytes were allocated.
>-Exiting HiCu 08/13/02 @ 02:36:11-<
<<Entering FockNGrueven 08/13/02 @ 02:36:11>>
 FockNGrueven         :: F[0] CheckSum  = 0.1050649442244647D+03
 FockNGrueven         :: OrthoF[0] CheckSum  = 0.9483602829565263D+02
 FockNGrueven         :: CPU (Sec,MFLOPS) = (0.42D+01, 688),
                         WALL(Sec,MFLOPS) = (0.63D+01, 459)
 FockNGrueven         :: Allocs=37,  DeAllocs=33, 6509044 bytes are presently allocated.
                         A max of 25603008 bytes were allocated.
>-Exiting FockNGrueven 08/13/02 @ 02:36:17-<
<<Entering RHEqs 08/13/02 @ 02:36:17>>
 RHEqs                :: HOMO = -.20231430D+00, LUMO = -.13412456D+00
 RHEqs                :: OrthoP[1] CheckSum  = 0.1341640786499896D+02
 RHEqs                :: P[1] CheckSum  = 0.1009923452267889D+02
 RHEqs                :: CPU (Sec,MFLOPS) = (0.41D+02, 70),
                         WALL(Sec,MFLOPS) = (0.44D+02, 66)
 RHEqs                :: Allocs=31,  DeAllocs=29, 12960000 bytes are presently allocated.
                         A max of 32487912 bytes were allocated.
>-Exiting RHEqs 08/13/02 @ 02:37:02-<
<<Entering SCFStatus 08/13/02 @ 02:37:02>>
 
= = = = = SCFCycle #0, Basis #1, Geometry #1 = = = = =

       Gap     = 0.68D-01
       MaxDelD = 0.38D-04
       <T>     = 0.22653247D+04
       <V>     = -.42250676D+04
       <DFT>   = -.32382038D+03
       <SCF>   = -2283.56329727

 SCFStatus            :: CPU (Sec,MFLOPS) = (0.32D+00, 19),
                         WALL(Sec,MFLOPS) = (0.35D+00, 18)
 SCFStatus            :: Allocs=16,  DeAllocs=16, 0 bytes are presently allocated.
                         A max of 19527900 bytes were allocated.
>-Exiting SCFStatus 08/13/02 @ 02:37:02-<
<<Entering MakeRho 08/13/02 @ 02:37:02>>
 MakeRho : Pruned Rho :: dNel = 0.32D-08, kept 20% of distributions.
 MakeRho : Moments    :: <r> = (0.16D-03, -.75D-03, 0.11D-02), <r^2> = 0.36D+03
 MakeRho              :: Rho CheckSum  = 0.3660080850156152D+04
 MakeRho              :: CPU Sec = 0.27D+02, WALL Sec = 0.28D+02
 MakeRho              :: Allocs=64,  DeAllocs=59, 632 bytes are presently allocated.
                         A max of 45764572 bytes were allocated.
>-Exiting MakeRho 08/13/02 @ 02:37:31-<
<<Entering QCTC 08/13/02 @ 02:37:31>>
 QCTC                 :: J[1] CheckSum  = 0.1942778346539615D+03
 QCTC                 :: WALL (Sec) = 0.27D+04
 QCTC                 :: Allocs=446753,  DeAllocs=50, 53819168 bytes are presently allocated.
                         A max of 66847432 bytes were allocated.
>-Exiting QCTC 08/13/02 @ 03:22:21-<
<<Entering HiCu 08/13/02 @ 03:22:21>>
 HiCu.GridGen         :: Tau = 0.10D-01, <Rho> = 0.18012720D+03, <Exc> = -.32427384D+03, Pts/Atom = 1488
 HiCu.GridGen         :: Tau = 0.10D-02, <Rho> = 0.18002624D+03, <Exc> = -.32394544D+03, Pts/Atom = 3028
 HiCu.GridGen         :: Tau = 0.10D-03, <Rho> = 0.18000051D+03, <Exc> = -.32382147D+03, Pts/Atom = 5819
 HiCu.GridGen         :: Tau = 0.10D-04, <Rho> = 0.17999997D+03, <Exc> = -.32381921D+03, Pts/Atom = 10862
 HiCu.GridGen         :: Tau = 0.10D-05, <Rho> = 0.18000000D+03, <Exc> = -.32382030D+03, Pts/Atom = 20076
 HiCu.GridGen         :: Tau = 0.10D-06, <Rho> = 0.17999999D+03, <Exc> = -.32382045D+03, Pts/Atom = 37927
 HiCu.GridGen         :: TauRel = 0.10D-06, RhoErr = 0.28D-07, <Exc> = -.32382045D+03
 HiCu.GridGen         :: WALL (Sec) = 0.74D+04
 HiCu.MakeKxc         :: WALL (Sec) = 0.42D+04
 HiCu                 :: Kxc[1] CheckSum  = 0.3482625060134803D+02
 HiCu                 :: WALL (Sec) = 0.12D+05
 HiCu                 :: Allocs=479438,  DeAllocs=195104, 170087024 bytes are presently allocated.
                         A max of 183115192 bytes were allocated.
>-Exiting HiCu 08/13/02 @ 06:34:52-<
<<Entering FockNGrueven 08/13/02 @ 06:34:52>>
 FockNGrueven         :: F[1] CheckSum  = 0.1050649854540268D+03
 FockNGrueven         :: OrthoF[1] CheckSum  = 0.9483601184446937D+02
 FockNGrueven         :: CPU (Sec,MFLOPS) = (0.42D+01, 690),
                         WALL(Sec,MFLOPS) = (0.63D+01, 461)
 FockNGrueven         :: Allocs=37,  DeAllocs=33, 6509044 bytes are presently allocated.
                         A max of 25603008 bytes were allocated.
>-Exiting FockNGrueven 08/13/02 @ 06:34:59-<
<<Entering DIIS 08/13/02 @ 06:34:59>>
 DIIS : Damping       :: Co = 0.80D+00, 0.20D+00
 DIIS                 :: F_DIIS[1] CheckSum  = 0.9483602500357092D+02
 DIIS                 :: CPU (Sec,MFLOPS) = (0.41D+01, 705),
                         WALL(Sec,MFLOPS) = (0.62D+01, 470)
 DIIS                 :: Allocs=34,  DeAllocs=30, 144 bytes are presently allocated.
                         A max of 26066148 bytes were allocated.
>-Exiting DIIS 08/13/02 @ 06:35:05-<
<<Entering RHEqs 08/13/02 @ 06:35:05>>
 RHEqs                :: HOMO = -.20231533D+00, LUMO = -.13412412D+00
 RHEqs                :: OrthoP[2] CheckSum  = 0.1341640786499854D+02
 RHEqs                :: P[2] CheckSum  = 0.1009923692883527D+02
 RHEqs                :: CPU (Sec,MFLOPS) = (0.41D+02, 71),
                         WALL(Sec,MFLOPS) = (0.44D+02, 66)
 RHEqs                :: Allocs=31,  DeAllocs=29, 12960000 bytes are presently allocated.
                         A max of 32487912 bytes were allocated.
>-Exiting RHEqs 08/13/02 @ 06:35:49-<
<<Entering SCFStatus 08/13/02 @ 06:35:49>>
 
= = = = = SCFCycle #1, Basis #1, Geometry #1 = = = = =

       Gap     = 0.68D-01
       DIISErr = 0.34D-06
       MaxDelD = 0.28D-04
       <T>     = 0.22653252D+04
       <V>     = -.42250681D+04
       <DFT>   = -.32382045D+03
       <SCF>   = -2283.56329739

 SCFStatus            :: CPU (Sec,MFLOPS) = (0.34D+00, 18),
                         WALL(Sec,MFLOPS) = (0.34D+00, 18)
 SCFStatus            :: Allocs=16,  DeAllocs=16, 0 bytes are presently allocated.
                         A max of 19527900 bytes were allocated.
>-Exiting SCFStatus 08/13/02 @ 06:35:50-<
 Normal SCF convergence.
 Convergence statistics for RPBEx/PBEc/6-31Gss:
========================================================================
SCF    Ink       Total             Delta       Max         DIIS   
Cycle  Fok       Energy            E_Tot       Delta P     Error  
  0,    F,           0.00000000, 0.0000D+00, 0.0000D+00, 0.0000D+00, 
  1,    F,       -2283.56329739, 0.5278D-10, 0.1007D-04, 0.0000D+00, 
========================================================================
>-Succesfull MondoSCF run 08/13/02 @ 06:35:50-<
